 
     Two-Electron DVR    
 ------------------------
 x0     =      15.00000000
 m      =       1.00000000
 Z      =       1.00000000
 n      =              128
 dx     =       0.23622047
 
Soft-Coulomb Parameters:
 alpha  =       1.00000000
 beta   =       0.10000000
 
 
                       Hartree-Fock                      
 --------------------------------------------------------
 no. of orbitals        =              128
 no. of electrons       =                2
 scf_damping_switch     =        T
 scf_diis_switch        =        F
 damping_factor         =   0.50000000
 e_tolerance            = 0.0000000000100000
 maximum scf-iterations =              200
 
 
                       SCF iterations                      
 ----------------------------------------------------------
    S.No    Energy (hartree)        dE (hartree)
 ----------------------------------------------------------
       0     -1.339554276422
       1     -0.089567391152      1.249986885270
       2     -0.207615678492      0.118048287341
       3     -0.300074606130      0.092458927637
       4     -0.348575580206      0.048500974076
       5     -0.377533273735      0.028957693529
       6     -0.393579165066      0.016045891332
       7     -0.402066055441      0.008486890375
       8     -0.406439816576      0.004373761135
       9     -0.408662476377      0.002222659801
      10     -0.409783490806      0.001121014429
      11     -0.410346600683      0.000563109876
      12     -0.410628852436      0.000282251754
      13     -0.410770164773      0.000141312336
      14     -0.410840870941      0.000070706168
      15     -0.410876237497      0.000035366557
      16     -0.410893924433      0.000017686936
      17     -0.410902768905      0.000008844472
      18     -0.410907191420      0.000004422515
      19     -0.410909402756      0.000002211336
      20     -0.410910508447      0.000001105691
      21     -0.410911061299      0.000000552852
      22     -0.410911337727      0.000000276428
      23     -0.410911475942      0.000000138215
      24     -0.410911545050      0.000000069108
      25     -0.410911579603      0.000000034554
      26     -0.410911596880      0.000000017277
      27     -0.410911605519      0.000000008638
      28     -0.410911609838      0.000000004319
      29     -0.410911611998      0.000000002160
      30     -0.410911613078      0.000000001080
      31     -0.410911613617      0.000000000540
      32     -0.410911613887      0.000000000270
      33     -0.410911614022      0.000000000135
      34     -0.410911614090      0.000000000067
      35     -0.410911614124      0.000000000034
      36     -0.410911614140      0.000000000017
      37     -0.410911614149      0.000000000008
 ----------------------------------------------------------
  
 
 
 ---------------------------------------
     Molecular Orbital Energies (Eh)    
 ---------------------------------------
       1      0.08078822
       2      0.19962752
       3      0.21566550
       4      0.32224432
       5      0.34757368
       6      0.46071829
       7      0.50613733
       8      0.62548132
       9      0.69869685
      10      0.82651551
      11      0.92830601
      12      1.06842999
      13      1.19671332
      14      1.35240341
      15      1.50510405
      16      1.67851006
      17      1.85426514
      18      2.04671956
      19      2.24472208
      20      2.45703413
      21      2.67682568
      22      2.90949220
      23      3.15081538
      24      3.40414571
      25      3.66685845
      26      3.94104963
      27      4.22507532
      28      4.52025567
      29      4.82555515
      30      5.14181046
      31      5.46836583
      32      5.80575494
      33      6.15356032
      34      6.51212475
      35      6.88118085
      36      7.26095074
      37      7.65126179
      38      8.05225964
      39      8.46383154
      40      8.88607464
      41      9.31891396
      42      9.76241593
      43     10.21652931
      44     10.68130117
      45     11.15669501
      46     11.64274586
      47     12.13942617
      48     12.64676367
      49     13.16473603
      50     13.69336674
      51     14.23263627
      52     14.78256588
      53     15.34313724
      54     15.91437077
      55     16.49624824
      56     17.08879015
      57     17.69197759
      58     18.30583187
      59     18.93033286
      60     19.56550312
      61     20.21132089
      62     20.86781042
      63     21.53494798
      64     22.21275981
      65     22.90121986
      66     23.60035674
      67     24.31014186
      68     25.03060639
      69     25.76171888
      70     26.50351343
      71     27.25595552
      72     28.01908237
      73     28.79285602
      74     29.57731717
      75     30.37242440
      76     31.17822186
      77     31.99466435
      78     32.82179979
      79     33.65957943
      80     34.50805463
      81     35.36717291
      82     36.23698904
      83     37.11744796
      84     38.00860648
      85     38.91040745
      86     39.82290873
      87     40.74605430
      88     41.67989919
      89     42.62439102
      90     43.57957824
      91     44.54542042
      92     45.52194940
      93     46.50914475
      94     47.50701059
      95     48.51556707
      96     49.53476573
      97     50.56468965
      98     51.60520796
      99     52.65651668
     100     53.71834188
     101     54.79105131
     102     55.87415107
     103     56.96830091
     104     58.07264103
     105     59.18827178
     106     60.31377576
     107     61.45097884
     108     62.59756152
     109     63.75643666
     110     64.92392376
     111     66.10467391
     112     67.29287075
     113     68.49571887
     114     69.70426719
     115     70.92959963
     116     72.15814722
     117     73.40631523
     118     74.65440715
     119     75.92563901
     120     77.19332241
     121     78.48696178
     122     79.77617756
     123     81.08719352
     124     82.40528067
     125     83.71993839
     126     85.10758337
     127     86.35383145
     128     87.92405486
 ---------------------------------------
 
SCF converged! Final Ground-State Energy (Eh):              -0.4109116141489088
