 
     Two-Electron DVR    
 ------------------------
 x0     =      15.00000000
 m      =       1.00000000
 Z      =       3.00000000
 n      =              512
 dx     =       0.05870841
 
Soft-Coulomb Parameters:
 alpha  =       0.01000000
 beta   =       0.01000000
 
 
                       Hartree-Fock                      
 --------------------------------------------------------
 no. of orbitals        =              512
 no. of electrons       =                2
 scf_damping_switch     =        F
 scf_diis_switch        =        F
 damping_factor         =   0.00000000
 e_tolerance            = 0.0000000000100000
 maximum scf-iterations =              200
 
 
                       SCF iterations                      
 ----------------------------------------------------------
    S.No    Energy (hartree)        dE (hartree)
 ----------------------------------------------------------
       0    -31.412022573381
       1    -25.928755565362      5.483267008018
       2    -26.054824515287      0.126068949924
       3    -26.055203164316      0.000378649029
       4    -26.055204868704      0.000001704387
       5    -26.055204878805      0.000000010102
       6    -26.055204878871      0.000000000066
       7    -26.055204878872      0.000000000000
 ----------------------------------------------------------
  
 
 
 ---------------------------------------
     Molecular Orbital Energies (Eh)    
 ---------------------------------------
       1    -10.41707312
       2     -0.41691082
       3     -0.27161710
       4     -0.11470894
       5     -0.08664520
       6     -0.01958737
       7      0.01159089
       8      0.11104233
       9      0.15740226
      10      0.29155114
      11      0.35292919
      12      0.51901311
      13      0.59593626
      14      0.79203995
      15      0.88536520
      16      1.10993118
      17      1.22061861
      18      1.47230630
      19      1.60130707
      20      1.87894812
      21      2.02714944
      22      2.32972795
      23      2.49792782
      24      2.82456653
      25      3.01346499
      26      3.36341241
      27      3.57361211
      28      3.94622963
      29      4.17824150
      30      4.57299058
      31      4.82724214
      32      5.24367206
      33      5.52051665
      34      5.95825304
      35      6.25797922
      36      6.71671356
      37      7.03955401
      38      7.51903427
      39      7.86517384
      40      8.36519628
      41      8.73477925
      42      9.25518116
      43      9.64831754
      44     10.18897110
      45     10.60574205
      46     11.16654893
      47     11.60701152
      48     12.18789834
      49     12.65208941
      50     13.25300382
      51     13.74094346
      52     14.36185082
      53     14.87354517
      54     15.51442571
      55     16.04986939
      56     16.71071579
      57     17.26989393
      58     17.95070928
      59     18.53359924
      60     19.23439529
      61     19.84096810
      62     20.56176374
      63     21.19198537
      64     21.93280538
      65     22.58663771
      66     23.34751168
      67     24.02491343
      68     24.80587483
      69     25.50680225
      70     26.30788761
      71     27.03229516
      72     27.85354345
      73     28.60138427
      74     29.44283628
      75     30.21406268
      76     31.07576056
      77     31.87032435
      78     32.75231119
      79     33.57016404
      80     34.47248349
      81     35.31357717
      82     36.23627317
      83     37.10055976
      84     38.04367629
      85     38.93110839
      86     39.89468921
      87     40.80522007
      88     41.78930861
      89     42.72289227
      90     43.72753141
      91     44.68412279
      92     45.70935479
      93     46.68890977
      94     47.73477615
      95     48.73725163
      96     49.80379308
      97     50.82914706
      98     51.91640337
      99     52.96459494
     100     54.07260498
     101     55.14359438
     102     56.27239600
     103     57.36614463
     104     58.51577472
     105     59.63224512
     106     60.80273947
     107     61.94189539
     108     63.13328882
     109     64.29509511
     110     65.50742132
     111     66.69184405
     112     67.92513573
     113     69.13214207
     114     70.38643084
     115     71.61598911
     116     72.89130556
     117     74.14338517
     118     75.43975885
     119     76.71433032
     120     78.03178979
     121     79.32882466
     122     80.66739745
     123     81.98686836
     124     83.34658107
     125     84.68846162
     126     86.06933983
     127     87.43360467
     128     88.83567308
     129     90.22229776
     130     91.64558011
     131     93.05454118
     132     94.49906038
     133     95.93033522
     134     97.39611324
     135     98.84968021
     136    100.33673825
     137    101.81257647
     138    103.32093484
     139    104.81902434
     140    106.34870265
     141    107.86902417
     142    109.42004115
     143    110.96257631
     144    112.53495007
     145    114.09968114
     146    115.69342893
     147    117.28033900
     148    118.89547751
     149    120.50455026
     150    122.14109539
     151    123.77231528
     152    125.43028239
     153    127.08363444
     154    128.76303814
     155    130.43850809
     156    132.13936251
     157    133.83693660
     158    135.55925515
     159    137.27892031
     160    139.02271597
     161    140.76445959
     162    142.52974467
     163    144.29355478
     164    146.08034120
     165    147.86620624
     166    149.67450525
     167    151.48241430
     168    153.31223683
     169    155.14217929
     170    156.99353565
     171    158.84550156
     172    160.71840175
     173    162.59238143
     174    164.48683485
     175    166.38281922
     176    168.29883502
     177    170.21681524
     178    172.15440201
     179    174.09436981
     180    176.05353590
     181    178.01548323
     182    179.99623644
     183    181.98015581
     184    183.98250376
     185    185.98838784
     186    188.01233761
     187    190.04017960
     188    192.08573814
     189    194.13553139
     190    196.20270510
     191    198.27444348
     192    200.36323868
     193    202.45691615
     194    204.56733861
     195    206.68294967
     196    208.81500513
     197    210.95254430
     198    213.10623794
     199    215.26570031
     200    217.44103731
     201    219.62241795
     202    221.81940294
     203    224.02269747
     204    226.24133514
     205    228.46653912
     206    230.70683359
     207    232.95394315
     208    235.21589861
     209    237.48490979
     210    239.76852988
     211    242.05943929
     212    244.36472775
     213    246.67753187
     214    249.00449188
     215    251.33918777
     216    253.68782266
     217    256.04440722
     218    258.41471972
     219    260.79319043
     220    263.18518348
     221    265.58553762
     222    267.99921353
     223    270.42144903
     224    272.85681036
     225    275.30092485
     226    277.75797352
     227    280.22396531
     228    282.70270352
     229    285.19057061
     230    287.69099989
     231    290.20074098
     232    292.72286317
     233    295.25447660
     234    297.79829287
     235    300.35177770
     236    302.91728956
     237    305.49264447
     238    308.07985270
     239    310.67707712
     240    313.28598294
     241    315.90507585
     242    318.53567965
     243    321.17664086
     244    323.82894355
     245    326.49177235
     246    329.16577396
     247    331.85047053
     248    334.54617165
     249    337.25273558
     250    339.97013590
     251    342.69856772
     252    345.43766751
     253    348.18796713
     254    350.94876570
     255    353.72093403
     256    356.50343134
     257    359.29746859
     258    362.10166359
     259    364.91757105
     260    367.74346339
     261    370.58124157
     262    373.42882979
     263    376.28848038
     264    379.15776383
     265    382.03928767
     266    384.93026449
     267    387.83366366
     268    390.74633286
     269    393.67160852
     270    396.60596783
     271    399.55312250
     272    402.50917060
     273    405.47820577
     274    408.45593994
     275    411.44685857
     276    414.44627715
     277    417.45908110
     278    420.48018088
     279    423.51487358
     280    426.55765256
     281    429.61423621
     282    432.67869069
     283    435.75716925
     284    438.84329681
     285    441.94367289
     286    445.05146930
     287    448.17374738
     288    451.30320983
     289    454.44739293
     290    457.59851663
     291    460.76460980
     292    463.93739149
     293    467.12539821
     294    470.31983247
     295    473.52975843
     296    476.74584153
     297    479.97769067
     298    483.21541654
     299    486.46919523
     300    489.72855964
     301    493.00427234
     302    496.28526848
     303    499.58292229
     304    502.88554539
     305    506.20514533
     306    509.52938780
     307    512.87094176
     308    516.21679822
     309    519.58031185
     310    522.94777386
     311    526.33325591
     312    529.72231746
     313    533.12977423
     314    536.54042592
     315    539.96986714
     316    543.40210225
     317    546.85353492
     318    550.30734306
     319    553.78077796
     320    557.25615161
     321    560.75159653
     322    564.24852418
     323    567.76599105
     324    571.28446434
     325    574.82396182
     326    578.36396799
     327    581.92550927
     328    585.48703904
     329    589.07063372
     330    592.65367298
     331    596.25933563
     332    599.86387408
     333    603.49161536
     334    607.11763738
     335    610.76747339
     336    614.41496757
     337    618.08691009
     338    621.75585916
     339    625.44992601
     340    629.14031731
     341    632.85652153
     342    636.56833598
     343    640.30669723
     344    644.03992081
     345    647.80045353
     346    651.55506514
     347    655.33779106
     348    659.11377520
     349    662.91871027
     350    666.71604359
     351    670.54321184
     352    674.36187719
     353    678.21129626
     354    682.05126783
     355    685.92296426
     356    689.78422307
     357    693.67821637
     358    697.56073389
     359    701.47705340
     360    705.38080862
     361    709.31947590
     362    713.24443727
     363    717.20548477
     364    721.15162906
     365    725.13508061
     366    729.10237289
     367    733.10826438
     368    737.09667898
     369    741.12503675
     370    745.13453501
     371    749.18539876
     372    753.21595230
     373    757.28935114
     374    761.34091715
     375    765.43689504
     376    769.50944214
     377    773.62803124
     378    777.72151204
     379    781.86276100
     380    785.97714082
     381    790.14108518
     382    794.27631150
     383    798.46300516
     384    802.61903965
     385    806.82852186
     386    811.00530635
     387    815.23763681
     388    819.43512895
     389    823.69035101
     390    827.90848632
     391    832.18666613
     392    836.42539785
     393    840.72658328
     394    844.98583993
     395    849.31010428
     396    853.58983425
     397    857.93723033
     398    862.23735437
     399    866.60796343
     400    870.92842464
     401    875.32230489
     402    879.66301539
     403    884.08025689
     404    888.44115402
     405    892.88182085
     406    897.26280721
     407    901.72699916
     408    906.12800581
     409    910.61579335
     410    915.03671235
     411    919.54820601
     412    923.98896170
     413    928.52423878
     414    932.98471163
     415    937.54389449
     416    942.02400164
     417    946.60717486
     418    951.10678408
     419    955.71408294
     420    960.23310382
     421    964.86462055
     422    969.40290698
     423    974.05879092
     424    978.61624470
     425    983.29659594
     426    987.87305599
     427    992.57803902
     428    997.17339927
     429   1001.90312203
     430   1006.51720538
     431   1011.27184851
     432   1015.90454137
     433   1020.68422024
     434   1025.33532860
     435   1030.14024080
     436   1034.80964435
     437   1039.63991175
     438   1044.32739904
     439   1049.18323655
     440   1053.88868210
     441   1058.77021637
     442   1063.49339130
     443   1068.40085434
     444   1073.14163061
     445   1078.07515092
     446   1082.83328304
     447   1087.79310861
     448   1092.56847016
     449   1097.55472681
     450   1102.34705769
     451   1107.36000689
     452   1112.16918860
     453   1117.20894663
     454   1122.03470814
     455   1127.10154572
     456   1131.94378558
     457   1137.03779954
     458   1141.89624165
     459   1147.01770527
     460   1151.89227816
     461   1157.04125500
     462   1161.93168604
     463   1167.10844239
     464   1172.01470762
     465   1177.21925509
     466   1182.14109672
     467   1187.37368217
     468   1192.31114666
     469   1197.57170569
     470   1202.52456355
     471   1207.81330919
     472   1212.78170543
     473   1218.09846825
     474   1223.08221466
     475   1228.42716078
     476   1233.42653234
     477   1238.79935600
     478   1243.81421184
     479   1249.21502796
     480   1254.24580271
     481   1259.67414209
     482   1264.72072800
     483   1270.17667446
     484   1275.23968300
     485   1280.72259378
     486   1285.80189063
     487   1291.31189156
     488   1296.40825224
     489   1301.94455466
     490   1307.05766789
     491   1312.62061668
     492   1317.75135486
     493   1323.34010942
     494   1328.48766165
     495   1334.10315859
     496   1339.26835034
     497   1344.90988547
     498   1350.09074591
     499   1355.76060725
     500   1360.95770710
     501   1366.65561112
     502   1371.86438063
     503   1377.59565443
     504   1382.81635351
     505   1388.58135536
     506   1393.80283191
     507   1399.61487225
     508   1404.83932006
     509   1410.69744621
     510   1415.88746690
     511   1421.83906782
     512   1427.11463857
 ---------------------------------------
 
SCF converged! Final Ground-State Energy (Eh):             -26.0552048788715709
