 
     Two-Electron DVR    
 ------------------------
 x0     =      15.00000000
 m      =       1.00000000
 Z      =       6.00000000
 n      =               64
 dx     =       0.47619048
 
Soft-Coulomb Parameters:
 alpha  =       1.00000000
 beta   =       0.10000000
 
 
                       Hartree-Fock                      
 --------------------------------------------------------
 no. of orbitals        =               64
 no. of electrons       =                2
 scf_damping_switch     =        F
 scf_diis_switch        =        F
 damping_factor         =   0.00000000
 e_tolerance            = 0.0000000000100000
 maximum scf-iterations =              200
 
 
                       SCF iterations                      
 ----------------------------------------------------------
    S.No    Energy (hartree)        dE (hartree)
 ----------------------------------------------------------
       0     -9.987908947919
       1     -8.190031564914      1.797877383004
       2     -8.268522814599      0.078491249684
       3     -8.269505187086      0.000982372488
       4     -8.269520401650      0.000015214564
       5     -8.269520726687      0.000000325037
       6     -8.269520734649      0.000000007963
       7     -8.269520734854      0.000000000204
       8     -8.269520734859      0.000000000005
 ----------------------------------------------------------
  
 
 
 ---------------------------------------
     Molecular Orbital Energies (Eh)    
 ---------------------------------------
       1     -3.31731112
       2     -1.53302390
       3     -1.07932631
       4     -0.78680099
       5     -0.59722812
       6     -0.46561121
       7     -0.37241710
       8     -0.29808690
       9     -0.22725049
      10     -0.14640375
      11     -0.05293838
      12      0.05460177
      13      0.17405671
      14      0.30646083
      15      0.44992426
      16      0.60561054
      17      0.77196494
      18      0.95003616
      19      1.13863147
      20      1.33853949
      21      1.54896212
      22      1.77034307
      23      2.00232668
      24      2.24493424
      25      2.49829626
      26      2.76194123
      27      3.03657616
      28      3.32111783
      29      3.61695958
      30      3.92225855
      31      4.23930639
      32      4.56524191
      33      4.90351951
      34      5.24993135
      35      5.60954073
      36      5.97627181
      37      6.35733306
      38      6.74414801
      39      7.14688387
      40      7.55355449
      41      7.97818247
      42      8.40437975
      43      8.85122638
      44      9.29669773
      45      9.76597972
      46     10.23040187
      47     10.72240758
      48     11.20571986
      49     11.72041133
      50     12.22237715
      51     12.76009852
      52     13.28062625
      53     13.84175748
      54     14.37852184
      55     14.96723445
      56     15.51515311
      57     16.13958916
      58     16.68016825
      59     17.36846472
      60     17.87574706
      61     18.66555662
      62     19.08029998
      63     20.09415859
      64     20.46341882
 ---------------------------------------
 
SCF converged! Final Ground-State Energy (Eh):              -8.2695207348589008
