 -3.122483945529196E-007
  4.076421180427342E-007
 -4.919651980271034E-007
  1.073950104696676E-006
 -1.005358460388743E-006
  1.789945604975408E-006
 -2.260078723972798E-005
 -2.839013667028784E-005
  2.087353455318194E-004
  1.049547825765663E-004
  2.094115679840879E-005
  6.466199345745176E-006
  1.031289684167866E-007
  7.996328489206031E-007
 -3.916270622536448E-007
  4.056027446734192E-007
  4.076421180427341E-007
 -4.357203998100058E-007
  5.644974015581707E-007
 -1.284467231496114E-006
  1.915598099126697E-006
  3.852247451211095E-006
  7.320759068350400E-005
  2.180879393769130E-004
 -2.563063602400193E-005
 -4.396355262974012E-005
 -9.733456000593269E-006
 -4.474654728878137E-006
  9.467697238648661E-008
 -7.374641572178166E-007
  3.828538211063144E-007
 -3.916270622536439E-007
 -4.919651980271022E-007
  5.644974015581695E-007
 -4.365772254137265E-007
  1.908375094424320E-006
  3.641756221695121E-006
  3.551039095577863E-005
  1.749385232674056E-004
  6.285991877580553E-004
  1.043699921531041E-003
  4.134326259787408E-004
  8.235361723080858E-005
  2.088792477552641E-005
  1.451272187186785E-006
  1.875012393463326E-006
 -7.374641572178206E-007
  7.996328489206054E-007
  1.073950104696687E-006
 -1.284467231496127E-006
  1.908375094424341E-006
 -2.673251771843696E-006
  1.318508001454142E-005
  8.718370763117999E-005
  8.322817909752039E-004
  3.034124854883529E-003
  2.919743310456261E-003
  9.774339767806279E-004
  1.946262226594618E-004
  3.864068410854191E-005
  5.633387209330980E-006
  1.451272187186802E-006
  9.467697238648099E-008
  1.031289684167949E-007
 -1.005358460388714E-006
  1.915598099126661E-006
  3.641756221695162E-006
  1.318508001454131E-005
  5.933617573523744E-005
  3.985621126649816E-004
  3.089887686270184E-003
  1.190014961564861E-002
  1.509799675487121E-002
  5.804650943969827E-003
  1.253598198037339E-003
  3.018948293698745E-004
  3.864068410854191E-005
  2.088792477552641E-005
 -4.474654728878148E-006
  6.466199345745187E-006
  1.789945604975437E-006
  3.852247451211054E-006
  3.551039095577865E-005
  8.718370763117995E-005
  3.985621126649815E-004
  1.340575549712977E-003
  1.028749269605254E-002
  4.409474799561224E-002
  5.548822697336632E-002
  2.195927782075917E-002
  5.074996018051987E-003
  1.253598198037339E-003
  1.946262226594616E-004
  8.235361723080874E-005
 -9.733456000593393E-006
  2.094115679840894E-005
 -2.260078723972801E-005
  7.320759068350403E-005
  1.749385232674055E-004
  8.322817909752024E-004
  3.089887686270176E-003
  1.028749269605254E-002
  3.979788671261070E-002
  0.147110809858122     
  0.204666055691260     
  8.765464599439246E-002
  2.195927782075916E-002
  5.804650943969831E-003
  9.774339767806258E-004
  4.134326259787416E-004
 -4.396355262974086E-005
  1.049547825765672E-004
 -2.839013667028774E-005
  2.180879393769130E-004
  6.285991877580551E-004
  3.034124854883521E-003
  1.190014961564858E-002
  4.409474799561219E-002
  0.147110809858122     
  0.370003002464932     
  0.463302442020998     
  0.204666055691260     
  5.548822697336631E-002
  1.509799675487123E-002
  2.919743310456259E-003
  1.043699921531043E-003
 -2.563063602400347E-005
  2.087353455318215E-004
  2.087353455318197E-004
 -2.563063602400219E-005
  1.043699921531041E-003
  2.919743310456255E-003
  1.509799675487120E-002
  5.548822697336629E-002
  0.204666055691260     
  0.463302442020998     
  0.370003002464933     
  0.147110809858123     
  4.409474799561230E-002
  1.190014961564864E-002
  3.034124854883532E-003
  6.285991877580598E-004
  2.180879393769119E-004
 -2.839013667028575E-005
  1.049547825765664E-004
 -4.396355262974025E-005
  4.134326259787407E-004
  9.774339767806260E-004
  5.804650943969824E-003
  2.195927782075915E-002
  8.765464599439243E-002
  0.204666055691260     
  0.147110809858123     
  3.979788671261086E-002
  1.028749269605256E-002
  3.089887686270198E-003
  8.322817909752058E-004
  1.749385232674075E-004
  7.320759068350334E-005
 -2.260078723972709E-005
  2.094115679840877E-005
 -9.733456000593259E-006
  8.235361723080851E-005
  1.946262226594616E-004
  1.253598198037337E-003
  5.074996018051982E-003
  2.195927782075916E-002
  5.548822697336631E-002
  4.409474799561230E-002
  1.028749269605256E-002
  1.340575549712981E-003
  3.985621126649838E-004
  8.718370763117998E-005
  3.551039095577896E-005
  3.852247451210900E-006
  1.789945604975621E-006
  6.466199345745150E-006
 -4.474654728878115E-006
  2.088792477552637E-005
  3.864068410854195E-005
  3.018948293698742E-004
  1.253598198037339E-003
  5.804650943969827E-003
  1.509799675487122E-002
  1.190014961564864E-002
  3.089887686270195E-003
  3.985621126649834E-004
  5.933617573523791E-005
  1.318508001454136E-005
  3.641756221695253E-006
  1.915598099126631E-006
 -1.005358460388672E-006
  1.031289684167828E-007
  9.467697238648978E-008
  1.451272187186775E-006
  5.633387209330963E-006
  3.864068410854186E-005
  1.946262226594616E-004
  9.774339767806256E-004
  2.919743310456256E-003
  3.034124854883532E-003
  8.322817909752055E-004
  8.718370763118001E-005
  1.318508001454139E-005
 -2.673251771843747E-006
  1.908375094424346E-006
 -1.284467231496138E-006
  1.073950104696697E-006
  7.996328489206040E-007
 -7.374641572178172E-007
  1.875012393463331E-006
  1.451272187186810E-006
  2.088792477552643E-005
  8.235361723080876E-005
  4.134326259787418E-004
  1.043699921531044E-003
  6.285991877580603E-004
  1.749385232674075E-004
  3.551039095577896E-005
  3.641756221695228E-006
  1.908375094424343E-006
 -4.365772254137140E-007
  5.644974015581658E-007
 -4.919651980270979E-007
 -3.916270622536450E-007
  3.828538211063143E-007
 -7.374641572178221E-007
  9.467697238647109E-008
 -4.474654728878166E-006
 -9.733456000593422E-006
 -4.396355262974089E-005
 -2.563063602400367E-005
  2.180879393769117E-004
  7.320759068350335E-005
  3.852247451210915E-006
  1.915598099126647E-006
 -1.284467231496135E-006
  5.644974015581656E-007
 -4.357203998100065E-007
  4.076421180427336E-007
  4.056027446734192E-007
 -3.916270622536439E-007
  7.996328489206074E-007
  1.031289684168022E-007
  6.466199345745205E-006
  2.094115679840895E-005
  1.049547825765672E-004
  2.087353455318216E-004
 -2.839013667028555E-005
 -2.260078723972706E-005
  1.789945604975610E-006
 -1.005358460388686E-006
  1.073950104696693E-006
 -4.919651980270974E-007
  4.076421180427338E-007
 -3.122483945529189E-007
