 
     Two-Electron DVR    
 ------------------------
 x0     =      15.00000000
 m      =       1.00000000
 Z      =       3.00000000
 n      =               32
 dx     =       0.96774194
 
Soft-Coulomb Parameters:
 alpha  =       0.10000000
 beta   =       0.01000000
 
 
                       Hartree-Fock                      
 --------------------------------------------------------
 no. of orbitals        =               32
 no. of electrons       =                2
 scf_damping_switch     =        F
 scf_diis_switch        =        F
 damping_factor         =   0.00000000
 e_tolerance            = 0.0000000000100000
 maximum scf-iterations =              200
 
 
                       SCF iterations                      
 ----------------------------------------------------------
    S.No    Energy (hartree)        dE (hartree)
 ----------------------------------------------------------
       0     -9.303738230723
       1     -4.108045043370      5.195693187353
       2     -2.231820340013      1.876224703357
       3     -4.161313895765      1.929493555752
       4     -2.408633588062      1.752680307703
       5     -4.178804821423      1.770171233361
       6     -2.454879774148      1.723925047275
       7     -4.183693365393      1.728813591246
       8     -2.467940419219      1.715752946174
       9     -4.185090646041      1.717150226821
      10     -2.471690914670      1.713399731371
      11     -4.185493172844      1.713802258174
      12     -2.472772875220      1.712720297624
      13     -4.185609401349      1.712836526130
      14     -2.473085416377      1.712523984973
      15     -4.185642984566      1.712557568190
      16     -2.473175733134      1.712467251433
      17     -4.185652690030      1.712476956897
      18     -2.473201835340      1.712450854690
      19     -4.185655495042      1.712453659702
      20     -2.473209379309      1.712446115733
      21     -4.185656305742      1.712446926433
      22     -2.473211559661      1.712444746081
      23     -4.185656540050      1.712444980389
      24     -2.473212189826      1.712444350224
      25     -4.185656607770      1.712444417944
      26     -2.473212371956      1.712444235814
      27     -4.185656627341      1.712444255385
      28     -2.473212424587      1.712444202754
      29     -4.185656632985      1.712444208398
      30     -2.473212439642      1.712444193343
      31     -4.185656634360      1.712444194719
      32     -2.473212440983      1.712444193377
      33     -4.185656629859      1.712444188876
      34     -2.473212383646      1.712444246213
      35     -4.185656534588      1.712444150942
      36     -2.473211259834      1.712445274754
      37     -4.185654704591      1.712443444757
      38     -2.473189697507      1.712465007084
      39     -4.185619602966      1.712429905458
      40     -2.472776375387      1.712843227579
      41     -4.184946590664      1.712170215277
      42     -2.464947558990      1.719999031674
      43     -4.172139756980      1.707192197990
      44     -2.345170205661      1.826969551318
      45     -3.957629014937      1.612458809275
      46     -2.242108157049      1.715520857888
      47     -2.396995783939      0.154887626890
      48     -1.988825031273      0.408170752667
      49     -0.708851234755      1.279973796518
      50     -0.578671676488      0.130179558267
      51     -0.460940571600      0.117731104888
      52     -0.443652414431      0.017288157169
      53     -0.436618955605      0.007033458826
      54     -0.435133158391      0.001485797215
      55     -0.434674694774      0.000458463617
      56     -0.434562552513      0.000112142261
      57     -0.434531072722      0.000031479791
      58     -0.434522942066      0.000008130657
      59     -0.434520734853      0.000002207213
      60     -0.434520153362      0.000000581491
      61     -0.434519997389      0.000000155973
      62     -0.434519956003      0.000000041387
      63     -0.434519944949      0.000000011053
      64     -0.434519942009      0.000000002941
      65     -0.434519941225      0.000000000784
      66     -0.434519941016      0.000000000209
      67     -0.434519940960      0.000000000056
      68     -0.434519940945      0.000000000015
      69     -0.434519940941      0.000000000004
 ----------------------------------------------------------
  
 
 
 ---------------------------------------
     Molecular Orbital Energies (Eh)    
 ---------------------------------------
       1     -1.96783164
       2     -0.29645388
       3     -0.09783334
       4     -0.08495408
       5     -0.00729024
       6     -0.00239779
       7      0.10964444
       8      0.13495859
       9      0.27223329
      10      0.31990035
      11      0.47869175
      12      0.54932674
      13      0.72782399
      14      0.82252054
      15      1.01830682
      16      1.13811321
      17      1.34856547
      18      1.49701524
      19      1.71532645
      20      1.89774672
      21      2.11384170
      22      2.34313454
      23      2.53672758
      24      2.83070447
      25      2.98215941
      26      3.36788122
      27      3.46513924
      28      3.94806822
      29      4.00699850
      30      4.59037812
      31      4.67184431
      32      6.37915535
 ---------------------------------------
 
SCF converged! Final Ground-State Energy (Eh):              -0.4345199409414096
