 
     Two-Electron DVR    
 ------------------------
 x0     =      15.00000000
 m      =       1.00000000
 Z      =       6.00000000
 n      =             1024
 dx     =       0.02932551
 
Soft-Coulomb Parameters:
 alpha  =       1.00000000
 beta   =       0.01000000
 
 
                       Hartree-Fock                      
 --------------------------------------------------------
 no. of orbitals        =             1024
 no. of electrons       =                2
 scf_damping_switch     =        F
 scf_diis_switch        =        F
 damping_factor         =   0.00000000
 e_tolerance            = 0.0000000000100000
 maximum scf-iterations =              200
 
 
                       SCF iterations                      
 ----------------------------------------------------------
    S.No    Energy (hartree)        dE (hartree)
 ----------------------------------------------------------
       0     -9.988194935464
       1     -7.072449782109      2.915745153355
       2     -7.393954542775      0.321504760666
       3     -7.413455253200      0.019500710425
       4     -7.414912897727      0.001457644526
       5     -7.415020801368      0.000107903641
       6     -7.415028818832      0.000008017464
       7     -7.415029413937      0.000000595105
       8     -7.415029458121      0.000000044184
       9     -7.415029461402      0.000000003280
      10     -7.415029461645      0.000000000244
      11     -7.415029461663      0.000000000018
      12     -7.415029461665      0.000000000002
 ----------------------------------------------------------
  
 
 
 ---------------------------------------
     Molecular Orbital Energies (Eh)    
 ---------------------------------------
       1     -2.58361996
       2     -1.24972521
       3     -0.94165130
       4     -0.69107068
       5     -0.53992306
       6     -0.42253376
       7     -0.34196841
       8     -0.26641071
       9     -0.19119322
      10     -0.09810499
      11      0.00355640
      12      0.12414476
      13      0.25211483
      14      0.39772609
      15      0.55043428
      16      0.71958774
      17      0.89614830
      18      1.08804888
      19      1.28790068
      20      1.50211040
      21      1.72486218
      22      1.96114003
      23      2.20650498
      24      2.46472110
      25      2.73248492
      26      3.01257180
      27      3.30257411
      28      3.60449837
      29      3.91662001
      30      4.24036631
      31      4.57451967
      32      4.92008179
      33      5.27620326
      34      5.64357930
      35      6.02162326
      36      6.41081322
      37      6.81074738
      38      7.22175199
      39      7.64355378
      40      8.07637400
      41      8.52002790
      42      8.97466474
      43      9.44016027
      44      9.91661475
      45     10.40394500
      46     10.90221816
      47     11.41137875
      48     11.93147163
      49     12.46245995
      50     13.00437364
      51     13.55718830
      52     14.12092392
      53     14.69556441
      54     15.28112311
      55     15.87758948
      56     16.48497245
      57     17.10326514
      58     17.73247356
      59     18.37259328
      60     19.02362836
      61     19.68557597
      62     20.35843891
      63     21.04221538
      64     21.73690734
      65     22.44251370
      66     23.15903585
      67     23.88647314
      68     24.62482659
      69     25.37409585
      70     26.13428170
      71     26.90538397
      72     27.68740327
      73     28.48033955
      74     29.28419330
      75     30.09896457
      76     30.92465376
      77     31.76126095
      78     32.60878651
      79     33.46723053
      80     34.33659334
      81     35.21687506
      82     36.10807597
      83     37.01019621
      84     37.92323604
      85     38.84719559
      86     39.78207511
      87     40.72787472
      88     41.68459466
      89     42.65223505
      90     43.63079612
      91     44.62027797
      92     45.62068083
      93     46.63200479
      94     47.65425008
      95     48.68741677
      96     49.73150509
      97     50.78651510
      98     51.85244703
      99     52.92930092
     100     54.01707700
     101     55.11577530
     102     56.22539605
     103     57.34593928
     104     58.47740520
     105     59.61979384
     106     60.77310540
     107     61.93733991
     108     63.11249757
     109     64.29857838
     110     65.49558256
     111     66.70351011
     112     67.92236122
     113     69.15213590
     114     70.39283433
     115     71.64445652
     116     72.90700266
     117     74.18047272
     118     75.46486691
     119     76.76018520
     120     78.06642778
     121     79.38359463
     122     80.71168594
     123     82.05070166
     124     83.40064200
     125     84.76150690
     126     86.13329657
     127     87.51601095
     128     88.90965024
     129     90.31421436
     130     91.72970354
     131     93.15611769
     132     94.59345701
     133     96.04172143
     134     97.50091116
     135     98.97102610
     136    100.45206647
     137    101.94403217
     138    103.44692341
     139    104.96074009
     140    106.48548242
     141    108.02115030
     142    109.56774394
     143    111.12526322
     144    112.69370837
     145    114.27307926
     146    115.86337611
     147    117.46459880
     148    119.07674754
     149    120.69982221
     150    122.33382303
     151    123.97874986
     152    125.63460293
     153    127.30138208
     154    128.97908757
     155    130.66771922
     156    132.36727728
     157    134.07776158
     158    135.79917238
     159    137.53150948
     160    139.27477316
     161    141.02896321
     162    142.79407991
     163    144.57012306
     164    146.35709292
     165    148.15498930
     166    149.96381246
     167    151.78356219
     168    153.61423878
     169    155.45584200
     170    157.30837214
     171    159.17182897
     172    161.04621277
     173    162.93152333
     174    164.82776092
     175    166.73492531
     176    168.65301680
     177    170.58203515
     178    172.52198064
     179    174.47285304
     180    176.43465265
     181    178.40737920
     182    180.39103302
     183    182.38561383
     184    184.39112196
     185    186.40755713
     186    188.43491965
     187    190.47320927
     188    192.52242629
     189    194.58257044
     190    196.65364204
     191    198.73564081
     192    200.82856708
     193    202.93242056
     194    205.04720158
     195    207.17290984
     196    209.30954570
     197    211.45710882
     198    213.61559958
     199    215.78501765
     200    217.96536340
     201    220.15663648
     202    222.35883728
     203    224.57196545
     204    226.79602138
     205    229.03100471
     206    231.27691583
     207    233.53375438
     208    235.80152076
     209    238.08021461
     210    240.36983631
     211    242.67038551
     212    244.98186260
     213    247.30426721
     214    249.63759975
     215    251.98185984
     216    254.33704789
     217    256.70316350
     218    259.08020711
     219    261.46817832
     220    263.86707755
     221    266.27690439
     222    268.69765930
     223    271.12934184
     224    273.57195247
     225    276.02549076
     226    278.48995717
     227    280.96535125
     228    283.45167349
     229    285.94892342
     230    288.45710153
     231    290.97620735
     232    293.50624138
     233    296.04720315
     234    298.59909314
     235    301.16191089
     236    303.73565690
     237    306.32033068
     238    308.91593274
     239    311.52246259
     240    314.13992074
     241    316.76830670
     242    319.40762100
     243    322.05786311
     244    324.71903358
     245    327.39113188
     246    330.07415857
     247    332.76811310
     248    335.47299605
     249    338.18880684
     250    340.91554608
     251    343.65321318
     252    346.40180874
     253    349.16133218
     254    351.93178410
     255    354.71316391
     256    357.50547223
     257    360.30870845
     258    363.12287320
     259    365.94796586
     260    368.78398707
     261    371.63093620
     262    374.48881390
     263    377.35761954
     264    380.23735377
     265    383.12801594
     266    386.02960672
     267    388.94212546
     268    391.86557282
     269    394.79994815
     270    397.74525213
     271    400.70148408
     272    403.66864470
     273    406.64673331
     274    409.63575059
     275    412.63569588
     276    415.64656986
     277    418.66837185
     278    421.70110256
     279    424.74476127
     280    427.79934873
     281    430.86486420
     282    433.94130843
     283    437.02868069
     284    440.12698172
     285    443.23621078
     286    446.35636863
     287    449.48745452
     288    452.62946923
     289    455.78241197
     290    458.94628354
     291    462.12108316
     292    465.30681163
     293    468.50346814
     294    471.71105353
     295    474.92956696
     296    478.15900929
     297    481.39937967
     298    484.65067895
     299    487.91290629
     300    491.18606256
     301    494.47014689
     302    497.76516015
     303    501.07110149
     304    504.38797178
     305    507.71577013
     306    511.05449747
     307    514.40415287
     308    517.76473726
     309    521.13624973
     310    524.51869121
     311    527.91206076
     312    531.31635934
     313    534.73158599
     314    538.15774169
     315    541.59482546
     316    545.04283830
     317    548.50177921
     318    551.97164920
     319    555.45244727
     320    558.94417444
     321    562.44682968
     322    565.96041404
     323    569.48492648
     324    573.02036804
     325    576.56673769
     326    580.12403647
     327    583.69226335
     328    587.27141937
     329    590.86150349
     330    594.46251678
     331    598.07445815
     332    601.69732871
     333    605.33112736
     334    608.97585521
     335    612.63151115
     336    616.29809631
     337    619.97560956
     338    623.66405204
     339    627.36342260
     340    631.07372242
     341    634.79495032
     342    638.52710749
     343    642.27019275
     344    646.02420728
     345    649.78914991
     346    653.56502182
     347    657.35182183
     348    661.14955114
     349    664.95820854
     350    668.77779527
     351    672.60831007
     352    676.44975422
     353    680.30212645
     354    684.16542804
     355    688.03965771
     356    691.92481676
     357    695.82090388
     358    699.72792039
     359    703.64586497
     360    707.57473896
     361    711.51454102
     362    715.46527251
     363    719.42693206
     364    723.39952106
     365    727.38303812
     366    731.37748463
     367    735.38285921
     368    739.39916326
     369    743.42639536
     370    747.46455696
     371    751.51364661
     372    755.57366576
     373    759.64461297
     374    763.72648970
     375    767.81929447
     376    771.92302878
     377    776.03769114
     378    780.16328305
     379    784.29980300
     380    788.44725252
     381    792.60563007
     382    796.77493722
     383    800.95517239
     384    805.14633716
     385    809.34842997
     386    813.56145239
     387    817.78540283
     388    822.02028292
     389    826.26609102
     390    830.52282877
     391    834.79049453
     392    839.06908997
     393    843.35861341
     394    847.65906654
     395    851.97044767
     396    856.29275850
     397    860.62599733
     398    864.97016589
     399    869.32526243
     400    873.69128871
     401    878.06824298
     402    882.45612700
     403    886.85493900
     404    891.26468078
     405    895.68535053
     406    900.11695007
     407    904.55947757
     408    909.01293488
     409    913.47732016
     410    917.95263526
     411    922.43887831
     412    926.93605121
     413    931.44415205
     414    935.96318276
     415    940.49314140
     416    945.03402993
     417    949.58584638
     418    954.14859274
     419    958.72226702
     420    963.30687122
     421    967.90240334
     422    972.50886539
     423    977.12625535
     424    981.75457527
     425    986.39382308
     426    991.04400087
     427    995.70510656
     428   1000.37714223
     429   1005.06010579
     430   1009.75399937
     431   1014.45882082
     432   1019.17457230
     433   1023.90125164
     434   1028.63886105
     435   1033.38739830
     436   1038.14686563
     437   1042.91726081
     438   1047.69858608
     439   1052.49083918
     440   1057.29402240
     441   1062.10813345
     442   1066.93317463
     443   1071.76914363
     444   1076.61604278
     445   1081.47386974
     446   1086.34262688
     447   1091.22231181
     448   1096.11292694
     449   1101.01446986
     450   1105.92694299
     451   1110.85034390
     452   1115.78467505
     453   1120.72993396
     454   1125.68612313
     455   1130.65324006
     456   1135.63128727
     457   1140.62026222
     458   1145.62016748
     459   1150.63100046
     460   1155.65276377
     461   1160.68545480
     462   1165.72907618
     463   1170.78362527
     464   1175.84910473
     465   1180.92551188
     466   1186.01284942
     467   1191.11111465
     468   1196.22031030
     469   1201.34043361
     470   1206.47148736
     471   1211.61346878
     472   1216.76638065
     473   1221.93022017
     474   1227.10499017
     475   1232.29068781
     476   1237.48731595
     477   1242.69487172
     478   1247.91335801
     479   1253.14277192
     480   1258.38311637
     481   1263.63438842
     482   1268.89659105
     483   1274.16972126
     484   1279.45378207
     485   1284.74877045
     486   1290.05468945
     487   1295.37153601
     488   1300.69931322
     489   1306.03801797
     490   1311.38765339
     491   1316.74821633
     492   1322.11970998
     493   1327.50213114
     494   1332.89548302
     495   1338.29976239
     496   1343.71497252
     497   1349.14111013
     498   1354.57817851
     499   1360.02617436
     500   1365.48510101
     501   1370.95495510
     502   1376.43574003
     503   1381.92745239
     504   1387.43009560
     505   1392.94366623
     506   1398.46816775
     507   1404.00359666
     508   1409.54995648
     509   1415.10724368
     510   1420.67546182
     511   1426.25460733
     512   1431.84468380
     513   1437.44568762
     514   1443.05762243
     515   1448.68048457
     516   1454.31427773
     517   1459.95899820
     518   1465.61464972
     519   1471.28122854
     520   1476.95873844
     521   1482.64717561
     522   1488.34654388
     523   1494.05683942
     524   1499.77806609
     525   1505.51022000
     526   1511.25330507
     527   1517.00731736
     528   1522.77226085
     529   1528.54813154
     530   1534.33493346
     531   1540.13266255
     532   1545.94132290
     533   1551.76091040
     534   1557.59142920
     535   1563.43287513
     536   1569.28525239
     537   1575.14855676
     538   1581.02279248
     539   1586.90795529
     540   1592.80404949
     541   1598.71107076
     542   1604.62902345
     543   1610.55790319
     544   1616.49771438
     545   1622.44845259
     546   1628.41012230
     547   1634.38271900
     548   1640.36624722
     549   1646.36070242
     550   1652.36608917
     551   1658.38240288
     552   1664.40964818
     553   1670.44782040
     554   1676.49692425
     555   1682.55695501
     556   1688.62791742
     557   1694.70980672
     558   1700.80262771
     559   1706.90637555
     560   1713.02105513
     561   1719.14666153
     562   1725.28319970
     563   1731.43066468
     564   1737.58906146
     565   1743.75838501
     566   1749.93864041
     567   1756.12982255
     568   1762.33193658
     569   1768.54497733
     570   1774.76894999
     571   1781.00384935
     572   1787.24968067
     573   1793.50643865
     574   1799.77412863
     575   1806.05274524
     576   1812.34229389
     577   1818.64276915
     578   1824.95417648
     579   1831.27651039
     580   1837.60977642
     581   1843.95396899
     582   1850.30909373
     583   1856.67514497
     584   1863.05212842
     585   1869.44003835
     586   1875.83888053
     587   1882.24864915
     588   1888.66935007
     589   1895.10097740
     590   1901.54353706
     591   1907.99702310
     592   1914.46144152
     593   1920.93678629
     594   1927.42306348
     595   1933.92026699
     596   1940.42840296
     597   1946.94746521
     598   1953.47745997
     599   1960.01838098
     600   1966.57023455
     601   1973.13301432
     602   1979.70672670
     603   1986.29136525
     604   1992.88693646
     605   1999.49343379
     606   2006.11086383
     607   2012.73921996
     608   2019.37850885
     609   2026.02872379
     610   2032.68987154
     611   2039.36194529
     612   2046.04495190
     613   2052.73888449
     614   2059.44374998
     615   2066.15954140
     616   2072.88626578
     617   2079.62391605
     618   2086.37249933
     619   2093.13200846
     620   2099.90245065
     621   2106.68381864
     622   2113.47611976
     623   2120.27934663
     624   2127.09350667
     625   2133.91859244
     626   2140.75461142
     627   2147.60155608
     628   2154.45943403
     629   2161.32823759
     630   2168.20797450
     631   2175.09863698
     632   2182.00023287
     633   2188.91275428
     634   2195.83620915
     635   2202.77058949
     636   2209.71590336
     637   2216.67214266
     638   2223.63931553
     639   2230.61741378
     640   2237.60644567
     641   2244.60640289
     642   2251.61729381
     643   2258.63911000
     644   2265.67185996
     645   2272.71553514
     646   2279.77014415
     647   2286.83567832
     648   2293.91214639
     649   2300.99953957
     650   2308.09786671
     651   2315.20711890
     652   2322.32730512
     653   2329.45841634
     654   2336.60046165
     655   2343.75343189
     656   2350.91733631
     657   2358.09216560
     658   2365.27792912
     659   2372.47461746
     660   2379.68224011
     661   2386.90078751
     662   2394.13026929
     663   2401.37067575
     664   2408.62201668
     665   2415.88428222
     666   2423.15748229
     667   2430.44160693
     668   2437.73666616
     669   2445.04264989
     670   2452.35956830
     671   2459.68741113
     672   2467.02618872
     673   2474.37589067
     674   2481.73652745
     675   2489.10808851
     676   2496.49058450
     677   2503.88400469
     678   2511.28835989
     679   2518.70363922
     680   2526.12985364
     681   2533.56699211
     682   2541.01506576
     683   2548.47406339
     684   2555.94399628
     685   2563.42485307
     686   2570.91664521
     687   2578.41936117
     688   2585.93301256
     689   2593.45758770
     690   2600.99309837
     691   2608.53953269
     692   2616.09690263
     693   2623.66519614
     694   2631.24442537
     695   2638.83457808
     696   2646.43566660
     697   2654.04767852
     698   2661.67062635
     699   2669.30449748
     700   2676.94930462
     701   2684.60503497
     702   2692.27170143
     703   2699.94929101
     704   2707.63781679
     705   2715.33726561
     706   2723.04765073
     707   2730.76895878
     708   2738.50120325
     709   2746.24437055
     710   2753.99847437
     711   2761.76350092
     712   2769.53946410
     713   2777.32634991
     714   2785.12417246
     715   2792.93291753
     716   2800.75259946
     717   2808.58320379
     718   2816.42474511
     719   2824.27720871
     720   2832.14060942
     721   2840.01493230
     722   2847.90019241
     723   2855.79637458
     724   2863.70349409
     725   2871.62153554
     726   2879.55051446
     727   2887.49041521
     728   2895.44125355
     729   2903.40301359
     730   2911.37571135
     731   2919.35933069
     732   2927.35388788
     733   2935.35936652
     734   2943.37578316
     735   2951.40312110
     736   2959.44139717
     737   2967.49059442
     738   2975.55072995
     739   2983.62178651
     740   2991.70378148
     741   2999.79669735
     742   3007.90055179
     743   3016.01532697
     744   3024.14104087
     745   3032.27767537
     746   3040.42524874
     747   3048.58374255
     748   3056.75317539
     749   3064.93352852
     750   3073.12482083
     751   3081.32703328
     752   3089.54018507
     753   3097.76425684
     754   3105.99926811
     755   3114.24519919
     756   3122.50206995
     757   3130.76986035
     758   3139.04859060
     759   3147.33824030
     760   3155.63883005
     761   3163.95033906
     762   3172.27278830
     763   3180.60615662
     764   3188.95046536
     765   3197.30569299
     766   3205.67186122
     767   3214.04894815
     768   3222.43697587
     769   3230.83592211
     770   3239.24580933
     771   3247.66661486
     772   3256.09836158
     773   3264.54102639
     774   3272.99463261
     775   3281.45915671
     776   3289.93462243
     777   3298.42100580
     778   3306.91833101
     779   3315.42657366
     780   3323.94575837
     781   3332.47586028
     782   3341.01690448
     783   3349.56886564
     784   3358.13176933
     785   3366.70558974
     786   3375.29035291
     787   3383.88603256
     788   3392.49265522
     789   3401.11019409
     790   3409.73867623
     791   3418.37807432
     792   3427.02841592
     793   3435.68967322
     794   3444.36187429
     795   3453.04499078
     796   3461.73905132
     797   3470.44402697
     798   3479.15994697
     799   3487.88678179
     800   3496.62456124
     801   3505.37325520
     802   3514.13289409
     803   3522.90344718
     804   3531.68494550
     805   3540.47735771
     806   3549.28071545
     807   3558.09498675
     808   3566.92020390
     809   3575.75633428
     810   3584.60341083
     811   3593.46140026
     812   3602.33033621
     813   3611.21018467
     814   3620.10097999
     815   3629.00268746
     816   3637.91534215
     817   3646.83890860
     818   3655.77342263
     819   3664.71884804
     820   3673.67522141
     821   3682.64250575
     822   3691.62073844
     823   3700.60988168
     824   3709.60997367
     825   3718.62097579
     826   3727.64292706
     827   3736.67578801
     828   3745.71959855
     829   3754.77431831
     830   3763.83998808
     831   3772.91656662
     832   3782.00409562
     833   3791.10253288
     834   3800.21192108
     835   3809.33221704
     836   3818.46346442
     837   3827.60561904
     838   3836.75872556
     839   3845.92273879
     840   3855.09770444
     841   3864.28357624
     842   3873.48040098
     843   3882.68813130
     844   3891.90681510
     845   3901.13640390
     846   3910.37694674
     847   3919.62839396
     848   3928.89079580
     849   3938.16410138
     850   3947.44836219
     851   3956.74352609
     852   3966.04964583
     853   3975.36666798
     854   3984.69464662
     855   3994.03352695
     856   4003.38336445
     857   4012.74410291
     858   4022.11579922
     859   4031.49839574
     860   4040.89195082
     861   4050.29640532
     862   4059.71181913
     863   4069.13813155
     864   4078.57540404
     865   4088.02357429
     866   4097.48270541
     867   4106.95273341
     868   4116.43372311
     869   4125.92560877
     870   4135.42845700
     871   4144.94220024
     872   4154.46690694
     873   4164.00250766
     874   4173.54907277
     875   4183.10653087
     876   4192.67495433
     877   4202.25426971
     878   4211.84455146
     879   4221.44572401
     880   4231.05786398
     881   4240.68089359
     882   4250.31489170
     883   4259.95977825
     884   4269.61563444
     885   4279.28237780
     886   4288.96009200
     887   4298.64869204
     888   4308.34826416
     889   4318.05872074
     890   4327.78015070
     891   4337.51246368
     892   4347.25575139
     893   4357.00992062
     894   4366.77506600
     895   4376.55109132
     896   4386.33809426
     897   4396.13597550
     898   4405.94483592
     899   4415.76457290
     900   4425.59529069
     901   4435.43688323
     902   4445.28945828
     903   4455.15290618
     904   4465.02733839
     905   4474.91264145
     906   4484.80893070
     907   4494.71608869
     908   4504.63423487
     909   4514.56324756
     910   4524.50325054
     911   4534.45411771
     912   4544.41597734
     913   4554.38869873
     914   4564.37241490
     915   4574.36699022
     916   4584.37256278
     917   4594.38899177
     918   4604.41642058
     919   4614.45470292
     920   4624.50398782
     921   4634.56412321
     922   4644.63526404
     923   4654.71725213
     924   4664.81024874
     925   4674.91408917
     926   4685.02894138
     927   4695.15463378
     928   4705.29134141
     929   4715.43888537
     930   4725.59744823
     931   4735.76684333
     932   4745.94726124
     933   4756.13850701
     934   4766.34077977
     935   4776.55387573
     936   4786.77800314
     937   4797.01294876
     938   4807.25893060
     939   4817.51572534
     940   4827.78356139
     941   4838.06220464
     942   4848.35189468
     943   4858.65238581
     944   4868.96392961
     945   4879.28626793
     946   4889.61966525
     947   4899.96385003
     948   4910.31910062
     949   4920.68513106
     950   4931.06223466
     951   4941.45010992
     952   4951.84906630
     953   4962.25878543
     954   4972.67959429
     955   4983.11115633
     956   4993.55381745
     957   5004.00722127
     958   5014.47173433
     959   5024.94697882
     960   5035.43334359
     961   5045.93042741
     962   5056.43864352
     963   5066.95756541
     964   5077.48763266
     965   5088.02839100
     966   5098.58030893
     967   5109.14290231
     968   5119.71667072
     969   5130.30109722
     970   5140.89671546
     971   5151.50297358
     972   5162.12044140
     973   5172.74852892
     974   5183.38784527
     975   5194.03776077
     976   5204.69892517
     977   5215.37066628
     978   5226.05367680
     979   5236.74724266
     980   5247.45209807
     981   5258.16748668
     982   5268.89418319
     983   5279.63139522
     984   5290.37992964
     985   5301.13896485
     986   5311.90932952
     987   5322.69019219
     988   5333.48237922
     989   5344.28507400
     990   5355.09906832
     991   5365.92360649
     992   5376.75939008
     993   5387.60578758
     994   5398.46333313
     995   5409.33161164
     996   5420.21088216
     997   5431.10107861
     998   5442.00203536
     999   5452.91417319
    1000   5463.83675732
    1001   5474.77089100
    1002   5485.71510347
    1003   5496.67116657
    1004   5507.63701299
    1005   5518.61492704
    1006   5529.60280067
    1007   5540.60186062
    1008   5551.61248403
    1009   5562.63148874
    1010   5573.66735724
    1011   5584.70258770
    1012   5595.76787502
    1013   5606.81347494
    1014   5617.91761476
    1015   5628.96170054
    1016   5640.11603268
    1017   5651.14635375
    1018   5662.36568019
    1019   5673.37291619
    1020   5684.65076252
    1021   5695.65862334
    1022   5706.93659347
    1023   5718.07720666
    1024   5729.25493354
 ---------------------------------------
 
SCF converged! Final Ground-State Energy (Eh):              -7.4150294616646946
