 
     Two-Electron DVR    
 ------------------------
 x0     =      15.00000000
 m      =       1.00000000
 Z      =       1.00000000
 n      =             2048
 dx     =       0.01465559
 
Soft-Coulomb Parameters:
 alpha  =       0.10000000
 beta   =       1.00000000
 
 
                       Hartree-Fock                      
 --------------------------------------------------------
 no. of orbitals        =             2048
 no. of electrons       =                2
 scf_damping_switch     =        F
 scf_diis_switch        =        F
 damping_factor         =   0.00000000
 e_tolerance            = 0.0000000000100000
 maximum scf-iterations =              200
 
 
                       SCF iterations                      
 ----------------------------------------------------------
    S.No    Energy (hartree)        dE (hartree)
 ----------------------------------------------------------
       0     -3.353996955138
       1     -2.518273953531      0.835723001607
       2     -2.525390910089      0.007116956558
       3     -2.525772960280      0.000382050190
       4     -2.525794197964      0.000021237685
       5     -2.525795409164      0.000001211200
       6     -2.525795479340      0.000000070176
       7     -2.525795483445      0.000000004105
       8     -2.525795483684      0.000000000239
       9     -2.525795483700      0.000000000016
      10     -2.525795483703      0.000000000003
 ----------------------------------------------------------
  
 
 
 ---------------------------------------
     Molecular Orbital Energies (Eh)    
 ---------------------------------------
       1     -0.85308648
       2      0.14365658
       3      0.14371852
       4      0.25185122
       5      0.25314503
       6      0.38688546
       7      0.39534007
       8      0.54673528
       9      0.57547930
      10      0.73542101
      11      0.79679183
      12      0.96488148
      13      1.06099524
      14      1.24146841
      15      1.36879483
      16      1.56509678
      17      1.72039311
      18      1.93446703
      19      2.11579895
      20      2.34867909
      21      2.55496870
      22      2.80724074
      23      3.03785859
      24      3.30989781
      25      3.56443921
      26      3.85652089
      27      4.13469592
      28      4.44704410
      29      4.74862538
      30      5.08143358
      31      5.40623159
      32      5.75967147
      33      6.10752280
      34      6.48174784
      35      6.85250929
      36      7.24765663
      37      7.64120193
      38      8.05739364
      39      8.47361132
      40      8.91095553
      41      9.34974735
      42      9.80833945
      43     10.26961893
      44     10.74954271
      45     11.23323395
      46     11.73456283
      47     12.24059929
      48     12.76339740
      49     13.29172091
      50     13.83604418
      51     14.38660390
      52     14.95250105
      53     15.52525263
      54     16.11276601
      55     16.70767080
      56     17.31683723
      57     17.93386155
      58     18.56471301
      59     19.20382757
      60     19.85639179
      61     20.51757109
      62     21.19187217
      63     21.87509402
      64     22.57115287
      65     23.27639798
      66     23.99423272
      67     24.72148433
      68     25.46111068
      69     26.21035422
      70     26.97178582
      71     27.74300861
      72     28.52625731
      73     29.31944834
      74     30.12452439
      75     30.93967409
      76     31.76658640
      77     32.60368645
      78     33.45244274
      79     34.31148592
      80     35.18209290
      81     36.06307291
      82     36.95553639
      83     37.85844778
      84     38.77277281
      85     39.69761083
      86     40.63380179
      87     41.58056230
      88     42.53862300
      89     43.50730242
      90     44.48723615
      91     45.47783136
      92     46.47964099
      93     47.49214927
      94     48.51583729
      95     49.55025627
      96     50.59582485
      97     51.65215249
      98     52.71960349
      99     53.79783800
     100     54.88717305
     101     55.98731288
     102     57.09853340
     103     58.22057719
     104     59.35368441
     105     60.49763099
     106     61.65262598
     107     62.81847431
     108     63.99535800
     109     65.18310721
     110     66.38188039
     111     67.59152969
     112     68.81219308
     113     70.04374180
     114     71.28629599
     115     72.53974354
     116     73.80418907
     117     75.07953494
     118     76.36587226
     119     77.66311600
     120     78.97134551
     121     80.29048674
     122     81.62060879
     123     82.96164716
     124     84.31366205
     125     85.67659728
     126     87.05050527
     127     88.43533708
     128     89.83113840
     129     91.23786659
     130     92.65556143
     131     94.08418579
     132     95.52377433
     133     96.97429469
     134     98.43577707
     135     99.90819329
     136    101.39156965
     137    102.88588159
     138    104.39115203
     139    105.90735958
     140    107.43452422
     141    108.97262727
     142    110.52168618
     143    112.08168466
     144    113.65263791
     145    115.23453174
     146    116.82737940
     147    118.43116851
     148    120.04591063
     149    121.67159497
     150    123.30823160
     151    124.95581112
     152    126.61434230
     153    128.28381695
     154    129.96424272
     155    131.65561246
     156    133.35793285
     157    135.07119766
     158    136.79541270
     159    138.53057253
     160    140.27668224
     161    142.03373708
     162    143.80174148
     163    145.58069130
     164    147.37059041
     165    149.17143520
     166    150.98322903
     167    152.80596876
     168    154.63965734
     169    156.48429200
     170    158.33987532
     171    160.20640490
     172    162.08388298
     173    163.97230747
     174    165.87168032
     175    167.78199970
     176    169.70326732
     177    171.63548159
     178    173.57864400
     179    175.53275314
     180    177.49781034
     181    179.47381435
     182    181.46076634
     183    183.45866523
     184    185.46751201
     185    187.48730576
     186    189.51804734
     187    191.55973594
     188    193.61237233
     189    195.67595578
     190    197.75048698
     191    199.83596528
     192    201.93239128
     193    204.03976443
     194    206.15808524
     195    208.28735323
     196    210.42756886
     197    212.57873169
     198    214.74084213
     199    216.91389979
     200    219.09790505
     201    221.29285755
     202    223.49875763
     203    225.71560496
     204    227.94339986
     205    230.18214203
     206    232.43183174
     207    234.69246874
     208    236.96405327
     209    239.24658510
     210    241.54006445
     211    243.84449111
     212    246.15986528
     213    248.48618678
     214    250.82345577
     215    253.17167209
     216    255.53083590
     217    257.90094705
     218    260.28200569
     219    262.67401167
     220    265.07696512
     221    267.49086593
     222    269.91571421
     223    272.35150984
     224    274.79825295
     225    277.25594341
     226    279.72458134
     227    282.20416662
     228    284.69469937
     229    287.19617949
     230    289.70860707
     231    292.23198201
     232    294.76630441
     233    297.31157418
     234    299.86779140
     235    302.43495600
     236    305.01306805
     237    307.60212747
     238    310.20213435
     239    312.81308860
     240    315.43499030
     241    318.06783938
     242    320.71163591
     243    323.36637981
     244    326.03207117
     245    328.70870990
     246    331.39629608
     247    334.09482964
     248    336.80431065
     249    339.52473904
     250    342.25611488
     251    344.99843810
     252    347.75170876
     253    350.51592681
     254    353.29109230
     255    356.07720518
     256    358.87426550
     257    361.68227320
     258    364.50122836
     259    367.33113089
     260    370.17198087
     261    373.02377824
     262    375.88652305
     263    378.76021524
     264    381.64485489
     265    384.54044191
     266    387.44697639
     267    390.36445824
     268    393.29288755
     269    396.23226423
     270    399.18258837
     271    402.14385989
     272    405.11607886
     273    408.09924521
     274    411.09335902
     275    414.09842020
     276    417.11442884
     277    420.14138485
     278    423.17928832
     279    426.22813917
     280    429.28793748
     281    432.35868316
     282    435.44037630
     283    438.53301682
     284    441.63660480
     285    444.75114015
     286    447.87662296
     287    451.01305315
     288    454.16043080
     289    457.31875582
     290    460.48802831
     291    463.66824817
     292    466.85941549
     293    470.06153019
     294    473.27459235
     295    476.49860188
     296    479.73355888
     297    482.97946325
     298    486.23631509
     299    489.50411430
     300    492.78286098
     301    496.07255503
     302    499.37319655
     303    502.68478544
     304    506.00732180
     305    509.34080553
     306    512.68523673
     307    516.04061531
     308    519.40694135
     309    522.78421476
     310    526.17243565
     311    529.57160390
     312    532.98171963
     313    536.40278273
     314    539.83479330
     315    543.27775125
     316    546.73165666
     317    550.19650945
     318    553.67230971
     319    557.15905734
     320    560.65675245
     321    564.16539492
     322    567.68498488
     323    571.21552220
     324    574.75700700
     325    578.30943917
     326    581.87281882
     327    585.44714583
     328    589.03242033
     329    592.62864219
     330    596.23581154
     331    599.85392825
     332    603.48299244
     333    607.12300400
     334    610.77396305
     335    614.43586946
     336    618.10872336
     337    621.79252462
     338    625.48727337
     339    629.19296948
     340    632.90961308
     341    636.63720404
     342    640.37574250
     343    644.12522832
     344    647.88566162
     345    651.65704229
     346    655.43937045
     347    659.23264598
     348    663.03686900
     349    666.85203938
     350    670.67815725
     351    674.51522248
     352    678.36323521
     353    682.22219530
     354    686.09210289
     355    689.97295784
     356    693.86476028
     357    697.76751009
     358    701.68120739
     359    705.60585206
     360    709.54144422
     361    713.48798374
     362    717.44547077
     363    721.41390515
     364    725.39328704
     365    729.38361628
     366    733.38489303
     367    737.39711713
     368    741.42028874
     369    745.45440771
     370    749.49947418
     371    753.55548802
     372    757.62244935
     373    761.70035805
     374    765.78921425
     375    769.88901781
     376    773.99976888
     377    778.12146730
     378    782.25411324
     379    786.39770653
     380    790.55224733
     381    794.71773549
     382    798.89417116
     383    803.08155419
     384    807.27988473
     385    811.48916262
     386    815.70938803
     387    819.94056080
     388    824.18268108
     389    828.43574871
     390    832.69976386
     391    836.97472637
     392    841.26063639
     393    845.55749377
     394    849.86529867
     395    854.18405092
     396    858.51375069
     397    862.85439781
     398    867.20599246
     399    871.56853446
     400    875.94202398
     401    880.32646086
     402    884.72184526
     403    889.12817701
     404    893.54545629
     405    897.97368291
     406    902.41285707
     407    906.86297857
     408    911.32404761
     409    915.79606399
     410    920.27902791
     411    924.77293917
     412    929.27779797
     413    933.79360411
     414    938.32035779
     415    942.85805882
     416    947.40670738
     417    951.96630329
     418    956.53684673
     419    961.11833752
     420    965.71077586
     421    970.31416153
     422    974.92849475
     423    979.55377531
     424    984.19000341
     425    988.83717886
     426    993.49530185
     427    998.16437218
     428   1002.84439006
     429   1007.53535528
     430   1012.23726805
     431   1016.95012816
     432   1021.67393582
     433   1026.40869082
     434   1031.15439337
     435   1035.91104326
     436   1040.67864071
     437   1045.45718549
     438   1050.24667782
     439   1055.04711750
     440   1059.85850473
     441   1064.68083930
     442   1069.51412142
     443   1074.35835089
     444   1079.21352791
     445   1084.07965227
     446   1088.95672418
     447   1093.84474344
     448   1098.74371026
     449   1103.65362441
     450   1108.57448612
     451   1113.50629518
     452   1118.44905179
     453   1123.40275574
     454   1128.36740726
     455   1133.34300611
     456   1138.32955253
     457   1143.32704628
     458   1148.33548760
     459   1153.35487626
     460   1158.38521248
     461   1163.42649604
     462   1168.47872717
     463   1173.54190564
     464   1178.61603167
     465   1183.70110504
     466   1188.79712599
     467   1193.90409426
     468   1199.02201011
     469   1204.15087330
     470   1209.29068406
     471   1214.44144215
     472   1219.60314782
     473   1224.77580082
     474   1229.95940140
     475   1235.15394932
     476   1240.35944481
     477   1245.57588763
     478   1250.80327804
     479   1256.04161578
     480   1261.29090110
     481   1266.55113375
     482   1271.82231399
     483   1277.10444155
     484   1282.39751671
     485   1287.70153919
     486   1293.01650926
     487   1298.34242666
     488   1303.67929165
     489   1309.02710397
     490   1314.38586388
     491   1319.75557111
     492   1325.13622595
     493   1330.52782810
     494   1335.93037786
     495   1341.34387493
     496   1346.76831961
     497   1352.20371161
     498   1357.65005121
     499   1363.10733813
     500   1368.57557266
     501   1374.05475451
     502   1379.54488396
     503   1385.04596073
     504   1390.55798512
     505   1396.08095681
     506   1401.61487613
     507   1407.15974275
     508   1412.71555699
     509   1418.28231855
     510   1423.86002772
     511   1429.44868421
     512   1435.04828831
     513   1440.65883973
     514   1446.28033876
     515   1451.91278511
     516   1457.55617909
     517   1463.21052037
     518   1468.87580928
     519   1474.55204549
     520   1480.23922934
     521   1485.93736049
     522   1491.64643927
     523   1497.36646536
     524   1503.09743909
     525   1508.83936012
     526   1514.59222878
     527   1520.35604474
     528   1526.13080835
     529   1531.91651926
     530   1537.71317780
     531   1543.52078365
     532   1549.33933714
     533   1555.16883794
     534   1561.00928637
     535   1566.86068211
     536   1572.72302549
     537   1578.59631617
     538   1584.48055450
     539   1590.37574013
     540   1596.28187340
     541   1602.19895398
     542   1608.12698221
     543   1614.06595774
     544   1620.01588091
     545   1625.97675139
     546   1631.94856952
     547   1637.93133495
     548   1643.92504803
     549   1649.92970841
     550   1655.94531645
     551   1661.97187178
     552   1668.00937477
     553   1674.05782506
     554   1680.11722301
     555   1686.18756826
     556   1692.26886117
     557   1698.36110137
     558   1704.46428924
     559   1710.57842440
     560   1716.70350723
     561   1722.83953735
     562   1728.98651514
     563   1735.14444023
     564   1741.31331298
     565   1747.49313303
     566   1753.68390075
     567   1759.88561576
     568   1766.09827844
     569   1772.32188842
     570   1778.55644607
     571   1784.80195101
     572   1791.05840363
     573   1797.32580354
     574   1803.60415113
     575   1809.89344601
     576   1816.19368857
     577   1822.50487842
     578   1828.82701596
     579   1835.16010078
     580   1841.50413328
     581   1847.85911308
     582   1854.22504056
     583   1860.60191533
     584   1866.98973779
     585   1873.38850753
     586   1879.79822497
     587   1886.21888969
     588   1892.65050210
     589   1899.09306180
     590   1905.54656919
     591   1912.01102387
     592   1918.48642625
     593   1924.97277591
     594   1931.47007327
     595   1937.97831791
     596   1944.49751025
     597   1951.02764987
     598   1957.56873720
     599   1964.12077181
     600   1970.68375413
     601   1977.25768372
     602   1983.84256103
     603   1990.43838561
     604   1997.04515791
     605   2003.66287748
     606   2010.29154476
     607   2016.93115932
     608   2023.58172160
     609   2030.24323115
     610   2036.91568843
     611   2043.59909297
     612   2050.29344524
     613   2056.99874478
     614   2063.71499204
     615   2070.44218658
     616   2077.18032884
     617   2083.92941837
     618   2090.68945563
     619   2097.46044016
     620   2104.24237243
     621   2111.03525196
     622   2117.83907922
     623   2124.65385375
     624   2131.47957602
     625   2138.31624556
     626   2145.16386283
     627   2152.02242737
     628   2158.89193965
     629   2165.77239919
     630   2172.66380648
     631   2179.56616103
     632   2186.47946333
     633   2193.40371288
     634   2200.33891019
     635   2207.28505476
     636   2214.24214708
     637   2221.21018666
     638   2228.18917400
     639   2235.17910859
     640   2242.17999094
     641   2249.19182054
     642   2256.21459791
     643   2263.24832253
     644   2270.29299491
     645   2277.34861455
     646   2284.41518196
     647   2291.49269661
     648   2298.58115904
     649   2305.68056871
     650   2312.79092616
     651   2319.91223086
     652   2327.04448333
     653   2334.18768305
     654   2341.34183054
     655   2348.50692529
     656   2355.68296781
     657   2362.86995758
     658   2370.06789513
     659   2377.27677993
     660   2384.49661251
     661   2391.72739234
     662   2398.96911995
     663   2406.22179481
     664   2413.48541746
     665   2420.75998734
     666   2428.04550502
     667   2435.34196994
     668   2442.64938266
     669   2449.96774262
     670   2457.29705037
     671   2464.63730536
     672   2471.98850816
     673   2479.35065819
     674   2486.72375602
     675   2494.10780109
     676   2501.50279397
     677   2508.90873408
     678   2516.32562200
     679   2523.75345715
     680   2531.19224011
     681   2538.64197031
     682   2546.10264832
     683   2553.57427356
     684   2561.05684662
     685   2568.55036691
     686   2576.05483502
     687   2583.57025036
     688   2591.09661352
     689   2598.63392391
     690   2606.18218212
     691   2613.74138756
     692   2621.31154083
     693   2628.89264132
     694   2636.48468965
     695   2644.08768519
     696   2651.70162858
     697   2659.32651918
     698   2666.96235762
     699   2674.60914328
     700   2682.26687679
     701   2689.93555751
     702   2697.61518608
     703   2705.30576186
     704   2713.00728549
     705   2720.71975633
     706   2728.44317503
     707   2736.17754094
     708   2743.92285470
     709   2751.67911568
     710   2759.44632451
     711   2767.22448055
     712   2775.01358446
     713   2782.81363557
     714   2790.62463454
     715   2798.44658073
     716   2806.27947478
     717   2814.12331603
     718   2821.97810516
     719   2829.84384149
     720   2837.72052569
     721   2845.60815709
     722   2853.50673638
     723   2861.41626286
     724   2869.33673722
     725   2877.26815878
     726   2885.21052823
     727   2893.16384487
     728   2901.12810940
     729   2909.10332112
     730   2917.08948074
     731   2925.08658754
     732   2933.09464225
     733   2941.11364414
     734   2949.14359393
     735   2957.18449091
     736   2965.23633579
     737   2973.29912786
     738   2981.37286784
     739   2989.45755500
     740   2997.55319007
     741   3005.65977232
     742   3013.77730248
     743   3021.90577983
     744   3030.04520509
     745   3038.19557753
     746   3046.35689789
     747   3054.52916543
     748   3062.71238090
     749   3070.90654354
     750   3079.11165410
     751   3087.32771184
     752   3095.55471751
     753   3103.79267035
     754   3112.04157113
     755   3120.30141907
     756   3128.57221496
     757   3136.85395801
     758   3145.14664900
     759   3153.45028716
     760   3161.76487327
     761   3170.09040654
     762   3178.42688775
     763   3186.77431613
     764   3195.13269247
     765   3203.50201596
     766   3211.88228741
     767   3220.27350602
     768   3228.67567259
     769   3237.08878631
     770   3245.51284800
     771   3253.94785684
     772   3262.39381365
     773   3270.85071761
     774   3279.31856955
     775   3287.79736863
     776   3296.28711569
     777   3304.78780990
     778   3313.29945209
     779   3321.82204142
     780   3330.35557874
     781   3338.90006320
     782   3347.45549564
     783   3356.02187523
     784   3364.59920281
     785   3373.18747753
     786   3381.78670025
     787   3390.39687010
     788   3399.01798795
     789   3407.65005294
     790   3416.29306593
     791   3424.94702605
     792   3433.61193418
     793   3442.28778944
     794   3450.97459271
     795   3459.67234311
     796   3468.38104152
     797   3477.10068707
     798   3485.83128063
     799   3494.57282132
     800   3503.32531002
     801   3512.08874585
     802   3520.86312971
     803   3529.64846069
     804   3538.44473969
     805   3547.25196582
     806   3556.07013998
     807   3564.89926126
     808   3573.73933057
     809   3582.59034701
     810   3591.45231148
     811   3600.32522307
     812   3609.20908269
     813   3618.10388944
     814   3627.00964423
     815   3635.92634613
     816   3644.85399608
     817   3653.79259314
     818   3662.74213826
     819   3671.70263048
     820   3680.67407076
     821   3689.65645815
     822   3698.64979360
     823   3707.65407615
     824   3716.66930677
     825   3725.69548450
     826   3734.73261029
     827   3743.78068318
     828   3752.83970414
     829   3761.90967221
     830   3770.99058835
     831   3780.08245158
     832   3789.18526290
     833   3798.29902131
     834   3807.42372781
     835   3816.55938140
     836   3825.70598308
     837   3834.86353184
     838   3844.03202871
     839   3853.21147266
     840   3862.40186470
     841   3871.60320384
     842   3880.81549107
     843   3890.03872539
     844   3899.27290781
     845   3908.51803732
     846   3917.77411493
     847   3927.04113962
     848   3936.31911243
     849   3945.60803232
     850   3954.90790032
     851   3964.21871540
     852   3973.54047860
     853   3982.87318887
     854   3992.21684727
     855   4001.57145273
     856   4010.93700634
     857   4020.31350700
     858   4029.70095581
     859   4039.09935167
     860   4048.50869568
     861   4057.92898675
     862   4067.36022597
     863   4076.80241224
     864   4086.25554667
     865   4095.71962815
     866   4105.19465778
     867   4114.68063447
     868   4124.17755932
     869   4133.68543122
     870   4143.20425128
     871   4152.73401840
     872   4162.27473368
     873   4171.82639600
     874   4181.38900651
     875   4190.96256405
     876   4200.54706977
     877   4210.14252253
     878   4219.74892348
     879   4229.36627146
     880   4238.99456763
     881   4248.63381084
     882   4258.28400223
     883   4267.94514066
     884   4277.61722729
     885   4287.30026095
     886   4296.99424281
     887   4306.69917169
     888   4316.41504878
     889   4326.14187290
     890   4335.87964523
     891   4345.62836457
     892   4355.38803214
     893   4365.15864672
     894   4374.94020953
     895   4384.73271935
     896   4394.53617740
     897   4404.35058245
     898   4414.17593575
     899   4424.01223605
     900   4433.85948458
     901   4443.71768013
     902   4453.58682391
     903   4463.46691470
     904   4473.35795373
     905   4483.25993977
     906   4493.17287406
     907   4503.09675534
     908   4513.03158489
     909   4522.97736142
     910   4532.93408622
     911   4542.90175801
     912   4552.88037807
     913   4562.86994511
     914   4572.87046043
     915   4582.88192273
     916   4592.90433332
     917   4602.93769088
     918   4612.98199672
     919   4623.03724955
     920   4633.10345066
     921   4643.18059875
     922   4653.26869513
     923   4663.36773849
     924   4673.47773014
     925   4683.59866877
     926   4693.73055569
     927   4703.87338959
     928   4714.02717179
     929   4724.19190096
     930   4734.36757844
     931   4744.55420288
     932   4754.75177564
     933   4764.96029536
     934   4775.17976341
     935   4785.41017840
     936   4795.65154173
     937   4805.90385201
     938   4816.16711062
     939   4826.44131619
     940   4836.72647009
     941   4847.02257094
     942   4857.32962013
     943   4867.64761627
     944   4877.97656075
     945   4888.31645218
     946   4898.66729196
     947   4909.02907868
     948   4919.40181376
     949   4929.78549577
     950   4940.18012615
     951   4950.58570346
     952   4961.00222914
     953   4971.42970175
     954   4981.86812273
     955   4992.31749064
     956   5002.77780693
     957   5013.24907014
     958   5023.73128175
     959   5034.22444026
     960   5044.72854717
     961   5055.24360100
     962   5065.76960322
     963   5076.30655235
     964   5086.85444990
     965   5097.41329434
     966   5107.98308720
     967   5118.56382695
     968   5129.15551513
     969   5139.75815021
     970   5150.37173371
     971   5160.99626410
     972   5171.63174293
     973   5182.27816864
     974   5192.93554279
     975   5203.60386383
     976   5214.28313331
     977   5224.97334967
     978   5235.67451448
     979   5246.38662617
     980   5257.10968632
     981   5267.84369333
     982   5278.58864882
     983   5289.34455116
     984   5300.11140198
     985   5310.88919967
     986   5321.67794583
     987   5332.47763885
     988   5343.28828035
     989   5354.10986871
     990   5364.94240556
     991   5375.78588926
     992   5386.64032145
     993   5397.50570049
     994   5408.38202804
     995   5419.26930243
     996   5430.16752532
     997   5441.07669506
     998   5451.99681331
     999   5462.92787840
    1000   5473.86989200
    1001   5484.82285244
    1002   5495.78676141
    1003   5506.76161720
    1004   5517.74742153
    1005   5528.74417268
    1006   5539.75187237
    1007   5550.77051888
    1008   5561.80011393
    1009   5572.84065580
    1010   5583.89214623
    1011   5594.95458346
    1012   5606.02796926
    1013   5617.11230186
    1014   5628.20758302
    1015   5639.31381099
    1016   5650.43098754
    1017   5661.55911088
    1018   5672.69818280
    1019   5683.84820151
    1020   5695.00916881
    1021   5706.18108290
    1022   5717.36394558
    1023   5728.55775504
    1024   5739.76251311
    1025   5750.97821796
    1026   5762.20487141
    1027   5773.44247164
    1028   5784.69102048
    1029   5795.95051610
    1030   5807.22096033
    1031   5818.50235133
    1032   5829.79469096
    1033   5841.09797735
    1034   5852.41221238
    1035   5863.73739416
    1036   5875.07352458
    1037   5886.42060176
    1038   5897.77862758
    1039   5909.14760015
    1040   5920.52752138
    1041   5931.91838935
    1042   5943.32020599
    1043   5954.73296936
    1044   5966.15668141
    1045   5977.59134018
    1046   5989.03694764
    1047   6000.49350182
    1048   6011.96100469
    1049   6023.43945428
    1050   6034.92885256
    1051   6046.42919756
    1052   6057.94049127
    1053   6069.46273168
    1054   6080.99592080
    1055   6092.54005663
    1056   6104.09514118
    1057   6115.66117242
    1058   6127.23815240
    1059   6138.82607906
    1060   6150.42495446
    1061   6162.03477655
    1062   6173.65554738
    1063   6185.28726490
    1064   6196.92993116
    1065   6208.58354410
    1066   6220.24810580
    1067   6231.92361417
    1068   6243.61007131
    1069   6255.30747511
    1070   6267.01582769
    1071   6278.73512693
    1072   6290.46537494
    1073   6302.20656962
    1074   6313.95871308
    1075   6325.72180320
    1076   6337.49584211
    1077   6349.28082767
    1078   6361.07676203
    1079   6372.88364303
    1080   6384.70147284
    1081   6396.53024929
    1082   6408.36997456
    1083   6420.22064646
    1084   6432.08226718
    1085   6443.95483453
    1086   6455.83835072
    1087   6467.73281352
    1088   6479.63822517
    1089   6491.55458343
    1090   6503.48189054
    1091   6515.42014426
    1092   6527.36934684
    1093   6539.32949602
    1094   6551.30059407
    1095   6563.28263872
    1096   6575.27563224
    1097   6587.27957235
    1098   6599.29446135
    1099   6611.32029692
    1100   6623.35708140
    1101   6635.40481245
    1102   6647.46349240
    1103   6659.53311893
    1104   6671.61369436
    1105   6683.70521636
    1106   6695.80768729
    1107   6707.92110476
    1108   6720.04547117
    1109   6732.18078413
    1110   6744.32704603
    1111   6756.48425447
    1112   6768.65241187
    1113   6780.83151579
    1114   6793.02156868
    1115   6805.22256810
    1116   6817.43451648
    1117   6829.65741139
    1118   6841.89125527
    1119   6854.13604568
    1120   6866.39178506
    1121   6878.65847096
    1122   6890.93610585
    1123   6903.22468725
    1124   6915.52421764
    1125   6927.83469454
    1126   6940.15612045
    1127   6952.48849285
    1128   6964.83181427
    1129   6977.18608218
    1130   6989.55129911
    1131   7001.92746253
    1132   7014.31457498
    1133   7026.71263391
    1134   7039.12164188
    1135   7051.54159632
    1136   7063.97249982
    1137   7076.41434977
    1138   7088.86714879
    1139   7101.33089426
    1140   7113.80558882
    1141   7126.29122981
    1142   7138.78781989
    1143   7151.29535640
    1144   7163.81384202
    1145   7176.34327406
    1146   7188.88365521
    1147   7201.43498278
    1148   7213.99725947
    1149   7226.57048257
    1150   7239.15465480
    1151   7251.74977343
    1152   7264.35584120
    1153   7276.97285537
    1154   7289.60081869
    1155   7302.23972840
    1156   7314.88958726
    1157   7327.55039251
    1158   7340.22214693
    1159   7352.90484772
    1160   7365.59849769
    1161   7378.30309403
    1162   7391.01863955
    1163   7403.74513144
    1164   7416.48257253
    1165   7429.23095996
    1166   7441.99029661
    1167   7454.76057960
    1168   7467.54181181
    1169   7480.33399035
    1170   7493.13711813
    1171   7505.95119223
    1172   7518.77621558
    1173   7531.61218524
    1174   7544.45910416
    1175   7557.31696939
    1176   7570.18578388
    1177   7583.06554468
    1178   7595.95625474
    1179   7608.85791111
    1180   7621.77051675
    1181   7634.69406869
    1182   7647.62856992
    1183   7660.57401742
    1184   7673.53041424
    1185   7686.49775732
    1186   7699.47604972
    1187   7712.46528838
    1188   7725.46547637
    1189   7738.47661061
    1190   7751.49869420
    1191   7764.53172402
    1192   7777.57570320
    1193   7790.63062861
    1194   7803.69650339
    1195   7816.77332439
    1196   7829.86109476
    1197   7842.95981135
    1198   7856.06947733
    1199   7869.19008951
    1200   7882.32165110
    1201   7895.46415888
    1202   7908.61761607
    1203   7921.78201945
    1204   7934.95737225
    1205   7948.14367123
    1206   7961.34091964
    1207   7974.54911423
    1208   7987.76825826
    1209   8000.99834845
    1210   8014.23938810
    1211   8027.49137389
    1212   8040.75430916
    1213   8054.02819057
    1214   8067.31302146
    1215   8080.60879848
    1216   8093.91552500
    1217   8107.23319764
    1218   8120.56181979
    1219   8133.90138805
    1220   8147.25190583
    1221   8160.61336970
    1222   8173.98578312
    1223   8187.36914262
    1224   8200.76345167
    1225   8214.16870679
    1226   8227.58491148
    1227   8241.01206224
    1228   8254.45016257
    1229   8267.89920895
    1230   8281.35920493
    1231   8294.83014695
    1232   8308.31203857
    1233   8321.80487622
    1234   8335.30866350
    1235   8348.82339679
    1236   8362.34907971
    1237   8375.88570865
    1238   8389.43328722
    1239   8402.99181180
    1240   8416.56128604
    1241   8430.14170626
    1242   8443.73307616
    1243   8457.33539203
    1244   8470.94865759
    1245   8484.57286911
    1246   8498.20803033
    1247   8511.85413751
    1248   8525.51119440
    1249   8539.17919723
    1250   8552.85814979
    1251   8566.54804828
    1252   8580.24889651
    1253   8593.96069067
    1254   8607.68343457
    1255   8621.41712439
    1256   8635.16176397
    1257   8648.91734945
    1258   8662.68388472
    1259   8676.46136587
    1260   8690.24979681
    1261   8704.04917364
    1262   8717.85950027
    1263   8731.68077276
    1264   8745.51299508
    1265   8759.35616325
    1266   8773.21028126
    1267   8787.07534511
    1268   8800.95135882
    1269   8814.83831834
    1270   8828.73622774
    1271   8842.64508296
    1272   8856.56488805
    1273   8870.49563895
    1274   8884.43733975
    1275   8898.38998633
    1276   8912.35358283
    1277   8926.32812511
    1278   8940.31361732
    1279   8954.31005528
    1280   8968.31744320
    1281   8982.33577686
    1282   8996.36506049
    1283   9010.40528985
    1284   9024.45646919
    1285   9038.51859425
    1286   9052.59166930
    1287   9066.67569007
    1288   9080.77066084
    1289   9094.87657731
    1290   9108.99344380
    1291   9123.12125598
    1292   9137.26001820
    1293   9151.40972608
    1294   9165.57038403
    1295   9179.74198762
    1296   9193.92454129
    1297   9208.11804061
    1298   9222.32249001
    1299   9236.53788504
    1300   9250.76423017
    1301   9265.00152092
    1302   9279.24976179
    1303   9293.50894826
    1304   9307.77908487
    1305   9322.06016706
    1306   9336.35219941
    1307   9350.65517733
    1308   9364.96910542
    1309   9379.29397907
    1310   9393.62980291
    1311   9407.97657229
    1312   9422.33429188
    1313   9436.70295699
    1314   9451.08257233
    1315   9465.47313317
    1316   9479.87464426
    1317   9494.28710085
    1318   9508.71050769
    1319   9523.14486002
    1320   9537.59016262
    1321   9552.04641069
    1322   9566.51360906
    1323   9580.99175286
    1324   9595.48084699
    1325   9609.98088655
    1326   9624.49187645
    1327   9639.01381175
    1328   9653.54669741
    1329   9668.09052847
    1330   9682.64530990
    1331   9697.21103671
    1332   9711.78771392
    1333   9726.37533648
    1334   9740.97390946
    1335   9755.58342779
    1336   9770.20389654
    1337   9784.83531063
    1338   9799.47767516
    1339   9814.13098501
    1340   9828.79524533
    1341   9843.47045094
    1342   9858.15660704
    1343   9872.85370842
    1344   9887.56176031
    1345   9902.28075746
    1346   9917.01070514
    1347   9931.75159805
    1348   9946.50344152
    1349   9961.26623022
    1350   9976.03996948
    1351   9990.82465395
    1352  10005.62028901
    1353  10020.42686925
    1354  10035.24440011
    1355  10050.07287613
    1356  10064.91230279
    1357  10079.76267459
    1358  10094.62399706
    1359  10109.49626465
    1360  10124.37948291
    1361  10139.27364629
    1362  10154.17876036
    1363  10169.09481952
    1364  10184.02182941
    1365  10198.95978436
    1366  10213.90869006
    1367  10228.86854080
    1368  10243.83934231
    1369  10258.82108885
    1370  10273.81378617
    1371  10288.81742851
    1372  10303.83202165
    1373  10318.85755979
    1374  10333.89404875
    1375  10348.94148268
    1376  10363.99986747
    1377  10379.06919721
    1378  10394.14947782
    1379  10409.24070336
    1380  10424.34287980
    1381  10439.45600114
    1382  10454.58007341
    1383  10469.71509057
    1384  10484.86105867
    1385  10500.01797163
    1386  10515.18583556
    1387  10530.36464434
    1388  10545.55440411
    1389  10560.75510869
    1390  10575.96676430
    1391  10591.18936470
    1392  10606.42291615
    1393  10621.66741237
    1394  10636.92285966
    1395  10652.18925170
    1396  10667.46659483
    1397  10682.75488269
    1398  10698.05412167
    1399  10713.36430535
    1400  10728.68544018
    1401  10744.01751969
    1402  10759.36055036
    1403  10774.71452569
    1404  10790.07945222
    1405  10805.45532338
    1406  10820.84214576
    1407  10836.23991276
    1408  10851.64863099
    1409  10867.06829381
    1410  10882.49890791
    1411  10897.94046656
    1412  10913.39297652
    1413  10928.85643101
    1414  10944.33083682
    1415  10959.81618715
    1416  10975.31248883
    1417  10990.81973499
    1418  11006.33793253
    1419  11021.86707454
    1420  11037.40716795
    1421  11052.95820579
    1422  11068.52019507
    1423  11084.09312876
    1424  11099.67701391
    1425  11115.27184344
    1426  11130.87762446
    1427  11146.49434983
    1428  11162.12202673
    1429  11177.76064795
    1430  11193.41022072
    1431  11209.07073779
    1432  11224.74220644
    1433  11240.42461936
    1434  11256.11798389
    1435  11271.82229266
    1436  11287.53755307
    1437  11303.26375770
    1438  11319.00091399
    1439  11334.74901447
    1440  11350.50806664
    1441  11366.27806297
    1442  11382.05901104
    1443  11397.85090323
    1444  11413.65374717
    1445  11429.46753522
    1446  11445.29227506
    1447  11461.12795896
    1448  11476.97459469
    1449  11492.83217446
    1450  11508.70070608
    1451  11524.58018170
    1452  11540.47060922
    1453  11556.37198071
    1454  11572.28430411
    1455  11588.20757147
    1456  11604.14179077
    1457  11620.08695399
    1458  11636.04306919
    1459  11652.01012827
    1460  11667.98813937
    1461  11683.97709432
    1462  11699.97700132
    1463  11715.98785214
    1464  11732.00965504
    1465  11748.04240172
    1466  11764.08610053
    1467  11780.14074308
    1468  11796.20633779
    1469  11812.28287622
    1470  11828.37036683
    1471  11844.46880112
    1472  11860.57818765
    1473  11876.69851781
    1474  11892.82980024
    1475  11908.97202628
    1476  11925.12520462
    1477  11941.28932653
    1478  11957.46440078
    1479  11973.65041856
    1480  11989.84738872
    1481  12006.05530238
    1482  12022.27416845
    1483  12038.50397799
    1484  12054.74473997
    1485  12070.99644538
    1486  12087.25910328
    1487  12103.53270457
    1488  12119.81725838
    1489  12136.11275555
    1490  12152.41920527
    1491  12168.73659832
    1492  12185.06494396
    1493  12201.40423288
    1494  12217.75447444
    1495  12234.11565924
    1496  12250.48779672
    1497  12266.87087740
    1498  12283.26491079
    1499  12299.66988735
    1500  12316.08581667
    1501  12332.51268910
    1502  12348.95051434
    1503  12365.39928265
    1504  12381.85900381
    1505  12398.32966800
    1506  12414.81128508
    1507  12431.30384515
    1508  12447.80735815
    1509  12464.32181410
    1510  12480.84722303
    1511  12497.38357486
    1512  12513.93087970
    1513  12530.48912741
    1514  12547.05832818
    1515  12563.63847177
    1516  12580.22956846
    1517  12596.83160793
    1518  12613.44460055
    1519  12630.06853589
    1520  12646.70342443
    1521  12663.34925566
    1522  12680.00604012
    1523  12696.67376722
    1524  12713.35244761
    1525  12730.04207059
    1526  12746.74264691
    1527  12763.45416576
    1528  12780.17663800
    1529  12796.91005273
    1530  12813.65442090
    1531  12830.40973151
    1532  12847.17599560
    1533  12863.95320208
    1534  12880.74136209
    1535  12897.54046445
    1536  12914.35052039
    1537  12931.17151862
    1538  12948.00347048
    1539  12964.84636459
    1540  12981.70021237
    1541  12998.56500235
    1542  13015.44074606
    1543  13032.32743191
    1544  13049.22507154
    1545  13066.13365326
    1546  13083.05318882
    1547  13099.98366640
    1548  13116.92509788
    1549  13133.87747134
    1550  13150.84079874
    1551  13167.81506806
    1552  13184.80029138
    1553  13201.79645657
    1554  13218.80357581
    1555  13235.82163686
    1556  13252.85065202
    1557  13269.89060894
    1558  13286.94152002
    1559  13304.00337279
    1560  13321.07617979
    1561  13338.15992843
    1562  13355.25463134
    1563  13372.36027583
    1564  13389.47687467
    1565  13406.60441501
    1566  13423.74290976
    1567  13440.89234596
    1568  13458.05273662
    1569  13475.22406868
    1570  13492.40635525
    1571  13509.59958315
    1572  13526.80376564
    1573  13544.01888939
    1574  13561.24496779
    1575  13578.48198738
    1576  13595.72996169
    1577  13612.98887713
    1578  13630.25874734
    1579  13647.53955862
    1580  13664.83132474
    1581  13682.13403186
    1582  13699.44769388
    1583  13716.77229683
    1584  13734.10785476
    1585  13751.45435355
    1586  13768.81180737
    1587  13786.18020199
    1588  13803.55955171
    1589  13820.94984216
    1590  13838.35108778
    1591  13855.76327405
    1592  13873.18641556
    1593  13890.62049765
    1594  13908.06553506
    1595  13925.52151297
    1596  13942.98844626
    1597  13960.46631999
    1598  13977.95514917
    1599  13995.45491871
    1600  14012.96564378
    1601  14030.48730912
    1602  14048.01993007
    1603  14065.56349122
    1604  14083.11800805
    1605  14100.68346500
    1606  14118.25987771
    1607  14135.84723045
    1608  14153.44553903
    1609  14171.05478757
    1610  14188.67499203
    1611  14206.30613635
    1612  14223.94823668
    1613  14241.60127679
    1614  14259.26527297
    1615  14276.94020886
    1616  14294.62610091
    1617  14312.32293258
    1618  14330.03072049
    1619  14347.74944792
    1620  14365.47913169
    1621  14383.21975489
    1622  14400.97133450
    1623  14418.73385347
    1624  14436.50732893
    1625  14454.29174365
    1626  14472.08711495
    1627  14489.89342542
    1628  14507.71069257
    1629  14525.53889878
    1630  14543.37806176
    1631  14561.22816372
    1632  14579.08922253
    1633  14596.96122022
    1634  14614.84417486
    1635  14632.73806828
    1636  14650.64291874
    1637  14668.55870788
    1638  14686.48545416
    1639  14704.42313902
    1640  14722.37178111
    1641  14740.33136168
    1642  14758.30189958
    1643  14776.28337585
    1644  14794.27580956
    1645  14812.27918153
    1646  14830.29351103
    1647  14848.31877869
    1648  14866.35500399
    1649  14884.40216733
    1650  14902.46028841
    1651  14920.52934743
    1652  14938.60936430
    1653  14956.70031898
    1654  14974.80223162
    1655  14992.91508197
    1656  15011.03889038
    1657  15029.17363638
    1658  15047.31934056
    1659  15065.47598221
    1660  15083.64358214
    1661  15101.82211943
    1662  15120.01161511
    1663  15138.21204803
    1664  15156.42343946
    1665  15174.64576799
    1666  15192.87905516
    1667  15211.12327930
    1668  15229.37846221
    1669  15247.64458195
    1670  15265.92166058
    1671  15284.20967592
    1672  15302.50865026
    1673  15320.81856119
    1674  15339.13943124
    1675  15357.47123774
    1676  15375.81400350
    1677  15394.16770556
    1678  15412.53236701
    1679  15430.90796463
    1680  15449.29452176
    1681  15467.69201492
    1682  15486.10046774
    1683  15504.51985643
    1684  15522.95020492
    1685  15541.39148913
    1686  15559.84373328
    1687  15578.30691301
    1688  15596.78105280
    1689  15615.26612803
    1690  15633.76216347
    1691  15652.26913419
    1692  15670.78706526
    1693  15689.31593145
    1694  15707.85575815
    1695  15726.40651981
    1696  15744.96824212
    1697  15763.54089923
    1698  15782.12451714
    1699  15800.71906969
    1700  15819.32458320
    1701  15837.94103118
    1702  15856.56844027
    1703  15875.20678365
    1704  15893.85608832
    1705  15912.51632711
    1706  15931.18752733
    1707  15949.86966150
    1708  15968.56275728
    1709  15987.26678682
    1710  16005.98177814
    1711  16024.70770303
    1712  16043.44458988
    1713  16062.19241011
    1714  16080.95119248
    1715  16099.72090803
    1716  16118.50158590
    1717  16137.29319677
    1718  16156.09577012
    1719  16174.90927628
    1720  16193.73374512
    1721  16212.56914655
    1722  16231.41551085
    1723  16250.27280754
    1724  16269.14106730
    1725  16288.02025923
    1726  16306.91041442
    1727  16325.81150158
    1728  16344.72355219
    1729  16363.64653455
    1730  16382.58048058
    1731  16401.52535813
    1732  16420.48119954
    1733  16439.44797226
    1734  16458.42570906
    1735  16477.41437692
    1736  16496.41400908
    1737  16515.42457208
    1738  16534.44609959
    1739  16553.47855769
    1740  16572.52198053
    1741  16591.57633372
    1742  16610.64165187
    1743  16629.71790013
    1744  16648.80511359
    1745  16667.90325689
    1746  16687.01236562
    1747  16706.13240394
    1748  16725.26340794
    1749  16744.40534126
    1750  16763.55824051
    1751  16782.72206880
    1752  16801.89686327
    1753  16821.08258652
    1754  16840.27927620
    1755  16859.48689438
    1756  16878.70547924
    1757  16897.93499232
    1758  16917.17547236
    1759  16936.42688031
    1760  16955.68925550
    1761  16974.96255830
    1762  16994.24682861
    1763  17013.54202624
    1764  17032.84819166
    1765  17052.16528408
    1766  17071.49334459
    1767  17090.83233177
    1768  17110.18228734
    1769  17129.54316927
    1770  17148.91501988
    1771  17168.29779651
    1772  17187.69154214
    1773  17207.09621345
    1774  17226.51185408
    1775  17245.93842003
    1776  17265.37595563
    1777  17284.82441620
    1778  17304.28384674
    1779  17323.75420190
    1780  17343.23552736
    1781  17362.72777706
    1782  17382.23099742
    1783  17401.74514164
    1784  17421.27025686
    1785  17440.80629556
    1786  17460.35330563
    1787  17479.91123877
    1788  17499.48014365
    1789  17519.05997120
    1790  17538.65077087
    1791  17558.25249278
    1792  17577.86518721
    1793  17597.48880345
    1794  17617.12339261
    1795  17636.76890314
    1796  17656.42538699
    1797  17676.09279178
    1798  17695.77117030
    1799  17715.46046930
    1800  17735.16074245
    1801  17754.87193561
    1802  17774.59410337
    1803  17794.32719065
    1804  17814.07125298
    1805  17833.82623434
    1806  17853.59219121
    1807  17873.36906660
    1808  17893.15691797
    1809  17912.95568735
    1810  17932.76543318
    1811  17952.58609650
    1812  17972.41773676
    1813  17992.26029396
    1814  18012.11382862
    1815  18031.97827966
    1816  18051.85370867
    1817  18071.74005349
    1818  18091.63737682
    1819  18111.54561538
    1820  18131.46483299
    1821  18151.39496522
    1822  18171.33607706
    1823  18191.28810291
    1824  18211.25110895
    1825  18231.22502836
    1826  18251.20992856
    1827  18271.20574147
    1828  18291.21253577
    1829  18311.23024213
    1830  18331.25893050
    1831  18351.29853023
    1832  18371.34911262
    1833  18391.41060567
    1834  18411.48308203
    1835  18431.56646833
    1836  18451.66083862
    1837  18471.76611810
    1838  18491.88238226
    1839  18512.00955486
    1840  18532.14771284
    1841  18552.29677848
    1842  18572.45683024
    1843  18592.62778884
    1844  18612.80973432
    1845  18633.00258582
    1846  18653.20642497
    1847  18673.42116929
    1848  18693.64690204
    1849  18713.88353910
    1850  18734.13116541
    1851  18754.38969512
    1852  18774.65921492
    1853  18794.93963721
    1854  18815.23105045
    1855  18835.53336522
    1856  18855.84667183
    1857  18876.17087900
    1858  18896.50607892
    1859  18916.85217840
    1860  18937.20927156
    1861  18957.57726326
    1862  18977.95624959
    1863  18998.34613341
    1864  19018.74701285
    1865  19039.15878869
    1866  19059.58156117
    1867  19080.01522893
    1868  19100.45989437
    1869  19120.91545395
    1870  19141.38201227
    1871  19161.85946357
    1872  19182.34791470
    1873  19202.84725759
    1874  19223.35760144
    1875  19243.87883584
    1876  19264.41107233
    1877  19284.95419811
    1878  19305.50832715
    1879  19326.07334419
    1880  19346.64936569
    1881  19367.23627388
    1882  19387.83418774
    1883  19408.44298696
    1884  19429.06279310
    1885  19449.69348320
    1886  19470.33518150
    1887  19490.98776239
    1888  19511.65135275
    1889  19532.32582427
    1890  19553.01130657
    1891  19573.70766862
    1892  19594.41504275
    1893  19615.13329517
    1894  19635.86256100
    1895  19656.60270368
    1896  19677.35386109
    1897  19698.11589387
    1898  19718.88894269
    1899  19739.67286546
    1900  19760.46780559
    1901  19781.27361818
    1902  19802.09044942
    1903  19822.91815174
    1904  19843.75687395
    1905  19864.60646582
    1906  19885.46707880
    1907  19906.33856012
    1908  19927.22106372
    1909  19948.11443432
    1910  19969.01882828
    1911  19989.93408809
    1912  20010.86037224
    1913  20031.79752108
    1914  20052.74569512
    1915  20073.70473295
    1916  20094.67479667
    1917  20115.65572332
    1918  20136.64767637
    1919  20157.65049181
    1920  20178.66433397
    1921  20199.68903805
    1922  20220.72476886
    1923  20241.77136162
    1924  20262.82898082
    1925  20283.89746211
    1926  20304.97696916
    1927  20326.06733910
    1928  20347.16873365
    1929  20368.28099214
    1930  20389.40427352
    1931  20410.53842077
    1932  20431.68358857
    1933  20452.83962451
    1934  20474.00667789
    1935  20495.18460289
    1936  20516.37354132
    1937  20537.57335540
    1938  20558.78417783
    1939  20580.00588152
    1940  20601.23858727
    1941  20622.48218071
    1942  20643.73676844
    1943  20665.00225243
    1944  20686.27872127
    1945  20707.56609609
    1946  20728.86444434
    1947  20750.17371115
    1948  20771.49393763
    1949  20792.82509695
    1950  20814.16719949
    1951  20835.52025294
    1952  20856.88423001
    1953  20878.25917843
    1954  20899.64502718
    1955  20921.04187283
    1956  20942.44959125
    1957  20963.86833541
    1958  20985.29791981
    1959  21006.73856559
    1960  21028.19001327
    1961  21049.65256261
    1962  21071.12586870
    1963  21092.61032585
    1964  21114.10548678
    1965  21135.61185454
    1966  21157.12886391
    1967  21178.65714810
    1968  21200.19600108
    1969  21221.74620570
    1970  21243.30689385
    1971  21264.87902683
    1972  21286.46154364
    1973  21308.05561066
    1974  21329.65994489
    1975  21351.27595675
    1976  21372.90209964
    1977  21394.54006429
    1978  21416.18800082
    1979  21437.84793300
    1980  21459.51765131
    1981  21481.19956211
    1982  21502.89104208
    1983  21524.59495157
    1984  21546.30817710
    1985  21568.03410074
    1986  21589.76904471
    1987  21611.51700993
    1988  21633.27365043
    1989  21655.04367867
    1990  21676.82197902
    1991  21698.61410784
    1992  21720.41403813
    1993  21742.22829729
    1994  21764.04980760
    1995  21785.88624869
    1996  21807.72929808
    1997  21829.58796241
    1998  21851.45248257
    1999  21873.33344136
    2000  21895.21937604
    2001  21917.12268666
    2002  21939.02994176
    2003  21960.95570307
    2004  21982.88420098
    2005  22004.83249288
    2006  22026.78210298
    2007  22048.75306362
    2008  22070.72367833
    2009  22092.71741940
    2010  22114.70885574
    2011  22136.72557191
    2012  22158.73767994
    2013  22180.77752805
    2014  22202.81004870
    2015  22224.87330589
    2016  22246.92602887
    2017  22269.01291659
    2018  22291.08547058
    2019  22313.19638795
    2020  22335.28847637
    2021  22357.42373760
    2022  22379.53482124
    2023  22401.69500773
    2024  22423.82466822
    2025  22446.01022467
    2026  22468.15767188
    2027  22490.36944876
    2028  22512.53410577
    2029  22534.77271177
    2030  22556.95343440
    2031  22579.22007928
    2032  22601.41616096
    2033  22623.71154736
    2034  22645.92148570
    2035  22668.24707271
    2036  22690.47048916
    2037  22712.82637580
    2038  22735.06221620
    2039  22757.44868468
    2040  22779.69951988
    2041  22802.11226948
    2042  22824.38269678
    2043  22846.81237075
    2044  22869.12148508
    2045  22891.53816018
    2046  22913.93672862
    2047  22936.22710220
    2048  22959.05034195
 ---------------------------------------
 
SCF converged! Final Ground-State Energy (Eh):              -2.5257954837028929
