 
     Two-Electron DVR    
 ------------------------
 x0     =      15.00000000
 m      =       1.00000000
 Z      =       6.00000000
 n      =               32
 dx     =       0.96774194
 
Soft-Coulomb Parameters:
 alpha  =       0.10000000
 beta   =       0.10000000
 
 
                       Hartree-Fock                      
 --------------------------------------------------------
 no. of orbitals        =               32
 no. of electrons       =                2
 scf_damping_switch     =        F
 scf_diis_switch        =        F
 damping_factor         =   0.00000000
 e_tolerance            = 0.0000000000100000
 maximum scf-iterations =              200
 
 
                       SCF iterations                      
 ----------------------------------------------------------
    S.No    Energy (hartree)        dE (hartree)
 ----------------------------------------------------------
       0    -19.556848814749
       1    -17.514891458091      2.041957356658
       2    -17.521030594146      0.006139136055
       3    -17.521092008340      0.000061414194
       4    -17.521092622591      0.000000614250
       5    -17.521092628759      0.000000006169
       6    -17.521092628821      0.000000000062
       7    -17.521092628822      0.000000000001
 ----------------------------------------------------------
  
 
 
 ---------------------------------------
     Molecular Orbital Energies (Eh)    
 ---------------------------------------
       1     -7.74637451
       2     -4.96282762
       3     -1.54075742
       4     -1.38390420
       5     -0.73903599
       6     -0.68672202
       7     -0.43362742
       8     -0.40992982
       9     -0.27557229
      10     -0.25895481
      11     -0.12182728
      12     -0.09987125
      13      0.08376601
      14      0.11172319
      15      0.34099561
      16      0.37491036
      17      0.64681742
      18      0.68534774
      19      1.00029173
      20      1.04436679
      21      1.40082342
      22      1.44822868
      23      1.84993569
      24      1.90308309
      25      2.34849368
      26      2.40311190
      27      2.90319171
      28      2.96583472
      29      3.51932384
      30      3.57970795
      31      4.24735692
      32      4.34244889
 ---------------------------------------
 
SCF converged! Final Ground-State Energy (Eh):             -17.5210926288220925
