 
     Two-Electron DVR    
 ------------------------
 x0     =      15.00000000
 m      =       1.00000000
 Z      =       3.00000000
 n      =             1024
 dx     =       0.02932551
 
Soft-Coulomb Parameters:
 alpha  =       0.01000000
 beta   =       0.10000000
 
 
                       Hartree-Fock                      
 --------------------------------------------------------
 no. of orbitals        =             1024
 no. of electrons       =                2
 scf_damping_switch     =        F
 scf_diis_switch        =        F
 damping_factor         =   0.00000000
 e_tolerance            = 0.0000000000100000
 maximum scf-iterations =              200
 
 
                       SCF iterations                      
 ----------------------------------------------------------
    S.No    Energy (hartree)        dE (hartree)
 ----------------------------------------------------------
       0    -31.412748616814
       1    -28.785880969809      2.626867647006
       2    -28.793406120420      0.007525150611
       3    -28.793457776892      0.000051656472
       4    -28.793458140391      0.000000363500
       5    -28.793458142983      0.000000002591
       6    -28.793458143001      0.000000000019
       7    -28.793458143001      0.000000000000
 ----------------------------------------------------------
  
 
 
 ---------------------------------------
     Molecular Orbital Energies (Eh)    
 ---------------------------------------
       1    -13.09102175
       2     -0.78454168
       3     -0.31845579
       4     -0.15106531
       5     -0.09600528
       6     -0.04448800
       7      0.00070295
       8      0.07478150
       9      0.14250992
      10      0.24611574
      11      0.33466805
      12      0.46638414
      13      0.57467016
      14      0.73378009
      15      0.86134004
      16      1.04730282
      17      1.19403756
      18      1.40634583
      19      1.57236274
      20      1.81051818
      21      1.99603763
      22      2.25955420
      23      2.46485302
      24      2.75326446
      25      2.97864200
      26      3.29150776
      27      3.53726571
      28      3.87417466
      29      4.14060528
      30      4.50117750
      31      4.78855689
      32      5.17244416
      33      5.48102867
      34      5.88791401
      35      6.21793869
      36      6.64753528
      37      6.99921345
      38      7.45126326
      39      7.82478683
      40      8.29905896
      41      8.69459926
      42      9.19088822
      43      9.60859705
      44     10.12672092
      45     10.56673177
      46     11.10653047
      47     11.56895980
      48     12.13029327
      49     12.61524183
      50     13.19798839
      51     13.70554250
      52     14.30959719
      53     14.83982998
      54     15.46510306
      55     16.01807570
      56     16.66449118
      57     17.24025397
      58     17.90774826
      59     18.50634175
      60     19.19486243
      61     19.81631837
      62     20.52582299
      63     21.17016529
      64     21.90062032
      65     22.56786593
      66     23.31924577
      67     24.00940540
      68     24.78169147
      69     25.49477039
      70     26.28795033
      71     27.02394898
      72     27.83801589
      73     28.59693052
      74     29.43188226
      75     30.21370546
      76     31.06954407
      77     31.87426526
      78     32.75099642
      79     33.57860231
      80     34.47623479
      81     35.32670977
      82     36.24525503
      83     37.11858156
      84     38.05805333
      85     38.95421222
      86     39.91462615
      87     40.83359689
      88     41.81497022
      89     42.75673120
      90     43.75908250
      91     44.72361127
      92     45.74696018
      93     46.73423364
      94     47.77860063
      95     48.78859519
      96     49.85400139
      97     50.88669316
      98     51.97316017
      99     53.02852507
     100     54.13607482
     101     55.21408873
     102     56.34274333
     103     57.44338215
     104     58.59316381
     105     59.71640359
     106     60.88733448
     107     62.03315148
     108     63.22525365
     109     64.39362442
     110     65.60691976
     111     66.79782117
     112     68.03233131
     113     69.24574062
     114     70.50148689
     115     71.73738179
     116     73.01438517
     117     74.27274381
     118     75.57102489
     119     76.85182588
     120     78.17140484
     121     79.47462734
     122     80.81552391
     123     82.14114755
     124     83.50338100
     125     84.85138598
     126     86.23497510
     127     87.60534215
     128     89.01030525
     129     90.40301564
     130     91.82937050
     131     93.24440606
     132     94.69217000
     133     96.12951309
     134     97.59870289
     135     99.05833643
     136    100.54896840
     137    102.03087584
     138    103.54296575
     139    105.04713109
     140    106.58069423
     141    108.10710199
     142    109.66215314
     143    111.21078836
     144    112.78734184
     145    114.35819007
     146    115.95625969
     147    117.54930697
     148    119.16890610
     149    120.78413897
     150    122.42528049
     151    124.06268597
     152    125.72538233
     153    127.38494789
     154    129.06921108
     155    130.75092466
     156    132.45676626
     157    134.16061624
     158    135.88804739
     159    137.61402257
     160    139.36305401
     161    141.11114361
     162    142.88178570
     163    144.65197935
     164    146.44424203
     165    148.23652975
     166    150.05042260
     167    151.86479480
     168    153.70032706
     169    155.53677448
     170    157.39395501
     171    159.25246880
     172    161.13130613
     173    163.01187774
     174    164.91238008
     175    166.81500132
     176    168.73717654
     177    170.66183952
     178    172.60569521
     179    174.55239236
     180    176.51793580
     181    178.48665985
     182    180.47389803
     183    182.46464199
     184    184.47358163
     185    186.48633880
     186    188.51698635
     187    190.55175030
     188    192.60411195
     189    194.66087648
     190    196.73495819
     191    198.81371738
     192    200.90952485
     193    203.01027301
     194    205.12781171
     195    207.25054337
     196    209.38981857
     197    211.53452850
     198    213.69554524
     199    215.86222840
     200    218.04499153
     201    220.23364310
     202    222.43815726
     203    224.64877261
     204    226.87504225
     205    229.10761694
     206    231.35564635
     207    233.61017613
     208    235.87996939
     209    238.15645017
     210    240.44801122
     211    242.74643910
     212    245.05977171
     213    247.38014293
     214    249.71525070
     215    252.05756167
     216    254.41444808
     217    256.77869535
     218    259.15736371
     219    261.54354397
     220    263.94399748
     221    266.35210756
     222    268.77434926
     223    271.20438613
     224    273.64841895
     225    276.10037969
     226    278.56620644
     227    281.04008827
     228    283.52771163
     229    286.02351187
     230    288.53293442
     231    291.05065052
     232    293.58187473
     233    296.12150422
     234    298.67453245
     235    301.23607298
     236    303.81090751
     237    306.39435684
     238    308.99099983
     239    311.59635579
     240    314.21480933
     241    316.84206985
     242    319.48233593
     243    322.13149903
     244    324.79357956
     245    327.46464335
     246    330.14854016
     247    332.84150282
     248    335.54721767
     249    338.26207744
     250    340.98961201
     251    343.72636724
     252    346.47572313
     253    349.23437222
     254    352.00555099
     255    354.78609240
     256    357.57909551
     257    360.38152778
     258    363.19635665
     259    366.02067838
     260    368.85733437
     261    371.70354421
     262    374.56202861
     263    377.43012527
     264    380.31043934
     265    383.20042159
     266    386.10256651
     267    389.01443316
     268    391.93841007
     269    394.87216000
     270    397.81797000
     271    400.77360212
     272    403.74124626
     273    406.71875953
     274    409.70823880
     275    412.70763224
     276    415.71894761
     277    418.74022025
     278    421.77337264
     279    424.81652358
     280    427.87151387
     281    430.93654224
     282    434.01337127
     283    437.10027624
     284    440.19894482
     285    443.30772558
     286    446.42823449
     287    449.55889027
     288    452.70124025
     289    455.85377033
     290    459.01796209
     291    462.19236576
     292    465.37839998
     293    468.57467657
     294    471.78255391
     295    475.00070277
     296    478.23042384
     297    481.47044437
     298    484.72200978
     299    487.98390138
     300    491.25731170
     301    494.54107381
     302    497.83632958
     303    501.14196166
     304    504.45906342
     305    507.78656495
     306    511.12551319
     307    514.47488369
     308    517.83567889
     309    521.20691787
     310    524.58956051
     311    527.98266752
     312    531.38715803
     313    534.80213264
     314    538.22847144
     315    541.66531324
     316    545.11350074
     317    548.57220932
     318    552.04224592
     319    555.52282091
     320    559.01470697
     321    562.51714800
     322    566.03088388
     323    569.55519061
     324    573.09077666
     325    576.63694875
     326    580.19438528
     327    583.76242241
     328    587.34170975
     329    590.93161163
     330    594.53275007
     331    598.14451639
     332    601.76750623
     333    605.40113672
     334    609.04597823
     335    612.70147262
     336    616.36816607
     337    620.04552410
     338    623.73406974
     339    627.43329118
     340    631.14368924
     341    634.86477385
     342    638.59702458
     343    642.33997214
     344    646.09407576
     345    649.85888604
     346    653.63484277
     347    657.42151558
     348    661.21932561
     349    665.02786076
     350    668.84752429
     351    672.67792159
     352    676.51943881
     353    680.37169808
     354    684.23506918
     355    688.10919024
     356    691.99441538
     357    695.89039808
     358    699.79747744
     359    703.71532161
     360    707.64425535
     361    711.58396085
     362    715.53474911
     363    719.49631580
     364    723.46895873
     365    727.45238647
     366    731.44688422
     367    735.45217288
     368    739.46852557
     369    743.49567503
     370    747.53388280
     371    751.58289294
     372    755.64295592
     373    759.71382662
     374    763.79574491
     375    767.88847608
     376    771.99224981
     377    776.10684133
     378    780.23247060
     379    784.36892237
     380    788.51640730
     381    792.67471924
     382    796.84405991
     383    801.02423192
     384    805.21542845
     385    809.41746045
     386    813.63051291
     387    817.85440482
     388    822.08931331
     389    826.33506505
     390    830.59182966
     391    834.85944116
     392    839.13806197
     393    843.42753314
     394    847.72801023
     395    852.03934103
     396    856.36167448
     397    860.69486482
     398    865.03905470
     399    869.39410454
     400    873.76015091
     401    878.13706019
     402    882.52496313
     403    886.92373179
     404    891.33349136
     405    895.75411934
     406    900.18573561
     407    904.62822287
     408    909.08169589
     409    913.54604238
     410    918.02137222
     411    922.50757789
     412    927.00476460
     413    931.51282942
     414    936.03187304
     415    940.56179696
     416    945.10269756
     417    949.65448055
     418    954.21723817
     419    958.79088019
     420    963.37549488
     421    967.97099589
     422    972.57746770
     423    977.19482767
     424    981.82315664
     425    986.46237554
     426    991.11256172
     427    995.77363953
     428   1000.44568294
     429   1005.12861963
     430   1009.82252033
     431   1014.52731586
     432   1019.24307389
     433   1023.96972825
     434   1028.70734363
     435   1033.45585679
     436   1038.21532958
     437   1042.98570152
     438   1047.76703173
     439   1052.55926243
     440   1057.36245011
     441   1062.17653956
     442   1067.00158473
     443   1071.83753290
     444   1076.68443560
     445   1081.54224248
     446   1086.41100274
     447   1091.29066832
     448   1096.18128615
     449   1101.08281042
     450   1105.99528586
     451   1110.91866879
     452   1115.85300188
     453   1120.79824347
     454   1125.75443422
     455   1130.72153446
     456   1135.69958290
     457   1140.68854177
     458   1145.68844793
     459   1150.69926543
     460   1155.72102933
     461   1160.75370545
     462   1165.79732710
     463   1170.85186184
     464   1175.91734127
     465   1180.99373462
     466   1186.08107185
     467   1191.17932380
     468   1196.28851886
     469   1201.40862941
     470   1206.53968231
     471   1211.68165145
     472   1216.83456222
     473   1221.99838995
     474   1227.17315859
     475   1232.35884492
     476   1237.55547146
     477   1242.76301637
     478   1247.98150083
     479   1253.21090433
     480   1258.45124672
     481   1263.70250881
     482   1268.96470914
     483   1274.23782982
     484   1279.52188812
     485   1284.81686739
     486   1290.12278366
     487   1295.43962152
     488   1300.76739579
     489   1306.10609225
     490   1311.45572451
     491   1316.81627957
     492   1322.18776986
     493   1327.57018352
     494   1332.96353184
     495   1338.36780410
     496   1343.78301046
     497   1349.20914134
     498   1354.64620576
     499   1360.09419526
     500   1365.55311774
     501   1371.02296586
     502   1376.50374641
     503   1381.99545317
     504   1387.49809181
     505   1393.01165721
     506   1398.53615394
     507   1404.07157798
     508   1409.61793282
     509   1415.17521552
     510   1420.74342847
     511   1426.32256984
     512   1431.91264091
     513   1437.51364095
     514   1443.12557015
     515   1448.74842888
     516   1454.38221622
     517   1460.02693364
     518   1465.68257912
     519   1471.34915525
     520   1477.02665888
     521   1482.71509373
     522   1488.41445551
     523   1494.12474910
     524   1499.84596904
     525   1505.57812137
     526   1511.32119947
     527   1517.07521057
     528   1522.84014684
     529   1528.61601671
     530   1534.40281115
     531   1540.20053982
     532   1546.00919243
     533   1551.82877990
     534   1557.65929069
     535   1563.50073698
     536   1569.35310595
     537   1575.21641108
     538   1581.09063823
     539   1586.97580222
     540   1592.87188755
     541   1598.77891041
     542   1604.69685391
     543   1610.62573568
     544   1616.56553737
     545   1622.51627805
     546   1628.47793790
     547   1634.45053752
     548   1640.43405556
     549   1646.42851413
     550   1652.43389033
     551   1658.45020790
     552   1664.47744227
     553   1670.51561883
     554   1676.56471136
     555   1682.62474696
     556   1688.69569765
     557   1694.77759230
     558   1700.87040113
     559   1706.97415487
     560   1713.08882185
     561   1719.21443468
     562   1725.35095980
     563   1731.49843177
     564   1737.65681502
     565   1743.82614615
     566   1750.00638751
     567   1756.19757784
     568   1762.39967731
     569   1768.61272686
     570   1774.83668442
     571   1781.07159323
     572   1787.31740887
     573   1793.57417698
     574   1799.84185067
     575   1806.12047811
     576   1812.41000986
     577   1818.71049665
     578   1825.02188643
     579   1831.34423263
     580   1837.67748043
     581   1844.02168605
     582   1850.37679184
     583   1856.74285695
     584   1863.11982072
     585   1869.50774534
     586   1875.90656705
     587   1882.31635124
     588   1888.73703089
     589   1895.16867468
     590   1901.61121222
     591   1908.06471567
     592   1914.52911110
     593   1921.00447424
     594   1927.49072750
     595   1933.98795040
     596   1940.49606149
     597   1947.01514419
     598   1953.54511304
     599   1960.08605560
     600   1966.63788222
     601   1973.20068468
     602   1979.77436899
     603   1986.35903144
     604   1992.95457343
     605   1999.56109589
     606   2006.17849550
     607   2012.80687807
     608   2019.44613528
     609   2026.09637800
     610   2032.75749272
     611   2039.42959568
     612   2046.11256791
     613   2052.80653116
     614   2059.51136081
     615   2066.22718444
     616   2072.95387148
     617   2079.69155554
     618   2086.44009990
     619   2093.19964450
     620   2099.97004613
     621   2106.75145133
     622   2113.54371014
     623   2120.34697605
     624   2127.16109201
     625   2133.98621869
     626   2140.82219169
     627   2147.66917926
     628   2154.52700926
     629   2161.39585779
     630   2168.27554467
     631   2175.16625430
     632   2182.06779802
     633   2188.98036881
     634   2195.90376924
     635   2202.83820134
     636   2209.78345844
     637   2216.73975192
     638   2223.70686554
     639   2230.68502056
     640   2237.67399065
     641   2244.67400729
     642   2251.68483369
     643   2258.70671214
     644   2265.73939478
     645   2272.78313512
     646   2279.83767384
     647   2286.90327625
     648   2293.97967098
     649   2301.06713556
     650   2308.16538611
     651   2315.27471307
     652   2322.39481936
     653   2329.52600880
     654   2336.66797064
     655   2343.82102278
     656   2350.98484006
     657   2358.15975502
     658   2365.34542753
     659   2372.54220555
     660   2379.74973319
     661   2386.96837440
     662   2394.19775693
     663   2401.43826158
     664   2408.68949888
     665   2415.95186712
     666   2423.22495893
     667   2430.50919104
     668   2437.80413723
     669   2445.11023336
     670   2452.42703365
     671   2459.75499411
     672   2467.09364835
     673   2474.44347330
     674   2481.80398119
     675   2489.17567097
     676   2496.55803235
     677   2503.95158714
     678   2511.35580166
     679   2518.77122183
     680   2526.19728931
     681   2533.63457505
     682   2541.08249513
     683   2548.54164685
     684   2556.01141932
     685   2563.49243723
     686   2570.98406170
     687   2578.48694623
     688   2586.00042247
     689   2593.52517387
     690   2601.06050143
     691   2608.60712017
     692   2616.16429882
     693   2623.73278516
     694   2631.31181440
     695   2638.90216885
     696   2646.50304843
     697   2654.11527129
     698   2661.73800067
     699   2669.37209248
     700   2677.01667136
     701   2684.67263246
     702   2692.33906027
     703   2700.01689124
     704   2707.70516765
     705   2715.40486887
     706   2723.11499324
     707   2730.83656535
     708   2738.56853732
     709   2746.31198073
     710   2754.06579960
     711   2761.83111501
     712   2769.60678039
     713   2777.39396824
     714   2785.19147937
     715   2793.00054043
     716   2800.81989686
     717   2808.65083161
     718   2816.49203252
     719   2824.34484182
     720   2832.20788671
     721   2840.08257107
     722   2847.96745905
     723   2855.86401940
     724   2863.77074991
     725   2871.68918683
     726   2879.61775890
     727   2887.55807339
     728   2895.50848641
     729   2903.47067911
     730   2911.44293202
     731   2919.42700403
     732   2927.42109614
     733   2935.42704817
     734   2943.44297831
     735   2951.47081156
     736   2959.50857900
     737   2967.55829423
     738   2975.61789768
     739   2983.68949622
     740   2991.77093486
     741   2999.86441755
     742   3007.96768999
     743   3016.08305826
     744   3024.20816360
     745   3032.34541838
     746   3040.49235508
     747   3048.65149796
     748   3056.82026502
     749   3065.00129701
     750   3073.19189276
     751   3081.39481558
     752   3089.60723892
     753   3097.83205370
     754   3106.06630280
     755   3114.31301142
     756   3122.56908507
     757   3130.83768877
     758   3139.11558495
     759   3147.40608579
     760   3155.70580317
     761   3164.01820252
     762   3172.33973890
     763   3180.67403900
     764   3189.01739291
     765   3197.37359528
     766   3205.73876430
     767   3214.11687140
     768   3222.50385392
     769   3230.90386740
     770   3239.31266077
     771   3247.73458334
     772   3256.16518578
     773   3264.60901925
     774   3273.06142786
     775   3281.52717520
     776   3290.00138801
     777   3298.48905123
     778   3306.98506507
     779   3315.49464741
     780   3324.01246010
     781   3332.54396376
     782   3341.08357184
     783   3349.63700038
     784   3358.19840144
     785   3366.77375730
     786   3375.35694753
     787   3383.95423461
     788   3392.55921135
     789   3401.17843234
     790   3409.80519143
     791   3418.44635059
     792   3427.09488910
     793   3435.75798940
     794   3444.42830275
     795   3453.11334888
     796   3461.80543384
     797   3470.51242906
     798   3479.22628061
     799   3487.95523006
     800   3496.69084466
     801   3505.44175194
     802   3514.19912404
     803   3522.97199480
     804   3531.75112050
     805   3540.54595871
     806   3549.34683194
     807   3558.16364379
     808   3566.98626023
     809   3575.82505012
     810   3584.66940310
     811   3593.53017782
     812   3602.39626258
     813   3611.27902696
     814   3620.16683617
     815   3629.07159771
     816   3637.98112612
     817   3646.90789014
     818   3655.83912968
     819   3664.78790441
     820   3673.74084929
     821   3682.71164061
     822   3691.68628197
     823   3700.67909893
     824   3709.67543036
     825   3718.69027946
     826   3727.70829121
     827   3736.74518240
     828   3745.78486741
     829   3754.84380785
     830   3763.90515538
     831   3772.98615605
     832   3782.06915830
     833   3791.17222711
     834   3800.27687224
     835   3809.40202126
     836   3818.52830069
     837   3827.67553865
     838   3836.82343932
     839   3845.99277955
     840   3855.16229197
     841   3864.35374409
     842   3873.54485388
     843   3882.75843259
     844   3891.97112925
     845   3901.20684520
     846   3910.44111286
     847   3919.69898225
     848   3928.95480934
     849   3938.23484394
     850   3947.51221293
     851   3956.81443062
     852   3966.11332870
     853   3975.43774250
     854   3984.75815034
     855   3994.10477999
     856   4003.44668342
     857   4012.81554332
     858   4022.17892098
     859   4031.57003294
     860   4040.95486916
     861   4050.36824911
     862   4059.77452027
     863   4069.21019234
     864   4078.63788110
     865   4088.09586292
     866   4097.54494313
     867   4107.02526140
     868   4116.49571390
     869   4125.99838812
     870   4135.49018395
     871   4145.01524370
     872   4154.52836164
     873   4164.07582851
     874   4173.61023647
     875   4183.18014325
     876   4192.73581772
     877   4202.32818833
     878   4211.90509374
     879   4221.51996454
     880   4231.11807484
     881   4240.75547234
     882   4250.37474803
     883   4260.03471262
     884   4269.67512482
     885   4279.35768589
     886   4289.01919074
     887   4298.72439315
     888   4308.40695860
     889   4318.13483498
     890   4327.83841226
     891   4337.58901251
     892   4347.31356605
     893   4357.08692638
     894   4366.83240190
     895   4376.62857786
     896   4386.39493586
     897   4396.21396769
     898   4406.00114768
     899   4415.84309730
     900   4425.65105539
     901   4435.51596752
     902   4445.34463623
     903   4455.23257996
     904   4465.08191048
     905   4474.99293558
     906   4484.86285253
     907   4494.79703619
     908   4504.68748525
     909   4514.64488287
     910   4524.55577975
     911   4534.53647770
     912   4544.46776189
     913   4554.47182187
     914   4564.42339897
     915   4574.45091777
     916   4584.42272033
     917   4594.47376675
     918   4604.46568886
     919   4614.54037152
     920   4624.55233795
     921   4634.65073364
     922   4644.68262538
     923   4654.80485619
     924   4664.85658924
     925   4675.00274093
     926   4685.07418133
     927   4695.24439141
     928   4705.33544527
     929   4715.52980965
     930   4725.64032590
     931   4735.85899969
     932   4745.98887330
     933   4756.23196386
     934   4766.38102411
     935   4776.64870681
     936   4786.81683609
     937   4797.10923119
     938   4807.29623617
     939   4817.61354238
     940   4827.81929125
     941   4838.16164342
     942   4848.38591672
     943   4858.75354050
     944   4868.99619041
     945   4879.38923712
     946   4889.65001396
     947   4900.06874046
     948   4910.34747834
     949   4920.79205452
     950   4931.08846867
     951   4941.55918762
     952   4951.87309187
     953   4962.37014435
     954   4972.70121306
     955   4983.22493437
     956   4993.57295871
     957   5004.12356289
     958   5014.48816960
     959   5025.06604113
     960   5035.44699628
     961   5046.05237500
     962   5056.44924970
     963   5067.08257749
     964   5077.49511045
     965   5088.15665520
     966   5098.58435255
     967   5109.27462315
     968   5119.71719450
     969   5130.43648857
     970   5140.89336417
     971   5151.64226871
     972   5162.11312847
     973   5172.89197124
     974   5183.37615701
     975   5194.18561583
     976   5204.68277939
     977   5215.52321015
     978   5226.03259061
     979   5236.90477639
     980   5247.42600288
     981   5258.33032151
     982   5268.86251396
     983   5279.79987015
     984   5290.34264687
     985   5301.31342738
     986   5311.86577004
     987   5322.87102018
     988   5333.43255820
     989   5344.47265000
     990   5355.04220304
     991   5366.11834615
     992   5376.69559211
     993   5387.80810418
     994   5398.39166719
     995   5409.54195657
     996   5420.13162330
     997   5431.31989049
     998   5441.91403323
     999   5453.14194489
    1000   5463.74055355
    1001   5475.00809697
    1002   5485.60918169
    1003   5496.91840215
    1004   5507.52230444
    1005   5518.87282918
    1006   5529.47695733
    1007   5540.87147652
    1008   5551.47677394
    1009   5562.91431415
    1010   5573.51702427
    1011   5585.00155363
    1012   5595.60373209
    1013   5607.13319346
    1014   5617.72845192
    1015   5629.30976096
    1016   5639.90274689
    1017   5651.53132624
    1018   5662.10834049
    1019   5673.79943266
    1020   5684.37546285
    1021   5696.11328444
    1022   5706.64389662
    1023   5718.47279607
    1024   5729.21479881
 ---------------------------------------
 
SCF converged! Final Ground-State Energy (Eh):             -28.7934581430012742
