 
     Two-Electron DVR    
 ------------------------
 x0     =      15.00000000
 m      =       1.00000000
 Z      =       2.00000000
 n      =             2048
 dx     =       0.01465559
 
Soft-Coulomb Parameters:
 alpha  =       0.10000000
 beta   =       0.01000000
 
 
                       Hartree-Fock                      
 --------------------------------------------------------
 no. of orbitals        =             2048
 no. of electrons       =                2
 scf_damping_switch     =        F
 scf_diis_switch        =        F
 damping_factor         =   0.00000000
 e_tolerance            = 0.0000000000100000
 maximum scf-iterations =              200
 
 
                       SCF iterations                      
 ----------------------------------------------------------
    S.No    Energy (hartree)        dE (hartree)
 ----------------------------------------------------------
       0     -7.800794490591
       1     -4.280769758115      3.520024732476
       2     -4.648833707565      0.368063949451
       3     -4.660018532287      0.011184824722
       4     -4.660527634120      0.000509101833
       5     -4.660550081367      0.000022447247
       6     -4.660551078241      0.000000996875
       7     -4.660551122433      0.000000044192
       8     -4.660551124390      0.000000001957
       9     -4.660551124478      0.000000000087
      10     -4.660551124483      0.000000000005
 ----------------------------------------------------------
  
 
 
 ---------------------------------------
     Molecular Orbital Energies (Eh)    
 ---------------------------------------
       1     -0.97520585
       2      0.02942637
       3      0.03037217
       4      0.10808453
       5      0.11283779
       6      0.23169135
       7      0.24444136
       8      0.39767823
       9      0.42344181
      10      0.60457113
      11      0.64847842
      12      0.85203886
      13      0.91855523
      14      1.14061712
      15      1.23298908
      16      1.47120824
      17      1.59133375
      18      1.84465323
      19      1.99331045
      20      2.26154088
      21      2.43875424
      22      2.72220670
      23      2.92757586
      24      3.22680632
      25      3.45973535
      26      3.77538957
      27      4.03522413
      28      4.36795226
      29      4.65405288
      30      5.00446678
      31      5.31624352
      32      5.68489819
      33      6.02182388
      34      6.40921205
      35      6.77082428
      36      7.17737772
      37      7.56327536
      38      7.98936932
      39      8.39920679
      40      8.84516577
      41      9.27864654
      42      9.74475024
      43     10.20162048
      44     10.68810955
      45     11.16815227
      46     11.67523355
      47     12.17826336
      48     12.70611456
      49     13.23197306
      50     13.78074687
      51     14.32929875
      52     14.89912638
      53     15.47025595
      54     16.06125023
      55     16.65485858
      56     17.26711657
      57     17.88311908
      58     18.51672432
      59     19.15504854
      60     19.81007304
      61     20.47065693
      62     21.14716274
      63     21.82995314
      64     22.52799381
      65     23.23294516
      66     23.95256694
      67     24.67964015
      68     25.42088300
      69     26.17004455
      70     26.93294304
      71     27.70416417
      72     28.48874823
      73     29.28200426
      74     30.08829981
      75     30.90356954
      76     31.73159906
      77     32.56886432
      78     33.41864731
      79     34.27789249
      80     35.14944590
      81     36.03065760
      82     36.92399616
      83     37.82716289
      84     38.74229941
      85     39.66741132
      86     40.60435696
      87     41.55140560
      88     42.51017008
      89     43.47914821
      90     44.45974002
      91     45.45064144
      92     46.45306799
      93     47.46588739
      94     48.49015516
      95     49.52488803
      96     50.57100269
      97     51.62764514
      98     52.69561166
      99     53.77416040
     100     54.86398314
     101     55.96443536
     102     57.07611814
     103     58.19847146
     104     59.33201766
     105     60.47627005
     106     61.63168263
     107     62.79783239
     108     63.97511397
     109     65.16315966
     110     66.36231254
     111     67.57225295
     112     68.79327918
     113     70.02511330
     114     71.26801470
     115     72.52174169
     116     73.78651986
     117     75.06213902
     118     76.34879540
     119     77.64630617
     120     78.95484202
     121     80.27424394
     122     81.60466041
     123     82.94595310
     124     84.29825121
     125     85.66143438
     126     87.03561504
     127     88.42068847
     128     89.81675251
     129     91.22371603
     130     92.64166418
     131     94.07051766
     132     95.51035060
     133     96.96109397
     134     98.42281229
     135     99.89544550
     136    101.37904977
     137    102.87357280
     138    104.37906351
     139    105.89547637
     140    107.42285398
     141    108.96115670
     142    110.51042162
     143    112.07061424
     144    113.64176686
     145    115.22384944
     146    116.81689011
     147    118.42086272
     148    120.03579176
     149    121.66165448
     150    123.29847220
     151    124.94622510
     152    126.60493178
     153    128.27457496
     154    129.95517086
     155    131.64670441
     156    133.34918976
     157    135.06261379
     158    136.78698882
     159    138.52230342
     160    140.26856833
     161    142.02577361
     162    143.79392861
     163    145.57302467
     164    147.36306994
     165    149.16405687
     166    150.97599259
     167    152.79887050
     168    154.63269683
     169    156.47746583
     170    158.33318292
     171    160.19984310
     172    162.07745110
     173    163.96600256
     174    165.86550161
     175    167.77594444
     176    169.69733468
     177    171.62966899
     178    173.57295053
     179    175.52717641
     180    177.49234937
     181    179.46846691
     182    181.45553142
     183    183.45354070
     184    185.46249686
     185    187.48239797
     186    189.51324589
     187    191.55503892
     188    193.60777869
     189    195.67146372
     190    197.74609544
     191    199.83167256
     192    201.92819632
     193    204.03566559
     194    206.15408148
     195    208.28344299
     196    210.42375109
     197    212.57500492
     198    214.73720531
     199    216.91035152
     200    219.09444428
     201    221.28948294
     202    223.49546815
     203    225.71239933
     204    227.94027706
     205    230.17910082
     206    232.42887114
     207    234.68958756
     208    236.96125053
     209    239.24385965
     210    241.53741535
     211    243.84191725
     212    246.15736572
     213    248.48376045
     214    250.82110176
     215    253.16938938
     216    255.52862360
     217    257.89880416
     218    260.27993133
     219    262.67200488
     220    265.07502507
     221    267.48899167
     222    269.91390491
     223    272.34976462
     224    274.79657097
     225    277.25432382
     226    279.72302334
     227    282.20266938
     228    284.69326211
     229    287.19480139
     230    289.70728738
     231    292.23071995
     232    294.76509923
     233    297.31042512
     234    299.86669776
     235    302.43391702
     236    305.01208303
     237    307.60119570
     238    310.20125515
     239    312.81226127
     240    315.43421417
     241    318.06711378
     242    320.71096019
     243    323.36575332
     244    326.03149328
     245    328.70817997
     246    331.39581350
     247    334.09439378
     248    336.80392092
     249    339.52439484
     250    342.25581562
     251    344.99818320
     252    347.75149766
     253    350.51575893
     254    353.29096710
     255    356.07712210
     256    358.87422401
     257    361.68227276
     258    364.50126845
     259    367.33121098
     260    370.17210046
     261    373.02393681
     262    375.88672012
     263    378.76045031
     264    381.64512748
     265    384.54075153
     266    387.44732258
     267    390.36484053
     268    393.29330548
     269    396.23271736
     270    399.18307624
     271    402.14438206
     272    405.11663490
     273    408.09983468
     274    411.09398150
     275    414.09907528
     276    417.11511610
     277    420.14210390
     278    423.18003875
     279    426.22892058
     280    429.28874947
     281    432.35952536
     282    435.44124833
     283    438.53391829
     284    441.63753535
     285    444.75209941
     286    447.87761058
     287    451.01406877
     288    454.16147406
     289    457.31982638
     290    460.48912583
     291    463.66937231
     292    466.86056592
     293    470.06270657
     294    473.27579437
     295    476.49982922
     296    479.73481122
     297    482.98074028
     298    486.23761649
     299    489.50543978
     300    492.78421023
     301    496.07392776
     302    499.37459247
     303    502.68620426
     304    506.00876324
     305    509.34226930
     306    512.68672256
     307    516.04212291
     308    519.40847047
     309    522.78576513
     310    526.17400700
     311    529.57319598
     312    532.98333217
     313    536.40441549
     314    539.83644602
     315    543.27942368
     316    546.73334858
     317    550.19822060
     318    553.67403986
     319    557.16080625
     320    560.65851989
     321    564.16718067
     322    567.68678870
     323    571.21734388
     324    574.75884632
     325    578.31129591
     326    581.87469276
     327    585.44903677
     328    589.03432806
     329    592.63056650
     330    596.23775222
     331    599.85588511
     332    603.48496528
     333    607.12499263
     334    610.77596726
     335    614.43788907
     336    618.11075818
     337    621.79457447
     338    625.48933806
     339    629.19504883
     340    632.91170691
     341    636.63931218
     342    640.37786477
     343    644.12736454
     344    647.88781164
     345    651.65920593
     346    655.44154754
     347    659.23483636
     348    663.03907250
     349    666.85425585
     350    670.68038654
     351    674.51746443
     352    678.36548966
     353    682.22446210
     354    686.09438189
     355    689.97524889
     356    693.86706324
     357    697.76982481
     358    701.68353373
     359    705.60818988
     360    709.54379338
     361    713.49034411
     362    717.44784220
     363    721.41628751
     364    725.39568020
     365    729.38602011
     366    733.38730740
     367    737.39954192
     368    741.42272382
     369    745.45685295
     370    749.50192947
     371    753.55795322
     372    757.62492436
     373    761.70284274
     374    765.79170851
     375    769.89152152
     376    774.00228192
     377    778.12398957
     378    782.25664462
     379    786.40024692
     380    790.55479662
     381    794.72029356
     382    798.89673792
     383    803.08412952
     384    807.28246854
     385    811.49175481
     386    815.71198849
     387    819.94316943
     388    824.18529779
     389    828.43837340
     390    832.70239644
     391    836.97736674
     392    841.26328446
     393    845.56014944
     394    849.86796185
     395    854.18672153
     396    858.51642863
     397    862.85708300
     398    867.20868481
     399    871.57123388
     400    875.94473040
     401    880.32917418
     402    884.72456540
     403    889.13090389
     404    893.54818983
     405    897.97642304
     406    902.41560370
     407    906.86573163
     408    911.32680702
     409    915.79882968
     410    920.28179979
     411    924.77571718
     412    929.28058203
     413    933.79639415
     414    938.32315374
     415    942.86086061
     416    947.40951494
     417    951.96911655
     418    956.53966562
     419    961.12116198
     420    965.71360581
     421    970.31699692
     422    974.93133551
     423    979.55662137
     424    984.19285472
     425    988.84003535
     426    993.49816346
     427    998.16723885
     428   1002.84726172
     429   1007.53823188
     430   1012.24014953
     431   1016.95301447
     432   1021.67682689
     433   1026.41158660
     434   1031.15729380
     435   1035.91394829
     436   1040.68155028
     437   1045.46009955
     438   1050.24959632
     439   1055.05004038
     440   1059.86143194
     441   1064.68377079
     442   1069.51705714
     443   1074.36129079
     444   1079.21647194
     445   1084.08260038
     446   1088.95967633
     447   1093.84769957
     448   1098.74667032
     449   1103.65658837
     450   1108.57745393
     451   1113.50926678
     452   1118.45202715
     453   1123.40573481
     454   1128.37039000
     455   1133.34599247
     456   1138.33254247
     457   1143.33003976
     458   1148.33848458
     459   1153.35787669
     460   1158.38821633
     461   1163.42950326
     462   1168.48173773
     463   1173.54491949
     464   1178.61904878
     465   1183.70412537
     466   1188.80014949
     467   1193.90712091
     468   1199.02503987
     469   1204.15390612
     470   1209.29371991
     471   1214.44448100
     472   1219.60618964
     473   1224.77884556
     474   1229.96244904
     475   1235.15699981
     476   1240.36249813
     477   1245.57894374
     478   1250.80633691
     479   1256.04467737
     480   1261.29396539
     481   1266.55420070
     482   1271.82538357
     483   1277.10751374
     484   1282.40059146
     485   1287.70461648
     486   1293.01958906
     487   1298.34550894
     488   1303.68237638
     489   1309.03019112
     490   1314.38895343
     491   1319.75866303
     492   1325.13932020
     493   1330.53092466
     494   1335.93347670
     495   1341.34697603
     496   1346.77142294
     497   1352.20681714
     498   1357.65315892
     499   1363.11044799
     500   1368.57868465
     501   1374.05786859
     502   1379.54800012
     503   1385.04907895
     504   1390.56110536
     505   1396.08407906
     506   1401.61800035
     507   1407.16286894
     508   1412.71868511
     509   1418.28544858
     510   1423.86315964
     511   1429.45181800
     512   1435.05142395
     513   1440.66197719
     514   1446.28347803
     515   1451.91592616
     516   1457.55932189
     517   1463.21366491
     518   1468.87895554
     519   1474.55519346
     520   1480.24237898
     521   1485.94051179
     522   1491.64959221
     523   1497.36961993
     524   1503.10059525
     525   1508.84251786
     526   1514.59538809
     527   1520.35920560
     528   1526.13397073
     529   1531.91968315
     530   1537.71634319
     531   1543.52395051
     532   1549.34250546
     533   1555.17200769
     534   1561.01245755
     535   1566.86385470
     536   1572.72619947
     537   1578.59949152
     538   1584.48373121
     539   1590.37891818
     540   1596.28505278
     541   1602.20213467
     542   1608.13016419
     543   1614.06914100
     544   1620.01906544
     545   1625.97993717
     546   1631.95175653
     547   1637.93452318
     548   1643.92823747
     549   1649.93289904
     550   1655.94850826
     551   1661.97506476
     552   1668.01256890
     553   1674.06102033
     554   1680.12041940
     555   1686.19076576
     556   1692.27205977
     557   1698.36430106
     558   1704.46749000
     559   1710.58162622
     560   1716.70671009
     561   1722.84274125
     562   1728.98972007
     563   1735.14764616
     564   1741.31651991
     565   1747.49634095
     566   1753.68710964
     567   1759.88882562
     568   1766.10148925
     569   1772.32510017
     570   1778.55965875
     571   1784.80516462
     572   1791.06161815
     573   1797.32901895
     574   1803.60736743
     575   1809.89666319
     576   1816.19690662
     577   1822.50809732
     578   1828.83023570
     579   1835.16332136
     580   1841.50735469
     581   1847.86233530
     582   1854.22826359
     583   1860.60513916
     584   1866.99296241
     585   1873.39173293
     586   1879.80145113
     587   1886.22211662
     588   1892.65372978
     589   1899.09629022
     590   1905.54979835
     591   1912.01425376
     592   1918.48965685
     593   1924.97600722
     594   1931.47330528
     595   1937.98155061
     596   1944.50074364
     597   1951.03088394
     598   1957.57197194
     599   1964.12400721
     600   1970.68699018
     601   1977.26092041
     602   1983.84579836
     603   1990.44162357
     604   1997.04839649
     605   2003.66611667
     606   2010.29478457
     607   2016.93439973
     608   2023.58496260
     609   2030.24647274
     610   2036.91893059
     611   2043.60233571
     612   2050.29668854
     613   2057.00198864
     614   2063.71823646
     615   2070.44543154
     616   2077.18357434
     617   2083.93266440
     618   2090.69270219
     619   2097.46368724
     620   2104.24562002
     621   2111.03850006
     622   2117.84232783
     623   2124.65710285
     624   2131.48282561
     625   2138.31949563
     626   2145.16711338
     627   2152.02567839
     628   2158.89519114
     629   2165.77565115
     630   2172.66705889
     631   2179.56941389
     632   2186.48271664
     633   2193.40696664
     634   2200.34216438
     635   2207.28830938
     636   2214.24540212
     637   2221.21344212
     638   2228.19242987
     639   2235.18236487
     640   2242.18324763
     641   2249.19507763
     642   2256.21785540
     643   2263.25158041
     644   2270.29625318
     645   2277.35187320
     646   2284.41844098
     647   2291.49595601
     648   2298.58441880
     649   2305.68382884
     650   2312.79418665
     651   2319.91549170
     652   2327.04774452
     653   2334.19094459
     654   2341.34509243
     655   2348.51018751
     656   2355.68623037
     657   2362.87322047
     658   2370.07115835
     659   2377.28004347
     660   2384.49987637
     661   2391.73065651
     662   2398.97238443
     663   2406.22505960
     664   2413.48868255
     665   2420.76325273
     666   2428.04877071
     667   2435.34523592
     668   2442.65264893
     669   2449.97100917
     670   2457.30031721
     671   2464.64057248
     672   2471.99177555
     673   2479.35392585
     674   2486.72702396
     675   2494.11106929
     676   2501.50606243
     677   2508.91200280
     678   2516.32889097
     679   2523.75672638
     680   2531.19550960
     681   2538.64524004
     682   2546.10591829
     683   2553.57754378
     684   2561.06011708
     685   2568.55363760
     686   2576.05810594
     687   2583.57352151
     688   2591.09988490
     689   2598.63719551
     690   2606.18545394
     691   2613.74465960
     692   2621.31481309
     693   2628.89591379
     694   2636.48796233
     695   2644.09095808
     696   2651.70490167
     697   2659.32979248
     698   2666.96563112
     699   2674.61241698
     700   2682.27015068
     701   2689.93883160
     702   2697.61846035
     703   2705.30903632
     704   2713.01056014
     705   2720.72303117
     706   2728.44645005
     707   2736.18081614
     708   2743.92613008
     709   2751.68239123
     710   2759.44960024
     711   2767.22775645
     712   2775.01686052
     713   2782.81691180
     714   2790.62791094
     715   2798.44985728
     716   2806.28275150
     717   2814.12659291
     718   2821.98138219
     719   2829.84711868
     720   2837.72380303
     721   2845.61143459
     722   2853.51001402
     723   2861.41954065
     724   2869.34001516
     725   2877.27143686
     726   2885.21380645
     727   2893.16712323
     728   2901.13138790
     729   2909.10659976
     730   2917.09275951
     731   2925.08986645
     732   2933.09792128
     733   2941.11692331
     734   2949.14687323
     735   2957.18777033
     736   2965.23961534
     737   2973.30240753
     738   2981.37614763
     739   2989.46083491
     740   2997.55647010
     741   3005.66305247
     742   3013.78058275
     743   3021.90906021
     744   3030.04848558
     745   3038.19885814
     746   3046.36017861
     747   3054.53244626
     748   3062.71566183
     749   3070.90982457
     750   3079.11493524
     751   3087.33099308
     752   3095.55799885
     753   3103.79595180
     754   3112.04485267
     755   3120.30470072
     756   3128.57549670
     757   3136.85723985
     758   3145.14993093
     759   3153.45356919
     760   3161.76815538
     761   3170.09368874
     762   3178.43017005
     763   3186.77759852
     764   3195.13597494
     765   3203.50529852
     766   3211.88557005
     767   3220.27678875
     768   3228.67895540
     769   3237.09206920
     770   3245.51613097
     771   3253.95113989
     772   3262.39709678
     773   3270.85400082
     774   3279.32185283
     775   3287.80065199
     776   3296.29039913
     777   3304.79109341
     778   3313.30273567
     779   3321.82532507
     780   3330.35886246
     781   3338.90334699
     782   3347.45877951
     783   3356.02515916
     784   3364.60248681
     785   3373.19076160
     786   3381.78998438
     787   3390.40015429
     788   3399.02127221
     789   3407.65333726
     790   3416.29635031
     791   3424.95031049
     792   3433.61521868
     793   3442.29107400
     794   3450.97787733
     795   3459.67562779
     796   3468.38432626
     797   3477.10397186
     798   3485.83456547
     799   3494.57610622
     800   3503.32859498
     801   3512.09203086
     802   3520.86641477
     803   3529.65174580
     804   3538.44802486
     805   3547.25525104
     806   3556.07342524
     807   3564.90254657
     808   3573.74261594
     809   3582.59363242
     810   3591.45559693
     811   3600.32850857
     812   3609.21236824
     813   3618.10717503
     814   3627.01292986
     815   3635.92963181
     816   3644.85728180
     817   3653.79587891
     818   3662.74542406
     819   3671.70591633
     820   3680.67735665
     821   3689.65974408
     822   3698.65307957
     823   3707.65736216
     824   3716.67259282
     825   3725.69877058
     826   3734.73589641
     827   3743.78396934
     828   3752.84299034
     829   3761.91295843
     830   3770.99387461
     831   3780.08573788
     832   3789.18854923
     833   3798.30230768
     834   3807.42701421
     835   3816.56266783
     836   3825.70926954
     837   3834.86681834
     838   3844.03531523
     839   3853.21475921
     840   3862.40515129
     841   3871.60649045
     842   3880.81877772
     843   3890.04201206
     844   3899.27619452
     845   3908.52132405
     846   3917.77740169
     847   3927.04442641
     848   3936.32239925
     849   3945.61131916
     850   3954.91118719
     851   3964.22200229
     852   3973.54376551
     853   3982.87647581
     854   3992.22013423
     855   4001.57473972
     856   4010.94029335
     857   4020.31679404
     858   4029.70424287
     859   4039.10263875
     860   4048.51198279
     861   4057.93227388
     862   4067.36351311
     863   4076.80569941
     864   4086.25883386
     865   4095.72291536
     866   4105.19794501
     867   4114.68392172
     868   4124.18084659
     869   4133.68871851
     870   4143.20753859
     871   4152.73730572
     872   4162.27802102
     873   4171.82968337
     874   4181.39229388
     875   4190.96585144
     876   4200.55035718
     877   4210.14580996
     878   4219.75221092
     879   4229.36955892
     880   4238.99785511
     881   4248.63709833
     882   4258.28728974
     883   4267.94842818
     884   4277.62051483
     885   4287.30354850
     886   4296.99753037
     887   4306.70245927
     888   4316.41833637
     889   4326.14516050
     890   4335.88293284
     891   4345.63165220
     892   4355.39131978
     893   4365.16193438
     894   4374.94349720
     895   4384.73600703
     896   4394.53946509
     897   4404.35387016
     898   4414.17922346
     899   4424.01552377
     900   4433.86277232
     901   4443.72096787
     902   4453.59011167
     903   4463.47020246
     904   4473.36124151
     905   4483.26322756
     906   4493.17616185
     907   4503.10004315
     908   4513.03487270
     909   4522.98064924
     910   4532.93737405
     911   4542.90504585
     912   4552.88366591
     913   4562.87323297
     914   4572.87374829
     915   4582.88521060
     916   4592.90762119
     917   4602.94097876
     918   4612.98528462
     919   4623.04053745
     920   4633.10673857
     921   4643.18388666
     922   4653.27198305
     923   4663.37102641
     924   4673.48101808
     925   4683.60195670
     926   4693.73384364
     927   4703.87667754
     928   4714.03045975
     929   4724.19518892
     930   4734.37086641
     931   4744.55749085
     932   4754.75506362
     933   4764.96358334
     934   4775.18305139
     935   4785.41346639
     936   4795.65482972
     937   4805.90714001
     938   4816.17039863
     939   4826.44460419
     940   4836.72975810
     941   4847.02585895
     942   4857.33290815
     943   4867.65090429
     944   4877.97984878
     945   4888.31974020
     946   4898.67057999
     947   4909.03236671
     948   4919.40510179
     949   4929.78878381
     950   4940.18341419
     951   4950.58899150
     952   4961.00551719
     953   4971.43298979
     954   4981.87141078
     955   4992.32077869
     956   5002.78109499
     957   5013.25235820
     958   5023.73456980
     959   5034.22772832
     960   5044.73183523
     961   5055.24688906
     962   5065.77289128
     963   5076.30984042
     964   5086.85773796
     965   5097.41658240
     966   5107.98637526
     967   5118.56711502
     968   5129.15880320
     969   5139.76143828
     970   5150.37502178
     971   5160.99955217
     972   5171.63503100
     973   5182.28145671
     974   5192.93883086
     975   5203.60715190
     976   5214.28642138
     977   5224.97663774
     978   5235.67780255
     979   5246.38991424
     980   5257.11297439
     981   5267.84698140
     982   5278.59193689
     983   5289.34783923
     984   5300.11469005
     985   5310.89248774
     986   5321.68123390
     987   5332.48092691
     988   5343.29156842
     989   5354.11315677
     990   5364.94569362
     991   5375.78917732
     992   5386.64360951
     993   5397.50898856
     994   5408.38531610
     995   5419.27259049
     996   5430.17081338
     997   5441.07998312
     998   5452.00010136
     999   5462.93116645
    1000   5473.87318005
    1001   5484.82614049
    1002   5495.79004946
    1003   5506.76490525
    1004   5517.75070957
    1005   5528.74746072
    1006   5539.75516041
    1007   5550.77380691
    1008   5561.80340197
    1009   5572.84394384
    1010   5583.89543426
    1011   5594.95787149
    1012   5606.03125728
    1013   5617.11558988
    1014   5628.21087105
    1015   5639.31709901
    1016   5650.43427555
    1017   5661.56239889
    1018   5672.70147081
    1019   5683.85148952
    1020   5695.01245682
    1021   5706.18437090
    1022   5717.36723358
    1023   5728.56104305
    1024   5739.76580111
    1025   5750.98150595
    1026   5762.20815940
    1027   5773.44575963
    1028   5784.69430847
    1029   5795.95380408
    1030   5807.22424831
    1031   5818.50563931
    1032   5829.79797894
    1033   5841.10126532
    1034   5852.41550035
    1035   5863.74068212
    1036   5875.07681255
    1037   5886.42388972
    1038   5897.78191554
    1039   5909.15088811
    1040   5920.53080934
    1041   5931.92167730
    1042   5943.32349394
    1043   5954.73625730
    1044   5966.15996934
    1045   5977.59462812
    1046   5989.04023557
    1047   6000.49678975
    1048   6011.96429261
    1049   6023.44274220
    1050   6034.93214048
    1051   6046.43248548
    1052   6057.94377917
    1053   6069.46601958
    1054   6080.99920870
    1055   6092.54334453
    1056   6104.09842907
    1057   6115.66446031
    1058   6127.24144028
    1059   6138.82936695
    1060   6150.42824234
    1061   6162.03806443
    1062   6173.65883525
    1063   6185.29055277
    1064   6196.93321902
    1065   6208.58683196
    1066   6220.25139366
    1067   6231.92690202
    1068   6243.61335916
    1069   6255.31076296
    1070   6267.01911553
    1071   6278.73841476
    1072   6290.46866278
    1073   6302.20985745
    1074   6313.96200091
    1075   6325.72509102
    1076   6337.49912993
    1077   6349.28411548
    1078   6361.08004984
    1079   6372.88693084
    1080   6384.70476065
    1081   6396.53353709
    1082   6408.37326236
    1083   6420.22393425
    1084   6432.08555497
    1085   6443.95812232
    1086   6455.84163850
    1087   6467.73610130
    1088   6479.64151294
    1089   6491.55787120
    1090   6503.48517830
    1091   6515.42343202
    1092   6527.37263460
    1093   6539.33278377
    1094   6551.30388182
    1095   6563.28592646
    1096   6575.27891998
    1097   6587.28286008
    1098   6599.29774907
    1099   6611.32358465
    1100   6623.36036912
    1101   6635.40810017
    1102   6647.46678012
    1103   6659.53640663
    1104   6671.61698207
    1105   6683.70850406
    1106   6695.81097498
    1107   6707.92439245
    1108   6720.04875886
    1109   6732.18407181
    1110   6744.33033371
    1111   6756.48754215
    1112   6768.65569954
    1113   6780.83480346
    1114   6793.02485634
    1115   6805.22585575
    1116   6817.43780413
    1117   6829.66069904
    1118   6841.89454292
    1119   6854.13933331
    1120   6866.39507270
    1121   6878.66175859
    1122   6890.93939348
    1123   6903.22797487
    1124   6915.52750526
    1125   6927.83798215
    1126   6940.15940806
    1127   6952.49178045
    1128   6964.83510187
    1129   6977.18936977
    1130   6989.55458670
    1131   7001.93075011
    1132   7014.31786256
    1133   7026.71592148
    1134   7039.12492945
    1135   7051.54488389
    1136   7063.97578738
    1137   7076.41763733
    1138   7088.87043635
    1139   7101.33418182
    1140   7113.80887636
    1141   7126.29451735
    1142   7138.79110743
    1143   7151.29864394
    1144   7163.81712955
    1145   7176.34656159
    1146   7188.88694273
    1147   7201.43827030
    1148   7214.00054698
    1149   7226.57377008
    1150   7239.15794230
    1151   7251.75306093
    1152   7264.35912870
    1153   7276.97614286
    1154   7289.60410618
    1155   7302.24301588
    1156   7314.89287474
    1157   7327.55367998
    1158   7340.22543440
    1159   7352.90813518
    1160   7365.60178515
    1161   7378.30638148
    1162   7391.02192701
    1163   7403.74841889
    1164   7416.48585997
    1165   7429.23424740
    1166   7441.99358404
    1167   7454.76386703
    1168   7467.54509924
    1169   7480.33727778
    1170   7493.14040555
    1171   7505.95447965
    1172   7518.77950299
    1173   7531.61547265
    1174   7544.46239156
    1175   7557.32025679
    1176   7570.18907128
    1177   7583.06883206
    1178   7595.95954213
    1179   7608.86119849
    1180   7621.77380413
    1181   7634.69735606
    1182   7647.63185728
    1183   7660.57730479
    1184   7673.53370160
    1185   7686.50104467
    1186   7699.47933707
    1187   7712.46857573
    1188   7725.46876371
    1189   7738.47989795
    1190   7751.50198153
    1191   7764.53501135
    1192   7777.57899053
    1193   7790.63391593
    1194   7803.69979070
    1195   7816.77661170
    1196   7829.86438207
    1197   7842.96309866
    1198   7856.07276463
    1199   7869.19337681
    1200   7882.32493839
    1201   7895.46744617
    1202   7908.62090335
    1203   7921.78530673
    1204   7934.96065953
    1205   7948.14695850
    1206   7961.34420691
    1207   7974.55240149
    1208   7987.77154552
    1209   8001.00163570
    1210   8014.24267535
    1211   8027.49466114
    1212   8040.75759641
    1213   8054.03147781
    1214   8067.31630870
    1215   8080.61208572
    1216   8093.91881223
    1217   8107.23648486
    1218   8120.56510701
    1219   8133.90467526
    1220   8147.25519304
    1221   8160.61665691
    1222   8173.98907032
    1223   8187.37242982
    1224   8200.76673886
    1225   8214.17199398
    1226   8227.58819867
    1227   8241.01534942
    1228   8254.45344975
    1229   8267.90249613
    1230   8281.36249210
    1231   8294.83343412
    1232   8308.31532573
    1233   8321.80816338
    1234   8335.31195065
    1235   8348.82668394
    1236   8362.35236686
    1237   8375.88899579
    1238   8389.43657437
    1239   8402.99509894
    1240   8416.56457317
    1241   8430.14499339
    1242   8443.73636328
    1243   8457.33867915
    1244   8470.95194470
    1245   8484.57615622
    1246   8498.21131744
    1247   8511.85742462
    1248   8525.51448150
    1249   8539.18248433
    1250   8552.86143688
    1251   8566.55133537
    1252   8580.25218360
    1253   8593.96397775
    1254   8607.68672165
    1255   8621.42041146
    1256   8635.16505104
    1257   8648.92063652
    1258   8662.68717178
    1259   8676.46465293
    1260   8690.25308387
    1261   8704.05246069
    1262   8717.86278732
    1263   8731.68405981
    1264   8745.51628213
    1265   8759.35945029
    1266   8773.21356830
    1267   8787.07863214
    1268   8800.95464584
    1269   8814.84160537
    1270   8828.73951476
    1271   8842.64836997
    1272   8856.56817507
    1273   8870.49892596
    1274   8884.44062675
    1275   8898.39327334
    1276   8912.35686983
    1277   8926.33141211
    1278   8940.31690431
    1279   8954.31334227
    1280   8968.32073019
    1281   8982.33906385
    1282   8996.36834747
    1283   9010.40857683
    1284   9024.45975616
    1285   9038.52188122
    1286   9052.59495627
    1287   9066.67897703
    1288   9080.77394780
    1289   9094.87986426
    1290   9108.99673075
    1291   9123.12454293
    1292   9137.26330514
    1293   9151.41301302
    1294   9165.57367096
    1295   9179.74527456
    1296   9193.92782822
    1297   9208.12132753
    1298   9222.32577693
    1299   9236.54117196
    1300   9250.76751709
    1301   9265.00480783
    1302   9279.25304870
    1303   9293.51223517
    1304   9307.78237177
    1305   9322.06345396
    1306   9336.35548631
    1307   9350.65846422
    1308   9364.97239231
    1309   9379.29726596
    1310   9393.63308979
    1311   9407.97985917
    1312   9422.33757875
    1313   9436.70624386
    1314   9451.08585920
    1315   9465.47642004
    1316   9479.87793113
    1317   9494.29038771
    1318   9508.71379455
    1319   9523.14814687
    1320   9537.59344948
    1321   9552.04969754
    1322   9566.51689590
    1323   9580.99503971
    1324   9595.48413383
    1325   9609.98417339
    1326   9624.49516328
    1327   9639.01709858
    1328   9653.54998424
    1329   9668.09381529
    1330   9682.64859672
    1331   9697.21432353
    1332   9711.79100073
    1333   9726.37862329
    1334   9740.97719627
    1335   9755.58671459
    1336   9770.20718335
    1337   9784.83859743
    1338   9799.48096196
    1339   9814.13427180
    1340   9828.79853212
    1341   9843.47373773
    1342   9858.15989383
    1343   9872.85699520
    1344   9887.56504709
    1345   9902.28404423
    1346   9917.01399191
    1347   9931.75488482
    1348   9946.50672829
    1349   9961.26951698
    1350   9976.04325624
    1351   9990.82794070
    1352  10005.62357576
    1353  10020.43015600
    1354  10035.24768685
    1355  10050.07616288
    1356  10064.91558953
    1357  10079.76596133
    1358  10094.62728379
    1359  10109.49955138
    1360  10124.38276964
    1361  10139.27693301
    1362  10154.18204708
    1363  10169.09810624
    1364  10184.02511613
    1365  10198.96307108
    1366  10213.91197677
    1367  10228.87182751
    1368  10243.84262902
    1369  10258.82437555
    1370  10273.81707288
    1371  10288.82071521
    1372  10303.83530835
    1373  10318.86084648
    1374  10333.89733544
    1375  10348.94476937
    1376  10364.00315416
    1377  10379.07248389
    1378  10394.15276450
    1379  10409.24399004
    1380  10424.34616647
    1381  10439.45928781
    1382  10454.58336008
    1383  10469.71837723
    1384  10484.86434533
    1385  10500.02125829
    1386  10515.18912222
    1387  10530.36793099
    1388  10545.55769076
    1389  10560.75839534
    1390  10575.97005095
    1391  10591.19265135
    1392  10606.42620279
    1393  10621.67069901
    1394  10636.92614630
    1395  10652.19253833
    1396  10667.46988146
    1397  10682.75816932
    1398  10698.05740830
    1399  10713.36759198
    1400  10728.68872680
    1401  10744.02080630
    1402  10759.36383698
    1403  10774.71781231
    1404  10790.08273883
    1405  10805.45860999
    1406  10820.84543237
    1407  10836.24319936
    1408  10851.65191759
    1409  10867.07158041
    1410  10882.50219450
    1411  10897.94375316
    1412  10913.39626311
    1413  10928.85971759
    1414  10944.33412341
    1415  10959.81947373
    1416  10975.31577541
    1417  10990.82302157
    1418  11006.34121911
    1419  11021.87036111
    1420  11037.41045452
    1421  11052.96149236
    1422  11068.52348164
    1423  11084.09641532
    1424  11099.68030047
    1425  11115.27512999
    1426  11130.88091101
    1427  11146.49763639
    1428  11162.12531328
    1429  11177.76393450
    1430  11193.41350727
    1431  11209.07402434
    1432  11224.74549298
    1433  11240.42790590
    1434  11256.12127043
    1435  11271.82557920
    1436  11287.54083960
    1437  11303.26704423
    1438  11319.00420052
    1439  11334.75230099
    1440  11350.51135316
    1441  11366.28134949
    1442  11382.06229755
    1443  11397.85418974
    1444  11413.65703369
    1445  11429.47082173
    1446  11445.29556157
    1447  11461.13124547
    1448  11476.97788120
    1449  11492.83546096
    1450  11508.70399258
    1451  11524.58346820
    1452  11540.47389571
    1453  11556.37526720
    1454  11572.28759060
    1455  11588.21085795
    1456  11604.14507726
    1457  11620.09024047
    1458  11636.04635567
    1459  11652.01341475
    1460  11667.99142585
    1461  11683.98038079
    1462  11699.98028779
    1463  11715.99113861
    1464  11732.01294151
    1465  11748.04568819
    1466  11764.08938699
    1467  11780.14402954
    1468  11796.20962425
    1469  11812.28616267
    1470  11828.37365328
    1471  11844.47208758
    1472  11860.58147410
    1473  11876.70180426
    1474  11892.83308669
    1475  11908.97531272
    1476  11925.12849106
    1477  11941.29261297
    1478  11957.46768721
    1479  11973.65370500
    1480  11989.85067515
    1481  12006.05858881
    1482  12022.27745488
    1483  12038.50726442
    1484  12054.74802640
    1485  12070.99973181
    1486  12087.26238970
    1487  12103.53599099
    1488  12119.82054480
    1489  12136.11604196
    1490  12152.42249169
    1491  12168.73988473
    1492  12185.06823037
    1493  12201.40751929
    1494  12217.75776084
    1495  12234.11894564
    1496  12250.49108312
    1497  12266.87416379
    1498  12283.26819719
    1499  12299.67317374
    1500  12316.08910306
    1501  12332.51597549
    1502  12348.95380072
    1503  12365.40256903
    1504  12381.86229019
    1505  12398.33295438
    1506  12414.81457146
    1507  12431.30713153
    1508  12447.81064453
    1509  12464.32510048
    1510  12480.85050940
    1511  12497.38686123
    1512  12513.93416607
    1513  12530.49241378
    1514  12547.06161454
    1515  12563.64175813
    1516  12580.23285482
    1517  12596.83489429
    1518  12613.44788690
    1519  12630.07182224
    1520  12646.70671078
    1521  12663.35254201
    1522  12680.00932647
    1523  12696.67705357
    1524  12713.35573396
    1525  12730.04535693
    1526  12746.74593325
    1527  12763.45745210
    1528  12780.17992434
    1529  12796.91333907
    1530  12813.65770723
    1531  12830.41301784
    1532  12847.17928192
    1533  12863.95648841
    1534  12880.74464842
    1535  12897.54375077
    1536  12914.35380671
    1537  12931.17480494
    1538  12948.00675680
    1539  12964.84965090
    1540  12981.70349869
    1541  12998.56828866
    1542  13015.44403237
    1543  13032.33071822
    1544  13049.22835785
    1545  13066.13693956
    1546  13083.05647512
    1547  13099.98695270
    1548  13116.92838418
    1549  13133.88075763
    1550  13150.84408503
    1551  13167.81835435
    1552  13184.80357767
    1553  13201.79974286
    1554  13218.80686210
    1555  13235.82492315
    1556  13252.85393831
    1557  13269.89389522
    1558  13286.94480630
    1559  13304.00665907
    1560  13321.07946607
    1561  13338.16321470
    1562  13355.25791761
    1563  13372.36356210
    1564  13389.48016093
    1565  13406.60770128
    1566  13423.74619602
    1567  13440.89563222
    1568  13458.05602288
    1569  13475.22735494
    1570  13492.40964151
    1571  13509.60286941
    1572  13526.80705189
    1573  13544.02217564
    1574  13561.24825404
    1575  13578.48527363
    1576  13595.73324793
    1577  13612.99216337
    1578  13630.26203358
    1579  13647.54284486
    1580  13664.83461098
    1581  13682.13731809
    1582  13699.45098011
    1583  13716.77558307
    1584  13734.11114099
    1585  13751.45763978
    1586  13768.81509360
    1587  13786.18348821
    1588  13803.56283794
    1589  13820.95312838
    1590  13838.35437400
    1591  13855.76656027
    1592  13873.18970178
    1593  13890.62378387
    1594  13908.06882127
    1595  13925.52479918
    1596  13942.99173247
    1597  13960.46960620
    1598  13977.95843538
    1599  13995.45820491
    1600  14012.96892998
    1601  14030.49059532
    1602  14048.02321627
    1603  14065.56677742
    1604  14083.12129425
    1605  14100.68675119
    1606  14118.26316390
    1607  14135.85051664
    1608  14153.44882522
    1609  14171.05807376
    1610  14188.67827821
    1611  14206.30942254
    1612  14223.95152286
    1613  14241.60456296
    1614  14259.26855915
    1615  14276.94349504
    1616  14294.62938709
    1617  14312.32621875
    1618  14330.03400666
    1619  14347.75273409
    1620  14365.48241785
    1621  14383.22304105
    1622  14400.97462066
    1623  14418.73713963
    1624  14436.51061509
    1625  14454.29502980
    1626  14472.09040111
    1627  14489.89671158
    1628  14507.71397872
    1629  14525.54218493
    1630  14543.38134791
    1631  14561.23144987
    1632  14579.09250868
    1633  14596.96450636
    1634  14614.84746100
    1635  14632.74135442
    1636  14650.64620488
    1637  14668.56199402
    1638  14686.48874030
    1639  14704.42642515
    1640  14722.37506724
    1641  14740.33464781
    1642  14758.30518571
    1643  14776.28666198
    1644  14794.27909568
    1645  14812.28246765
    1646  14830.29679715
    1647  14848.32206481
    1648  14866.35829010
    1649  14884.40545344
    1650  14902.46357452
    1651  14920.53263354
    1652  14938.61265040
    1653  14956.70360509
    1654  14974.80551773
    1655  14992.91836807
    1656  15011.04217648
    1657  15029.17692248
    1658  15047.32262666
    1659  15065.47926830
    1660  15083.64686824
    1661  15101.82540552
    1662  15120.01490120
    1663  15138.21533411
    1664  15156.42672554
    1665  15174.64905407
    1666  15192.88234124
    1667  15211.12656538
    1668  15229.38174828
    1669  15247.64786803
    1670  15265.92494665
    1671  15284.21296199
    1672  15302.51193633
    1673  15320.82184726
    1674  15339.14271731
    1675  15357.47452380
    1676  15375.81728956
    1677  15394.17099162
    1678  15412.53565307
    1679  15430.91125068
    1680  15449.29780782
    1681  15467.69530098
    1682  15486.10375379
    1683  15504.52314248
    1684  15522.95349096
    1685  15541.39477518
    1686  15559.84701932
    1687  15578.31019905
    1688  15596.78433884
    1689  15615.26941407
    1690  15633.76544950
    1691  15652.27242022
    1692  15670.79035129
    1693  15689.31921748
    1694  15707.85904418
    1695  15726.40980583
    1696  15744.97152814
    1697  15763.54418525
    1698  15782.12780316
    1699  15800.72235571
    1700  15819.32786922
    1701  15837.94431719
    1702  15856.57172628
    1703  15875.21006966
    1704  15893.85937433
    1705  15912.51961311
    1706  15931.19081334
    1707  15949.87294750
    1708  15968.56604328
    1709  15987.27007281
    1710  16005.98506413
    1711  16024.71098902
    1712  16043.44787587
    1713  16062.19569610
    1714  16080.95447846
    1715  16099.72419401
    1716  16118.50487188
    1717  16137.29648274
    1718  16156.09905610
    1719  16174.91256225
    1720  16193.73703109
    1721  16212.57243252
    1722  16231.41879682
    1723  16250.27609351
    1724  16269.14435326
    1725  16288.02354519
    1726  16306.91370037
    1727  16325.81478753
    1728  16344.72683814
    1729  16363.64982050
    1730  16382.58376652
    1731  16401.52864407
    1732  16420.48448548
    1733  16439.45125820
    1734  16458.42899499
    1735  16477.41766286
    1736  16496.41729501
    1737  16515.42785801
    1738  16534.44938551
    1739  16553.48184361
    1740  16572.52526645
    1741  16591.57961964
    1742  16610.64493779
    1743  16629.72118605
    1744  16648.80839950
    1745  16667.90654280
    1746  16687.01565153
    1747  16706.13568985
    1748  16725.26669384
    1749  16744.40862716
    1750  16763.56152640
    1751  16782.72535470
    1752  16801.90014916
    1753  16821.08587241
    1754  16840.28256209
    1755  16859.49018026
    1756  16878.70876512
    1757  16897.93827820
    1758  16917.17875823
    1759  16936.43016618
    1760  16955.69254137
    1761  16974.96584416
    1762  16994.25011448
    1763  17013.54531210
    1764  17032.85147752
    1765  17052.16856993
    1766  17071.49663044
    1767  17090.83561762
    1768  17110.18557319
    1769  17129.54645511
    1770  17148.91830572
    1771  17168.30108235
    1772  17187.69482798
    1773  17207.09949928
    1774  17226.51513991
    1775  17245.94170586
    1776  17265.37924145
    1777  17284.82770202
    1778  17304.28713256
    1779  17323.75748771
    1780  17343.23881317
    1781  17362.73106287
    1782  17382.23428322
    1783  17401.74842744
    1784  17421.27354266
    1785  17440.80958135
    1786  17460.35659142
    1787  17479.91452455
    1788  17499.48342943
    1789  17519.06325698
    1790  17538.65405664
    1791  17558.25577855
    1792  17577.86847298
    1793  17597.49208922
    1794  17617.12667837
    1795  17636.77218890
    1796  17656.42867275
    1797  17676.09607753
    1798  17695.77445605
    1799  17715.46375504
    1800  17735.16402819
    1801  17754.87522135
    1802  17774.59738910
    1803  17794.33047638
    1804  17814.07453871
    1805  17833.82952007
    1806  17853.59547692
    1807  17873.37235232
    1808  17893.16020368
    1809  17912.95897306
    1810  17932.76871888
    1811  17952.58938220
    1812  17972.42102245
    1813  17992.26357966
    1814  18012.11711430
    1815  18031.98156534
    1816  18051.85699435
    1817  18071.74333917
    1818  18091.64066249
    1819  18111.54890105
    1820  18131.46811864
    1821  18151.39825088
    1822  18171.33936271
    1823  18191.29138857
    1824  18211.25439459
    1825  18231.22831401
    1826  18251.21321418
    1827  18271.20902711
    1828  18291.21582139
    1829  18311.23352776
    1830  18331.26221610
    1831  18351.30181586
    1832  18371.35239822
    1833  18391.41389129
    1834  18411.48636761
    1835  18431.56975394
    1836  18451.66412419
    1837  18471.76940370
    1838  18491.88566782
    1839  18512.01284045
    1840  18532.15099839
    1841  18552.30006407
    1842  18572.46011577
    1843  18592.63107442
    1844  18612.81301984
    1845  18633.00587140
    1846  18653.20971047
    1847  18673.42445486
    1848  18693.65018753
    1849  18713.88682466
    1850  18734.13445088
    1851  18754.39298068
    1852  18774.66250038
    1853  18794.94292276
    1854  18815.23433588
    1855  18835.53665077
    1856  18855.84995725
    1857  18876.17416455
    1858  18896.50936431
    1859  18916.85546394
    1860  18937.21255693
    1861  18957.58054880
    1862  18977.95953494
    1863  18998.34941896
    1864  19018.75029817
    1865  19039.16207424
    1866  19059.58484645
    1867  19080.01851449
    1868  19100.46317963
    1869  19120.91873951
    1870  19141.38529749
    1871  19161.86274914
    1872  19182.35119988
    1873  19202.85054318
    1874  19223.36088658
    1875  19243.88212145
    1876  19264.41435742
    1877  19284.95748373
    1878  19305.51161218
    1879  19326.07662984
    1880  19346.65265067
    1881  19367.23955956
    1882  19387.83747265
    1883  19408.44627268
    1884  19429.06607793
    1885  19449.69676898
    1886  19470.33846624
    1887  19490.99104822
    1888  19511.65463741
    1889  19532.32911017
    1890  19553.01459112
    1891  19573.71095460
    1892  19594.41832719
    1893  19615.13658125
    1894  19635.86584529
    1895  19656.60598986
    1896  19677.35714524
    1897  19698.11918017
    1898  19718.89222665
    1899  19739.67615192
    1900  19760.47108937
    1901  19781.27690481
    1902  19802.09373295
    1903  19822.92143857
    1904  19843.76015725
    1905  19864.60975289
    1906  19885.47036178
    1907  19906.34184746
    1908  19927.22434639
    1909  19948.11772198
    1910  19969.02211054
    1911  19989.93737612
    1912  20010.86365410
    1913  20031.80080953
    1914  20052.74897644
    1915  20073.70802188
    1916  20094.67807747
    1917  20115.65901281
    1918  20136.65095647
    1919  20157.65378197
    1920  20178.66761336
    1921  20199.69232895
    1922  20220.72804735
    1923  20241.77465340
    1924  20262.83225837
    1925  20283.90075490
    1926  20304.98024552
    1927  20326.07063305
    1928  20347.17200878
    1929  20368.28428742
    1930  20389.40754709
    1931  20410.54171760
    1932  20431.68686050
    1933  20452.84292312
    1934  20474.00994777
    1935  20495.18790356
    1936  20516.37680903
    1937  20537.57665842
    1938  20558.78744283
    1939  20580.00918728
    1940  20601.24184940
    1941  20622.48548960
    1942  20643.74002700
    1943  20665.00556496
    1944  20686.28197601
    1945  20707.56941280
    1946  20728.86769436
    1947  20750.17703268
    1948  20771.49718259
    1949  20792.82842403
    1950  20814.17043821
    1951  20835.52358642
    1952  20856.88746200
    1953  20878.26251928
    1954  20899.64825093
    1955  20921.04522219
    1956  20942.45280606
    1957  20963.87169457
    1958  20985.30112371
    1959  21006.74193605
    1960  21028.19320529
    1961  21049.65594606
    1962  21071.12904630
    1963  21092.61372431
    1964  21114.10864860
    1965  21135.61527025
    1966  21157.13200663
    1967  21178.66058371
    1968  21200.19912286
    1969  21221.74966420
    1970  21243.30999037
    1971  21264.88251171
    1972  21286.46461239
    1973  21308.05912586
    1974  21329.66298027
    1975  21351.27950686
    1976  21372.90509822
    1977  21394.54365450
    1978  21416.19095541
    1979  21437.85156931
    1980  21459.52055727
    1981  21481.20325131
    1982  21502.89389018
    1983  21524.59870147
    1984  21546.31096115
    1985  21568.03792014
    1986  21589.77175300
    1987  21611.52090884
    1988  21633.27627479
    1989  21655.04766836
    1990  21676.82450481
    1991  21698.61820095
    1992  21720.41645481
    1993  21742.23250793
    1994  21764.05209731
    1995  21785.89059238
    1996  21807.73144760
    1997  21829.59245626
    1998  21851.45447106
    1999  21873.33810346
    2000  21895.22118770
    2001  21917.12753656
    2002  21939.03155423
    2003  21960.96075996
    2004  21982.88559704
    2005  22004.83777647
    2006  22026.78326295
    2007  22048.75858999
    2008  22070.72458714
    2009  22092.72320243
    2010  22114.70950639
    2011  22136.73161455
    2012  22158.73806832
    2013  22180.78382440
    2014  22202.81020281
    2015  22224.87982341
    2016  22246.92597555
    2017  22269.01959887
    2018  22291.08532076
    2019  22313.20311884
    2020  22335.28833121
    2021  22357.43034414
    2022  22379.53497664
    2023  22401.70118779
    2024  22423.82539129
    2025  22446.01554842
    2026  22468.15965998
    2027  22490.37321214
    2028  22512.53798113
    2029  22534.77393274
    2030  22556.96075425
    2031  22579.21720315
    2032  22601.42827105
    2033  22623.70244080
    2034  22645.94174619
    2035  22668.22847301
    2036  22690.50152208
    2037  22712.79400812
    2038  22735.11080868
    2039  22757.39661908
    2040  22779.76907518
    2041  22802.03426646
    2042  22824.48396964
    2043  22846.70360557
    2044  22869.24776811
    2045  22891.40248930
    2046  22914.09328264
    2047  22936.09768126
    2048  22959.12788298
 ---------------------------------------
 
SCF converged! Final Ground-State Energy (Eh):              -4.6605511244832396
