 
     Two-Electron DVR    
 ------------------------
 x0     =      15.00000000
 m      =       1.00000000
 Z      =       3.00000000
 n      =             1024
 dx     =       0.02932551
 
Soft-Coulomb Parameters:
 alpha  =       1.00000000
 beta   =       1.00000000
 
 
                       Hartree-Fock                      
 --------------------------------------------------------
 no. of orbitals        =             1024
 no. of electrons       =                2
 scf_damping_switch     =        F
 scf_diis_switch        =        F
 damping_factor         =   0.00000000
 e_tolerance            = 0.0000000000100000
 maximum scf-iterations =              200
 
 
                       SCF iterations                      
 ----------------------------------------------------------
    S.No    Energy (hartree)        dE (hartree)
 ----------------------------------------------------------
       0     -4.671397010573
       1     -3.877961637619      0.793435372954
       2     -3.887038902550      0.009077264931
       3     -3.887526731899      0.000487829350
       4     -3.887552868756      0.000026136857
       5     -3.887554278800      0.000001410044
       6     -3.887554355321      0.000000076521
       7     -3.887554359488      0.000000004167
       8     -3.887554359716      0.000000000228
       9     -3.887554359728      0.000000000012
      10     -3.887554359729      0.000000000001
 ----------------------------------------------------------
  
 
 
 ---------------------------------------
     Molecular Orbital Energies (Eh)    
 ---------------------------------------
       1     -1.55712999
       2     -0.30139748
       3     -0.15002422
       4     -0.09296014
       5     -0.04712268
       6      0.00181108
       7      0.06684061
       8      0.14164646
       9      0.23129759
      10      0.33091378
      11      0.44365874
      12      0.56703540
      13      0.70227234
      14      0.84868770
      15      1.00616349
      16      1.17512299
      17      1.35471713
      18      1.54589961
      19      1.74754356
      20      1.96075371
      21      2.18440042
      22      2.41952793
      23      2.66514107
      24      2.92212906
      25      3.18967961
      26      3.46850259
      27      3.75796768
      28      4.05861728
      29      4.36997945
      30      4.69245583
      31      5.02570223
      32      5.37000920
      33      5.72513069
      34      6.09127319
      35      6.46826347
      36      6.85624632
      37      7.25510120
      38      7.66492857
      39      8.08564536
      40      8.51732068
      41      8.95989771
      42      9.41342366
      43      9.87785993
      44     10.35323860
      45     10.83953355
      46     11.33676649
      47     11.84491983
      48     12.36400820
      49     12.89401979
      50     13.43496444
      51     13.98683425
      52     14.54963579
      53     15.12336380
      54     15.70802268
      55     16.30360890
      56     16.91012542
      57     17.52756988
      58     18.15594424
      59     18.79524693
      60     19.44547927
      61     20.10664019
      62     20.77873059
      63     21.46174974
      64     22.15569823
      65     22.86057557
      66     23.57638218
      67     24.30311769
      68     25.04078240
      69     25.78937605
      70     26.54889884
      71     27.31935058
      72     28.10073142
      73     28.89304122
      74     29.69628008
      75     30.51044788
      76     31.33554472
      77     32.17157049
      78     33.01852526
      79     33.87640895
      80     34.74522161
      81     35.62496317
      82     36.51563369
      83     37.41723309
      84     38.32976143
      85     39.25321862
      86     40.18760473
      87     41.13291968
      88     42.08916353
      89     43.05633620
      90     44.03443776
      91     45.02346812
      92     46.02342735
      93     47.03431537
      94     48.05613225
      95     49.08887790
      96     50.13255239
      97     51.18715564
      98     52.25268772
      99     53.32914855
     100     54.41653820
     101     55.51485659
     102     56.62410378
     103     57.74427970
     104     58.87538442
     105     60.01741786
     106     61.17038009
     107     62.33427102
     108     63.50909074
     109     64.69483915
     110     65.89151635
     111     67.09912223
     112     68.31765688
     113     69.54712021
     114     70.78751232
     115     72.03883309
     116     73.30108263
     117     74.57426084
     118     75.85836781
     119     77.15340343
     120     78.45936781
     121     79.77626084
     122     81.10408263
     123     82.44283307
     124     83.79251226
     125     85.15312009
     126     86.52465667
     127     87.90712188
     128     89.30051586
     129     90.70483845
     130     92.12008980
     131     93.54626977
     132     94.98337850
     133     96.43141584
     134     97.89038194
     135     99.36027665
     136    100.84110012
     137    102.33285218
     138    103.83553301
     139    105.34914244
     140    106.87368063
     141    108.40914741
     142    109.95554296
     143    111.51286710
     144    113.08112000
     145    114.66030149
     146    116.25041174
     147    117.85145058
     148    119.46341818
     149    121.08631437
     150    122.72013932
     151    124.36489286
     152    126.02057516
     153    127.68718604
     154    129.36472569
     155    131.05319391
     156    132.75259091
     157    134.46291647
     158    136.18417082
     159    137.91635373
     160    139.65946542
     161    141.41350568
     162    143.17847471
     163    144.95437231
     164    146.74119870
     165    148.53895364
     166    150.34763738
     167    152.16724967
     168    153.99779075
     169    155.83926038
     170    157.69165881
     171    159.55498580
     172    161.42924158
     173    163.31442591
     174    165.21053904
     175    167.11758072
     176    169.03555120
     177    170.96445023
     178    172.90427807
     179    174.85503445
     180    176.81671965
     181    178.78933338
     182    180.77287594
     183    182.76734703
     184    184.77274694
     185    186.78907538
     186    188.81633266
     187    190.85451846
     188    192.90363310
     189    194.96367627
     190    197.03464827
     191    199.11654880
     192    201.20937817
     193    203.31313606
     194    205.42782280
     195    207.55343806
     196    209.68998217
     197    211.83745480
     198    213.99585629
     199    216.16518629
     200    218.34544516
     201    220.53663253
     202    222.73874878
     203    224.95179353
     204    227.17576716
     205    229.41066930
     206    231.65650031
     207    233.91325983
     208    236.18094823
     209    238.45956513
     210    240.74911093
     211    243.04958522
     212    245.36098841
     213    247.68332009
     214    250.01658068
     215    252.36076976
     216    254.71588774
     217    257.08193422
     218    259.45890961
     219    261.84681349
     220    264.24564629
     221    266.65540757
     222    269.07609778
     223    271.50771647
     224    273.95026409
     225    276.40374020
     226    278.86814524
     227    281.34347876
     228    283.82974122
     229    286.32693216
     230    288.83505204
     231    291.35410040
     232    293.88407772
     233    296.42498350
     234    298.97681825
     235    301.53958146
     236    304.11327364
     237    306.69789429
     238    309.29344391
     239    311.89992200
     240    314.51732906
     241    317.14566459
     242    319.78492910
     243    322.43512207
     244    325.09624404
     245    327.76829446
     246    330.45127388
     247    333.14518175
     248    335.85001863
     249    338.56578396
     250    341.29247830
     251    344.03010109
     252    346.77865290
     253    349.53813316
     254    352.30854244
     255    355.08988016
     256    357.88214692
     257    360.68534212
     258    363.49946636
     259    366.32451904
     260    369.16050077
     261    372.00741092
     262    374.86525014
     263    377.73401778
     264    380.61371449
     265    383.50433963
     266    386.40589384
     267    389.31837647
     268    392.24178818
     269    395.17612831
     270    398.12139753
     271    401.07759517
     272    404.04472190
     273    407.02277705
     274    410.01176130
     275    413.01167395
     276    416.02251573
     277    419.04428590
     278    422.07698520
     279    425.12061290
     280    428.17516974
     281    431.24065496
     282    434.31706933
     283    437.40441209
     284    440.50268400
     285    443.61188430
     286    446.73201376
     287    449.86307160
     288    453.00505861
     289    456.15797400
     290    459.32181856
     291    462.49659150
     292    465.68229363
     293    468.87892413
     294    472.08648382
     295    475.30497189
     296    478.53438915
     297    481.77473478
     298    485.02600963
     299    488.28821283
     300    491.56134526
     301    494.84540604
     302    498.14039605
     303    501.44631442
     304    504.76316203
     305    508.09093798
     306    511.42964319
     307    514.77927674
     308    518.13983955
     309    521.51133070
     310    524.89375112
     311    528.28709988
     312    531.69137791
     313    535.10658428
     314    538.53271993
     315    541.96978392
     316    545.41777720
     317    548.87669880
     318    552.34654972
     319    555.82732895
     320    559.31903750
     321    562.82167437
     322    566.33524056
     323    569.85973507
     324    573.39515891
     325    576.94151106
     326    580.49879256
     327    584.06700236
     328    587.64614152
     329    591.23620898
     330    594.83720580
     331    598.44913092
     332    602.07198542
     333    605.70576821
     334    609.35048039
     335    613.00612085
     336    616.67269071
     337    620.35018885
     338    624.03861641
     339    627.73797223
     340    631.44825748
     341    635.16947100
     342    638.90161396
     343    642.64468517
     344    646.39868584
     345    650.16361476
     346    653.93947314
     347    657.72625977
     348    661.52397587
     349    665.33262022
     350    669.15219405
     351    672.98269612
     352    676.82412768
     353    680.67648748
     354    684.53977679
     355    688.41399432
     356    692.29914138
     357    696.19521665
     358    700.10222146
     359    704.02015448
     360    707.94901706
     361    711.88880783
     362    715.83952817
     363    719.80117671
     364    723.77375482
     365    727.75726113
     366    731.75169702
     367    735.75706110
     368    739.77335478
     369    743.80057664
     370    747.83872811
     371    751.88780776
     372    755.94781704
     373    760.01875448
     374    764.10062156
     375    768.19341681
     376    772.29714170
     377    776.41179475
     378    780.53737747
     379    784.67388834
     380    788.82132888
     381    792.97969757
     382    797.14899595
     383    801.32922247
     384    805.52037869
     385    809.72246304
     386    813.93547712
     387    818.15941931
     388    822.39429124
     389    826.64009128
     390    830.89682107
     391    835.16447897
     392    839.44306664
     393    843.73258240
     394    848.03302794
     395    852.34440157
     396    856.66670500
     397    860.99993651
     398    865.34409783
     399    869.69918722
     400    874.06520644
     401    878.44215373
     402    882.83003086
     403    887.22883604
     404    891.63857109
     405    896.05923418
     406    900.49082714
     407    904.93334815
     408    909.38679904
     409    913.85117797
     410    918.32648680
     411    922.81272366
     412    927.30989044
     413    931.81798523
     414    936.33700996
     415    940.86696270
     416    945.40784539
     417    949.95965607
     418    954.52239673
     419    959.09606538
     420    963.68066401
     421    968.27619063
     422    972.88264724
     423    977.50003183
     424    982.12834644
     425    986.76758901
     426    991.41776162
     427    996.07886218
     428   1000.75089279
     429   1005.43385135
     430   1010.12773998
     431   1014.83255654
     432   1019.54830320
     433   1024.27497777
     434   1029.01258246
     435   1033.76111505
     436   1038.52057778
     437   1043.29096840
     438   1048.07228917
     439   1052.86453783
     440   1057.66771666
     441   1062.48182337
     442   1067.30686026
     443   1072.14282502
     444   1076.98971998
     445   1081.84754280
     446   1086.71629585
     447   1091.59597674
     448   1096.48658787
     449   1101.38812684
     450   1106.30059607
     451   1111.22399312
     452   1116.15832045
     453   1121.10357560
     454   1126.05976105
     455   1131.02687430
     456   1136.00491787
     457   1140.99388923
     458   1145.99379093
     459   1151.00462040
     460   1156.02638025
     461   1161.05906785
     462   1166.10268584
     463   1171.15723158
     464   1176.22270772
     465   1181.29911161
     466   1186.38644592
     467   1191.48470795
     468   1196.59390044
     469   1201.71402063
     470   1206.84507130
     471   1211.98704966
     472   1217.13995852
     473   1222.30379507
     474   1227.47856212
     475   1232.66425685
     476   1237.86088212
     477   1243.06843505
     478   1248.28691853
     479   1253.51632966
     480   1258.75667137
     481   1264.00794071
     482   1269.27014066
     483   1274.54326822
     484   1279.82732642
     485   1285.12231221
     486   1290.42822866
     487   1295.74507269
     488   1301.07284740
     489   1306.41154968
     490   1311.76118266
     491   1317.12174320
     492   1322.49323446
     493   1327.87565326
     494   1333.26900281
     495   1338.67327989
     496   1344.08848774
     497   1349.51462310
     498   1354.95168926
     499   1360.39968291
     500   1365.85860739
     501   1371.32845935
     502   1376.80924216
     503   1382.30095242
     504   1387.80359356
     505   1393.31716215
     506   1398.84166164
     507   1404.37708855
     508   1409.92344639
     509   1415.48073164
     510   1421.04894786
     511   1426.62809145
     512   1432.21816604
     513   1437.81916799
     514   1443.43110096
     515   1449.05396128
     516   1454.68775264
     517   1460.33247134
     518   1465.98812110
     519   1471.65469818
     520   1477.33220636
     521   1483.02064183
     522   1488.72000843
     523   1494.43030231
     524   1500.15152734
     525   1505.88367963
     526   1511.62676310
     527   1517.38077381
     528   1523.14571574
     529   1528.92158488
     530   1534.70838527
     531   1540.50611285
     532   1546.31477171
     533   1552.13435774
     534   1557.96487508
     535   1563.80631957
     536   1569.65869540
     537   1575.52199836
     538   1581.39623269
     539   1587.28139413
     540   1593.17748697
     541   1599.08450689
     542   1605.00245826
     543   1610.93133668
     544   1616.87114657
     545   1622.82188350
     546   1628.78355194
     547   1634.75614739
     548   1640.73967437
     549   1646.73412835
     550   1652.73951389
     551   1658.75582640
     552   1664.78307052
     553   1670.82124158
     554   1676.87034427
     555   1682.93037389
     556   1689.00133517
     557   1695.08322335
     558   1701.17604324
     559   1707.27978999
     560   1713.39446849
     561   1719.52007383
     562   1725.65661095
     563   1731.80407489
     564   1737.96247064
     565   1744.13179318
     566   1750.31204758
     567   1756.50322873
     568   1762.70534178
     569   1768.91838155
     570   1775.14235326
     571   1781.37725167
     572   1787.62308206
     573   1793.87983911
     574   1800.14752818
     575   1806.42614389
     576   1812.71569165
     577   1819.01616602
     578   1825.32757248
     579   1831.64990553
     580   1837.98317071
     581   1844.32736244
     582   1850.68248634
     583   1857.04853676
     584   1863.42551940
     585   1869.81342852
     586   1876.21226990
     587   1882.62203774
     588   1889.04273788
     589   1895.47436444
     590   1901.91692335
     591   1908.37040864
     592   1914.83482632
     593   1921.31017036
     594   1927.79644683
     595   1934.29364962
     596   1940.80178488
     597   1947.32084644
     598   1953.85084051
     599   1960.39176083
     600   1966.94361373
     601   1973.50639283
     602   1980.08010456
     603   1986.66474245
     604   1993.26031302
     605   1999.86680972
     606   2006.48423913
     607   2013.11259464
     608   2019.75188291
     609   2026.40209725
     610   2033.06324439
     611   2039.73531756
     612   2046.41832358
     613   2053.11225559
     614   2059.81712051
     615   2066.53291136
     616   2073.25963518
     617   2079.99728490
     618   2086.74586764
     619   2093.50537623
     620   2100.27581788
     621   2107.05718535
     622   2113.84948594
     623   2120.65271230
     624   2127.46687184
     625   2134.29195710
     626   2141.12797559
     627   2147.97491976
     628   2154.83279722
     629   2161.70160030
     630   2168.58133674
     631   2175.47199875
     632   2182.37359417
     633   2189.28611513
     634   2196.20956954
     635   2203.14394944
     636   2210.08926287
     637   2217.04550173
     638   2224.01267417
     639   2230.99077200
     640   2237.97980347
     641   2244.97976027
     642   2251.99065078
     643   2259.01246656
     644   2266.04521612
     645   2273.08889090
     646   2280.14349952
     647   2287.20903331
     648   2294.28550099
     649   2301.37289379
     650   2308.47122056
     651   2315.58047238
     652   2322.70065824
     653   2329.83176909
     654   2336.97381405
     655   2344.12678394
     656   2351.29068801
     657   2358.46551695
     658   2365.65128014
     659   2372.84796814
     660   2380.05559046
     661   2387.27413753
     662   2394.50361898
     663   2401.74402513
     664   2408.99536574
     665   2416.25763097
     666   2423.53083073
     667   2430.81495506
     668   2438.11001399
     669   2445.41599742
     670   2452.73291554
     671   2460.06075808
     672   2467.39953538
     673   2474.74923704
     674   2482.10987354
     675   2489.48143433
     676   2496.86393004
     677   2504.25734997
     678   2511.66170489
     679   2519.07698396
     680   2526.50319812
     681   2533.94033634
     682   2541.38840973
     683   2548.84740711
     684   2556.31733975
     685   2563.79819629
     686   2571.28998819
     687   2578.79270391
     688   2586.30635507
     689   2593.83092997
     690   2601.36644040
     691   2608.91287450
     692   2616.47024421
     693   2624.03853750
     694   2631.61776651
     695   2639.20791900
     696   2646.80900731
     697   2654.42101902
     698   2662.04396663
     699   2669.67783756
     700   2677.32264449
     701   2684.97837464
     702   2692.64504090
     703   2700.32263028
     704   2708.01115587
     705   2715.71060449
     706   2723.42098942
     707   2731.14229728
     708   2738.87454157
     709   2746.61770868
     710   2754.37181232
     711   2762.13683869
     712   2769.91280170
     713   2777.69968733
     714   2785.49750971
     715   2793.30625461
     716   2801.12593637
     717   2808.95654054
     718   2816.79808169
     719   2824.65054513
     720   2832.51394568
     721   2840.38826840
     722   2848.27352835
     723   2856.16971036
     724   2864.07682972
     725   2871.99487102
     726   2879.92384980
     727   2887.86375039
     728   2895.81458859
     729   2903.77634848
     730   2911.74904611
     731   2919.73266530
     732   2927.72722236
     733   2935.73270086
     734   2943.74911736
     735   2951.77645517
     736   2959.81473112
     737   2967.86392824
     738   2975.92406363
     739   2983.99512006
     740   2992.07711492
     741   3000.17003066
     742   3008.27388498
     743   3016.38866004
     744   3024.51437382
     745   3032.65100820
     746   3040.79858145
     747   3048.95707515
     748   3057.12650788
     749   3065.30686089
     750   3073.49815310
     751   3081.70036543
     752   3089.91351712
     753   3098.13758878
     754   3106.37259995
     755   3114.61853092
     756   3122.87540158
     757   3131.14319187
     758   3139.42192203
     759   3147.71157163
     760   3156.01216128
     761   3164.32367020
     762   3172.64611934
     763   3180.97948757
     764   3189.32379621
     765   3197.67902375
     766   3206.04519189
     767   3214.42227873
     768   3222.81030637
     769   3231.20925251
     770   3239.61913965
     771   3248.03994509
     772   3256.47169173
     773   3264.91435646
     774   3273.36796260
     775   3281.83248662
     776   3290.30795225
     777   3298.79433555
     778   3307.29166069
     779   3315.79990325
     780   3324.31908789
     781   3332.84918972
     782   3341.39023385
     783   3349.94219494
     784   3358.50509855
     785   3367.07891889
     786   3375.66368200
     787   3384.25936157
     788   3392.86598416
     789   3401.48352297
     790   3410.11200504
     791   3418.75140306
     792   3427.40174460
     793   3436.06300183
     794   3444.73520284
     795   3453.41831926
     796   3462.11237974
     797   3470.81735534
     798   3479.53327527
     799   3488.26011003
     800   3496.99788942
     801   3505.74658332
     802   3514.50622215
     803   3523.27677519
     804   3532.05827345
     805   3540.85068560
     806   3549.65404329
     807   3558.46831454
     808   3567.29353164
     809   3576.12966196
     810   3584.97673846
     811   3593.83472784
     812   3602.70366373
     813   3611.58351214
     814   3620.47430741
     815   3629.37601483
     816   3638.28866947
     817   3647.21223587
     818   3656.14674986
     819   3665.09217522
     820   3674.04854854
     821   3683.01583284
     822   3691.99406548
     823   3700.98320868
     824   3709.98330062
     825   3718.99430269
     826   3728.01625392
     827   3737.04911483
     828   3746.09292532
     829   3755.14764504
     830   3764.21331477
     831   3773.28989326
     832   3782.37742222
     833   3791.47585944
     834   3800.58524760
     835   3809.70554352
     836   3818.83679086
     837   3827.97894544
     838   3837.13205192
     839   3846.29606511
     840   3855.47103072
     841   3864.65690248
     842   3873.85372718
     843   3883.06145747
     844   3892.28014124
     845   3901.50972999
     846   3910.75027280
     847   3920.00171998
     848   3929.26412178
     849   3938.53742733
     850   3947.82168811
     851   3957.11685196
     852   3966.42297167
     853   3975.73999378
     854   3985.06797239
     855   3994.40685269
     856   4003.75669015
     857   4013.11742858
     858   4022.48912485
     859   4031.87172134
     860   4041.26527639
     861   4050.66973086
     862   4060.08514463
     863   4069.51145701
     864   4078.94872947
     865   4088.39689968
     866   4097.85603077
     867   4107.32605874
     868   4116.80704841
     869   4126.29893404
     870   4135.80178223
     871   4145.31552544
     872   4154.84023211
     873   4164.37583279
     874   4173.92239787
     875   4183.47985594
     876   4193.04827937
     877   4202.62759471
     878   4212.21787643
     879   4221.81904895
     880   4231.43118888
     881   4241.05421846
     882   4250.68821654
     883   4260.33310305
     884   4269.98895922
     885   4279.65570254
     886   4289.33341670
     887   4299.02201671
     888   4308.72158880
     889   4318.43204534
     890   4328.15347527
     891   4337.88578821
     892   4347.62907590
     893   4357.38324509
     894   4367.14839043
     895   4376.92441571
     896   4386.71141862
     897   4396.50929982
     898   4406.31816021
     899   4416.13789714
     900   4425.96861491
     901   4435.81020740
     902   4445.66278243
     903   4455.52623028
     904   4465.40066246
     905   4475.28596546
     906   4485.18225469
     907   4495.08941263
     908   4505.00755877
     909   4514.93657142
     910   4524.87657436
     911   4534.82744148
     912   4544.78930109
     913   4554.76202242
     914   4564.74573856
     915   4574.74031383
     916   4584.74588636
     917   4594.76231528
     918   4604.78974406
     919   4614.82802634
     920   4624.87731121
     921   4634.93744654
     922   4645.00858733
     923   4655.09057536
     924   4665.18357193
     925   4675.28741230
     926   4685.40226447
     927   4695.52795680
     928   4705.66466439
     929   4715.81220828
     930   4725.97077110
     931   4736.14016612
     932   4746.32058400
     933   4756.51182969
     934   4766.71410241
     935   4776.92719829
     936   4787.15132565
     937   4797.38627119
     938   4807.63225298
     939   4817.88904763
     940   4828.15688364
     941   4838.43552680
     942   4848.72521679
     943   4859.02570782
     944   4869.33725158
     945   4879.65958979
     946   4889.99298706
     947   4900.33717173
     948   4910.69242228
     949   4921.05845259
     950   4931.43555616
     951   4941.82343127
     952   4952.22238762
     953   4962.63210659
     954   4973.05291544
     955   4983.48447729
     956   4993.92713841
     957   5004.38054202
     958   5014.84505510
     959   5025.32029933
     960   5035.80666417
     961   5046.30374767
     962   5056.81196392
     963   5067.33088538
     964   5077.86095287
     965   5088.40171065
     966   5098.95362898
     967   5109.51622159
     968   5120.08999062
     969   5130.67441606
     970   5141.27003526
     971   5151.87629189
     972   5162.49376119
     973   5173.12184657
     974   5183.76116512
     975   5194.41107760
     976   5205.07224532
     977   5215.74398200
     978   5226.42699734
     979   5237.12055701
     980   5247.82541964
     981   5258.54079909
     982   5269.26750569
     983   5280.00470531
     984   5290.75325456
     985   5301.51227162
     986   5312.28265598
     987   5323.06349542
     988   5333.85571032
     989   5344.65837239
     990   5355.47240003
     991   5366.29690158
     992   5377.13272805
     993   5387.97907955
     994   5398.83666199
     995   5409.70491054
     996   5420.58420936
     997   5431.47439549
     998   5442.37530607
     999   5453.28755283
    1000   5464.20996719
    1001   5475.14439773
    1002   5486.08805851
    1003   5497.04498480
    1004   5508.00960753
    1005   5518.98936801
    1006   5529.97432282
    1007   5540.97768673
    1008   5551.98226273
    1009   5563.01007954
    1010   5574.03279567
    1011   5585.08684310
    1012   5596.12613886
    1013   5607.20820134
    1014   5618.26100451
    1015   5629.37455993
    1016   5640.43852062
    1017   5651.58581971
    1018   5662.65598342
    1019   5673.84216596
    1020   5684.91875598
    1021   5696.14188321
    1022   5707.21458555
    1023   5718.48338948
    1024   5729.67719248
 ---------------------------------------
 
SCF converged! Final Ground-State Energy (Eh):              -3.8875543597291577
