 
     Two-Electron DVR    
 ------------------------
 x0     =      15.00000000
 m      =       1.00000000
 Z      =       2.00000000
 n      =             2048
 dx     =       0.01465559
 
Soft-Coulomb Parameters:
 alpha  =       1.00000000
 beta   =       1.00000000
 
 
                       Hartree-Fock                      
 --------------------------------------------------------
 no. of orbitals        =             2048
 no. of electrons       =                2
 scf_damping_switch     =        F
 scf_diis_switch        =        F
 damping_factor         =   0.00000000
 e_tolerance            = 0.0000000000100000
 maximum scf-iterations =              200
 
 
                       SCF iterations                      
 ----------------------------------------------------------
    S.No    Energy (hartree)        dE (hartree)
 ----------------------------------------------------------
       0     -2.966871954640
       1     -2.207828310555      0.759043644085
       2     -2.223012557782      0.015184247228
       3     -2.224122559573      0.001110001790
       4     -2.224203109643      0.000080550070
       5     -2.224209066539      0.000005956897
       6     -2.224209515768      0.000000449229
       7     -2.224209550131      0.000000034363
       8     -2.224209552785      0.000000002654
       9     -2.224209552991      0.000000000206
      10     -2.224209553007      0.000000000016
      11     -2.224209553006      0.000000000001
 ----------------------------------------------------------
  
 
 
 ---------------------------------------
     Molecular Orbital Energies (Eh)    
 ---------------------------------------
       1     -0.75024846
       2      0.02794890
       3      0.03260849
       4      0.09172757
       5      0.11631140
       6      0.19194904
       7      0.24725724
       8      0.33909386
       9      0.42386274
      10      0.53437108
      11      0.64514944
      12      0.77576950
      13      0.91049992
      14      1.06188442
      15      1.21955264
      16      1.39201032
      17      1.57212556
      18      1.76583723
      19      1.96815221
      20      2.18325118
      21      2.40763241
      22      2.64422829
      23      2.89059860
      24      3.14878253
      25      3.41709537
      26      3.69694127
      27      3.98716825
      28      4.28873430
      29      4.60085854
      30      4.92418935
      31      5.25820138
      32      5.60333056
      33      5.95922562
      34      6.32617815
      35      6.70395445
      36      7.09274876
      37      7.49240625
      38      7.90305590
      39      8.32459549
      40      8.75711045
      41      9.20053350
      42      9.65492112
      43     10.12022913
      44     10.59649485
      45     11.08368932
      46     11.58183718
      47     12.09091948
      48     12.61095248
      49     13.14192383
      50     13.68384425
      51     14.23670569
      52     14.80051523
      53     15.37526765
      54     15.96096762
      55     16.55761175
      56     17.16520314
      57     17.78373958
      58     18.41322315
      59     19.05365242
      60     19.70502875
      61     20.36735123
      62     21.04062078
      63     21.72483680
      64     22.41999992
      65     23.12610975
      66     23.84316670
      67     24.57117054
      68     25.31012155
      69     26.06001958
      70     26.82086481
      71     27.59265715
      72     28.37539673
      73     29.16908348
      74     29.97371751
      75     30.78929878
      76     31.61582734
      77     32.45330317
      78     33.30172633
      79     34.16109679
      80     35.03141458
      81     35.91267970
      82     36.80489218
      83     37.70805200
      84     38.62215919
      85     39.54721373
      86     40.48321565
      87     41.43016494
      88     42.38806161
      89     43.35690565
      90     44.33669708
      91     45.32743590
      92     46.32912211
      93     47.34175571
      94     48.36533670
      95     49.39986508
      96     50.44534087
      97     51.50176404
      98     52.56913462
      99     53.64745260
     100     54.73671797
     101     55.83693075
     102     56.94809092
     103     58.07019850
     104     59.20325348
     105     60.34725586
     106     61.50220564
     107     62.66810283
     108     63.84494742
     109     65.03273941
     110     66.23147881
     111     67.44116560
     112     68.66179980
     113     69.89338140
     114     71.13591041
     115     72.38938682
     116     73.65381064
     117     74.92918185
     118     76.21550048
     119     77.51276650
     120     78.82097993
     121     80.14014075
     122     81.47024899
     123     82.81130462
     124     84.16330767
     125     85.52625810
     126     86.90015595
     127     88.28500120
     128     89.68079385
     129     91.08753390
     130     92.50522136
     131     93.93385622
     132     95.37343848
     133     96.82396814
     134     98.28544522
     135     99.75786968
     136    101.24124156
     137    102.73556083
     138    104.24082751
     139    105.75704158
     140    107.28420307
     141    108.82231195
     142    110.37136824
     143    111.93137193
     144    113.50232302
     145    115.08422151
     146    116.67706742
     147    118.28086071
     148    119.89560142
     149    121.52128952
     150    123.15792503
     151    124.80550793
     152    126.46403825
     153    128.13351596
     154    129.81394108
     155    131.50531359
     156    133.20763352
     157    134.92090084
     158    136.64511557
     159    138.38027769
     160    140.12638723
     161    141.88344416
     162    143.65144850
     163    145.43040023
     164    147.22029938
     165    149.02114592
     166    150.83293988
     167    152.65568122
     168    154.48936998
     169    156.33400613
     170    158.18958970
     171    160.05612066
     172    161.93359903
     173    163.82202480
     174    165.72139798
     175    167.63171855
     176    169.55298653
     177    171.48520191
     178    173.42836470
     179    175.38247489
     180    177.34753249
     181    179.32353748
     182    181.31048989
     183    183.30838969
     184    185.31723691
     185    187.33703151
     186    189.36777354
     187    191.40946295
     188    193.46209979
     189    195.52568401
     190    197.60021565
     191    199.68569468
     192    201.78212114
     193    203.88949498
     194    206.00781624
     195    208.13708489
     196    210.27730096
     197    212.42846442
     198    214.59057530
     199    216.76363357
     200    218.94763927
     201    221.14259235
     202    223.34849285
     203    225.56534074
     204    227.79313606
     205    230.03187876
     206    232.28156889
     207    234.54220640
     208    236.81379134
     209    239.09632366
     210    241.38980342
     211    243.69423055
     212    246.00960512
     213    248.33592707
     214    250.67319645
     215    253.02141321
     216    255.38057741
     217    257.75068898
     218    260.13174799
     219    262.52375438
     220    264.92670820
     221    267.34060941
     222    269.76545804
     223    272.20125406
     224    274.64799752
     225    277.10568835
     226    279.57432662
     227    282.05391227
     228    284.54444536
     229    287.04592582
     230    289.55835373
     231    292.08172901
     232    294.61605173
     233    297.16132183
     234    299.71753937
     235    302.28470429
     236    304.86281664
     237    307.45187638
     238    310.05188355
     239    312.66283811
     240    315.28474010
     241    317.91758948
     242    320.56138629
     243    323.21613048
     244    325.88182212
     245    328.55846113
     246    331.24604759
     247    333.94458142
     248    336.65406270
     249    339.37449135
     250    342.10586745
     251    344.84819093
     252    347.60146185
     253    350.36568015
     254    353.14084589
     255    355.92695901
     256    358.72401958
     257    361.53202752
     258    364.35098292
     259    367.18088568
     260    370.02173590
     261    372.87353349
     262    375.73627853
     263    378.60997095
     264    381.49461082
     265    384.39019806
     266    387.29673275
     267    390.21421482
     268    393.14264434
     269    396.08202124
     270    399.03234558
     271    401.99361731
     272    404.96583648
     273    407.94900303
     274    410.94311703
     275    413.94817841
     276    416.96418725
     277    419.99114345
     278    423.02904712
     279    426.07789815
     280    429.13769664
     281    432.20844251
     282    435.29013583
     283    438.38277653
     284    441.48636469
     285    444.60090021
     286    447.72638320
     287    450.86281356
     288    454.01019138
     289    457.16851657
     290    460.33778923
     291    463.51800925
     292    466.70917674
     293    469.91129160
     294    473.12435392
     295    476.34836361
     296    479.58332077
     297    482.82922530
     298    486.08607729
     299    489.35387666
     300    492.63262349
     301    495.92231769
     302    499.22295935
     303    502.53454839
     304    505.85708490
     305    509.19056877
     306    512.53500011
     307    515.89037883
     308    519.25670501
     309    522.63397856
     310    526.02219958
     311    529.42136797
     312    532.83148384
     313    536.25254707
     314    539.68455777
     315    543.12751585
     316    546.58142139
     317    550.04627430
     318    553.52207469
     319    557.00882245
     320    560.50651768
     321    564.01516028
     322    567.53475036
     323    571.06528780
     324    574.60677272
     325    578.15920501
     326    581.72258477
     327    585.29691190
     328    588.88218652
     329    592.47840849
     330    596.08557795
     331    599.70369478
     332    603.33275908
     333    606.97277075
     334    610.62372991
     335    614.28563643
     336    617.95849043
     337    621.64229180
     338    625.33704065
     339    629.04273687
     340    632.75938057
     341    636.48697164
     342    640.22551020
     343    643.97499611
     344    647.73542952
     345    651.50681029
     346    655.28913855
     347    659.08241417
     348    662.88663729
     349    666.70180776
     350    670.52792573
     351    674.36499106
     352    678.21300388
     353    682.07196406
     354    685.94187174
     355    689.82272678
     356    693.71452932
     357    697.61727921
     358    701.53097660
     359    705.45562136
     360    709.39121361
     361    713.33775322
     362    717.29524033
     363    721.26367479
     364    725.24305676
     365    729.23338609
     366    733.23466292
     367    737.24688711
     368    741.27005880
     369    745.30417785
     370    749.34924440
     371    753.40525831
     372    757.47221973
     373    761.55012850
     374    765.63898478
     375    769.73878842
     376    773.84953956
     377    777.97123806
     378    782.10388408
     379    786.24747744
     380    790.40201832
     381    794.56750655
     382    798.74394229
     383    802.93132539
     384    807.12965600
     385    811.33893397
     386    815.55915945
     387    819.79033228
     388    824.03245263
     389    828.28552034
     390    832.54953556
     391    836.82449813
     392    841.11040822
     393    845.40726567
     394    849.71507063
     395    854.03382295
     396    858.36352278
     397    862.70416997
     398    867.05576468
     399    871.41830675
     400    875.79179633
     401    880.17623327
     402    884.57161773
     403    888.97794954
     404    893.39522888
     405    897.82345557
     406    902.26262979
     407    906.71275135
     408    911.17382045
     409    915.64583689
     410    920.12880087
     411    924.62271219
     412    929.12757104
     413    933.64337724
     414    938.17013098
     415    942.70783206
     416    947.25648068
     417    951.81607664
     418    956.38662015
     419    960.96811099
     420    965.56054938
     421    970.16393511
     422    974.77826838
     423    979.40354899
     424    984.03977715
     425    988.68695265
     426    993.34507569
     427    998.01414608
     428   1002.69416401
     429   1007.38512928
     430   1012.08704210
     431   1016.79990226
     432   1021.52370997
     433   1026.25846502
     434   1031.00416762
     435   1035.76081756
     436   1040.52841505
     437   1045.30695988
     438   1050.09645226
     439   1054.89689199
     440   1059.70827926
     441   1064.53061388
     442   1069.36389605
     443   1074.20812556
     444   1079.06330263
     445   1083.92942703
     446   1088.80649900
     447   1093.69451830
     448   1098.59348516
     449   1103.50339936
     450   1108.42426112
     451   1113.35607021
     452   1118.29882687
     453   1123.25253086
     454   1128.21718242
     455   1133.19278132
     456   1138.17932778
     457   1143.17682157
     458   1148.18526294
     459   1153.20465163
     460   1158.23498790
     461   1163.27627150
     462   1168.32850267
     463   1173.39168118
     464   1178.46580725
     465   1183.55088066
     466   1188.64690165
     467   1193.75386996
     468   1198.87178585
     469   1204.00064907
     470   1209.14045987
     471   1214.29121800
     472   1219.45292371
     473   1224.62557675
     474   1229.80917737
     475   1235.00372532
     476   1240.20922086
     477   1245.42566372
     478   1250.65305416
     479   1255.89139193
     480   1261.14067729
     481   1266.40090998
     482   1271.67209025
     483   1276.95421785
     484   1282.24729304
     485   1287.55131556
     486   1292.86628567
     487   1298.19220310
     488   1303.52906813
     489   1308.87688048
     490   1314.23564042
     491   1319.60534769
     492   1324.98600256
     493   1330.37760475
     494   1335.78015453
     495   1341.19365164
     496   1346.61809635
     497   1352.05348838
     498   1357.49982802
     499   1362.95711497
     500   1368.42534953
     501   1373.90453141
     502   1379.39466090
     503   1384.89573770
     504   1390.40776211
     505   1395.93073384
     506   1401.46465319
     507   1407.00951984
     508   1412.56533411
     509   1418.13209570
     510   1423.70980490
     511   1429.29846142
     512   1434.89806555
     513   1440.50861700
     514   1446.13011607
     515   1451.76256245
     516   1457.40595645
     517   1463.06029776
     518   1468.72558669
     519   1474.40182294
     520   1480.08900681
     521   1485.78713800
     522   1491.49621680
     523   1497.21624292
     524   1502.94721667
     525   1508.68913773
     526   1514.44200642
     527   1520.20582241
     528   1525.98058604
     529   1531.76629698
     530   1537.56295555
     531   1543.37056143
     532   1549.18911494
     533   1555.01861577
     534   1560.85906422
     535   1566.71045999
     536   1572.57280339
     537   1578.44609410
     538   1584.33033246
     539   1590.22551811
     540   1596.13165141
     541   1602.04873202
     542   1607.97676027
     543   1613.91573582
     544   1619.86565902
     545   1625.82652952
     546   1631.79834768
     547   1637.78111313
     548   1643.77482623
     549   1649.77948664
     550   1655.79509470
     551   1661.82165006
     552   1667.85915308
     553   1673.90760339
     554   1679.96700136
     555   1686.03734663
     556   1692.11863956
     557   1698.21087979
     558   1704.31406768
     559   1710.42820287
     560   1716.55328572
     561   1722.68931586
     562   1728.83629368
     563   1734.99421878
     564   1741.16309156
     565   1747.34291163
     566   1753.53367937
     567   1759.73539440
     568   1765.94805711
     569   1772.17166710
     570   1778.40622478
     571   1784.65172974
     572   1790.90818238
     573   1797.17558231
     574   1803.45392992
     575   1809.74322482
     576   1816.04346741
     577   1822.35465728
     578   1828.67679483
     579   1835.00987967
     580   1841.35391220
     581   1847.70889201
     582   1854.07481951
     583   1860.45169430
     584   1866.83951678
     585   1873.23828654
     586   1879.64800400
     587   1886.06866874
     588   1892.50028117
     589   1898.94284089
     590   1905.39634830
     591   1911.86080300
     592   1918.33620540
     593   1924.82255507
     594   1931.31985245
     595   1937.82809711
     596   1944.34728947
     597   1950.87742912
     598   1957.41851646
     599   1963.97055109
     600   1970.53353343
     601   1977.10746304
     602   1983.69234036
     603   1990.28816496
     604   1996.89493727
     605   2003.51265686
     606   2010.14132417
     607   2016.78093874
     608   2023.43150104
     609   2030.09301061
     610   2036.76546790
     611   2043.44887246
     612   2050.14322475
     613   2056.84852430
     614   2063.56477159
     615   2070.29196614
     616   2077.03010842
     617   2083.77919796
     618   2090.53923524
     619   2097.31021979
     620   2104.09215207
     621   2110.88503161
     622   2117.68885890
     623   2124.50363344
     624   2131.32935573
     625   2138.16602528
     626   2145.01364257
     627   2151.87220712
     628   2158.74171942
     629   2165.62217898
     630   2172.51358628
     631   2179.41594084
     632   2186.32924316
     633   2193.25349273
     634   2200.18869006
     635   2207.13483464
     636   2214.09192698
     637   2221.05996657
     638   2228.03895392
     639   2235.02888852
     640   2242.02977089
     641   2249.04160051
     642   2256.06437789
     643   2263.09810253
     644   2270.14277493
     645   2277.19839458
     646   2284.26496200
     647   2291.34247666
     648   2298.43093911
     649   2305.53034879
     650   2312.64070626
     651   2319.76201097
     652   2326.89426345
     653   2334.03746319
     654   2341.19161070
     655   2348.35670545
     656   2355.53274799
     657   2362.71973778
     658   2369.91767534
     659   2377.12656015
     660   2384.34639275
     661   2391.57717259
     662   2398.81890021
     663   2406.07157508
     664   2413.33519774
     665   2420.60976764
     666   2427.89528534
     667   2435.19175027
     668   2442.49916300
     669   2449.81752297
     670   2457.14683074
     671   2464.48708574
     672   2471.83828855
     673   2479.20043859
     674   2486.57353644
     675   2493.95758152
     676   2501.35257441
     677   2508.75851453
     678   2516.17540246
     679   2523.60323763
     680   2531.04202060
     681   2538.49175081
     682   2545.95242884
     683   2553.42405409
     684   2560.90662716
     685   2568.40014746
     686   2575.90461558
     687   2583.42003093
     688   2590.94639411
     689   2598.48370450
     690   2606.03196273
     691   2613.59116818
     692   2621.16132146
     693   2628.74242196
     694   2636.33447030
     695   2643.93746586
     696   2651.55140926
     697   2659.17629987
     698   2666.81213832
     699   2674.45892400
     700   2682.11665751
     701   2689.78533824
     702   2697.46496682
     703   2705.15554261
     704   2712.85706625
     705   2720.56953711
     706   2728.29295582
     707   2736.02732174
     708   2743.77263551
     709   2751.52889650
     710   2759.29610534
     711   2767.07426139
     712   2774.86336531
     713   2782.66341643
     714   2790.47441542
     715   2798.29636161
     716   2806.12925567
     717   2813.97309693
     718   2821.82788607
     719   2829.69362241
     720   2837.57030662
     721   2845.45793804
     722   2853.35651733
     723   2861.26604382
     724   2869.18651820
     725   2877.11793977
     726   2885.06030922
     727   2893.01362587
     728   2900.97789041
     729   2908.95310214
     730   2916.93926177
     731   2924.93636859
     732   2932.94442330
     733   2940.96342520
     734   2948.99337500
     735   2957.03427199
     736   2965.08611688
     737   2973.14890896
     738   2981.22264895
     739   2989.30733612
     740   2997.40297119
     741   3005.50955345
     742   3013.62708363
     743   3021.75556098
     744   3029.89498626
     745   3038.04535871
     746   3046.20667908
     747   3054.37894662
     748   3062.56216210
     749   3070.75632474
     750   3078.96143532
     751   3087.17749307
     752   3095.40449874
     753   3103.64245159
     754   3111.89135238
     755   3120.15120033
     756   3128.42199623
     757   3136.70373929
     758   3144.99643029
     759   3153.30006846
     760   3161.61465457
     761   3169.94018785
     762   3178.27666907
     763   3186.62409746
     764   3194.98247380
     765   3203.35179731
     766   3211.73206876
     767   3220.12328738
     768   3228.52545395
     769   3236.93856769
     770   3245.36262938
     771   3253.79763824
     772   3262.24359505
     773   3270.70049902
     774   3279.16835097
     775   3287.64715006
     776   3296.13689713
     777   3304.63759134
     778   3313.14923354
     779   3321.67182288
     780   3330.20536020
     781   3338.74984467
     782   3347.30527712
     783   3355.87165672
     784   3364.44898431
     785   3373.03725904
     786   3381.63648176
     787   3390.24665162
     788   3398.86776948
     789   3407.49983447
     790   3416.14284747
     791   3424.79680760
     792   3433.46171573
     793   3442.13757100
     794   3450.82437428
     795   3459.52212469
     796   3468.23082311
     797   3476.95046866
     798   3485.68106223
     799   3494.42260292
     800   3503.17509163
     801   3511.93852747
     802   3520.71291133
     803   3529.49824232
     804   3538.29452133
     805   3547.10174747
     806   3555.91992164
     807   3564.74904292
     808   3573.58911224
     809   3582.44012868
     810   3591.30209316
     811   3600.17500475
     812   3609.05886439
     813   3617.95367114
     814   3626.85942593
     815   3635.77612784
     816   3644.70377780
     817   3653.64237487
     818   3662.59191999
     819   3671.55241222
     820   3680.52385251
     821   3689.50623990
     822   3698.49957536
     823   3707.50385792
     824   3716.51908855
     825   3725.54526627
     826   3734.58239207
     827   3743.63046497
     828   3752.68948594
     829   3761.75945401
     830   3770.84037016
     831   3779.93223340
     832   3789.03504472
     833   3798.14880314
     834   3807.27350964
     835   3816.40916324
     836   3825.55576492
     837   3834.71331370
     838   3843.88181057
     839   3853.06125452
     840   3862.25164657
     841   3871.45298571
     842   3880.66527295
     843   3889.88850728
     844   3899.12268971
     845   3908.36781922
     846   3917.62389684
     847   3926.89092154
     848   3936.16889435
     849   3945.45781424
     850   3954.75768225
     851   3964.06849733
     852   3973.39026054
     853   3982.72297081
     854   3992.06662922
     855   4001.42123469
     856   4010.78678830
     857   4020.16328897
     858   4029.55073778
     859   4038.94913365
     860   4048.35847767
     861   4057.77876874
     862   4067.21000796
     863   4076.65219424
     864   4086.10532867
     865   4095.56941016
     866   4105.04443980
     867   4114.53041649
     868   4124.02734135
     869   4133.53521325
     870   4143.05403332
     871   4152.58380044
     872   4162.12451573
     873   4171.67617806
     874   4181.23878856
     875   4190.81234611
     876   4200.39685184
     877   4209.99230461
     878   4219.59870556
     879   4229.21605354
     880   4238.84434972
     881   4248.48359293
     882   4258.13378433
     883   4267.79492277
     884   4277.46700940
     885   4287.15004306
     886   4296.84402492
     887   4306.54895381
     888   4316.26483091
     889   4325.99165503
     890   4335.72942736
     891   4345.47814672
     892   4355.23781429
     893   4365.00842888
     894   4374.78999169
     895   4384.58250151
     896   4394.38595956
     897   4404.20036463
     898   4414.02571792
     899   4423.86201823
     900   4433.70926677
     901   4443.56746232
     902   4453.43660611
     903   4463.31669690
     904   4473.20773594
     905   4483.10972198
     906   4493.02265627
     907   4502.94653756
     908   4512.88136711
     909   4522.82714365
     910   4532.78386845
     911   4542.75154024
     912   4552.73016031
     913   4562.71972736
     914   4572.72024268
     915   4582.73170499
     916   4592.75411557
     917   4602.78747314
     918   4612.83177899
     919   4622.88703182
     920   4632.95323294
     921   4643.03038103
     922   4653.11847742
     923   4663.21752077
     924   4673.32751243
     925   4683.44845106
     926   4693.58033799
     927   4703.72317189
     928   4713.87695410
     929   4724.04168327
     930   4734.21736075
     931   4744.40398520
     932   4754.60155797
     933   4764.81007769
     934   4775.02954574
     935   4785.25996074
     936   4795.50132407
     937   4805.75363435
     938   4816.01689297
     939   4826.29109854
     940   4836.57625244
     941   4846.87235329
     942   4857.17940249
     943   4867.49739863
     944   4877.82634312
     945   4888.16623455
     946   4898.51707434
     947   4908.87886106
     948   4919.25159614
     949   4929.63527816
     950   4940.02990854
     951   4950.43548585
     952   4960.85201154
     953   4971.27948415
     954   4981.71790514
     955   4992.16727305
     956   5002.62758935
     957   5013.09885256
     958   5023.58106417
     959   5034.07422268
     960   5044.57832960
     961   5055.09338343
     962   5065.61938566
     963   5076.15633479
     964   5086.70423234
     965   5097.26307678
     966   5107.83286965
     967   5118.41360941
     968   5129.00529759
     969   5139.60793267
     970   5150.22151617
     971   5160.84604657
     972   5171.48152540
     973   5182.12795111
     974   5192.78532527
     975   5203.45364631
     976   5214.13291579
     977   5224.82313215
     978   5235.52429697
     979   5246.23640866
     980   5256.95946881
     981   5267.69347583
     982   5278.43843132
     983   5289.19433367
     984   5299.96118449
     985   5310.73898218
     986   5321.52772834
     987   5332.32742137
     988   5343.13806287
     989   5353.95965123
     990   5364.79218808
     991   5375.63567179
     992   5386.49010398
     993   5397.35548303
     994   5408.23181058
     995   5419.11908497
     996   5430.01730787
     997   5440.92647761
     998   5451.84659586
     999   5462.77766095
    1000   5473.71967456
    1001   5484.67263500
    1002   5495.63654397
    1003   5506.61139977
    1004   5517.59720410
    1005   5528.59395525
    1006   5539.60165494
    1007   5550.62030145
    1008   5561.64989651
    1009   5572.69043839
    1010   5583.74192881
    1011   5594.80436605
    1012   5605.87775185
    1013   5616.96208445
    1014   5628.05736562
    1015   5639.16359359
    1016   5650.28077014
    1017   5661.40889348
    1018   5672.54796540
    1019   5683.69798412
    1020   5694.85895142
    1021   5706.03086551
    1022   5717.21372820
    1023   5728.40753767
    1024   5739.61229574
    1025   5750.82800058
    1026   5762.05465404
    1027   5773.29225427
    1028   5784.54080312
    1029   5795.80029873
    1030   5807.07074297
    1031   5818.35213397
    1032   5829.64447361
    1033   5840.94776000
    1034   5852.26199503
    1035   5863.58717681
    1036   5874.92330724
    1037   5886.27038441
    1038   5897.62841024
    1039   5908.99738282
    1040   5920.37730405
    1041   5931.76817202
    1042   5943.16998866
    1043   5954.58275203
    1044   5966.00646408
    1045   5977.44112286
    1046   5988.88673032
    1047   6000.34328450
    1048   6011.81078737
    1049   6023.28923696
    1050   6034.77863525
    1051   6046.27898025
    1052   6057.79027396
    1053   6069.31251437
    1054   6080.84570350
    1055   6092.38983933
    1056   6103.94492388
    1057   6115.51095513
    1058   6127.08793510
    1059   6138.67586177
    1060   6150.27473717
    1061   6161.88455926
    1062   6173.50533010
    1063   6185.13704761
    1064   6196.77971388
    1065   6208.43332682
    1066   6220.09788852
    1067   6231.77339690
    1068   6243.45985404
    1069   6255.15725784
    1070   6266.86561042
    1071   6278.58490966
    1072   6290.31515768
    1073   6302.05635236
    1074   6313.80849583
    1075   6325.57158594
    1076   6337.34562486
    1077   6349.13061042
    1078   6360.92654478
    1079   6372.73342578
    1080   6384.55125560
    1081   6396.38003205
    1082   6408.21975732
    1083   6420.07042922
    1084   6431.93204995
    1085   6443.80461730
    1086   6455.68813349
    1087   6467.58259629
    1088   6479.48800794
    1089   6491.40436620
    1090   6503.33167332
    1091   6515.26992704
    1092   6527.21912962
    1093   6539.17927880
    1094   6551.15037685
    1095   6563.13242150
    1096   6575.12541502
    1097   6587.12935514
    1098   6599.14424414
    1099   6611.17007972
    1100   6623.20686419
    1101   6635.25459524
    1102   6647.31327520
    1103   6659.38290173
    1104   6671.46347717
    1105   6683.55499917
    1106   6695.65747009
    1107   6707.77088757
    1108   6719.89525398
    1109   6732.03056694
    1110   6744.17682884
    1111   6756.33403729
    1112   6768.50219468
    1113   6780.68129861
    1114   6792.87135150
    1115   6805.07235092
    1116   6817.28429930
    1117   6829.50719421
    1118   6841.74103810
    1119   6853.98582850
    1120   6866.24156789
    1121   6878.50825379
    1122   6890.78588868
    1123   6903.07447008
    1124   6915.37400048
    1125   6927.68447738
    1126   6940.00590329
    1127   6952.33827569
    1128   6964.68159711
    1129   6977.03586502
    1130   6989.40108196
    1131   7001.77724537
    1132   7014.16435783
    1133   7026.56241675
    1134   7038.97142473
    1135   7051.39137917
    1136   7063.82228267
    1137   7076.26413262
    1138   7088.71693165
    1139   7101.18067712
    1140   7113.65537167
    1141   7126.14101267
    1142   7138.63760275
    1143   7151.14513927
    1144   7163.66362488
    1145   7176.19305693
    1146   7188.73343808
    1147   7201.28476565
    1148   7213.84704234
    1149   7226.42026544
    1150   7239.00443767
    1151   7251.59955631
    1152   7264.20562408
    1153   7276.82263825
    1154   7289.45060157
    1155   7302.08951128
    1156   7314.73937015
    1157   7327.40017539
    1158   7340.07192981
    1159   7352.75463061
    1160   7365.44828058
    1161   7378.15287692
    1162   7390.86842244
    1163   7403.59491433
    1164   7416.33235542
    1165   7429.08074286
    1166   7441.84007950
    1167   7454.61036249
    1168   7467.39159471
    1169   7480.18377325
    1170   7492.98690103
    1171   7505.80097514
    1172   7518.62599848
    1173   7531.46196815
    1174   7544.30888707
    1175   7557.16675230
    1176   7570.03556679
    1177   7582.91532758
    1178   7595.80603766
    1179   7608.70769402
    1180   7621.62029967
    1181   7634.54385160
    1182   7647.47835283
    1183   7660.42380034
    1184   7673.38019716
    1185   7686.34754024
    1186   7699.32583264
    1187   7712.31507130
    1188   7725.31525929
    1189   7738.32639354
    1190   7751.34847712
    1191   7764.38150695
    1192   7777.42548613
    1193   7790.48041154
    1194   7803.54628632
    1195   7816.62310732
    1196   7829.71087769
    1197   7842.80959428
    1198   7855.91926026
    1199   7869.03987245
    1200   7882.17143403
    1201   7895.31394181
    1202   7908.46739901
    1203   7921.63180238
    1204   7934.80715519
    1205   7947.99345417
    1206   7961.19070259
    1207   7974.39889717
    1208   7987.61804120
    1209   8000.84813139
    1210   8014.08917104
    1211   8027.34115684
    1212   8040.60409211
    1213   8053.87797352
    1214   8067.16280441
    1215   8080.45858143
    1216   8093.76530796
    1217   8107.08298059
    1218   8120.41160274
    1219   8133.75117100
    1220   8147.10168878
    1221   8160.46315266
    1222   8173.83556607
    1223   8187.21892557
    1224   8200.61323462
    1225   8214.01848975
    1226   8227.43469444
    1227   8240.86184520
    1228   8254.29994553
    1229   8267.74899192
    1230   8281.20898789
    1231   8294.67992991
    1232   8308.16182153
    1233   8321.65465919
    1234   8335.15844646
    1235   8348.67317976
    1236   8362.19886268
    1237   8375.73549162
    1238   8389.28307019
    1239   8402.84159477
    1240   8416.41106901
    1241   8429.99148924
    1242   8443.58285913
    1243   8457.18517500
    1244   8470.79844056
    1245   8484.42265209
    1246   8498.05781331
    1247   8511.70392049
    1248   8525.36097738
    1249   8539.02898021
    1250   8552.70793277
    1251   8566.39783126
    1252   8580.09867949
    1253   8593.81047365
    1254   8607.53321755
    1255   8621.26690737
    1256   8635.01154696
    1257   8648.76713244
    1258   8662.53366770
    1259   8676.31114885
    1260   8690.09957980
    1261   8703.89895662
    1262   8717.70928326
    1263   8731.53055575
    1264   8745.36277807
    1265   8759.20594624
    1266   8773.06006425
    1267   8786.92512810
    1268   8800.80114181
    1269   8814.68810134
    1270   8828.58601074
    1271   8842.49486595
    1272   8856.41467105
    1273   8870.34542194
    1274   8884.28712274
    1275   8898.23976933
    1276   8912.20336583
    1277   8926.17790811
    1278   8940.16340031
    1279   8954.15983828
    1280   8968.16722620
    1281   8982.18555986
    1282   8996.21484349
    1283   9010.25507285
    1284   9024.30625219
    1285   9038.36837725
    1286   9052.44145231
    1287   9066.52547307
    1288   9080.62044385
    1289   9094.72636031
    1290   9108.84322681
    1291   9122.97103898
    1292   9137.10980120
    1293   9151.25950909
    1294   9165.42016703
    1295   9179.59177063
    1296   9193.77432430
    1297   9207.96782361
    1298   9222.17227302
    1299   9236.38766804
    1300   9250.61401318
    1301   9264.85130393
    1302   9279.09954480
    1303   9293.35873127
    1304   9307.62886788
    1305   9321.90995007
    1306   9336.20198242
    1307   9350.50496034
    1308   9364.81888844
    1309   9379.14376208
    1310   9393.47958593
    1311   9407.82635530
    1312   9422.18407489
    1313   9436.55274000
    1314   9450.93235534
    1315   9465.32291619
    1316   9479.72442728
    1317   9494.13688386
    1318   9508.56029071
    1319   9522.99464304
    1320   9537.43994564
    1321   9551.89619371
    1322   9566.36339207
    1323   9580.84153588
    1324   9595.33063001
    1325   9609.83066957
    1326   9624.34165947
    1327   9638.86359477
    1328   9653.39648043
    1329   9667.94031149
    1330   9682.49509292
    1331   9697.06081973
    1332   9711.63749694
    1333   9726.22511951
    1334   9740.82369249
    1335   9755.43321081
    1336   9770.05367957
    1337   9784.68509365
    1338   9799.32745819
    1339   9813.98076804
    1340   9828.64502835
    1341   9843.32023397
    1342   9858.00639007
    1343   9872.70349145
    1344   9887.41154334
    1345   9902.13054048
    1346   9916.86048816
    1347   9931.60138108
    1348   9946.35322455
    1349   9961.11601324
    1350   9975.88975251
    1351   9990.67443697
    1352  10005.47007203
    1353  10020.27665228
    1354  10035.09418314
    1355  10049.92265916
    1356  10064.76208582
    1357  10079.61245762
    1358  10094.47378009
    1359  10109.34604768
    1360  10124.22926594
    1361  10139.12342932
    1362  10154.02854339
    1363  10168.94460255
    1364  10183.87161244
    1365  10198.80956739
    1366  10213.75847309
    1367  10228.71832383
    1368  10243.68912534
    1369  10258.67087188
    1370  10273.66356921
    1371  10288.66721154
    1372  10303.68180469
    1373  10318.70734282
    1374  10333.74383178
    1375  10348.79126572
    1376  10363.84965051
    1377  10378.91898024
    1378  10393.99926085
    1379  10409.09048639
    1380  10424.19266283
    1381  10439.30578418
    1382  10454.42985645
    1383  10469.56487360
    1384  10484.71084170
    1385  10499.86775466
    1386  10515.03561860
    1387  10530.21442737
    1388  10545.40418714
    1389  10560.60489173
    1390  10575.81654734
    1391  10591.03914774
    1392  10606.27269919
    1393  10621.51719541
    1394  10636.77264270
    1395  10652.03903474
    1396  10667.31637787
    1397  10682.60466573
    1398  10697.90390471
    1399  10713.21408839
    1400  10728.53522322
    1401  10743.86730272
    1402  10759.21033340
    1403  10774.56430873
    1404  10789.92923526
    1405  10805.30510642
    1406  10820.69192880
    1407  10836.08969579
    1408  10851.49841403
    1409  10866.91807685
    1410  10882.34869095
    1411  10897.79024960
    1412  10913.24275956
    1413  10928.70621405
    1414  10944.18061986
    1415  10959.66597019
    1416  10975.16227187
    1417  10990.66951803
    1418  11006.18771557
    1419  11021.71685758
    1420  11037.25695099
    1421  11052.80798883
    1422  11068.36997811
    1423  11083.94291179
    1424  11099.52679694
    1425  11115.12162647
    1426  11130.72740750
    1427  11146.34413287
    1428  11161.97180977
    1429  11177.61043099
    1430  11193.26000376
    1431  11208.92052083
    1432  11224.59198948
    1433  11240.27440240
    1434  11255.96776693
    1435  11271.67207570
    1436  11287.38733611
    1437  11303.11354074
    1438  11318.85069703
    1439  11334.59879751
    1440  11350.35784968
    1441  11366.12784601
    1442  11381.90879408
    1443  11397.70068626
    1444  11413.50353021
    1445  11429.31731826
    1446  11445.14205810
    1447  11460.97774200
    1448  11476.82437773
    1449  11492.68195750
    1450  11508.55048912
    1451  11524.42996474
    1452  11540.32039226
    1453  11556.22176375
    1454  11572.13408715
    1455  11588.05735451
    1456  11603.99157381
    1457  11619.93673703
    1458  11635.89285223
    1459  11651.85991131
    1460  11667.83792241
    1461  11683.82687736
    1462  11699.82678436
    1463  11715.83763518
    1464  11731.85943808
    1465  11747.89218476
    1466  11763.93588357
    1467  11779.99052612
    1468  11796.05612083
    1469  11812.13265925
    1470  11828.22014987
    1471  11844.31858416
    1472  11860.42797068
    1473  11876.54830085
    1474  11892.67958328
    1475  11908.82180932
    1476  11924.97498766
    1477  11941.13910957
    1478  11957.31418382
    1479  11973.50020160
    1480  11989.69717176
    1481  12005.90508542
    1482  12022.12395149
    1483  12038.35376103
    1484  12054.59452301
    1485  12070.84622842
    1486  12087.10888632
    1487  12103.38248761
    1488  12119.66704142
    1489  12135.96253858
    1490  12152.26898831
    1491  12168.58638135
    1492  12184.91472700
    1493  12201.25401592
    1494  12217.60425748
    1495  12233.96544228
    1496  12250.33757976
    1497  12266.72066043
    1498  12283.11469383
    1499  12299.51967039
    1500  12315.93559970
    1501  12332.36247214
    1502  12348.80029737
    1503  12365.24906569
    1504  12381.70878684
    1505  12398.17945104
    1506  12414.66106812
    1507  12431.15362819
    1508  12447.65714119
    1509  12464.17159714
    1510  12480.69700606
    1511  12497.23335789
    1512  12513.78066274
    1513  12530.33891045
    1514  12546.90811122
    1515  12563.48825481
    1516  12580.07935150
    1517  12596.68139097
    1518  12613.29438358
    1519  12629.91831893
    1520  12646.55320747
    1521  12663.19903869
    1522  12679.85582316
    1523  12696.52355026
    1524  12713.20223065
    1525  12729.89185363
    1526  12746.59242994
    1527  12763.30394880
    1528  12780.02642104
    1529  12796.75983577
    1530  12813.50420393
    1531  12830.25951454
    1532  12847.02577863
    1533  12863.80298511
    1534  12880.59114513
    1535  12897.39024749
    1536  12914.20030342
    1537  12931.02130166
    1538  12947.85325352
    1539  12964.69614762
    1540  12981.54999541
    1541  12998.41478539
    1542  13015.29052910
    1543  13032.17721494
    1544  13049.07485458
    1545  13065.98343630
    1546  13082.90297185
    1547  13099.83344944
    1548  13116.77488092
    1549  13133.72725437
    1550  13150.69058177
    1551  13167.66485109
    1552  13184.65007442
    1553  13201.64623960
    1554  13218.65335884
    1555  13235.67141990
    1556  13252.70043506
    1557  13269.74039197
    1558  13286.79130305
    1559  13303.85315583
    1560  13320.92596283
    1561  13338.00971146
    1562  13355.10441438
    1563  13372.21005887
    1564  13389.32665770
    1565  13406.45419805
    1566  13423.59269279
    1567  13440.74212900
    1568  13457.90251966
    1569  13475.07385171
    1570  13492.25613828
    1571  13509.44936619
    1572  13526.65354867
    1573  13543.86867242
    1574  13561.09475082
    1575  13578.33177042
    1576  13595.57974472
    1577  13612.83866016
    1578  13630.10853037
    1579  13647.38934165
    1580  13664.68110777
    1581  13681.98381489
    1582  13699.29747691
    1583  13716.62207987
    1584  13733.95763779
    1585  13751.30413658
    1586  13768.66159040
    1587  13786.02998502
    1588  13803.40933475
    1589  13820.79962519
    1590  13838.20087081
    1591  13855.61305708
    1592  13873.03619859
    1593  13890.47028069
    1594  13907.91531809
    1595  13925.37129600
    1596  13942.83822930
    1597  13960.31610302
    1598  13977.80493221
    1599  13995.30470174
    1600  14012.81542681
    1601  14030.33709215
    1602  14047.86971311
    1603  14065.41327425
    1604  14082.96779109
    1605  14100.53324803
    1606  14118.10966074
    1607  14135.69701349
    1608  14153.29532207
    1609  14170.90457061
    1610  14188.52477506
    1611  14206.15591939
    1612  14223.79801971
    1613  14241.45105982
    1614  14259.11505601
    1615  14276.78999190
    1616  14294.47588395
    1617  14312.17271562
    1618  14329.88050352
    1619  14347.59923096
    1620  14365.32891472
    1621  14383.06953793
    1622  14400.82111754
    1623  14418.58363650
    1624  14436.35711196
    1625  14454.14152668
    1626  14471.93689799
    1627  14489.74320846
    1628  14507.56047561
    1629  14525.38868182
    1630  14543.22784480
    1631  14561.07794676
    1632  14578.93900557
    1633  14596.81100326
    1634  14614.69395790
    1635  14632.58785132
    1636  14650.49270178
    1637  14668.40849092
    1638  14686.33523720
    1639  14704.27292206
    1640  14722.22156415
    1641  14740.18114472
    1642  14758.15168262
    1643  14776.13315890
    1644  14794.12559260
    1645  14812.12896457
    1646  14830.14329407
    1647  14848.16856173
    1648  14866.20478703
    1649  14884.25195037
    1650  14902.31007146
    1651  14920.37913047
    1652  14938.45914734
    1653  14956.55010203
    1654  14974.65201467
    1655  14992.76486502
    1656  15010.88867343
    1657  15029.02341943
    1658  15047.16912361
    1659  15065.32576526
    1660  15083.49336519
    1661  15101.67190247
    1662  15119.86139816
    1663  15138.06183107
    1664  15156.27322251
    1665  15174.49555104
    1666  15192.72883821
    1667  15210.97306236
    1668  15229.22824526
    1669  15247.49436501
    1670  15265.77144363
    1671  15284.05945897
    1672  15302.35843332
    1673  15320.66834424
    1674  15338.98921430
    1675  15357.32102080
    1676  15375.66378655
    1677  15394.01748862
    1678  15412.38215007
    1679  15430.75774768
    1680  15449.14430482
    1681  15467.54179798
    1682  15485.95025080
    1683  15504.36963949
    1684  15522.79998798
    1685  15541.24127219
    1686  15559.69351634
    1687  15578.15669607
    1688  15596.63083587
    1689  15615.11591109
    1690  15633.61194653
    1691  15652.11891725
    1692  15670.63684833
    1693  15689.16571452
    1694  15707.70554122
    1695  15726.25630288
    1696  15744.81802519
    1697  15763.39068230
    1698  15781.97430021
    1699  15800.56885276
    1700  15819.17436627
    1701  15837.79081425
    1702  15856.41822334
    1703  15875.05656673
    1704  15893.70587140
    1705  15912.36611018
    1706  15931.03731041
    1707  15949.71944458
    1708  15968.41254036
    1709  15987.11656990
    1710  16005.83156122
    1711  16024.55748611
    1712  16043.29437296
    1713  16062.04219320
    1714  16080.80097556
    1715  16099.57069112
    1716  16118.35136899
    1717  16137.14297985
    1718  16155.94555321
    1719  16174.75905937
    1720  16193.58352821
    1721  16212.41892964
    1722  16231.26529394
    1723  16250.12259064
    1724  16268.99085039
    1725  16287.87004233
    1726  16306.76019752
    1727  16325.66128468
    1728  16344.57333529
    1729  16363.49631765
    1730  16382.43026368
    1731  16401.37514123
    1732  16420.33098265
    1733  16439.29775537
    1734  16458.27549216
    1735  16477.26416003
    1736  16496.26379219
    1737  16515.27435519
    1738  16534.29588270
    1739  16553.32834080
    1740  16572.37176364
    1741  16591.42611684
    1742  16610.49143499
    1743  16629.56768325
    1744  16648.65489671
    1745  16667.75304001
    1746  16686.86214874
    1747  16705.98218707
    1748  16725.11319107
    1749  16744.25512439
    1750  16763.40802364
    1751  16782.57185194
    1752  16801.74664641
    1753  16820.93236966
    1754  16840.12905934
    1755  16859.33667751
    1756  16878.55526238
    1757  16897.78477546
    1758  16917.02525550
    1759  16936.27666346
    1760  16955.53903864
    1761  16974.81234145
    1762  16994.09661176
    1763  17013.39180939
    1764  17032.69797481
    1765  17052.01506724
    1766  17071.34312775
    1767  17090.68211493
    1768  17110.03207051
    1769  17129.39295243
    1770  17148.76480305
    1771  17168.14757968
    1772  17187.54132532
    1773  17206.94599663
    1774  17226.36163725
    1775  17245.78820321
    1776  17265.22573881
    1777  17284.67419938
    1778  17304.13362993
    1779  17323.60398508
    1780  17343.08531055
    1781  17362.57756025
    1782  17382.08078061
    1783  17401.59492483
    1784  17421.12004006
    1785  17440.65607876
    1786  17460.20308883
    1787  17479.76102197
    1788  17499.32992686
    1789  17518.90975441
    1790  17538.50055408
    1791  17558.10227599
    1792  17577.71497043
    1793  17597.33858667
    1794  17616.97317583
    1795  17636.61868637
    1796  17656.27517023
    1797  17675.94257501
    1798  17695.62095354
    1799  17715.31025253
    1800  17735.01052569
    1801  17754.72171885
    1802  17774.44388662
    1803  17794.17697390
    1804  17813.92103624
    1805  17833.67601760
    1806  17853.44197447
    1807  17873.21884986
    1808  17893.00670124
    1809  17912.80547061
    1810  17932.61521646
    1811  17952.43587977
    1812  17972.26752004
    1813  17992.11007724
    1814  18011.96361191
    1815  18031.82806294
    1816  18051.70349197
    1817  18071.58983679
    1818  18091.48716013
    1819  18111.39539868
    1820  18131.31461630
    1821  18151.24474852
    1822  18171.18586038
    1823  18191.13788622
    1824  18211.10089228
    1825  18231.07481168
    1826  18251.05971190
    1827  18271.05552480
    1828  18291.06231912
    1829  18311.08002546
    1830  18331.10871386
    1831  18351.14831357
    1832  18371.19889599
    1833  18391.26038902
    1834  18411.33286541
    1835  18431.41625169
    1836  18451.51062201
    1837  18471.61590146
    1838  18491.73216566
    1839  18511.85933822
    1840  18531.99749626
    1841  18552.14656185
    1842  18572.30661367
    1843  18592.47757223
    1844  18612.65951777
    1845  18632.85236921
    1846  18653.05620843
    1847  18673.27095268
    1848  18693.49668552
    1849  18713.73332250
    1850  18733.98094890
    1851  18754.23947852
    1852  18774.50899843
    1853  18794.78942062
    1854  18815.08083397
    1855  18835.38314863
    1856  18855.69645537
    1857  18876.02066241
    1858  18896.35586249
    1859  18916.70196181
    1860  18937.05905515
    1861  18957.42704667
    1862  18977.80603321
    1863  18998.19591682
    1864  19018.59679650
    1865  19039.00857210
    1866  19059.43134484
    1867  19079.86501234
    1868  19100.30967808
    1869  19120.76523735
    1870  19141.23179602
    1871  19161.70924695
    1872  19182.19769848
    1873  19202.69704097
    1874  19223.20738527
    1875  19243.72861920
    1876  19264.26085621
    1877  19284.80398144
    1878  19305.35811108
    1879  19325.92312749
    1880  19346.49914968
    1881  19367.08605715
    1882  19387.68397181
    1883  19408.29277019
    1884  19428.91257723
    1885  19449.54326639
    1886  19470.18496573
    1887  19490.83754552
    1888  19511.50113706
    1889  19532.17560734
    1890  19552.86109100
    1891  19573.55745160
    1892  19594.26482730
    1893  19614.98307806
    1894  19635.71234569
    1895  19656.45248646
    1896  19677.20364592
    1897  19697.96567651
    1898  19718.73872772
    1899  19739.52264796
    1900  19760.31759081
    1901  19781.12340051
    1902  19801.94023488
    1903  19822.76793385
    1904  19843.60665966
    1905  19864.45624770
    1906  19885.31686483
    1907  19906.18834173
    1908  19927.07085006
    1909  19947.96421561
    1910  19968.86861504
    1911  19989.78386901
    1912  20010.71015942
    1913  20031.64730157
    1914  20052.59548284
    1915  20073.55451294
    1916  20094.52458494
    1917  20115.50550273
    1918  20136.49746535
    1919  20157.50027057
    1920  20178.51412366
    1921  20199.53881604
    1922  20220.57455949
    1923  20241.62113872
    1924  20262.67877240
    1925  20283.74723819
    1926  20304.82676195
    1927  20325.91711400
    1928  20347.01852770
    1929  20368.13076567
    1930  20389.25406918
    1931  20410.38819272
    1932  20431.53338589
    1933  20452.68939465
    1934  20473.85647734
    1935  20495.03437093
    1936  20516.22334298
    1937  20537.42312101
    1938  20558.63398228
    1939  20579.85564433
    1940  20601.08839467
    1941  20622.33194029
    1942  20643.58657954
    1943  20664.85200828
    1944  20686.12853627
    1945  20707.41584765
    1946  20728.71426423
    1947  20750.02345772
    1948  20771.34376274
    1949  20792.67483780
    1950  20814.01703109
    1951  20835.36998715
    1952  20856.73406855
    1953  20878.10890499
    1954  20899.49487435
    1955  20920.89159052
    1956  20942.29944768
    1957  20963.71804291
    1958  20985.14778770
    1959  21006.58826125
    1960  21028.03989354
    1961  21049.50224462
    1962  21070.97576426
    1963  21092.45999204
    1964  21113.95539889
    1965  21135.46150249
    1966  21156.97879641
    1967  21178.50677486
    1968  21200.04595575
    1969  21221.59580803
    1970  21243.15687577
    1971  21264.72860078
    1972  21286.31155529
    1973  21307.90515184
    1974  21329.50999303
    1975  21351.12545984
    1976  21372.75218770
    1977  21394.38952336
    1978  21416.03813785
    1979  21437.69734087
    1980  21459.36784204
    1981  21481.04891074
    1982  21502.74129864
    1983  21524.44423126
    1984  21546.15850604
    1985  21567.88330057
    1986  21589.61946237
    1987  21611.36611671
    1988  21633.12416585
    1989  21654.89267755
    1990  21676.67261430
    1991  21698.46298084
    1992  21720.26480576
    1993  21742.07702410
    1994  21763.90073762
    1995  21785.73480477
    1996  21807.58040776
    1997  21829.43631992
    1998  21851.30381298
    1999  21873.18156659
    2000  21895.07095102
    2001  21916.97054132
    2002  21938.88181776
    2003  21960.80324069
    2004  21982.73641097
    2005  22004.67966060
    2006  22026.63472502
    2007  22048.59979716
    2008  22070.57675792
    2009  22092.56364549
    2010  22114.56250145
    2011  22136.57120141
    2012  22158.59195432
    2013  22180.62245924
    2014  22202.66510342
    2015  22224.71741514
    2016  22246.78194910
    2017  22268.85606304
    2018  22290.94246837
    2019  22313.03840131
    2020  22335.14666483
    2021  22357.26442512
    2022  22379.39449462
    2023  22401.53414017
    2024  22423.68596717
    2025  22445.84754823
    2026  22468.02099278
    2027  22490.20467518
    2028  22512.39959102
    2029  22534.60554371
    2030  22556.82157021
    2031  22579.05022801
    2032  22601.28697292
    2033  22623.53879825
    2034  22645.79539824
    2035  22668.07140114
    2036  22690.34700599
    2037  22712.64810595
    2038  22734.94115092
    2039  22757.26882531
    2040  22779.57888021
    2041  22801.93265298
    2042  22824.26064128
    2043  22846.63637928
    2044  22868.99323184
    2045  22891.37097847
    2046  22913.79186450
    2047  22936.09210671
    2048  22958.86476821
 ---------------------------------------
 
SCF converged! Final Ground-State Energy (Eh):              -2.2242095530063528
