 
     Two-Electron DVR    
 ------------------------
 x0     =      15.00000000
 m      =       1.00000000
 Z      =       5.00000000
 n      =              256
 dx     =       0.11764706
 
Soft-Coulomb Parameters:
 alpha  =       1.00000000
 beta   =       0.10000000
 
 
                       Hartree-Fock                      
 --------------------------------------------------------
 no. of orbitals        =              256
 no. of electrons       =                2
 scf_damping_switch     =        F
 scf_diis_switch        =        F
 damping_factor         =   0.00000000
 e_tolerance            = 0.0000000000100000
 maximum scf-iterations =              200
 
 
                       SCF iterations                      
 ----------------------------------------------------------
    S.No    Energy (hartree)        dE (hartree)
 ----------------------------------------------------------
       0     -8.193126433536
       1     -6.468351706693      1.724774726843
       2     -6.553608022713      0.085256316020
       3     -6.554731620373      0.001123597660
       4     -6.554750154765      0.000018534392
       5     -6.554750616585      0.000000461820
       6     -6.554750630130      0.000000013545
       7     -6.554750630547      0.000000000417
       8     -6.554750630560      0.000000000013
       9     -6.554750630561      0.000000000000
 ----------------------------------------------------------
  
 
 
 ---------------------------------------
     Molecular Orbital Energies (Eh)    
 ---------------------------------------
       1     -2.50410841
       2     -0.97806030
       3     -0.68201291
       4     -0.48346978
       5     -0.36374694
       6     -0.27789485
       7     -0.21294904
       8     -0.14434338
       9     -0.06694909
      10      0.02688856
      11      0.13102116
      12      0.25071569
      13      0.37974813
      14      0.52341966
      15      0.67618168
      16      0.84282739
      17      1.01865207
      18      1.20770809
      19      1.40616850
      20      1.61730424
      21      1.83810646
      22      2.07112483
      23      2.31405883
      24      2.56884197
      25      2.83375533
      26      3.11023295
      27      3.39701476
      28      3.69514521
      29      4.00371517
      30      4.32347402
      31      4.65377446
      32      4.99514759
      33      5.34713757
      34      5.71011703
      35      6.08376791
      36      6.46834948
      37      6.86364153
      38      7.26982328
      39      7.68674320
      40      8.11452460
      41      8.55306370
      42      9.00244508
      43      9.46259791
      44      9.93358015
      45     10.41534357
      46     10.90792791
      47     11.41130033
      48     11.92548821
      49     12.45046913
      50     12.98626214
      51     13.53285179
      52     14.09025155
      53     14.65845064
      54     15.23745879
      55     15.82726834
      56     16.42788652
      57     17.03930771
      58     17.66153752
      59     18.29457163
      60     18.93841463
      61     19.59306299
      62     20.25852065
      63     20.93478457
      64     21.62185832
      65     22.31973910
      66     23.02843029
      67     23.74792918
      68     24.47823907
      69     25.21935726
      70     25.97128706
      71     26.73402570
      72     27.50757655
      73     28.29193671
      74     29.08710965
      75     29.89309235
      76     30.70988840
      77     31.53749458
      78     32.37591467
      79     33.22514524
      80     34.08519025
      81     34.95604605
      82     35.83771680
      83     36.73019861
      84     37.63349587
      85     38.54760444
      86     39.47252894
      87     40.40826496
      88     41.35481737
      89     42.31218149
      90     43.28036246
      91     44.25935530
      92     45.24916542
      93     46.24978755
      94     47.26122739
      95     48.28347935
      96     49.31654944
      97     50.36043174
      98     51.41513259
      99     52.48064572
     100     53.55697780
     101     54.64412222
     102     55.74208598
     103     56.85086211
     104     57.97045799
     105     59.10086624
     106     60.24209464
     107     61.39413540
     108     62.55699671
     109     63.73067036
     110     64.91516495
     111     66.11047184
     112     67.31660007
     113     68.53354053
     114     69.76130274
     115     70.99987710
     116     72.24927362
     117     73.50948219
     118     74.78051334
     119     76.06235642
     120     77.35502249
     121     78.65850037
     122     79.97280167
     123     81.29791462
     124     82.63385144
     125     83.98059974
     126     85.33817235
     127     86.70655625
     128     88.08576493
     129     89.47578468
     130     90.87662969
     131     92.28828554
     132     93.71076715
     133     95.14405934
     134     96.58817780
     135     98.04310656
     136     99.50886212
     137    100.98542767
     138    102.47282058
     139    103.97102315
     140    105.48005364
     141    106.99989345
     142    108.53056177
     143    110.07203902
     144    111.62434540
     145    113.18746030
     146    114.76140497
     147    116.34615773
     148    117.94174093
     149    119.54813173
     150    121.16535368
     151    122.79338272
     152    124.43224366
     153    126.08191112
     154    127.74241126
     155    129.41371733
     156    131.09585690
     157    132.78880175
     158    134.49258096
     159    136.20716477
     160    137.93258385
     161    139.66880677
     162    141.41586592
     163    143.17372813
     164    144.94242757
     165    146.72192920
     166    148.51226915
     167    150.31341035
     168    152.12539101
     169    153.94817191
     170    155.78179349
     171    157.62621422
     172    159.48147692
     173    161.34753759
     174    163.22444161
     175    165.11214232
     176    167.01068786
     177    168.92002869
     178    170.84021593
     179    172.77119698
     180    174.71302610
     181    176.66564740
     182    178.62911858
     183    180.60338018
     184    182.58849361
     185    184.58439551
     186    186.59115130
     187    188.60869354
     188    190.63709188
     189    192.67627437
     190    194.72631533
     191    196.78713811
     192    198.85882186
     193    200.94128474
     194    203.03461126
     195    205.13871429
     196    207.25368372
     197    209.37942662
     198    211.51603876
     199    213.66342165
     200    215.82167660
     201    217.99069910
     202    220.17059627
     203    222.36125877
     204    224.56279812
     205    226.77510020
     206    228.99828042
     207    231.23222311
     208    233.47704373
     209    235.73262683
     210    237.99908504
     211    240.27631112
     212    242.56440530
     213    244.86327516
     214    247.17299928
     215    249.49351899
     216    251.82486849
     217    254.16704197
     218    256.52000388
     219    258.88384501
     220    261.25840755
     221    263.64392844
     222    266.04006371
     223    268.44729537
     224    270.86497459
     225    273.29394896
     226    275.73311299
     227    278.18389674
     228    280.64447962
     229    283.11714787
     230    285.59903030
     231    288.09371597
     232    290.59676227
     233    293.11361707
     234    295.63761656
     235    298.17686058
     236    300.72159713
     237    303.28344456
     238    305.84867901
     239    308.43330581
     240    311.01894647
     241    313.62629920
     242    316.23259033
     243    318.86209135
     244    321.48995115
     245    324.14018318
     246    326.79150543
     247    329.46019182
     248    332.13730778
     249    334.82250552
     250    337.52472933
     251    340.23208352
     252    342.94806999
     253    345.70010185
     254    348.36906771
     255    351.28480833
     256    353.83507496
 ---------------------------------------
 
SCF converged! Final Ground-State Energy (Eh):              -6.5547506305608456
