 
     Two-Electron DVR    
 ------------------------
 x0     =      15.00000000
 m      =       1.00000000
 Z      =       3.00000000
 n      =              128
 dx     =       0.23622047
 
Soft-Coulomb Parameters:
 alpha  =       0.10000000
 beta   =       0.10000000
 
 
                       Hartree-Fock                      
 --------------------------------------------------------
 no. of orbitals        =              128
 no. of electrons       =                2
 scf_damping_switch     =        F
 scf_diis_switch        =        F
 damping_factor         =   0.00000000
 e_tolerance            = 0.0000000000100000
 maximum scf-iterations =              200
 
 
                       SCF iterations                      
 ----------------------------------------------------------
    S.No    Energy (hartree)        dE (hartree)
 ----------------------------------------------------------
       0    -12.589895842411
       1    -10.423079107488      2.166816734923
       2    -10.459398724889      0.036319617401
       3    -10.460001702559      0.000602977671
       4    -10.460012029913      0.000010327354
       5    -10.460012215770      0.000000185856
       6    -10.460012219225      0.000000003455
       7    -10.460012219290      0.000000000065
       8    -10.460012219291      0.000000000001
 ----------------------------------------------------------
  
 
 
 ---------------------------------------
     Molecular Orbital Energies (Eh)    
 ---------------------------------------
       1     -4.18513483
       2     -0.39580014
       3     -0.21162137
       4     -0.11238367
       5     -0.07147278
       6     -0.01942741
       7      0.02989764
       8      0.10863462
       9      0.18035193
      10      0.28567061
      11      0.37898810
      12      0.50902954
      13      0.62391851
      14      0.77747921
      15      0.91416060
      16      1.09037915
      17      1.24909324
      18      1.44733716
      19      1.62827489
      20      1.84808139
      21      2.05137117
      22      2.29240311
      23      2.51812075
      24      2.78013785
      25      3.02831600
      26      3.31114866
      27      3.58179118
      28      3.88532615
      29      4.17841361
      30      4.50257654
      31      4.81807754
      32      5.16282719
      33      5.50069866
      34      5.86601346
      35      6.22621053
      36      6.61208837
      37      6.99456062
      38      7.40100669
      39      7.80570832
      40      8.23273926
      41      8.65962189
      42      9.10725319
      43      9.55627764
      44     10.02453179
      45     10.49565739
      46     10.98454938
      47     11.47774848
      48     11.98729829
      49     12.50254152
      50     13.03275636
      51     13.57003116
      52     14.12092285
      53     14.68021374
      54     15.25177628
      55     15.83308885
      56     16.42532175
      57     17.02865672
      58     17.64153605
      59     18.26692048
      60     18.90042979
      61     19.54788313
      62     20.20197574
      63     20.87155067
      64     21.54619032
      65     22.23792826
      66     22.93303982
      67     23.64702451
      68     24.36254736
      69     25.09884659
      70     25.83466985
      71     26.59340580
      72     27.34943870
      73     28.13071137
      74     28.90679782
      75     29.71077773
      76     30.50678936
      77     31.33361647
      78     32.14933950
      79     32.99924574
      80     33.83450492
      81     34.70767990
      82     35.56218788
      83     36.45894162
      84     37.33246529
      85     38.25304838
      86     39.14520748
      87     40.09002801
      88     41.00052050
      89     41.96990110
      90     42.89823228
      91     43.89270084
      92     44.83849238
      93     45.85844982
      94     46.82107278
      95     47.86718529
      96     48.84619021
      97     49.91892837
      98     50.91354288
      99     52.01371612
     100     53.02345407
     101     54.15156015
     102     55.17552235
     103     56.33248831
     104     57.37024241
     105     58.55648811
     106     59.60706609
     107     60.82356518
     108     61.88676259
     109     63.13366516
     110     64.20852605
     111     65.48676972
     112     66.57355979
     113     67.88278683
     114     68.98050083
     115     70.32174744
     116     71.43126653
     117     72.80363348
     118     73.92309200
     119     75.32887646
     120     76.45939523
     121     77.89796930
     122     79.03331669
     123     80.51316813
     124     81.65390433
     125     83.17706121
     126     84.29621298
     127     85.90686929
     128     87.04977333
 ---------------------------------------
 
SCF converged! Final Ground-State Energy (Eh):             -10.4600122192913627
