 
     Two-Electron DVR    
 ------------------------
 x0     =      15.00000000
 m      =       1.00000000
 Z      =       2.00000000
 n      =               64
 dx     =       0.47619048
 
Soft-Coulomb Parameters:
 alpha  =       0.01000000
 beta   =       1.00000000
 
 
                       Hartree-Fock                      
 --------------------------------------------------------
 no. of orbitals        =               64
 no. of electrons       =                2
 scf_damping_switch     =        F
 scf_diis_switch        =        F
 damping_factor         =   0.00000000
 e_tolerance            = 0.0000000000100000
 maximum scf-iterations =              200
 
 
                       SCF iterations                      
 ----------------------------------------------------------
    S.No    Energy (hartree)        dE (hartree)
 ----------------------------------------------------------
       0    -12.103356829264
       1    -11.186204027486      0.917152801778
       2    -11.186828386349      0.000624358863
       3    -11.186834963165      0.000006576816
       4    -11.186835034668      0.000000071503
       5    -11.186835035456      0.000000000788
       6    -11.186835035465      0.000000000009
 ----------------------------------------------------------
  
 
 
 ---------------------------------------
     Molecular Orbital Energies (Eh)    
 ---------------------------------------
       1     -5.13548071
       2     -0.48722892
       3      0.01346994
       4      0.02224268
       5      0.06970219
       6      0.09430715
       7      0.17189671
       8      0.21481228
       9      0.31937124
      10      0.38161360
      11      0.51157064
      12      0.59324312
      13      0.74805970
      14      0.84863931
      15      1.02848456
      16      1.14725444
      17      1.35254181
      18      1.48854081
      19      1.71997893
      20      1.87236700
      21      2.13057333
      22      2.29833827
      23      2.58414730
      24      2.76654724
      25      3.08054141
      26      3.27660589
      27      3.61964090
      28      3.82878118
      29      4.20133783
      30      4.42261502
      31      4.82557204
      32      5.05855814
      33      5.49227717
      34      5.73601992
      35      6.20144220
      36      6.45568342
      37      6.95303416
      38      7.21675318
      39      7.74708939
      40      8.02023861
      41      8.58360124
      42      8.86503647
      43      9.46265534
      44      9.75264978
      45     10.38426177
      46     10.68149984
      47     11.34855847
      48     11.65388973
      49     12.35554934
      50     12.66745356
      51     13.40541880
      52     13.72590716
      53     14.49809646
      54     14.82541509
      55     15.63376631
      56     15.97255982
      57     16.81206279
      58     17.16016343
      59     18.03294116
      60     18.40260149
      61     19.29478723
      62     19.68146809
      63     20.59507119
      64     21.06961496
 ---------------------------------------
 
SCF converged! Final Ground-State Energy (Eh):             -11.1868350354647639
