 
     Two-Electron DVR    
 ------------------------
 x0     =      15.00000000
 m      =       1.00000000
 Z      =       3.00000000
 n      =               64
 dx     =       0.47619048
 
Soft-Coulomb Parameters:
 alpha  =       1.00000000
 beta   =       0.01000000
 
 
                       Hartree-Fock                      
 --------------------------------------------------------
 no. of orbitals        =               64
 no. of electrons       =                2
 scf_damping_switch     =        T
 scf_diis_switch        =        F
 damping_factor         =   0.80000000
 e_tolerance            = 0.0000000000100000
 maximum scf-iterations =              200
 
 
                       SCF iterations                      
 ----------------------------------------------------------
    S.No    Energy (hartree)        dE (hartree)
 ----------------------------------------------------------
       0     -4.671345975059
       1     -1.613829979199      3.057515995860
       2     -1.861375365739      0.247545386540
       3     -1.984971590944      0.123596225205
       4     -2.067976921747      0.083005330803
       5     -2.130660284036      0.062683362289
       6     -2.179978304161      0.049318020125
       7     -2.219376025100      0.039397720939
       8     -2.251032403401      0.031656378302
       9     -2.276521159149      0.025488755748
      10     -2.297053254977      0.020532095828
      11     -2.313588111340      0.016534856363
      12     -2.326896084760      0.013307973419
      13     -2.337599369974      0.010703285215
      14     -2.346201585211      0.008602215237
      15     -2.353110484128      0.006908898917
      16     -2.358655984623      0.005545500495
      17     -2.363104734336      0.004448749713
      18     -2.366671975859      0.003567241523
      19     -2.369531240827      0.002859264968
      20     -2.371822270578      0.002291029751
      21     -2.373657478602      0.001835208023
      22     -2.375127212319      0.001469733717
      23     -2.376304027586      0.001176815267
      24     -2.377246153494      0.000942125909
      25     -2.378000295169      0.000754141675
      26     -2.378603896953      0.000603601784
      27     -2.379086967025      0.000483070072
      28     -2.379473546476      0.000386579452
      29     -2.379782890788      0.000309344311
      30     -2.380030419123      0.000247528335
      31     -2.380228476465      0.000198057343
      32     -2.380386945106      0.000158468641
      33     -2.380513734994      0.000126789888
      34     -2.380615176774      0.000101441780
      35     -2.380696336719      0.000081159945
      36     -2.380761268995      0.000064932276
      37     -2.380813217686      0.000051948691
      38     -2.380854778553      0.000041560867
      39     -2.380888028527      0.000033249974
      40     -2.380914629367      0.000026600840
      41     -2.380935910619      0.000021281252
      42     -2.380952936014      0.000017025395
      43     -2.380966556598      0.000013620584
      44     -2.380977453249      0.000010896651
      45     -2.380986170695      0.000008717447
      46     -2.380993144740      0.000006974044
      47     -2.380998724036      0.000005579296
      48     -2.381003187515      0.000004463479
      49     -2.381006758328      0.000003570813
      50     -2.381009614999      0.000002856671
      51     -2.381011900351      0.000002285352
      52     -2.381013728643      0.000001828292
      53     -2.381015191284      0.000001462641
      54     -2.381016361402      0.000001170118
      55     -2.381017297501      0.000000936099
      56     -2.381018046383      0.000000748882
      57     -2.381018645490      0.000000599107
      58     -2.381019124777      0.000000479287
      59     -2.381019508208      0.000000383431
      60     -2.381019814954      0.000000306746
      61     -2.381020060351      0.000000245397
      62     -2.381020256669      0.000000196318
      63     -2.381020413724      0.000000157055
      64     -2.381020539368      0.000000125644
      65     -2.381020639883      0.000000100515
      66     -2.381020720295      0.000000080412
      67     -2.381020784626      0.000000064330
      68     -2.381020836090      0.000000051464
      69     -2.381020877261      0.000000041171
      70     -2.381020910198      0.000000032937
      71     -2.381020936548      0.000000026350
      72     -2.381020957628      0.000000021080
      73     -2.381020974491      0.000000016864
      74     -2.381020987982      0.000000013491
      75     -2.381020998775      0.000000010793
      76     -2.381021007410      0.000000008634
      77     -2.381021014317      0.000000006907
      78     -2.381021019843      0.000000005526
      79     -2.381021024264      0.000000004421
      80     -2.381021027800      0.000000003537
      81     -2.381021030630      0.000000002829
      82     -2.381021032893      0.000000002263
      83     -2.381021034704      0.000000001811
      84     -2.381021036153      0.000000001449
      85     -2.381021037311      0.000000001159
      86     -2.381021038239      0.000000000927
      87     -2.381021038980      0.000000000742
      88     -2.381021039574      0.000000000593
      89     -2.381021040048      0.000000000475
      90     -2.381021040428      0.000000000380
      91     -2.381021040732      0.000000000304
      92     -2.381021040975      0.000000000243
      93     -2.381021041169      0.000000000194
      94     -2.381021041325      0.000000000156
      95     -2.381021041449      0.000000000124
      96     -2.381021041549      0.000000000100
      97     -2.381021041628      0.000000000080
      98     -2.381021041692      0.000000000064
      99     -2.381021041743      0.000000000051
     100     -2.381021041784      0.000000000041
     101     -2.381021041817      0.000000000033
     102     -2.381021041843      0.000000000026
     103     -2.381021041863      0.000000000021
     104     -2.381021041880      0.000000000017
     105     -2.381021041894      0.000000000013
     106     -2.381021041904      0.000000000011
     107     -2.381021041913      0.000000000009
 ----------------------------------------------------------
  
 
 
 ---------------------------------------
     Molecular Orbital Energies (Eh)    
 ---------------------------------------
       1     -0.38261740
       2     -0.07064008
       3     -0.06243322
       4      0.01353371
       5      0.03347229
       6      0.13517923
       7      0.17501330
       8      0.29389840
       9      0.35856848
      10      0.49045200
      11      0.58200276
      12      0.72661661
      13      0.84477710
      14      1.00345807
      15      1.14696819
      16      1.32134925
      17      1.48886182
      18      1.68035857
      19      1.87078183
      20      2.08047620
      21      2.29302107
      22      2.52168857
      23      2.75582112
      24      3.00400097
      25      3.25937168
      26      3.52742788
      27      3.80381985
      28      4.09199822
      29      4.38927832
      30      4.69773565
      31      5.01583618
      32      5.34467549
      33      5.68356316
      34      6.03283485
      35      6.39251841
      36      6.76224942
      37      7.14275045
      38      7.53291915
      39      7.93430780
      40      8.34487757
      41      8.76723394
      42      9.19809450
      43      9.64157980
      44     10.09260354
      45     10.55739455
      46     11.02832987
      47     11.51473698
      48     12.00531646
      49     12.51366209
      50     13.02345515
      51     13.55419333
      52     14.08285514
      53     14.63630127
      54     15.18363389
      55     15.75956716
      56     16.32626418
      57     16.92322628
      58     17.51316687
      59     18.12281519
      60     18.74720342
      61     19.34259422
      62     20.07718379
      63     20.54591062
      64     21.46483038
 ---------------------------------------
 
SCF converged! Final Ground-State Energy (Eh):              -2.3810210419127942
