 
     Two-Electron DVR    
 ------------------------
 x0     =      15.00000000
 m      =       1.00000000
 Z      =       6.00000000
 n      =              128
 dx     =       0.23622047
 
Soft-Coulomb Parameters:
 alpha  =       0.01000000
 beta   =       0.01000000
 
 
                       Hartree-Fock                      
 --------------------------------------------------------
 no. of orbitals        =              128
 no. of electrons       =                2
 scf_damping_switch     =        F
 scf_diis_switch        =        F
 damping_factor         =   0.00000000
 e_tolerance            = 0.0000000000100000
 maximum scf-iterations =              200
 
 
                       SCF iterations                      
 ----------------------------------------------------------
    S.No    Energy (hartree)        dE (hartree)
 ----------------------------------------------------------
       0    -63.240141035434
       1    -57.079561477607      6.160579557827
       2    -57.145467172107      0.065905694500
       3    -57.145618083540      0.000150911433
       4    -57.145618465790      0.000000382249
       5    -57.145618466863      0.000000001073
       6    -57.145618466866      0.000000000003
 ----------------------------------------------------------
  
 
 
 ---------------------------------------
     Molecular Orbital Energies (Eh)    
 ---------------------------------------
       1    -25.56068617
       2     -6.96836462
       3     -2.89646752
       4     -1.87576373
       5     -1.13154653
       6     -0.85338158
       7     -0.59791768
       8     -0.48519943
       9     -0.36749019
      10     -0.30566294
      11     -0.21567661
      12     -0.14669069
      13     -0.02679482
      14      0.06534551
      15      0.21877668
      16      0.33228838
      17      0.51673752
      18      0.65020935
      19      0.86428661
      20      1.01687022
      21      1.25975969
      22      1.43084243
      23      1.70207388
      24      1.89121169
      25      2.19047493
      26      2.39726106
      27      2.72441361
      28      2.94852895
      29      3.30347368
      30      3.54457067
      31      3.92733311
      32      4.18513638
      33      4.59573434
      34      4.86990649
      35      5.30847062
      36      5.59875276
      37      6.06536973
      38      6.37141702
      39      6.86629041
      40      7.18785263
      41      7.71111084
      42      8.04782986
      43      8.59973026
      44      8.95136438
      45      9.53205887
      46      9.89823511
      47     10.50802285
      48     10.88851082
      49     11.52755400
      50     11.92196538
      51     12.59059757
      52     12.99871723
      53     13.69710070
      54     14.11852430
      55     14.84702290
      56     15.28155507
      57     16.04032262
      58     16.48754169
      59     17.27697065
      60     17.73670596
      61     18.55693409
      62     19.02874418
      63     19.88019312
      64     20.36393746
      65     21.24672164
      66     21.74193509
      67     22.65650818
      68     23.16308626
      69     24.10953223
      70     24.62697990
      71     25.60579035
      72     26.13404554
      73     27.14526690
      74     27.68379511
      75     28.72796690
      76     29.27675524
      77     30.35387942
      78     30.91233937
      79     32.02301927
      80     32.59119422
      81     33.73538070
      82     34.31260645
      83     35.49099090
      84     36.07737491
      85     37.28985056
      86     37.88462106
      87     39.13200371
      88     39.73534169
      89     41.01745980
      90     41.62843966
      91     42.94628691
      92     43.56517690
      93     44.91850720
      94     45.54416120
      95     46.93422442
      96     47.56702147
      97     48.99347973
      98     49.63195707
      99     51.09643175
     100     51.74112427
     101     53.24315068
     102     53.89213838
     103     55.43388318
     104     56.08794769
     105     57.66874556
     106     58.32529591
     107     59.94813437
     108     60.60838727
     109     62.27224405
     110     62.93258850
     111     64.64175046
     112     65.30424269
     113     67.05699655
     114     67.71636414
     115     69.51925404
     116     70.17932927
     117     72.02920548
     118     72.68165321
     119     74.58969112
     120     75.24265942
     121     77.20243537
     122     77.84057688
     123     79.87624195
     124     80.52172295
     125     82.61831194
     126     83.23119625
     127     85.49546501
     128     86.22605384
 ---------------------------------------
 
SCF converged! Final Ground-State Energy (Eh):             -57.1456184668657841
