 
     Two-Electron DVR    
 ------------------------
 x0     =      15.00000000
 m      =       1.00000000
 Z      =       1.00000000
 n      =             2048
 dx     =       0.01465559
 
Soft-Coulomb Parameters:
 alpha  =       1.00000000
 beta   =       0.10000000
 
 
                       Hartree-Fock                      
 --------------------------------------------------------
 no. of orbitals        =             2048
 no. of electrons       =                2
 scf_damping_switch     =        T
 scf_diis_switch        =        F
 damping_factor         =   0.50000000
 e_tolerance            = 0.0000000000100000
 maximum scf-iterations =              200
 
 
                       SCF iterations                      
 ----------------------------------------------------------
    S.No    Energy (hartree)        dE (hartree)
 ----------------------------------------------------------
       0     -1.339554276426
       1     -0.089673702715      1.249880573711
       2     -0.205885020432      0.116211317716
       3     -0.298877501637      0.092992481205
       4     -0.347762136382      0.048884634745
       5     -0.376937494475      0.029175358093
       6     -0.393091686520      0.016154192046
       7     -0.401631336137      0.008539649616
       8     -0.406031118457      0.004399782321
       9     -0.408266709023      0.002235590566
      10     -0.409394176079      0.001127467056
      11     -0.409960510684      0.000566334605
      12     -0.410244374789      0.000283864105
      13     -0.410386493369      0.000142118580
      14     -0.410457602686      0.000071109317
      15     -0.410493170825      0.000035568139
      16     -0.410510958552      0.000017787727
      17     -0.410519853419      0.000008894867
      18     -0.410524301131      0.000004447712
      19     -0.410526525067      0.000002223935
      20     -0.410527637056      0.000001111989
      21     -0.410528193058      0.000000556002
      22     -0.410528471061      0.000000278003
      23     -0.410528610063      0.000000139002
      24     -0.410528679564      0.000000069501
      25     -0.410528714315      0.000000034750
      26     -0.410528731690      0.000000017375
      27     -0.410528740377      0.000000008688
      28     -0.410528744721      0.000000004344
      29     -0.410528746893      0.000000002172
      30     -0.410528747979      0.000000001087
      31     -0.410528748523      0.000000000543
      32     -0.410528748794      0.000000000271
      33     -0.410528748929      0.000000000136
      34     -0.410528748997      0.000000000067
      35     -0.410528749031      0.000000000035
      36     -0.410528749049      0.000000000018
      37     -0.410528749057      0.000000000008
 ----------------------------------------------------------
  
 
 
 ---------------------------------------
     Molecular Orbital Energies (Eh)    
 ---------------------------------------
       1      0.08198290
       2      0.20275728
       3      0.21926971
       4      0.32778960
       5      0.35410925
       6      0.46912299
       7      0.51641147
       8      0.63771164
       9      0.71364845
      10      0.84383358
      11      0.94895406
      12      1.09202487
      13      1.22412446
      14      1.38338254
      15      1.54036995
      16      1.71796040
      17      1.89848884
      18      2.09572970
      19      2.29901122
      20      2.51669827
      21      2.74228958
      22      2.98090934
      23      3.22856389
      24      3.48841832
      25      3.75800152
      26      4.03928251
      27      4.33072283
      28      4.63355516
      29      4.94681688
      30      5.27128385
      31      5.60635137
      32      5.95251010
      33      6.30937902
      34      6.67726981
      35      7.05594183
      36      7.44559387
      37      7.84607379
      38      8.25750889
      39      8.67980293
      40      9.11303779
      41      9.55715263
      42     10.01220038
      43     10.47814266
      44     10.95501385
      45     11.44278984
      46     11.94149314
      47     12.45110867
      48     12.97165129
      49     13.50311169
      50     14.04549975
      51     14.59880981
      52     15.16304856
      53     15.73821263
      54     16.32430659
      55     16.92132856
      56     17.52928171
      57     18.14816505
      58     18.77798086
      59     19.41872871
      60     20.07041026
      61     20.73302541
      62     21.40657543
      63     22.09106041
      64     22.78648133
      65     23.49283839
      66     24.21013239
      67     24.93836358
      68     25.67753259
      69     26.42763974
      70     27.18868554
      71     27.96067029
      72     28.74359445
      73     29.53745830
      74     30.34226225
      75     31.15800656
      76     31.98469158
      77     32.82231757
      78     33.67088484
      79     34.53039363
      80     35.40084420
      81     36.28223678
      82     37.17457163
      83     38.07784893
      84     38.99206891
      85     39.91723177
      86     40.85333769
      87     41.80038686
      88     42.75837946
      89     43.72731563
      90     44.70719556
      91     45.69801937
      92     46.69978723
      93     47.71249926
      94     48.73615561
      95     49.77075639
      96     50.81630173
      97     51.87279174
      98     52.94022654
      99     54.01860622
     100     55.10793090
     101     56.20820066
     102     57.31941561
     103     58.44157582
     104     59.57468139
     105     60.71873240
     106     61.87372892
     107     63.03967103
     108     64.21655881
     109     65.40439231
     110     66.60317162
     111     67.81289677
     112     69.03356786
     113     70.26518492
     114     71.50774802
     115     72.76125720
     116     74.02571253
     117     75.30111404
     118     76.58746180
     119     77.88475583
     120     79.19299619
     121     80.51218291
     122     81.84231605
     123     83.18339562
     124     84.53542169
     125     85.89839426
     126     87.27231340
     127     88.65717912
     128     90.05299145
     129     91.45975043
     130     92.87745609
     131     94.30610845
     132     95.74570755
     133     97.19625339
     134     98.65774602
     135    100.13018545
     136    101.61357172
     137    103.10790482
     138    104.61318481
     139    106.12941167
     140    107.65658546
     141    109.19470617
     142    110.74377383
     143    112.30378844
     144    113.87475005
     145    115.45665865
     146    117.04951426
     147    118.65331690
     148    120.26806658
     149    121.89376331
     150    123.53040712
     151    125.17799800
     152    126.83653598
     153    128.50602106
     154    130.18645326
     155    131.87783258
     156    133.58015905
     157    135.29343265
     158    137.01765342
     159    138.75282135
     160    140.49893646
     161    142.25599875
     162    144.02400824
     163    145.80296492
     164    147.59286881
     165    149.39371991
     166    151.20551825
     167    153.02826380
     168    154.86195660
     169    156.70659663
     170    158.56218392
     171    160.42871845
     172    162.30620025
     173    164.19462931
     174    166.09400565
     175    168.00432925
     176    169.92560015
     177    171.85781831
     178    173.80098379
     179    175.75509654
     180    177.72015660
     181    179.69616395
     182    181.68311862
     183    183.68102059
     184    185.68986988
     185    187.70966648
     186    189.74041041
     187    191.78210165
     188    193.83474024
     189    195.89832613
     190    197.97285938
     191    200.05833995
     192    202.15476787
     193    204.26214311
     194    206.38046571
     195    208.50973565
     196    210.64995295
     197    212.80111758
     198    214.96322958
     199    217.13628891
     200    219.32029563
     201    221.51524968
     202    223.72115111
     203    225.93799989
     204    228.16579605
     205    230.40453955
     206    232.65423044
     207    234.91486868
     208    237.18645432
     209    239.46898730
     210    241.76246768
     211    244.06689541
     212    246.38227054
     213    248.70859302
     214    251.04586291
     215    253.39408015
     216    255.75324479
     217    258.12335680
     218    260.50441621
     219    262.89642298
     220    265.29937717
     221    267.71327871
     222    270.13812766
     223    272.57392398
     224    275.02066771
     225    277.47835881
     226    279.94699732
     227    282.42658320
     228    284.91711650
     229    287.41859716
     230    289.93102525
     231    292.45440070
     232    294.98872358
     233    297.53399382
     234    300.09021149
     235    302.65737652
     236    305.23548898
     237    307.82454882
     238    310.42455608
     239    313.03551071
     240    315.65741277
     241    318.29026220
     242    320.93405906
     243    323.58880329
     244    326.25449496
     245    328.93113399
     246    331.61872047
     247    334.31725431
     248    337.02673559
     249    339.74716424
     250    342.47854033
     251    345.22086379
     252    347.97413469
     253    350.73835296
     254    353.51351867
     255    356.29963176
     256    359.09669228
     257    361.90470018
     258    364.72365553
     259    367.55355824
     260    370.39440840
     261    373.24620593
     262    376.10895091
     263    378.98264326
     264    381.86728305
     265    384.76287022
     266    387.66940484
     267    390.58688683
     268    393.51531627
     269    396.45469308
     270    399.40501734
     271    402.36628897
     272    405.33850806
     273    408.32167452
     274    411.31578843
     275    414.32084971
     276    417.33685844
     277    420.36381455
     278    423.40171812
     279    426.45056905
     280    429.51036744
     281    432.58111321
     282    435.66280643
     283    438.75544702
     284    441.85903507
     285    444.97357049
     286    448.09905337
     287    451.23548362
     288    454.38286133
     289    457.54118641
     290    460.71045896
     291    463.89067887
     292    467.08184625
     293    470.28396100
     294    473.49702321
     295    476.72103279
     296    479.95598984
     297    483.20189426
     298    486.45874614
     299    489.72654539
     300    493.00529211
     301    496.29498620
     302    499.59562775
     303    502.90721668
     304    506.22975307
     305    509.56323684
     306    512.90766807
     307    516.26304667
     308    519.62937274
     309    523.00664618
     310    526.39486710
     311    529.79403538
     312    533.20415113
     313    536.62521425
     314    540.05722485
     315    543.50018281
     316    546.95408825
     317    550.41894106
     318    553.89474134
     319    557.38148899
     320    560.87918411
     321    564.38782661
     322    567.90741658
     323    571.43795391
     324    574.97943873
     325    578.53187091
     326    582.09525058
     327    585.66957760
     328    589.25485211
     329    592.85107399
     330    596.45824335
     331    600.07636007
     332    603.70542428
     333    607.34543585
     334    610.99639490
     335    614.65830132
     336    618.33115523
     337    622.01495650
     338    625.70970526
     339    629.41540138
     340    633.13204498
     341    636.85963596
     342    640.59817442
     343    644.34766024
     344    648.10809355
     345    651.87947423
     346    655.66180240
     347    659.45507793
     348    663.25930095
     349    667.07447133
     350    670.90058921
     351    674.73765445
     352    678.58566718
     353    682.44462728
     354    686.31453487
     355    690.19538982
     356    694.08719227
     357    697.98994208
     358    701.90363939
     359    705.82828405
     360    709.76387622
     361    713.71041574
     362    717.66790277
     363    721.63633716
     364    725.61571904
     365    729.60604829
     366    733.60732504
     367    737.61954915
     368    741.64272076
     369    745.67683973
     370    749.72190620
     371    753.77792003
     372    757.84488137
     373    761.92279007
     374    766.01164627
     375    770.11144983
     376    774.22220090
     377    778.34389933
     378    782.47654526
     379    786.62013855
     380    790.77467936
     381    794.94016752
     382    799.11660319
     383    803.30398621
     384    807.50231675
     385    811.71159465
     386    815.93182006
     387    820.16299282
     388    824.40511310
     389    828.65818074
     390    832.92219589
     391    837.19715839
     392    841.48306842
     393    845.77992580
     394    850.08773070
     395    854.40648294
     396    858.73618272
     397    863.07682984
     398    867.42842449
     399    871.79096649
     400    876.16445601
     401    880.54889288
     402    884.94427728
     403    889.35060903
     404    893.76788831
     405    898.19611493
     406    902.63528909
     407    907.08541059
     408    911.54647963
     409    916.01849601
     410    920.50145993
     411    924.99537119
     412    929.50022999
     413    934.01603613
     414    938.54278981
     415    943.08049083
     416    947.62913940
     417    952.18873530
     418    956.75927875
     419    961.34076954
     420    965.93320787
     421    970.53659354
     422    975.15092676
     423    979.77620732
     424    984.41243542
     425    989.05961087
     426    993.71773386
     427    998.38680419
     428   1003.06682207
     429   1007.75778729
     430   1012.45970006
     431   1017.17256017
     432   1021.89636783
     433   1026.63112283
     434   1031.37682537
     435   1036.13347527
     436   1040.90107271
     437   1045.67961749
     438   1050.46910982
     439   1055.26954950
     440   1060.08093673
     441   1064.90327130
     442   1069.73655342
     443   1074.58078288
     444   1079.43595990
     445   1084.30208426
     446   1089.17915618
     447   1094.06717543
     448   1098.96614225
     449   1103.87605640
     450   1108.79691812
     451   1113.72872717
     452   1118.67148378
     453   1123.62518773
     454   1128.58983925
     455   1133.56543810
     456   1138.55198452
     457   1143.54947827
     458   1148.55791959
     459   1153.57730825
     460   1158.60764447
     461   1163.64892803
     462   1168.70115916
     463   1173.76433762
     464   1178.83846366
     465   1183.92353703
     466   1189.01955797
     467   1194.12652624
     468   1199.24444210
     469   1204.37330528
     470   1209.51311604
     471   1214.66387413
     472   1219.82557980
     473   1224.99823280
     474   1230.18183338
     475   1235.37638130
     476   1240.58187679
     477   1245.79831961
     478   1251.02571002
     479   1256.26404776
     480   1261.51333308
     481   1266.77356573
     482   1272.04474597
     483   1277.32687353
     484   1282.61994869
     485   1287.92397117
     486   1293.23894124
     487   1298.56485864
     488   1303.90172363
     489   1309.24953594
     490   1314.60829586
     491   1319.97800309
     492   1325.35865792
     493   1330.75026008
     494   1336.15280983
     495   1341.56630691
     496   1346.99075159
     497   1352.42614358
     498   1357.87248319
     499   1363.32977011
     500   1368.79800463
     501   1374.27718648
     502   1379.76731594
     503   1385.26839271
     504   1390.78041709
     505   1396.30338879
     506   1401.83730810
     507   1407.38217473
     508   1412.93798897
     509   1418.50475052
     510   1424.08245969
     511   1429.67111618
     512   1435.27072028
     513   1440.88127170
     514   1446.50277074
     515   1452.13521709
     516   1457.77861106
     517   1463.43295234
     518   1469.09824125
     519   1474.77447747
     520   1480.46166131
     521   1486.15979247
     522   1491.86887125
     523   1497.58889734
     524   1503.31987106
     525   1509.06179209
     526   1514.81466075
     527   1520.57847672
     528   1526.35324032
     529   1532.13895123
     530   1537.93560978
     531   1543.74321563
     532   1549.56176912
     533   1555.39126991
     534   1561.23171834
     535   1567.08311408
     536   1572.94545746
     537   1578.81874815
     538   1584.70298647
     539   1590.59817210
     540   1596.50430538
     541   1602.42138596
     542   1608.34941418
     543   1614.28838971
     544   1620.23831289
     545   1626.19918337
     546   1632.17100149
     547   1638.15376692
     548   1644.14748001
     549   1650.15214039
     550   1656.16774842
     551   1662.19430376
     552   1668.23180675
     553   1674.28025704
     554   1680.33965499
     555   1686.41000024
     556   1692.49129315
     557   1698.58353335
     558   1704.68672122
     559   1710.80085638
     560   1716.92593921
     561   1723.06196934
     562   1729.20894713
     563   1735.36687221
     564   1741.53574497
     565   1747.71556501
     566   1753.90633273
     567   1760.10804774
     568   1766.32071043
     569   1772.54432041
     570   1778.77887806
     571   1785.02438300
     572   1791.28083562
     573   1797.54823553
     574   1803.82658312
     575   1810.11587800
     576   1816.41612056
     577   1822.72731041
     578   1829.04944795
     579   1835.38253277
     580   1841.72656528
     581   1848.08154507
     582   1854.44747255
     583   1860.82434732
     584   1867.21216978
     585   1873.61093952
     586   1880.02065696
     587   1886.44132168
     588   1892.87293410
     589   1899.31549380
     590   1905.76900119
     591   1912.23345587
     592   1918.70885825
     593   1925.19520791
     594   1931.69250527
     595   1938.20074991
     596   1944.71994225
     597   1951.25008188
     598   1957.79116921
     599   1964.34320382
     600   1970.90618613
     601   1977.48011573
     602   1984.06499303
     603   1990.66081762
     604   1997.26758991
     605   2003.88530948
     606   2010.51397677
     607   2017.15359133
     608   2023.80415361
     609   2030.46566316
     610   2037.13812044
     611   2043.82152498
     612   2050.51587725
     613   2057.22117679
     614   2063.93742406
     615   2070.66461859
     616   2077.40276086
     617   2084.15185039
     618   2090.91188765
     619   2097.68287218
     620   2104.46480445
     621   2111.25768398
     622   2118.06151124
     623   2124.87628577
     624   2131.70200805
     625   2138.53867758
     626   2145.38629485
     627   2152.24485939
     628   2159.11437167
     629   2165.99483122
     630   2172.88623851
     631   2179.78859306
     632   2186.70189536
     633   2193.62614491
     634   2200.56134222
     635   2207.50748679
     636   2214.46457912
     637   2221.43261869
     638   2228.41160603
     639   2235.40154062
     640   2242.40242297
     641   2249.41425258
     642   2256.43702995
     643   2263.47075457
     644   2270.51542695
     645   2277.57104659
     646   2284.63761400
     647   2291.71512865
     648   2298.80359108
     649   2305.90300076
     650   2313.01335821
     651   2320.13466290
     652   2327.26691538
     653   2334.41011510
     654   2341.56426260
     655   2348.72935734
     656   2355.90539987
     657   2363.09238964
     658   2370.29032719
     659   2377.49921199
     660   2384.71904457
     661   2391.94982440
     662   2399.19155201
     663   2406.44422687
     664   2413.70784952
     665   2420.98241940
     666   2428.26793709
     667   2435.56440201
     668   2442.87181473
     669   2450.19017468
     670   2457.51948244
     671   2464.85973743
     672   2472.21094023
     673   2479.57309026
     674   2486.94618809
     675   2494.33023316
     676   2501.72522604
     677   2509.13116615
     678   2516.54805407
     679   2523.97588923
     680   2531.41467219
     681   2538.86440239
     682   2546.32508040
     683   2553.79670564
     684   2561.27927871
     685   2568.77279900
     686   2576.27726711
     687   2583.79268244
     688   2591.31904561
     689   2598.85635600
     690   2606.40461421
     691   2613.96381965
     692   2621.53397292
     693   2629.11507342
     694   2636.70712174
     695   2644.31011729
     696   2651.92406068
     697   2659.54895128
     698   2667.18478972
     699   2674.83157539
     700   2682.48930889
     701   2690.15798961
     702   2697.83761818
     703   2705.52819396
     704   2713.22971760
     705   2720.94218844
     706   2728.66560714
     707   2736.39997305
     708   2744.14528682
     709   2751.90154779
     710   2759.66875663
     711   2767.44691267
     712   2775.23601658
     713   2783.03606769
     714   2790.84706667
     715   2798.66901285
     716   2806.50190690
     717   2814.34574816
     718   2822.20053728
     719   2830.06627361
     720   2837.94295782
     721   2845.83058922
     722   2853.72916851
     723   2861.63869499
     724   2869.55916936
     725   2877.49059092
     726   2885.43296037
     727   2893.38627701
     728   2901.35054154
     729   2909.32575326
     730   2917.31191288
     731   2925.30901969
     732   2933.31707439
     733   2941.33607629
     734   2949.36602608
     735   2957.40692306
     736   2965.45876795
     737   2973.52156002
     738   2981.59529999
     739   2989.67998715
     740   2997.77562222
     741   3005.88220448
     742   3013.99973464
     743   3022.12821199
     744   3030.26763726
     745   3038.41800970
     746   3046.57933006
     747   3054.75159760
     748   3062.93481307
     749   3071.12897571
     750   3079.33408627
     751   3087.55014401
     752   3095.77714968
     753   3104.01510253
     754   3112.26400331
     755   3120.52385125
     756   3128.79464714
     757   3137.07639019
     758   3145.36908119
     759   3153.67271935
     760   3161.98730545
     761   3170.31283873
     762   3178.64931994
     763   3186.99674833
     764   3195.35512466
     765   3203.72444816
     766   3212.10471961
     767   3220.49593822
     768   3228.89810479
     769   3237.31121851
     770   3245.73528020
     771   3254.17028905
     772   3262.61624586
     773   3271.07314982
     774   3279.54100176
     775   3288.01980085
     776   3296.50954790
     777   3305.01024212
     778   3313.52188430
     779   3322.04447364
     780   3330.57801096
     781   3339.12249542
     782   3347.67792787
     783   3356.24430746
     784   3364.82163504
     785   3373.40990976
     786   3382.00913248
     787   3390.61930233
     788   3399.24042018
     789   3407.87248517
     790   3416.51549816
     791   3425.16945829
     792   3433.83436642
     793   3442.51022168
     794   3451.19702495
     795   3459.89477536
     796   3468.60347377
     797   3477.32311932
     798   3486.05371288
     799   3494.79525357
     800   3503.54774227
     801   3512.31117811
     802   3521.08556197
     803   3529.87089295
     804   3538.66717195
     805   3547.47439809
     806   3556.29257225
     807   3565.12169353
     808   3573.96176284
     809   3582.81277928
     810   3591.67474375
     811   3600.54765534
     812   3609.43151497
     813   3618.32632171
     814   3627.23207650
     815   3636.14877841
     816   3645.07642836
     817   3654.01502543
     818   3662.96457054
     819   3671.92506277
     820   3680.89650305
     821   3689.87889044
     822   3698.87222589
     823   3707.87650845
     824   3716.89173907
     825   3725.91791679
     826   3734.95504259
     827   3744.00311548
     828   3753.06213645
     829   3762.13210451
     830   3771.21302065
     831   3780.30488389
     832   3789.40769521
     833   3798.52145362
     834   3807.64616012
     835   3816.78181371
     836   3825.92841539
     837   3835.08596416
     838   3844.25446103
     839   3853.43390498
     840   3862.62429703
     841   3871.82563616
     842   3881.03792340
     843   3890.26115772
     844   3899.49534014
     845   3908.74046965
     846   3917.99654727
     847   3927.26357196
     848   3936.54154477
     849   3945.83046466
     850   3955.13033266
     851   3964.44114774
     852   3973.76291094
     853   3983.09562122
     854   3992.43927962
     855   4001.79388509
     856   4011.15943869
     857   4020.53593936
     858   4029.92338817
     859   4039.32178403
     860   4048.73112805
     861   4058.15141912
     862   4067.58265833
     863   4077.02484461
     864   4086.47797904
     865   4095.94206052
     866   4105.41709016
     867   4114.90306685
     868   4124.39999170
     869   4133.90786360
     870   4143.42668367
     871   4152.95645078
     872   4162.49716607
     873   4172.04882839
     874   4181.61143890
     875   4191.18499644
     876   4200.76950217
     877   4210.36495493
     878   4219.97135588
     879   4229.58870386
     880   4239.21700003
     881   4248.85624324
     882   4258.50643464
     883   4268.16757307
     884   4277.83965970
     885   4287.52269336
     886   4297.21667522
     887   4306.92160411
     888   4316.63748120
     889   4326.36430532
     890   4336.10207765
     891   4345.85079700
     892   4355.61046457
     893   4365.38107915
     894   4375.16264196
     895   4384.95515178
     896   4394.75860983
     897   4404.57301489
     898   4414.39836819
     899   4424.23466849
     900   4434.08191703
     901   4443.94011257
     902   4453.80925636
     903   4463.68934715
     904   4473.58038619
     905   4483.48237223
     906   4493.39530652
     907   4503.31918780
     908   4513.25401735
     909   4523.19979389
     910   4533.15651869
     911   4543.12419048
     912   4553.10281054
     913   4563.09237759
     914   4573.09289291
     915   4583.10435521
     916   4593.12676579
     917   4603.16012336
     918   4613.20442921
     919   4623.25968204
     920   4633.32588315
     921   4643.40303124
     922   4653.49112763
     923   4663.59017098
     924   4673.70016264
     925   4683.82110127
     926   4693.95298820
     927   4704.09582209
     928   4714.24960430
     929   4724.41433347
     930   4734.59001095
     931   4744.77663539
     932   4754.97420816
     933   4765.18272788
     934   4775.40219592
     935   4785.63261092
     936   4795.87397425
     937   4806.12628453
     938   4816.38954315
     939   4826.66374872
     940   4836.94890262
     941   4847.24500347
     942   4857.55205267
     943   4867.87004881
     944   4878.19899330
     945   4888.53888472
     946   4898.88972451
     947   4909.25151123
     948   4919.62424631
     949   4930.00792832
     950   4940.40255871
     951   4950.80813602
     952   4961.22466170
     953   4971.65213431
     954   4982.09055530
     955   4992.53992321
     956   5003.00023950
     957   5013.47150271
     958   5023.95371432
     959   5034.44687284
     960   5044.95097975
     961   5055.46603358
     962   5065.99203580
     963   5076.52898494
     964   5087.07688248
     965   5097.63572693
     966   5108.20551979
     967   5118.78625955
     968   5129.37794773
     969   5139.98058281
     970   5150.59416631
     971   5161.21869670
     972   5171.85417553
     973   5182.50060125
     974   5193.15797540
     975   5203.82629644
     976   5214.50556592
     977   5225.19578229
     978   5235.89694710
     979   5246.60905879
     980   5257.33211894
     981   5268.06612596
     982   5278.81108144
     983   5289.56698380
     984   5300.33383462
     985   5311.11163230
     986   5321.90037847
     987   5332.70007149
     988   5343.51071300
     989   5354.33230136
     990   5365.16483821
     991   5376.00832191
     992   5386.86275411
     993   5397.72813315
     994   5408.60446070
     995   5419.49173509
     996   5430.38995799
     997   5441.29912773
     998   5452.21924598
     999   5463.15031107
    1000   5474.09232468
    1001   5485.04528512
    1002   5496.00919409
    1003   5506.98404988
    1004   5517.96985421
    1005   5528.96660536
    1006   5539.97430506
    1007   5550.99295157
    1008   5562.02254663
    1009   5573.06308850
    1010   5584.11457893
    1011   5595.17701616
    1012   5606.25040196
    1013   5617.33473456
    1014   5628.43001573
    1015   5639.53624370
    1016   5650.65342025
    1017   5661.78154359
    1018   5672.92061551
    1019   5684.07063423
    1020   5695.23160153
    1021   5706.40351562
    1022   5717.58637831
    1023   5728.78018777
    1024   5739.98494584
    1025   5751.20065069
    1026   5762.42730415
    1027   5773.66490438
    1028   5784.91345323
    1029   5796.17294884
    1030   5807.44339308
    1031   5818.72478408
    1032   5830.01712371
    1033   5841.32041010
    1034   5852.63464513
    1035   5863.95982692
    1036   5875.29595734
    1037   5886.64303452
    1038   5898.00106035
    1039   5909.37003293
    1040   5920.74995416
    1041   5932.14082213
    1042   5943.54263877
    1043   5954.95540214
    1044   5966.37911419
    1045   5977.81377297
    1046   5989.25938043
    1047   6000.71593461
    1048   6012.18343748
    1049   6023.66188707
    1050   6035.15128536
    1051   6046.65163036
    1052   6058.16292407
    1053   6069.68516448
    1054   6081.21835361
    1055   6092.76248944
    1056   6104.31757399
    1057   6115.88360524
    1058   6127.46058522
    1059   6139.04851188
    1060   6150.64738729
    1061   6162.25720938
    1062   6173.87798021
    1063   6185.50969773
    1064   6197.15236399
    1065   6208.80597694
    1066   6220.47053864
    1067   6232.14604701
    1068   6243.83250415
    1069   6255.52990796
    1070   6267.23826054
    1071   6278.95755978
    1072   6290.68780780
    1073   6302.42900248
    1074   6314.18114595
    1075   6325.94423606
    1076   6337.71827498
    1077   6349.50326054
    1078   6361.29919490
    1079   6373.10607591
    1080   6384.92390572
    1081   6396.75268217
    1082   6408.59240744
    1083   6420.44307934
    1084   6432.30470007
    1085   6444.17726742
    1086   6456.06078361
    1087   6467.95524642
    1088   6479.86065807
    1089   6491.77701633
    1090   6503.70432345
    1091   6515.64257717
    1092   6527.59177975
    1093   6539.55192894
    1094   6551.52302699
    1095   6563.50507163
    1096   6575.49806516
    1097   6587.50200527
    1098   6599.51689427
    1099   6611.54272985
    1100   6623.57951433
    1101   6635.62724538
    1102   6647.68592534
    1103   6659.75555187
    1104   6671.83612731
    1105   6683.92764931
    1106   6696.03012024
    1107   6708.14353772
    1108   6720.26790413
    1109   6732.40321709
    1110   6744.54947899
    1111   6756.70668744
    1112   6768.87484483
    1113   6781.05394876
    1114   6793.24400165
    1115   6805.44500107
    1116   6817.65694946
    1117   6829.87984437
    1118   6842.11368826
    1119   6854.35847866
    1120   6866.61421805
    1121   6878.88090395
    1122   6891.15853884
    1123   6903.44712024
    1124   6915.74665064
    1125   6928.05712754
    1126   6940.37855346
    1127   6952.71092586
    1128   6965.05424728
    1129   6977.40851519
    1130   6989.77373213
    1131   7002.14989555
    1132   7014.53700800
    1133   7026.93506693
    1134   7039.34407491
    1135   7051.76402935
    1136   7064.19493285
    1137   7076.63678281
    1138   7089.08958183
    1139   7101.55332731
    1140   7114.02802186
    1141   7126.51366285
    1142   7139.01025294
    1143   7151.51778946
    1144   7164.03627508
    1145   7176.56570712
    1146   7189.10608827
    1147   7201.65741584
    1148   7214.21969254
    1149   7226.79291564
    1150   7239.37708787
    1151   7251.97220651
    1152   7264.57827428
    1153   7277.19528845
    1154   7289.82325177
    1155   7302.46216148
    1156   7315.11202035
    1157   7327.77282560
    1158   7340.44458002
    1159   7353.12728082
    1160   7365.82093079
    1161   7378.52552713
    1162   7391.24107266
    1163   7403.96756455
    1164   7416.70500564
    1165   7429.45339308
    1166   7442.21272973
    1167   7454.98301272
    1168   7467.76424493
    1169   7480.55642348
    1170   7493.35955126
    1171   7506.17362537
    1172   7518.99864872
    1173   7531.83461838
    1174   7544.68153731
    1175   7557.53940254
    1176   7570.40821703
    1177   7583.28797783
    1178   7596.17868790
    1179   7609.08034426
    1180   7621.99294992
    1181   7634.91650185
    1182   7647.85100308
    1183   7660.79645059
    1184   7673.75284741
    1185   7686.72019049
    1186   7699.69848290
    1187   7712.68772156
    1188   7725.68790956
    1189   7738.69904380
    1190   7751.72112739
    1191   7764.75415721
    1192   7777.79813640
    1193   7790.85306181
    1194   7803.91893659
    1195   7816.99575759
    1196   7830.08352797
    1197   7843.18224456
    1198   7856.29191055
    1199   7869.41252273
    1200   7882.54408432
    1201   7895.68659210
    1202   7908.84004930
    1203   7922.00445268
    1204   7935.17980548
    1205   7948.36610446
    1206   7961.56335288
    1207   7974.77154747
    1208   7987.99069150
    1209   8001.22078169
    1210   8014.46182135
    1211   8027.71380714
    1212   8040.97674242
    1213   8054.25062383
    1214   8067.53545473
    1215   8080.83123175
    1216   8094.13795827
    1217   8107.45563091
    1218   8120.78425307
    1219   8134.12382132
    1220   8147.47433911
    1221   8160.83580299
    1222   8174.20821640
    1223   8187.59157591
    1224   8200.98588496
    1225   8214.39114009
    1226   8227.80734478
    1227   8241.23449554
    1228   8254.67259587
    1229   8268.12164226
    1230   8281.58163824
    1231   8295.05258026
    1232   8308.53447189
    1233   8322.02730955
    1234   8335.53109682
    1235   8349.04583012
    1236   8362.57151304
    1237   8376.10814198
    1238   8389.65572056
    1239   8403.21424514
    1240   8416.78371938
    1241   8430.36413961
    1242   8443.95550950
    1243   8457.55782538
    1244   8471.17109094
    1245   8484.79530247
    1246   8498.43046369
    1247   8512.07657087
    1248   8525.73362776
    1249   8539.40163060
    1250   8553.08058316
    1251   8566.77048166
    1252   8580.47132989
    1253   8594.18312405
    1254   8607.90586796
    1255   8621.63955778
    1256   8635.38419736
    1257   8649.13978285
    1258   8662.90631812
    1259   8676.68379927
    1260   8690.47223022
    1261   8704.27160704
    1262   8718.08193368
    1263   8731.90320618
    1264   8745.73542850
    1265   8759.57859667
    1266   8773.43271469
    1267   8787.29777854
    1268   8801.17379224
    1269   8815.06075178
    1270   8828.95866118
    1271   8842.86751639
    1272   8856.78732149
    1273   8870.71807239
    1274   8884.65977320
    1275   8898.61241978
    1276   8912.57601629
    1277   8926.55055857
    1278   8940.53605078
    1279   8954.53248875
    1280   8968.53987667
    1281   8982.55821033
    1282   8996.58749396
    1283   9010.62772333
    1284   9024.67890267
    1285   9038.74102773
    1286   9052.81410279
    1287   9066.89812356
    1288   9080.99309433
    1289   9095.09901081
    1290   9109.21587730
    1291   9123.34368948
    1292   9137.48245170
    1293   9151.63215959
    1294   9165.79281754
    1295   9179.96442114
    1296   9194.14697481
    1297   9208.34047413
    1298   9222.54492353
    1299   9236.76031856
    1300   9250.98666370
    1301   9265.22395445
    1302   9279.47219533
    1303   9293.73138180
    1304   9308.00151841
    1305   9322.28260061
    1306   9336.57463296
    1307   9350.87761088
    1308   9365.19153898
    1309   9379.51641263
    1310   9393.85223647
    1311   9408.19900585
    1312   9422.55672544
    1313   9436.92539056
    1314   9451.30500590
    1315   9465.69556675
    1316   9480.09707784
    1317   9494.50953443
    1318   9508.93294128
    1319   9523.36729361
    1320   9537.81259622
    1321   9552.26884429
    1322   9566.73604266
    1323   9581.21418647
    1324   9595.70328060
    1325   9610.20332016
    1326   9624.71431006
    1327   9639.23624537
    1328   9653.76913103
    1329   9668.31296209
    1330   9682.86774353
    1331   9697.43347034
    1332   9712.01014755
    1333   9726.59777012
    1334   9741.19634310
    1335   9755.80586143
    1336   9770.42633019
    1337   9785.05774428
    1338   9799.70010882
    1339   9814.35341867
    1340   9829.01767899
    1341   9843.69288460
    1342   9858.37904071
    1343   9873.07614209
    1344   9887.78419398
    1345   9902.50319113
    1346   9917.23313881
    1347   9931.97403173
    1348   9946.72587521
    1349   9961.48866390
    1350   9976.26240317
    1351   9991.04708764
    1352  10005.84272270
    1353  10020.64930295
    1354  10035.46683381
    1355  10050.29530984
    1356  10065.13473650
    1357  10079.98510831
    1358  10094.84643077
    1359  10109.71869836
    1360  10124.60191663
    1361  10139.49608001
    1362  10154.40119409
    1363  10169.31725326
    1364  10184.24426314
    1365  10199.18221810
    1366  10214.13112380
    1367  10229.09097454
    1368  10244.06177606
    1369  10259.04352260
    1370  10274.03621993
    1371  10289.03986227
    1372  10304.05445541
    1373  10319.07999355
    1374  10334.11648252
    1375  10349.16391645
    1376  10364.22230125
    1377  10379.29163098
    1378  10394.37191160
    1379  10409.46313714
    1380  10424.56531358
    1381  10439.67843493
    1382  10454.80250721
    1383  10469.93752436
    1384  10485.08349246
    1385  10500.24040543
    1386  10515.40826937
    1387  10530.58707815
    1388  10545.77683792
    1389  10560.97754251
    1390  10576.18919812
    1391  10591.41179853
    1392  10606.64534998
    1393  10621.88984620
    1394  10637.14529349
    1395  10652.41168553
    1396  10667.68902867
    1397  10682.97731653
    1398  10698.27655551
    1399  10713.58673920
    1400  10728.90787403
    1401  10744.23995354
    1402  10759.58298422
    1403  10774.93695955
    1404  10790.30188609
    1405  10805.67775725
    1406  10821.06457963
    1407  10836.46234663
    1408  10851.87106487
    1409  10867.29072769
    1410  10882.72134179
    1411  10898.16290045
    1412  10913.61541041
    1413  10929.07886490
    1414  10944.55327072
    1415  10960.03862105
    1416  10975.53492273
    1417  10991.04216889
    1418  11006.56036644
    1419  11022.08950845
    1420  11037.62960186
    1421  11053.18063971
    1422  11068.74262899
    1423  11084.31556268
    1424  11099.89944783
    1425  11115.49427737
    1426  11131.10005839
    1427  11146.71678377
    1428  11162.34446067
    1429  11177.98308189
    1430  11193.63265467
    1431  11209.29317174
    1432  11224.96464040
    1433  11240.64705332
    1434  11256.34041785
    1435  11272.04472663
    1436  11287.75998704
    1437  11303.48619167
    1438  11319.22334796
    1439  11334.97144844
    1440  11350.73050062
    1441  11366.50049696
    1442  11382.28144502
    1443  11398.07333721
    1444  11413.87618117
    1445  11429.68996921
    1446  11445.51470906
    1447  11461.35039296
    1448  11477.19702870
    1449  11493.05460846
    1450  11508.92314009
    1451  11524.80261572
    1452  11540.69304323
    1453  11556.59441472
    1454  11572.50673814
    1455  11588.43000549
    1456  11604.36422480
    1457  11620.30938802
    1458  11636.26550322
    1459  11652.23256231
    1460  11668.21057341
    1461  11684.19952836
    1462  11700.19943537
    1463  11716.21028619
    1464  11732.23208909
    1465  11748.26483578
    1466  11764.30853459
    1467  11780.36317714
    1468  11796.42877186
    1469  11812.50531028
    1470  11828.59280090
    1471  11844.69123520
    1472  11860.80062172
    1473  11876.92095189
    1474  11893.05223432
    1475  11909.19446037
    1476  11925.34763871
    1477  11941.51176062
    1478  11957.68683487
    1479  11973.87285266
    1480  11990.06982282
    1481  12006.27773649
    1482  12022.49660256
    1483  12038.72641210
    1484  12054.96717409
    1485  12071.21887950
    1486  12087.48153740
    1487  12103.75513869
    1488  12120.03969251
    1489  12136.33518968
    1490  12152.64163941
    1491  12168.95903245
    1492  12185.28737810
    1493  12201.62666702
    1494  12217.97690859
    1495  12234.33809339
    1496  12250.71023087
    1497  12267.09331155
    1498  12283.48734495
    1499  12299.89232151
    1500  12316.30825083
    1501  12332.73512326
    1502  12349.17294850
    1503  12365.62171682
    1504  12382.08143798
    1505  12398.55210218
    1506  12415.03371926
    1507  12431.52627933
    1508  12448.02979234
    1509  12464.54424829
    1510  12481.06965722
    1511  12497.60600905
    1512  12514.15331390
    1513  12530.71156161
    1514  12547.28076238
    1515  12563.86090597
    1516  12580.45200267
    1517  12597.05404214
    1518  12613.66703476
    1519  12630.29097011
    1520  12646.92585865
    1521  12663.57168988
    1522  12680.22847435
    1523  12696.89620145
    1524  12713.57488184
    1525  12730.26450483
    1526  12746.96508114
    1527  12763.67660000
    1528  12780.39907224
    1529  12797.13248698
    1530  12813.87685515
    1531  12830.63216576
    1532  12847.39842985
    1533  12864.17563634
    1534  12880.96379635
    1535  12897.76289871
    1536  12914.57295465
    1537  12931.39395289
    1538  12948.22590475
    1539  12965.06879886
    1540  12981.92264665
    1541  12998.78743663
    1542  13015.66318034
    1543  13032.54986619
    1544  13049.44750583
    1545  13066.35608755
    1546  13083.27562311
    1547  13100.20610070
    1548  13117.14753218
    1549  13134.09990564
    1550  13151.06323304
    1551  13168.03750237
    1552  13185.02272569
    1553  13202.01889088
    1554  13219.02601012
    1555  13236.04407118
    1556  13253.07308634
    1557  13270.11304326
    1558  13287.16395434
    1559  13304.22580712
    1560  13321.29861412
    1561  13338.38236276
    1562  13355.47706568
    1563  13372.58271017
    1564  13389.69930900
    1565  13406.82684935
    1566  13423.96534410
    1567  13441.11478031
    1568  13458.27517097
    1569  13475.44650303
    1570  13492.62878960
    1571  13509.82201751
    1572  13527.02620000
    1573  13544.24132375
    1574  13561.46740215
    1575  13578.70442175
    1576  13595.95239606
    1577  13613.21131150
    1578  13630.48118171
    1579  13647.76199300
    1580  13665.05375912
    1581  13682.35646624
    1582  13699.67012826
    1583  13716.99473122
    1584  13734.33028915
    1585  13751.67678794
    1586  13769.03424176
    1587  13786.40263638
    1588  13803.78198611
    1589  13821.17227656
    1590  13838.57352218
    1591  13855.98570845
    1592  13873.40884997
    1593  13890.84293206
    1594  13908.28796947
    1595  13925.74394738
    1596  13943.21088068
    1597  13960.68875440
    1598  13978.17758359
    1599  13995.67735313
    1600  14013.18807820
    1601  14030.70974354
    1602  14048.24236450
    1603  14065.78592565
    1604  14083.34044248
    1605  14100.90589943
    1606  14118.48231214
    1607  14136.06966489
    1608  14153.66797347
    1609  14171.27722201
    1610  14188.89742647
    1611  14206.52857080
    1612  14224.17067112
    1613  14241.82371123
    1614  14259.48770742
    1615  14277.16264332
    1616  14294.84853537
    1617  14312.54536704
    1618  14330.25315494
    1619  14347.97188238
    1620  14365.70156615
    1621  14383.44218935
    1622  14401.19376897
    1623  14418.95628793
    1624  14436.72976340
    1625  14454.51417812
    1626  14472.30954942
    1627  14490.11585990
    1628  14507.93312704
    1629  14525.76133326
    1630  14543.60049624
    1631  14561.45059820
    1632  14579.31165702
    1633  14597.18365471
    1634  14615.06660935
    1635  14632.96050277
    1636  14650.86535323
    1637  14668.78114237
    1638  14686.70788866
    1639  14704.64557351
    1640  14722.59421561
    1641  14740.55379618
    1642  14758.52433408
    1643  14776.50581035
    1644  14794.49824406
    1645  14812.50161603
    1646  14830.51594554
    1647  14848.54121319
    1648  14866.57743849
    1649  14884.62460184
    1650  14902.68272292
    1651  14920.75178194
    1652  14938.83179881
    1653  14956.92275349
    1654  14975.02466614
    1655  14993.13751649
    1656  15011.26132490
    1657  15029.39607090
    1658  15047.54177508
    1659  15065.69841673
    1660  15083.86601667
    1661  15102.04455395
    1662  15120.23404964
    1663  15138.43448255
    1664  15156.64587398
    1665  15174.86820252
    1666  15193.10148969
    1667  15211.34571383
    1668  15229.60089674
    1669  15247.86701648
    1670  15266.14409511
    1671  15284.43211045
    1672  15302.73108480
    1673  15321.04099572
    1674  15339.36186578
    1675  15357.69367228
    1676  15376.03643803
    1677  15394.39014010
    1678  15412.75480155
    1679  15431.13039916
    1680  15449.51695630
    1681  15467.91444946
    1682  15486.32290228
    1683  15504.74229097
    1684  15523.17263946
    1685  15541.61392367
    1686  15560.06616782
    1687  15578.52934755
    1688  15597.00348735
    1689  15615.48856257
    1690  15633.98459801
    1691  15652.49156873
    1692  15671.00949980
    1693  15689.53836600
    1694  15708.07819270
    1695  15726.62895435
    1696  15745.19067666
    1697  15763.76333377
    1698  15782.34695169
    1699  15800.94150424
    1700  15819.54701775
    1701  15838.16346572
    1702  15856.79087482
    1703  15875.42921820
    1704  15894.07852287
    1705  15912.73876165
    1706  15931.40996188
    1707  15950.09209605
    1708  15968.78519183
    1709  15987.48922136
    1710  16006.20421268
    1711  16024.93013758
    1712  16043.66702442
    1713  16062.41484466
    1714  16081.17362702
    1715  16099.94334257
    1716  16118.72402044
    1717  16137.51563131
    1718  16156.31820466
    1719  16175.13171082
    1720  16193.95617966
    1721  16212.79158109
    1722  16231.63794539
    1723  16250.49524208
    1724  16269.36350183
    1725  16288.24269376
    1726  16307.13284895
    1727  16326.03393611
    1728  16344.94598672
    1729  16363.86896908
    1730  16382.80291511
    1731  16401.74779265
    1732  16420.70363407
    1733  16439.67040679
    1734  16458.64814358
    1735  16477.63681145
    1736  16496.63644361
    1737  16515.64700660
    1738  16534.66853411
    1739  16553.70099221
    1740  16572.74441505
    1741  16591.79876824
    1742  16610.86408639
    1743  16629.94033464
    1744  16649.02754810
    1745  16668.12569139
    1746  16687.23480013
    1747  16706.35483845
    1748  16725.48584244
    1749  16744.62777576
    1750  16763.78067501
    1751  16782.94450330
    1752  16802.11929777
    1753  16821.30502101
    1754  16840.50171069
    1755  16859.70932886
    1756  16878.92791373
    1757  16898.15742680
    1758  16917.39790684
    1759  16936.64931479
    1760  16955.91168997
    1761  16975.18499277
    1762  16994.46926308
    1763  17013.76446070
    1764  17033.07062612
    1765  17052.38771854
    1766  17071.71577905
    1767  17091.05476623
    1768  17110.40472180
    1769  17129.76560372
    1770  17149.13745433
    1771  17168.52023095
    1772  17187.91397658
    1773  17207.31864789
    1774  17226.73428851
    1775  17246.16085446
    1776  17265.59839006
    1777  17285.04685062
    1778  17304.50628116
    1779  17323.97663631
    1780  17343.45796177
    1781  17362.95021147
    1782  17382.45343182
    1783  17401.96757603
    1784  17421.49269126
    1785  17441.02872995
    1786  17460.57574002
    1787  17480.13367315
    1788  17499.70257803
    1789  17519.28240557
    1790  17538.87320523
    1791  17558.47492714
    1792  17578.08762157
    1793  17597.71123780
    1794  17617.34582696
    1795  17636.99133748
    1796  17656.64782134
    1797  17676.31522611
    1798  17695.99360463
    1799  17715.68290362
    1800  17735.38317677
    1801  17755.09436992
    1802  17774.81653768
    1803  17794.54962495
    1804  17814.29368728
    1805  17834.04866863
    1806  17853.81462550
    1807  17873.59150088
    1808  17893.37935224
    1809  17913.17812161
    1810  17932.98786744
    1811  17952.80853074
    1812  17972.64017101
    1813  17992.48272820
    1814  18012.33626286
    1815  18032.20071388
    1816  18052.07614290
    1817  18071.96248770
    1818  18091.85981104
    1819  18111.76804957
    1820  18131.68726718
    1821  18151.61739939
    1822  18171.55851124
    1823  18191.51053707
    1824  18211.47354312
    1825  18231.44746250
    1826  18251.43236271
    1827  18271.42817559
    1828  18291.43496991
    1829  18311.45267624
    1830  18331.48136462
    1831  18351.52096432
    1832  18371.57154673
    1833  18391.63303974
    1834  18411.70551612
    1835  18431.78890238
    1836  18451.88327269
    1837  18471.98855213
    1838  18492.10481632
    1839  18512.23198886
    1840  18532.37014688
    1841  18552.51921246
    1842  18572.67926426
    1843  18592.85022280
    1844  18613.03216833
    1845  18633.22501976
    1846  18653.42885896
    1847  18673.64360320
    1848  18693.86933602
    1849  18714.10597298
    1850  18734.35359936
    1851  18754.61212897
    1852  18774.88164886
    1853  18795.16207103
    1854  18815.45348437
    1855  18835.75579901
    1856  18856.06910574
    1857  18876.39331275
    1858  18896.72851281
    1859  18917.07461212
    1860  18937.43170544
    1861  18957.79969694
    1862  18978.17868346
    1863  18998.56856705
    1864  19018.96944671
    1865  19039.38122229
    1866  19059.80399501
    1867  19080.23766248
    1868  19100.68232820
    1869  19121.13788745
    1870  19141.60444610
    1871  19162.08189701
    1872  19182.57034852
    1873  19203.06969098
    1874  19223.58003527
    1875  19244.10126916
    1876  19264.63350615
    1877  19285.17663136
    1878  19305.73076098
    1879  19326.29577736
    1880  19346.87179953
    1881  19367.45870697
    1882  19388.05662160
    1883  19408.66541996
    1884  19429.28522697
    1885  19449.91591610
    1886  19470.55761542
    1887  19491.21019517
    1888  19511.87378670
    1889  19532.54825694
    1890  19553.23374058
    1891  19573.93010115
    1892  19594.63747682
    1893  19615.35572755
    1894  19636.08499516
    1895  19656.82513588
    1896  19677.57629533
    1897  19698.33832588
    1898  19719.11137706
    1899  19739.89529726
    1900  19760.69024008
    1901  19781.49604974
    1902  19802.31288409
    1903  19823.14058302
    1904  19843.97930880
    1905  19864.82889680
    1906  19885.68951390
    1907  19906.56099075
    1908  19927.44349906
    1909  19948.33686456
    1910  19969.24126396
    1911  19990.15651788
    1912  20011.08280826
    1913  20032.01995037
    1914  20052.96813160
    1915  20073.92716165
    1916  20094.89723362
    1917  20115.87815137
    1918  20136.87011395
    1919  20157.87291911
    1920  20178.88677218
    1921  20199.91146450
    1922  20220.94720791
    1923  20241.99378709
    1924  20263.05142073
    1925  20284.11988647
    1926  20305.19941019
    1927  20326.28976218
    1928  20347.39117585
    1929  20368.50341375
    1930  20389.62671722
    1931  20410.76084070
    1932  20431.90603383
    1933  20453.06204252
    1934  20474.22912517
    1935  20495.40701869
    1936  20516.59599071
    1937  20537.79576866
    1938  20559.00662989
    1939  20580.22829187
    1940  20601.46104216
    1941  20622.70458771
    1942  20643.95922691
    1943  20665.22465557
    1944  20686.50118352
    1945  20707.78849481
    1946  20729.08691135
    1947  20750.39610476
    1948  20771.71640973
    1949  20793.04748470
    1950  20814.38967794
    1951  20835.74263390
    1952  20857.10671526
    1953  20878.48155160
    1954  20899.86752091
    1955  20921.26423698
    1956  20942.67209409
    1957  20964.09068921
    1958  20985.52043396
    1959  21006.96090739
    1960  21028.41253963
    1961  21049.87489059
    1962  21071.34841018
    1963  21092.83263784
    1964  21114.32804463
    1965  21135.83414810
    1966  21157.35144197
    1967  21178.87942029
    1968  21200.41860112
    1969  21221.96845326
    1970  21243.52952094
    1971  21265.10124580
    1972  21286.68420026
    1973  21308.27779664
    1974  21329.88263779
    1975  21351.49810443
    1976  21373.12483223
    1977  21394.76216771
    1978  21416.41078216
    1979  21438.06998497
    1980  21459.74048611
    1981  21481.42155459
    1982  21503.11394247
    1983  21524.81687484
    1984  21546.53114961
    1985  21568.25594386
    1986  21589.99210569
    1987  21611.73875968
    1988  21633.49680889
    1989  21655.26532018
    1990  21677.04525711
    1991  21698.83562310
    1992  21720.63744827
    1993  21742.44966596
    1994  21764.27337994
    1995  21786.10744614
    1996  21807.95304981
    1997  21829.80896075
    1998  21851.67645496
    1999  21873.55420672
    2000  21895.44359284
    2001  21917.34318061
    2002  21939.25445987
    2003  21961.17587882
    2004  21983.10905325
    2005  22005.05229723
    2006  22027.00736844
    2007  22048.97243157
    2008  22070.94940245
    2009  22092.93627685
    2010  22114.93514921
    2011  22136.94382805
    2012  22158.96460567
    2013  22180.99507909
    2014  22203.03776313
    2015  22225.09002421
    2016  22247.15461877
    2017  22269.22865609
    2018  22291.31515911
    2019  22313.41096850
    2020  22335.51938205
    2021  22357.63695302
    2022  22379.76726490
    2023  22401.90660399
    2024  22424.05880717
    2025  22446.21991272
    2026  22468.39396818
    2027  22490.57687619
    2028  22512.77275113
    2029  22534.97748679
    2030  22557.19508272
    2031  22579.42174341
    2032  22601.66097916
    2033  22623.90963192
    2034  22646.17033161
    2035  22668.44110902
    2036  22690.72323186
    2037  22713.01604688
    2038  22735.31973581
    2039  22757.63393828
    2040  22779.96047013
    2041  22802.29354614
    2042  22824.64781464
    2043  22846.99000816
    2044  22869.38704786
    2045  22891.71094314
    2046  22914.21797368
    2047  22936.38927608
    2048  22959.35436300
 ---------------------------------------
 
SCF converged! Final Ground-State Energy (Eh):              -0.4105287490565481
