 
     Two-Electron DVR    
 ------------------------
 x0     =      15.00000000
 m      =       1.00000000
 Z      =       6.00000000
 n      =              256
 dx     =       0.11764706
 
Soft-Coulomb Parameters:
 alpha  =       0.10000000
 beta   =       1.00000000
 
 
                       Hartree-Fock                      
 --------------------------------------------------------
 no. of orbitals        =              256
 no. of electrons       =                2
 scf_damping_switch     =        F
 scf_diis_switch        =        F
 damping_factor         =   0.00000000
 e_tolerance            = 0.0000000000100000
 maximum scf-iterations =              200
 
 
                       SCF iterations                      
 ----------------------------------------------------------
    S.No    Energy (hartree)        dE (hartree)
 ----------------------------------------------------------
       0    -27.953489902004
       1    -27.008457165469      0.945032736535
       2    -27.008688666740      0.000231501271
       3    -27.008689842940      0.000001176200
       4    -27.008689848994      0.000000006054
       5    -27.008689849025      0.000000000031
       6    -27.008689849025      0.000000000000
 ----------------------------------------------------------
  
 
 
 ---------------------------------------
     Molecular Orbital Energies (Eh)    
 ---------------------------------------
       1    -13.03206254
       2     -5.48914060
       3     -2.87342104
       4     -1.70160960
       5     -1.12618439
       6     -0.79557865
       7     -0.59436902
       8     -0.45914562
       9     -0.36509494
      10     -0.28793131
      11     -0.21115556
      12     -0.12101839
      13     -0.01743431
      14      0.10219992
      15      0.23380848
      16      0.38060339
      17      0.53813112
      18      0.71044890
      19      0.89269742
      20      1.08956765
      21      1.29579956
      22      1.51658692
      23      1.74630888
      24      1.99056568
      25      2.24342829
      26      2.51082203
      27      2.78656793
      28      3.07684187
      29      3.37527612
      30      3.68822605
      31      4.00919784
      32      4.34465772
      33      4.68804834
      34      5.04588090
      35      5.41159545
      36      5.79168593
      37      6.17964737
      38      6.58189909
      39      6.99204389
      40      7.41637508
      41      7.84865005
      42      8.29499134
      43      8.74935122
      44      9.21764381
      45      9.69404948
      46     10.18424352
      47     10.68266070
      48     11.19471403
      49     11.71511226
      50     12.24898929
      51     12.79134123
      52     13.34701201
      53     13.91129284
      54     14.48873221
      55     15.07491931
      56     15.67410626
      57     16.28217879
      58     16.90309576
      59     17.53303455
      60     18.17566697
      61     18.82745426
      62     19.49178999
      63     20.16540936
      64     20.85143845
      65     21.54687463
      66     22.25458879
      67     22.97182769
      68     23.70122016
      69     24.44024866
      70     25.19131381
      71     25.95211983
      72     26.72485313
      73     27.50742543
      74     28.30182306
      75     29.10615134
      76     29.92221028
      77     30.74828493
      78     31.58600256
      79     32.43381488
      80     33.29318917
      81     34.16273099
      82     35.04376011
      83     35.93502413
      84     36.83770668
      85     37.75068603
      86     38.67502066
      87     39.60970925
      88     40.55569498
      89     41.51208705
      90     42.47972280
      91     43.45781335
      92     44.44709839
      93     45.44688263
      94     46.45781601
      95     47.47928990
      96     48.51187102
      97     49.55503060
      98     50.60925854
      99     51.67410063
     100     52.74997485
     101     53.83649623
     102     54.93401576
     103     56.04221402
     104     57.16137830
     105     58.29125086
     106     59.43205883
     107     60.58360398
     108     61.74605504
     109     62.91927077
     110     64.10336367
     111     65.29824895
     112     66.50398300
     113     67.72053637
     114     68.94791007
     115     70.18613114
     116     71.43514367
     117     72.69503149
     118     73.96568101
     119     75.24723590
     120     76.53952140
     121     77.84274288
     122     79.15666210
     123     80.48155125
     124     81.81710290
     125     83.16365979
     126     84.52084104
     127     85.88906757
     128     87.26787680
     129     88.65777363
     130     90.05820726
     131     91.46977729
     132     92.89183321
     133     94.32507780
     134     95.76875147
     135     97.22367473
     136     98.68896338
     137    100.16556751
     138    101.65246535
     139    103.15075594
     140    104.65925935
     141    106.17923965
     142    107.70934120
     143    109.25101869
     144    110.80271358
     145    112.36609288
     146    113.93937154
     147    115.52446253
     148    117.11931858
     149    118.72612764
     150    120.34254874
     151    121.97108881
     152    123.60906651
     153    125.25934629
     154    126.91886457
     155    128.59090103
     156    130.27194862
     157    131.96575349
     158    133.66830960
     159    135.38390505
     160    137.10795469
     161    138.84535649
     162    140.59087256
     163    142.35010971
     164    144.11707223
     165    145.89816584
     166    147.68653943
     167    149.48952745
     168    151.29928548
     169    153.12419615
     170    154.95529229
     171    156.80217534
     172    158.65457411
     173    160.52346723
     174    162.39710784
     175    164.28807636
     176    166.18291148
     177    168.09600571
     178    170.01195537
     179    171.94726126
     180    173.88426234
     181    175.84184705
     182    177.79979410
     183    179.77977099
     184    181.75857975
     185    183.76103850
     186    185.76056954
     187    187.78566004
     188    189.80580083
     189    191.85364289
     190    193.89420859
     191    195.96500094
     192    198.02584113
     193    200.11974397
     194    202.20061284
     195    204.31789048
     196    206.41858680
     197    208.55945358
     198    210.67964943
     199    212.84445807
     200    214.98388395
     201    217.17292157
     202    219.33113843
     203    221.54487744
     204    223.72152401
     205    225.96034944
     206    228.15483551
     207    230.41938271
     208    232.63122354
     209    234.92200938
     210    237.15040802
     211    239.46829100
     212    241.71259656
     213    244.05827115
     214    246.31740219
     215    248.69203447
     216    250.96511689
     217    253.36964038
     218    255.65519870
     219    258.09120649
     220    260.38806815
     221    262.85681425
     222    265.16295436
     223    267.66662929
     224    269.98048079
     225    272.52076400
     226    274.83953102
     227    277.41945562
     228    279.74106259
     229    282.36286047
     230    284.68342388
     231    287.35132615
     232    289.66815020
     233    292.38507243
     234    294.69273301
     235    297.46462547
     236    299.75976612
     237    302.59029993
     238    304.86530143
     239    307.76293487
     240    310.01400804
     241    312.98299981
     242    315.19932661
     243    318.25196216
     244    320.43036053
     245    323.57060174
     246    325.69515820
     247    328.94197780
     248    331.01365178
     249    334.36778982
     250    336.36001954
     251    339.85713935
     252    341.78922870
     253    345.41681856
     254    347.22127686
     255    351.11544905
     256    353.01909110
 ---------------------------------------
 
SCF converged! Final Ground-State Energy (Eh):             -27.0086898490254121
