 
     Two-Electron DVR    
 ------------------------
 x0     =      15.00000000
 m      =       1.00000000
 Z      =       6.00000000
 n      =              128
 dx     =       0.23622047
 
Soft-Coulomb Parameters:
 alpha  =       0.10000000
 beta   =       1.00000000
 
 
                       Hartree-Fock                      
 --------------------------------------------------------
 no. of orbitals        =              128
 no. of electrons       =                2
 scf_damping_switch     =        F
 scf_diis_switch        =        F
 damping_factor         =   0.00000000
 e_tolerance            = 0.0000000000100000
 maximum scf-iterations =              200
 
 
                       SCF iterations                      
 ----------------------------------------------------------
    S.No    Energy (hartree)        dE (hartree)
 ----------------------------------------------------------
       0    -27.928846360084
       1    -26.984029724917      0.944816635167
       2    -26.984261479069      0.000231754153
       3    -26.984262656161      0.000001177091
       4    -26.984262662218      0.000000006058
       5    -26.984262662249      0.000000000031
       6    -26.984262662250      0.000000000000
 ----------------------------------------------------------
  
 
 
 ---------------------------------------
     Molecular Orbital Energies (Eh)    
 ---------------------------------------
       1    -13.01995725
       2     -5.49806266
       3     -2.86879837
       4     -1.70401174
       5     -1.12481900
       6     -0.79641086
       7     -0.59382318
       8     -0.45953334
       9     -0.36495808
      10     -0.28889354
      11     -0.21272142
      12     -0.12475072
      13     -0.02218331
      14      0.09469925
      15      0.22518936
      16      0.36870844
      17      0.52501806
      18      0.69353450
      19      0.87447390
      20      1.06701287
      21      1.27185626
      22      1.48776965
      23      1.71604354
      24      1.95487122
      25      2.20624444
      26      2.46763170
      27      2.74187482
      28      3.02554531
      29      3.32248758
      30      3.62820510
      31      3.94773273
      32      4.27530396
      33      4.61732952
      34      4.96657383
      35      5.33105073
      36      5.70181707
      37      6.08870841
      38      6.48084286
      39      6.89014772
      40      7.30352110
      41      7.73523774
      42      8.16970611
      43      8.62387003
      44      9.07931325
      45      9.55595124
      46     10.03222290
      47     10.53140464
      48     11.02838359
      49     11.55016300
      50     12.06768901
      51     12.61217254
      52     13.15011404
      53     13.71738504
      54     14.27555612
      55     14.86576420
      56     15.44401313
      57     16.05727628
      58     16.65537800
      59     17.29189910
      60     17.90967087
      61     18.56961052
      62     19.20677203
      63     19.89040055
      64     20.54672536
      65     21.25425687
      66     21.92938953
      67     22.66118095
      68     23.35483599
      69     24.11116932
      70     24.82289095
      71     25.60423509
      72     26.33366013
      73     27.14038345
      74     27.88692339
      75     28.71964031
      76     29.48283140
      77     30.34201996
      78     31.12109907
      79     32.00756334
      80     32.80193864
      81     33.71629494
      82     34.52497469
      83     35.46827446
      84     36.29050673
      85     37.26353841
      86     38.09803371
      87     39.10217085
      88     39.94798302
      89     40.98422312
      90     41.83967800
      91     42.90981215
      92     43.77373936
      93     44.87900815
      94     45.74924327
      95     46.89197392
      96     47.76711159
      97     48.94880437
      98     49.82606843
      99     51.04972867
     100     51.92751874
     101     53.19487506
     102     54.06967491
     103     55.38457328
     104     56.25473827
     105     57.61899814
     106     58.48014970
     107     59.89864185
     108     60.74945860
     109     62.22374904
     110     63.05886655
     111     64.59510036
     112     65.41428177
     113     67.01306061
     114     67.80971509
     115     69.47900333
     116     70.25546429
     117     71.99355861
     118     72.74115209
     119     74.55963243
     120     75.28644548
     121     77.17871199
     122     77.87057351
     123     79.85954458
     124     80.54049320
     125     82.60860254
     126     83.24165826
     127     85.49226909
     128     86.23133403
 ---------------------------------------
 
SCF converged! Final Ground-State Energy (Eh):             -26.9842626622495523
