 
     Two-Electron DVR    
 ------------------------
 x0     =      15.00000000
 m      =       1.00000000
 Z      =       2.00000000
 n      =              256
 dx     =       0.11764706
 
Soft-Coulomb Parameters:
 alpha  =       0.01000000
 beta   =       1.00000000
 
 
                       Hartree-Fock                      
 --------------------------------------------------------
 no. of orbitals        =              256
 no. of electrons       =                2
 scf_damping_switch     =        F
 scf_diis_switch        =        F
 damping_factor         =   0.00000000
 e_tolerance            = 0.0000000000100000
 maximum scf-iterations =              200
 
 
                       SCF iterations                      
 ----------------------------------------------------------
    S.No    Energy (hartree)        dE (hartree)
 ----------------------------------------------------------
       0    -18.734832598284
       1    -17.779441185556      0.955391412728
       2    -17.779637884679      0.000196699122
       3    -17.779638942526      0.000001057847
       4    -17.779638948415      0.000000005889
       5    -17.779638948449      0.000000000033
       6    -17.779638948449      0.000000000000
 ----------------------------------------------------------
  
 
 
 ---------------------------------------
     Molecular Orbital Energies (Eh)    
 ---------------------------------------
       1     -8.41232295
       2     -0.29747694
       3      0.00651039
       4      0.02487207
       5      0.06061821
       6      0.10407251
       7      0.16292163
       8      0.23415084
       9      0.31217623
      10      0.41211951
      11      0.50770069
      12      0.63630439
      13      0.74903614
      14      0.90578442
      15      1.03583617
      16      1.22002387
      17      1.36782131
      18      1.57868703
      19      1.74475690
      20      1.98154878
      21      2.16644103
      22      2.42844859
      23      2.63269756
      24      2.91926719
      25      3.14337164
      26      3.45391200
      27      3.69832663
      28      4.03230996
      29      4.29744182
      30      4.65440126
      31      4.94061062
      32      5.32013720
      33      5.62773897
      34      6.02947635
      35      6.35874400
      36      6.78238452
      37      7.13355274
      38      7.57883163
      39      7.95210109
      40      8.41879285
      41      8.81433275
      42      9.30224550
      43      9.72019831
      44     10.22917107
      45     10.66965445
      46     11.19955191
      47     11.66266319
      48     12.21337391
      49     12.69919121
      50     13.27062291
      51     13.77920935
      52     14.37128800
      53     14.90269200
      54     15.51535746
      55     16.06961672
      56     16.70282276
      57     17.27996380
      58     17.93367393
      59     18.53371597
      60     19.20790430
      61     19.83085802
      62     20.52550514
      63     21.17137664
      64     21.88647126
      65     22.55526009
      66     23.29079485
      67     23.98249810
      68     24.73847194
      69     25.45308158
      70     26.22949535
      71     26.96700262
      72     27.76386220
      73     28.52425418
      74     29.34156573
      75     30.12483019
      76     30.96260399
      77     31.76872519
      78     32.62697052
      79     33.45593454
      80     34.33466422
      81     35.18645406
      82     36.08567877
      83     36.96028019
      84     37.88001386
      85     38.77740975
      86     39.71766322
      87     40.63784009
      88     41.59862731
      89     42.54156880
      90     43.52289974
      91     44.48859393
      92     45.49048177
      93     46.47891370
      94     47.50136680
      95     48.51252675
      96     49.55555686
      97     50.58943179
      98     51.65304504
      99     52.70962795
     100     53.79383416
     101     54.87311434
     102     55.97791692
     103     57.07989048
     104     58.20529695
     105     59.32995582
     106     60.47596641
     107     61.62331021
     108     62.78992984
     109     63.95995340
     110     65.14717874
     111     66.33988550
     112     67.54771858
     113     68.76310652
     114     69.99154009
     115     71.22961682
     116     72.47864978
     117     73.73941660
     118     75.00903744
     119     76.29250647
     120     77.58271071
     121     78.88888681
     122     80.19965830
     123     81.52855845
     124     82.85988911
     125     84.21152192
     126     85.56339054
     127     86.93777827
     128     88.31017294
     129     89.70732817
     130     91.10022220
     131     92.52017288
     132     93.93355025
     133     95.37631324
     134     96.81014125
     135     98.27575069
     136     99.73000894
     137    101.21848621
     138    102.69313546
     139    104.20452148
     140    105.69953659
     141    107.23385763
     142    108.74919213
     143    110.30649654
     144    111.84212020
     145    113.42243951
     146    114.97829789
     147    116.58168869
     148    118.15774602
     149    119.78424551
     150    121.38043848
     151    123.03011241
     152    124.64639924
     153    126.31929100
     154    127.95559846
     155    129.65178403
     156    131.30806375
     157    133.02759329
     158    134.70376092
     159    136.44672188
     160    138.14272182
     161    139.90917182
     162    141.62490713
     163    143.41494662
     164    145.15035373
     165    146.96404851
     166    148.71901619
     167    150.55648150
     168    152.33093734
     169    154.19224807
     170    155.98606452
     171    157.87135279
     172    159.68444763
     173    161.59379846
     174    163.42602537
     175    165.35959029
     176    167.21085611
     177    169.16873143
     178    171.03886815
     179    173.02122791
     180    174.91013011
     181    176.91708326
     182    178.82455770
     183    180.85630448
     184    182.78223198
     185    184.83889558
     186    186.78305332
     187    188.86486471
     188    190.82711806
     189    192.93421648
     190    194.91430768
     191    197.04696048
     192    199.04473744
     193    201.20310200
     194    203.21826538
     195    205.40265243
     196    207.43503044
     197    209.64561794
     198    211.69486125
     199    213.93201218
     200    215.99792671
     201    218.26184240
     202    220.34401811
     203    222.63512516
     204    224.73334280
     205    227.05186909
     206    229.16564405
     207    231.51209459
     208    233.64117922
     209    236.01581205
     210    238.15962888
     211    240.56304695
     212    242.72131665
     213    245.15381204
     214    247.32583980
     215    249.78813971
     216    251.97361143
     217    254.46604588
     218    256.66411605
     219    259.18757248
     220    261.39789051
     221    263.95273970
     222    266.17426317
     223    268.76160290
     224    270.99394706
     225    273.61418803
     226    275.85604872
     227    278.51056940
     228    280.76154101
     229    283.45078030
     230    285.70920562
     231    288.43492173
     232    290.70041621
     233    293.46303464
     234    295.73346043
     235    298.53525632
     236    300.81036633
     237    303.65163021
     238    305.92863176
     239    308.81233809
     240    311.09143390
     241    314.01740178
     242    316.29491104
     243    319.26704159
     244    321.54446609
     245    324.56117281
     246    326.83359699
     247    329.89998645
     248    332.17270843
     249    335.28299046
     250    337.54895154
     251    340.70996890
     252    342.98779123
     253    346.17845535
     254    348.45264948
     255    351.68193152
     256    354.10677123
 ---------------------------------------
 
SCF converged! Final Ground-State Energy (Eh):             -17.7796389484490867
