 
     Two-Electron DVR    
 ------------------------
 x0     =      15.00000000
 m      =       1.00000000
 Z      =       5.00000000
 n      =              512
 dx     =       0.05870841
 
Soft-Coulomb Parameters:
 alpha  =       0.10000000
 beta   =       0.10000000
 
 
                       Hartree-Fock                      
 --------------------------------------------------------
 no. of orbitals        =              512
 no. of electrons       =                2
 scf_damping_switch     =        F
 scf_diis_switch        =        F
 damping_factor         =   0.00000000
 e_tolerance            = 0.0000000000100000
 maximum scf-iterations =              200
 
 
                       SCF iterations                      
 ----------------------------------------------------------
    S.No    Energy (hartree)        dE (hartree)
 ----------------------------------------------------------
       0    -22.722705332420
       1    -20.391256888984      2.331448443436
       2    -20.410849206459      0.019592317475
       3    -20.411076746386      0.000227539927
       4    -20.411079419242      0.000002672856
       5    -20.411079451111      0.000000031870
       6    -20.411079451495      0.000000000383
       7    -20.411079451499      0.000000000005
 ----------------------------------------------------------
  
 
 
 ---------------------------------------
     Molecular Orbital Energies (Eh)    
 ---------------------------------------
       1     -9.06015263
       2     -2.63413269
       3     -1.38741765
       4     -0.85388168
       5     -0.57929844
       6     -0.41606550
       7     -0.31410452
       8     -0.23957322
       9     -0.17294220
      10     -0.09574928
      11     -0.00614592
      12      0.09977698
      13      0.21675918
      14      0.34959572
      15      0.49185216
      16      0.65002313
      17      0.81638856
      18      0.99899237
      19      1.18878756
      20      1.39524011
      21      1.60804157
      22      1.83792437
      23      2.07345884
      24      2.32644997
      25      2.58453817
      26      2.86037843
      27      3.14090166
      28      3.43937678
      29      3.74225553
      30      4.06318622
      31      4.38836616
      32      4.73160193
      33      5.07904448
      34      5.44445936
      35      5.81413552
      36      6.20162474
      37      6.59351098
      38      7.00298818
      39      7.41706390
      40      7.84845869
      41      8.28470458
      42      8.73796031
      43      9.19635752
      44      9.67142932
      45     10.15195894
      46     10.64881187
      47     11.15145484
      48     11.67006231
      49     12.19479939
      50     12.73514176
      51     13.28195365
      52     13.84401693
      53     14.41288445
      54     14.99665927
      55     15.58756352
      56     16.19304421
      57     16.80596671
      58     17.43315051
      59     18.06807338
      60     18.71695978
      61     19.37386586
      62     20.04445608
      63     20.72332900
      64     21.41562552
      65     22.11644978
      66     22.83045599
      67     23.55321701
      68     24.28893691
      69     25.03362106
      70     25.79105903
      71     26.55765360
      72     27.33681422
      73     28.12530743
      74     28.92619535
      75     29.73657634
      76     30.55919613
      77     31.39145490
      78     32.23581104
      79     33.08993843
      80     33.95603518
      81     34.83202282
      82     35.71986424
      83     36.61770450
      84     37.52729439
      85     38.44698033
      86     39.37832224
      87     40.31984757
      88     41.27294478
      89     42.23630380
      90     43.21115934
      91     44.19634690
      92     45.19296352
      93     46.19997498
      94     47.21835520
      95     48.24718638
      96     49.28733250
      97     50.33797962
      98     51.39989371
      99     52.47235340
     100     53.55603731
     101     54.65030654
     102     55.75576195
     103     56.87183800
     104     57.99906640
     105     59.13694683
     106     60.28594957
     107     61.44563220
     108     62.61641048
     109     63.79789335
     110     64.99044824
     111     66.19372961
     112     67.40806203
     113     68.63314035
     114     69.86925115
     115     71.11612502
     116     72.37401494
     117     73.64268311
     118     74.92235281
     119     76.21281417
     120     77.51426421
     121     78.82651778
     122     80.14974867
     123     81.48379356
     124     82.82880574
     125     84.18464117
     126     85.55143503
     127     86.92906029
     128     88.31763616
     129     89.71705062
     130     91.12740880
     131     92.54861192
     132     93.98075266
     133     95.42374392
     134     96.87766745
     135     98.34244642
     136     99.81815293
     137    101.30471920
     138    102.80220887
     139    104.31056209
     140    105.82983504
     141    107.35997491
     142    108.90103127
     143    110.45295749
     144    112.01579738
     145    113.58950971
     146    115.17413321
     147    116.76963142
     148    118.37603861
     149    119.99332250
     150    121.62151345
     151    123.26058284
     152    124.91055761
     153    126.57141235
     154    128.24317098
     155    129.92581092
     156    131.61935345
     157    133.32377847
     158    135.03910494
     159    136.76531492
     160    138.50242536
     161    140.25042021
     162    142.00931464
     163    143.77909426
     164    145.55977271
     165    147.35133703
     166    149.15379951
     167    150.96714846
     168    152.79139498
     169    154.62652850
     170    156.47255909
     171    158.32947712
     172    160.19729178
     173    162.07599427
     174    163.96559301
     175    165.86607993
     176    167.77746276
     177    169.69973407
     178    171.63290100
     179    173.57695666
     180    175.53190771
     181    177.49774770
     182    179.47448286
     183    181.46210715
     184    183.46062644
     185    185.47003502
     186    187.49033844
     187    189.52153128
     188    191.56361885
     189    193.61659595
     190    195.68046767
     191    197.75522902
     192    199.84088490
     193    201.93743048
     194    204.04487053
     195    206.16320035
     196    208.29242458
     197    210.43253862
     198    212.58354705
     199    214.74544532
     200    216.91823795
     201    219.10192045
     202    221.29649729
     203    223.50196402
     204    225.71832509
     205    227.94557606
     206    230.18372137
     207    232.43275659
     208    234.69268615
     209    236.96350562
     210    239.24521945
     211    241.53782318
     212    243.84132130
     213    246.15570929
     214    248.48099171
     215    250.81716399
     216    253.16423073
     217    255.52218730
     218    257.89103837
     219    260.27077925
     220    262.66141468
     221    265.06293988
     222    267.47535968
     223    269.89866923
     224    272.33287342
     225    274.77796732
     226    277.23395593
     227    279.70083421
     228    282.17860725
     229    284.66726992
     230    287.16682742
     231    289.67727450
     232    292.19861648
     233    294.73084799
     234    297.27397448
     235    299.82799045
     236    302.39290146
     237    304.96870190
     238    307.55539746
     239    310.15298241
     240    312.76146255
     241    315.38083202
     242    318.01109676
     243    320.65225077
     244    323.30430015
     245    325.96723873
     246    328.64107276
     247    331.32579594
     248    334.02141466
     249    336.72792246
     250    339.44532589
     251    342.17361835
     252    344.91280652
     253    347.66288365
     254    350.42385659
     255    353.19571842
     256    355.97847617
     257    358.77212273
     258    361.57666531
     259    364.39209664
     260    367.21842407
     261    370.05564019
     262    372.90375253
     263    375.76275346
     264    378.63265072
     265    381.51343651
     266    384.40511873
     267    387.30768940
     268    390.22115661
     269    393.14551219
     270    396.08076442
     271    399.02690495
     272    401.98394224
     273    404.95186774
     274    407.93069013
     275    410.92040063
     276    413.92100815
     277    416.93250369
     278    419.95489637
     279    422.98817699
     280    426.03235487
     281    429.08742059
     282    432.15338369
     283    435.23023456
     284    438.31798294
     285    441.41661898
     286    444.52615265
     287    447.64657391
     288    450.77789292
     289    453.92009942
     290    457.07320381
     291    460.23719559
     292    463.41208539
     293    466.59786249
     294    469.79453773
     295    473.00210018
     296    476.22056091
     297    479.44990875
     298    482.69015499
     299    485.94128827
     300    489.20332007
     301    492.47623880
     302    495.76005618
     303    499.05476043
     304    502.36036344
     305    505.67685323
     306    509.00424189
     307    512.34251726
     308    515.69169162
     309    519.05175262
     310    522.42271269
     311    525.80455936
     312    529.19730519
     313    532.60093757
     314    536.01546918
     315    539.44088732
     316    542.87720475
     317    546.32440868
     318    549.78251195
     319    553.25150173
     320    556.73139088
     321    560.22216654
     322    563.72384158
     323    567.23640319
     324    570.75986416
     325    574.29421175
     326    577.83945864
     327    581.39559230
     328    584.96262515
     329    588.54054490
     330    592.12936370
     331    595.72906963
     332    599.33967443
     333    602.96116657
     334    606.59355732
     335    610.23683578
     336    613.89101253
     337    617.55607733
     338    621.23204002
     339    624.91889131
     340    628.61663997
     341    632.32527776
     342    636.04481232
     343    639.77523678
     344    643.51655726
     345    647.26876841
     346    651.03187471
     347    654.80587274
     348    658.59076487
     349    662.38654982
     350    666.19322762
     351    670.01079973
     352    673.83926322
     353    677.67862252
     354    681.52887148
     355    685.39001827
     356    689.26205269
     357    693.14498703
     358    697.03880662
     359    700.94352887
     360    704.85913360
     361    708.78564384
     362    712.72303333
     363    716.67133203
     364    720.63050620
     365    724.60059346
     366    728.58155182
     367    732.57342821
     368    736.57617065
     369    740.58983634
     370    744.61436220
     371    748.64981791
     372    752.69612699
     373    756.75337297
     374    760.82146444
     375    764.90050160
     376    768.99037514
     377    773.09120383
     378    777.20285837
     379    781.32547975
     380    785.45891485
     381    789.60332941
     382    793.75854364
     383    797.92475289
     384    802.10174564
     385    806.28975024
     386    810.48851966
     387    814.69832157
     388    818.91886677
     389    823.15046692
     390    827.39278552
     391    831.64618644
     392    835.91027718
     393    840.18548016
     394    844.47133995
     395    848.76834827
     396    853.07597538
     397    857.39479082
     398    861.72418122
     399    866.06480806
     400    870.41595934
     401    874.77840003
     402    879.15130694
     403    883.53556706
     404    887.93022634
     405    892.33630924
     406    896.75271399
     407    901.18062699
     408    905.61877276
     409    910.06852044
     410    914.52839820
     411    918.99999014
     412    923.48159385
     413    927.97503630
     414    932.47835410
     415    936.99365965
     416    941.51868334
     417    946.05586051
     418    950.60257450
     419    955.16163986
     420    959.73003301
     421    964.31099816
     422    968.90104996
     423    973.50393672
     424    978.11563210
     425    982.74045623
     426    987.37376809
     427    992.02055845
     428    996.67546642
     429   1001.34424438
     430   1006.02071262
     431   1010.71151638
     432   1015.40951734
     433   1020.12237588
     434   1024.84186208
     435   1029.57682607
     436   1034.31776029
     437   1039.07486897
     438   1043.83718817
     439   1048.61650889
     440   1053.40016280
     441   1058.20174868
     442   1063.00665345
     443   1067.83059414
     444   1072.65668189
     445   1077.50304926
     446   1082.35020827
     447   1087.21912184
     448   1092.08726056
     449   1096.97881743
     450   1101.86778677
     451   1106.78214654
     452   1111.69182314
     453   1116.62911678
     454   1121.55930148
     455   1126.51974230
     456   1131.47026917
     457   1136.45403345
     458   1141.42463629
     459   1146.43200918
     460   1151.42246553
     461   1156.45368343
     462   1161.46363755
     463   1166.51908146
     464   1171.54823652
     465   1176.62822176
     466   1181.67610294
     467   1186.78113773
     468   1191.84735183
     469   1196.97785340
     470   1202.06176831
     471   1207.21841257
     472   1212.31951286
     473   1217.50284566
     474   1222.62029301
     475   1227.83120960
     476   1232.96433811
     477   1238.20354167
     478   1243.35124440
     479   1248.61991558
     480   1253.78134826
     481   1259.08037568
     482   1264.25408047
     483   1269.58501868
     484   1274.76994797
     485   1280.13389715
     486   1285.32812163
     487   1290.72714493
     488   1295.92938775
     489   1301.36482992
     490   1306.57247745
     491   1312.04715991
     492   1317.25865245
     493   1322.77424541
     494   1327.98582915
     495   1333.54646714
     496   1338.75613718
     497   1344.36406122
     498   1349.56581619
     499   1355.22785285
     500   1360.41880181
     501   1366.13843628
     502   1371.30738442
     503   1377.09791208
     504   1382.24021570
     505   1388.10795317
     506   1393.19795740
     507   1399.17547692
     508   1404.20776165
     509   1410.30659598
     510   1415.19364442
     511   1421.55032192
     512   1426.44864668
 ---------------------------------------
 
SCF converged! Final Ground-State Energy (Eh):             -20.4110794514993117
