 
     Two-Electron DVR    
 ------------------------
 x0     =      15.00000000
 m      =       1.00000000
 Z      =       1.00000000
 n      =              256
 dx     =       0.11764706
 
Soft-Coulomb Parameters:
 alpha  =       0.01000000
 beta   =       1.00000000
 
 
                       Hartree-Fock                      
 --------------------------------------------------------
 no. of orbitals        =              256
 no. of electrons       =                2
 scf_damping_switch     =        F
 scf_diis_switch        =        F
 damping_factor         =   0.00000000
 e_tolerance            = 0.0000000000100000
 maximum scf-iterations =              200
 
 
                       SCF iterations                      
 ----------------------------------------------------------
    S.No    Energy (hartree)        dE (hartree)
 ----------------------------------------------------------
       0     -7.603227570422
       1     -6.683917638710      0.919309931712
       2     -6.685089789592      0.001172150882
       3     -6.685110808248      0.000021018656
       4     -6.685111199056      0.000000390808
       5     -6.685111206444      0.000000007388
       6     -6.685111206584      0.000000000141
       7     -6.685111206587      0.000000000003
 ----------------------------------------------------------
  
 
 
 ---------------------------------------
     Molecular Orbital Energies (Eh)    
 ---------------------------------------
       1     -2.88412259
       2      0.14165684
       3      0.14168211
       4      0.24702033
       5      0.24764199
       6      0.37848365
       7      0.38315165
       8      0.53554681
       9      0.55317389
      10      0.72138766
      11      0.76226008
      12      0.94543170
      13      1.01368504
      14      1.21439937
      15      1.30905134
      16      1.52958092
      17      1.64887190
      18      1.89032493
      19      2.03317084
      20      2.29588647
      21      2.46180371
      22      2.74574867
      23      2.93458984
      24      3.23958298
      25      3.45135978
      26      3.77718152
      27      4.01196904
      28      4.35841104
      29      4.61629940
      30      4.98318419
      31      5.26425611
      32      5.65144283
      33      5.95576394
      34      6.36314697
      35      6.69076349
      36      7.11826892
      37      7.46920788
      38      7.91678840
      39      8.29106014
      40      8.75869073
      41      9.15629102
      42      9.64396421
      43     10.06487737
      44     10.57260000
      45     11.01680076
      46     11.54459032
      47     12.01204652
      48     12.55992914
      49     13.05060290
      50     13.61861057
      51     14.13246048
      52     14.72063012
      53     15.25761169
      54     15.86598291
      55     16.42605043
      56     17.05466537
      57     17.63777179
      58     18.28667323
      59     18.89277181
      60     19.56200360
      61     20.19104729
      62     20.88065264
      63     21.53259570
      64     22.24261799
      65     22.91741498
      66     23.64789611
      67     24.34550354
      68     25.09648512
      69     25.81686011
      70     26.58838173
      71     27.33148374
      72     28.12358448
      73     28.88937370
      74     29.70209026
      75     30.49052951
      76     31.32389802
      77     32.13495080
      78     32.98900477
      79     33.82263743
      80     34.69740987
      81     35.55358930
      82     36.44911037
      83     37.32780649
      84     38.24410604
      85     39.14528912
      86     40.08239395
      87     41.00603744
      88     41.96397423
      89     42.91005170
      90     43.88884393
      91     44.85733228
      92     45.85700357
      93     46.84787956
      94     47.86845012
      95     48.88169402
      96     49.92318445
      97     50.95877610
      98     52.02120344
      99     53.07912637
     100     54.16250835
     101     55.24274536
     102     56.34709586
     103     57.44963368
     104     58.57496765
     105     59.69979190
     106     60.84612017
     107     61.99322073
     108     63.16055552
     109     64.32992076
     110     65.51826987
     111     66.70989275
     112     67.91926577
     113     69.13313733
     114     70.36353904
     115     71.59965531
     116     72.85109273
     117     74.10944737
     118     75.38192224
     119     76.66251435
     120     77.95603115
     121     79.25885698
     122     80.57341437
     123     81.89847615
     124     83.23407607
     125     84.58137262
     126     85.93801057
     127     87.30754734
     128     88.68522272
     129     90.07700110
     130     91.47570615
     131     92.88973492
     132     94.30946645
     133     95.74574964
     134     97.18649644
     135     98.64504634
     136    100.10680257
     137    101.58762589
     138    103.07037673
     139    104.57348947
     140    106.07722630
     141    107.60263799
     142    109.12734209
     143    110.67507272
     144    112.22073260
     145    113.79079463
     146    115.35738734
     147    116.94980509
     148    118.53731609
     149    120.15210512
     150    121.76050686
     151    123.39769623
     152    125.02697088
     153    126.68657949
     154    128.33669444
     155    130.01875656
     156    131.68969045
     157    133.39422859
     158    135.08594315
     159    136.81299739
     160    138.52546745
     161    140.27506421
     162    142.00824514
     163    143.78043104
     164    145.53429348
     165    147.32909925
     166    149.10359140
     167    150.92107102
     168    152.71615891
     169    154.55634785
     170    156.37197151
     171    158.23493220
     172    160.07105251
     173    161.95682568
     174    163.81337332
     175    165.72203107
     176    167.59896119
     177    169.53055015
     178    171.42778258
     179    173.38238605
     180    175.29986950
     181    177.27754073
     182    179.21518243
     183    181.21601779
     184    183.17375918
     185    185.19781941
     186    187.17555288
     187    189.22294972
     188    191.22060847
     189    193.29141116
     190    195.30887004
     191    197.40320854
     192    199.44039132
     193    201.55834462
     194    203.61510517
     195    205.75682505
     196    207.83307635
     197    209.99865295
     198    212.09422355
     199    214.28383507
     200    216.39862549
     201    218.61237500
     202    220.74618286
     203    222.98428085
     204    225.13699226
     205    227.39955682
     206    229.57093112
     207    231.85821281
     208    234.04811938
     209    236.36025382
     210    238.56840397
     211    240.90569213
     212    243.13193569
     213    245.49453379
     214    247.73852082
     215    250.12679429
     216    252.38835187
     217    254.80248112
     218    257.08117982
     219    259.52161421
     220    261.81725480
     221    264.28420299
     222    266.59625102
     223    269.09027350
     224    271.41850050
     225    273.93983775
     226    276.28356827
     227    278.83292997
     228    281.19190702
     229    283.76956507
     230    286.14292273
     231    288.74978716
     232    291.13725446
     233    293.77361201
     234    296.17407105
     235    298.84109078
     236    301.25431821
     237    303.95222847
     238    306.37680387
     239    309.10706064
     240    311.54302189
     241    314.30553494
     242    316.75121968
     243    319.54757463
     244    322.00397546
     245    324.83290493
     246    327.29863558
     247    330.16096299
     248    332.64021061
     249    335.53065458
     250    338.02452451
     251    340.93918800
     252    343.46348756
     253    346.38145358
     254    348.95300932
     255    351.83019273
     256    354.56837901
 ---------------------------------------
 
SCF converged! Final Ground-State Energy (Eh):              -6.6851112065871137
