 
     Two-Electron DVR    
 ------------------------
 x0     =      15.00000000
 m      =       1.00000000
 Z      =       5.00000000
 n      =              512
 dx     =       0.05870841
 
Soft-Coulomb Parameters:
 alpha  =       0.10000000
 beta   =       0.01000000
 
 
                       Hartree-Fock                      
 --------------------------------------------------------
 no. of orbitals        =              512
 no. of electrons       =                2
 scf_damping_switch     =        F
 scf_diis_switch        =        F
 damping_factor         =   0.00000000
 e_tolerance            = 0.0000000000100000
 maximum scf-iterations =              200
 
 
                       SCF iterations                      
 ----------------------------------------------------------
    S.No    Energy (hartree)        dE (hartree)
 ----------------------------------------------------------
       0    -22.722705332420
       1    -18.335850554760      4.386854777660
       2    -18.526331925276      0.190481370516
       3    -18.526582373395      0.000250448120
       4    -18.526584349729      0.000001976334
       5    -18.526584367776      0.000000018047
       6    -18.526584367951      0.000000000175
       7    -18.526584367953      0.000000000002
 ----------------------------------------------------------
  
 
 
 ---------------------------------------
     Molecular Orbital Energies (Eh)    
 ---------------------------------------
       1     -7.26539708
       2     -1.97876609
       3     -1.21407790
       4     -0.74445854
       5     -0.53228628
       6     -0.37926545
       7     -0.29473953
       8     -0.21923364
       9     -0.15611583
      10     -0.07014984
      11      0.01696206
      12      0.13295374
      13      0.24573989
      14      0.38918989
      15      0.52612477
      16      0.69520218
      17      0.85556596
      18      1.04912348
      19      1.23257471
      20      1.44981387
      21      1.65619076
      22      1.89652032
      23      2.12574860
      24      2.38871700
      25      2.64076283
      26      2.92602125
      27      3.20086621
      28      3.50814545
      29      3.80577339
      30      4.13486775
      31      4.45525842
      32      4.80601338
      33      5.14913984
      34      5.52144225
      35      5.88727052
      36      6.28104049
      37      6.66953028
      38      7.08471447
      39      7.49582049
      40      7.93238651
      41      8.36605984
      42      8.82399163
      43      9.28018118
      44      9.75947513
      45     10.23812889
      46     10.73879077
      47     11.23985686
      48     11.76189925
      49     12.28532678
      50     12.82876705
      51     13.37450683
      52     13.93936552
      53     14.50737054
      54     15.09367011
      55     15.68389585
      56     16.29165971
      57     16.90406441
      58     17.53331617
      59     18.16786092
      60     18.81862383
      61     19.47527261
      62     20.14756921
      63     20.82628885
      64     21.52014066
      65     22.22090077
      66     22.93632810
      67     23.65910096
      68     24.39612283
      69     25.14088325
      70     25.89951735
      71     26.66624250
      72     27.44650514
      73     28.23517442
      74     29.03708060
      75     29.84767544
      76     30.67123887
      77     31.50374260
      78     32.34897577
      79     33.20337345
      80     34.07028769
      81     34.94656596
      82     35.83517152
      83     36.73331845
      84     37.64362460
      85     38.56362955
      86     39.49564463
      87     40.43749816
      88     41.39122966
      89     42.35492335
      90     43.33037801
      91     44.31590442
      92     45.31308826
      93     46.32044080
      94     47.33935922
      95     48.36853204
      96     49.40918988
      97     50.46017783
      98     51.52257938
      99     52.59537791
     100     53.67952703
     101     54.77413214
     102     55.88003226
     103     56.99644042
     104     58.12409461
     105     59.26230272
     106     60.41171371
     107     61.57171905
     108     62.74288926
     109     63.92468946
     110     65.11762107
     111     66.32121404
     112     67.53590899
     113     68.76129290
     114     69.99775291
     115     71.24492617
     116     72.50315279
     117     73.77211403
     118     75.05210862
     119     76.34285664
     120     77.64462044
     121     78.95715419
     122     80.28068830
     123     81.61500689
     124     82.96031228
     125     84.31641493
     126     85.68349250
     127     87.06137854
     128     88.45022907
     129     89.84989793
     130     91.26052214
     131     92.68197335
     132     94.11437187
     133     95.55760500
     134     97.01177843
     135     98.47679313
     136     99.95274198
     137    101.43953796
     138    102.93726271
     139    104.44583974
     140    105.96534082
     141    107.49569870
     142    109.03697650
     143    110.58911506
     144    112.15216994
     145    113.72608907
     146    115.31092135
     147    116.90662095
     148    118.51323094
     149    120.13071093
     150    121.75909891
     151    123.39835924
     152    125.04852547
     153    126.70956611
     154    128.38151082
     155    130.06433175
     156    131.75805517
     157    133.46265640
     158    135.17815873
     159    136.90454026
     160    138.64182170
     161    140.38998356
     162    142.14904428
     163    143.91898651
     164    145.69982669
     165    147.49154931
     166    149.29416911
     167    151.10767218
     168    152.93207175
     169    154.76735532
     170    156.61353481
     171    158.47059893
     172    160.33855847
     173    162.21740321
     174    164.10714294
     175    166.00776836
     176    167.91928840
     177    169.84169456
     178    171.77499505
     179    173.71918202
     180    175.67426306
     181    177.64023092
     182    179.61709263
     183    181.60484144
     184    183.60348393
     185    185.61301377
     186    187.63343714
     187    189.66474808
     188    191.70695244
     189    193.76004456
     190    195.82403000
     191    197.89890338
     192    199.98467000
     193    202.08132471
     194    204.18887261
     195    206.30730872
     196    208.43663799
     197    210.57685558
     198    212.72796632
     199    214.88996546
     200    217.06285774
     201    219.24663851
     202    221.44131244
     203    223.64687491
     204    225.86333056
     205    228.09067481
     206    230.32891226
     207    232.57803836
     208    234.83805770
     209    237.10896573
     210    239.39076704
     211    241.68345706
     212    243.98704042
     213    246.30151252
     214    248.62687800
     215    250.96313224
     216    253.31027992
     217    255.66831637
     218    258.03724634
     219    260.41706507
     220    262.80777739
     221    265.20937848
     222    267.62187322
     223    270.04525674
     224    272.47953398
     225    274.92469999
     226    277.38075981
     227    279.84770837
     228    282.32555083
     229    284.81428203
     230    287.31390721
     231    289.82442110
     232    292.34582906
     233    294.87812571
     234    297.42131652
     235    299.97539601
     236    302.54036974
     237    305.11623212
     238    307.70298884
     239    310.30063418
     240    312.90917396
     241    315.52860232
     242    318.15892522
     243    320.80013667
     244    323.45224276
     245    326.11523736
     246    328.78912670
     247    331.47390451
     248    334.16957718
     249    336.87613827
     250    339.59359432
     251    342.32193874
     252    345.06117825
     253    347.81130607
     254    350.57232908
     255    353.34424037
     256    356.12704696
     257    358.92074176
     258    361.72533199
     259    364.54081038
     260    367.36718430
     261    370.20444633
     262    373.05260402
     263    375.91164975
     264    378.78159127
     265    381.66242076
     266    384.55414615
     267    387.45675946
     268    390.37026881
     269    393.29466600
     270    396.22995934
     271    399.17614047
     272    402.13321788
     273    405.10118300
     274    408.08004454
     275    411.06979371
     276    414.07043944
     277    417.08197271
     278    420.10440268
     279    423.13772013
     280    426.18193440
     281    429.23703606
     282    432.30303469
     283    435.37992064
     284    438.46770369
     285    441.56637396
     286    444.67594149
     287    447.79639616
     288    450.92774821
     289    454.06998733
     290    457.22312397
     291    460.38714759
     292    463.56206888
     293    466.74787706
     294    469.94458304
     295    473.15217584
     296    476.37066658
     297    479.60004404
     298    482.84031959
     299    486.09148177
     300    489.35354219
     301    492.62648915
     302    495.91033447
     303    499.20506627
     304    502.51069657
     305    505.82721325
     306    509.15462856
     307    512.49293020
     308    515.84213058
     309    519.20221721
     310    522.57320270
     311    525.95507440
     312    529.34784507
     313    532.75150187
     314    536.16605774
     315    539.59149972
     316    543.02784085
     317    546.47506805
     318    549.93319448
     319    553.40220698
     320    556.88211875
     321    560.37291659
     322    563.87461373
     323    567.38719699
     324    570.91067956
     325    574.44504828
     326    577.99031628
     327    581.54647055
     328    585.11352405
     329    588.69146391
     330    592.28030289
     331    595.88002844
     332    599.49065298
     333    603.11216425
     334    606.74457431
     335    610.38787143
     336    614.04206707
     337    617.70715006
     338    621.38313125
     339    625.07000025
     340    628.76776703
     341    632.47642208
     342    636.19597439
     343    639.92641564
     344    643.66775352
     345    647.41998101
     346    651.18310437
     347    654.95711829
     348    658.74202716
     349    662.53782756
     350    666.34452180
     351    670.16210889
     352    673.99058854
     353    677.82996238
     354    681.68022724
     355    685.54138810
     356    689.41343817
     357    693.29638612
     358    697.19022117
     359    701.09495654
     360    705.01057653
     361    708.93709942
     362    712.87450402
     363    716.82281484
     364    720.78200399
     365    724.75210286
     366    728.73307613
     367    732.72496357
     368    736.72772085
     369    740.74139702
     370    744.76593774
     371    748.80140330
     372    752.84772728
     373    756.90498247
     374    760.97308896
     375    765.05213461
     376    769.14202333
     377    773.24285976
     378    777.35452975
     379    781.47715803
     380    785.61060888
     381    789.75502945
     382    793.91025990
     383    798.07647413
     384    802.25348360
     385    806.44149211
     386    810.64027896
     387    814.85008351
     388    819.07064690
     389    823.30224836
     390    827.54458619
     391    831.79798681
     392    836.06209791
     393    840.33729890
     394    844.62318051
     395    848.92018479
     396    853.22783531
     397    857.54664454
     398    861.87606040
     399    866.21667835
     400    870.56785734
     401    874.93028629
     402    879.30322376
     403    883.68746862
     404    888.08216157
     405    892.48822543
     406    896.90466780
     407    901.33255707
     408    905.77074478
     409    910.22046366
     410    914.68038882
     411    919.15194564
     412    923.63360273
     413    928.12700322
     414    932.63038196
     415    937.14563695
     416    941.67072989
     417    946.20784715
     418    950.75464087
     419    955.31363454
     420    959.88211904
     421    964.46299955
     422    969.05315734
     423    973.65594317
     424    978.26776082
     425    982.89246599
     426    987.52592072
     427    992.17256931
     428    996.82764316
     429   1001.49625398
     430   1006.17291723
     431   1010.86352167
     432   1015.56175045
     433   1020.27437357
     434   1024.99412919
     435   1029.72881189
     436   1034.47006266
     437   1039.22683821
     438   1043.98953388
     439   1048.76845540
     440   1053.55255416
     441   1058.35366560
     442   1063.15910235
     443   1067.98247246
     444   1072.80919239
     445   1077.65487880
     446   1082.50279795
     447   1087.37088922
     448   1092.23993632
     449   1097.13050734
     450   1102.02057483
     451   1106.93373882
     452   1111.84473507
     453   1116.78058812
     454   1121.71237661
     455   1126.67106200
     456   1131.62352677
     457   1136.60516566
     458   1141.57813583
     459   1146.58290673
     460   1151.57623881
     461   1156.60429075
     462   1161.61777507
     463   1166.66932558
     464   1171.70279046
     465   1176.77801603
     466   1181.83121175
     467   1186.93036876
     468   1192.00310040
     469   1197.12638581
     470   1202.21836911
     471   1207.36606995
     472   1212.47710225
     473   1217.64941688
     474   1222.77919676
     475   1227.97642138
     476   1233.12477101
     477   1238.34706744
     478   1243.51370248
     479   1248.76133701
     480   1253.94615906
     481   1259.21919681
     482   1264.42198742
     483   1269.72061433
     484   1274.94142396
     485   1280.26553909
     486   1285.50424929
     487   1290.85393817
     488   1296.11078649
     489   1301.48576596
     490   1306.76065158
     491   1312.16104855
     492   1317.45426535
     493   1322.87982371
     494   1328.19082657
     495   1333.64234252
     496   1338.97087159
     497   1344.44891891
     498   1349.79255609
     499   1355.30042224
     500   1360.65669374
     501   1366.19783727
     502   1371.55872569
     503   1377.14361269
     504   1382.50081038
     505   1388.14025992
     506   1393.46983366
     507   1399.19534850
     508   1404.47679629
     509   1410.31627167
     510   1415.46209262
     511   1421.55275163
     512   1426.63839986
 ---------------------------------------
 
SCF converged! Final Ground-State Energy (Eh):             -18.5265843679526689
