 
 Imaginary Time Propagation
 --------------------------
 
               Imag. time (a.u.)               < psi_i | psi_i >               < psi_i | psi_0 >                Energy (hartree)
              0.0000000000000000              1.0000000000000027              1.0000000000000027             -1.7464955859594946
              0.1000000000000018              0.9999999999999999              0.9942349530716785             -2.0972065678835468
              0.1999999999999943              1.0000000000000004              0.9882723455177315             -2.1537233622441541
              0.2999999999999833              1.0000000000000000              0.9830658987654097             -2.1808411731430235
              0.3999999999999723              0.9999999999999998              0.9785480056248561             -2.1967608530020031
              0.4999999999999613              0.9999999999999994              0.9746078100560599             -2.2071023452559624
              0.5999999999999502              1.0000000000000004              0.9711494460163297             -2.2142506071470311
              0.6999999999999392              1.0000000000000009              0.9680958723107325             -2.2194046068619366
              0.7999999999999282              1.0000000000000002              0.9653856396251717             -2.2232360598633125
              0.8999999999999172              1.0000000000000004              0.9629693482511281             -2.2261510264487794
              0.9999999999999062              1.0000000000000002              0.9608068177916977             -2.2284092536683908
              1.0999999999998953              1.0000000000000009              0.9588649686878261             -2.2301843186081149
              1.1999999999998843              0.9999999999999996              0.9571162558275843             -2.2315963168221922
              1.2999999999998733              1.0000000000000000              0.9555375050104284             -2.2327307197713342
              1.3999999999998622              0.9999999999999991              0.9541090393819390             -2.2336497922727645
              1.4999999999998512              1.0000000000000000              0.9528140151510627             -2.2343997879611392
              1.5999999999998402              1.0000000000000004              0.9516379097392043             -2.2350156397243341
              1.6999999999998292              0.9999999999999991              0.9505681222559119             -2.2355241066460474
              1.7999999999998182              0.9999999999999993              0.9495936577887778             -2.2359459385601719
              1.8999999999998072              1.0000000000000002              0.9487048750226104             -2.2362973974781468
              1.9999999999997962              1.0000000000000002              0.9478932822986288             -2.2365913474646755
              2.1000000000000072              0.9999999999999994              0.9471513711624617             -2.2368380485485337
              2.2000000000002182              1.0000000000000002              0.9464724792512411             -2.2370457436857829
              2.3000000000004293              0.9999999999999997              0.9458506763853975             -2.2372210984924097
              2.4000000000006403              0.9999999999999998              0.9452806691969525             -2.2373695345933684
              2.5000000000008513              1.0000000000000000              0.9447577207042239             -2.2374954850184920
              2.6000000000010624              0.9999999999999998              0.9442775820443501             -2.2376025917539115
              2.7000000000012734              0.9999999999999993              0.9438364341767376             -2.2376938598739966
              2.8000000000014844              1.0000000000000000              0.9434308378267838             -2.2377717787417062
              2.9000000000016954              1.0000000000000000              0.9430576902884538             -2.2378384179953716
              3.0000000000019065              1.0000000000000004              0.9427141879739831             -2.2378955040599351
              3.1000000000021175              1.0000000000000002              0.9423977938090033             -2.2379444814989937
              3.2000000000023285              0.9999999999999992              0.9421062087364589             -2.2379865624791786
              3.3000000000025396              0.9999999999999998              0.9418373467232135             -2.2380227668500963
              3.4000000000027506              1.0000000000000002              0.9415893127674905             -2.2380539547712610
              3.5000000000029616              1.0000000000000004              0.9413603834889688             -2.2380808533846772
              3.6000000000031727              1.0000000000000009              0.9411489899510818             -2.2381040787079494
              3.7000000000033837              1.0000000000000000              0.9409537024201937             -2.2381241536680259
              3.8000000000035947              1.0000000000000000              0.9407732168115666             -2.2381415230096300
              3.9000000000038058              1.0000000000000002              0.9406063426092338             -2.2381565656575475
              4.0000000000040163              0.9999999999999993              0.9404519920778345             -2.2381696049994271
              4.1000000000037833              1.0000000000000002              0.9403091706101969             -2.2381809174625147
              4.2000000000035502              1.0000000000000000              0.9401769680760428             -2.2381907396863667
              4.3000000000033172              0.9999999999999996              0.9400545510553645             -2.2381992745365862
              4.4000000000030841              1.0000000000000000              0.9399411558553952             -2.2382066961578442
              4.5000000000028511              1.0000000000000000              0.9398360822231493             -2.2382131542302819
              4.6000000000026180              0.9999999999999997              0.9397386876766647             -2.2382187775614675
              4.7000000000023849              1.0000000000000004              0.9396483823876112             -2.2382236771238357
              4.8000000000021519              0.9999999999999994              0.9395646245561400             -2.2382279486283556
              4.9000000000019188              1.0000000000000004              0.9394869162259271             -2.2382316747084445
              5.0000000000016858              1.0000000000000000              0.9394147994934678             -2.2382349267776949
              5.1000000000014527              1.0000000000000007              0.9393478530710262             -2.2382377666106930
              5.2000000000012196              0.9999999999999998              0.9392856891672402             -2.2382402476918939
              5.3000000000009866              0.9999999999999998              0.9392279506534447             -2.2382424163677399
              5.4000000000007535              1.0000000000000004              0.9391743084872799             -2.2382443128319860
              5.5000000000005205              1.0000000000000000              0.9391244593682939             -2.2382459719690013
              5.6000000000002874              1.0000000000000004              0.9390781236029369             -2.2382474240783758
              5.7000000000000544              1.0000000000000007              0.9390350431587571             -2.2382486954953471
              5.7999999999998213              0.9999999999999993              0.9389949798897390             -2.2382498091253900
              5.8308999999997493              0.9999999999999992              0.9389831758445033             -2.2382501245016702
 
 Summary of Imaginary time propagation
 -------------------------------------
n       =              512
dt      =       0.00010000
nstep   =            58309
E_conv  =       0.00000000
Ei      =      -2.23825012
 
