 
     Two-Electron DVR    
 ------------------------
 x0     =      15.00000000
 m      =       1.00000000
 Z      =       6.00000000
 n      =               64
 dx     =       0.47619048
 
Soft-Coulomb Parameters:
 alpha  =       0.10000000
 beta   =       1.00000000
 
 
                       Hartree-Fock                      
 --------------------------------------------------------
 no. of orbitals        =               64
 no. of electrons       =                2
 scf_damping_switch     =        F
 scf_diis_switch        =        F
 damping_factor         =   0.00000000
 e_tolerance            = 0.0000000000100000
 maximum scf-iterations =              200
 
 
                       SCF iterations                      
 ----------------------------------------------------------
    S.No    Energy (hartree)        dE (hartree)
 ----------------------------------------------------------
       0    -26.442058263774
       1    -25.510969077800      0.931089185973
       2    -25.511208790725      0.000239712925
       3    -25.511210008358      0.000001217632
       4    -25.511210014661      0.000000006303
       5    -25.511210014694      0.000000000033
       6    -25.511210014694      0.000000000000
 ----------------------------------------------------------
  
 
 
 ---------------------------------------
     Molecular Orbital Energies (Eh)    
 ---------------------------------------
       1    -12.29030299
       2     -6.10150284
       3     -2.61818070
       4     -1.85414864
       5     -1.05129340
       6     -0.84591676
       7     -0.56420989
       8     -0.48139178
       9     -0.34986305
      10     -0.30402581
      11     -0.20074960
      12     -0.14880789
      13     -0.01088367
      14      0.05780855
      15      0.23441380
      16      0.31814549
      17      0.53090967
      18      0.62812126
      19      0.87599507
      20      0.98571412
      21      1.26810350
      22      1.38919639
      23      1.70624796
      24      1.83803716
      25      2.18972822
      26      2.33106869
      27      2.71809460
      28      2.86844532
      29      3.29098540
      30      3.44907471
      31      3.90821325
      32      4.07364337
      33      4.56959042
      34      4.74091362
      35      5.27510422
      36      5.45214219
      37      6.02467695
      38      6.20576596
      39      6.81845362
      40      7.00377030
      41      7.65644240
      42      7.84404373
      43      8.53897850
      44      8.72960987
      45      9.46615661
      46      9.65746203
      47     10.43860700
      48     10.63225336
      49     11.45654523
      50     11.64946010
      51     12.52117770
      52     12.71661643
      53     13.63296918
      54     13.82640388
      55     14.79458287
      56     14.99244256
      57     16.00727562
      58     16.20146036
      59     17.27913703
      60     17.48478073
      61     18.61598843
      62     18.81259634
      63     20.07806213
      64     20.34763300
 ---------------------------------------
 
SCF converged! Final Ground-State Energy (Eh):             -25.5112100146939831
