 
     Two-Electron DVR    
 ------------------------
 x0     =      15.00000000
 m      =       1.00000000
 Z      =       6.00000000
 n      =              256
 dx     =       0.11764706
 
Soft-Coulomb Parameters:
 alpha  =       0.10000000
 beta   =       0.10000000
 
 
                       Hartree-Fock                      
 --------------------------------------------------------
 no. of orbitals        =              256
 no. of electrons       =                2
 scf_damping_switch     =        F
 scf_diis_switch        =        F
 damping_factor         =   0.00000000
 e_tolerance            = 0.0000000000100000
 maximum scf-iterations =              200
 
 
                       SCF iterations                      
 ----------------------------------------------------------
    S.No    Energy (hartree)        dE (hartree)
 ----------------------------------------------------------
       0    -27.953489902004
       1    -25.568247095086      2.385242806918
       2    -25.583939119508      0.015692024422
       3    -25.584097203145      0.000158083637
       4    -25.584098808869      0.000001605723
       5    -25.584098825344      0.000000016476
       6    -25.584098825514      0.000000000170
       7    -25.584098825516      0.000000000002
 ----------------------------------------------------------
  
 
 
 ---------------------------------------
     Molecular Orbital Energies (Eh)    
 ---------------------------------------
       1    -11.61562468
       2     -4.08282720
       3     -2.23161409
       4     -1.40864852
       5     -0.96736195
       6     -0.70295413
       7     -0.53446221
       8     -0.41875775
       9     -0.33433557
      10     -0.25949178
      11     -0.17918022
      12     -0.08424623
      13      0.02432427
      14      0.14815272
      15      0.28398109
      16      0.43436291
      17      0.59554468
      18      0.77106401
      19      0.95651350
      20      1.15632350
      21      1.36536626
      22      1.58890597
      23      1.82109327
      24      2.06796107
      25      2.32298134
      26      2.59287259
      27      2.87050354
      28      3.16317719
      29      3.46325722
      30      3.77851669
      31      4.10092649
      32      4.43860835
      33      4.78325842
      34      5.14322514
      35      5.51004711
      36      5.89218235
      37      6.28112282
      38      6.68532796
      39      7.09634410
      40      7.52253571
      41      7.95559216
      42      8.40369987
      43      8.85876651
      44      9.32873132
      45      9.80578172
      46     10.29755443
      47     10.79656485
      48     11.31010477
      49     11.83105335
      50     12.36632705
      51     12.90919347
      52     13.46617380
      53     14.03093885
      54     14.60960393
      55     15.19624946
      56     15.79658189
      57     16.40509060
      58     17.02707671
      59     17.65743221
      60     18.30106148
      61     18.95324813
      62     19.61851254
      63     20.29251560
      64     20.97940930
      65     21.67521476
      66     22.38373354
      67     23.10132827
      68     23.83146934
      69     24.57084096
      70     25.32260254
      71     26.08373954
      72     26.85712075
      73     27.64001233
      74     28.43501286
      75     29.23964908
      76     30.05626920
      77     30.88264075
      78     31.72088097
      79     32.56897939
      80     33.42884059
      81     34.29865796
      82     35.18014104
      83     36.07167024
      84     36.97477635
      85     37.88801074
      86     38.81274088
      87     39.74767456
      88     40.69402995
      89     41.65065738
      90     42.61863897
      91     43.59695535
      92     44.58656427
      93     45.58656504
      94     46.59780209
      95     47.61948340
      96     48.65234956
      97     49.69570772
      98     50.75020356
      99     51.81523557
     100     52.89136191
     101     53.97806479
     102     55.07582194
     103     56.18419347
     104     57.30358203
     105     58.43361988
     106     59.57463989
     107     60.72634251
     108     61.88899435
     109     63.06235998
     110     64.24664338
     111     65.44167111
     112     66.64758623
     113     67.86427481
     114     69.09182102
     115     70.33017017
     116     71.57934740
     117     72.83935634
     118     74.11016354
     119     75.39183262
     120     76.68426946
     121     77.98759837
     122     79.30166333
     123     80.62665310
     124     81.96234552
     125     83.30899632
     126     84.66631410
     127     86.03462772
     128     87.41356982
     129     88.80354697
     130     90.20411056
     131     91.61575392
     132     93.03793748
     133     94.47124836
     134     95.91504815
     135     97.37003032
     136     98.83544418
     137    100.31209971
     138    101.79912274
     139    103.29745673
     140    104.80608595
     141    106.32610140
     142    107.85633042
     143    109.39803411
     144    110.94985887
     145    112.51325501
     146    114.08666718
     147    115.67176468
     148    117.26675876
     149    118.87356343
     150    120.49012856
     151    122.11865207
     152    123.75678086
     153    125.40703106
     154    127.06670936
     155    128.73870150
     156    130.41991939
     157    132.11366407
     158    133.81640308
     159    135.53192020
     160    137.25616703
     161    138.99347081
     162    140.73920136
     163    142.49831778
     164    144.26551427
     165    146.04646235
     166    147.83509325
     167    149.63790697
     168    151.44794851
     169    153.27265326
     170    155.10406418
     171    156.95070442
     172    158.80345296
     173    160.67206261
     174    162.54609467
     175    164.43673194
     176    166.33200517
     177    168.24471530
     178    170.16115865
     179    172.09601803
     180    174.03357502
     181    175.99064392
     182    177.94922114
     183    179.92859994
     184    181.90812217
     185    183.90989109
     186    185.91023536
     187    187.93452647
     188    189.95559266
     189    192.00251266
     190    194.04413875
     191    196.11386153
     192    198.17591450
     193    200.26858175
     194    202.35084792
     195    204.46668882
     196    206.56899186
     197    208.70819409
     198    210.83025211
     199    212.99311780
     200    215.13469774
     201    217.32147476
     202    219.48220483
     203    221.69329134
     204    223.87286482
     205    226.10858668
     206    228.30651362
     207    230.56739512
     208    232.78327421
     209    235.06974114
     210    237.30292765
     211    239.61566932
     212    241.86564233
     213    244.20521059
     214    246.47112338
     215    248.83842288
     216    251.11960605
     217    253.51534478
     218    255.81068827
     219    258.23605195
     220    260.54470608
     221    263.00059224
     222    265.32110176
     223    267.80906620
     224    270.14036689
     225    272.66153395
     226    275.00170899
     227    277.55813420
     228    279.90586611
     229    282.49894650
     230    284.85167364
     231    287.48417544
     232    289.84027394
     233    292.51393795
     234    294.86987625
     235    297.58856561
     236    299.94232285
     237    302.70825697
     238    305.05469473
     239    307.87361187
     240    310.21015560
     241    313.08501660
     242    315.40358247
     243    318.34369324
     244    320.64099320
     245    323.65048633
     246    325.91245402
     247    329.00830101
     248    331.23152918
     249    334.41931030
     250    336.57559689
     251    339.89276596
     252    341.98625438
     253    345.43701581
     254    347.39022889
     255    351.12174554
     256    353.11631711
 ---------------------------------------
 
SCF converged! Final Ground-State Energy (Eh):             -25.5840988255159871
