 
     Two-Electron DVR    
 ------------------------
 x0     =      15.00000000
 m      =       1.00000000
 Z      =       4.00000000
 n      =             2048
 dx     =       0.01465559
 
Soft-Coulomb Parameters:
 alpha  =       0.01000000
 beta   =       0.10000000
 
 
                       Hartree-Fock                      
 --------------------------------------------------------
 no. of orbitals        =             2048
 no. of electrons       =                2
 scf_damping_switch     =        F
 scf_diis_switch        =        F
 damping_factor         =   0.00000000
 e_tolerance            = 0.0000000000100000
 maximum scf-iterations =              200
 
 
                       SCF iterations                      
 ----------------------------------------------------------
    S.No    Energy (hartree)        dE (hartree)
 ----------------------------------------------------------
       0    -44.818282797165
       1    -42.109062890700      2.709219906465
       2    -42.113538760382      0.004475869681
       3    -42.113560042250      0.000021281869
       4    -42.113560145554      0.000000103304
       5    -42.113560146061      0.000000000507
       6    -42.113560146061      0.000000000000
 ----------------------------------------------------------
  
 
 
 ---------------------------------------
     Molecular Orbital Energies (Eh)    
 ---------------------------------------
       1    -19.70672861
       2     -2.62886973
       3     -1.09061783
       4     -0.55682940
       5     -0.35942738
       6     -0.23777133
       7     -0.17374982
       8     -0.11092930
       9     -0.05044462
      10      0.03540535
      11      0.12137736
      12      0.23674742
      13      0.34656950
      14      0.48948499
      15      0.62177119
      16      0.79122014
      17      0.94518271
      18      1.14058979
      19      1.31574432
      20      1.53672331
      21      1.73277343
      22      1.97901977
      23      2.19580075
      24      2.46704285
      25      2.70448642
      26      3.00046460
      27      3.25857346
      28      3.57903210
      29      3.85786031
      30      4.20254631
      31      4.50218392
      32      4.87084791
      33      5.19140903
      34      5.58380747
      35      5.92542101
      36      6.34131844
      37      6.70412113
      38      7.14329213
      39      7.52742316
      40      7.98965387
      41      8.39525105
      42      8.88034024
      43      9.30753713
      44      9.81529692
      45     10.26422085
      46     10.79447700
      47     11.26524774
      48     11.81783975
      49     12.31056866
      50     12.88534954
      51     13.40013912
      52     13.99697507
      53     14.53391878
      54     15.15268866
      55     15.71187101
      56     16.35246581
      57     16.93396249
      58     17.59628465
      59     18.20016293
      60     18.88412566
      61     19.51044471
      62     20.21597130
      63     20.86478271
      64     21.59180582
      65     22.26315401
      66     23.01161498
      67     23.70553775
      68     24.47538589
      69     25.19191489
      70     25.98310686
      71     26.72226808
      72     27.53476726
      73     28.29658151
      74     29.13035736
      75     29.91484075
      76     30.76986831
      77     31.57703264
      78     32.45329197
      79     33.28314518
      80     34.18062086
      81     35.03316743
      82     35.95184812
      83     36.82708940
      84     37.76696740
      85     38.66490196
      86     39.62597286
      87     40.54659681
      88     41.52885906
      89     42.47216634
      90     43.47562098
      91     44.44160363
      92     45.46625396
      93     46.45490233
      94     47.50075363
      95     48.51205667
      96     49.57911597
      97     50.61306136
      98     51.70133718
      99     52.75791156
     100     53.86741373
     101     54.94660287
     102     56.07734233
     103     57.17913123
     104     58.33111986
     105     59.45549297
     106     60.62874342
     107     61.77568469
     108     62.97021029
     109     64.13970330
     110     65.35551788
     111     66.54754597
     112     67.78466378
     113     68.99921010
     114     70.25764572
     115     71.49469332
     116     72.77446154
     117     74.03399344
     118     75.33510920
     119     76.61710847
     120     77.93958679
     121     79.24403657
     122     80.58789249
     123     81.91477606
     124     83.28002459
     125     84.62932539
     126     86.01598145
     127     87.38768315
     128     88.79576153
     129     90.18984802
     130     91.61936336
     131     93.03581882
     132     94.48678555
     133     95.92559444
     134     97.39802679
     135     98.85917386
     136    100.35308581
     137    101.83655615
     138    103.35196142
     139    104.85774045
     140    106.39465249
     141    107.92272596
     142    109.48115793
     143    111.03151196
     144    112.61147672
     145    114.18409778
     146    115.78560786
     147    117.38048278
     148    119.00355044
     149    120.62066640
     150    122.26530354
     151    123.90464810
     152    125.57086633
     153    127.23242739
     154    128.92023800
     155    130.60400383
     156    132.31341775
     157    134.01937698
     158    135.75040487
     159    137.47854646
     160    139.23119863
     161    140.98151191
     162    142.75579836
     163    144.52827299
     164    146.32420342
     165    148.11882939
     166    149.93641320
     167    151.75318083
     168    153.59242709
     169    155.43132703
     170    157.29224453
     171    159.15326775
     172    161.03586499
     173    162.91900276
     174    164.82328795
     175    166.72853183
     176    168.65451291
     177    170.58185477
     178    172.52953939
     179    174.47897138
     180    176.44836695
     181    178.41988150
     182    180.41099515
     183    182.40458496
     184    184.41742358
     185    186.43308160
     186    188.46765183
     187    190.50537129
     188    192.56167952
     189    194.62145388
     190    196.69950628
     191    198.78132925
     192    200.88113177
     193    202.98499728
     194    205.10655565
     195    207.23245786
     196    209.37577759
     197    211.52371089
     198    213.68879729
     199    215.85875626
     200    218.04561444
     201    220.23759388
     202    222.44622877
     203    224.66022367
     204    226.89063999
     205    229.12664554
     206    231.37884785
     207    233.63685942
     208    235.91085210
     209    238.19086522
     210    240.48665248
     211    242.78866289
     212    245.10624878
     213    247.43025234
     214    249.76964076
     215    252.11563353
     216    254.47682822
     217    256.84480638
     218    259.22781094
     219    261.61777085
     220    264.02258873
     221    266.43452687
     222    268.86116141
     223    271.29507440
     224    273.74352878
     225    276.19941338
     226    278.66969067
     227    281.14754377
     228    283.63964691
     229    286.13946553
     230    288.65339735
     231    291.17517861
     232    293.71094183
     233    296.25468296
     234    298.81228019
     235    301.37797855
     236    303.95741230
     237    306.54506535
     238    309.14633801
     239    311.75594331
     240    314.37905719
     241    317.01061240
     242    319.65556972
     243    322.30907258
     244    324.97587547
     245    327.65132383
     246    330.33997432
     247    333.03736610
     248    335.74786617
     249    338.46719938
     250    341.19955089
     251    343.94082364
     252    346.69502839
     253    349.45823883
     254    352.23429856
     255    355.01944494
     256    357.81736131
     257    360.62444195
     258    363.44421654
     259    366.27322981
     260    369.11486417
     261    371.96580852
     262    374.82930409
     263    377.70217805
     264    380.58753625
     265    383.48233836
     266    386.38956054
     267    389.30628945
     268    392.23537689
     269    395.17403129
     270    398.12498523
     271    401.08556386
     272    404.05838549
     273    407.04088713
     274    410.03557760
     275    413.04000109
     276    416.05656149
     277    419.08290573
     278    422.12133709
     279    425.16960101
     280    428.22990435
     281    431.30008692
     282    434.38226320
     283    437.47436344
     284    440.57841359
     285    443.69243057
     286    446.81835545
     287    449.95428827
     288    453.10208875
     289    456.25993653
     290    459.42961342
     291    462.60937534
     292    465.80092942
     293    469.00260469
     294    472.21603670
     295    475.43962455
     296    478.67493521
     297    481.92043491
     298    485.17762491
     299    488.44503576
     300    491.72410575
     301    495.01342708
     302    498.31437770
     303    501.62560886
     304    504.94844071
     305    508.28158109
     306    511.62629475
     307    514.98134375
     308    518.34793977
     309    521.72489683
     310    525.11337574
     311    528.51224032
     312    531.92260264
     313    535.34337421
     314    538.77562041
     315    542.21829848
     316    545.67242904
     317    549.13701313
     318    552.61302849
     319    556.09951813
     320    559.59741873
     321    563.10581349
     322    566.62559973
     323    570.15589918
     324    573.69757147
     325    577.24977521
     326    580.81333391
     327    584.38744155
     328    587.97288704
     329    591.56889821
     330    595.17623082
     331    598.79414516
     332    602.42336523
     333    606.06318240
     334    609.71429025
     335    613.37600993
     336    617.04900585
     337    620.73262773
     338    624.42751202
     339    628.13303579
     340    631.84980873
     341    635.57723410
     342    639.31589597
     343    643.06522266
     344    646.82577370
     345    650.59700146
     346    654.37944192
     347    658.17257049
     348    661.97690061
     349    665.79192974
     350    669.61814974
     351    673.45507921
     352    677.30318931
     353    681.16201888
     354    685.03201929
     355    688.91274876
     356    692.80463966
     357    696.70726883
     358    700.62105042
     359    704.54557908
     360    708.48125155
     361    712.42767951
     362    716.38524303
     363    720.35357012
     364    724.33302485
     365    728.32325089
     366    732.32459700
     367    736.33672183
     368    740.35995946
     369    744.39398291
     370    748.43911222
     371    752.49503415
     372    756.56205527
     373    760.63987553
     374    764.72878860
     375    768.82850705
     376    772.93931220
     377    777.06092870
     378    781.19362604
     379    785.33714047
     380    789.49173014
     381    793.65714237
     382    797.83362447
     383    802.02093438
     384    806.21930902
     385    810.42851651
     386    814.64878379
     387    818.87988874
     388    823.12204876
     389    827.37505108
     390    831.63910393
     391    835.91400351
     392    840.19994929
     393    844.49674604
     394    848.80458483
     395    853.12327865
     396    857.45301055
     397    861.79360135
     398    866.14522642
     399    870.50771413
     400    874.88123246
     401    879.26561699
     402    883.66102865
     403    888.06730993
     404    892.48461498
     405    896.91279293
     406    901.35199145
     407    905.80206600
     408    910.26315805
     409    914.73512913
     410    919.21811477
     411    923.71198232
     412    928.21686161
     413    932.73262557
     414    937.25939857
     415    941.79705888
     416    946.34572563
     417    950.90528223
     418    955.47584280
     419    960.05729563
     420    964.64975006
     421    969.25309908
     422    973.86744741
     423    978.49269256
     424    983.12893486
     425    987.77607609
     426    992.43421238
     427    997.10324965
     428   1001.78327999
     429   1006.47421325
     430   1011.17613767
     431   1015.88896688
     432   1020.61278542
     433   1025.34751054
     434   1030.09322323
     435   1034.84984423
     436   1039.61745111
     437   1044.39596795
     438   1049.18546905
     439   1053.98588168
     440   1058.79727704
     441   1063.61958544
     442   1068.45287509
     443   1073.29707922
     444   1078.15226319
     445   1083.01836302
     446   1087.89544133
     447   1092.78343684
     448   1097.68240952
     449   1102.59230067
     450   1107.51316775
     451   1112.44495451
     452   1117.38771601
     453   1122.34139836
     454   1127.30605432
     455   1132.28163223
     456   1137.26818265
     457   1142.26565610
     458   1147.27410102
     459   1152.29346999
     460   1157.32380941
     461   1162.36507388
     462   1167.41730784
     463   1172.48046777
     464   1177.55459629
     465   1182.63965167
     466   1187.73567476
     467   1192.84262558
     468   1197.96054325
     469   1203.08938948
     470   1208.22920176
     471   1213.37994339
     472   1218.54165029
     473   1223.71428730
     474   1228.89788884
     475   1234.09242122
     476   1239.29791741
     477   1244.51434513
     478   1249.74173598
     479   1254.98005904
     480   1260.22934458
     481   1265.48956295
     482   1270.76074318
     483   1276.04285685
     484   1281.33593179
     485   1286.63994076
     486   1291.95491042
     487   1297.28081466
     488   1302.61767905
     489   1307.96547856
     490   1313.32423769
     491   1318.69393246
     492   1324.07458634
     493   1329.46617635
     494   1334.86872500
     495   1340.28221024
     496   1345.70665366
     497   1351.14203413
     498   1356.58837233
     499   1362.04564801
     500   1367.51388100
     501   1372.99305189
     502   1378.48317968
     503   1383.98424577
     504   1389.49626837
     505   1395.01922964
     506   1400.55314706
     507   1406.09800351
     508   1411.65381575
     509   1417.22056738
     510   1422.79827445
     511   1428.38692124
     512   1433.98652315
     513   1439.59706510
     514   1445.21856185
     515   1450.85099896
     516   1456.49439056
     517   1462.14872281
     518   1467.81400928
     519   1473.49023667
     520   1479.17741800
     521   1484.87554052
     522   1490.58461672
     523   1496.30463437
     524   1502.03560545
     525   1507.77751823
     526   1513.53038419
     527   1519.29419208
     528   1525.06895293
     529   1530.85465593
     530   1536.65131167
     531   1542.45890979
     532   1548.27746043
     533   1554.10695365
     534   1559.94739919
     535   1565.79878751
     536   1571.66112796
     537   1577.53441138
     538   1583.41864673
     539   1589.31382525
     540   1595.21995552
     541   1601.13702912
     542   1607.06505432
     543   1613.00402300
     544   1618.95394312
     545   1624.91480689
     546   1630.88662194
     547   1636.86938079
     548   1642.86309077
     549   1648.86774470
     550   1654.88334961
     551   1660.90989862
     552   1666.94739847
     553   1672.99584255
     554   1679.05523734
     555   1685.12557649
     556   1691.20686622
     557   1697.29910044
     558   1703.40228513
     559   1709.51641441
     560   1715.64149405
     561   1721.77751840
     562   1727.92449299
     563   1734.08241240
     564   1740.25128195
     565   1746.43109642
     566   1752.62186093
     567   1758.82357046
     568   1765.03622994
     569   1771.25983453
     570   1777.49438896
     571   1783.73988861
     572   1789.99633802
     573   1796.26373272
     574   1802.54207709
     575   1808.83136685
     576   1815.13160620
     577   1821.44279101
     578   1827.76492534
     579   1834.09800520
     580   1840.44203450
     581   1846.79700941
     582   1853.16293370
     583   1859.53980366
     584   1865.92762293
     585   1872.32638794
     586   1878.73610219
     587   1885.15676226
     588   1891.58837149
     589   1898.03092661
     590   1904.48443083
     591   1910.94888099
     592   1917.42428021
     593   1923.91062542
     594   1930.40791963
     595   1936.91615988
     596   1943.43534909
     597   1949.96548439
     598   1956.50656860
     599   1963.05859894
     600   1969.62157815
     601   1976.19550354
     602   1982.78037775
     603   1989.37619819
     604   1995.98296740
     605   2002.60068288
     606   2009.22934710
     607   2015.86895763
     608   2022.51951685
     609   2029.18102243
     610   2035.85347666
     611   2042.53687728
     612   2049.23122652
     613   2055.93652219
     614   2062.65276644
     615   2069.37995716
     616   2076.11809643
     617   2082.86718219
     618   2089.62721647
     619   2096.39819728
     620   2103.18012658
     621   2109.97300244
     622   2116.77682675
     623   2123.59159766
     624   2130.41731700
     625   2137.25398295
     626   2144.10159731
     627   2150.96015831
     628   2157.82966770
     629   2164.71012375
     630   2171.60152816
     631   2178.50387926
     632   2185.41717869
     633   2192.34142484
     634   2199.27661931
     635   2206.22276051
     636   2213.17985000
     637   2220.14788625
     638   2227.12687078
     639   2234.11680208
     640   2241.11768164
     641   2248.12950800
     642   2255.15228259
     643   2262.18600400
     644   2269.23067363
     645   2276.28629009
     646   2283.35285476
     647   2290.43036628
     648   2297.51882598
     649   2304.61823256
     650   2311.72858730
     651   2318.84988893
     652   2325.98213872
     653   2333.12533541
     654   2340.27948024
     655   2347.44457198
     656   2354.62061186
     657   2361.80759866
     658   2369.00553359
     659   2376.21441545
     660   2383.43424542
     661   2390.66502234
     662   2397.90674737
     663   2405.15941935
     664   2412.42303942
     665   2419.69760647
     666   2426.98312160
     667   2434.27958370
     668   2441.58699388
     669   2448.90535106
     670   2456.23465629
     671   2463.57490853
     672   2470.92610882
     673   2478.28825613
     674   2485.66135148
     675   2493.04539385
     676   2500.44038426
     677   2507.84632170
     678   2515.26320718
     679   2522.69103968
     680   2530.12982022
     681   2537.57954780
     682   2545.04022340
     683   2552.51184605
     684   2559.99441672
     685   2567.48793444
     686   2574.99240018
     687   2582.50781297
     688   2590.03417378
     689   2597.57148165
     690   2605.11973752
     691   2612.67894047
     692   2620.24909142
     693   2627.83018944
     694   2635.42223546
     695   2643.02522856
     696   2650.63916966
     697   2658.26405784
     698   2665.89989401
     699   2673.54667727
     700   2681.20440852
     701   2688.87308687
     702   2696.55271320
     703   2704.24328663
     704   2711.94480804
     705   2719.65727655
     706   2727.38069304
     707   2735.11505664
     708   2742.86036822
     709   2750.61662690
     710   2758.38383357
     711   2766.16198734
     712   2773.95108909
     713   2781.75113796
     714   2789.56213479
     715   2797.38407875
     716   2805.21697068
     717   2813.06080973
     718   2820.91559675
     719   2828.78133089
     720   2836.65801300
     721   2844.54564224
     722   2852.44421944
     723   2860.35374378
     724   2868.27421608
     725   2876.20563551
     726   2884.14800291
     727   2892.10131745
     728   2900.06557995
     729   2908.04078958
     730   2916.02694718
     731   2924.02405191
     732   2932.03210462
     733   2940.05110446
     734   2948.08105226
     735   2956.12194721
     736   2964.17379012
     737   2972.23658017
     738   2980.31031819
     739   2988.39500335
     740   2996.49063648
     741   3004.59721674
     742   3012.71474498
     743   3020.84322036
     744   3028.98264371
     745   3037.13301420
     746   3045.29433267
     747   3053.46659827
     748   3061.64981185
     749   3069.84397257
     750   3078.04908126
     751   3086.26513710
     752   3094.49214092
     753   3102.73009187
     754   3110.97899080
     755   3119.23883688
     756   3127.50963094
     757   3135.79137213
     758   3144.08406131
     759   3152.38769763
     760   3160.70228193
     761   3169.02781338
     762   3177.36429281
     763   3185.71171938
     764   3194.07009394
     765   3202.43941563
     766   3210.81968532
     767   3219.21090215
     768   3227.61306697
     769   3236.02617892
     770   3244.45023888
     771   3252.88524597
     772   3261.33120106
     773   3269.78810328
     774   3278.25595350
     775   3286.73475086
     776   3295.22449622
     777   3303.72518872
     778   3312.23682922
     779   3320.75941686
     780   3329.29295250
     781   3337.83743528
     782   3346.39286606
     783   3354.95924398
     784   3363.53656991
     785   3372.12484297
     786   3380.72406405
     787   3389.33423226
     788   3397.95534849
     789   3406.58741184
     790   3415.23042322
     791   3423.88438172
     792   3432.54928825
     793   3441.22514190
     794   3449.91194358
     795   3458.60969239
     796   3467.31838922
     797   3476.03803318
     798   3484.76862518
     799   3493.51016429
     800   3502.26265144
     801   3511.02608571
     802   3519.80046803
     803   3528.58579746
     804   3537.38207493
     805   3546.18929952
     806   3555.00747216
     807   3563.83659192
     808   3572.67665972
     809   3581.52767464
     810   3590.38963761
     811   3599.26254769
     812   3608.14640584
     813   3617.04121109
     814   3625.94696440
     815   3634.86366482
     816   3643.79131330
     817   3652.72990890
     818   3661.67945256
     819   3670.63994332
     820   3679.61138216
     821   3688.59376809
     822   3697.58710211
     823   3706.59138322
     824   3715.60661242
     825   3724.63278871
     826   3733.66991309
     827   3742.71798456
     828   3751.77700412
     829   3760.84697078
     830   3769.92788552
     831   3779.01974736
     832   3788.12255729
     833   3797.23631432
     834   3806.36101944
     835   3815.49667165
     836   3824.64327196
     837   3833.80081936
     838   3842.96931487
     839   3852.14875746
     840   3861.33914816
     841   3870.54048595
     842   3879.75277184
     843   3888.97600482
     844   3898.21018592
     845   3907.45531409
     846   3916.71139039
     847   3925.97841376
     848   3935.25638526
     849   3944.54530383
     850   3953.84517054
     851   3963.15598431
     852   3972.47774622
     853   3981.81045520
     854   3991.15411232
     855   4000.50871650
     856   4009.87426883
     857   4019.25076822
     858   4028.63821576
     859   4038.03661036
     860   4047.44595311
     861   4056.86624292
     862   4066.29748089
     863   4075.73966592
     864   4085.19279910
     865   4094.65687934
     866   4104.13190775
     867   4113.61788320
     868   4123.11480683
     869   4132.62267751
     870   4142.14149636
     871   4151.67126226
     872   4161.21197633
     873   4170.76363745
     874   4180.32624675
     875   4189.89980310
     876   4199.48430763
     877   4209.07975920
     878   4218.68615896
     879   4228.30350576
     880   4237.93180076
     881   4247.57104279
     882   4257.22123302
     883   4266.88237029
     884   4276.55445575
     885   4286.23748825
     886   4295.93146896
     887   4305.63639669
     888   4315.35227264
     889   4325.07909562
     890   4334.81686681
     891   4344.56558502
     892   4354.32525146
     893   4364.09586491
     894   4373.87742660
     895   4383.66993530
     896   4393.47339223
     897   4403.28779618
     898   4413.11314836
     899   4422.94944756
     900   4432.79669499
     901   4442.65488944
     902   4452.52403213
     903   4462.40412183
     904   4472.29515978
     905   4482.19714473
     906   4492.11007794
     907   4502.03395815
     908   4511.96878662
     909   4521.91456209
     910   4531.87128582
     911   4541.83895655
     912   4551.81757555
     913   4561.80714154
     914   4571.80765581
     915   4581.81911706
     916   4591.84152660
     917   4601.87488312
     918   4611.91918793
     919   4621.97443972
     920   4632.04063980
     921   4642.11778686
     922   4652.20588222
     923   4662.30492455
     924   4672.41491519
     925   4682.53585280
     926   4692.66773871
     927   4702.81057160
     928   4712.96435280
     929   4723.12908096
     930   4733.30475744
     931   4743.49138089
     932   4753.68895266
     933   4763.89747139
     934   4774.11693844
     935   4784.34735246
     936   4794.58871481
     937   4804.84102411
     938   4815.10428175
     939   4825.37848634
     940   4835.66363927
     941   4845.95973916
     942   4856.26678739
     943   4866.58478257
     944   4876.91372610
     945   4887.25361657
     946   4897.60445540
     947   4907.96624117
     948   4918.33897531
     949   4928.72265638
     950   4939.11728582
     951   4949.52286219
     952   4959.93938694
     953   4970.36685862
     954   4980.80527868
     955   4991.25464566
     956   5001.71496104
     957   5012.18622333
     958   5022.66843401
     959   5033.16159162
     960   5043.66569762
     961   5054.18075054
     962   5064.70675186
     963   5075.24370009
     964   5085.79159673
     965   5096.35044028
     966   5106.92023224
     967   5117.50097111
     968   5128.09265840
     969   5138.69529259
     970   5149.30887521
     971   5159.93340472
     972   5170.56888267
     973   5181.21530751
     974   5191.87268079
     975   5202.54100096
     976   5213.22026957
     977   5223.91048507
     978   5234.61164902
     979   5245.32375985
     980   5256.04681914
     981   5266.78082530
     982   5277.52577993
     983   5288.28168143
     984   5299.04853141
     985   5309.82632825
     986   5320.61507357
     987   5331.41476575
     988   5342.22540642
     989   5353.04699394
     990   5363.87952996
     991   5374.72301283
     992   5385.57744420
     993   5396.44282242
     994   5407.31914914
     995   5418.20642271
     996   5429.10464479
     997   5440.01381371
     998   5450.93393115
     999   5461.86499543
    1000   5472.80700823
    1001   5483.75996786
    1002   5494.72387603
    1003   5505.69873102
    1004   5516.68453455
    1005   5527.68128491
    1006   5538.68898380
    1007   5549.70762952
    1008   5560.73722379
    1009   5571.77776487
    1010   5582.82925452
    1011   5593.89169097
    1012   5604.96507598
    1013   5616.04940781
    1014   5627.14468820
    1015   5638.25091540
    1016   5649.36809117
    1017   5660.49621374
    1018   5671.63528490
    1019   5682.78530285
    1020   5693.94626939
    1021   5705.11818271
    1022   5716.30104464
    1023   5727.49485335
    1024   5738.69961067
    1025   5749.91531476
    1026   5761.14196747
    1027   5772.37956695
    1028   5783.62811505
    1029   5794.88760992
    1030   5806.15805342
    1031   5817.43944368
    1032   5828.73178257
    1033   5840.03506823
    1034   5851.34930252
    1035   5862.67448357
    1036   5874.01061327
    1037   5885.35768972
    1038   5896.71571483
    1039   5908.08468668
    1040   5919.46460719
    1041   5930.85547444
    1042   5942.25729036
    1043   5953.67005302
    1044   5965.09376435
    1045   5976.52842242
    1046   5987.97402917
    1047   5999.43058264
    1048   6010.89808481
    1049   6022.37653370
    1050   6033.86593128
    1051   6045.36627559
    1052   6056.87756860
    1053   6068.39980832
    1054   6079.93299675
    1055   6091.47713189
    1056   6103.03221575
    1057   6114.59824631
    1058   6126.17522559
    1059   6137.76315158
    1060   6149.36202630
    1061   6160.97184771
    1062   6172.59261786
    1063   6184.22433470
    1064   6195.86700030
    1065   6207.52061257
    1066   6219.18517360
    1067   6230.86068130
    1068   6242.54713777
    1069   6254.24454091
    1070   6265.95289283
    1071   6277.67219140
    1072   6289.40243877
    1073   6301.14363279
    1074   6312.89577559
    1075   6324.65886506
    1076   6336.43290332
    1077   6348.21788823
    1078   6360.01382194
    1079   6371.82070230
    1080   6383.63853147
    1081   6395.46730727
    1082   6407.30703190
    1083   6419.15770316
    1084   6431.01932325
    1085   6442.89188996
    1086   6454.77540551
    1087   6466.66986769
    1088   6478.57527870
    1089   6490.49163633
    1090   6502.41894282
    1091   6514.35719591
    1092   6526.30639787
    1093   6538.26654643
    1094   6550.23764386
    1095   6562.21968789
    1096   6574.21268079
    1097   6586.21662029
    1098   6598.23150867
    1099   6610.25734364
    1100   6622.29412750
    1101   6634.34185794
    1102   6646.40053729
    1103   6658.47016321
    1104   6670.55073804
    1105   6682.64225944
    1106   6694.74472976
    1107   6706.85814664
    1108   6718.98251245
    1109   6731.11782481
    1110   6743.26408612
    1111   6755.42129397
    1112   6767.58945077
    1113   6779.76855411
    1114   6791.95860641
    1115   6804.15960524
    1116   6816.37155304
    1117   6828.59444736
    1118   6840.82829066
    1119   6853.07308048
    1120   6865.32881929
    1121   6877.59550461
    1122   6889.87313892
    1123   6902.16171975
    1124   6914.46124957
    1125   6926.77172590
    1126   6939.09315124
    1127   6951.42552307
    1128   6963.76884392
    1129   6976.12311126
    1130   6988.48832763
    1131   7000.86449048
    1132   7013.25160238
    1133   7025.64966074
    1134   7038.05866816
    1135   7050.47862204
    1136   7062.90952498
    1137   7075.35137438
    1138   7087.80417285
    1139   7100.26791777
    1140   7112.74261177
    1141   7125.22825221
    1142   7137.72484175
    1143   7150.23237772
    1144   7162.75086279
    1145   7175.28029429
    1146   7187.82067489
    1147   7200.37200192
    1148   7212.93427807
    1149   7225.50750064
    1150   7238.09167233
    1151   7250.68679043
    1152   7263.29285767
    1153   7275.90987130
    1154   7288.53783409
    1155   7301.17674327
    1156   7313.82660161
    1157   7326.48740633
    1158   7339.15916022
    1159   7351.84186049
    1160   7364.53550993
    1161   7377.24010575
    1162   7389.95565076
    1163   7402.68214212
    1164   7415.41958269
    1165   7428.16796961
    1166   7440.92730574
    1167   7453.69758822
    1168   7466.47881991
    1169   7479.27099795
    1170   7492.07412522
    1171   7504.88819881
    1172   7517.71322165
    1173   7530.54919081
    1174   7543.39610922
    1175   7556.25397394
    1176   7569.12278793
    1177   7582.00254823
    1178   7594.89325779
    1179   7607.79491366
    1180   7620.70751881
    1181   7633.63107024
    1182   7646.56557098
    1183   7659.51101799
    1184   7672.46741431
    1185   7685.43475690
    1186   7698.41304881
    1187   7711.40228699
    1188   7724.40247449
    1189   7737.41360824
    1190   7750.43569134
    1191   7763.46872068
    1192   7776.51269937
    1193   7789.56762431
    1194   7802.63349860
    1195   7815.71031912
    1196   7828.79808901
    1197   7841.89680513
    1198   7855.00647063
    1199   7868.12708234
    1200   7881.25864345
    1201   7894.40115076
    1202   7907.55460747
    1203   7920.71901038
    1204   7933.89436271
    1205   7947.08066123
    1206   7960.27790917
    1207   7973.48610329
    1208   7986.70524686
    1209   7999.93533658
    1210   8013.17637577
    1211   8026.42836110
    1212   8039.69129591
    1213   8052.96517686
    1214   8066.25000729
    1215   8079.54578386
    1216   8092.85250992
    1217   8106.17018211
    1218   8119.49880380
    1219   8132.83837161
    1220   8146.18888893
    1221   8159.55035236
    1222   8172.92276532
    1223   8186.30612437
    1224   8199.70043297
    1225   8213.10568766
    1226   8226.52189189
    1227   8239.94904221
    1228   8253.38714209
    1229   8266.83618804
    1230   8280.29618357
    1231   8293.76712515
    1232   8307.24901633
    1233   8320.74185355
    1234   8334.24564038
    1235   8347.76037325
    1236   8361.28605573
    1237   8374.82268423
    1238   8388.37026237
    1239   8401.92878652
    1240   8415.49826032
    1241   8429.07868012
    1242   8442.67004958
    1243   8456.27236503
    1244   8469.88563015
    1245   8483.50984126
    1246   8497.14500205
    1247   8510.79110881
    1248   8524.44816526
    1249   8538.11616769
    1250   8551.79511981
    1251   8565.48501789
    1252   8579.18586570
    1253   8592.89765944
    1254   8606.62040292
    1255   8620.35409233
    1256   8634.09873149
    1257   8647.85431657
    1258   8661.62085140
    1259   8675.39833215
    1260   8689.18676268
    1261   8702.98613910
    1262   8716.79646531
    1263   8730.61773741
    1264   8744.44995931
    1265   8758.29312708
    1266   8772.14724467
    1267   8786.01230813
    1268   8799.88832142
    1269   8813.77528056
    1270   8827.67318954
    1271   8841.58204436
    1272   8855.50184904
    1273   8869.43259956
    1274   8883.37429994
    1275   8897.32694614
    1276   8911.29054223
    1277   8925.26508413
    1278   8939.25057592
    1279   8953.24701351
    1280   8967.25440102
    1281   8981.27273431
    1282   8995.30201752
    1283   9009.34224651
    1284   9023.39342544
    1285   9037.45555013
    1286   9051.52862478
    1287   9065.61264517
    1288   9079.70761554
    1289   9093.81353164
    1290   9107.93039773
    1291   9122.05820954
    1292   9136.19697136
    1293   9150.34667888
    1294   9164.50733642
    1295   9178.67893966
    1296   9192.86149293
    1297   9207.05499189
    1298   9221.25944088
    1299   9235.47483556
    1300   9249.70118029
    1301   9263.93847069
    1302   9278.18671116
    1303   9292.44589728
    1304   9306.71603349
    1305   9320.99711534
    1306   9335.28914729
    1307   9349.59212487
    1308   9363.90605256
    1309   9378.23092587
    1310   9392.56674931
    1311   9406.91351835
    1312   9421.27123754
    1313   9435.63990232
    1314   9450.01951726
    1315   9464.41007778
    1316   9478.81158847
    1317   9493.22404473
    1318   9507.64745117
    1319   9522.08180318
    1320   9536.52710538
    1321   9550.98335313
    1322   9565.45055109
    1323   9579.92869459
    1324   9594.41778832
    1325   9608.91782756
    1326   9623.42881705
    1327   9637.95075205
    1328   9652.48363731
    1329   9667.02746807
    1330   9681.58224909
    1331   9696.14797561
    1332   9710.72465240
    1333   9725.31227468
    1334   9739.91084725
    1335   9754.52036528
    1336   9769.14083363
    1337   9783.77224743
    1338   9798.41461156
    1339   9813.06792112
    1340   9827.73218103
    1341   9842.40738636
    1342   9857.09354205
    1343   9871.79064316
    1344   9886.49869464
    1345   9901.21769151
    1346   9915.94763878
    1347   9930.68853143
    1348   9945.44037448
    1349   9960.20316292
    1350   9974.97690176
    1351   9989.76158597
    1352  10004.55722061
    1353  10019.36380061
    1354  10034.18133104
    1355  10049.00980682
    1356  10063.84923305
    1357  10078.69960462
    1358  10093.56092665
    1359  10108.43319401
    1360  10123.31641184
    1361  10138.21057499
    1362  10153.11568863
    1363  10168.03174757
    1364  10182.95875702
    1365  10197.89671176
    1366  10212.84561701
    1367  10227.80546755
    1368  10242.77626861
    1369  10257.75801495
    1370  10272.75071182
    1371  10287.75435396
    1372  10302.76894666
    1373  10317.79448460
    1374  10332.83097311
    1375  10347.87840686
    1376  10362.93679118
    1377  10378.00612075
    1378  10393.08640089
    1379  10408.17762627
    1380  10423.27980223
    1381  10438.39292342
    1382  10453.51699521
    1383  10468.65201221
    1384  10483.79797983
    1385  10498.95489265
    1386  10514.12275610
    1387  10529.30156474
    1388  10544.49132401
    1389  10559.69202848
    1390  10574.90368358
    1391  10590.12628387
    1392  10605.35983481
    1393  10620.60433092
    1394  10635.85977769
    1395  10651.12616964
    1396  10666.40351225
    1397  10681.69180003
    1398  10696.99103847
    1399  10712.30122208
    1400  10727.62235636
    1401  10742.95443581
    1402  10758.29746593
    1403  10773.65144122
    1404  10789.01636718
    1405  10804.39223831
    1406  10819.77906012
    1407  10835.17682709
    1408  10850.58554474
    1409  10866.00520756
    1410  10881.43582105
    1411  10896.87737972
    1412  10912.32988906
    1413  10927.79334357
    1414  10943.26774877
    1415  10958.75309913
    1416  10974.24940018
    1417  10989.75664639
    1418  11005.27484329
    1419  11020.80398536
    1420  11036.34407811
    1421  11051.89511604
    1422  11067.45710464
    1423  11083.03003843
    1424  11098.61392289
    1425  11114.20875254
    1426  11129.81453285
    1427  11145.43125837
    1428  11161.05893454
    1429  11176.69755592
    1430  11192.34712795
    1431  11208.00764521
    1432  11223.67911309
    1433  11239.36152622
    1434  11255.05488996
    1435  11270.75919896
    1436  11286.47445856
    1437  11302.20066344
    1438  11317.93781890
    1439  11333.68591966
    1440  11349.44497098
    1441  11365.21496762
    1442  11380.99591480
    1443  11396.78780732
    1444  11412.59065037
    1445  11428.40443878
    1446  11444.22917769
    1447  11460.06486198
    1448  11475.91149675
    1449  11491.76907694
    1450  11507.63760757
    1451  11523.51708365
    1452  11539.40751015
    1453  11555.30888212
    1454  11571.22120448
    1455  11587.14447235
    1456  11603.07869058
    1457  11619.02385435
    1458  11634.97996843
    1459  11650.94702811
    1460  11666.92503806
    1461  11682.91399364
    1462  11698.91389945
    1463  11714.92475094
    1464  11730.94655261
    1465  11746.97930001
    1466  11763.02299755
    1467  11779.07764086
    1468  11795.14323426
    1469  11811.21977349
    1470  11827.30726274
    1471  11843.40569789
    1472  11859.51508301
    1473  11875.63541408
    1474  11891.76669505
    1475  11907.90892205
    1476  11924.06209888
    1477  11940.22622181
    1478  11956.40129449
    1479  11972.58731335
    1480  11988.78428189
    1481  12004.99219668
    1482  12021.21106107
    1483  12037.44087180
    1484  12053.68163205
    1485  12069.93333872
    1486  12086.19599481
    1487  12102.46959743
    1488  12118.75414936
    1489  12135.04964793
    1490  12151.35609571
    1491  12167.67349023
    1492  12184.00183385
    1493  12200.34112433
    1494  12216.69136379
    1495  12233.05255022
    1496  12249.42468552
    1497  12265.80776792
    1498  12282.20179905
    1499  12298.60677742
    1500  12315.02270438
    1501  12331.44957872
    1502  12347.88740151
    1503  12364.33617182
    1504  12380.79589044
    1505  12397.26655673
    1506  12413.74817116
    1507  12430.24073344
    1508  12446.74424369
    1509  12463.25870196
    1510  12479.78410802
    1511  12496.32046228
    1512  12512.86776415
    1513  12529.42601441
    1514  12545.99521208
    1515  12562.57535835
    1516  12579.16645182
    1517  12595.76849409
    1518  12612.38148335
    1519  12629.00542164
    1520  12645.64030669
    1521  12662.28614100
    1522  12678.94292183
    1523  12695.61065216
    1524  12712.28932877
    1525  12728.97895514
    1526  12745.67952751
    1527  12762.39104992
    1528  12779.11351805
    1529  12795.84693650
    1530  12812.59130039
    1531  12829.34661490
    1532  12846.11287453
    1533  12862.89008510
    1534  12879.67824046
    1535  12896.47734710
    1536  12913.28739820
    1537  12930.10840091
    1538  12946.94034772
    1539  12963.78324652
    1540  12980.63708905
    1541  12997.50188393
    1542  13014.37762216
    1543  13031.26431315
    1544  13048.16194707
    1545  13065.07053417
    1546  13081.99006376
    1547  13098.92054698
    1548  13115.86197225
    1549  13132.81435160
    1550  13149.77767251
    1551  13166.75194801
    1552  13183.73716457
    1553  13200.73333621
    1554  13217.74044840
    1555  13234.75851621
    1556  13251.78752401
    1557  13268.82748800
    1558  13285.87839140
    1559  13302.94025157
    1560  13320.01305057
    1561  13337.09680694
    1562  13354.19150149
    1563  13371.29715408
    1564  13388.41374420
    1565  13405.54129301
    1566  13422.67977866
    1567  13439.82922372
    1568  13456.98960489
    1569  13474.16094621
    1570  13491.34322287
    1571  13508.53646047
    1572  13525.74063261
    1573  13542.95576650
    1574  13560.18183409
    1575  13577.41886429
    1576  13594.66682733
    1577  13611.92575386
    1578  13629.19561230
    1579  13646.47643518
    1580  13663.76818902
    1581  13681.07090826
    1582  13698.38455745
    1583  13715.70917309
    1584  13733.04471763
    1585  13750.39122968
    1586  13767.74866952
    1587  13785.11707800
    1588  13802.49641314
    1589  13819.88671807
    1590  13837.28794845
    1591  13854.70014988
    1592  13872.12327549
    1593  13889.55737342
    1594  13907.00239421
    1595  13924.45838869
    1596  13941.92530464
    1597  13959.40319568
    1598  13976.89200674
    1599  13994.39179439
    1600  14011.90250054
    1601  14029.42418481
    1602  14046.95678599
    1603  14064.50036694
    1604  14082.05486313
    1605  14099.62034077
    1606  14117.19673191
    1607  14134.78410629
    1608  14152.38239236
    1609  14169.99166351
    1610  14187.61184443
    1611  14205.24301241
    1612  14222.88508817
    1613  14240.53815299
    1614  14258.20212350
    1615  14275.87708523
    1616  14293.56295048
    1617  14311.25980915
    1618  14328.96756904
    1619  14346.68632472
    1620  14364.41597923
    1621  14382.15663194
    1622  14399.90818098
    1623  14417.67073080
    1624  14435.44417434
    1625  14453.22862130
    1626  14471.02395924
    1627  14488.83030343
    1628  14506.64753573
    1629  14524.47577718
    1630  14542.31490374
    1631  14560.16504254
    1632  14578.02606331
    1633  14595.89809951
    1634  14613.78101438
    1635  14631.67494807
    1636  14649.57975700
    1637  14667.49558822
    1638  14685.42229108
    1639  14703.36001994
    1640  14721.30861669
    1641  14739.26824324
    1642  14757.23873374
    1643  14775.22025809
    1644  14793.21264229
    1645  14811.21606450
    1646  14829.23034224
    1647  14847.25566244
    1648  14865.29183367
    1649  14883.33905191
    1650  14901.39711647
    1651  14919.46623291
    1652  14937.54619073
    1653  14955.63720541
    1654  14973.73905632
    1655  14991.85196942
    1656  15009.97571334
    1657  15028.11052491
    1658  15046.25616166
    1659  15064.41287187
    1660  15082.58040137
    1661  15100.75901031
    1662  15118.94843235
    1663  15137.14894019
    1664  15155.36025468
    1665  15173.58266152
    1666  15191.81586824
    1667  15210.06017428
    1668  15228.31527313
    1669  15246.58147846
    1670  15264.85846920
    1671  15283.14657404
    1672  15301.44545656
    1673  15319.75546102
    1674  15338.07623505
    1675  15356.40813937
    1676  15374.75080480
    1677  15393.10460909
    1678  15411.46916563
    1679  15429.84487017
    1680  15448.23131768
    1681  15466.62892258
    1682  15485.03726076
    1683  15503.45676632
    1684  15521.88699501
    1685  15540.32840137
    1686  15558.78052024
    1687  15577.24382771
    1688  15595.71783660
    1689  15614.20304534
    1690  15632.69894388
    1691  15651.20605424
    1692  15669.72384224
    1693  15688.25285439
    1694  15706.79253147
    1695  15725.34344577
    1696  15743.90501172
    1697  15762.47782838
    1698  15781.06128277
    1699  15799.65600219
    1700  15818.26134479
    1701  15836.87796720
    1702  15855.50519754
    1703  15874.14372338
    1704  15892.79284122
    1705  15911.45327071
    1706  15930.12427555
    1707  15948.80660919
    1708  15967.49950074
    1709  15986.20373879
    1710  16004.91851650
    1711  16023.64465950
    1712  16042.38132307
    1713  16061.12937130
    1714  16079.88792013
    1715  16098.65787418
    1716  16117.43830792
    1717  16136.23016811
    1718  16155.03248612
    1719  16173.84625308
    1720  16192.67045498
    1721  16211.50612907
    1722  16230.35221416
    1723  16249.20979606
    1724  16268.07776393
    1725  16286.95725404
    1726  16305.84710391
    1727  16324.74850299
    1728  16343.66023440
    1729  16362.58354289
    1730  16381.51715500
    1731  16400.46237372
    1732  16419.41786604
    1733  16438.38499547
    1734  16457.36236706
    1735  16476.35140811
    1736  16495.35065843
    1737  16514.36161162
    1738  16533.38273968
    1739  16552.41560600
    1740  16571.45861117
    1741  16590.51339121
    1742  16609.57827241
    1743  16628.65496725
    1744  16647.74172381
    1745  16666.84033409
    1746  16685.94896481
    1747  16705.06949172
    1748  16724.19999587
    1749  16743.34244012
    1750  16762.49481639
    1751  16781.65917927
    1752  16800.83342684
    1753  16820.01970915
    1754  16839.21582661
    1755  16858.42402975
    1756  16877.64201620
    1757  16896.87214104
    1758  16916.11199493
    1759  16935.36404302
    1760  16954.62576336
    1761  16973.89973566
    1762  16993.18332076
    1763  17012.47921896
    1764  17031.78466771
    1765  17051.10249288
    1766  17070.42980345
    1767  17089.76955743
    1768  17109.11872861
    1769  17128.48041257
    1770  17147.85144234
    1771  17167.23505831
    1772  17186.62794534
    1773  17206.03349462
    1774  17225.44823670
    1775  17244.87572150
    1776  17264.31231717
    1777  17283.76173892
    1778  17303.22018577
    1779  17322.69154689
    1780  17342.17184331
    1781  17361.66514537
    1782  17381.16728872
    1783  17400.68253439
    1784  17420.20652289
    1785  17439.74371391
    1786  17459.28954466
    1787  17478.84868394
    1788  17498.41635500
    1789  17517.99744446
    1790  17537.58695266
    1791  17557.18999548
    1792  17576.80133866
    1793  17596.42633697
    1794  17616.05951168
    1795  17635.70646897
    1796  17655.36147283
    1797  17675.03039144
    1798  17694.70722066
    1799  17714.39810441
    1800  17734.09675637
    1801  17753.80960786
    1802  17773.53007840
    1803  17793.26490183
    1804  17813.00718806
    1805  17832.76398628
    1806  17852.52808366
    1807  17872.30686126
    1808  17892.09276661
    1809  17911.89352675
    1810  17931.70123508
    1811  17951.52398280
    1812  17971.35349061
    1813  17991.19822940
    1814  18011.04953120
    1815  18030.91626659
    1816  18050.78935854
    1817  18070.67809438
    1818  18090.57297045
    1819  18110.48371281
    1820  18130.40036876
    1821  18150.33312189
    1822  18170.27155112
    1823  18190.22632169
    1824  18210.18651952
    1825  18230.16331221
    1826  18250.14527139
    1827  18270.14409353
    1828  18290.14780891
    1829  18310.16866567
    1830  18330.19412927
    1831  18350.23702871
    1832  18370.28423486
    1833  18390.34918268
    1834  18410.41812262
    1835  18430.50512769
    1836  18450.59579514
    1837  18470.70486375
    1838  18490.81724910
    1839  18510.94839100
    1840  18531.08248734
    1841  18551.23570946
    1842  18571.39150621
    1843  18591.56681929
    1844  18611.74430881
    1845  18631.94172053
    1846  18652.14089119
    1847  18672.36041334
    1848  18692.58125672
    1849  18712.82289779
    1850  18733.06540107
    1851  18753.32917405
    1852  18773.59332796
    1853  18793.87924221
    1854  18814.16503263
    1855  18834.47310247
    1856  18854.78051915
    1857  18875.11075493
    1858  18895.43978233
    1859  18915.79219983
    1860  18936.14282661
    1861  18956.51743726
    1862  18976.88964633
    1863  18997.28646753
    1864  19017.68024635
    1865  19038.09929073
    1866  19058.51462043
    1867  19078.95590720
    1868  19099.39277396
    1869  19119.85631708
    1870  19140.31470007
    1871  19160.80052073
    1872  19181.28040468
    1873  19201.78851832
    1874  19222.28988023
    1875  19242.82031027
    1876  19263.34313324
    1877  19283.89589676
    1878  19304.44015541
    1879  19325.01527827
    1880  19345.58095392
    1881  19366.17845502
    1882  19386.76551961
    1883  19407.38542755
    1884  19427.99386042
    1885  19448.63619612
    1886  19469.26596622
    1887  19489.93076134
    1888  19510.58184580
    1889  19531.26912349
    1890  19551.94148797
    1891  19572.65128328
    1892  19593.34490246
    1893  19614.07724104
    1894  19634.79207688
    1895  19655.54699755
    1896  19676.28302202
    1897  19697.06055322
    1898  19717.81772414
    1899  19738.61790891
    1900  19759.39619523
    1901  19780.21906509
    1902  19801.01842003
    1903  19821.86402275
    1904  19842.68441189
    1905  19863.55278243
    1906  19884.39415381
    1907  19905.28534523
    1908  19926.14766069
    1909  19947.06171178
    1910  19967.94491359
    1911  19988.88188334
    1912  20009.78592913
    1913  20030.74586061
    1914  20051.67068618
    1915  20072.65364502
    1916  20093.59920334
    1917  20114.60523739
    1918  20135.57145696
    1919  20156.60063934
    1920  20177.58746789
    1921  20198.63985178
    1922  20219.64720963
    1923  20240.72287658
    1924  20261.75070561
    1925  20282.84971477
    1926  20303.89792606
    1927  20325.02036847
    1928  20346.08889736
    1929  20367.23483888
    1930  20388.32358599
    1931  20409.49312840
    1932  20430.60202173
    1933  20451.79523840
    1934  20472.92416677
    1935  20494.14117161
    1936  20515.29005479
    1937  20536.53092961
    1938  20557.69964300
    1939  20578.96451552
    1940  20600.15296966
    1941  20621.44193115
    1942  20642.64998617
    1943  20663.96318006
    1944  20685.19073611
    1945  20706.52826433
    1946  20727.77516418
    1947  20749.13718805
    1948  20770.40332010
    1949  20791.78995358
    1950  20813.07514078
    1951  20834.48656565
    1952  20855.79068317
    1953  20877.22702696
    1954  20898.54987500
    1955  20920.01134293
    1956  20941.35278176
    1957  20962.83951670
    1958  20984.19932038
    1959  21005.71155450
    1960  21027.08956646
    1961  21048.62745994
    1962  21070.02342411
    1963  21091.58724025
    1964  21113.00098100
    1965  21134.59089957
    1966  21156.02212603
    1967  21177.63844626
    1968  21199.08696127
    1969  21220.72988511
    1970  21242.19535743
    1971  21263.86522583
    1972  21285.34743396
    1973  21307.04447392
    1974  21328.54303967
    1975  21350.26764071
    1976  21371.78231516
    1977  21393.53473249
    1978  21415.06508263
    1979  21436.84576248
    1980  21458.39150862
    1981  21480.20073792
    1982  21501.76138286
    1983  21523.59967422
    1984  21545.17490393
    1985  21567.04257965
    1986  21588.63182156
    1987  21610.52947226
    1988  21632.13237437
    1989  21654.06036139
    1990  21675.67626233
    1991  21697.63526818
    1992  21719.26377468
    1993  21741.25420312
    1994  21762.89454876
    1995  21784.91719100
    1996  21806.56893866
    1997  21828.62424339
    1998  21850.28650192
    1999  21872.37538941
    2000  21894.04767686
    2001  21916.17064160
    2002  21937.85191772
    2003  21960.01003423
    2004  21981.69977409
    2005  22003.89358058
    2006  22025.59056401
    2007  22047.82132127
    2008  22069.52498684
    2009  22091.79326989
    2010  22113.50217696
    2011  22135.80947532
    2012  22157.52303976
    2013  22179.86995100
    2014  22201.58645504
    2015  22223.97475733
    2016  22245.69361924
    2017  22268.12390741
    2018  22289.84304705
    2019  22312.31747928
    2020  22334.03635974
    2021  22356.55548648
    2022  22378.27152582
    2023  22400.83803694
    2024  22422.55081346
    2025  22445.16514796
    2026  22466.87132940
    2027  22489.53698305
    2028  22511.23638433
    2029  22533.95357268
    2030  22555.64162756
    2031  22578.41519333
    2032  22600.09218876
    2033  22622.92191234
    2034  22644.58100634
    2035  22667.47426014
    2036  22689.11677969
    2037  22712.07239742
    2038  22733.68664067
    2039  22756.71751266
    2040  22778.30777277
    2041  22801.40995243
    2042  22822.95157693
    2043  22846.15297830
    2044  22867.66482008
    2045  22890.94531003
    2046  22912.35004996
    2047  22935.78718675
    2048  22957.53281787
 ---------------------------------------
 
SCF converged! Final Ground-State Energy (Eh):             -42.1135601460612889
