 
     Two-Electron DVR    
 ------------------------
 x0     =      15.00000000
 m      =       1.00000000
 Z      =       4.00000000
 n      =             1024
 dx     =       0.02932551
 
Soft-Coulomb Parameters:
 alpha  =       1.00000000
 beta   =       1.00000000
 
 
                       Hartree-Fock                      
 --------------------------------------------------------
 no. of orbitals        =             1024
 no. of electrons       =                2
 scf_damping_switch     =        F
 scf_diis_switch        =        F
 damping_factor         =   0.00000000
 e_tolerance            = 0.0000000000100000
 maximum scf-iterations =              200
 
 
                       SCF iterations                      
 ----------------------------------------------------------
    S.No    Energy (hartree)        dE (hartree)
 ----------------------------------------------------------
       0     -6.418296506144
       1     -5.602862966566      0.815433539579
       2     -5.609170640080      0.006307673515
       3     -5.609440195144      0.000269555064
       4     -5.609451694709      0.000011499565
       5     -5.609452187095      0.000000492386
       6     -5.609452208236      0.000000021142
       7     -5.609452209146      0.000000000910
       8     -5.609452209184      0.000000000039
       9     -5.609452209186      0.000000000002
 ----------------------------------------------------------
  
 
 
 ---------------------------------------
     Molecular Orbital Energies (Eh)    
 ---------------------------------------
       1     -2.40384233
       2     -0.82800623
       3     -0.46436687
       4     -0.30809392
       5     -0.21480859
       6     -0.15400945
       7     -0.09563028
       8     -0.02862305
       9      0.05349533
      10      0.14742595
      11      0.25535293
      12      0.37443880
      13      0.50641024
      14      0.64945131
      15      0.80459495
      16      0.97088077
      17      1.14873463
      18      1.33780443
      19      1.53810260
      20      1.74964905
      21      1.97222609
      22      2.20604436
      23      2.45079004
      24      2.70674482
      25      2.97358175
      26      3.25158442
      27      3.54045633
      28      3.84044910
      29      4.15131434
      30      4.47325945
      31      4.80608683
      32      5.14995937
      33      5.50472548
      34      5.87050876
      35      6.24719598
      36      6.63487856
      37      7.03347360
      38      7.44304739
      39      7.86354018
      40      8.29499930
      41      8.73738219
      42      9.19072220
      43      9.65498933
      44     10.13020680
      45     10.61635361
      46     11.11344581
      47     11.62146875
      48     12.14043344
      49     12.67032971
      50     13.21116502
      51     13.76293236
      52     14.32563674
      53     14.89927331
      54     15.48384542
      55     16.07934970
      56     16.68578839
      57     17.30315914
      58     17.93146341
      59     18.57069956
      60     19.22086853
      61     19.88196917
      62     20.55400209
      63     21.23696645
      64     21.93086264
      65     22.63569005
      66     23.35144891
      67     24.07813877
      68     24.81575978
      69     25.56431159
      70     26.32379428
      71     27.09420758
      72     27.87555154
      73     28.66782593
      74     29.47103078
      75     30.28516590
      76     31.11023131
      77     31.94622684
      78     32.79315252
      79     33.65100818
      80     34.51979386
      81     35.39950940
      82     36.29015483
      83     37.19173003
      84     38.10423500
      85     39.02766964
      86     39.96203397
      87     40.90732787
      88     41.86355138
      89     42.83070437
      90     43.80878690
      91     44.79779884
      92     45.79774024
      93     46.80861099
      94     47.83041113
      95     48.86314057
      96     49.90679935
      97     50.96138737
      98     52.02690467
      99     53.10335116
     100     54.19072689
     101     55.28903176
     102     56.39826584
     103     57.51842901
     104     58.64952135
     105     59.79154274
     106     60.94449327
     107     62.10837282
     108     63.28318148
     109     64.46891912
     110     65.66558583
     111     66.87318151
     112     68.09170624
     113     69.32115989
     114     70.56154258
     115     71.81285417
     116     73.07509477
     117     74.34826425
     118     75.63236271
     119     76.92739004
     120     78.23334634
     121     79.55023148
     122     80.87804558
     123     82.21678850
     124     83.56646036
     125     84.92706103
     126     86.29859062
     127     87.68104901
     128     89.07443631
     129     90.47875239
     130     91.89399737
     131     93.32017112
     132     94.75727376
     133     96.20530516
     134     97.66426544
     135     99.13415445
     136    100.61497235
     137    102.10671898
     138    103.60939448
     139    105.12299869
     140    106.64753178
     141    108.18299357
     142    109.72938422
     143    111.28670357
     144    112.85495178
     145    114.43412867
     146    116.02423442
     147    117.62526885
     148    119.23723213
     149    120.86012408
     150    122.49394488
     151    124.13869434
     152    125.79437265
     153    127.46097961
     154    129.13851542
     155    130.82697988
     156    132.52637319
     157    134.23669513
     158    135.95794592
     159    137.69012534
     160    139.43323361
     161    141.18727050
     162    142.95223624
     163    144.72813060
     164    146.51495381
     165    148.31270563
     166    150.12138629
     167    151.94099557
     168    153.77153369
     169    155.61300042
     170    157.46539599
     171    159.32872017
     172    161.20297319
     173    163.08815481
     174    164.98426528
     175    166.89130434
     176    168.80927225
     177    170.73816875
     178    172.67799410
     179    174.62874803
     180    176.59043082
     181    178.56304218
     182    180.54658241
     183    182.54105120
     184    184.54644886
     185    186.56277509
     186    188.59003018
     187    190.62821384
     188    192.67732636
     189    194.73736744
     190    196.80833740
     191    198.89023591
     192    200.98306329
     193    203.08681923
     194    205.20150405
     195    207.32711741
     196    209.46365966
     197    211.61113045
     198    213.76953013
     199    215.93885835
     200    218.11911545
     201    220.31030110
     202    222.51241564
     203    224.72545871
     204    226.94943069
     205    229.18433119
     206    231.43016059
     207    233.68691853
     208    235.95460537
     209    238.23322073
     210    240.52276500
     211    242.82323780
     212    245.13463951
     213    247.45696974
     214    249.79022889
     215    252.13441655
     216    254.48953314
     217    256.85557825
     218    259.23255228
     219    261.62045482
     220    264.01928629
     221    266.42904627
     222    268.84973520
     223    271.28135262
     224    273.72389899
     225    276.17737386
     226    278.64177768
     227    281.11710999
     228    283.60337127
     229    286.10056103
     230    288.60867976
     231    291.12772698
     232    293.65770316
     233    296.19860784
     234    298.75044148
     235    301.31320361
     236    303.88689472
     237    306.47151431
     238    309.06706289
     239    311.67353994
     240    314.29094599
     241    316.91928051
     242    319.55854402
     243    322.20873601
     244    324.86985701
     245    327.54190647
     246    330.22488494
     247    332.91879188
     248    335.62362783
     249    338.33939225
     250    341.06608569
     251    343.80370759
     252    346.55225852
     253    349.31173790
     254    352.08214633
     255    354.86348320
     256    357.65574912
     257    360.45894349
     258    363.27306691
     259    366.09811877
     260    368.93409969
     261    371.78100906
     262    374.63884749
     263    377.50761436
     264    380.38731030
     265    383.27793468
     266    386.17948814
     267    389.09197002
     268    392.01538100
     269    394.94972041
     270    397.89498891
     271    400.85118584
     272    403.81831187
     273    406.79636632
     274    409.78534988
     275    412.78526186
     276    415.79610296
     277    418.81787247
     278    421.85057111
     279    424.89419816
     280    427.94875435
     281    431.01423894
     282    434.09065268
     283    437.17799482
     284    440.27626611
     285    443.38546580
     286    446.50559465
     287    449.63665189
     288    452.77863831
     289    455.93155311
     290    459.09539710
     291    462.27016946
     292    465.45587102
     293    468.65250096
     294    471.86006010
     295    475.07854761
     296    478.30796433
     297    481.54830942
     298    484.79958372
     299    488.06178640
     300    491.33491830
     301    494.61897856
     302    497.91396806
     303    501.21988592
     304    504.53673302
     305    507.86450848
     306    511.20321319
     307    514.55284625
     308    517.91340857
     309    521.28489924
     310    524.66731919
     311    528.06066747
     312    531.46494504
     313    534.88015094
     314    538.30628614
     315    541.74334967
     316    545.19134250
     317    548.65026366
     318    552.12011413
     319    555.60089293
     320    559.09260104
     321    562.59523748
     322    566.10880325
     323    569.63329733
     324    573.16872076
     325    576.71507249
     326    580.27235358
     327    583.84056298
     328    587.41970173
     329    591.00976879
     330    594.61076522
     331    598.22268995
     332    601.84554406
     333    605.47932646
     334    609.12403826
     335    612.77967834
     336    616.44624783
     337    620.12374559
     338    623.81217278
     339    627.51152824
     340    631.22181313
     341    634.94302629
     342    638.67516889
     343    642.41823975
     344    646.17224006
     345    649.93716863
     346    653.71302667
     347    657.49981296
     348    661.29752872
     349    665.10617273
     350    668.92574623
     351    672.75624797
     352    676.59767921
     353    680.45003868
     354    684.31332767
     355    688.18754488
     356    692.07269162
     357    695.96876658
     358    699.87577108
     359    703.79370379
     360    707.72256606
     361    711.66235653
     362    715.61307657
     363    719.57472480
     364    723.54730262
     365    727.53080863
     366    731.52524423
     367    735.53060802
     368    739.54690141
     369    743.57412299
     370    747.61227418
     371    751.66135355
     372    755.72136254
     373    759.79229971
     374    763.87416652
     375    767.96696149
     376    772.07068611
     377    776.18533890
     378    780.31092135
     379    784.44743195
     380    788.59487223
     381    792.75324066
     382    796.92253879
     383    801.10276504
     384    805.29392101
     385    809.49600511
     386    813.70901894
     387    817.93296088
     388    822.16783256
     389    826.41363236
     390    830.67036191
     391    834.93801957
     392    839.21660699
     393    843.50612251
     394    847.80656782
     395    852.11794122
     396    856.44024441
     397    860.77347569
     398    865.11763678
     399    869.47272595
     400    873.83874495
     401    878.21569201
     402    882.60356891
     403    887.00237388
     404    891.41210870
     405    895.83277157
     406    900.26436432
     407    904.70688511
     408    909.16033580
     409    913.62471451
     410    918.10002313
     411    922.58625978
     412    927.08342635
     413    931.59152094
     414    936.11054546
     415    940.64049799
     416    945.18138048
     417    949.73319097
     418    954.29593143
     419    958.86959988
     420    963.45419832
     421    968.04972473
     422    972.65618116
     423    977.27356555
     424    981.90187997
     425    986.54112235
     426    991.19129477
     427    995.85239514
     428   1000.52442557
     429   1005.20738394
     430   1009.90127239
     431   1014.60608877
     432   1019.32183524
     433   1024.04850964
     434   1028.78611414
     435   1033.53464656
     436   1038.29410911
     437   1043.06449956
     438   1047.84582016
     439   1052.63806865
     440   1057.44124730
     441   1062.25535384
     442   1067.08039056
     443   1071.91635515
     444   1076.76324995
     445   1081.62107260
     446   1086.48982548
     447   1091.36950620
     448   1096.26011717
     449   1101.16165598
     450   1106.07412504
     451   1110.99752194
     452   1115.93184911
     453   1120.87710410
     454   1125.83328939
     455   1130.80040248
     456   1135.77844590
     457   1140.76741710
     458   1145.76731865
     459   1150.77814797
     460   1155.79990766
     461   1160.83259511
     462   1165.87621295
     463   1170.93075854
     464   1175.99623454
     465   1181.07263828
     466   1186.15997244
     467   1191.25823433
     468   1196.36742667
     469   1201.48754672
     470   1206.61859725
     471   1211.76057547
     472   1216.91348419
     473   1222.07732059
     474   1227.25208751
     475   1232.43778210
     476   1237.63440723
     477   1242.84196002
     478   1248.06044336
     479   1253.28985436
     480   1258.53019594
     481   1263.78146514
     482   1269.04366496
     483   1274.31679239
     484   1279.60085045
     485   1284.89583611
     486   1290.20175243
     487   1295.51859633
     488   1300.84637091
     489   1306.18507306
     490   1311.53470591
     491   1316.89526632
     492   1322.26675746
     493   1327.64917614
     494   1333.04252557
     495   1338.44680252
     496   1343.86201025
     497   1349.28814548
     498   1354.72521152
     499   1360.17320505
     500   1365.63212941
     501   1371.10198125
     502   1376.58276393
     503   1382.07447408
     504   1387.57711510
     505   1393.09068357
     506   1398.61518294
     507   1404.15060974
     508   1409.69696747
     509   1415.25425261
     510   1420.82246870
     511   1426.40161219
     512   1431.99168666
     513   1437.59268850
     514   1443.20462136
     515   1448.82748156
     516   1454.46127282
     517   1460.10599140
     518   1465.76164106
     519   1471.42821803
     520   1477.10572610
     521   1482.79416146
     522   1488.49352795
     523   1494.20382172
     524   1499.92504665
     525   1505.65719883
     526   1511.40028220
     527   1517.15429280
     528   1522.91923463
     529   1528.69510366
     530   1534.48190395
     531   1540.27963143
     532   1546.08829018
     533   1551.90787611
     534   1557.73839335
     535   1563.57983774
     536   1569.43221347
     537   1575.29551633
     538   1581.16975056
     539   1587.05491190
     540   1592.95100465
     541   1598.85802447
     542   1604.77597574
     543   1610.70485407
     544   1616.64466386
     545   1622.59540070
     546   1628.55706904
     547   1634.52966439
     548   1640.51319128
     549   1646.50764516
     550   1652.51303061
     551   1658.52934303
     552   1664.55658705
     553   1670.59475802
     554   1676.64386062
     555   1682.70389015
     556   1688.77485134
     557   1694.85673943
     558   1700.94955923
     559   1707.05330589
     560   1713.16798431
     561   1719.29358956
     562   1725.43012659
     563   1731.57759044
     564   1737.73598610
     565   1743.90530855
     566   1750.08556286
     567   1756.27674393
     568   1762.47885689
     569   1768.69189658
     570   1774.91586820
     571   1781.15076653
     572   1787.39659683
     573   1793.65335380
     574   1799.92104278
     575   1806.19965841
     576   1812.48920608
     577   1818.78968037
     578   1825.10108676
     579   1831.42341972
     580   1837.75668481
     581   1844.10087646
     582   1850.45600028
     583   1856.82205063
     584   1863.19903318
     585   1869.58694223
     586   1875.98578353
     587   1882.39555129
     588   1888.81625135
     589   1895.24787783
     590   1901.69043666
     591   1908.14392188
     592   1914.60833948
     593   1921.08368344
     594   1927.56995983
     595   1934.06716255
     596   1940.57529774
     597   1947.09435921
     598   1953.62435321
     599   1960.16527346
     600   1966.71712628
     601   1973.27990531
     602   1979.85361696
     603   1986.43825478
     604   1993.03382527
     605   1999.64032190
     606   2006.25775124
     607   2012.88610668
     608   2019.52539488
     609   2026.17560914
     610   2032.83675621
     611   2039.50882930
     612   2046.19183526
     613   2052.88576719
     614   2059.59063204
     615   2066.30642283
     616   2073.03314658
     617   2079.77079623
     618   2086.51937889
     619   2093.27888741
     620   2100.04932900
     621   2106.83069640
     622   2113.62299692
     623   2120.42622321
     624   2127.24038268
     625   2134.06546787
     626   2140.90148630
     627   2147.74843040
     628   2154.60630779
     629   2161.47511081
     630   2168.35484718
     631   2175.24550913
     632   2182.14710448
     633   2189.05962537
     634   2195.98307972
     635   2202.91745956
     636   2209.86277292
     637   2216.81901171
     638   2223.78618409
     639   2230.76428185
     640   2237.75331326
     641   2244.75327000
     642   2251.76416044
     643   2258.78597617
     644   2265.81872566
     645   2272.86240038
     646   2279.91700893
     647   2286.98254266
     648   2294.05901028
     649   2301.14640302
     650   2308.24472973
     651   2315.35398149
     652   2322.47416728
     653   2329.60527807
     654   2336.74732297
     655   2343.90029280
     656   2351.06419681
     657   2358.23902569
     658   2365.42478882
     659   2372.62147676
     660   2379.82909902
     661   2387.04764603
     662   2394.27712743
     663   2401.51753352
     664   2408.76887406
     665   2416.03113924
     666   2423.30433895
     667   2430.58846322
     668   2437.88352209
     669   2445.18950547
     670   2452.50642352
     671   2459.83426601
     672   2467.17304325
     673   2474.52274486
     674   2481.88338130
     675   2489.25494203
     676   2496.63743769
     677   2504.03085755
     678   2511.43521243
     679   2518.85049144
     680   2526.27670554
     681   2533.71384370
     682   2541.16191704
     683   2548.62091437
     684   2556.09084695
     685   2563.57170344
     686   2571.06349528
     687   2578.56621095
     688   2586.07986206
     689   2593.60443691
     690   2601.13994728
     691   2608.68638133
     692   2616.24375099
     693   2623.81204423
     694   2631.39127318
     695   2638.98142562
     696   2646.58251388
     697   2654.19452553
     698   2661.81747309
     699   2669.45134397
     700   2677.09615085
     701   2684.75188095
     702   2692.41854715
     703   2700.09613649
     704   2707.78466203
     705   2715.48411060
     706   2723.19449548
     707   2730.91580329
     708   2738.64804752
     709   2746.39121459
     710   2754.14531818
     711   2761.91034450
     712   2769.68630746
     713   2777.47319304
     714   2785.27101537
     715   2793.07976022
     716   2800.89944193
     717   2808.73004605
     718   2816.57158715
     719   2824.42405055
     720   2832.28745105
     721   2840.16177373
     722   2848.04703363
     723   2855.94321559
     724   2863.85033490
     725   2871.76837616
     726   2879.69735488
     727   2887.63725544
     728   2895.58809358
     729   2903.54985343
     730   2911.52255101
     731   2919.50617016
     732   2927.50072717
     733   2935.50620563
     734   2943.52262208
     735   2951.54995985
     736   2959.58823575
     737   2967.63743282
     738   2975.69756817
     739   2983.76862456
     740   2991.85061937
     741   2999.94353507
     742   3008.04738934
     743   3016.16216436
     744   3024.28787809
     745   3032.42451243
     746   3040.57208564
     747   3048.73057929
     748   3056.90001198
     749   3065.08036495
     750   3073.27165711
     751   3081.47386940
     752   3089.68702105
     753   3097.91109266
     754   3106.14610379
     755   3114.39203472
     756   3122.64890534
     757   3130.91669559
     758   3139.19542570
     759   3147.48507527
     760   3155.78566487
     761   3164.09717375
     762   3172.41962285
     763   3180.75299104
     764   3189.09729964
     765   3197.45252714
     766   3205.81869524
     767   3214.19578204
     768   3222.58380964
     769   3230.98275574
     770   3239.39264284
     771   3247.81344824
     772   3256.24519484
     773   3264.68785953
     774   3273.14146563
     775   3281.60598961
     776   3290.08145521
     777   3298.56783847
     778   3307.06516357
     779   3315.57340610
     780   3324.09259069
     781   3332.62269249
     782   3341.16373657
     783   3349.71569763
     784   3358.27860121
     785   3366.85242151
     786   3375.43718458
     787   3384.03286412
     788   3392.63948667
     789   3401.25702544
     790   3409.88550747
     791   3418.52490546
     792   3427.17524697
     793   3435.83650416
     794   3444.50870513
     795   3453.19182152
     796   3461.88588196
     797   3470.59085752
     798   3479.30677742
     799   3488.03361215
     800   3496.77139150
     801   3505.52008537
     802   3514.27972417
     803   3523.05027717
     804   3531.83177540
     805   3540.62418752
     806   3549.42754517
     807   3558.24181638
     808   3567.06703345
     809   3575.90316374
     810   3584.75024021
     811   3593.60822956
     812   3602.47716542
     813   3611.35701379
     814   3620.24780903
     815   3629.14951642
     816   3638.06217103
     817   3646.98573740
     818   3655.92025135
     819   3664.86567669
     820   3673.82204998
     821   3682.78933424
     822   3691.76756685
     823   3700.75671002
     824   3709.75680193
     825   3718.76780398
     826   3727.78975517
     827   3736.82261605
     828   3745.86642652
     829   3754.92114621
     830   3763.98681591
     831   3773.06339438
     832   3782.15092331
     833   3791.24936050
     834   3800.35874863
     835   3809.47904453
     836   3818.61029184
     837   3827.75244639
     838   3836.90555284
     839   3846.06956601
     840   3855.24453159
     841   3864.43040333
     842   3873.62722801
     843   3882.83495827
     844   3892.05364201
     845   3901.28323074
     846   3910.52377352
     847   3919.77522068
     848   3929.03762246
     849   3938.31092798
     850   3947.59518874
     851   3956.89035257
     852   3966.19647226
     853   3975.51349435
     854   3984.84147293
     855   3994.18035321
     856   4003.53019065
     857   4012.89092905
     858   4022.26262531
     859   4031.64522177
     860   4041.03877680
     861   4050.44323125
     862   4059.85864501
     863   4069.28495737
     864   4078.72222981
     865   4088.17040000
     866   4097.62953107
     867   4107.09955902
     868   4116.58054867
     869   4126.07243429
     870   4135.57528246
     871   4145.08902566
     872   4154.61373230
     873   4164.14933298
     874   4173.69589804
     875   4183.25335609
     876   4192.82177950
     877   4202.40109484
     878   4211.99137654
     879   4221.59254905
     880   4231.20468897
     881   4240.82771853
     882   4250.46171660
     883   4260.10660311
     884   4269.76245925
     885   4279.42920257
     886   4289.10691672
     887   4298.79551672
     888   4308.49508879
     889   4318.20554534
     890   4327.92697525
     891   4337.65928819
     892   4347.40257586
     893   4357.15674505
     894   4366.92189039
     895   4376.69791566
     896   4386.48491857
     897   4396.28279977
     898   4406.09166015
     899   4415.91139708
     900   4425.74211484
     901   4435.58370733
     902   4445.43628235
     903   4455.29973021
     904   4465.17416239
     905   4475.05946540
     906   4484.95575462
     907   4494.86291257
     908   4504.78105871
     909   4514.71007137
     910   4524.65007431
     911   4534.60094144
     912   4544.56280104
     913   4554.53552239
     914   4564.51923852
     915   4574.51381381
     916   4584.51938634
     917   4594.53581529
     918   4604.56324406
     919   4614.60152637
     920   4624.65081124
     921   4634.71094659
     922   4644.78208739
     923   4654.86407545
     924   4664.95707202
     925   4675.06091242
     926   4685.17576459
     927   4695.30145696
     928   4705.43816455
     929   4715.58570848
     930   4725.74427131
     931   4735.91366637
     932   4746.09408426
     933   4756.28532999
     934   4766.48760272
     935   4776.70069865
     936   4786.92482602
     937   4797.15977161
     938   4807.40575342
     939   4817.66254813
     940   4827.93038415
     941   4838.20902737
     942   4848.49871738
     943   4858.79920848
     944   4869.11075225
     945   4879.43309053
     946   4889.76648782
     947   4900.11067257
     948   4910.46592314
     949   4920.83195353
     950   4931.20905712
     951   4941.59693233
     952   4951.99588870
     953   4962.40560777
     954   4972.82641663
     955   4983.25797861
     956   4993.70063974
     957   5004.15404348
     958   5014.61855655
     959   5025.09380095
     960   5035.58016577
     961   5046.07724947
     962   5056.58546565
     963   5067.10438738
     964   5077.63445477
     965   5088.17521287
     966   5098.72713100
     967   5109.28972407
     968   5119.86349281
     969   5130.44791884
     970   5141.04353752
     971   5151.64979504
     972   5162.26726359
     973   5172.89535015
     974   5183.53466743
     975   5194.18458178
     976   5204.84574765
     977   5215.51748693
     978   5226.20049920
     979   5236.89406302
     980   5247.59892111
     981   5258.31430656
     982   5269.04100577
     983   5279.77821500
     984   5290.52675320
     985   5301.28578443
     986   5312.05615098
     987   5322.83701309
     988   5333.62920112
     989   5344.43189717
     990   5355.24588177
     991   5366.07043761
     992   5376.90619863
     993   5387.75263240
     994   5398.61011032
     995   5409.47849020
     996   5420.35762901
     997   5431.24801576
     998   5442.14867133
     999   5453.06123793
    1000   5463.98326011
    1001   5474.91818171
    1002   5485.86121855
    1003   5496.81892632
    1004   5507.78258819
    1005   5518.76354956
    1006   5529.74698020
    1007   5540.75224903
    1008   5551.75448506
    1009   5562.78521846
    1010   5573.80423140
    1011   5584.86290426
    1012   5595.89652256
    1013   5606.98568626
    1014   5618.02934253
    1015   5629.15450465
    1016   5640.20398988
    1017   5651.36998722
    1018   5662.41468677
    1019   5673.63498259
    1020   5684.66742393
    1021   5695.95152056
    1022   5706.93057634
    1023   5718.33926944
    1024   5729.37107220
 ---------------------------------------
 
SCF converged! Final Ground-State Energy (Eh):              -5.6094522091861361
