 
     Two-Electron DVR    
 ------------------------
 x0     =      15.00000000
 m      =       1.00000000
 Z      =       4.00000000
 n      =             2048
 dx     =       0.01465559
 
Soft-Coulomb Parameters:
 alpha  =       0.10000000
 beta   =       0.10000000
 
 
                       Hartree-Fock                      
 --------------------------------------------------------
 no. of orbitals        =             2048
 no. of electrons       =                2
 scf_damping_switch     =        F
 scf_diis_switch        =        F
 damping_factor         =   0.00000000
 e_tolerance            = 0.0000000000100000
 maximum scf-iterations =              200
 
 
                       SCF iterations                      
 ----------------------------------------------------------
    S.No    Energy (hartree)        dE (hartree)
 ----------------------------------------------------------
       0    -17.591775007818
       1    -15.329648540534      2.262126467285
       2    -15.355318320775      0.025669780241
       3    -15.355669959602      0.000351638827
       4    -15.355674860376      0.000004900774
       5    -15.355674930383      0.000000070006
       6    -15.355674931399      0.000000001017
       7    -15.355674931414      0.000000000014
       8    -15.355674931413      0.000000000000
 ----------------------------------------------------------
  
 
 
 ---------------------------------------
     Molecular Orbital Energies (Eh)    
 ---------------------------------------
       1     -6.57364321
       2     -1.37087611
       3     -0.69998651
       4     -0.41423426
       5     -0.27842349
       6     -0.19474923
       7     -0.13721618
       8     -0.07442798
       9     -0.00318681
      10      0.08683013
      11      0.18457747
      12      0.30167450
      13      0.42395193
      14      0.56648264
      15      0.71223593
      16      0.87927069
      17      1.04796501
      18      1.23888293
      19      1.43024231
      20      1.64457697
      21      1.85846415
      22      2.09584339
      23      2.33219590
      24      2.59231553
      25      2.85110951
      26      3.13371981
      27      3.41494921
      28      3.71984636
      29      4.02351122
      30      4.35053072
      31      4.67663080
      32      5.02564189
      33      5.37417356
      34      5.74507421
      35      6.11602921
      36      6.50874162
      37      6.90210689
      38      7.31657346
      39      7.73233161
      40      8.16851137
      41      8.60664139
      42      9.06450690
      43      9.52498497
      44     10.00451961
      45     10.48731998
      46     10.98851568
      47     11.49361136
      48     12.01646665
      49     12.54383014
      50     13.08834857
      51     13.63795237
      52     14.20414117
      53     14.77595826
      54     15.36382729
      55     15.95783148
      56     16.56739233
      57     17.18355854
      58     17.81482389
      59     18.45312831
      60     19.10611137
      61     19.76653160
      62     20.44124573
      63     21.12376084
      64     21.82021921
      65     22.52480978
      66     23.24302517
      67     23.96967329
      68     24.70965792
      69     25.45834712
      70     26.22011256
      71     26.99082778
      72     27.77438487
      73     28.56711240
      74     29.37247122
      75     30.18719861
      76     31.01436848
      77     31.85108446
      78     32.70007396
      79     33.55876836
      80     34.42958531
      81     35.31024897
      82     36.20290053
      83     37.10552523
      84     38.02001788
      85     38.94459624
      86     39.88093584
      87     40.82746128
      88     41.78565312
      89     42.75411973
      90     43.73416859
      91     44.72457112
      92     45.72648126
      93     46.73881503
      94     47.76259029
      95     48.79685113
      96     49.84249494
      97     50.89867916
      98     51.96619457
      99     53.04429889
     100     54.13368863
     101     55.23371013
     102     56.34497663
     103     57.46691274
     104     58.60005816
     105     59.74390658
     106     60.89893285
     107     62.06469157
     108     63.24160038
     109     64.42926761
     110     65.62806047
     111     66.83763464
     112     68.05831287
     113     69.28979259
     114     70.53235739
     115     71.78574141
     116     73.05019382
     117     74.32548107
     118     75.61182200
     119     76.90901152
     120     78.21724179
     121     79.53633274
     122     80.86645307
     123     82.20744470
     124     83.55945571
     125     84.92234737
     126     86.29624962
     127     87.68104073
     128     89.07683472
     129     90.48352476
     130     91.90121091
     131     93.32979945
     132     94.76937813
     133     96.21986477
     134     97.68133631
     135     99.15372070
     136    100.63708541
     137    102.13136723
     138    103.63662535
     139    105.15280435
     140    106.67995610
     141    108.21803203
     142    109.76707762
     143    111.32705027
     144    112.89798985
     145    114.47985904
     146    116.07269277
     147    117.67645833
     148    119.29118633
     149    120.91684812
     150    122.55347052
     151    124.20102840
     152    125.85954528
     153    127.52899915
     154    129.20941061
     155    130.90076036
     156    132.60306646
     157    134.31631201
     158    136.04051282
     159    137.77565409
     160    139.52174966
     161    141.27878658
     162    143.04677696
     163    144.82570945
     164    146.61559469
     165    148.41642271
     166    150.22820283
     167    152.05092633
     168    153.88460137
     169    155.72922030
     170    157.58479028
     171    159.45130460
     172    161.32876954
     173    163.21717922
     174    165.11653914
     175    167.02684414
     176    168.94809905
     177    170.88029935
     178    172.82344926
     179    174.77754483
     180    176.74258976
     181    178.71858057
     182    180.70552052
     183    182.70340656
     184    184.71224153
     185    186.73202277
     186    188.76275278
     187    190.80442920
     188    192.85705424
     189    194.92062584
     190    196.99514591
     191    199.08061266
     192    201.17702777
     193    203.28438966
     194    205.40269981
     195    207.53195683
     196    209.67216201
     197    211.82331414
     198    213.98541436
     199    216.15846159
     200    218.34245685
     201    220.53739917
     202    222.74328946
     203    224.96012687
     204    227.18791218
     205    229.42664467
     206    231.67632501
     207    233.93695256
     208    236.20852792
     209    238.49105053
     210    240.78452091
     211    243.08893857
     212    245.40430397
     213    247.73061667
     214    250.06787708
     215    252.41608482
     216    254.77524024
     217    257.14534300
     218    259.52639344
     219    261.91839122
     220    264.32133666
     221    266.73522946
     222    269.16006990
     223    271.59585771
     224    274.04259314
     225    276.50027596
     226    278.96890639
     227    281.44848421
     228    283.93900962
     229    286.44048244
     230    288.95290284
     231    291.47627065
     232    294.01058603
     233    296.55584882
     234    299.11205918
     235    301.67921696
     236    304.25732229
     237    306.84637505
     238    309.44637536
     239    312.05732309
     240    314.67921836
     241    317.31206106
     242    319.95585131
     243    322.61058897
     244    325.27627418
     245    327.95290681
     246    330.64048697
     247    333.33901457
     248    336.04848969
     249    338.76891224
     250    341.50028231
     251    344.24259981
     252    346.99586484
     253    349.76007729
     254    352.53523726
     255    355.32134467
     256    358.11839959
     257    360.92640193
     258    363.74535179
     259    366.57524908
     260    369.41609389
     261    372.26788612
     262    375.13062586
     263    378.00431303
     264    380.88894770
     265    383.78452981
     266    386.69105942
     267    389.60853645
     268    392.53696100
     269    395.47633296
     270    398.42665243
     271    401.38791933
     272    404.36013373
     273    407.34329555
     274    410.33740488
     275    413.34246162
     276    416.35846587
     277    419.38541754
     278    422.42331671
     279    425.47216330
     280    428.53195740
     281    431.60269891
     282    434.68438792
     283    437.77702435
     284    440.88060827
     285    443.99513962
     286    447.12061846
     287    450.25704472
     288    453.40441848
     289    456.56273965
     290    459.73200832
     291    462.91222440
     292    466.10338799
     293    469.30549898
     294    472.51855748
     295    475.74256338
     296    478.97751678
     297    482.22341759
     298    485.48026590
     299    488.74806162
     300    492.02680484
     301    495.31649546
     302    498.61713359
     303    501.92871911
     304    505.25125214
     305    508.58473257
     306    511.92916051
     307    515.28453584
     308    518.65085868
     309    522.02812891
     310    525.41634665
     311    528.81551179
     312    532.22562443
     313    535.64668447
     314    539.07869201
     315    542.52164694
     316    545.97554938
     317    549.44039922
     318    552.91619656
     319    556.40294129
     320    559.90063353
     321    563.40927316
     322    566.92886030
     323    570.45939483
     324    574.00087686
     325    577.55330629
     326    581.11668322
     327    584.69100754
     328    588.27627937
     329    591.87249859
     330    595.47966531
     331    599.09777942
     332    602.72684104
     333    606.36685005
     334    610.01780656
     335    613.67971046
     336    617.35256187
     337    621.03636067
     338    624.73110697
     339    628.43680066
     340    632.15344186
     341    635.88103044
     342    639.61956653
     343    643.36905001
     344    647.12948100
     345    650.90085937
     346    654.68318525
     347    658.47645851
     348    662.28067928
     349    666.09584744
     350    669.92196311
     351    673.75902615
     352    677.60703671
     353    681.46599465
     354    685.33590011
     355    689.21675294
     356    693.10855329
     357    697.01130101
     358    700.92499626
     359    704.84963887
     360    708.78522901
     361    712.73176652
     362    716.68925155
     363    720.65768395
     364    724.63706387
     365    728.62739117
     366    732.62866598
     367    736.64088817
     368    740.66405788
     369    744.69817496
     370    748.74323956
     371    752.79925154
     372    756.86621103
     373    760.94411790
     374    765.03297229
     375    769.13277405
     376    773.24352334
     377    777.36521999
     378    781.49786417
     379    785.64145572
     380    789.79599480
     381    793.96148124
     382    798.13791521
     383    802.32529654
     384    806.52362541
     385    810.73290164
     386    814.95312540
     387    819.18429653
     388    823.42641518
     389    827.67948120
     390    831.94349476
     391    836.21845567
     392    840.50436412
     393    844.80121994
     394    849.10902328
     395    853.42777399
     396    857.75747223
     397    862.09811784
     398    866.44971098
     399    870.81225148
     400    875.18573952
     401    879.57017492
     402    883.96555786
     403    888.37188816
     404    892.78916600
     405    897.21739119
     406    901.65656393
     407    906.10668402
     408    910.56775166
     409    915.03976666
     410    919.52272919
     411    924.01663909
     412    928.52149652
     413    933.03730132
     414    937.56405366
     415    942.10175335
     416    946.65040060
     417    951.20999519
     418    955.78053734
     419    960.36202683
     420    964.95446388
     421    969.55784828
     422    974.17218023
     423    978.79745954
     424    983.43368639
     425    988.08086060
     426    992.73898236
     427    997.40805147
     428   1002.08806814
     429   1006.77903216
     430   1011.48094373
     431   1016.19380265
     432   1020.91760913
     433   1025.65236296
     434   1030.39806434
     435   1035.15471308
     436   1039.92230937
     437   1044.70085301
     438   1049.49034422
     439   1054.29078277
     440   1059.10216888
     441   1063.92450234
     442   1068.75778336
     443   1073.60201173
     444   1078.45718766
     445   1083.32331094
     446   1088.20038179
     447   1093.08839998
     448   1097.98736573
     449   1102.89727884
     450   1107.81813951
     451   1112.74994752
     452   1117.69270310
     453   1122.64640603
     454   1127.61105653
     455   1132.58665437
     456   1137.57319978
     457   1142.57069254
     458   1147.57913287
     459   1152.59852054
     460   1157.62885579
     461   1162.67013837
     462   1167.72236854
     463   1172.78554604
     464   1177.85967112
     465   1182.94474354
     466   1188.04076355
     467   1193.14773089
     468   1198.26564581
     469   1203.39450807
     470   1208.53431791
     471   1213.68507509
     472   1218.84677985
     473   1224.01943195
     474   1229.20303164
     475   1234.39757866
     476   1239.60307328
     477   1244.81951522
     478   1250.04690476
     479   1255.28524162
     480   1260.53452609
     481   1265.79475788
     482   1271.06593727
     483   1276.34806398
     484   1281.64113830
     485   1286.94515994
     486   1292.26012919
     487   1297.58604576
     488   1302.92290993
     489   1308.27072143
     490   1313.62948053
     491   1318.99918696
     492   1324.37984099
     493   1329.77144235
     494   1335.17399131
     495   1340.58748760
     496   1346.01193150
     497   1351.44732272
     498   1356.89366155
     499   1362.35094770
     500   1367.81918147
     501   1373.29836255
     502   1378.78849125
     503   1384.28956728
     504   1389.80159091
     505   1395.32456187
     506   1400.85848044
     507   1406.40334634
     508   1411.95915985
     509   1417.52592068
     510   1423.10362913
     511   1428.69228490
     512   1434.29188830
     513   1439.90243901
     514   1445.52393734
     515   1451.15638299
     516   1456.79977627
     517   1462.45411686
     518   1468.11940508
     519   1473.79564062
     520   1479.48282378
     521   1485.18095426
     522   1490.89003237
     523   1496.61005779
     524   1502.34103085
     525   1508.08295122
     526   1513.83581922
     527   1519.59963454
     528   1525.37439749
     529   1531.16010776
     530   1536.95676566
     531   1542.76437087
     532   1548.58292372
     533   1554.41242389
     534   1560.25287169
     535   1566.10426681
     536   1571.96660957
     537   1577.83989963
     538   1583.72413735
     539   1589.61932237
     540   1595.52545503
     541   1601.44253501
     542   1607.37056263
     543   1613.30953756
     544   1619.25946015
     545   1625.22033003
     546   1631.19214757
     547   1637.17491242
     548   1643.16862492
     549   1649.17328472
     550   1655.18889218
     551   1661.21544695
     552   1667.25294937
     553   1673.30139910
     554   1679.36079648
     555   1685.43114117
     556   1691.51243352
     557   1697.60467317
     558   1703.70786049
     559   1709.82199510
     560   1715.94707739
     561   1722.08310697
     562   1728.23008422
     563   1734.38800877
     564   1740.55688099
     565   1746.73670050
     566   1752.92746769
     567   1759.12918218
     568   1765.34184434
     569   1771.56545380
     570   1777.80001093
     571   1784.04551536
     572   1790.30196747
     573   1796.56936687
     574   1802.84771395
     575   1809.13700833
     576   1815.43725039
     577   1821.74843974
     578   1828.07057677
     579   1834.40366110
     580   1840.74769312
     581   1847.10267242
     582   1853.46859942
     583   1859.84547370
     584   1866.23329568
     585   1872.63206494
     586   1879.04178190
     587   1885.46244615
     588   1891.89405809
     589   1898.33661732
     590   1904.79012425
     591   1911.25457846
     592   1917.72998038
     593   1924.21632958
     594   1930.71362648
     595   1937.22187066
     596   1943.74106255
     597   1950.27120173
     598   1956.81228861
     599   1963.36432277
     600   1969.92730464
     601   1976.50123379
     602   1983.08611066
     603   1989.68193480
     604   1996.28870666
     605   2002.90642580
     606   2009.53509266
     607   2016.17470679
     608   2022.82526864
     609   2029.48677776
     610   2036.15923462
     611   2042.84263874
     612   2049.53699059
     613   2056.24228971
     614   2062.95853656
     615   2069.68573068
     616   2076.42387253
     617   2083.17296166
     618   2089.93299851
     619   2096.70398264
     620   2103.48591450
     621   2110.27879362
     622   2117.08262049
     623   2123.89739462
     624   2130.72311650
     625   2137.55978564
     626   2144.40740252
     627   2151.26596667
     628   2158.13547856
     629   2165.01593771
     630   2171.90734462
     631   2178.80969879
     632   2185.72300070
     633   2192.64724988
     634   2199.58244681
     635   2206.52859100
     636   2213.48568295
     637   2220.45372216
     638   2227.43270912
     639   2234.42264334
     640   2241.42352533
     641   2248.43535457
     642   2255.45813157
     643   2262.49185583
     644   2269.53652785
     645   2276.59214713
     646   2283.65871418
     647   2290.73622848
     648   2297.82469055
     649   2304.92409987
     650   2312.03445697
     651   2319.15576132
     652   2326.28801344
     653   2333.43121282
     654   2340.58535997
     655   2347.75045437
     656   2354.92649655
     657   2362.11348598
     658   2369.31142320
     659   2376.52030766
     660   2383.74013990
     661   2390.97091939
     662   2398.21264668
     663   2405.46532120
     664   2412.72894352
     665   2420.00351308
     666   2427.28903043
     667   2434.58549503
     668   2441.89290742
     669   2449.21126705
     670   2456.54057449
     671   2463.88082916
     672   2471.23203164
     673   2478.59418135
     674   2485.96727887
     675   2493.35132362
     676   2500.74631619
     677   2508.15225599
     678   2515.56914360
     679   2522.99697844
     680   2530.43576110
     681   2537.88549099
     682   2545.34616870
     683   2552.81779363
     684   2560.30036639
     685   2567.79388638
     686   2575.29835419
     687   2582.81376923
     688   2590.34013209
     689   2597.87744218
     690   2605.42570011
     691   2612.98490525
     692   2620.55505823
     693   2628.13615843
     694   2635.72820647
     695   2643.33120172
     696   2650.94514482
     697   2658.57003514
     698   2666.20587330
     699   2673.85265867
     700   2681.51039190
     701   2689.17907234
     702   2696.85870062
     703   2704.54927613
     704   2712.25079948
     705   2719.96327005
     706   2727.68668847
     707   2735.42105410
     708   2743.16636760
     709   2750.92262830
     710   2758.68983686
     711   2766.46799263
     712   2774.25709627
     713   2782.05714711
     714   2789.86814582
     715   2797.69009174
     716   2805.52298553
     717   2813.36682652
     718   2821.22161538
     719   2829.08735145
     720   2836.96403539
     721   2844.85166654
     722   2852.75024556
     723   2860.65977179
     724   2868.58024590
     725   2876.51166720
     726   2884.45403639
     727   2892.40735278
     728   2900.37161706
     729   2908.34682853
     730   2916.33298790
     731   2924.33009446
     732   2932.33814891
     733   2940.35715056
     734   2948.38710011
     735   2956.42799684
     736   2964.47984148
     737   2972.54263331
     738   2980.61637304
     739   2988.70105996
     740   2996.79669479
     741   3004.90327680
     742   3013.02080673
     743   3021.14928384
     744   3029.28870886
     745   3037.43908107
     746   3045.60040120
     747   3053.77266850
     748   3061.95588373
     749   3070.15004614
     750   3078.35515647
     751   3086.57121398
     752   3094.79821942
     753   3103.03617204
     754   3111.28507259
     755   3119.54492031
     756   3127.81571596
     757   3136.09745879
     758   3144.39014956
     759   3152.69378750
     760   3161.00837338
     761   3169.33390643
     762   3177.67038743
     763   3186.01781559
     764   3194.37619170
     765   3202.74551498
     766   3211.12578621
     767   3219.51700460
     768   3227.91917095
     769   3236.33228446
     770   3244.75634594
     771   3253.19135457
     772   3261.63731117
     773   3270.09421492
     774   3278.56206664
     775   3287.04086552
     776   3295.53061237
     777   3304.03130637
     778   3312.54294835
     779   3321.06553747
     780   3329.59907458
     781   3338.14355884
     782   3346.69899108
     783   3355.26537047
     784   3363.84269784
     785   3372.43097236
     786   3381.03019487
     787   3389.64036453
     788   3398.26148218
     789   3406.89354697
     790   3415.53655975
     791   3424.19051968
     792   3432.85542761
     793   3441.53128268
     794   3450.21808575
     795   3458.91583596
     796   3467.62453418
     797   3476.34417953
     798   3485.07477289
     799   3493.81631339
     800   3502.56880190
     801   3511.33223754
     802   3520.10662121
     803   3528.89195200
     804   3537.68823082
     805   3546.49545676
     806   3555.31363073
     807   3564.14275182
     808   3572.98282095
     809   3581.83383720
     810   3590.69580148
     811   3599.56871289
     812   3608.45257233
     813   3617.34737889
     814   3626.25313350
     815   3635.16983522
     816   3644.09748499
     817   3653.03608187
     818   3661.98562681
     819   3670.94611885
     820   3679.91755896
     821   3688.89994617
     822   3697.89328144
     823   3706.89756382
     824   3715.91279426
     825   3724.93897181
     826   3733.97609742
     827   3743.02417014
     828   3752.08319093
     829   3761.15315882
     830   3770.23407479
     831   3779.32593785
     832   3788.42874900
     833   3797.54250724
     834   3806.66721357
     835   3815.80286699
     836   3824.94946850
     837   3834.10701710
     838   3843.27551379
     839   3852.45495758
     840   3861.64534946
     841   3870.84668842
     842   3880.05897549
     843   3889.28220964
     844   3898.51639190
     845   3907.76152124
     846   3917.01759870
     847   3926.28462323
     848   3935.56259587
     849   3944.85151560
     850   3954.15138344
     851   3963.46219835
     852   3972.78396139
     853   3982.11667151
     854   3991.46032975
     855   4000.81493506
     856   4010.18048850
     857   4019.55698901
     858   4028.94443766
     859   4038.34283337
     860   4047.75217722
     861   4057.17246813
     862   4066.60370720
     863   4076.04589331
     864   4085.49902759
     865   4094.96310891
     866   4104.43813840
     867   4113.92411493
     868   4123.42103963
     869   4132.92891138
     870   4142.44773129
     871   4151.97749826
     872   4161.51821339
     873   4171.06987557
     874   4180.63248592
     875   4190.20604331
     876   4199.79054889
     877   4209.38600150
     878   4218.99240230
     879   4228.60975013
     880   4238.23804616
     881   4247.87728922
     882   4257.52748047
     883   4267.18861876
     884   4276.86070524
     885   4286.54373875
     886   4296.23772047
     887   4305.94264921
     888   4315.65852616
     889   4325.38535013
     890   4335.12312232
     891   4344.87184153
     892   4354.63150895
     893   4364.40212340
     894   4374.18368606
     895   4383.97619574
     896   4393.77965365
     897   4403.59405857
     898   4413.41941173
     899   4423.25571189
     900   4433.10296029
     901   4442.96115570
     902   4452.83029935
     903   4462.71039000
     904   4472.60142890
     905   4482.50341480
     906   4492.41634895
     907   4502.34023010
     908   4512.27505951
     909   4522.22083591
     910   4532.17756058
     911   4542.14523224
     912   4552.12385216
     913   4562.11341908
     914   4572.11393426
     915   4582.12539644
     916   4592.14780689
     917   4602.18116432
     918   4612.22547004
     919   4622.28072273
     920   4632.34692372
     921   4642.42407168
     922   4652.51216793
     923   4662.61121116
     924   4672.72120269
     925   4682.84214118
     926   4692.97402799
     927   4703.11686175
     928   4713.27064383
     929   4723.43537287
     930   4733.61105023
     931   4743.79767455
     932   4753.99524718
     933   4764.20376678
     934   4774.42323470
     935   4784.65364957
     936   4794.89501278
     937   4805.14732293
     938   4815.41058143
     939   4825.68478687
     940   4835.96994065
     941   4846.26604137
     942   4856.57309045
     943   4866.89108646
     944   4877.22003083
     945   4887.55992214
     946   4897.91076180
     947   4908.27254840
     948   4918.64528336
     949   4929.02896525
     950   4939.42359552
     951   4949.82917271
     952   4960.24569827
     953   4970.67317076
     954   4981.11159163
     955   4991.56095942
     956   5002.02127560
     957   5012.49253869
     958   5022.97475018
     959   5033.46790858
     960   5043.97201538
     961   5054.48706909
     962   5065.01307120
     963   5075.55002022
     964   5086.09791765
     965   5096.65676198
     966   5107.22655472
     967   5117.80729437
     968   5128.39898244
     969   5139.00161740
     970   5149.61520079
     971   5160.23973107
     972   5170.87520978
     973   5181.52163539
     974   5192.17900943
     975   5202.84733035
     976   5213.52659973
     977   5224.21681598
     978   5234.91798068
     979   5245.63009226
     980   5256.35315230
     981   5267.08715921
     982   5277.83211458
     983   5288.58801683
     984   5299.35486754
     985   5310.13266512
     986   5320.92141117
     987   5331.72110408
     988   5342.53174548
     989   5353.35333373
     990   5364.18587048
     991   5375.02935407
     992   5385.88378616
     993   5396.74916510
     994   5407.62549254
     995   5418.51276682
     996   5429.41098962
     997   5440.32015925
     998   5451.24027740
     999   5462.17134238
    1000   5473.11335589
    1001   5484.06631622
    1002   5495.03022509
    1003   5506.00508078
    1004   5516.99088500
    1005   5527.98763605
    1006   5538.99533564
    1007   5550.01398205
    1008   5561.04357701
    1009   5572.08411878
    1010   5583.13560910
    1011   5594.19804624
    1012   5605.27143193
    1013   5616.35576443
    1014   5627.45104550
    1015   5638.55727337
    1016   5649.67444982
    1017   5660.80257306
    1018   5671.94164488
    1019   5683.09166350
    1020   5694.25263070
    1021   5705.42454469
    1022   5716.60740728
    1023   5727.80121665
    1024   5739.00597462
    1025   5750.22167937
    1026   5761.44833273
    1027   5772.68593286
    1028   5783.93448161
    1029   5795.19397713
    1030   5806.46442127
    1031   5817.74581217
    1032   5829.03815171
    1033   5840.34143800
    1034   5851.65567294
    1035   5862.98085462
    1036   5874.31698496
    1037   5885.66406204
    1038   5897.02208777
    1039   5908.39106025
    1040   5919.77098139
    1041   5931.16184927
    1042   5942.56366581
    1043   5953.97642909
    1044   5965.40014105
    1045   5976.83479973
    1046   5988.28040709
    1047   5999.73696118
    1048   6011.20446396
    1049   6022.68291346
    1050   6034.17231166
    1051   6045.67265657
    1052   6057.18395018
    1053   6068.70619051
    1054   6080.23937954
    1055   6091.78351528
    1056   6103.33859974
    1057   6114.90463090
    1058   6126.48161078
    1059   6138.06953736
    1060   6149.66841267
    1061   6161.27823467
    1062   6172.89900542
    1063   6184.53072284
    1064   6196.17338902
    1065   6207.82700188
    1066   6219.49156349
    1067   6231.16707177
    1068   6242.85352882
    1069   6254.55093254
    1070   6266.25928503
    1071   6277.97858419
    1072   6289.70883212
    1073   6301.45002671
    1074   6313.20217009
    1075   6324.96526012
    1076   6336.73929895
    1077   6348.52428442
    1078   6360.32021870
    1079   6372.12709962
    1080   6383.94492935
    1081   6395.77370571
    1082   6407.61343090
    1083   6419.46410271
    1084   6431.32572336
    1085   6443.19829062
    1086   6455.08180673
    1087   6466.97626945
    1088   6478.88168101
    1089   6490.79803919
    1090   6502.72534622
    1091   6514.66359986
    1092   6526.61280236
    1093   6538.57295146
    1094   6550.54404943
    1095   6562.52609399
    1096   6574.51908744
    1097   6586.52302747
    1098   6598.53791638
    1099   6610.56375188
    1100   6622.60053628
    1101   6634.64826725
    1102   6646.70694712
    1103   6658.77657357
    1104   6670.85714893
    1105   6682.94867085
    1106   6695.05114169
    1107   6707.16455909
    1108   6719.28892542
    1109   6731.42423830
    1110   6743.57050013
    1111   6755.72770849
    1112   6767.89586581
    1113   6780.07496966
    1114   6792.26502247
    1115   6804.46602181
    1116   6816.67797011
    1117   6828.90086495
    1118   6841.13470875
    1119   6853.37949908
    1120   6865.63523839
    1121   6877.90192421
    1122   6890.17955903
    1123   6902.46814035
    1124   6914.76767067
    1125   6927.07814749
    1126   6939.39957333
    1127   6951.73194565
    1128   6964.07526700
    1129   6976.42953483
    1130   6988.79475169
    1131   7001.17091503
    1132   7013.55802741
    1133   7025.95608626
    1134   7038.36509417
    1135   7050.78504853
    1136   7063.21595195
    1137   7075.65780184
    1138   7088.11060079
    1139   7100.57434618
    1140   7113.04904066
    1141   7125.53468158
    1142   7138.03127159
    1143   7150.53880804
    1144   7163.05729358
    1145   7175.58672555
    1146   7188.12710663
    1147   7200.67843412
    1148   7213.24071074
    1149   7225.81393377
    1150   7238.39810593
    1151   7250.99322449
    1152   7263.59929219
    1153   7276.21630629
    1154   7288.84426954
    1155   7301.48317918
    1156   7314.13303797
    1157   7326.79384315
    1158   7339.46559750
    1159   7352.14829822
    1160   7364.84194812
    1161   7377.54654439
    1162   7390.26208985
    1163   7402.98858166
    1164   7415.72602268
    1165   7428.47441005
    1166   7441.23374663
    1167   7454.00402955
    1168   7466.78526169
    1169   7479.57744017
    1170   7492.38056788
    1171   7505.19464191
    1172   7518.01966519
    1173   7530.85563479
    1174   7543.70255364
    1175   7556.56041880
    1176   7569.42923323
    1177   7582.30899395
    1178   7595.19970395
    1179   7608.10136025
    1180   7621.01396583
    1181   7633.93751770
    1182   7646.87201886
    1183   7659.81746630
    1184   7672.77386305
    1185   7685.74120607
    1186   7698.71949840
    1187   7711.70873700
    1188   7724.70892492
    1189   7737.72005910
    1190   7750.74214262
    1191   7763.77517238
    1192   7776.81915149
    1193   7789.87407684
    1194   7802.93995155
    1195   7816.01677248
    1196   7829.10454280
    1197   7842.20325932
    1198   7855.31292524
    1199   7868.43353736
    1200   7881.56509888
    1201   7894.70760659
    1202   7907.86106372
    1203   7921.02546704
    1204   7934.20081978
    1205   7947.38711869
    1206   7960.58436704
    1207   7973.79256156
    1208   7987.01170553
    1209   8000.24179566
    1210   8013.48283524
    1211   8026.73482098
    1212   8039.99775619
    1213   8053.27163753
    1214   8066.55646836
    1215   8079.85224532
    1216   8093.15897178
    1217   8106.47664436
    1218   8119.80526645
    1219   8133.14483464
    1220   8146.49535236
    1221   8159.85681617
    1222   8173.22922953
    1223   8186.61258897
    1224   8200.00689796
    1225   8213.41215302
    1226   8226.82835765
    1227   8240.25550835
    1228   8253.69360862
    1229   8267.14265494
    1230   8280.60265086
    1231   8294.07359282
    1232   8307.55548438
    1233   8321.04832197
    1234   8334.55210919
    1235   8348.06684242
    1236   8361.59252528
    1237   8375.12915416
    1238   8388.67673268
    1239   8402.23525720
    1240   8415.80473137
    1241   8429.38515154
    1242   8442.97652138
    1243   8456.57883719
    1244   8470.19210269
    1245   8483.81631416
    1246   8497.45147532
    1247   8511.09758244
    1248   8524.75463927
    1249   8538.42264204
    1250   8552.10159454
    1251   8565.79149298
    1252   8579.49234115
    1253   8593.20413525
    1254   8606.92687910
    1255   8620.66056886
    1256   8634.40520838
    1257   8648.16079381
    1258   8661.92732902
    1259   8675.70481011
    1260   8689.49324100
    1261   8703.29261777
    1262   8717.10294434
    1263   8730.92421678
    1264   8744.75643904
    1265   8758.59960716
    1266   8772.45372511
    1267   8786.31878891
    1268   8800.19480255
    1269   8814.08176203
    1270   8827.97967137
    1271   8841.88852653
    1272   8855.80833157
    1273   8869.73908241
    1274   8883.68078315
    1275   8897.63342969
    1276   8911.59702613
    1277   8925.57156835
    1278   8939.55706050
    1279   8953.55349842
    1280   8967.56088628
    1281   8981.57921989
    1282   8995.60850346
    1283   9009.64873277
    1284   9023.69991205
    1285   9037.76203706
    1286   9051.83511206
    1287   9065.91913277
    1288   9080.01410349
    1289   9094.12001991
    1290   9108.23688635
    1291   9122.36469847
    1292   9136.50346063
    1293   9150.65316846
    1294   9164.81382636
    1295   9178.98542990
    1296   9193.16798352
    1297   9207.36148278
    1298   9221.56593213
    1299   9235.78132710
    1300   9250.00767219
    1301   9264.24496288
    1302   9278.49320370
    1303   9292.75239012
    1304   9307.02252668
    1305   9321.30360882
    1306   9335.59564111
    1307   9349.89861898
    1308   9364.21254702
    1309   9378.53742062
    1310   9392.87324441
    1311   9407.22001373
    1312   9421.57773327
    1313   9435.94639833
    1314   9450.32601362
    1315   9464.71657441
    1316   9479.11808545
    1317   9493.53054199
    1318   9507.95394878
    1319   9522.38830106
    1320   9536.83360361
    1321   9551.28985163
    1322   9565.75704994
    1323   9580.23519370
    1324   9594.72428778
    1325   9609.22432729
    1326   9623.73531713
    1327   9638.25725239
    1328   9652.79013800
    1329   9667.33396901
    1330   9681.88875039
    1331   9696.45447715
    1332   9711.03115431
    1333   9725.61877682
    1334   9740.21734975
    1335   9754.82686803
    1336   9769.44733674
    1337   9784.07875077
    1338   9798.72111526
    1339   9813.37442506
    1340   9828.03868533
    1341   9842.71389089
    1342   9857.40004694
    1343   9872.09714827
    1344   9886.80520012
    1345   9901.52419721
    1346   9916.25414484
    1347   9930.99503771
    1348   9945.74688114
    1349   9960.50966978
    1350   9975.28340900
    1351   9990.06809341
    1352  10004.86372843
    1353  10019.67030862
    1354  10034.48783943
    1355  10049.31631541
    1356  10064.15574202
    1357  10079.00611378
    1358  10093.86743619
    1359  10108.73970374
    1360  10123.62292196
    1361  10138.51708528
    1362  10153.42219931
    1363  10168.33825843
    1364  10183.26526826
    1365  10198.20322317
    1366  10213.15212882
    1367  10228.11197952
    1368  10243.08278098
    1369  10258.06452747
    1370  10273.05722475
    1371  10288.06086704
    1372  10303.07546014
    1373  10318.10099823
    1374  10333.13748715
    1375  10348.18492103
    1376  10363.24330578
    1377  10378.31263546
    1378  10393.39291603
    1379  10408.48414153
    1380  10423.58631792
    1381  10438.69943922
    1382  10453.82351144
    1383  10468.95852855
    1384  10484.10449661
    1385  10499.26140952
    1386  10514.42927341
    1387  10529.60808214
    1388  10544.79784187
    1389  10559.99854641
    1390  10575.21020197
    1391  10590.43280233
    1392  10605.66635373
    1393  10620.91084991
    1394  10636.16629716
    1395  10651.43268915
    1396  10666.71003224
    1397  10681.99832006
    1398  10697.29755899
    1399  10712.60774263
    1400  10727.92887741
    1401  10743.26095687
    1402  10758.60398751
    1403  10773.95796280
    1404  10789.32288928
    1405  10804.69876040
    1406  10820.08558274
    1407  10835.48334968
    1408  10850.89206788
    1409  10866.31173066
    1410  10881.74234471
    1411  10897.18390332
    1412  10912.63641323
    1413  10928.09986768
    1414  10943.57427345
    1415  10959.05962373
    1416  10974.55592537
    1417  10990.06317149
    1418  11005.58136899
    1419  11021.11051095
    1420  11036.65060432
    1421  11052.20164212
    1422  11067.76363136
    1423  11083.33656500
    1424  11098.92045011
    1425  11114.51527960
    1426  11130.12106058
    1427  11145.73778591
    1428  11161.36546277
    1429  11177.00408395
    1430  11192.65365668
    1431  11208.31417371
    1432  11223.98564232
    1433  11239.66805519
    1434  11255.36141968
    1435  11271.06572841
    1436  11286.78098878
    1437  11302.50719336
    1438  11318.24434961
    1439  11333.99245005
    1440  11349.75150219
    1441  11365.52149848
    1442  11381.30244650
    1443  11397.09433865
    1444  11412.89718256
    1445  11428.71097056
    1446  11444.53571036
    1447  11460.37139422
    1448  11476.21802991
    1449  11492.07560964
    1450  11507.94414122
    1451  11523.82361680
    1452  11539.71404428
    1453  11555.61541573
    1454  11571.52773909
    1455  11587.45100641
    1456  11603.38522567
    1457  11619.33038885
    1458  11635.28650401
    1459  11651.25356305
    1460  11667.23157411
    1461  11683.22052902
    1462  11699.22043599
    1463  11715.23128676
    1464  11731.25308963
    1465  11747.28583627
    1466  11763.32953504
    1467  11779.38417755
    1468  11795.44977222
    1469  11811.52631061
    1470  11827.61380118
    1471  11843.71223544
    1472  11859.82162192
    1473  11875.94195205
    1474  11892.07323444
    1475  11908.21546044
    1476  11924.36863874
    1477  11940.53276062
    1478  11956.70783482
    1479  11972.89385257
    1480  11989.09082269
    1481  12005.29873632
    1482  12021.51760235
    1483  12037.74741185
    1484  12053.98817379
    1485  12070.23987917
    1486  12086.50253703
    1487  12102.77613828
    1488  12119.06069205
    1489  12135.35618918
    1490  12151.66263887
    1491  12167.98003188
    1492  12184.30837748
    1493  12200.64766637
    1494  12216.99790789
    1495  12233.35909265
    1496  12249.73123009
    1497  12266.11431073
    1498  12282.50834409
    1499  12298.91332061
    1500  12315.32924989
    1501  12331.75612229
    1502  12348.19394749
    1503  12364.64271577
    1504  12381.10243689
    1505  12397.57310105
    1506  12414.05471809
    1507  12430.54727812
    1508  12447.05079109
    1509  12463.56524700
    1510  12480.09065589
    1511  12496.62700769
    1512  12513.17431250
    1513  12529.73256017
    1514  12546.30176090
    1515  12562.88190446
    1516  12579.47300111
    1517  12596.07504055
    1518  12612.68803313
    1519  12629.31196844
    1520  12645.94685694
    1521  12662.59268813
    1522  12679.24947256
    1523  12695.91719963
    1524  12712.59587998
    1525  12729.28550293
    1526  12745.98607921
    1527  12762.69759803
    1528  12779.42007023
    1529  12796.15348493
    1530  12812.89785306
    1531  12829.65316364
    1532  12846.41942769
    1533  12863.19663414
    1534  12879.98479412
    1535  12896.78389644
    1536  12913.59395235
    1537  12930.41495055
    1538  12947.24690237
    1539  12964.08979645
    1540  12980.94364420
    1541  12997.80843414
    1542  13014.68417782
    1543  13031.57086363
    1544  13048.46850323
    1545  13065.37708492
    1546  13082.29662044
    1547  13099.22709799
    1548  13116.16852944
    1549  13133.12090286
    1550  13150.08423023
    1551  13167.05849952
    1552  13184.04372280
    1553  13201.03988796
    1554  13218.04700717
    1555  13235.06506819
    1556  13252.09408332
    1557  13269.13404020
    1558  13286.18495125
    1559  13303.24680399
    1560  13320.31961095
    1561  13337.40335956
    1562  13354.49806244
    1563  13371.60370690
    1564  13388.72030570
    1565  13405.84784602
    1566  13422.98634073
    1567  13440.13577690
    1568  13457.29616753
    1569  13474.46749955
    1570  13491.64978609
    1571  13508.84301397
    1572  13526.04719642
    1573  13543.26232014
    1574  13560.48839851
    1575  13577.72541807
    1576  13594.97339234
    1577  13612.23230775
    1578  13629.50217793
    1579  13646.78298918
    1580  13664.07475527
    1581  13681.37746236
    1582  13698.69112435
    1583  13716.01572727
    1584  13733.35128517
    1585  13750.69778393
    1586  13768.05523772
    1587  13785.42363231
    1588  13802.80298200
    1589  13820.19327242
    1590  13837.59451800
    1591  13855.00670425
    1592  13872.42984573
    1593  13889.86392779
    1594  13907.30896517
    1595  13924.76494305
    1596  13942.23187631
    1597  13959.70975001
    1598  13977.19857916
    1599  13994.69834867
    1600  14012.20907371
    1601  14029.73073902
    1602  14047.26335994
    1603  14064.80692106
    1604  14082.36143787
    1605  14099.92689479
    1606  14117.50330746
    1607  14135.09066018
    1608  14152.68896874
    1609  14170.29821725
    1610  14187.91842167
    1611  14205.54956597
    1612  14223.19166626
    1613  14240.84470634
    1614  14258.50870250
    1615  14276.18363837
    1616  14293.86953039
    1617  14311.56636203
    1618  14329.27414990
    1619  14346.99287731
    1620  14364.72256105
    1621  14382.46318422
    1622  14400.21476381
    1623  14417.97728275
    1624  14435.75075818
    1625  14453.53517287
    1626  14471.33054415
    1627  14489.13685459
    1628  14506.95412171
    1629  14524.78232790
    1630  14542.62149085
    1631  14560.47159278
    1632  14578.33265157
    1633  14596.20464923
    1634  14614.08760385
    1635  14631.98149724
    1636  14649.88634767
    1637  14667.80213679
    1638  14685.72888304
    1639  14703.66656787
    1640  14721.61520994
    1641  14739.57479048
    1642  14757.54532836
    1643  14775.52680461
    1644  14793.51923829
    1645  14811.52261023
    1646  14829.53693971
    1647  14847.56220734
    1648  14865.59843261
    1649  14883.64559593
    1650  14901.70371699
    1651  14919.77277598
    1652  14937.85279282
    1653  14955.94374748
    1654  14974.04566010
    1655  14992.15851042
    1656  15010.28231881
    1657  15028.41706479
    1658  15046.56276894
    1659  15064.71941056
    1660  15082.88701047
    1661  15101.06554773
    1662  15119.25504340
    1663  15137.45547628
    1664  15155.66686769
    1665  15173.88919620
    1666  15192.12248335
    1667  15210.36670747
    1668  15228.62189035
    1669  15246.88801007
    1670  15265.16508868
    1671  15283.45310399
    1672  15301.75207831
    1673  15320.06198922
    1674  15338.38285925
    1675  15356.71466572
    1676  15375.05743146
    1677  15393.41113350
    1678  15411.77579492
    1679  15430.15139252
    1680  15448.53794963
    1681  15466.93544277
    1682  15485.34389557
    1683  15503.76328424
    1684  15522.19363270
    1685  15540.63491690
    1686  15559.08716102
    1687  15577.55034073
    1688  15596.02448050
    1689  15614.50955571
    1690  15633.00559113
    1691  15651.51256183
    1692  15670.03049288
    1693  15688.55935905
    1694  15707.09918573
    1695  15725.64994737
    1696  15744.21166966
    1697  15762.78432675
    1698  15781.36794464
    1699  15799.96249717
    1700  15818.56801066
    1701  15837.18445862
    1702  15855.81186769
    1703  15874.45021106
    1704  15893.09951570
    1705  15911.75975447
    1706  15930.43095468
    1707  15949.11308883
    1708  15967.80618459
    1709  15986.51021411
    1710  16005.22520541
    1711  16023.95113029
    1712  16042.68801711
    1713  16061.43583733
    1714  16080.19461967
    1715  16098.96433521
    1716  16117.74501306
    1717  16136.53662391
    1718  16155.33919725
    1719  16174.15270339
    1720  16192.97717221
    1721  16211.81257363
    1722  16230.65893791
    1723  16249.51623459
    1724  16268.38449432
    1725  16287.26368624
    1726  16306.15384141
    1727  16325.05492856
    1728  16343.96697915
    1729  16362.88996150
    1730  16381.82390751
    1731  16400.76878504
    1732  16419.72462644
    1733  16438.69139915
    1734  16457.66913593
    1735  16476.65780378
    1736  16495.65743593
    1737  16514.66799891
    1738  16533.68952640
    1739  16552.72198449
    1740  16571.76540731
    1741  16590.81976049
    1742  16609.88507863
    1743  16628.96132688
    1744  16648.04854032
    1745  16667.14668361
    1746  16686.25579233
    1747  16705.37583064
    1748  16724.50683462
    1749  16743.64876793
    1750  16762.80166716
    1751  16781.96549545
    1752  16801.14028991
    1753  16820.32601314
    1754  16839.52270281
    1755  16858.73032098
    1756  16877.94890583
    1757  16897.17841890
    1758  16916.41889892
    1759  16935.67030687
    1760  16954.93268204
    1761  16974.20598483
    1762  16993.49025514
    1763  17012.78545275
    1764  17032.09161816
    1765  17051.40871057
    1766  17070.73677107
    1767  17090.07575825
    1768  17109.42571381
    1769  17128.78659573
    1770  17148.15844633
    1771  17167.54122296
    1772  17186.93496858
    1773  17206.33963988
    1774  17225.75528050
    1775  17245.18184645
    1776  17264.61938203
    1777  17284.06784260
    1778  17303.52727313
    1779  17322.99762828
    1780  17342.47895374
    1781  17361.97120344
    1782  17381.47442378
    1783  17400.98856800
    1784  17420.51368322
    1785  17440.04972191
    1786  17459.59673197
    1787  17479.15466511
    1788  17498.72356998
    1789  17518.30339753
    1790  17537.89419719
    1791  17557.49591911
    1792  17577.10861352
    1793  17596.73222977
    1794  17616.36681892
    1795  17636.01232946
    1796  17655.66881330
    1797  17675.33621809
    1798  17695.01459660
    1799  17714.70389560
    1800  17734.40416875
    1801  17754.11536192
    1802  17773.83752966
    1803  17793.57061696
    1804  17813.31467927
    1805  17833.06966065
    1806  17852.83561750
    1807  17872.61249291
    1808  17892.40034426
    1809  17912.19911366
    1810  17932.00885947
    1811  17951.82952281
    1812  17971.66116306
    1813  17991.50372028
    1814  18011.35725492
    1815  18031.22170599
    1816  18051.09713497
    1817  18070.98347983
    1818  18090.88080313
    1819  18110.78904173
    1820  18130.70825930
    1821  18150.63839158
    1822  18170.57950338
    1823  18190.53152928
    1824  18210.49453528
    1825  18230.46845475
    1826  18250.45335489
    1827  18270.44916788
    1828  18290.45596212
    1829  18310.47366855
    1830  18330.50235686
    1831  18350.54195668
    1832  18370.59253899
    1833  18390.65403214
    1834  18410.72650841
    1835  18430.80989483
    1836  18450.90426502
    1837  18471.00954462
    1838  18491.12580867
    1839  18511.25298141
    1840  18531.39113927
    1841  18551.54020507
    1842  18571.70025668
    1843  18591.87121547
    1844  18612.05316078
    1845  18632.24601249
    1846  18652.44985144
    1847  18672.66459600
    1848  18692.89032853
    1849  18713.12696586
    1850  18733.37459190
    1851  18753.63312193
    1852  18773.90264144
    1853  18794.18306407
    1854  18814.47447697
    1855  18834.77679215
    1856  18855.09009837
    1857  18875.41430600
    1858  18895.74950546
    1859  18916.09560547
    1860  18936.45269812
    1861  18956.82069041
    1862  18977.19967614
    1863  18997.58956065
    1864  19017.99043941
    1865  19038.40221603
    1866  19058.82498771
    1867  19079.25865637
    1868  19099.70332091
    1869  19120.15888151
    1870  19140.62543878
    1871  19161.10289126
    1872  19181.59134120
    1873  19202.09068543
    1874  19222.60102789
    1875  19243.12226383
    1876  19263.65449875
    1877  19284.19762627
    1878  19304.75175348
    1879  19325.31677255
    1880  19345.89279198
    1881  19366.47970246
    1882  19387.07761391
    1883  19407.68641578
    1884  19428.30621917
    1885  19448.93691230
    1886  19469.57860741
    1887  19490.23119179
    1888  19510.89477852
    1889  19531.56925402
    1890  19552.25473211
    1891  19572.95109875
    1892  19593.65846808
    1893  19614.37672573
    1894  19635.10598600
    1895  19655.84613472
    1896  19676.59728579
    1897  19697.35932546
    1898  19718.13236695
    1899  19738.91629768
    1900  19759.71122943
    1901  19780.51705110
    1902  19801.33387265
    1903  19822.16158546
    1904  19843.00029661
    1905  19863.84990044
    1906  19884.71050063
    1907  19905.58199578
    1908  19926.46448475
    1909  19947.35787115
    1910  19968.26224820
    1911  19989.17752626
    1912  20010.10379107
    1913  20031.04096077
    1914  20051.98911247
    1915  20072.94817438
    1916  20093.91821254
    1917  20114.89916673
    1918  20135.89109025
    1919  20156.89393750
    1920  20177.90774584
    1921  20198.93248633
    1922  20219.96817808
    1923  20241.01481289
    1924  20262.07238733
    1925  20283.14091677
    1926  20304.22037213
    1927  20325.31079768
    1928  20346.41213298
    1929  20367.52445518
    1930  20388.64766814
    1931  20409.78188896
    1932  20430.92697829
    1933  20452.08309858
    1934  20473.25006136
    1935  20494.42808376
    1936  20515.61691823
    1937  20536.81684403
    1938  20558.02754640
    1939  20579.24937912
    1940  20600.48194704
    1941  20621.72568857
    1942  20642.98011713
    1943  20664.24577216
    1944  20685.52205818
    1945  20706.80962943
    1946  20728.10776649
    1947  20749.41726020
    1948  20770.73724403
    1949  20792.06866405
    1950  20813.41048624
    1951  20834.76384090
    1952  20856.12749568
    1953  20877.50279035
    1954  20898.88826667
    1955  20920.28551247
    1956  20941.69280253
    1957  20963.11200693
    1958  20984.54109619
    1959  21005.98227401
    1960  21027.43315188
    1961  21048.89631347
    1962  21070.36896075
    1963  21091.85412588
    1964  21113.34852826
    1965  21134.85571119
    1966  21156.37184319
    1967  21177.90107035
    1968  21199.43891258
    1969  21220.99020357
    1970  21242.54972221
    1971  21264.12311236
    1972  21285.70428109
    1973  21307.29979730
    1974  21328.90257107
    1975  21350.52026066
    1976  21372.14460377
    1977  21393.78450359
    1978  21415.43035587
    1979  21437.09252940
    1980  21458.75984240
    1981  21480.44434001
    1982  21502.13303318
    1983  21523.83994019
    1984  21545.54994773
    1985  21567.27933296
    1986  21589.01054681
    1987  21610.76252506
    1988  21632.51485589
    1989  21654.28952103
    1990  21676.06282361
    1991  21697.86033031
    1992  21719.65448345
    1993  21741.47495953
    1994  21763.28976776
    1995  21785.13342175
    1996  21806.96872100
    1997  21828.83572638
    1998  21850.69125347
    1999  21872.58189129
    2000  21894.45742494
    2001  21916.37192953
    2002  21938.26711574
    2003  21960.20586520
    2004  21982.12040750
    2005  22004.08371583
    2006  22026.01713947
    2007  22048.00551331
    2008  22069.95742541
    2009  22091.97128018
    2010  22113.94104789
    2011  22135.98105764
    2012  22157.96816933
    2013  22180.03487289
    2014  22202.03849295
    2015  22224.13277728
    2016  22246.15225746
    2017  22268.27480054
    2018  22290.30905210
    2019  22312.46100413
    2020  22334.50923864
    2021  22356.69141542
    2022  22378.75223491
    2023  22400.96610625
    2024  22423.03860615
    2025  22445.28509520
    2026  22467.36749057
    2027  22489.64847268
    2028  22511.73979821
    2029  22534.05624917
    2030  22556.15415514
    2031  22578.50857665
    2032  22600.61208135
    2033  22623.00549334
    2034  22645.11112771
    2035  22667.54736829
    2036  22689.65401560
    2037  22712.13440233
    2038  22734.23567380
    2039  22756.76767462
    2040  22778.86184992
    2041  22801.44786230
    2042  22823.51955170
    2043  22846.17838293
    2044  22868.22721116
    2045  22890.95909932
    2046  22912.93476851
    2047  22935.79115078
    2048  22957.99827490
 ---------------------------------------
 
SCF converged! Final Ground-State Energy (Eh):             -15.3556749314134002
