 
     Two-Electron DVR    
 ------------------------
 x0     =      15.00000000
 m      =       1.00000000
 Z      =       4.00000000
 n      =              512
 dx     =       0.05870841
 
Soft-Coulomb Parameters:
 alpha  =       1.00000000
 beta   =       0.01000000
 
 
                       Hartree-Fock                      
 --------------------------------------------------------
 no. of orbitals        =              512
 no. of electrons       =                2
 scf_damping_switch     =        F
 scf_diis_switch        =        F
 damping_factor         =   0.00000000
 e_tolerance            = 0.0000000000100000
 maximum scf-iterations =              200
 
 
                       SCF iterations                      
 ----------------------------------------------------------
    S.No    Energy (hartree)        dE (hartree)
 ----------------------------------------------------------
       0     -6.418296506144
       1     -3.753335969719      2.664960536425
       2     -4.066435513889      0.313099544170
       3     -4.144069297700      0.077633783811
       4     -4.159704562687      0.015635264987
       5     -4.163100405829      0.003395843142
       6     -4.163800843744      0.000700437915
       7     -4.163948119573      0.000147275828
       8     -4.163978787895      0.000030668323
       9     -4.163985201400      0.000006413505
      10     -4.163986539981      0.000001338581
      11     -4.163986819611      0.000000279630
      12     -4.163986878002      0.000000058391
      13     -4.163986890197      0.000000012195
      14     -4.163986892744      0.000000002547
      15     -4.163986893276      0.000000000532
      16     -4.163986893387      0.000000000111
      17     -4.163986893410      0.000000000023
      18     -4.163986893415      0.000000000005
 ----------------------------------------------------------
  
 
 
 ---------------------------------------
     Molecular Orbital Energies (Eh)    
 ---------------------------------------
       1     -1.15024793
       2     -0.35917519
       3     -0.28755626
       4     -0.18866195
       5     -0.14720455
       6     -0.07781338
       7     -0.02391872
       8      0.06965803
       9      0.14853730
      10      0.26551518
      11      0.36958824
      12      0.50748827
      13      0.63647397
      14      0.79439785
      15      0.94778977
      16      1.12560009
      17      1.30281689
      18      1.50070604
      19      1.70120302
      20      1.91947177
      21      2.14279437
      22      2.38174500
      23      2.62754158
      24      2.88743401
      25      3.15544692
      26      3.43648745
      27      3.72653559
      28      4.02888048
      29      4.34084089
      30      4.66460522
      31      4.99839705
      32      5.34366429
      33      5.69923605
      34      6.06606638
      35      6.44338657
      36      6.83182341
      37      7.23087382
      38      7.64094875
      39      8.06171981
      40      8.49345609
      41      8.93594371
      42      9.38935877
      43      9.85356225
      44     10.32866944
      45     10.81459014
      46     11.31139988
      47     11.81904028
      48     12.33756094
      49     12.86692414
      50     13.40716254
      51     13.95825187
      52     14.52021373
      53     15.09303255
      54     15.67672274
      55     16.27127433
      56     16.87669703
      57     17.49298452
      58     18.12014341
      59     18.75816972
      60     19.40706806
      61     20.06683594
      62     20.73747663
      63     21.41898860
      64     22.11137426
      65     22.81463266
      66     23.52876565
      67     24.25377265
      68     24.98965512
      69     25.73641271
      70     26.49404663
      71     27.26255665
      72     28.04194382
      73     28.83220798
      74     29.63335006
      75     30.44536992
      76     31.26826843
      77     32.10204547
      78     32.94670183
      79     33.80223738
      80     34.66865290
      81     35.54594822
      82     36.43412412
      83     37.33318039
      84     38.24311779
      85     39.16393609
      86     40.09563606
      87     41.03821741
      88     41.99168092
      89     42.95602628
      90     43.93125426
      91     44.91736451
      92     45.91435782
      93     46.92223380
      94     47.94099324
      95     48.97063574
      96     50.01116209
      97     51.06257183
      98     52.12486580
      99     53.19804349
     100     54.28210574
     101     55.37705203
     102     56.48288321
     103     57.59959872
     104     58.72719943
     105     59.86568474
     106     61.01505554
     107     62.17531120
     108     63.34645264
     109     64.52847917
     110     65.72139175
     111     66.92518966
     112     68.13987387
     113     69.36544361
     114     70.60189990
     115     71.84924194
     116     73.10747075
     117     74.37658550
     118     75.65658725
     119     76.94747512
     120     78.24925020
     121     79.56191158
     122     80.88546037
     123     82.21989561
     124     83.56521848
     125     84.92142794
     126     86.28852522
     127     87.66650924
     128     89.05538126
     129     90.45514016
     130     91.86578724
     131     93.28732133
     132     94.71974376
     133     96.16305333
     134     97.61725140
     135     99.08233673
     136    100.55831073
     137    102.04517209
     138    103.54292228
     139    105.05155993
     140    106.57108656
     141    108.10150075
     142    109.64280406
     143    111.19499504
     144    112.75807527
     145    114.33204326
     146    115.91690064
     147    117.51264586
     148    119.11928061
     149    120.73680328
     150    122.36521560
     151    124.00451592
     152    125.65470602
     153    127.31578420
     154    128.98775227
     155    130.67060849
     156    132.36435473
     157    134.06898918
     158    135.78451377
     159    137.51092663
     160    139.24822974
     161    140.99642118
     162    142.75550299
     163    144.52547318
     164    146.30633385
     165    148.09808295
     166    149.90072265
     167    151.71425082
     168    153.53866969
     169    155.37397708
     170    157.22017528
     171    159.07726204
     172    160.94523972
     173    162.82410600
     174    164.71386329
     175    166.61450922
     176    168.52604627
     177    170.44847199
     178    172.38178894
     179    174.32599457
     180    176.28109154
     181    178.24707723
     182    180.22395434
     183    182.21172020
     184    184.21037760
     185    186.21992375
     186    188.24036154
     187    190.27168811
     188    192.31390641
     189    194.36701351
     190    196.43101244
     191    198.50590019
     192    200.59167986
     193    202.68834836
     194    204.79590888
     195    206.91435824
     196    209.04369972
     197    211.18393005
     198    213.33505259
     199    215.49706399
     200    217.66996770
     201    219.85376027
     202    222.04844524
     203    224.25401908
     204    226.47048542
     205    228.69784063
     206    230.93608843
     207    233.18522510
     208    235.44525446
     209    237.71617268
     210    239.99798369
     211    242.29068355
     212    244.59427631
     213    246.90875790
     214    249.23413249
     215    251.57039591
     216    253.91755241
     217    256.27559774
     218    258.64453625
     219    261.02436357
     220    263.41508417
     221    265.81669356
     222    268.22919634
     223    270.65258789
     224    273.08687293
     225    275.53204672
     226    277.98811409
     227    280.45507020
     228    282.93291999
     229    285.42165849
     230    287.92129079
     231    290.43181176
     232    292.95322663
     233    295.48553015
     234    298.02872768
     235    300.58281382
     236    303.14779407
     237    305.72366291
     238    308.31042597
     239    310.90807758
     240    313.51662352
     241    316.13605797
     242    318.76638686
     243    321.40760422
     244    324.05971614
     245    326.72271649
     246    329.39661149
     247    332.08139489
     248    334.77707307
     249    337.48363959
     250    340.20110100
     251    342.92945071
     252    345.66869543
     253    348.41882839
     254    351.17985649
     255    353.95177277
     256    356.73458431
     257    359.52828398
     258    362.33287903
     259    365.14836216
     260    367.97474078
     261    370.81200743
     262    373.66016970
     263    376.51921992
     264    379.38916590
     265    382.26999977
     266    385.16172953
     267    388.06434710
     268    390.97786070
     269    393.90226204
     270    396.83755954
     271    399.78374471
     272    402.74082618
     273    405.70879524
     274    408.68766075
     275    411.67741376
     276    414.67806336
     277    417.68960038
     278    420.71203414
     279    423.74535523
     280    426.78957321
     281    429.84467843
     282    432.91068070
     283    435.98757010
     284    439.07535671
     285    442.17403036
     286    445.28360137
     287    448.40405933
     288    451.53541481
     289    454.67765712
     290    457.83079712
     291    460.99482385
     292    464.16974844
     293    467.35555964
     294    470.55226888
     295    473.75986461
     296    476.97835855
     297    480.20773886
     298    483.44801757
     299    486.69918251
     300    489.96124604
     301    493.23419568
     302    496.51804409
     303    499.81277846
     304    503.11841182
     305    506.43493099
     306    509.76234934
     307    513.10065336
     308    516.44985677
     309    519.80994568
     310    523.18093421
     311    526.56280807
     312    529.95558176
     313    533.35924063
     314    536.77379954
     315    540.19924346
     316    543.63558766
     317    547.08281668
     318    550.54094621
     319    554.00996037
     320    557.48987530
     321    560.98067466
     322    564.48237503
     323    567.99495964
     324    571.51844551
     325    575.05281540
     326    578.59808683
     327    582.15424206
     328    585.72129909
     329    589.29923970
     330    592.88808239
     331    596.48780842
     332    600.09843683
     333    603.71994833
     334    607.35236250
     335    610.99565950
     336    614.64985949
     337    618.31494204
     338    621.99092789
     339    625.67779603
     340    629.37556780
     341    633.08422157
     342    636.80377930
     343    640.53421873
     344    644.27556248
     345    648.02778761
     346    651.79091742
     347    655.56492828
     348    659.34984420
     349    663.14564083
     350    666.95234290
     351    670.76992533
     352    674.59841360
     353    678.43778186
     354    682.28805637
     355    686.14921049
     356    690.02127128
     357    693.90421128
     358    697.79805841
     359    701.70278432
     360    705.61841781
     361    709.54492965
     362    713.48234954
     363    717.43064733
     364    721.38985368
     365    725.35993743
     366    729.34093026
     367    733.33280000
     368    737.33557934
     369    741.34923507
     370    745.37380097
     371    749.40924270
     372    753.45559518
     373    757.51282293
     374    761.58096202
     375    765.65997578
     376    769.74990151
     377    773.85070128
     378    777.96241368
     379    782.08499946
     380    786.21849856
     381    790.36287033
     382    794.51815614
     383    798.68431391
     384    802.86138644
     385    807.04933018
     386    811.24818947
     387    815.45791915
     388    819.67856520
     389    823.91008080
     390    828.15251363
     391    832.40581511
     392    836.67003472
     393    840.94512205
     394    845.23112845
     395    849.52800158
     396    853.83579476
     397    858.15445364
     398    862.48403361
     399    866.82447817
     400    871.17584491
     401    875.53807510
     402    879.91122861
     403    884.29524433
     404    888.69018459
     405    893.09598576
     406    897.51271275
     407    901.94029928
     408    906.37881298
     409    910.82818475
     410    915.28848512
     411    919.75964202
     412    924.24172902
     413    928.73467091
     414    933.23854451
     415    937.75327124
     416    942.27893138
     417    946.81544280
     418    951.36288941
     419    955.92118533
     420    960.49041837
     421    965.07049859
     422    969.66151798
     423    974.26338229
     424    978.87618794
     425    983.49983610
     426    988.13442792
     427    992.77985967
     428    997.43623757
     429   1002.10345261
     430   1006.78161647
     431   1011.47061449
     432   1016.17056421
     433   1020.88134485
     434   1025.60308028
     435   1030.33564318
     436   1035.07916418
     437   1039.83350890
     438   1044.59881530
     439   1049.37494141
     440   1054.16203305
     441   1058.95994001
     442   1063.76881668
     443   1068.58850397
     444   1073.41916550
     445   1078.26063248
     446   1083.11307860
     447   1087.97632463
     448   1092.85055514
     449   1097.73557945
     450   1102.63159400
     451   1107.53839586
     452   1112.45619423
     453   1117.38477267
     454   1122.32435440
     455   1127.27470861
     456   1132.23607341
     457   1137.20820222
     458   1142.19134941
     459   1147.18525199
     460   1152.19018118
     461   1157.20585616
     462   1162.23256625
     463   1167.27001293
     464   1172.31850329
     465   1177.37772018
     466   1182.44798886
     467   1187.52897586
     468   1192.62102155
     469   1197.72377743
     470   1202.83759644
     471   1207.96212261
     472   1213.09771200
     473   1218.24400856
     474   1223.40136096
     475   1228.56943293
     476   1233.74854146
     477   1238.93839284
     478   1244.13924252
     479   1249.35088621
     480   1254.57346138
     481   1259.80691083
     482   1265.05118149
     483   1270.30646523
     484   1275.57239765
     485   1280.84954891
     486   1286.13708718
     487   1291.43615950
     488   1296.74523908
     489   1302.06629787
     490   1307.39683467
     491   1312.73994795
     492   1318.09185122
     493   1323.45709951
     494   1328.83033841
     495   1334.21765588
     496   1339.61225829
     497   1345.02150964
     498   1350.43805555
     499   1355.86813594
     500   1361.30780886
     501   1366.75669283
     502   1372.22411118
     503   1377.68427622
     504   1383.18834926
     505   1388.64621590
     506   1394.21142229
     507   1399.63457678
     508   1405.28944317
     509   1410.65162123
     510   1416.42993171
     511   1421.74086952
     512   1427.53564651
 ---------------------------------------
 
SCF converged! Final Ground-State Energy (Eh):              -4.1639868934149797
