 
     Two-Electron DVR    
 ------------------------
 x0     =      15.00000000
 m      =       1.00000000
 Z      =       5.00000000
 n      =             2048
 dx     =       0.01465559
 
Soft-Coulomb Parameters:
 alpha  =       1.00000000
 beta   =       1.00000000
 
 
                       Hartree-Fock                      
 --------------------------------------------------------
 no. of orbitals        =             2048
 no. of electrons       =                2
 scf_damping_switch     =        F
 scf_diis_switch        =        F
 damping_factor         =   0.00000000
 e_tolerance            = 0.0000000000100000
 maximum scf-iterations =              200
 
 
                       SCF iterations                      
 ----------------------------------------------------------
    S.No    Energy (hartree)        dE (hartree)
 ----------------------------------------------------------
       0     -8.193126433535
       1     -7.361960181698      0.831166251837
       2     -7.366712559745      0.004752378047
       3     -7.366881703785      0.000169144040
       4     -7.366887717341      0.000006013556
       5     -7.366887931636      0.000000214296
       6     -7.366887939287      0.000000007651
       7     -7.366887939563      0.000000000276
       8     -7.366887939572      0.000000000009
 ----------------------------------------------------------
  
 
 
 ---------------------------------------
     Molecular Orbital Energies (Eh)    
 ---------------------------------------
       1     -3.27293446
       2     -1.43079306
       3     -0.87038172
       4     -0.59621348
       5     -0.42957463
       6     -0.32426652
       7     -0.24873639
       8     -0.18274775
       9     -0.10876527
      10     -0.02176061
      11      0.07978408
      12      0.19411210
      13      0.32171527
      14      0.46130173
      15      0.61334737
      16      0.77702407
      17      0.95263740
      18      1.13971417
      19      1.33837901
      20      1.54841229
      21      1.76980233
      22      2.00249340
      23      2.24639137
      24      2.50153408
      25      2.76778933
      26      3.04523934
      27      3.33374410
      28      3.63339926
      29      3.94407459
      30      4.26586186
      31      4.59864888
      32      4.94251540
      33      5.29736960
      34      5.66327664
      35      6.04016402
      36      6.42808274
      37      6.82697709
      38      7.23688570
      39      7.65776662
      40      8.08964839
      41      8.53249991
      42      8.98634180
      43      9.45115126
      44      9.92694295
      45     10.41370028
      46     10.91143349
      47     11.42013059
      48     11.93979860
      49     12.47042888
      50     13.01202617
      51     13.56458426
      52     14.12810625
      53     14.70258769
      54     15.28803057
      55     15.88443165
      56     16.49179218
      57     17.11010981
      58     17.73938527
      59     18.37961681
      60     19.03080484
      61     19.69294808
      62     20.36604668
      63     21.05009969
      64     21.74510713
      65     22.45106826
      66     23.16798303
      67     23.89585087
      68     24.63467166
      69     25.38444496
      70     26.14517063
      71     26.91684831
      72     27.69947785
      73     28.49305895
      74     29.29759148
      75     30.11307517
      76     30.93950990
      77     31.77689545
      78     32.62523169
      79     33.48451844
      80     34.35475558
      81     35.23594294
      82     36.12808043
      83     37.03116789
      84     37.94520524
      85     38.87019234
      86     39.80612910
      87     40.75301543
      88     41.71085122
      89     42.67963640
      90     43.65937087
      91     44.65005456
      92     45.65168740
      93     46.66426930
      94     47.68780021
      95     48.72228006
      96     49.76770879
      97     50.82408634
      98     51.89141265
      99     52.96968767
     100     54.05891136
     101     55.15908365
     102     56.27020452
     103     57.39227390
     104     58.52529177
     105     59.66925807
     106     60.82417279
     107     61.99003586
     108     63.16684728
     109     64.35460698
     110     65.55331496
     111     66.76297117
     112     67.98357560
     113     69.21512820
     114     70.45762895
     115     71.71107783
     116     72.97547482
     117     74.25081988
     118     75.53711301
     119     76.83435416
     120     78.14254334
     121     79.46168050
     122     80.79176565
     123     82.13279875
     124     83.48477980
     125     84.84770876
     126     86.22158563
     127     87.60641039
     128     89.00218303
     129     90.40890353
     130     91.82657188
     131     93.25518806
     132     94.69475207
     133     96.14526388
     134     97.60672349
     135     99.07913088
     136    100.56248605
     137    102.05678898
     138    103.56203967
     139    105.07823810
     140    106.60538427
     141    108.14347815
     142    109.69251976
     143    111.25250906
     144    112.82344608
     145    114.40533077
     146    115.99816316
     147    117.60194321
     148    119.21667094
     149    120.84234632
     150    122.47896936
     151    124.12654004
     152    125.78505838
     153    127.45452433
     154    129.13493793
     155    130.82629914
     156    132.52860798
     157    134.24186442
     158    135.96606848
     159    137.70122012
     160    139.44731938
     161    141.20436622
     162    142.97236066
     163    144.75130266
     164    146.54119226
     165    148.34202943
     166    150.15381417
     167    151.97654647
     168    153.81022635
     169    155.65485377
     170    157.51042876
     171    159.37695129
     172    161.25442138
     173    163.14283900
     174    165.04220418
     175    166.95251689
     176    168.87377715
     177    170.80598492
     178    172.74914024
     179    174.70324307
     180    176.66829345
     181    178.64429133
     182    180.63123674
     183    182.62912966
     184    184.63797011
     185    186.65775806
     186    188.68849353
     187    190.73017650
     188    192.78280698
     189    194.84638496
     190    196.92091045
     191    199.00638343
     192    201.10280393
     193    203.21017190
     194    205.32848738
     195    207.45775034
     196    209.59796082
     197    211.74911876
     198    213.91122421
     199    216.08427712
     200    218.26827754
     201    220.46322542
     202    222.66912081
     203    224.88596366
     204    227.11375400
     205    229.35249181
     206    231.60217711
     207    233.86280986
     208    236.13439011
     209    238.41691782
     210    240.71039301
     211    243.01481566
     212    245.33018579
     213    247.65650338
     214    249.99376845
     215    252.34198096
     216    254.70114097
     217    257.07124841
     218    259.45230335
     219    261.84430572
     220    264.24725558
     221    266.66115287
     222    269.08599765
     223    271.52178986
     224    273.96852956
     225    276.42621669
     226    278.89485130
     227    281.37443334
     228    283.86496286
     229    286.36643982
     230    288.87886425
     231    291.40223611
     232    293.93655544
     233    296.48182221
     234    299.03803645
     235    301.60519811
     236    304.18330726
     237    306.77236382
     238    309.37236786
     239    311.98331933
     240    314.60521826
     241    317.23806462
     242    319.88185846
     243    322.53659971
     244    325.20228843
     245    327.87892457
     246    330.56650819
     247    333.26503922
     248    335.97451773
     249    338.69494365
     250    341.42631705
     251    344.16863785
     252    346.92190613
     253    349.68612182
     254    352.46128499
     255    355.24739556
     256    358.04445361
     257    360.85245907
     258    363.67141200
     259    366.50131234
     260    369.34216015
     261    372.19395537
     262    375.05669806
     263    377.93038815
     264    380.81502572
     265    383.71061070
     266    386.61714314
     267    389.53462299
     268    392.46305032
     269    395.40242504
     270    398.35274724
     271    401.31401684
     272    404.28623392
     273    407.26939839
     274    410.26351034
     275    413.26856969
     276    416.28457651
     277    419.31153073
     278    422.34943242
     279    425.39828151
     280    428.45807808
     281    431.52882204
     282    434.61051348
     283    437.70315231
     284    440.80673862
     285    443.92127233
     286    447.04675351
     287    450.18318208
     288    453.33055813
     289    456.48888157
     290    459.65815249
     291    462.83837080
     292    466.02953659
     293    469.23164977
     294    472.44471043
     295    475.66871848
     296    478.90367400
     297    482.14957692
     298    485.40642731
     299    488.67422510
     300    491.95297036
     301    495.24266301
     302    498.54330314
     303    501.85489066
     304    505.17742566
     305    508.51090804
     306    511.85533791
     307    515.21071516
     308    518.57703990
     309    521.95431202
     310    525.34253162
     311    528.74169861
     312    532.15181308
     313    535.57287493
     314    539.00488427
     315    542.44784099
     316    545.90174519
     317    549.36659678
     318    552.84239585
     319    556.32914231
     320    559.82683625
     321    563.33547757
     322    566.85506638
     323    570.38560256
     324    573.92708624
     325    577.47951730
     326    581.04289584
     327    584.61722176
     328    588.20249518
     329    591.79871597
     330    595.40588425
     331    599.02399991
     332    602.65306306
     333    606.29307358
     334    609.94403160
     335    613.60593699
     336    617.27878988
     337    620.96259015
     338    624.65733790
     339    628.36303303
     340    632.07967566
     341    635.80726566
     342    639.54580316
     343    643.29528803
     344    647.05572040
     345    650.82710014
     346    654.60942737
     347    658.40270198
     348    662.20692409
     349    666.02209357
     350    669.84821055
     351    673.68527490
     352    677.53328676
     353    681.39224598
     354    685.26215270
     355    689.14300679
     356    693.03480839
     357    696.93755736
     358    700.85125383
     359    704.77589766
     360    708.71148901
     361    712.65802772
     362    716.61551393
     363    720.58394752
     364    724.56332861
     365    728.55365707
     366    732.55493303
     367    736.56715636
     368    740.59032721
     369    744.62444541
     370    748.66951113
     371    752.72552421
     372    756.79248480
     373    760.87039276
     374    764.95924823
     375    769.05905107
     376    773.16980141
     377    777.29149912
     378    781.42414435
     379    785.56773694
     380    789.72227704
     381    793.88776451
     382    798.06419949
     383    802.25158184
     384    806.44991170
     385    810.65918892
     386    814.87941367
     387    819.11058577
     388    823.35270540
     389    827.60577238
     390    831.86978689
     391    836.14474875
     392    840.43065814
     393    844.72751488
     394    849.03531916
     395    853.35407078
     396    857.68376994
     397    862.02441645
     398    866.37601049
     399    870.73855189
     400    875.11204081
     401    879.49647709
     402    883.89186090
     403    888.29819206
     404    892.71547076
     405    897.14369681
     406    901.58287039
     407    906.03299133
     408    910.49405980
     409    914.96607562
     410    919.44903898
     411    923.94294969
     412    928.44780794
     413    932.96361354
     414    937.49036668
     415    942.02806717
     416    946.57671520
     417    951.13631058
     418    955.70685350
     419    960.28834377
     420    964.88078158
     421    969.48416674
     422    974.09849945
     423    978.72377950
     424    983.36000710
     425    988.00718205
     426    992.66530454
     427    997.33437438
     428   1002.01439177
     429   1006.70535651
     430   1011.40726879
     431   1016.12012843
     432   1020.84393561
     433   1025.57869014
     434   1030.32439222
     435   1035.08104164
     436   1039.84863862
     437   1044.62718294
     438   1049.41667482
     439   1054.21711404
     440   1059.02850082
     441   1063.85083494
     442   1068.68411662
     443   1073.52834564
     444   1078.38352223
     445   1083.24964615
     446   1088.12671763
     447   1093.01473646
     448   1097.91370285
     449   1102.82361658
     450   1107.74447787
     451   1112.67628650
     452   1117.61904270
     453   1122.57274624
     454   1127.53739734
     455   1132.51299579
     456   1137.49954180
     457   1142.49703515
     458   1147.50547607
     459   1152.52486433
     460   1157.55520016
     461   1162.59648332
     462   1167.64871407
     463   1172.71189214
     464   1177.78601779
     465   1182.87109078
     466   1187.96711134
     467   1193.07407924
     468   1198.19199472
     469   1203.32085753
     470   1208.46066792
     471   1213.61142564
     472   1218.77313094
     473   1223.94578358
     474   1229.12938380
     475   1234.32393136
     476   1239.52942649
     477   1244.74586896
     478   1249.97325902
     479   1255.21159640
     480   1260.46088138
     481   1265.72111368
     482   1270.99229358
     483   1276.27442080
     484   1281.56749561
     485   1286.87151776
     486   1292.18648749
     487   1297.51240456
     488   1302.84926922
     489   1308.19708120
     490   1313.55584079
     491   1318.92554770
     492   1324.30620221
     493   1329.69780404
     494   1335.10035347
     495   1340.51385023
     496   1345.93829459
     497   1351.37368628
     498   1356.82002557
     499   1362.27731218
     500   1367.74554640
     501   1373.22472794
     502   1378.71485709
     503   1384.21593356
     504   1389.72795764
     505   1395.25092903
     506   1400.78484805
     507   1406.32971438
     508   1411.88552832
     509   1417.45228959
     510   1423.02999847
     511   1428.61865466
     512   1434.21825848
     513   1439.82880961
     514   1445.45030836
     515   1451.08275443
     516   1456.72614812
     517   1462.38048912
     518   1468.04577775
     519   1473.72201369
     520   1479.40919726
     521   1485.10732814
     522   1490.81640665
     523   1496.53643247
     524   1502.26740593
     525   1508.00932669
     526   1513.76219508
     527   1519.52601079
     528   1525.30077413
     529   1531.08648478
     530   1536.88314306
     531   1542.69074865
     532   1548.50930188
     533   1554.33880242
     534   1560.17925060
     535   1566.03064609
     536   1571.89298922
     537   1577.76627965
     538   1583.65051773
     539   1589.54570311
     540   1595.45183614
     541   1601.36891647
     542   1607.29694446
     543   1613.23591974
     544   1619.18584268
     545   1625.14671291
     546   1631.11853080
     547   1637.10129600
     548   1643.09500884
     549   1649.09966899
     550   1655.11527679
     551   1661.14183190
     552   1667.17933466
     553   1673.22778472
     554   1679.28718244
     555   1685.35752746
     556   1691.43882014
     557   1697.53106012
     558   1703.63424776
     559   1709.74838271
     560   1715.87346531
     561   1722.00949522
     562   1728.15647279
     563   1734.31439765
     564   1740.48327019
     565   1746.66309002
     566   1752.85385753
     567   1759.05557232
     568   1765.26823480
     569   1771.49184456
     570   1777.72640200
     571   1783.97190674
     572   1790.22835915
     573   1796.49575885
     574   1802.77410624
     575   1809.06340091
     576   1815.36364327
     577   1821.67483291
     578   1827.99697025
     579   1834.33005487
     580   1840.67408717
     581   1847.02906677
     582   1853.39499405
     583   1859.77186862
     584   1866.15969089
     585   1872.55846043
     586   1878.96817768
     587   1885.38884220
     588   1891.82045443
     589   1898.26301393
     590   1904.71652114
     591   1911.18097563
     592   1917.65637782
     593   1924.14272729
     594   1930.64002446
     595   1937.14826892
     596   1943.66746108
     597   1950.19760052
     598   1956.73868766
     599   1963.29072209
     600   1969.85370423
     601   1976.42763364
     602   1983.01251077
     603   1989.60833517
     604   1996.21510729
     605   2002.83282668
     606   2009.46149379
     607   2016.10110818
     608   2022.75167028
     609   2029.41317966
     610   2036.08563676
     611   2042.76904113
     612   2049.46339323
     613   2056.16869260
     614   2062.88493970
     615   2069.61213406
     616   2076.35027616
     617   2083.09936552
     618   2089.85940262
     619   2096.63038698
     620   2103.41231908
     621   2110.20519845
     622   2117.00902555
     623   2123.82379992
     624   2130.64952203
     625   2137.48619140
     626   2144.33380851
     627   2151.19237289
     628   2158.06188501
     629   2164.94234440
     630   2171.83375153
     631   2178.73610592
     632   2185.64940807
     633   2192.57365747
     634   2199.50885462
     635   2206.45499904
     636   2213.41209121
     637   2220.38013063
     638   2227.35911782
     639   2234.34905226
     640   2241.34993446
     641   2248.36176391
     642   2255.38454113
     643   2262.41826560
     644   2269.46293784
     645   2276.51855733
     646   2283.58512459
     647   2290.66263910
     648   2297.75110138
     649   2304.85051091
     650   2311.96086821
     651   2319.08217277
     652   2326.21442510
     653   2333.35762467
     654   2340.51177203
     655   2347.67686663
     656   2354.85290902
     657   2362.03989865
     658   2369.23783606
     659   2376.44672072
     660   2383.66655317
     661   2390.89733285
     662   2398.13906033
     663   2405.39173505
     664   2412.65535757
     665   2419.92992732
     666   2427.21544487
     667   2434.51190965
     668   2441.81932224
     669   2449.13768206
     670   2456.46698968
     671   2463.80724454
     672   2471.15844721
     673   2478.52059711
     674   2485.89369481
     675   2493.27773975
     676   2500.67273250
     677   2508.07867248
     678   2515.49556027
     679   2522.92339530
     680   2530.36217814
     681   2537.81190821
     682   2545.27258610
     683   2552.74421121
     684   2560.22678415
     685   2567.72030431
     686   2575.22477230
     687   2582.74018751
     688   2590.26655055
     689   2597.80386082
     690   2605.35211891
     691   2612.91132423
     692   2620.48147738
     693   2628.06257775
     694   2635.65462596
     695   2643.25762139
     696   2650.87156465
     697   2658.49645514
     698   2666.13229346
     699   2673.77907901
     700   2681.43681240
     701   2689.10549300
     702   2696.78512145
     703   2704.47569712
     704   2712.17722063
     705   2719.88969136
     706   2727.61310995
     707   2735.34747574
     708   2743.09278940
     709   2750.84905026
     710   2758.61625898
     711   2766.39441491
     712   2774.18351870
     713   2781.98356970
     714   2789.79456857
     715   2797.61651464
     716   2805.44940859
     717   2813.29324973
     718   2821.14803875
     719   2829.01377497
     720   2836.89045907
     721   2844.77809036
     722   2852.67666954
     723   2860.58619591
     724   2868.50667017
     725   2876.43809163
     726   2884.38046097
     727   2892.33377750
     728   2900.29804193
     729   2908.27325355
     730   2916.25941306
     731   2924.25651977
     732   2932.26457437
     733   2940.28357616
     734   2948.31352585
     735   2956.35442272
     736   2964.40626751
     737   2972.46905947
     738   2980.54279935
     739   2988.62748641
     740   2996.72312138
     741   3004.82970353
     742   3012.94723360
     743   3021.07571085
     744   3029.21513601
     745   3037.36550835
     746   3045.52682862
     747   3053.69909606
     748   3061.88231143
     749   3070.07647397
     750   3078.28158444
     751   3086.49764208
     752   3094.72464766
     753   3102.96260040
     754   3111.21150108
     755   3119.47134894
     756   3127.74214473
     757   3136.02388769
     758   3144.31657859
     759   3152.62021665
     760   3160.93480266
     761   3169.26033584
     762   3177.59681697
     763   3185.94424526
     764   3194.30262150
     765   3202.67194490
     766   3211.05221626
     767   3219.44343478
     768   3227.84560126
     769   3236.25871489
     770   3244.68277649
     771   3253.11778525
     772   3261.56374197
     773   3270.02064584
     774   3278.48849769
     775   3286.96729669
     776   3295.45704366
     777   3303.95773778
     778   3312.46937988
     779   3320.99196913
     780   3329.52550635
     781   3338.06999073
     782   3346.62542309
     783   3355.19180260
     784   3363.76913009
     785   3372.35740473
     786   3380.95662736
     787   3389.56679713
     788   3398.18791489
     789   3406.81997980
     790   3415.46299270
     791   3424.11695274
     792   3432.78186079
     793   3441.45771597
     794   3450.14451915
     795   3458.84226948
     796   3467.55096781
     797   3476.27061327
     798   3485.00120675
     799   3493.74274735
     800   3502.49523598
     801   3511.25867173
     802   3520.03305551
     803   3528.81838641
     804   3537.61466533
     805   3546.42189138
     806   3555.24006546
     807   3564.06918667
     808   3572.90925590
     809   3581.76027226
     810   3590.62223665
     811   3599.49514816
     812   3608.37900771
     813   3617.27381438
     814   3626.17956909
     815   3635.09627091
     816   3644.02392079
     817   3652.96251778
     818   3661.91206281
     819   3670.87255496
     820   3679.84399517
     821   3688.82638248
     822   3697.81971786
     823   3706.82400034
     824   3715.83923088
     825   3724.86540853
     826   3733.90253425
     827   3742.95060707
     828   3752.00962796
     829   3761.07959595
     830   3770.16051201
     831   3779.25237518
     832   3788.35518642
     833   3797.46894476
     834   3806.59365119
     835   3815.72930471
     836   3824.87590631
     837   3834.03345501
     838   3843.20195180
     839   3852.38139568
     840   3861.57178766
     841   3870.77312672
     842   3879.98541388
     843   3889.20864813
     844   3898.44283049
     845   3907.68795992
     846   3916.94403747
     847   3926.21106209
     848   3935.48903483
     849   3944.77795464
     850   3954.07782258
     851   3963.38863759
     852   3972.71040072
     853   3982.04311092
     854   3991.38676926
     855   4000.74137466
     856   4010.10692819
     857   4019.48342879
     858   4028.87087753
     859   4038.26927333
     860   4047.67861727
     861   4057.09890827
     862   4066.53014742
     863   4075.97233363
     864   4085.42546799
     865   4094.88954941
     866   4104.36457898
     867   4113.85055560
     868   4123.34748039
     869   4132.85535222
     870   4142.37417222
     871   4151.90393927
     872   4161.44465449
     873   4170.99631675
     874   4180.55892719
     875   4190.13248467
     876   4199.71699033
     877   4209.31244302
     878   4218.91884391
     879   4228.53619183
     880   4238.16448794
     881   4247.80373108
     882   4257.45392241
     883   4267.11506078
     884   4276.78714735
     885   4286.47018094
     886   4296.16416274
     887   4305.86909156
     888   4315.58496859
     889   4325.31179265
     890   4335.04956492
     891   4344.79828420
     892   4354.55795171
     893   4364.32856623
     894   4374.11012898
     895   4383.90263874
     896   4393.70609673
     897   4403.52050172
     898   4413.34585496
     899   4423.18215520
     900   4433.02940368
     901   4442.88759916
     902   4452.75674289
     903   4462.63683362
     904   4472.52787259
     905   4482.42985857
     906   4492.34279280
     907   4502.26667403
     908   4512.20150351
     909   4522.14727999
     910   4532.10400473
     911   4542.07167647
     912   4552.05029647
     913   4562.03986345
     914   4572.04037872
     915   4582.05184096
     916   4592.07425149
     917   4602.10760899
     918   4612.15191478
     919   4622.20716755
     920   4632.27336861
     921   4642.35051664
     922   4652.43861297
     923   4662.53765627
     924   4672.64764787
     925   4682.76858644
     926   4692.90047331
     927   4703.04330715
     928   4713.19708930
     929   4723.36181841
     930   4733.53749584
     931   4743.72412023
     932   4753.92169293
     933   4764.13021260
     934   4774.34968059
     935   4784.58009553
     936   4794.82145881
     937   4805.07376903
     938   4815.33702759
     939   4825.61123310
     940   4835.89638695
     941   4846.19248775
     942   4856.49953689
     943   4866.81753297
     944   4877.14647741
     945   4887.48636878
     946   4897.83720851
     947   4908.19899518
     948   4918.57173021
     949   4928.95541217
     950   4939.35004250
     951   4949.75561975
     952   4960.17214538
     953   4970.59961794
     954   4981.03803887
     955   4991.48740673
     956   5001.94772297
     957   5012.41898613
     958   5022.90119768
     959   5033.39435615
     960   5043.89846301
     961   5054.41351678
     962   5064.93951896
     963   5075.47646804
     964   5086.02436553
     965   5096.58320993
     966   5107.15300274
     967   5117.73374244
     968   5128.32543057
     969   5138.92806560
     970   5149.54164905
     971   5160.16617939
     972   5170.80165817
     973   5181.44808383
     974   5192.10545794
     975   5202.77377893
     976   5213.45304836
     977   5224.14326467
     978   5234.84442944
     979   5245.55654108
     980   5256.27960117
     981   5267.01360814
     982   5277.75856358
     983   5288.51446588
     984   5299.28131665
     985   5310.05911429
     986   5320.84786040
     987   5331.64755338
     988   5342.45819483
     989   5353.27978314
     990   5364.11231994
     991   5374.95580360
     992   5385.81023575
     993   5396.67561474
     994   5407.55194224
     995   5418.43921658
     996   5429.33743943
     997   5440.24660912
     998   5451.16672733
     999   5462.09779237
    1000   5473.03980593
    1001   5483.99276632
    1002   5494.95667524
    1003   5505.93153099
    1004   5516.91733527
    1005   5527.91408638
    1006   5538.92178602
    1007   5549.94043249
    1008   5560.97002750
    1009   5572.01056932
    1010   5583.06205971
    1011   5594.12449689
    1012   5605.19788265
    1013   5616.28221520
    1014   5627.37749633
    1015   5638.48372425
    1016   5649.60090075
    1017   5660.72902404
    1018   5671.86809592
    1019   5683.01811459
    1020   5694.17908185
    1021   5705.35099589
    1022   5716.53385853
    1023   5727.72766795
    1024   5738.93242598
    1025   5750.14813078
    1026   5761.37478419
    1027   5772.61238438
    1028   5783.86093318
    1029   5795.12042875
    1030   5806.39087294
    1031   5817.67226390
    1032   5828.96460349
    1033   5840.26788983
    1034   5851.58212482
    1035   5862.90730655
    1036   5874.24343694
    1037   5885.59051407
    1038   5896.94853986
    1039   5908.31751239
    1040   5919.69743357
    1041   5931.08830150
    1042   5942.49011810
    1043   5953.90288143
    1044   5965.32659343
    1045   5976.76125216
    1046   5988.20685958
    1047   5999.66341372
    1048   6011.13091655
    1049   6022.60936610
    1050   6034.09876434
    1051   6045.59910930
    1052   6057.11040296
    1053   6068.63264333
    1054   6080.16583242
    1055   6091.70996821
    1056   6103.26505271
    1057   6114.83108392
    1058   6126.40806385
    1059   6137.99599048
    1060   6149.59486584
    1061   6161.20468789
    1062   6172.82545868
    1063   6184.45717615
    1064   6196.09984238
    1065   6207.75345528
    1066   6219.41801694
    1067   6231.09352527
    1068   6242.77998237
    1069   6254.47738613
    1070   6266.18573867
    1071   6277.90503787
    1072   6289.63528585
    1073   6301.37648048
    1074   6313.12862391
    1075   6324.89171399
    1076   6336.66575286
    1077   6348.45073838
    1078   6360.24667270
    1079   6372.05355366
    1080   6383.87138344
    1081   6395.70015985
    1082   6407.53988508
    1083   6419.39055694
    1084   6431.25217763
    1085   6443.12474494
    1086   6455.00826109
    1087   6466.90272385
    1088   6478.80813546
    1089   6490.72449368
    1090   6502.65180076
    1091   6514.59005444
    1092   6526.53925699
    1093   6538.49940613
    1094   6550.47050414
    1095   6562.45254875
    1096   6574.44554223
    1097   6586.44948231
    1098   6598.46437127
    1099   6610.49020681
    1100   6622.52699125
    1101   6634.57472226
    1102   6646.63340218
    1103   6658.70302866
    1104   6670.78360407
    1105   6682.87512603
    1106   6694.97759691
    1107   6707.09101436
    1108   6719.21538073
    1109   6731.35069365
    1110   6743.49695552
    1111   6755.65416392
    1112   6767.82232128
    1113   6780.00142517
    1114   6792.19147802
    1115   6804.39247740
    1116   6816.60442575
    1117   6828.82732062
    1118   6841.06116447
    1119   6853.30595484
    1120   6865.56169419
    1121   6877.82838005
    1122   6890.10601491
    1123   6902.39459627
    1124   6914.69412663
    1125   6927.00460349
    1126   6939.32602937
    1127   6951.65840173
    1128   6964.00172312
    1129   6976.35599099
    1130   6988.72120789
    1131   7001.09737127
    1132   7013.48448369
    1133   7025.88254258
    1134   7038.29155052
    1135   7050.71150492
    1136   7063.14240839
    1137   7075.58425830
    1138   7088.03705729
    1139   7100.50080273
    1140   7112.97549725
    1141   7125.46113821
    1142   7137.95772825
    1143   7150.46526473
    1144   7162.98375032
    1145   7175.51318232
    1146   7188.05356344
    1147   7200.60489097
    1148   7213.16716763
    1149   7225.74039070
    1150   7238.32456289
    1151   7250.91968149
    1152   7263.52574923
    1153   7276.14276336
    1154   7288.77072665
    1155   7301.40963632
    1156   7314.05949516
    1157   7326.72030037
    1158   7339.39205476
    1159   7352.07475551
    1160   7364.76840545
    1161   7377.47300176
    1162   7390.18854725
    1163   7402.91503910
    1164   7415.65248016
    1165   7428.40086756
    1166   7441.16020417
    1167   7453.93048713
    1168   7466.71171931
    1169   7479.50389782
    1170   7492.30702557
    1171   7505.12109964
    1172   7517.94612295
    1173   7530.78209258
    1174   7543.62901147
    1175   7556.48687666
    1176   7569.35569113
    1177   7582.23545189
    1178   7595.12616192
    1179   7608.02781825
    1180   7620.94042387
    1181   7633.86397577
    1182   7646.79847697
    1183   7659.74392444
    1184   7672.70032123
    1185   7685.66766428
    1186   7698.64595665
    1187   7711.63519527
    1188   7724.63538324
    1189   7737.64651744
    1190   7750.66860100
    1191   7763.70163079
    1192   7776.74560994
    1193   7789.80053532
    1194   7802.86641006
    1195   7815.94323103
    1196   7829.03100138
    1197   7842.12971793
    1198   7855.23938388
    1199   7868.35999603
    1200   7881.49155759
    1201   7894.63406534
    1202   7907.78752250
    1203   7920.95192584
    1204   7934.12727862
    1205   7947.31357756
    1206   7960.51082595
    1207   7973.71902050
    1208   7986.93816450
    1209   8000.16825466
    1210   8013.40929428
    1211   8026.66128005
    1212   8039.92421529
    1213   8053.19809666
    1214   8066.48292753
    1215   8079.77870452
    1216   8093.08543101
    1217   8106.40310361
    1218   8119.73172573
    1219   8133.07129396
    1220   8146.42181171
    1221   8159.78327556
    1222   8173.15568894
    1223   8186.53904841
    1224   8199.93335743
    1225   8213.33861253
    1226   8226.75481719
    1227   8240.18196791
    1228   8253.62006821
    1229   8267.06911457
    1230   8280.52911052
    1231   8294.00005251
    1232   8307.48194410
    1233   8320.97478172
    1234   8334.47856897
    1235   8347.99330223
    1236   8361.51898512
    1237   8375.05561403
    1238   8388.60319258
    1239   8402.16171713
    1240   8415.73119133
    1241   8429.31161153
    1242   8442.90298139
    1243   8456.50529724
    1244   8470.11856277
    1245   8483.74277426
    1246   8497.37793545
    1247   8511.02404260
    1248   8524.68109946
    1249   8538.34910227
    1250   8552.02805480
    1251   8565.71795326
    1252   8579.41880146
    1253   8593.13059559
    1254   8606.85333947
    1255   8620.58702926
    1256   8634.33166881
    1257   8648.08725426
    1258   8661.85378950
    1259   8675.63127062
    1260   8689.41970154
    1261   8703.21907833
    1262   8717.02940494
    1263   8730.85067741
    1264   8744.68289970
    1265   8758.52606784
    1266   8772.38018582
    1267   8786.24524964
    1268   8800.12126332
    1269   8814.00822282
    1270   8827.90613219
    1271   8841.81498738
    1272   8855.73479244
    1273   8869.66554331
    1274   8883.60724408
    1275   8897.55989064
    1276   8911.52348712
    1277   8925.49802936
    1278   8939.48352154
    1279   8953.47995948
    1280   8967.48734737
    1281   8981.50568101
    1282   8995.53496461
    1283   9009.57519394
    1284   9023.62637325
    1285   9037.68849829
    1286   9051.76157331
    1287   9065.84559405
    1288   9079.94056480
    1289   9094.04648124
    1290   9108.16334771
    1291   9122.29115985
    1292   9136.42992204
    1293   9150.57962990
    1294   9164.74028782
    1295   9178.91189139
    1296   9193.09444504
    1297   9207.28794432
    1298   9221.49239370
    1299   9235.70778870
    1300   9249.93413381
    1301   9264.17142453
    1302   9278.41966537
    1303   9292.67885181
    1304   9306.94898840
    1305   9321.23007056
    1306   9335.52210289
    1307   9349.82508078
    1308   9364.13900885
    1309   9378.46388247
    1310   9392.79970628
    1311   9407.14647563
    1312   9421.50419520
    1313   9435.87286028
    1314   9450.25247559
    1315   9464.64303641
    1316   9479.04454748
    1317   9493.45700404
    1318   9507.88041086
    1319   9522.31476316
    1320   9536.76006574
    1321   9551.21631377
    1322   9565.68351212
    1323   9580.16165590
    1324   9594.65075000
    1325   9609.15078953
    1326   9623.66177940
    1327   9638.18371468
    1328   9652.71660032
    1329   9667.26043135
    1330   9681.81521276
    1331   9696.38093954
    1332   9710.95761672
    1333   9725.54523926
    1334   9740.14381222
    1335   9754.75333052
    1336   9769.37379925
    1337   9784.00521331
    1338   9798.64757782
    1339   9813.30088764
    1340   9827.96514793
    1341   9842.64035352
    1342   9857.32650960
    1343   9872.02361095
    1344   9886.73166281
    1345   9901.45065994
    1346   9916.18060759
    1347   9930.92150048
    1348   9945.67334393
    1349   9960.43613259
    1350   9975.20987183
    1351   9989.99455628
    1352  10004.79019131
    1353  10019.59677153
    1354  10034.41430236
    1355  10049.24277836
    1356  10064.08220500
    1357  10078.93257678
    1358  10093.79389921
    1359  10108.66616678
    1360  10123.54938502
    1361  10138.44354837
    1362  10153.34866242
    1363  10168.26472156
    1364  10183.19173142
    1365  10198.12968635
    1366  10213.07859202
    1367  10228.03844274
    1368  10243.00924422
    1369  10257.99099074
    1370  10272.98368804
    1371  10287.98733035
    1372  10303.00192347
    1373  10318.02746158
    1374  10333.06395052
    1375  10348.11138443
    1376  10363.16976919
    1377  10378.23909891
    1378  10393.31937949
    1379  10408.41060501
    1380  10423.51278143
    1381  10438.62590275
    1382  10453.74997499
    1383  10468.88499212
    1384  10484.03096020
    1385  10499.18787314
    1386  10514.35573705
    1387  10529.53454580
    1388  10544.72430554
    1389  10559.92501011
    1390  10575.13666569
    1391  10590.35926607
    1392  10605.59281749
    1393  10620.83731369
    1394  10636.09276096
    1395  10651.35915297
    1396  10666.63649608
    1397  10681.92478392
    1398  10697.22402287
    1399  10712.53420653
    1400  10727.85534134
    1401  10743.18742082
    1402  10758.53045147
    1403  10773.88442678
    1404  10789.24935329
    1405  10804.62522443
    1406  10820.01204679
    1407  10835.40981375
    1408  10850.81853197
    1409  10866.23819477
    1410  10881.66880884
    1411  10897.11036747
    1412  10912.56287740
    1413  10928.02633187
    1414  10943.50073766
    1415  10958.98608796
    1416  10974.48238962
    1417  10989.98963576
    1418  11005.50783328
    1419  11021.03697526
    1420  11036.57706865
    1421  11052.12810647
    1422  11067.69009573
    1423  11083.26302939
    1424  11098.84691452
    1425  11114.44174403
    1426  11130.04752503
    1427  11145.66425038
    1428  11161.29192725
    1429  11176.93054845
    1430  11192.58012120
    1431  11208.24063825
    1432  11223.91210688
    1433  11239.59451978
    1434  11255.28788428
    1435  11270.99219303
    1436  11286.70745342
    1437  11302.43365802
    1438  11318.17081429
    1439  11333.91891475
    1440  11349.67796690
    1441  11365.44796321
    1442  11381.22891125
    1443  11397.02080342
    1444  11412.82364735
    1445  11428.63743537
    1446  11444.46217519
    1447  11460.29785907
    1448  11476.14449478
    1449  11492.00207452
    1450  11507.87060612
    1451  11523.75008173
    1452  11539.64050922
    1453  11555.54188069
    1454  11571.45420407
    1455  11587.37747140
    1456  11603.31169069
    1457  11619.25685388
    1458  11635.21296906
    1459  11651.18002812
    1460  11667.15803920
    1461  11683.14699413
    1462  11699.14690111
    1463  11715.15775190
    1464  11731.17955479
    1465  11747.21230145
    1466  11763.25600023
    1467  11779.31064277
    1468  11795.37623745
    1469  11811.45277586
    1470  11827.54026645
    1471  11843.63870073
    1472  11859.74808723
    1473  11875.86841737
    1474  11891.99969978
    1475  11908.14192580
    1476  11924.29510411
    1477  11940.45922601
    1478  11956.63430023
    1479  11972.82031800
    1480  11989.01728814
    1481  12005.22520178
    1482  12021.44406783
    1483  12037.67387734
    1484  12053.91463931
    1485  12070.16634470
    1486  12086.42900257
    1487  12102.70260384
    1488  12118.98715763
    1489  12135.28265478
    1490  12151.58910449
    1491  12167.90649751
    1492  12184.23484313
    1493  12200.57413203
    1494  12216.92437357
    1495  12233.28555835
    1496  12249.65769581
    1497  12266.04077647
    1498  12282.43480984
    1499  12298.83978638
    1500  12315.25571568
    1501  12331.68258809
    1502  12348.12041331
    1503  12364.56918160
    1504  12381.02890274
    1505  12397.49956691
    1506  12413.98118397
    1507  12430.47374403
    1508  12446.97725701
    1509  12463.49171294
    1510  12480.01712184
    1511  12496.55347365
    1512  12513.10077848
    1513  12529.65902617
    1514  12546.22822692
    1515  12562.80837049
    1516  12579.39946716
    1517  12596.00150661
    1518  12612.61449921
    1519  12629.23843454
    1520  12645.87332306
    1521  12662.51915426
    1522  12679.17593871
    1523  12695.84366579
    1524  12712.52234616
    1525  12729.21196912
    1526  12745.91254542
    1527  12762.62406426
    1528  12779.34653648
    1529  12796.07995119
    1530  12812.82431933
    1531  12829.57962992
    1532  12846.34589399
    1533  12863.12310046
    1534  12879.91126045
    1535  12896.71036279
    1536  12913.52041871
    1537  12930.34141693
    1538  12947.17336877
    1539  12964.01626286
    1540  12980.87011063
    1541  12997.73490059
    1542  13014.61064428
    1543  13031.49733011
    1544  13048.39496972
    1545  13065.30355142
    1546  13082.22308696
    1547  13099.15356453
    1548  13116.09499599
    1549  13133.04736943
    1550  13150.01069681
    1551  13166.98496611
    1552  13183.97018942
    1553  13200.96635459
    1554  13217.97347381
    1555  13234.99153485
    1556  13252.02054999
    1557  13269.06050689
    1558  13286.11141795
    1559  13303.17327071
    1560  13320.24607769
    1561  13337.32982630
    1562  13354.42452920
    1563  13371.53017368
    1564  13388.64677249
    1565  13405.77431282
    1566  13422.91280755
    1567  13440.06224374
    1568  13457.22263438
    1569  13474.39396642
    1570  13491.57625297
    1571  13508.76948086
    1572  13525.97366333
    1573  13543.18878706
    1574  13560.41486544
    1575  13577.65188502
    1576  13594.89985931
    1577  13612.15877473
    1578  13629.42864493
    1579  13646.70945619
    1580  13664.00122230
    1581  13681.30392940
    1582  13698.61759140
    1583  13715.94219434
    1584  13733.27775225
    1585  13750.62425102
    1586  13767.98170483
    1587  13785.35009943
    1588  13802.72944914
    1589  13820.11973957
    1590  13837.52098517
    1591  13854.93317143
    1592  13872.35631292
    1593  13889.79039500
    1594  13907.23543239
    1595  13924.69141028
    1596  13942.15834356
    1597  13959.63621727
    1598  13977.12504644
    1599  13994.62481596
    1600  14012.13554101
    1601  14029.65720634
    1602  14047.18982728
    1603  14064.73338841
    1604  14082.28790523
    1605  14099.85336216
    1606  14117.42977485
    1607  14135.01712758
    1608  14152.61543615
    1609  14170.22468467
    1610  14187.84488911
    1611  14205.47603343
    1612  14223.11813373
    1613  14240.77117383
    1614  14258.43517000
    1615  14276.11010588
    1616  14293.79599791
    1617  14311.49282956
    1618  14329.20061746
    1619  14346.91934488
    1620  14364.64902863
    1621  14382.38965181
    1622  14400.14123141
    1623  14417.90375036
    1624  14435.67722581
    1625  14453.46164052
    1626  14471.25701181
    1627  14489.06332226
    1628  14506.88058940
    1629  14524.70879560
    1630  14542.54795856
    1631  14560.39806051
    1632  14578.25911931
    1633  14596.13111698
    1634  14614.01407161
    1635  14631.90796501
    1636  14649.81281546
    1637  14667.72860459
    1638  14685.65535086
    1639  14703.59303570
    1640  14721.54167778
    1641  14739.50125834
    1642  14757.47179622
    1643  14775.45327248
    1644  14793.44570618
    1645  14811.44907813
    1646  14829.46340762
    1647  14847.48867527
    1648  14865.52490055
    1649  14883.57206388
    1650  14901.63018495
    1651  14919.69924396
    1652  14937.77926081
    1653  14955.87021549
    1654  14973.97212812
    1655  14992.08497845
    1656  15010.20878685
    1657  15028.34353284
    1658  15046.48923701
    1659  15064.64587864
    1660  15082.81347856
    1661  15100.99201584
    1662  15119.18151151
    1663  15137.38194441
    1664  15155.59333583
    1665  15173.81566436
    1666  15192.04895151
    1667  15210.29317565
    1668  15228.54835854
    1669  15246.81447828
    1670  15265.09155689
    1671  15283.37957222
    1672  15301.67854655
    1673  15319.98845747
    1674  15338.30932751
    1675  15356.64113400
    1676  15374.98389974
    1677  15393.33760180
    1678  15411.70226324
    1679  15430.07786084
    1680  15448.46441797
    1681  15466.86191112
    1682  15485.27036392
    1683  15503.68975261
    1684  15522.12010108
    1685  15540.56138529
    1686  15559.01362943
    1687  15577.47680915
    1688  15595.95094893
    1689  15614.43602415
    1690  15632.93205958
    1691  15651.43903029
    1692  15669.95696136
    1693  15688.48582754
    1694  15707.02565423
    1695  15725.57641588
    1696  15744.13813818
    1697  15762.71079528
    1698  15781.29441319
    1699  15799.88896573
    1700  15818.49447923
    1701  15837.11092720
    1702  15855.73833628
    1703  15874.37667966
    1704  15893.02598432
    1705  15911.68622310
    1706  15930.35742332
    1707  15949.03955748
    1708  15967.73265325
    1709  15986.43668278
    1710  16005.15167409
    1711  16023.87759898
    1712  16042.61448582
    1713  16061.36230605
    1714  16080.12108840
    1715  16098.89080396
    1716  16117.67148182
    1717  16136.46309268
    1718  16155.26566603
    1719  16174.07917218
    1720  16192.90364101
    1721  16211.73904244
    1722  16230.58540673
    1723  16249.44270342
    1724  16268.31096317
    1725  16287.19015510
    1726  16306.08031028
    1727  16324.98139743
    1728  16343.89344804
    1729  16362.81643040
    1730  16381.75037642
    1731  16400.69525397
    1732  16419.65109538
    1733  16438.61786809
    1734  16457.59560488
    1735  16476.58427275
    1736  16495.58390490
    1737  16514.59446790
    1738  16533.61599540
    1739  16552.64845350
    1740  16571.69187633
    1741  16590.74622952
    1742  16609.81154767
    1743  16628.88779593
    1744  16647.97500938
    1745  16667.07315268
    1746  16686.18226141
    1747  16705.30229973
    1748  16724.43330373
    1749  16743.57523705
    1750  16762.72813629
    1751  16781.89196459
    1752  16801.06675905
    1753  16820.25248230
    1754  16839.44917198
    1755  16858.65679016
    1756  16877.87537502
    1757  16897.10488810
    1758  16916.34536813
    1759  16935.59677609
    1760  16954.85915127
    1761  16974.13245408
    1762  16993.41672439
    1763  17012.71192202
    1764  17032.01808744
    1765  17051.33517986
    1766  17070.66324037
    1767  17090.00222756
    1768  17109.35218313
    1769  17128.71306506
    1770  17148.08491567
    1771  17167.46769230
    1772  17186.86143794
    1773  17206.26610925
    1774  17225.68174988
    1775  17245.10831584
    1776  17264.54585144
    1777  17283.99431201
    1778  17303.45374256
    1779  17322.92409771
    1780  17342.40542318
    1781  17361.89767289
    1782  17381.40089325
    1783  17400.91503747
    1784  17420.44015270
    1785  17439.97619140
    1786  17459.52320147
    1787  17479.08113462
    1788  17498.65003951
    1789  17518.22986706
    1790  17537.82066673
    1791  17557.42238866
    1792  17577.03508309
    1793  17596.65869934
    1794  17616.29328850
    1795  17635.93879905
    1796  17655.59528291
    1797  17675.26268770
    1798  17694.94106623
    1799  17714.63036523
    1800  17734.33063840
    1801  17754.04183156
    1802  17773.76399933
    1803  17793.49708663
    1804  17813.24114896
    1805  17832.99613033
    1806  17852.76208721
    1807  17872.53896261
    1808  17892.32681399
    1809  17912.12558338
    1810  17931.93532923
    1811  17951.75599255
    1812  17971.58763283
    1813  17991.43019004
    1814  18011.28372471
    1815  18031.14817576
    1816  18051.02360479
    1817  18070.90994962
    1818  18090.80727297
    1819  18110.71551153
    1820  18130.63472916
    1821  18150.56486140
    1822  18170.50597327
    1823  18190.45799912
    1824  18210.42100519
    1825  18230.39492461
    1826  18250.37982483
    1827  18270.37563775
    1828  18290.38243208
    1829  18310.40013844
    1830  18330.42882684
    1831  18350.46842658
    1832  18370.51900900
    1833  18390.58050205
    1834  18410.65297845
    1835  18430.73636475
    1836  18450.83073508
    1837  18470.93601455
    1838  18491.05227877
    1839  18511.17945135
    1840  18531.31760939
    1841  18551.46667501
    1842  18571.62672684
    1843  18591.79768542
    1844  18611.97963097
    1845  18632.17248244
    1846  18652.37632167
    1847  18672.59106595
    1848  18692.81679880
    1849  18713.05343580
    1850  18733.30106222
    1851  18753.55959187
    1852  18773.82911179
    1853  18794.10953401
    1854  18814.40094738
    1855  18834.70326206
    1856  18855.01656883
    1857  18875.34077589
    1858  18895.67597598
    1859  18916.02207534
    1860  18936.37916870
    1861  18956.74716025
    1862  18977.12614681
    1863  18997.51603045
    1864  19017.91691014
    1865  19038.32868578
    1866  19058.75145855
    1867  19079.18512607
    1868  19099.62979183
    1869  19120.08535114
    1870  19140.55190983
    1871  19161.02936080
    1872  19181.51781235
    1873  19202.01715488
    1874  19222.52749921
    1875  19243.04873317
    1876  19263.58097021
    1877  19284.12409548
    1878  19304.67822515
    1879  19325.24324160
    1880  19345.81926382
    1881  19366.40617133
    1882  19387.00408601
    1883  19407.61288444
    1884  19428.23269151
    1885  19448.86338071
    1886  19469.50508008
    1887  19490.15765991
    1888  19510.82125149
    1889  19531.49572181
    1890  19552.18120551
    1891  19572.87756616
    1892  19593.58494189
    1893  19614.30319271
    1894  19635.03246037
    1895  19655.77260119
    1896  19676.52376069
    1897  19697.28579134
    1898  19718.05884258
    1899  19738.84276288
    1900  19759.63770576
    1901  19780.44351552
    1902  19801.26034993
    1903  19822.08804897
    1904  19842.92677481
    1905  19863.77636292
    1906  19884.63698008
    1907  19905.50845705
    1908  19926.39096543
    1909  19947.28433104
    1910  19968.18873051
    1911  19989.10398455
    1912  20010.03027500
    1913  20030.96741724
    1914  20051.91559854
    1915  20072.87462872
    1916  20093.84470077
    1917  20114.82561864
    1918  20135.81758130
    1919  20156.82038661
    1920  20177.83423975
    1921  20198.85893221
    1922  20219.89467571
    1923  20240.94125503
    1924  20261.99888876
    1925  20283.06735465
    1926  20304.14687846
    1927  20325.23723060
    1928  20346.33864436
    1929  20367.45088242
    1930  20388.57418599
    1931  20409.70830963
    1932  20430.85350286
    1933  20452.00951172
    1934  20473.17659447
    1935  20494.35448817
    1936  20515.54346028
    1937  20536.74323843
    1938  20557.95409976
    1939  20579.17576193
    1940  20600.40851232
    1941  20621.65205808
    1942  20642.90669738
    1943  20664.17212626
    1944  20685.44865431
    1945  20706.73596582
    1946  20728.03438247
    1947  20749.34357611
    1948  20770.66388119
    1949  20791.99495640
    1950  20813.33714976
    1951  20834.69010597
    1952  20856.05418744
    1953  20877.42902404
    1954  20898.81499347
    1955  20920.21170981
    1956  20941.61956704
    1957  20963.03816244
    1958  20984.46790732
    1959  21005.90838105
    1960  21027.36001341
    1961  21048.82236468
    1962  21070.29588440
    1963  21091.78011239
    1964  21113.27551931
    1965  21134.78162312
    1966  21156.29891712
    1967  21177.82689580
    1968  21199.36607676
    1969  21220.91592928
    1970  21242.47699709
    1971  21264.04872236
    1972  21285.63167694
    1973  21307.22527376
    1974  21328.83011501
    1975  21350.44558212
    1976  21372.07231003
    1977  21393.70964601
    1978  21415.35826053
    1979  21437.01746392
    1980  21458.68796511
    1981  21480.36903422
    1982  21502.06142207
    1983  21523.76435519
    1984  21545.47862989
    1985  21567.20342498
    1986  21588.93958657
    1987  21610.68624165
    1988  21632.44429049
    1989  21654.21280306
    1990  21675.99273922
    1991  21697.78310703
    1992  21719.58493110
    1993  21741.39715105
    1994  21763.22086307
    1995  21785.05493267
    1996  21806.90053351
    1997  21828.75644895
    1998  21850.62393836
    1999  21872.50169716
    2000  21894.39107628
    2001  21916.29067386
    2002  21938.20194154
    2003  21960.12337611
    2004  21982.05653346
    2005  22003.99979992
    2006  22025.95484333
    2007  22047.91994248
    2008  22069.89687189
    2009  22091.88379935
    2010  22113.88260477
    2011  22135.89136875
    2012  22157.91204545
    2013  22179.94264638
    2014  22201.98516833
    2015  22224.03763388
    2016  22246.10198192
    2017  22268.17632916
    2018  22290.26243719
    2019  22312.35874333
    2020  22334.46655145
    2021  22356.58488252
    2022  22378.71422492
    2023  22400.85478251
    2024  22423.00548994
    2025  22445.16847356
    2026  22467.34013292
    2027  22489.52605320
    2028  22511.71821433
    2029  22533.92761425
    2030  22556.13925849
    2031  22578.37340181
    2032  22600.60339882
    2033  22622.86365031
    2034  22645.10953866
    2035  22667.39894137
    2036  22689.65808751
    2037  22711.97978647
    2038  22734.24632954
    2039  22756.60760060
    2040  22778.87585879
    2041  22801.28351264
    2042  22823.53822114
    2043  22846.01221987
    2044  22868.24153899
    2045  22890.79645259
    2046  22912.94126206
    2047  22935.65727344
    2048  22957.93696105
 ---------------------------------------
 
SCF converged! Final Ground-State Energy (Eh):              -7.3668879395720293
