 
     Two-Electron DVR    
 ------------------------
 x0     =      15.00000000
 m      =       1.00000000
 Z      =       4.00000000
 n      =             2048
 dx     =       0.01465559
 
Soft-Coulomb Parameters:
 alpha  =       1.00000000
 beta   =       0.10000000
 
 
                       Hartree-Fock                      
 --------------------------------------------------------
 no. of orbitals        =             2048
 no. of electrons       =                2
 scf_damping_switch     =        F
 scf_diis_switch        =        F
 damping_factor         =   0.00000000
 e_tolerance            = 0.0000000000100000
 maximum scf-iterations =              200
 
 
                       SCF iterations                      
 ----------------------------------------------------------
    S.No    Energy (hartree)        dE (hartree)
 ----------------------------------------------------------
       0     -6.418296506144
       1     -4.757455843272      1.660840662872
       2     -4.858688271997      0.101232428725
       3     -4.859781992523      0.001093720526
       4     -4.859801880662      0.000019888139
       5     -4.859802534309      0.000000653647
       6     -4.859802558906      0.000000024597
       7     -4.859802559870      0.000000000964
       8     -4.859802559908      0.000000000038
       9     -4.859802559909      0.000000000001
 ----------------------------------------------------------
  
 
 
 ---------------------------------------
     Molecular Orbital Energies (Eh)    
 ---------------------------------------
       1     -1.70563834
       2     -0.49365314
       3     -0.34943423
       4     -0.23525333
       5     -0.17494760
       6     -0.11477802
       7     -0.05705061
       8      0.02248462
       9      0.10575661
      10      0.21095591
      11      0.31926735
      12      0.44789667
      13      0.58036063
      14      0.73133435
      15      0.88736640
      16      1.06018572
      17      1.23933780
      18      1.43379339
      19      1.63571275
      20      1.85173976
      21      2.07615387
      22      2.31375600
      23      2.56046031
      24      2.81966976
      25      3.08851524
      26      3.36937233
      27      3.66025347
      28      3.96279713
      29      4.27564134
      30      4.59990544
      31      4.93466425
      32      5.28067673
      33      5.63731887
      34      6.00510227
      35      6.38360845
      36      6.77318075
      37      7.17353988
      38      7.58491549
      39      8.00712193
      40      8.44031244
      41      8.88436412
      42      9.33937905
      43      9.80527614
      44     10.28212337
      45     10.76986744
      46     11.26855363
      47     11.77814703
      48     12.29867786
      49     12.83012337
      50     13.37250376
      51     13.92580431
      52     14.49003858
      53     15.06519710
      54     15.65128905
      55     16.24830841
      56     16.85626142
      57     17.47514432
      58     18.10496142
      59     18.74571043
      60     19.39739434
      61     20.06001181
      62     20.73356497
      63     21.41805309
      64     22.11347772
      65     22.81983851
      66     23.53713661
      67     24.26537191
      68     25.00454529
      69     25.75465680
      70     26.51570711
      71     27.28769637
      72     28.07062512
      73     28.86449354
      74     29.66930208
      75     30.48505095
      76     31.31174053
      77     32.14937103
      78     32.99794279
      79     33.85745600
      80     34.72791096
      81     35.60930786
      82     36.50164697
      83     37.40492847
      84     38.31915259
      85     39.24431951
      86     40.18042943
      87     41.12748251
      88     42.08547895
      89     43.05441890
      90     44.03430252
      91     45.02512996
      92     46.02690137
      93     47.03961688
      94     48.06327663
      95     49.09788074
      96     50.14342934
      97     51.19992253
      98     52.26736045
      99     53.34574317
     100     54.43507083
     101     55.53534350
     102     56.64656130
     103     57.76872429
     104     58.90183258
     105     60.04588624
     106     61.20088536
     107     62.36683001
     108     63.54372026
     109     64.73155618
     110     65.93033785
     111     67.14006532
     112     68.36073867
     113     69.59235793
     114     70.83492319
     115     72.08843447
     116     73.35289186
     117     74.62829538
     118     75.91464510
     119     77.21194105
     120     78.52018328
     121     79.83937184
     122     81.16950677
     123     82.51058809
     124     83.86261587
     125     85.22559012
     126     86.59951089
     127     87.98437820
     128     89.38019210
     129     90.78695261
     130     92.20465976
     131     93.63331358
     132     95.07291411
     133     96.52346135
     134     97.98495535
     135     99.45739611
     136    100.94078369
     137    102.43511807
     138    103.94039931
     139    105.45662741
     140    106.98380239
     141    108.52192427
     142    110.07099309
     143    111.63100883
     144    113.20197154
     145    114.78388121
     146    116.37673789
     147    117.98054155
     148    119.59529225
     149    121.22098998
     150    122.85763476
     151    124.50522659
     152    126.16376551
     153    127.83325150
     154    129.51368460
     155    131.20506480
     156    132.90739213
     157    134.62066657
     158    136.34488817
     159    138.08005691
     160    139.82617282
     161    141.58323589
     162    143.35124614
     163    145.13020357
     164    146.92010821
     165    148.72096003
     166    150.53275908
     167    152.35550532
     168    154.18919881
     169    156.03383951
     170    157.88942746
     171    159.75596263
     172    161.63344507
     173    163.52187475
     174    165.42125170
     175    167.33157590
     176    169.25284739
     177    171.18506614
     178    173.12823218
     179    175.08234549
     180    177.04740610
     181    179.02341399
     182    181.01036919
     183    183.00827168
     184    185.01712149
     185    187.03691859
     186    189.06766302
     187    191.10935475
     188    193.16199381
     189    195.22558018
     190    197.30011389
     191    199.38559491
     192    201.48202328
     193    203.58939896
     194    205.70772200
     195    207.83699236
     196    209.97721008
     197    212.12837512
     198    214.29048753
     199    216.46354726
     200    218.64755437
     201    220.84250881
     202    223.04841062
     203    225.26525977
     204    227.49305630
     205    229.73180017
     206    231.98149142
     207    234.24213002
     208    236.51371600
     209    238.79624932
     210    241.08973004
     211    243.39415810
     212    245.70953356
     213    248.03585636
     214    250.37312656
     215    252.72134412
     216    255.08050907
     217    257.45062138
     218    259.83168109
     219    262.22368816
     220    264.62664264
     221    267.04054446
     222    269.46539370
     223    271.90119030
     224    274.34793431
     225    276.80562568
     226    279.27426446
     227    281.75385060
     228    284.24438416
     229    286.74586508
     230    289.25829342
     231    291.78166912
     232    294.31599224
     233    296.86126272
     234    299.41748063
     235    301.98464590
     236    304.56275860
     237    307.15181866
     238    309.75182615
     239    312.36278100
     240    314.98468328
     241    317.61753293
     242    320.26133001
     243    322.91607446
     244    325.58176633
     245    328.25840558
     246    330.94599225
     247    333.64452630
     248    336.35400778
     249    339.07443663
     250    341.80581291
     251    344.54813656
     252    347.30140765
     253    350.06562611
     254    352.84079201
     255    355.62690528
     256    358.42396599
     257    361.23197406
     258    364.05092958
     259    366.88083247
     260    369.72168280
     261    372.57348050
     262    375.43622565
     263    378.30991817
     264    381.19455813
     265    384.09014546
     266    386.99668024
     267    389.91416238
     268    392.84259198
     269    395.78196894
     270    398.73229336
     271    401.69356514
     272    404.66578438
     273    407.64895099
     274    410.64306504
     275    413.64812647
     276    416.66413535
     277    419.69109160
     278    422.72899530
     279    425.77784638
     280    428.83764490
     281    431.90839080
     282    434.99008416
     283    438.08272488
     284    441.18631306
     285    444.30084861
     286    447.42633162
     287    450.56276200
     288    453.71013984
     289    456.86846504
     290    460.03773771
     291    463.21795775
     292    466.40912524
     293    469.61124011
     294    472.82430244
     295    476.04831214
     296    479.28326930
     297    482.52917383
     298    485.78602583
     299    489.05382519
     300    492.33257202
     301    495.62226622
     302    498.92290788
     303    502.23449691
     304    505.55703341
     305    508.89051728
     306    512.23494862
     307    515.59032732
     308    518.95665350
     309    522.33392704
     310    525.72214805
     311    529.12131643
     312    532.53143228
     313    535.95249550
     314    539.38450619
     315    542.82746425
     316    546.28136978
     317    549.74622268
     318    553.22202306
     319    556.70877080
     320    560.20646601
     321    563.71510859
     322    567.23469865
     323    570.76523608
     324    574.30672098
     325    577.85915325
     326    581.42253300
     327    584.99686011
     328    588.58213470
     329    592.17835666
     330    595.78552610
     331    599.40364291
     332    603.03270719
     333    606.67271884
     334    610.32367798
     335    613.98558448
     336    617.65843846
     337    621.34223981
     338    625.03698864
     339    628.74268484
     340    632.45932852
     341    636.18691957
     342    639.92545810
     343    643.67494400
     344    647.43537738
     345    651.20675813
     346    654.98908637
     347    658.78236197
     348    662.58658506
     349    666.40175551
     350    670.22787346
     351    674.06493877
     352    677.91295157
     353    681.77191173
     354    685.64181938
     355    689.52267440
     356    693.41447691
     357    697.31722679
     358    701.23092416
     359    705.15556889
     360    709.09116112
     361    713.03770071
     362    716.99518779
     363    720.96362224
     364    724.94300419
     365    728.93333349
     366    732.93461030
     367    736.94683447
     368    740.97000614
     369    745.00412516
     370    749.04919170
     371    753.10520559
     372    757.17216698
     373    761.25007573
     374    765.33893199
     375    769.43873561
     376    773.54948673
     377    777.67118521
     378    781.80383120
     379    785.94742454
     380    790.10196540
     381    794.26745361
     382    798.44388933
     383    802.63127241
     384    806.82960300
     385    811.03888095
     386    815.25910641
     387    819.49027922
     388    823.73239955
     389    827.98546723
     390    832.24948244
     391    836.52444499
     392    840.81035506
     393    845.10721249
     394    849.41501743
     395    853.73376973
     396    858.06346955
     397    862.40411671
     398    866.75571141
     399    871.11825345
     400    875.49174302
     401    879.87617994
     402    884.27156438
     403    888.67789617
     404    893.09517549
     405    897.52340216
     406    901.96257636
     407    906.41269791
     408    910.87376698
     409    915.34578341
     410    919.82874737
     411    924.32265867
     412    928.82751751
     413    933.34332369
     414    937.87007741
     415    942.40777847
     416    946.95642707
     417    951.51602302
     418    956.08656651
     419    960.66805733
     420    965.26049570
     421    969.86388142
     422    974.47821467
     423    979.10349527
     424    983.73972341
     425    988.38689889
     426    993.04502191
     427    997.71409228
     428   1002.39411020
     429   1007.08507545
     430   1011.78698826
     431   1016.49984840
     432   1021.22365610
     433   1025.95841113
     434   1030.70411371
     435   1035.46076364
     436   1040.22836111
     437   1045.00690593
     438   1049.79639830
     439   1054.59683801
     440   1059.40822527
     441   1064.23055987
     442   1069.06384202
     443   1073.90807152
     444   1078.76324857
     445   1083.62937296
     446   1088.50644491
     447   1093.39446420
     448   1098.29343104
     449   1103.20334523
     450   1108.12420697
     451   1113.05601605
     452   1117.99877270
     453   1122.95247668
     454   1127.91712822
     455   1132.89272710
     456   1137.87927355
     457   1142.87676733
     458   1147.88520868
     459   1152.90459736
     460   1157.93493362
     461   1162.97621720
     462   1168.02844836
     463   1173.09162685
     464   1178.16575292
     465   1183.25082631
     466   1188.34684728
     467   1193.45381558
     468   1198.57173146
     469   1203.70059467
     470   1208.84040546
     471   1213.99116357
     472   1219.15286927
     473   1224.32552230
     474   1229.50912291
     475   1234.70367084
     476   1239.90916636
     477   1245.12560921
     478   1250.35299964
     479   1255.59133740
     480   1260.84062275
     481   1266.10085542
     482   1271.37203569
     483   1276.65416327
     484   1281.94723845
     485   1287.25126096
     486   1292.56623105
     487   1297.89214847
     488   1303.22901349
     489   1308.57682583
     490   1313.93558576
     491   1319.30529302
     492   1324.68594787
     493   1330.07755005
     494   1335.48009983
     495   1340.89359692
     496   1346.31804162
     497   1351.75343364
     498   1357.19977327
     499   1362.65706021
     500   1368.12529476
     501   1373.60447663
     502   1379.09460610
     503   1384.59568289
     504   1390.10770730
     505   1395.63067902
     506   1401.16459835
     507   1406.70946499
     508   1412.26527925
     509   1417.83204083
     510   1423.40975002
     511   1428.99840653
     512   1434.59801065
     513   1440.20856209
     514   1445.83006114
     515   1451.46250751
     516   1457.10590150
     517   1462.76024280
     518   1468.42553173
     519   1474.10176797
     520   1479.78895183
     521   1485.48708300
     522   1491.19616180
     523   1496.91618791
     524   1502.64716165
     525   1508.38908270
     526   1514.14195137
     527   1519.90576736
     528   1525.68053098
     529   1531.46624191
     530   1537.26290047
     531   1543.07050634
     532   1548.88905984
     533   1554.71856066
     534   1560.55900911
     535   1566.41040486
     536   1572.27274826
     537   1578.14603896
     538   1584.03027730
     539   1589.92546295
     540   1595.83159624
     541   1601.74867683
     542   1607.67670507
     543   1613.61568062
     544   1619.56560381
     545   1625.52647430
     546   1631.49829245
     547   1637.48105789
     548   1643.47477099
     549   1649.47943139
     550   1655.49503944
     551   1661.52159479
     552   1667.55909780
     553   1673.60754810
     554   1679.66694606
     555   1685.73729133
     556   1691.81858425
     557   1697.91082447
     558   1704.01401235
     559   1710.12814753
     560   1716.25323037
     561   1722.38926051
     562   1728.53623831
     563   1734.69416341
     564   1740.86303618
     565   1747.04285624
     566   1753.23362397
     567   1759.43533900
     568   1765.64800169
     569   1771.87161168
     570   1778.10616935
     571   1784.35167430
     572   1790.60812694
     573   1796.87552686
     574   1803.15387446
     575   1809.44316936
     576   1815.74341193
     577   1822.05460179
     578   1828.37673934
     579   1834.70982417
     580   1841.05385669
     581   1847.40883650
     582   1853.77476399
     583   1860.15163877
     584   1866.53946124
     585   1872.93823100
     586   1879.34794845
     587   1885.76861318
     588   1892.20022561
     589   1898.64278531
     590   1905.09629272
     591   1911.56074741
     592   1918.03614980
     593   1924.52249947
     594   1931.01979684
     595   1937.52804149
     596   1944.04723385
     597   1950.57737348
     598   1957.11846082
     599   1963.67049544
     600   1970.23347777
     601   1976.80740738
     602   1983.39228469
     603   1989.98810929
     604   1996.59488159
     605   2003.21260117
     606   2009.84126847
     607   2016.48088304
     608   2023.13144533
     609   2029.79295489
     610   2036.46541218
     611   2043.14881673
     612   2049.84316901
     613   2056.54846856
     614   2063.26471583
     615   2069.99191038
     616   2076.73005265
     617   2083.47914219
     618   2090.23917947
     619   2097.01016401
     620   2103.79209628
     621   2110.58497582
     622   2117.38880309
     623   2124.20357763
     624   2131.02929991
     625   2137.86596945
     626   2144.71358674
     627   2151.57215129
     628   2158.44166358
     629   2165.32212313
     630   2172.21353043
     631   2179.11588498
     632   2186.02918729
     633   2192.95343686
     634   2199.88863418
     635   2206.83477875
     636   2213.79187108
     637   2220.75991067
     638   2227.73889801
     639   2234.72883261
     640   2241.72971497
     641   2248.74154459
     642   2255.76432196
     643   2262.79804659
     644   2269.84271898
     645   2276.89833863
     646   2283.96490604
     647   2291.04242071
     648   2298.13088314
     649   2305.23029282
     650   2312.34065028
     651   2319.46195498
     652   2326.59420746
     653   2333.73740719
     654   2340.89155470
     655   2348.05664945
     656   2355.23269198
     657   2362.41968176
     658   2369.61761932
     659   2376.82650412
     660   2384.04633671
     661   2391.27711655
     662   2398.51884417
     663   2405.77151903
     664   2413.03514168
     665   2420.30971158
     666   2427.59522927
     667   2434.89169420
     668   2442.19910692
     669   2449.51746688
     670   2456.84677465
     671   2464.18702964
     672   2471.53823245
     673   2478.90038248
     674   2486.27348032
     675   2493.65752540
     676   2501.05251828
     677   2508.45845840
     678   2515.87534633
     679   2523.30318148
     680   2530.74196446
     681   2538.19169466
     682   2545.65237268
     683   2553.12399792
     684   2560.60657099
     685   2568.10009129
     686   2575.60455940
     687   2583.11997475
     688   2590.64633792
     689   2598.18364831
     690   2605.73190653
     691   2613.29111197
     692   2620.86126525
     693   2628.44236575
     694   2636.03441408
     695   2643.63740963
     696   2651.25135302
     697   2658.87624363
     698   2666.51208208
     699   2674.15886775
     700   2681.81660126
     701   2689.48528198
     702   2697.16491056
     703   2704.85548634
     704   2712.55700998
     705   2720.26948083
     706   2727.99289953
     707   2735.72726545
     708   2743.47257922
     709   2751.22884020
     710   2758.99604904
     711   2766.77420508
     712   2774.56330899
     713   2782.36336011
     714   2790.17435909
     715   2797.99630528
     716   2805.82919934
     717   2813.67304060
     718   2821.52782973
     719   2829.39356606
     720   2837.27025027
     721   2845.15788168
     722   2853.05646097
     723   2860.96598745
     724   2868.88646182
     725   2876.81788339
     726   2884.76025284
     727   2892.71356948
     728   2900.67783402
     729   2908.65304575
     730   2916.63920537
     731   2924.63631218
     732   2932.64436689
     733   2940.66336878
     734   2948.69331858
     735   2956.73421557
     736   2964.78606045
     737   2972.84885253
     738   2980.92259251
     739   2989.00727967
     740   2997.10291474
     741   3005.20949700
     742   3013.32702717
     743   3021.45550452
     744   3029.59492979
     745   3037.74530223
     746   3045.90662260
     747   3054.07889014
     748   3062.26210561
     749   3070.45626825
     750   3078.66137882
     751   3086.87743657
     752   3095.10444224
     753   3103.34239509
     754   3111.59129586
     755   3119.85114382
     756   3128.12193970
     757   3136.40368276
     758   3144.69637376
     759   3153.00001192
     760   3161.31459803
     761   3169.64013130
     762   3177.97661252
     763   3186.32404091
     764   3194.68241724
     765   3203.05174074
     766   3211.43201219
     767   3219.82323081
     768   3228.22539738
     769   3236.63851111
     770   3245.06257280
     771   3253.49758165
     772   3261.94353846
     773   3270.40044243
     774   3278.86829436
     775   3287.34709345
     776   3295.83684051
     777   3304.33753473
     778   3312.84917691
     779   3321.37176625
     780   3329.90530357
     781   3338.44978804
     782   3347.00522049
     783   3355.57160008
     784   3364.14892766
     785   3372.73720239
     786   3381.33642510
     787   3389.94659496
     788   3398.56771281
     789   3407.19977780
     790   3415.84279079
     791   3424.49675092
     792   3433.16165905
     793   3441.83751432
     794   3450.52431759
     795   3459.22206800
     796   3467.93076641
     797   3476.65041196
     798   3485.38100552
     799   3494.12254621
     800   3502.87503492
     801   3511.63847075
     802   3520.41285461
     803   3529.19818559
     804   3537.99446460
     805   3546.80169074
     806   3555.61986490
     807   3564.44898618
     808   3573.28905550
     809   3582.14007193
     810   3591.00203640
     811   3599.87494799
     812   3608.75880762
     813   3617.65361437
     814   3626.55936916
     815   3635.47607107
     816   3644.40372102
     817   3653.34231809
     818   3662.29186320
     819   3671.25235543
     820   3680.22379571
     821   3689.20618310
     822   3698.19951856
     823   3707.20380111
     824   3716.21903173
     825   3725.24520946
     826   3734.28233525
     827   3743.33040815
     828   3752.38942911
     829   3761.45939718
     830   3770.54031332
     831   3779.63217656
     832   3788.73498788
     833   3797.84874629
     834   3806.97345279
     835   3816.10910638
     836   3825.25570806
     837   3834.41325683
     838   3843.58175370
     839   3852.76119765
     840   3861.95158970
     841   3871.15292883
     842   3880.36521607
     843   3889.58845039
     844   3898.82263281
     845   3908.06776232
     846   3917.32383994
     847   3926.59086463
     848   3935.86883744
     849   3945.15775733
     850   3954.45762533
     851   3963.76844041
     852   3973.09020361
     853   3982.42291389
     854   3991.76657229
     855   4001.12117776
     856   4010.48673136
     857   4019.86323203
     858   4029.25068083
     859   4038.64907670
     860   4048.05842071
     861   4057.47871178
     862   4066.90995100
     863   4076.35213728
     864   4085.80527170
     865   4095.26935318
     866   4104.74438282
     867   4114.23035951
     868   4123.72728436
     869   4133.23515626
     870   4142.75397633
     871   4152.28374344
     872   4161.82445873
     873   4171.37612106
     874   4180.93873156
     875   4190.51228910
     876   4200.09679483
     877   4209.69224759
     878   4219.29864853
     879   4228.91599652
     880   4238.54429269
     881   4248.18353590
     882   4257.83372730
     883   4267.49486573
     884   4277.16695235
     885   4286.84998601
     886   4296.54396787
     887   4306.24889676
     888   4315.96477385
     889   4325.69159797
     890   4335.42937030
     891   4345.17808965
     892   4354.93775721
     893   4364.70837180
     894   4374.48993460
     895   4384.28244442
     896   4394.08590247
     897   4403.90030753
     898   4413.72566082
     899   4423.56196113
     900   4433.40920966
     901   4443.26740521
     902   4453.13654899
     903   4463.01663978
     904   4472.90767882
     905   4482.80966486
     906   4492.72259914
     907   4502.64648043
     908   4512.58130997
     909   4522.52708651
     910   4532.48381131
     911   4542.45148310
     912   4552.43010316
     913   4562.41967020
     914   4572.42018552
     915   4582.43164783
     916   4592.45405841
     917   4602.48741597
     918   4612.53172182
     919   4622.58697464
     920   4632.65317576
     921   4642.73032385
     922   4652.81842023
     923   4662.91746359
     924   4673.02745524
     925   4683.14839387
     926   4693.28028079
     927   4703.42311469
     928   4713.57689689
     929   4723.74162606
     930   4733.91730354
     931   4744.10392798
     932   4754.30150074
     933   4764.51002046
     934   4774.72948851
     935   4784.95990351
     936   4795.20126683
     937   4805.45357711
     938   4815.71683573
     939   4825.99104129
     940   4836.27619519
     941   4846.57229604
     942   4856.87934524
     943   4867.19734137
     944   4877.52628586
     945   4887.86617728
     946   4898.21701707
     947   4908.57880378
     948   4918.95153887
     949   4929.33522088
     950   4939.72985126
     951   4950.13542857
     952   4960.55195425
     953   4970.97942685
     954   4981.41784784
     955   4991.86721575
     956   5002.32753204
     957   5012.79879525
     958   5023.28100685
     959   5033.77416537
     960   5044.27827228
     961   5054.79332610
     962   5065.31932833
     963   5075.85627746
     964   5086.40417500
     965   5096.96301945
     966   5107.53281231
     967   5118.11355206
     968   5128.70524024
     969   5139.30787531
     970   5149.92145882
     971   5160.54598921
     972   5171.18146803
     973   5181.82789375
     974   5192.48526790
     975   5203.15358893
     976   5213.83285841
     977   5224.52307477
     978   5235.22423959
     979   5245.93635128
     980   5256.65941142
     981   5267.39341844
     982   5278.13837392
     983   5288.89427627
     984   5299.66112709
     985   5310.43892477
     986   5321.22767093
     987   5332.02736395
     988   5342.83800545
     989   5353.65959381
     990   5364.49213066
     991   5375.33561436
     992   5386.19004655
     993   5397.05542560
     994   5407.93175314
     995   5418.81902753
     996   5429.71725042
     997   5440.62642016
     998   5451.54653841
     999   5462.47760349
    1000   5473.41961710
    1001   5484.37257754
    1002   5495.33648650
    1003   5506.31134230
    1004   5517.29714662
    1005   5528.29389777
    1006   5539.30159746
    1007   5550.32024397
    1008   5561.34983903
    1009   5572.39038090
    1010   5583.44187132
    1011   5594.50430855
    1012   5605.57769435
    1013   5616.66202695
    1014   5627.75730811
    1015   5638.86353608
    1016   5649.98071262
    1017   5661.10883596
    1018   5672.24790788
    1019   5683.39792659
    1020   5694.55889389
    1021   5705.73080798
    1022   5716.91367066
    1023   5728.10748013
    1024   5739.31223819
    1025   5750.52794304
    1026   5761.75459649
    1027   5772.99219672
    1028   5784.24074556
    1029   5795.50024117
    1030   5806.77068541
    1031   5818.05207641
    1032   5829.34441604
    1033   5840.64770243
    1034   5851.96193745
    1035   5863.28711923
    1036   5874.62324965
    1037   5885.97032683
    1038   5897.32835265
    1039   5908.69732522
    1040   5920.07724645
    1041   5931.46811442
    1042   5942.86993106
    1043   5954.28269443
    1044   5965.70640647
    1045   5977.14106525
    1046   5988.58667270
    1047   6000.04322688
    1048   6011.51072975
    1049   6022.98917934
    1050   6034.47857762
    1051   6045.97892262
    1052   6057.49021632
    1053   6069.01245673
    1054   6080.54564586
    1055   6092.08978168
    1056   6103.64486623
    1057   6115.21089748
    1058   6126.78787745
    1059   6138.37580411
    1060   6149.97467951
    1061   6161.58450160
    1062   6173.20527243
    1063   6184.83698994
    1064   6196.47965620
    1065   6208.13326914
    1066   6219.79783084
    1067   6231.47333921
    1068   6243.15979635
    1069   6254.85720015
    1070   6266.56555272
    1071   6278.28485196
    1072   6290.01509998
    1073   6301.75629465
    1074   6313.50843812
    1075   6325.27152823
    1076   6337.04556714
    1077   6348.83055269
    1078   6360.62648706
    1079   6372.43336806
    1080   6384.25119787
    1081   6396.07997431
    1082   6407.91969958
    1083   6419.77037148
    1084   6431.63199220
    1085   6443.50455955
    1086   6455.38807573
    1087   6467.28253854
    1088   6479.18795018
    1089   6491.10430844
    1090   6503.03161555
    1091   6514.96986927
    1092   6526.91907185
    1093   6538.87922103
    1094   6550.85031908
    1095   6562.83236372
    1096   6574.82535724
    1097   6586.82929735
    1098   6598.84418634
    1099   6610.87002192
    1100   6622.90680640
    1101   6634.95453744
    1102   6647.01321740
    1103   6659.08284392
    1104   6671.16341935
    1105   6683.25494135
    1106   6695.35741227
    1107   6707.47082975
    1108   6719.59519616
    1109   6731.73050911
    1110   6743.87677101
    1111   6756.03397945
    1112   6768.20213684
    1113   6780.38124077
    1114   6792.57129366
    1115   6804.77229307
    1116   6816.98424145
    1117   6829.20713636
    1118   6841.44098024
    1119   6853.68577064
    1120   6865.94151003
    1121   6878.20819592
    1122   6890.48583081
    1123   6902.77441220
    1124   6915.07394260
    1125   6927.38441950
    1126   6939.70584540
    1127   6952.03821780
    1128   6964.38153922
    1129   6976.73580713
    1130   6989.10102406
    1131   7001.47718747
    1132   7013.86429993
    1133   7026.26235885
    1134   7038.67136682
    1135   7051.09132126
    1136   7063.52222475
    1137   7075.96407470
    1138   7088.41687373
    1139   7100.88061919
    1140   7113.35531374
    1141   7125.84095473
    1142   7138.33754481
    1143   7150.84508133
    1144   7163.36356694
    1145   7175.89299898
    1146   7188.43338013
    1147   7200.98470769
    1148   7213.54698438
    1149   7226.12020748
    1150   7238.70437971
    1151   7251.29949834
    1152   7263.90556611
    1153   7276.52258028
    1154   7289.15054359
    1155   7301.78945330
    1156   7314.43931216
    1157   7327.10011741
    1158   7339.77187182
    1159   7352.45457261
    1160   7365.14822258
    1161   7377.85281892
    1162   7390.56836444
    1163   7403.29485632
    1164   7416.03229741
    1165   7428.78068484
    1166   7441.54002149
    1167   7454.31030447
    1168   7467.09153668
    1169   7479.88371523
    1170   7492.68684300
    1171   7505.50091710
    1172   7518.32594045
    1173   7531.16191011
    1174   7544.00882902
    1175   7556.86669425
    1176   7569.73550874
    1177   7582.61526953
    1178   7595.50597960
    1179   7608.40763596
    1180   7621.32024160
    1181   7634.24379353
    1182   7647.17829476
    1183   7660.12374226
    1184   7673.08013908
    1185   7686.04748216
    1186   7699.02577456
    1187   7712.01501321
    1188   7725.01520120
    1189   7738.02633544
    1190   7751.04841902
    1191   7764.08144885
    1192   7777.12542802
    1193   7790.18035343
    1194   7803.24622821
    1195   7816.32304920
    1196   7829.41081958
    1197   7842.50953616
    1198   7855.61920214
    1199   7868.73981432
    1200   7881.87137590
    1201   7895.01388368
    1202   7908.16734087
    1203   7921.33174424
    1204   7934.50709705
    1205   7947.69339602
    1206   7960.89064444
    1207   7974.09883901
    1208   7987.31798304
    1209   8000.54807323
    1210   8013.78911288
    1211   8027.04109867
    1212   8040.30403394
    1213   8053.57791534
    1214   8066.86274624
    1215   8080.15852325
    1216   8093.46524977
    1217   8106.78292241
    1218   8120.11154455
    1219   8133.45111281
    1220   8146.80163058
    1221   8160.16309446
    1222   8173.53550787
    1223   8186.91886737
    1224   8200.31317641
    1225   8213.71843154
    1226   8227.13463623
    1227   8240.56178698
    1228   8253.99988731
    1229   8267.44893369
    1230   8280.90892966
    1231   8294.37987168
    1232   8307.86176330
    1233   8321.35460095
    1234   8334.85838822
    1235   8348.37312151
    1236   8361.89880443
    1237   8375.43543336
    1238   8388.98301194
    1239   8402.54153652
    1240   8416.11101075
    1241   8429.69143097
    1242   8443.28280086
    1243   8456.88511673
    1244   8470.49838228
    1245   8484.12259381
    1246   8497.75775502
    1247   8511.40386220
    1248   8525.06091909
    1249   8538.72892192
    1250   8552.40787447
    1251   8566.09777296
    1252   8579.79862119
    1253   8593.51041534
    1254   8607.23315924
    1255   8620.96684906
    1256   8634.71148864
    1257   8648.46707412
    1258   8662.23360938
    1259   8676.01109053
    1260   8689.79952147
    1261   8703.59889829
    1262   8717.40922492
    1263   8731.23049741
    1264   8745.06271973
    1265   8758.90588790
    1266   8772.76000591
    1267   8786.62506975
    1268   8800.50108345
    1269   8814.38804298
    1270   8828.28595237
    1271   8842.19480758
    1272   8856.11461268
    1273   8870.04536357
    1274   8883.98706437
    1275   8897.93971095
    1276   8911.90330745
    1277   8925.87784972
    1278   8939.86334193
    1279   8953.85977989
    1280   8967.86716780
    1281   8981.88550146
    1282   8995.91478509
    1283   9009.95501445
    1284   9024.00619378
    1285   9038.06831884
    1286   9052.14139389
    1287   9066.22541465
    1288   9080.32038542
    1289   9094.42630189
    1290   9108.54316838
    1291   9122.67098055
    1292   9136.80974277
    1293   9150.95945065
    1294   9165.12010859
    1295   9179.29171218
    1296   9193.47426585
    1297   9207.66776516
    1298   9221.87221456
    1299   9236.08760959
    1300   9250.31395472
    1301   9264.55124546
    1302   9278.79948633
    1303   9293.05867280
    1304   9307.32880941
    1305   9321.60989160
    1306   9335.90192394
    1307   9350.20490186
    1308   9364.51882995
    1309   9378.84370359
    1310   9393.17952743
    1311   9407.52629681
    1312   9421.88401639
    1313   9436.25268150
    1314   9450.63229683
    1315   9465.02285768
    1316   9479.42436877
    1317   9493.83682535
    1318   9508.26023219
    1319   9522.69458451
    1320   9537.13988712
    1321   9551.59613518
    1322   9566.06333354
    1323   9580.54147735
    1324   9595.03057147
    1325   9609.53061103
    1326   9624.04160092
    1327   9638.56353622
    1328   9653.09642188
    1329   9667.64025294
    1330   9682.19503436
    1331   9696.76076117
    1332   9711.33743837
    1333   9725.92506094
    1334   9740.52363391
    1335   9755.13315223
    1336   9769.75362099
    1337   9784.38503507
    1338   9799.02739960
    1339   9813.68070945
    1340   9828.34496976
    1341   9843.02017537
    1342   9857.70633147
    1343   9872.40343285
    1344   9887.11148473
    1345   9901.83048188
    1346   9916.56042955
    1347   9931.30132247
    1348   9946.05316593
    1349   9960.81595462
    1350   9975.58969388
    1351   9990.37437835
    1352  10005.17001340
    1353  10019.97659364
    1354  10034.79412450
    1355  10049.62260052
    1356  10064.46202718
    1357  10079.31239898
    1358  10094.17372144
    1359  10109.04598902
    1360  10123.92920729
    1361  10138.82337066
    1362  10153.72848473
    1363  10168.64454389
    1364  10183.57155377
    1365  10198.50950872
    1366  10213.45841441
    1367  10228.41826515
    1368  10243.38906666
    1369  10258.37081319
    1370  10273.36351052
    1371  10288.36715285
    1372  10303.38174599
    1373  10318.40728412
    1374  10333.44377308
    1375  10348.49120701
    1376  10363.54959180
    1377  10378.61892153
    1378  10393.69920214
    1379  10408.79042767
    1380  10423.89260411
    1381  10439.00572545
    1382  10454.12979772
    1383  10469.26481487
    1384  10484.41078297
    1385  10499.56769593
    1386  10514.73555986
    1387  10529.91436863
    1388  10545.10412839
    1389  10560.30483298
    1390  10575.51648858
    1391  10590.73908898
    1392  10605.97264043
    1393  10621.21713664
    1394  10636.47258393
    1395  10651.73897597
    1396  10667.01631910
    1397  10682.30460695
    1398  10697.60384593
    1399  10712.91402961
    1400  10728.23516443
    1401  10743.56724393
    1402  10758.91027461
    1403  10774.26424994
    1404  10789.62917646
    1405  10805.00504762
    1406  10820.39187000
    1407  10835.78963699
    1408  10851.19835522
    1409  10866.61801804
    1410  10882.04863213
    1411  10897.49019078
    1412  10912.94270073
    1413  10928.40615522
    1414  10943.88056103
    1415  10959.36591135
    1416  10974.86221303
    1417  10990.36945919
    1418  11005.88765673
    1419  11021.41679873
    1420  11036.95689214
    1421  11052.50792998
    1422  11068.06991925
    1423  11083.64285294
    1424  11099.22673808
    1425  11114.82156761
    1426  11130.42734863
    1427  11146.04407400
    1428  11161.67175089
    1429  11177.31037211
    1430  11192.95994488
    1431  11208.62046195
    1432  11224.29193060
    1433  11239.97434351
    1434  11255.66770804
    1435  11271.37201681
    1436  11287.08727721
    1437  11302.81348183
    1438  11318.55063812
    1439  11334.29873860
    1440  11350.05779077
    1441  11365.82778710
    1442  11381.60873516
    1443  11397.40062734
    1444  11413.20347129
    1445  11429.01725933
    1446  11444.84199917
    1447  11460.67768307
    1448  11476.52431880
    1449  11492.38189856
    1450  11508.25043017
    1451  11524.12990580
    1452  11540.02033331
    1453  11555.92170479
    1454  11571.83402820
    1455  11587.75729555
    1456  11603.69151485
    1457  11619.63667806
    1458  11635.59279326
    1459  11651.55985234
    1460  11667.53786344
    1461  11683.52681838
    1462  11699.52672538
    1463  11715.53757619
    1464  11731.55937909
    1465  11747.59212577
    1466  11763.63582458
    1467  11779.69046713
    1468  11795.75606183
    1469  11811.83260025
    1470  11827.92009087
    1471  11844.01852516
    1472  11860.12791168
    1473  11876.24824184
    1474  11892.37952426
    1475  11908.52175030
    1476  11924.67492863
    1477  11940.83905054
    1478  11957.01412479
    1479  11973.20014257
    1480  11989.39711273
    1481  12005.60502639
    1482  12021.82389245
    1483  12038.05370199
    1484  12054.29446397
    1485  12070.54616938
    1486  12086.80882727
    1487  12103.08242855
    1488  12119.36698236
    1489  12135.66247953
    1490  12151.96892925
    1491  12168.28632229
    1492  12184.61466793
    1493  12200.95395685
    1494  12217.30419840
    1495  12233.66538320
    1496  12250.03752068
    1497  12266.42060135
    1498  12282.81463474
    1499  12299.21961130
    1500  12315.63554061
    1501  12332.06241304
    1502  12348.50023828
    1503  12364.94900659
    1504  12381.40872774
    1505  12397.87939193
    1506  12414.36100901
    1507  12430.85356908
    1508  12447.35708207
    1509  12463.87153802
    1510  12480.39694694
    1511  12496.93329877
    1512  12513.48060361
    1513  12530.03885132
    1514  12546.60805209
    1515  12563.18819567
    1516  12579.77929236
    1517  12596.38133183
    1518  12612.99432444
    1519  12629.61825978
    1520  12646.25314832
    1521  12662.89897954
    1522  12679.55576400
    1523  12696.22349110
    1524  12712.90217149
    1525  12729.59179447
    1526  12746.29237078
    1527  12763.00388963
    1528  12779.72636187
    1529  12796.45977660
    1530  12813.20414476
    1531  12829.95945536
    1532  12846.72571945
    1533  12863.50292593
    1534  12880.29108594
    1535  12897.09018830
    1536  12913.90024423
    1537  12930.72124246
    1538  12947.55319432
    1539  12964.39608842
    1540  12981.24993621
    1541  12998.11472618
    1542  13014.99046989
    1543  13031.87715573
    1544  13048.77479536
    1545  13065.68337708
    1546  13082.60291263
    1547  13099.53339022
    1548  13116.47482169
    1549  13133.42719515
    1550  13150.39052254
    1551  13167.36479186
    1552  13184.35001518
    1553  13201.34618037
    1554  13218.35329961
    1555  13235.37136066
    1556  13252.40037581
    1557  13269.44033273
    1558  13286.49124380
    1559  13303.55309658
    1560  13320.62590357
    1561  13337.70965220
    1562  13354.80435512
    1563  13371.90999961
    1564  13389.02659844
    1565  13406.15413878
    1566  13423.29263353
    1567  13440.44206972
    1568  13457.60246038
    1569  13474.77379243
    1570  13491.95607901
    1571  13509.14930691
    1572  13526.35348939
    1573  13543.56861314
    1574  13560.79469153
    1575  13578.03171113
    1576  13595.27968543
    1577  13612.53860087
    1578  13629.80847108
    1579  13647.08928235
    1580  13664.38104847
    1581  13681.68375559
    1582  13698.99741761
    1583  13716.32202056
    1584  13733.65757848
    1585  13751.00407727
    1586  13768.36153109
    1587  13785.72992570
    1588  13803.10927542
    1589  13820.49956587
    1590  13837.90081149
    1591  13855.31299775
    1592  13872.73613926
    1593  13890.17022135
    1594  13907.61525876
    1595  13925.07123667
    1596  13942.53816996
    1597  13960.01604368
    1598  13977.50487286
    1599  13995.00464240
    1600  14012.51536746
    1601  14030.03703281
    1602  14047.56965375
    1603  14065.11321490
    1604  14082.66773173
    1605  14100.23318868
    1606  14117.80960138
    1607  14135.39695413
    1608  14152.99526271
    1609  14170.60451124
    1610  14188.22471569
    1611  14205.85586002
    1612  14223.49796034
    1613  14241.15100045
    1614  14258.81499663
    1615  14276.48993252
    1616  14294.17582457
    1617  14311.87265623
    1618  14329.58044414
    1619  14347.29917157
    1620  14365.02885534
    1621  14382.76947854
    1622  14400.52105815
    1623  14418.28357711
    1624  14436.05705257
    1625  14453.84146729
    1626  14471.63683859
    1627  14489.44314906
    1628  14507.26041620
    1629  14525.08862242
    1630  14542.92778540
    1631  14560.77788735
    1632  14578.63894616
    1633  14596.51094385
    1634  14614.39389849
    1635  14632.28779191
    1636  14650.19264237
    1637  14668.10843151
    1638  14686.03517778
    1639  14703.97286264
    1640  14721.92150473
    1641  14739.88108530
    1642  14757.85162320
    1643  14775.83309947
    1644  14793.82553317
    1645  14811.82890514
    1646  14829.84323464
    1647  14847.86850230
    1648  14865.90472760
    1649  14883.95189094
    1650  14902.01001202
    1651  14920.07907104
    1652  14938.15908790
    1653  14956.25004259
    1654  14974.35195523
    1655  14992.46480557
    1656  15010.58861399
    1657  15028.72335999
    1658  15046.86906416
    1659  15065.02570581
    1660  15083.19330574
    1661  15101.37184302
    1662  15119.56133871
    1663  15137.76177162
    1664  15155.97316305
    1665  15174.19549158
    1666  15192.42877875
    1667  15210.67300290
    1668  15228.92818580
    1669  15247.19430555
    1670  15265.47138417
    1671  15283.75939951
    1672  15302.05837385
    1673  15320.36828478
    1674  15338.68915483
    1675  15357.02096133
    1676  15375.36372708
    1677  15393.71742915
    1678  15412.08209060
    1679  15430.45768821
    1680  15448.84424535
    1681  15467.24173851
    1682  15485.65019132
    1683  15504.06958002
    1684  15522.49992850
    1685  15540.94121272
    1686  15559.39345686
    1687  15577.85663659
    1688  15596.33077639
    1689  15614.81585162
    1690  15633.31188706
    1691  15651.81885778
    1692  15670.33678885
    1693  15688.86565504
    1694  15707.40548174
    1695  15725.95624340
    1696  15744.51796571
    1697  15763.09062282
    1698  15781.67424073
    1699  15800.26879328
    1700  15818.87430679
    1701  15837.49075477
    1702  15856.11816386
    1703  15874.75650725
    1704  15893.40581191
    1705  15912.06605070
    1706  15930.73725093
    1707  15949.41938510
    1708  15968.11248088
    1709  15986.81651042
    1710  16005.53150174
    1711  16024.25742663
    1712  16042.99431348
    1713  16061.74213371
    1714  16080.50091608
    1715  16099.27063164
    1716  16118.05130950
    1717  16136.84292037
    1718  16155.64549373
    1719  16174.45899989
    1720  16193.28346873
    1721  16212.11887016
    1722  16230.96523446
    1723  16249.82253116
    1724  16268.69079091
    1725  16287.56998285
    1726  16306.46013804
    1727  16325.36122520
    1728  16344.27327581
    1729  16363.19625818
    1730  16382.13020420
    1731  16401.07508175
    1732  16420.03092317
    1733  16438.99769589
    1734  16457.97543269
    1735  16476.96410056
    1736  16495.96373272
    1737  16514.97429572
    1738  16533.99582323
    1739  16553.02828134
    1740  16572.07170418
    1741  16591.12605737
    1742  16610.19137553
    1743  16629.26762379
    1744  16648.35483724
    1745  16667.45298055
    1746  16686.56208928
    1747  16705.68212761
    1748  16724.81313161
    1749  16743.95506493
    1750  16763.10796418
    1751  16782.27179248
    1752  16801.44658695
    1753  16820.63231021
    1754  16839.82899989
    1755  16859.03661807
    1756  16878.25520294
    1757  16897.48471602
    1758  16916.72519606
    1759  16935.97660402
    1760  16955.23897920
    1761  16974.51228201
    1762  16993.79655233
    1763  17013.09174996
    1764  17032.39791538
    1765  17051.71500781
    1766  17071.04306832
    1767  17090.38205551
    1768  17109.73201108
    1769  17129.09289301
    1770  17148.46474363
    1771  17167.84752027
    1772  17187.24126590
    1773  17206.64593722
    1774  17226.06157785
    1775  17245.48814381
    1776  17264.92567941
    1777  17284.37413998
    1778  17303.83357053
    1779  17323.30392569
    1780  17342.78525116
    1781  17362.27750087
    1782  17381.78072123
    1783  17401.29486545
    1784  17420.81998068
    1785  17440.35601938
    1786  17459.90302946
    1787  17479.46096260
    1788  17499.02986749
    1789  17518.60969504
    1790  17538.20049472
    1791  17557.80221664
    1792  17577.41491108
    1793  17597.03852733
    1794  17616.67311649
    1795  17636.31862703
    1796  17655.97511089
    1797  17675.64251568
    1798  17695.32089421
    1799  17715.01019321
    1800  17734.71046638
    1801  17754.42165954
    1802  17774.14382731
    1803  17793.87691460
    1804  17813.62097694
    1805  17833.37595830
    1806  17853.14191518
    1807  17872.91879058
    1808  17892.70664196
    1809  17912.50541134
    1810  17932.31515719
    1811  17952.13582050
    1812  17971.96746078
    1813  17991.81001799
    1814  18011.66355266
    1815  18031.52800370
    1816  18051.40343273
    1817  18071.28977755
    1818  18091.18710090
    1819  18111.09533946
    1820  18131.01455708
    1821  18150.94468931
    1822  18170.88580118
    1823  18190.83782703
    1824  18210.80083309
    1825  18230.77475250
    1826  18250.75965272
    1827  18270.75546563
    1828  18290.76225996
    1829  18310.77996631
    1830  18330.80865470
    1831  18350.84825443
    1832  18370.89883685
    1833  18390.96032989
    1834  18411.03280629
    1835  18431.11619257
    1836  18451.21056290
    1837  18471.31584236
    1838  18491.43210657
    1839  18511.55927914
    1840  18531.69743718
    1841  18551.84650279
    1842  18572.00655461
    1843  18592.17751317
    1844  18612.35945872
    1845  18632.55231018
    1846  18652.75614940
    1847  18672.97089366
    1848  18693.19662651
    1849  18713.43326350
    1850  18733.68088991
    1851  18753.93941954
    1852  18774.20893946
    1853  18794.48936165
    1854  18814.78077502
    1855  18835.08308969
    1856  18855.39639644
    1857  18875.72060349
    1858  18896.05580357
    1859  18916.40190291
    1860  18936.75899626
    1861  18957.12698779
    1862  18977.50597434
    1863  18997.89585797
    1864  19018.29673765
    1865  19038.70851327
    1866  19059.13128602
    1867  19079.56495352
    1868  19100.00961928
    1869  19120.46517856
    1870  19140.93173724
    1871  19161.40918819
    1872  19181.89763973
    1873  19202.39698223
    1874  19222.90732655
    1875  19243.42856048
    1876  19263.96079751
    1877  19284.50392276
    1878  19305.05805241
    1879  19325.62306884
    1880  19346.19909104
    1881  19366.78599852
    1882  19387.38391319
    1883  19407.99271159
    1884  19428.61251864
    1885  19449.24320782
    1886  19469.88490717
    1887  19490.53748698
    1888  19511.20107854
    1889  19531.87554883
    1890  19552.56103251
    1891  19573.25739313
    1892  19593.96476884
    1893  19614.68301962
    1894  19635.41228727
    1895  19656.15242805
    1896  19676.90358753
    1897  19697.66561814
    1898  19718.43866937
    1899  19739.22258963
    1900  19760.01753249
    1901  19780.82334221
    1902  19801.64017660
    1903  19822.46787560
    1904  19843.30660142
    1905  19864.15618948
    1906  19885.01680663
    1907  19905.88828355
    1908  19926.77079190
    1909  19947.66415748
    1910  19968.56855692
    1911  19989.48381092
    1912  20010.41010134
    1913  20031.34724353
    1914  20052.29542481
    1915  20073.25445494
    1916  20094.22452696
    1917  20115.20544478
    1918  20136.19740741
    1919  20157.20021266
    1920  20178.21406578
    1921  20199.23875818
    1922  20220.27450165
    1923  20241.32108092
    1924  20262.37871461
    1925  20283.44718045
    1926  20304.52670422
    1927  20325.61705631
    1928  20346.71847003
    1929  20367.83070803
    1930  20388.95401157
    1931  20410.08813514
    1932  20431.23332834
    1933  20452.38933713
    1934  20473.55641984
    1935  20494.73431348
    1936  20515.92328555
    1937  20537.12306362
    1938  20558.33392492
    1939  20579.55558701
    1940  20600.78833737
    1941  20622.03188304
    1942  20643.28652231
    1943  20664.55195110
    1944  20685.82847912
    1945  20707.11579054
    1946  20728.41420715
    1947  20749.72340069
    1948  20771.04370573
    1949  20792.37478085
    1950  20813.71697416
    1951  20835.06993027
    1952  20856.43401170
    1953  20877.80884820
    1954  20899.19481759
    1955  20920.59153382
    1956  20941.99939101
    1957  20963.41798630
    1958  20984.84773112
    1959  21006.28820473
    1960  21027.73983705
    1961  21049.20218820
    1962  21070.67570787
    1963  21092.15993572
    1964  21113.65534260
    1965  21135.16144627
    1966  21156.67874022
    1967  21178.20671876
    1968  21199.74589967
    1969  21221.29575204
    1970  21242.85681980
    1971  21264.42854491
    1972  21286.01149944
    1973  21307.60509609
    1974  21329.20993730
    1975  21350.82540423
    1976  21372.45213210
    1977  21394.08946788
    1978  21415.73808237
    1979  21437.39728554
    1980  21459.06778670
    1981  21480.74885557
    1982  21502.44124341
    1983  21524.14417625
    1984  21545.85845096
    1985  21567.58324574
    1986  21589.31940740
    1987  21611.06606209
    1988  21632.82411102
    1989  21654.59262316
    1990  21676.37255953
    1991  21698.16292673
    1992  21719.96475111
    1993  21741.77697033
    1994  21763.60068291
    1995  21785.43475143
    1996  21807.28035306
    1997  21829.13626713
    1998  21851.00375795
    1999  21872.88151457
    2000  21894.77089569
    2001  21916.67049034
    2002  21938.58176148
    2003  21960.50319124
    2004  21982.43635360
    2005  22004.37961333
    2006  22026.33466526
    2007  22048.29975314
    2008  22070.27669512
    2009  22092.26360627
    2010  22114.26243299
    2011  22136.27116937
    2012  22158.29187819
    2013  22180.32243795
    2014  22202.36501451
    2015  22224.41740965
    2016  22246.48184198
    2017  22268.55608113
    2018  22290.64233386
    2019  22312.73845282
    2020  22334.84649022
    2021  22356.96452513
    2022  22379.09426710
    2023  22401.23430350
    2024  22423.38566276
    2025  22445.54779511
    2026  22467.72061222
    2027  22489.90500583
    2028  22512.09911424
    2029  22534.30593848
    2030  22556.52111532
    2031  22578.75054560
    2032  22600.98666297
    2033  22623.23871824
    2034  22645.49593222
    2035  22667.77008170
    2036  22690.04927756
    2037  22712.34395394
    2038  22734.64784916
    2039  22756.95892927
    2040  22779.29268283
    2041  22801.61327668
    2042  22823.98607933
    2043  22846.30610740
    2044  22868.72643781
    2045  22891.03880874
    2046  22913.50765901
    2047  22935.81717883
    2048  22958.49717575
 ---------------------------------------
 
SCF converged! Final Ground-State Energy (Eh):              -4.8598025599085108
