 
     Two-Electron DVR    
 ------------------------
 x0     =      15.00000000
 m      =       1.00000000
 Z      =       4.00000000
 n      =               32
 dx     =       0.96774194
 
Soft-Coulomb Parameters:
 alpha  =       0.01000000
 beta   =       0.10000000
 
 
                       Hartree-Fock                      
 --------------------------------------------------------
 no. of orbitals        =               32
 no. of electrons       =                2
 scf_damping_switch     =        F
 scf_diis_switch        =        F
 damping_factor         =   0.00000000
 e_tolerance            = 0.0000000000100000
 maximum scf-iterations =              200
 
 
                       SCF iterations                      
 ----------------------------------------------------------
    S.No    Energy (hartree)        dE (hartree)
 ----------------------------------------------------------
       0    -15.014707998585
       1    -12.982557006940      2.032150991645
       2    -12.992066138101      0.009509131161
       3    -12.992188014549      0.000121876447
       4    -12.992189564474      0.000001549925
       5    -12.992189584305      0.000000019830
       6    -12.992189584559      0.000000000255
       7    -12.992189584562      0.000000000003
 ----------------------------------------------------------
  
 
 
 ---------------------------------------
     Molecular Orbital Energies (Eh)    
 ---------------------------------------
       1     -5.49073529
       2     -2.80432798
       3     -0.56511164
       4     -0.49296444
       5     -0.24085187
       6     -0.21921498
       7     -0.11951198
       8     -0.10438334
       9      0.00785562
      10      0.02982729
      11      0.18482385
      12      0.21426532
      13      0.40884810
      14      0.44529477
      15      0.67786826
      16      0.72190233
      17      0.99074197
      18      1.04172083
      19      1.34711388
      20      1.40624153
      21      1.74667568
      22      1.81245969
      23      2.19016714
      24      2.26487836
      25      2.67806723
      26      2.75805801
      27      3.21408286
      28      3.30492808
      29      3.80151947
      30      3.89287241
      31      4.46989079
      32      4.59823041
 ---------------------------------------
 
SCF converged! Final Ground-State Energy (Eh):             -12.9921895845623823
