 
     Two-Electron DVR    
 ------------------------
 x0     =      15.00000000
 m      =       1.00000000
 Z      =       6.00000000
 n      =             2048
 dx     =       0.01465559
 
Soft-Coulomb Parameters:
 alpha  =       0.01000000
 beta   =       0.01000000
 
 
                       Hartree-Fock                      
 --------------------------------------------------------
 no. of orbitals        =             2048
 no. of electrons       =                2
 scf_damping_switch     =        F
 scf_diis_switch        =        F
 damping_factor         =   0.00000000
 e_tolerance            = 0.0000000000100000
 maximum scf-iterations =              200
 
 
                       SCF iterations                      
 ----------------------------------------------------------
    S.No    Energy (hartree)        dE (hartree)
 ----------------------------------------------------------
       0    -73.243937588140
       1    -66.906580457678      6.337357130462
       2    -66.965315774994      0.058735317315
       3    -66.965462928055      0.000147153062
       4    -66.965463329547      0.000000401491
       5    -66.965463330721      0.000000001174
       6    -66.965463330721      0.000000000001
 ----------------------------------------------------------
  
 
 
 ---------------------------------------
     Molecular Orbital Energies (Eh)    
 ---------------------------------------
       1    -30.37404743
       2     -6.14042664
       3     -3.16872826
       4     -1.76124598
       5     -1.19738143
       6     -0.81750838
       7     -0.62300613
       8     -0.46961740
       9     -0.37979839
      10     -0.29468809
      11     -0.22448097
      12     -0.12822715
      13     -0.03384069
      14      0.09445964
      15      0.21498183
      16      0.37291742
      17      0.51762138
      18      0.70334572
      19      0.87114403
      20      1.08355760
      21      1.27381175
      22      1.51218342
      23      1.72449440
      24      1.98829331
      25      2.22240556
      26      2.51121912
      27      2.76697094
      28      3.08046061
      29      3.35775581
      30      3.69563164
      31      3.99442159
      32      4.35642693
      33      4.67669841
      34      5.06260053
      35      5.40436690
      36      5.81395126
      37      6.17724566
      38      6.61031244
      39      6.99518250
      40      7.45154442
      41      7.85804803
      42      8.33752913
      43      8.76573099
      44      9.26816584
      45      9.71813474
      46     10.24336803
      47     10.71517462
      48     11.26306078
      49     11.75677588
      50     12.32717889
      51     12.84287207
      52     13.43566524
      53     13.97340382
      54     14.58846951
      55     15.14831777
      56     15.78554717
      57     16.36756578
      58     17.02685865
      59     17.63110427
      60     18.31236858
      61     18.93889366
      62     19.64204528
      63     20.29089788
      64     21.01586021
      65     21.68708402
      66     22.43378764
      67     23.12742197
      68     23.89580424
      69     24.61188414
      70     25.40188882
      71     26.14044521
      72     26.95202208
      73     27.71308193
      74     28.54618642
      75     29.32977291
      76     30.18436570
      77     30.99049846
      78     31.86654512
      79     32.69524042
      80     33.59271111
      81     34.44398208
      82     35.36285114
      83     36.23670800
      84     37.17695366
      85     38.07340393
      86     39.03500801
      87     39.95405671
      88     40.93700431
      89     41.87865419
      90     42.88293343
      91     43.84718513
      92     44.87278687
      93     45.85963914
      94     46.90655674
      95     47.91600660
      96     48.98423571
      97     50.01627862
      98     51.10581695
      99     52.16044698
     100     53.27129408
     101     54.34850405
     102     55.48066116
     103     56.58044277
     104     57.73391263
     105     58.85625662
     106     60.03104329
     107     61.17593954
     108     62.37204829
     109     63.53948592
     110     64.75692306
     111     65.94689056
     112     67.18566334
     113     68.39814865
     114     69.65826511
     115     70.89325570
     116     72.17472461
     117     73.43220759
     118     74.73503830
     119     76.01500047
     120     77.33920286
     121     78.64163078
     122     79.98721516
     123     81.31209520
     124     82.67907224
     125     84.02639067
     126     85.41477133
     127     86.78451434
     128     88.19430981
     129     89.58646356
     130     91.01768521
     131     92.43223589
     132     93.88489519
     133     95.32182904
     134     96.79593756
     135     98.25524090
     136     99.75081023
     137    101.23246949
     138    102.74951123
     139    104.25351300
     140    105.79203871
     141    107.31836973
     142    108.87839091
     143    110.42703809
     144    112.00856614
     145    113.57951662
     146    115.18256285
     147    116.77580396
     148    118.40037953
     149    120.01589885
     150    121.66201476
     151    123.29980010
     152    124.96746720
     153    126.62750662
     154    128.31673557
     155    129.99901738
     156    131.70981867
     157    133.41433145
     158    135.14671535
     159    136.87344794
     160    138.62742451
     161    140.37636602
     162    142.15194512
     163    143.92308494
     164    145.72027619
     165    147.51360398
     166    149.33241679
     167    151.14792248
     168    152.98836604
     169    154.82603982
     170    156.68812308
     171    158.54795544
     172    160.43168710
     173    162.31366878
     174    164.21905736
     175    166.12317937
     176    168.05023310
     177    169.97648672
     178    171.92521365
     179    173.87359041
     180    175.84399835
     181    177.81449004
     182    179.80658655
     183    181.79918522
     184    183.81297767
     185    185.82767562
     186    187.86317114
     187    189.89996089
     188    191.95716640
     189    194.01604074
     190    196.09496295
     191    198.17591488
     192    200.27656028
     193    202.37958305
     194    204.50195792
     195    206.62704500
     196    208.77115543
     197    210.91830049
     198    213.08415238
     199    215.25334931
     200    217.44094836
     201    219.63219126
     202    221.84154297
     203    224.05482616
     204    226.28593585
     205    228.52125381
     206    230.77412663
     207    233.03147407
     208    235.30611499
     209    237.58548677
     210    239.88190059
     211    242.18329178
     212    244.50148313
     213    246.82488895
     214    249.16486230
     215    251.51027817
     216    253.87203783
     217    256.23945931
     218    258.62300945
     219    261.01243227
     220    263.41777690
     221    265.82919694
     222    268.25633993
     223    270.68975322
     224    273.13869831
     225    275.59410103
     226    278.06485181
     227    280.54224028
     228    283.03480021
     229    285.53417089
     230    288.04854332
     231    290.56989279
     232    293.10608093
     233    295.64940591
     234    298.20741286
     235    300.77271018
     236    303.35253892
     237    305.93980554
     238    308.54145894
     239    311.15069193
     240    313.77417277
     241    316.40536930
     242    319.05068023
     243    321.70383760
     244    324.37098119
     245    327.04609678
     246    329.73507549
     247    332.43214680
     248    335.14296299
     249    337.86198761
     250    340.59464358
     251    343.33561917
     252    346.09011711
     253    348.85304146
     254    351.62938347
     255    354.41425442
     256    357.21244253
     257    360.01925803
     258    362.83929420
     259    365.66805226
     260    368.50993837
     261    371.36063708
     262    374.22437492
     263    377.09701246
     264    379.98260377
     265    382.87717837
     266    385.78462482
     267    388.70113479
     268    391.63043798
     269    394.56888170
     270    397.52004317
     271    400.48041907
     272    403.45344030
     273    406.43574688
     274    409.43062929
     275    412.43486512
     276    415.45161008
     277    418.47777376
     278    421.51638257
     279    424.56447279
     280    427.62494672
     281    430.69496219
     282    433.77730245
     283    436.86924195
     284    439.97344969
     285    443.08731204
     286    446.21338839
     287    449.34917246
     288    452.49711848
     289    455.65482319
     290    458.82463992
     291    462.00426422
     292    465.19595264
     293    468.39749554
     294    471.61105659
     295    474.83451713
     296    478.06995174
     297    481.31532898
     298    484.57263802
     299    487.83993109
     300    491.11911539
     301    494.40832343
     302    497.70938381
     303    501.02050602
     304    504.34344324
     305    507.67647882
     306    511.02129363
     307    514.37624184
     308    517.74293495
     309    521.11979507
     310    524.50836716
     311    527.90713849
     312    531.31759023
     313    534.73827211
     314    538.17060411
     315    541.61319591
     316    545.06740879
     317    548.53190988
     318    552.00800422
     319    555.49441403
     320    558.99239037
     321    562.50070834
     322    566.02056723
     323    569.55079280
     324    573.09253475
     325    576.64466742
     326    580.20829291
     327    583.78233218
     328    587.36784169
     329    590.96378709
     330    594.57118107
     331    598.18903212
     332    601.81831101
     333    605.45806729
     334    609.10923150
     335    612.77089258
     336    616.44394251
     337    620.12750799
     338    623.82244402
     339    627.52791352
     340    631.24473602
     341    634.97210915
     342    638.71081847
     343    642.46009490
     344    646.22069138
     345    649.99187074
     346    653.77435471
     347    657.56743669
     348    661.37180845
     349    665.18679273
     350    669.01305258
     351    672.84993886
     352    676.69808709
     353    680.55687508
     354    684.42691196
     355    688.30760139
     356    692.19952718
     357    696.10211777
     358    700.01593273
     359    703.94042424
     360    707.87612860
     361    711.82252077
     362    715.78011478
     363    719.74840739
     364    723.72789125
     365    727.71808407
     366    731.71945801
     367    735.73155081
     368    739.75481504
     369    743.78880762
     370    747.83396232
     371    751.88985450
     372    755.95689985
     373    760.03469143
     374    764.12362763
     375    768.22331842
     376    772.33414563
     377    776.45573546
     378    780.58845385
     379    784.73194255
     380    788.88655228
     381    793.05193970
     382    797.22844092
     383    801.41572689
     384    805.61411974
     385    809.82330412
     386    814.04358876
     387    818.27467141
     388    822.51684795
     389    826.76982873
     390    831.03389731
     391    835.30877609
     392    839.59473683
     393    843.89151349
     394    848.19936651
     395    852.51804093
     396    856.84778634
     397    861.18835840
     398    865.53999632
     399    869.90246591
     400    874.27599643
     401    878.66036345
     402    883.05578667
     403    887.46205102
     404    891.87936704
     405    896.30752862
     406    900.74673753
     407    905.19679625
     408    909.65789814
     409    914.12985390
     410    918.61284885
     411    923.10670158
     412    927.61158967
     413    932.12733928
     414    936.65412060
     415    941.19176701
     416    945.74044162
     417    950.29998476
     418    954.87055273
     419    959.45199253
     420    964.04445394
     421    968.64779032
     422    973.26214522
     423    977.88737813
     424    982.52362659
     425    987.17075595
     426    991.82889804
     427    996.49792380
     428   1001.17795957
     429   1005.86888166
     430   1010.57081116
     431   1015.28362954
     432   1020.00745283
     433   1024.74216743
     434   1029.48788456
     435   1034.24449534
     436   1039.01210635
     437   1043.79061326
     438   1048.58011820
     439   1053.38052119
     440   1058.19192011
     441   1063.01421914
     442   1067.84751208
     443   1072.69170710
     444   1077.54689410
     445   1082.41298507
     446   1087.29006617
     447   1092.17805305
     448   1097.07702829
     449   1101.98691105
     450   1106.90778046
     451   1111.83955905
     452   1116.78232267
     453   1121.73599707
     454   1126.70065493
     455   1131.67622510
     456   1136.66277723
     457   1141.66024313
     458   1146.66868957
     459   1151.68805118
     460   1156.71839195
     461   1161.75964924
     462   1166.81188437
     463   1171.87503730
     464   1176.94916682
     465   1182.03421538
     466   1187.13023931
     467   1192.23718346
     468   1197.35510183
     469   1202.48394156
     470   1207.62375439
     471   1212.77448966
     472   1217.93619697
     473   1223.10882777
     474   1228.29242959
     475   1233.48695590
     476   1238.69245224
     477   1243.90887403
     478   1249.13626492
     479   1254.37458217
     480   1259.62386763
     481   1264.88408032
     482   1270.15526037
     483   1275.43736849
     484   1280.73044313
     485   1286.03444666
     486   1291.34941593
     487   1296.67531484
     488   1302.01217875
     489   1307.35997304
     490   1312.71873160
     491   1318.08842125
     492   1323.46907447
     493   1328.86065947
     494   1334.26320737
     495   1339.67668770
     496   1345.10113030
     497   1350.53650594
     498   1355.98284325
     499   1361.44011420
     500   1366.90834623
     501   1372.38751247
     502   1377.87763923
     503   1383.37870076
     504   1388.89072226
     505   1394.41367906
     506   1399.94759532
     507   1405.49244737
     508   1411.04825840
     509   1416.61500571
     510   1422.19271151
     511   1427.78135405
     512   1433.38095465
     513   1438.99149242
     514   1444.61298781
     515   1450.24542080
     516   1455.88881100
     517   1461.54313921
     518   1467.20842422
     519   1472.88464763
     520   1478.57182746
     521   1484.26994607
     522   1489.97902074
     523   1495.69903453
     524   1501.43000404
     525   1507.17191302
     526   1512.92477737
     527   1518.68858153
     528   1524.46334074
     529   1530.24904006
     530   1536.04569413
     531   1541.85328862
     532   1547.67183756
     533   1553.50132720
     534   1559.34177101
     535   1565.19315581
     536   1571.05549450
     537   1576.92877444
     538   1582.81300803
     539   1588.70818311
     540   1594.61431158
     541   1600.53138180
     542   1606.45940518
     543   1612.39837053
     544   1618.34828881
     545   1624.30914928
     546   1630.28096247
     547   1636.26371807
     548   1642.25742618
     549   1648.26207690
     550   1654.27767992
     551   1660.30422575
     552   1666.34172370
     553   1672.39016465
     554   1678.44955752
     555   1684.51989358
     556   1690.60118139
     557   1696.69341255
     558   1702.79659530
     559   1708.91072156
     560   1715.03579925
     561   1721.17182061
     562   1727.31879325
     563   1733.47670971
     564   1739.64557729
     565   1745.82538884
     566   1752.01615138
     567   1758.21785803
     568   1764.43051552
     569   1770.65411726
     570   1776.88866971
     571   1783.13416654
     572   1789.39061395
     573   1795.65800586
     574   1801.93634825
     575   1808.22563524
     576   1814.52587260
     577   1820.83705467
     578   1827.15918700
     579   1833.49226416
     580   1839.83629146
     581   1846.19126370
     582   1852.55718598
     583   1858.93405329
     584   1865.32187056
     585   1871.72063295
     586   1878.13034520
     587   1884.55100266
     588   1890.98260990
     589   1897.42516244
     590   1903.87866467
     591   1910.34311228
     592   1916.81850950
     593   1923.30485218
     594   1929.80214440
     595   1936.31038215
     596   1942.82956937
     597   1949.35970219
     598   1955.90078441
     599   1962.45281230
     600   1969.01578952
     601   1975.58971248
     602   1982.17458470
     603   1988.77040273
     604   1995.37716996
     605   2001.99488306
     606   2008.62354530
     607   2015.26315347
     608   2021.91371072
     609   2028.57521395
     610   2035.24766621
     611   2041.93106452
     612   2048.62541179
     613   2055.33070516
     614   2062.04694746
     615   2068.77413589
     616   2075.51227321
     617   2082.26135671
     618   2089.02138905
     619   2095.79236761
     620   2102.57429497
     621   2109.36716861
     622   2116.17099099
     623   2122.98575969
     624   2129.81147711
     625   2136.64814087
     626   2143.49575331
     627   2150.35431215
     628   2157.22381962
     629   2164.10427352
     630   2170.99567603
     631   2177.89802499
     632   2184.81132253
     633   2191.73556657
     634   2198.67075914
     635   2205.61689824
     636   2212.57398586
     637   2219.54202003
     638   2226.52100268
     639   2233.51093192
     640   2240.51180961
     641   2247.52363392
     642   2254.54640666
     643   2261.58012603
     644   2268.62479382
     645   2275.68040826
     646   2282.74697109
     647   2289.82448061
     648   2296.91293848
     649   2304.01234307
     650   2311.12269599
     651   2318.24399565
     652   2325.37624363
     653   2332.51943836
     654   2339.67358139
     655   2346.83867119
     656   2354.01470927
     657   2361.20169415
     658   2368.39962729
     659   2375.60850724
     660   2382.82833543
     661   2390.05911046
     662   2397.30083371
     663   2404.55350381
     664   2411.81712213
     665   2419.09168731
     666   2426.37720068
     667   2433.67366094
     668   2440.98106938
     669   2448.29942471
     670   2455.62872821
     671   2462.96897862
     672   2470.32017720
     673   2477.68232269
     674   2485.05541633
     675   2492.43945690
     676   2499.83444561
     677   2507.24038126
     678   2514.65726504
     679   2522.08509577
     680   2529.52387462
     681   2536.97360044
     682   2544.43427437
     683   2551.90589527
     684   2559.38846427
     685   2566.88198026
     686   2574.38644434
     687   2581.90185541
     688   2589.42821457
     689   2596.96552073
     690   2604.51377497
     691   2612.07297621
     692   2619.64312553
     693   2627.22422187
     694   2634.81626627
     695   2642.41925770
     696   2650.03319719
     697   2657.65808371
     698   2665.29391828
     699   2672.94069989
     700   2680.59842955
     701   2688.26710626
     702   2695.94673101
     703   2703.63730281
     704   2711.33882265
     705   2719.05128955
     706   2726.77470448
     707   2734.50906647
     708   2742.25437650
     709   2750.01063359
     710   2757.77783871
     711   2765.55599090
     712   2773.34509112
     713   2781.14513841
     714   2788.95613372
     715   2796.77807612
     716   2804.61096653
     717   2812.45480403
     718   2820.30958954
     719   2828.17532215
     720   2836.05200276
     721   2843.93963047
     722   2851.83820619
     723   2859.74772901
     724   2867.66819983
     725   2875.59961776
     726   2883.54198369
     727   2891.49529673
     728   2899.45955777
     729   2907.43476591
     730   2915.42092206
     731   2923.41802532
     732   2931.42607658
     733   2939.44507495
     734   2947.47502133
     735   2955.51591482
     736   2963.56775630
     737   2971.63054491
     738   2979.70428151
     739   2987.78896523
     740   2995.88459696
     741   3003.99117580
     742   3012.10870264
     743   3020.23717660
     744   3028.37659856
     745   3036.52696764
     746   3044.68828473
     747   3052.86054894
     748   3061.04376114
     749   3069.23792047
     750   3077.44302781
     751   3085.65908227
     752   3093.88608473
     753   3102.12403431
     754   3110.37293190
     755   3118.63277661
     756   3126.90356933
     757   3135.18530918
     758   3143.47799703
     759   3151.78163201
     760   3160.09621499
     761   3168.42174510
     762   3176.75822322
     763   3185.10564846
     764   3193.46402172
     765   3201.83334210
     766   3210.21361049
     767   3218.60482601
     768   3227.00698955
     769   3235.42010021
     770   3243.84415888
     771   3252.27916468
     772   3260.72511850
     773   3269.18201944
     774   3277.64986840
     775   3286.12866449
     776   3294.61840860
     777   3303.11909983
     778   3311.63073908
     779   3320.15332546
     780   3328.68685987
     781   3337.23134140
     782   3345.78677095
     783   3354.35314763
     784   3362.93047234
     785   3371.51874417
     786   3380.11796403
     787   3388.72813102
     788   3397.34924604
     789   3405.98130818
     790   3414.62431835
     791   3423.27827565
     792   3431.94318098
     793   3440.61903344
     794   3449.30583394
     795   3458.00358155
     796   3466.71227721
     797   3475.43191999
     798   3484.16251081
     799   3492.90404875
     800   3501.65653474
     801   3510.41996784
     802   3519.19434900
     803   3527.97967727
     804   3536.77595360
     805   3545.58317704
     806   3554.40134854
     807   3563.23046715
     808   3572.07053382
     809   3580.92154760
     810   3589.78350944
     811   3598.65641840
     812   3607.54027542
     813   3616.43507955
     814   3625.34083175
     815   3634.25753105
     816   3643.18517843
     817   3652.12377292
     818   3661.07331548
     819   3670.03380514
     820   3679.00524289
     821   3687.98762773
     822   3696.98096066
     823   3705.98524069
     824   3715.00046881
     825   3724.02664402
     826   3733.06376733
     827   3742.11183773
     828   3751.17085623
     829   3760.24082182
     830   3769.32173550
     831   3778.41359629
     832   3787.51640517
     833   3796.63016114
     834   3805.75486522
     835   3814.89051638
     836   3824.03711566
     837   3833.19466202
     838   3842.36315650
     839   3851.54259806
     840   3860.73298773
     841   3869.93432449
     842   3879.14660937
     843   3888.36984133
     844   3897.60402142
     845   3906.84914858
     846   3916.10522387
     847   3925.37224624
     848   3934.65021674
     849   3943.93913431
     850   3953.23900002
     851   3962.54981280
     852   3971.87157372
     853   3981.20428172
     854   3990.54793785
     855   3999.90254106
     856   4009.26809241
     857   4018.64459083
     858   4028.03203740
     859   4037.43043103
     860   4046.83977282
     861   4056.26006167
     862   4065.69129868
     863   4075.13348275
     864   4084.58661499
     865   4094.05069428
     866   4103.52572174
     867   4113.01169625
     868   4122.50861894
     869   4132.01648868
     870   4141.53530660
     871   4151.06507156
     872   4160.60578471
     873   4170.15744490
     874   4179.72005329
     875   4189.29360871
     876   4198.87811233
     877   4208.47356298
     878   4218.07996184
     879   4227.69730773
     880   4237.32560182
     881   4246.96484295
     882   4256.61503228
     883   4266.27616865
     884   4275.94825322
     885   4285.63128483
     886   4295.32526465
     887   4305.03019149
     888   4314.74606656
     889   4324.47288865
     890   4334.21065897
     891   4343.95937631
     892   4353.71904187
     893   4363.48965446
     894   4373.27121527
     895   4383.06372311
     896   4392.86717918
     897   4402.68158227
     898   4412.50693360
     899   4422.34323194
     900   4432.19047852
     901   4442.04867212
     902   4451.91781397
     903   4461.79790282
     904   4471.68893993
     905   4481.59092405
     906   4491.50385642
     907   4501.42773579
     908   4511.36256344
     909   4521.30833807
     910   4531.26506098
     911   4541.23273089
     912   4551.21134907
     913   4561.20091424
     914   4571.20142769
     915   4581.21288813
     916   4591.23529686
     917   4601.26865257
     918   4611.31295657
     919   4621.36820756
     920   4631.43440684
     921   4641.51155310
     922   4651.59964767
     923   4661.69868921
     924   4671.80867905
     925   4681.92961587
     926   4692.06150100
     927   4702.20433310
     928   4712.35811352
     929   4722.52284090
     930   4732.69851661
     931   4742.88513928
     932   4753.08271028
     933   4763.29122824
     934   4773.51069453
     935   4783.74110777
     936   4793.98246936
     937   4804.23477790
     938   4814.49803478
     939   4824.77223862
     940   4835.05739080
     941   4845.35348993
     942   4855.66053741
     943   4865.97853184
     944   4876.30747463
     945   4886.64736435
     946   4896.99820245
     947   4907.35998748
     948   4917.73272088
     949   4928.11640121
     950   4938.51102993
     951   4948.91660557
     952   4959.33312959
     953   4969.76060054
     954   4980.19901988
     955   4990.64838614
     956   5001.10870079
     957   5011.57996237
     958   5022.06217234
     959   5032.55532923
     960   5043.05943452
     961   5053.57448673
     962   5064.10048734
     963   5074.63743487
     964   5085.18533081
     965   5095.74417366
     966   5106.31396492
     967   5116.89470309
     968   5127.48638969
     969   5138.08902319
     970   5148.70260512
     971   5159.32713394
     972   5169.96261120
     973   5180.60903536
     974   5191.26640795
     975   5201.93472744
     976   5212.61399538
     977   5223.30421020
     978   5234.00537347
     979   5244.71748363
     980   5255.44054225
     981   5266.17454775
     982   5276.91950171
     983   5287.67540255
     984   5298.44225186
     985   5309.22004804
     986   5320.00879270
     987   5330.80848422
     988   5341.61912423
     989   5352.44071110
     990   5363.27324647
     991   5374.11672869
     992   5384.97115941
     993   5395.83653699
     994   5406.71286307
     995   5417.60013599
     996   5428.49835743
     997   5439.40752572
     998   5450.32764252
     999   5461.25870616
    1000   5472.20071833
    1001   5483.15367733
    1002   5494.11758486
    1003   5505.09243923
    1004   5516.07824213
    1005   5527.07499186
    1006   5538.08269014
    1007   5549.10133524
    1008   5560.13092889
    1009   5571.17146935
    1010   5582.22295838
    1011   5593.28539422
    1012   5604.35877862
    1013   5615.44310983
    1014   5626.53838962
    1015   5637.64461621
    1016   5648.76179138
    1017   5659.88991334
    1018   5671.02898390
    1019   5682.17900125
    1020   5693.33996719
    1021   5704.51187992
    1022   5715.69474125
    1023   5726.88854937
    1024   5738.09330609
    1025   5749.30900960
    1026   5760.53566171
    1027   5771.77326061
    1028   5783.02180812
    1029   5794.28130241
    1030   5805.55174532
    1031   5816.83313501
    1032   5828.12547332
    1033   5839.42875840
    1034   5850.74299212
    1035   5862.06817260
    1036   5873.40430172
    1037   5884.75137760
    1038   5896.10940214
    1039   5907.47837342
    1040   5918.85829336
    1041   5930.24916005
    1042   5941.65097541
    1043   5953.06373751
    1044   5964.48744828
    1045   5975.92210579
    1046   5987.36771198
    1047   5998.82426490
    1048   6010.29176651
    1049   6021.77021485
    1050   6033.25961188
    1051   6044.75995564
    1052   6056.27124810
    1053   6067.79348727
    1054   6079.32667516
    1055   6090.87080976
    1056   6102.42589307
    1057   6113.99192309
    1058   6125.56890184
    1059   6137.15682729
    1060   6148.75570147
    1061   6160.36552235
    1062   6171.98629197
    1063   6183.61800828
    1064   6195.26067334
    1065   6206.91428508
    1066   6218.57884558
    1067   6230.25435276
    1068   6241.94080871
    1069   6253.63821133
    1070   6265.34656272
    1071   6277.06586078
    1072   6288.79610762
    1073   6300.53730112
    1074   6312.28944341
    1075   6324.05253236
    1076   6335.82657011
    1077   6347.61155451
    1078   6359.40748771
    1079   6371.21436756
    1080   6383.03219622
    1081   6394.86097152
    1082   6406.70069564
    1083   6418.55136640
    1084   6430.41298598
    1085   6442.28555219
    1086   6454.16906725
    1087   6466.06352892
    1088   6477.96893944
    1089   6489.88529658
    1090   6501.81260257
    1091   6513.75085517
    1092   6525.70005663
    1093   6537.66020470
    1094   6549.63130164
    1095   6561.61334518
    1096   6573.60633760
    1097   6585.61027661
    1098   6597.62516451
    1099   6609.65099899
    1100   6621.68778237
    1101   6633.73551233
    1102   6645.79419120
    1103   6657.86381664
    1104   6669.94439100
    1105   6682.03591192
    1106   6694.13838177
    1107   6706.25179817
    1108   6718.37616351
    1109   6730.51147541
    1110   6742.65773624
    1111   6754.81494362
    1112   6766.98309996
    1113   6779.16220283
    1114   6791.35225466
    1115   6803.55325303
    1116   6815.76520037
    1117   6827.98809423
    1118   6840.22193707
    1119   6852.46672644
    1120   6864.72246478
    1121   6876.98914965
    1122   6889.26678351
    1123   6901.55536388
    1124   6913.85489325
    1125   6926.16536912
    1126   6938.48679401
    1127   6950.81916539
    1128   6963.16248580
    1129   6975.51675269
    1130   6987.88196862
    1131   7000.25813103
    1132   7012.64524247
    1133   7025.04330040
    1134   7037.45230737
    1135   7049.87226081
    1136   7062.30316331
    1137   7074.74501228
    1138   7087.19781031
    1139   7099.66155480
    1140   7112.13624836
    1141   7124.62188837
    1142   7137.11847747
    1143   7149.62601301
    1144   7162.14449765
    1145   7174.67392872
    1146   7187.21430890
    1147   7199.76563550
    1148   7212.32791123
    1149   7224.90113336
    1150   7237.48530463
    1151   7250.08042231
    1152   7262.68648913
    1153   7275.30350234
    1154   7287.93146471
    1155   7300.57037347
    1156   7313.22023139
    1157   7325.88103570
    1158   7338.55278917
    1159   7351.23548903
    1160   7363.92913806
    1161   7376.63373346
    1162   7389.34927806
    1163   7402.07576901
    1164   7414.81320917
    1165   7427.56159569
    1166   7440.32093141
    1167   7453.09121348
    1168   7465.87244477
    1169   7478.66462240
    1170   7491.46774926
    1171   7504.28182246
    1172   7517.10684489
    1173   7529.94281365
    1174   7542.78973167
    1175   7555.64759599
    1176   7568.51640958
    1177   7581.39616948
    1178   7594.28687865
    1179   7607.18853412
    1180   7620.10113888
    1181   7633.02468992
    1182   7645.95919027
    1183   7658.90463689
    1184   7671.86103282
    1185   7684.82837502
    1186   7697.80666654
    1187   7710.79590433
    1188   7723.79609145
    1189   7736.80722482
    1190   7749.82930753
    1191   7762.86233649
    1192   7775.90631480
    1193   7788.96123935
    1194   7802.02711326
    1195   7815.10393341
    1196   7828.19170292
    1197   7841.29041866
    1198   7854.40008378
    1199   7867.52069512
    1200   7880.65225585
    1201   7893.79476279
    1202   7906.94821913
    1203   7920.11262167
    1204   7933.28797363
    1205   7946.47427177
    1206   7959.67151935
    1207   7972.87971310
    1208   7986.09885629
    1209   7999.32894566
    1210   8012.56998447
    1211   8025.82196945
    1212   8039.08490389
    1213   8052.35878448
    1214   8065.64361455
    1215   8078.93939076
    1216   8092.24611645
    1217   8105.56378828
    1218   8118.89240961
    1219   8132.23197706
    1220   8145.58249402
    1221   8158.94395710
    1222   8172.31636970
    1223   8185.69972841
    1224   8199.09403665
    1225   8212.49929098
    1226   8225.91549487
    1227   8239.34264483
    1228   8252.78074436
    1229   8266.22978997
    1230   8279.68978514
    1231   8293.16072638
    1232   8306.64261721
    1233   8320.13545409
    1234   8333.63924056
    1235   8347.15397309
    1236   8360.67965522
    1237   8374.21628339
    1238   8387.76386118
    1239   8401.32238500
    1240   8414.89185845
    1241   8428.47227791
    1242   8442.06364703
    1243   8455.66596215
    1244   8469.27922693
    1245   8482.90343770
    1246   8496.53859815
    1247   8510.18470458
    1248   8523.84176069
    1249   8537.50976279
    1250   8551.18871458
    1251   8564.87861233
    1252   8578.57945980
    1253   8592.29125322
    1254   8606.01399636
    1255   8619.74768545
    1256   8633.49232427
    1257   8647.24790903
    1258   8661.01444353
    1259   8674.79192396
    1260   8688.58035415
    1261   8702.37973026
    1262   8716.19005614
    1263   8730.01132792
    1264   8743.84354949
    1265   8757.68671695
    1266   8771.54083421
    1267   8785.40589736
    1268   8799.28191032
    1269   8813.16886914
    1270   8827.06677780
    1271   8840.97563232
    1272   8854.89543667
    1273   8868.82618688
    1274   8882.76788694
    1275   8896.72053284
    1276   8910.68412860
    1277   8924.65867019
    1278   8938.64416167
    1279   8952.64059896
    1280   8966.64798614
    1281   8980.66631913
    1282   8994.69560202
    1283   9008.73583071
    1284   9022.78700932
    1285   9036.84913372
    1286   9050.92220805
    1287   9065.00622815
    1288   9079.10119820
    1289   9093.20711401
    1290   9107.32397978
    1291   9121.45179131
    1292   9135.59055280
    1293   9149.74026004
    1294   9163.90091726
    1295   9178.07252022
    1296   9192.25507317
    1297   9206.44857184
    1298   9220.65302053
    1299   9234.86841492
    1300   9249.09475934
    1301   9263.33204946
    1302   9277.58028962
    1303   9291.83947546
    1304   9306.10961136
    1305   9320.39069293
    1306   9334.68272457
    1307   9348.98570187
    1308   9363.29962926
    1309   9377.62450229
    1310   9391.96032542
    1311   9406.30709420
    1312   9420.66481307
    1313   9435.03347758
    1314   9449.41309221
    1315   9463.80365247
    1316   9478.20516285
    1317   9492.61761884
    1318   9507.04102498
    1319   9521.47537672
    1320   9535.92067862
    1321   9550.37692611
    1322   9564.84412376
    1323   9579.32226700
    1324   9593.81136042
    1325   9608.31139941
    1326   9622.82238860
    1327   9637.34432334
    1328   9651.87720829
    1329   9666.42103880
    1330   9680.97581952
    1331   9695.54154578
    1332   9710.11822228
    1333   9724.70584430
    1334   9739.30441657
    1335   9753.91393436
    1336   9768.53440240
    1337   9783.16581596
    1338   9797.80817978
    1339   9812.46148910
    1340   9827.12574870
    1341   9841.80095380
    1342   9856.48710918
    1343   9871.18421006
    1344   9885.89226123
    1345   9900.61125787
    1346   9915.34120483
    1347   9930.08209725
    1348   9944.83394000
    1349   9959.59672821
    1350   9974.37046674
    1351   9989.15515073
    1352  10003.95078506
    1353  10018.75736484
    1354  10033.57489496
    1355  10048.40337052
    1356  10063.24279644
    1357  10078.09316780
    1358  10092.95448952
    1359  10107.82675667
    1360  10122.70997419
    1361  10137.60413713
    1362  10152.50925045
    1363  10167.42530919
    1364  10182.35231832
    1365  10197.29027286
    1366  10212.23917780
    1367  10227.19902814
    1368  10242.16982888
    1369  10257.15157503
    1370  10272.14427158
    1371  10287.14791354
    1372  10302.16250590
    1373  10317.18804367
    1374  10332.22453185
    1375  10347.27196542
    1376  10362.33034942
    1377  10377.39967881
    1378  10392.47995862
    1379  10407.57118383
    1380  10422.67335946
    1381  10437.78648048
    1382  10452.91055194
    1383  10468.04556878
    1384  10483.19153606
    1385  10498.34844873
    1386  10513.51631183
    1387  10528.69512032
    1388  10543.88487925
    1389  10559.08558357
    1390  10574.29723833
    1391  10589.51983848
    1392  10604.75338906
    1393  10619.99788505
    1394  10635.25333146
    1395  10650.51972328
    1396  10665.79706553
    1397  10681.08535319
    1398  10696.38459126
    1399  10711.69477476
    1400  10727.01590868
    1401  10742.34798802
    1402  10757.69101777
    1403  10773.04499295
    1404  10788.40991854
    1405  10803.78578957
    1406  10819.17261100
    1407  10834.57037788
    1408  10849.97909514
    1409  10865.39875788
    1410  10880.82937098
    1411  10896.27092957
    1412  10911.72343852
    1413  10927.18689297
    1414  10942.66129775
    1415  10958.14664806
    1416  10973.64294869
    1417  10989.15019486
    1418  11004.66839134
    1419  11020.19753337
    1420  11035.73762570
    1421  11051.28866360
    1422  11066.85065176
    1423  11082.42358554
    1424  11098.00746955
    1425  11113.60229920
    1426  11129.20807906
    1427  11144.82480458
    1428  11160.45248029
    1429  11176.09110168
    1430  11191.74067324
    1431  11207.40119052
    1432  11223.07265792
    1433  11238.75507109
    1434  11254.44843434
    1435  11270.15274339
    1436  11285.86800249
    1437  11301.59420743
    1438  11317.33136238
    1439  11333.07946321
    1440  11348.83851401
    1441  11364.60851074
    1442  11380.38945739
    1443  11396.18135001
    1444  11411.98419251
    1445  11427.79798103
    1446  11443.62271938
    1447  11459.45840381
    1448  11475.30503800
    1449  11491.16261834
    1450  11507.03114838
    1451  11522.91062463
    1452  11538.80105052
    1453  11554.70242268
    1454  11570.61474441
    1455  11586.53801249
    1456  11602.47223007
    1457  11618.41739407
    1458  11634.37350749
    1459  11650.34056741
    1460  11666.31857668
    1461  11682.30753253
    1462  11698.30743764
    1463  11714.31828942
    1464  11730.34009037
    1465  11746.37283808
    1466  11762.41653487
    1467  11778.47117852
    1468  11794.53677116
    1469  11810.61331075
    1470  11826.70079921
    1471  11842.79923475
    1472  11858.90861905
    1473  11875.02895054
    1474  11891.16023067
    1475  11907.30245811
    1476  11923.45563407
    1477  11939.61975747
    1478  11955.79482925
    1479  11971.98084862
    1480  11988.17781623
    1481  12004.38573156
    1482  12020.60459499
    1483  12036.83440629
    1484  12053.07516554
    1485  12069.32687282
    1486  12085.58952788
    1487  12101.86313114
    1488  12118.14768202
    1489  12134.44318126
    1490  12150.74962795
    1491  12167.06702318
    1492  12183.39536567
    1493  12199.73465690
    1494  12216.08489519
    1495  12232.44608243
    1496  12248.81821651
    1497  12265.20129975
    1498  12281.59532962
    1499  12298.00030888
    1500  12314.41623454
    1501  12330.84310981
    1502  12347.28093124
    1503  12363.72970255
    1504  12380.18941976
    1505  12396.66008710
    1506  12413.14170007
    1507  12429.63426345
    1508  12446.13777219
    1509  12462.65223161
    1510  12479.17763610
    1511  12495.71399158
    1512  12512.26129182
    1513  12528.81954336
    1514  12545.38873933
    1515  12561.96888695
    1516  12578.55997866
    1517  12595.16202235
    1518  12611.77500977
    1519  12628.39894956
    1520  12645.03383270
    1521  12661.67966858
    1522  12678.33644742
    1523  12695.00417941
    1524  12711.68285395
    1525  12728.37248205
    1526  12745.07305227
    1527  12761.78457650
    1528  12778.50704240
    1529  12795.24046276
    1530  12811.98482432
    1531  12828.74014083
    1532  12845.50639805
    1533  12862.28361071
    1534  12879.07176356
    1535  12895.87087240
    1536  12912.68092088
    1537  12929.50192590
    1538  12946.33386998
    1539  12963.17677121
    1540  12980.03061089
    1541  12996.89540832
    1542  13013.77114358
    1543  13030.65783723
    1544  13047.55546807
    1545  13064.46405796
    1546  13081.38358434
    1547  13098.31407048
    1548  13115.25549240
    1549  13132.20787481
    1550  13149.17119224
    1551  13166.14547094
    1552  13183.13068387
    1553  13200.12685887
    1554  13217.13396726
    1555  13234.15203859
    1556  13251.18104245
    1557  13268.22101011
    1558  13285.27190940
    1559  13302.33377343
    1560  13319.40656813
    1561  13336.49032853
    1562  13353.58501862
    1563  13370.69067543
    1564  13387.80726088
    1565  13404.93481411
    1566  13422.07329489
    1567  13439.22274458
    1568  13456.38312068
    1569  13473.55446683
    1570  13490.73673820
    1571  13507.92998086
    1572  13525.13414749
    1573  13542.34928667
    1574  13559.57534851
    1575  13576.81238425
    1576  13594.06034129
    1577  13611.31927361
    1578  13628.58912579
    1579  13645.86995473
    1580  13663.16170204
    1581  13680.46442762
    1582  13697.77806999
    1583  13715.10269227
    1584  13732.43822969
    1585  13749.78474867
    1586  13767.14218108
    1587  13784.51059683
    1588  13801.88992421
    1589  13819.28023674
    1590  13836.68145902
    1591  13854.09366839
    1592  13871.51678556
    1593  13888.95089179
    1594  13906.39590376
    1595  13923.85190692
    1596  13941.31881367
    1597  13958.79671379
    1598  13976.28551524
    1599  13993.78531239
    1600  14011.29600851
    1601  14028.81770270
    1602  14046.35029341
    1603  14063.89388474
    1604  14081.44837001
    1605  14099.01385849
    1606  14116.59023822
    1607  14134.17762395
    1608  14151.77589810
    1609  14169.38518111
    1610  14187.00534959
    1611  14204.63652997
    1612  14222.27859273
    1613  14239.93167052
    1614  14257.59562746
    1615  14275.27060275
    1616  14292.95645383
    1617  14310.65332666
    1618  14328.36107175
    1619  14346.07984225
    1620  14363.80948131
    1621  14381.55014950
    1622  14399.30168239
    1623  14417.06424842
    1624  14434.83767509
    1625  14452.62213898
    1626  14470.41745930
    1627  14488.22382119
    1628  14506.04103510
    1629  14523.86929504
    1630  14541.70840238
    1631  14559.55856053
    1632  14577.41956123
    1633  14595.29161763
    1634  14613.17451153
    1635  14631.06846636
    1636  14648.97325339
    1637  14666.88910669
    1638  14684.81578667
    1639  14702.75353863
    1640  14720.70211147
    1641  14738.66176215
    1642  14756.63222767
    1643  14774.61377727
    1644  14792.60613537
    1645  14810.60958395
    1646  14828.62383443
    1647  14846.64918221
    1648  14864.68532496
    1649  14882.73257202
    1650  14900.79060682
    1651  14918.85975339
    1652  14936.93968012
    1653  14955.03072629
    1654  14973.13254471
    1655  14991.24549073
    1656  15009.36920071
    1657  15027.50404669
    1658  15045.64964796
    1659  15063.80639416
    1660  15081.97388659
    1661  15100.15253313
    1662  15118.34191643
    1663  15136.54246360
    1664  15154.75373762
    1665  15172.97618555
    1666  15191.20934996
    1667  15209.45369897
    1668  15227.70875362
    1669  15245.97500385
    1670  15264.25194838
    1671  15282.54010018
    1672  15300.83893443
    1673  15319.14898796
    1674  15337.46971153
    1675  15355.80166716
    1676  15374.14427987
    1677  15392.49813778
    1678  15410.86263920
    1679  15429.23839982
    1680  15447.62478974
    1681  15466.02245324
    1682  15484.43073121
    1683  15502.85029806
    1684  15521.28046384
    1685  15539.72193424
    1686  15558.17398734
    1687  15576.63736179
    1688  15595.11130195
    1689  15613.59658069
    1690  15632.09240737
    1691  15650.59959093
    1692  15669.11730384
    1693  15687.64639249
    1694  15706.18599106
    1695  15724.73698537
    1696  15743.29846927
    1697  15761.87136955
    1698  15780.45473815
    1699  15799.04954503
    1700  15817.65479797
    1701  15836.27151178
    1702  15854.89864838
    1703  15873.53726981
    1704  15892.18628967
    1705  15910.84681908
    1706  15929.51772146
    1707  15948.20015960
    1708  15966.89294408
    1709  15985.59729135
    1710  16004.31195709
    1711  16023.03821433
    1712  16041.77476086
    1713  16060.52292850
    1714  16079.28135494
    1715  16098.05143388
    1716  16116.83173971
    1717  16135.62373044
    1718  16154.42591467
    1719  16173.23981817
    1720  16192.06388024
    1721  16210.89969706
    1722  16229.74563591
    1723  16248.60336710
    1724  16267.47118210
    1725  16286.35082828
    1726  16305.24051827
    1727  16324.14208059
    1728  16343.05364487
    1729  16361.97712401
    1730  16380.91056132
    1731  16399.85595854
    1732  16418.81126813
    1733  16437.77858417
    1734  16456.75576464
    1735  16475.74500088
    1736  16494.74405140
    1737  16513.75520867
    1738  16532.77612773
    1739  16551.80920753
    1740  16570.85199421
    1741  16589.90699745
    1742  16608.97165010
    1743  16628.04857843
    1744  16647.13509603
    1745  16666.23395044
    1746  16685.34233120
    1747  16704.46311350
    1748  16723.59335629
    1749  16742.73606758
    1750  16761.88817045
    1751  16781.05281269
    1752  16800.22677440
    1753  16819.41334882
    1754  16838.60916723
    1755  16857.81767597
    1756  16877.03534972
    1757  16896.26579414
    1758  16915.50532088
    1759  16934.75770332
    1760  16954.01908155
    1761  16973.29340350
    1762  16992.57663068
    1763  17011.87289470
    1764  17031.17796917
    1765  17050.49617691
    1766  17069.82309588
    1767  17089.16325014
    1768  17108.51201179
    1769  17127.87411438
    1770  17147.24471565
    1771  17166.62876966
    1772  17186.02120854
    1773  17205.42721596
    1774  17224.84148912
    1775  17244.26945330
    1776  17263.70555854
    1777  17283.15548169
    1778  17302.61341534
    1779  17322.08530115
    1780  17341.56506079
    1781  17361.05891167
    1782  17380.56049331
    1783  17400.07631330
    1784  17419.59971425
    1785  17439.13750603
    1786  17458.68272192
    1787  17478.24248991
    1788  17497.80951777
    1789  17517.39126492
    1790  17536.98010000
    1791  17556.58383114
    1792  17576.19447016
    1793  17595.82018855
    1794  17615.45262628
    1795  17635.10033722
    1796  17654.75457008
    1797  17674.42427716
    1798  17694.10029940
    1799  17713.79200843
    1800  17733.48981611
    1801  17753.20353105
    1802  17772.92311789
    1803  17792.65884510
    1804  17812.40020673
    1805  17832.15795059
    1806  17851.92108014
    1807  17871.70084762
    1808  17891.48574028
    1809  17911.28753620
    1810  17931.09418444
    1811  17950.91801645
    1812  17970.74641497
    1813  17990.59228839
    1814  18010.44242892
    1815  18030.31035215
    1816  18050.18222885
    1817  18070.07220775
    1818  18089.96581156
    1819  18109.87785534
    1820  18129.79317982
    1821  18149.72729495
    1822  18169.66433016
    1823  18189.62052676
    1824  18209.57926561
    1825  18229.55755080
    1826  18249.53798237
    1827  18269.53836727
    1828  18289.54048373
    1829  18309.56297621
    1830  18329.58676559
    1831  18349.63137783
    1832  18369.67683151
    1833  18389.74357222
    1834  18409.81067702
    1835  18429.89955958
    1836  18449.98830602
    1837  18470.09934002
    1838  18490.20971363
    1839  18510.34291379
    1840  18530.47490409
    1841  18550.63028099
    1842  18570.78387208
    1843  18590.96144191
    1844  18611.13662224
    1845  18631.33639668
    1846  18651.53314876
    1847  18671.75514561
    1848  18691.97345671
    1849  18712.21768886
    1850  18732.45753975
    1851  18752.72402677
    1852  18772.98540339
    1853  18793.27415952
    1854  18813.55704073
    1855  18833.86808751
    1856  18854.17245779
    1857  18874.50581094
    1858  18894.83164700
    1859  18915.18733025
    1860  18935.53461499
    1861  18955.91264567
    1862  18976.28135345
    1863  18996.68175769
    1864  19017.07186964
    1865  19037.49466660
    1866  19057.90615446
    1867  19078.35137293
    1868  19098.78421586
    1869  19119.25187699
    1870  19139.70604387
    1871  19160.19617940
    1872  19180.67164722
    1873  19201.18428050
    1874  19221.68101497
    1875  19242.21618100
    1876  19262.73415669
    1877  19283.29188128
    1878  19303.83106036
    1879  19324.41138211
    1880  19344.97173653
    1881  19365.57468394
    1882  19386.15617196
    1883  19406.78178764
    1884  19427.38437826
    1885  19448.03269370
    1886  19468.65634087
    1887  19489.32740310
    1888  19509.97207257
    1889  19530.66591641
    1890  19551.33155732
    1891  19572.04823470
    1892  19592.73480924
    1893  19613.47435862
    1894  19634.18181059
    1895  19654.94428937
    1896  19675.67257699
    1897  19696.45802767
    1898  19717.20708886
    1899  19738.01557488
    1900  19758.78536347
    1901  19779.61693180
    1902  19800.40737914
    1903  19821.26209993
    1904  19842.07315503
    1905  19862.95108018
    1906  19883.78266713
    1907  19904.68387424
    1908  19925.53593668
    1909  19946.46048313
    1910  19967.33293706
    1911  19988.28090870
    1912  20009.17369188
    1913  20030.14515212
    1914  20051.05817158
    1915  20072.05321545
    1916  20092.98640245
    1917  20114.00509997
    1918  20134.95835157
    1919  20156.00080801
    1920  20176.97404831
    1921  20198.04034098
    1922  20219.03345598
    1923  20240.12370148
    1924  20261.13660739
    1925  20282.25089107
    1926  20303.28346159
    1927  20324.42191264
    1928  20345.47405535
    1929  20366.63676793
    1930  20387.70834287
    1931  20408.89546014
    1932  20429.98636542
    1933  20451.19799120
    1934  20472.30807170
    1935  20493.54436467
    1936  20514.67350816
    1937  20535.93458266
    1938  20557.08261719
    1939  20578.36864912
    1940  20599.53545121
    1941  20620.84656638
    1942  20642.03194539
    1943  20663.36833879
    1944  20684.57215906
    1945  20705.93396890
    1946  20727.15601909
    1947  20748.54346154
    1948  20769.78359281
    1949  20791.19681946
    1950  20812.45479752
    1951  20833.89404799
    1952  20855.16970991
    1953  20876.63515009
    1954  20897.92823617
    1955  20919.42013164
    1956  20940.73046393
    1957  20962.24899582
    1958  20983.57628646
    1959  21005.12174910
    1960  21026.46580431
    1961  21048.03839483
    1962  21069.39889559
    1963  21090.99894015
    1964  21112.37567613
    1965  21134.00338856
    1966  21155.39600619
    1967  21177.05174794
    1968  21198.46001983
    1969  21220.14402191
    1970  21241.56755611
    1971  21263.28021915
    1972  21284.71877091
    1973  21306.46034340
    1974  21327.91347798
    1975  21349.68440428
    1976  21371.15185953
    1977  21392.95240558
    1978  21414.43369868
    1979  21436.26435807
    1980  21457.75920972
    1981  21479.62026561
    1982  21501.12813841
    1983  21523.02014039
    1984  21544.54073832
    1985  21566.46398640
    1986  21587.99670910
    1987  21609.95181774
    1988  21631.49635296
    1989  21653.48363866
    1990  21675.03931178
    1991  21697.05946593
    1992  21718.62594866
    1993  21740.67930442
    1994  21762.25583210
    1995  21784.34317477
    1996  21805.92940231
    1997  21828.05108310
    1998  21849.64613296
    1999  21871.80305581
    2000  21893.40656344
    2001  21915.59910140
    2002  21937.21004263
    2003  21959.43925502
    2004  21981.05723973
    2005  22003.32352941
    2006  22024.94733592
    2007  22047.25197315
    2008  22068.88117407
    2009  22091.22460624
    2010  22112.85770465
    2011  22135.24149804
    2012  22156.87800913
    2013  22179.30268053
    2014  22200.94071173
    2015  22223.40825567
    2016  22245.04723260
    2017  22267.55827483
    2018  22289.19571932
    2019  22311.75289201
    2020  22333.38809224
    2021  22355.99218993
    2022  22377.62177366
    2023  22400.27640823
    2024  22421.89946041
    2025  22444.60568120
    2026  22466.21741192
    2027  22488.98039702
    2028  22510.57960879
    2029  22533.40077874
    2030  22554.98031098
    2031  22577.86749399
    2032  22599.42580756
    2033  22622.38093249
    2034  22643.90656667
    2035  22666.94235753
    2036  22688.43355673
    2037  22711.55251728
    2038  22732.98891964
    2039  22756.21421483
    2040  22777.59510660
    2041  22800.92912459
    2042  22822.21089531
    2043  22845.70551164
    2044  22866.89976839
    2045  22890.54713719
    2046  22911.51034499
    2047  22935.49412918
    2048  22956.72297935
 ---------------------------------------
 
SCF converged! Final Ground-State Energy (Eh):             -66.9654633307212350
