 
     Two-Electron DVR    
 ------------------------
 x0     =      15.00000000
 m      =       1.00000000
 Z      =       4.00000000
 n      =               32
 dx     =       0.96774194
 
Soft-Coulomb Parameters:
 alpha  =       1.00000000
 beta   =       0.01000000
 
 
                       Hartree-Fock                      
 --------------------------------------------------------
 no. of orbitals        =               32
 no. of electrons       =                2
 scf_damping_switch     =        F
 scf_diis_switch        =        F
 damping_factor         =   0.00000000
 e_tolerance            = 0.0000000000100000
 maximum scf-iterations =              200
 
 
                       SCF iterations                      
 ----------------------------------------------------------
    S.No    Energy (hartree)        dE (hartree)
 ----------------------------------------------------------
       0     -6.347975463773
       1     -1.735702567933      4.612272895840
       2     -1.039097003020      0.696605564913
       3     -1.530915768800      0.491818765780
       4     -1.064411757779      0.466504011021
       5     -1.509349885954      0.444938128175
       6     -1.066405582785      0.442944303169
       7     -1.507133412198      0.440727829413
       8     -1.066592816633      0.440540595565
       9     -1.506907604519      0.440314787886
      10     -1.066611404579      0.440296199940
      11     -1.506884647502      0.440273242924
      12     -1.066613280466      0.440271367037
      13     -1.506882314817      0.440269034352
      14     -1.066613470676      0.440268844141
      15     -1.506882077827      0.440268607151
      16     -1.066613489989      0.440268587838
      17     -1.506882053750      0.440268563762
      18     -1.066613491947      0.440268561803
      19     -1.506882051304      0.440268559357
      20     -1.066613491855      0.440268559449
      21     -1.506882051023      0.440268559168
      22     -1.066613466744      0.440268584279
      23     -1.506882048187      0.440268581443
      24     -1.066611298856      0.440270749330
      25     -1.506881805712      0.440270506856
      26     -1.066424316241      0.440457489471
      27     -1.506860892625      0.440436576384
      28     -1.050495330064      0.456365562562
      29     -1.505081934636      0.454586604572
      30     -0.392037764650      1.113044169986
      31     -1.433433762949      1.041395998299
      32      0.166965341812      1.600399104761
      33     -1.205862390349      1.372827732161
      34      0.096221643140      1.302084033489
      35     -0.953224717201      1.049446360341
      36     -0.026899774800      0.926324942400
      37     -0.730276211629      0.703376436829
      38     -0.204518775116      0.525757436513
      39     -0.530936319867      0.326417544751
      40     -0.429224636116      0.101711683751
      41     -0.397757026734      0.031467609381
      42     -0.614522309308      0.216765282573
      43     -0.380812663499      0.233709645809
      44     -0.651559599131      0.270746935632
      45     -0.431377345519      0.220182253611
      46     -0.605352978274      0.173975632755
      47     -0.476689265684      0.128663712590
      48     -0.565381378442      0.088692112758
      49     -0.502500498630      0.062880879812
      50     -0.544623183144      0.042122684515
      51     -0.515413069022      0.029210114123
      52     -0.535002518595      0.019589449573
      53     -0.521573882866      0.013428635729
      54     -0.530622038248      0.009048155382
      55     -0.524454751609      0.006167286639
      56     -0.528623498891      0.004168747282
      57     -0.525789762622      0.002833736268
      58     -0.527708465603      0.001918702981
      59     -0.526405869985      0.001302595618
      60     -0.527288581354      0.000882711368
      61     -0.526689666936      0.000598914418
      62     -0.527095684173      0.000406017236
      63     -0.526820278764      0.000275405409
      64     -0.527007016295      0.000186737531
      65     -0.526880366284      0.000126650011
      66     -0.526966248081      0.000085881797
      67     -0.526908004278      0.000058243803
      68     -0.526947501137      0.000039496859
      69     -0.526920715644      0.000026785493
      70     -0.526938880011      0.000018164367
      71     -0.526926561675      0.000012318336
      72     -0.526934915325      0.000008353650
      73     -0.526929250250      0.000005665075
      74     -0.526933092022      0.000003841771
      75     -0.526930486710      0.000002605312
      76     -0.526932253506      0.000001766796
      77     -0.526931055348      0.000001198158
      78     -0.526931867881      0.000000812533
      79     -0.526931316859      0.000000551022
      80     -0.526931690536      0.000000373676
      81     -0.526931437126      0.000000253410
      82     -0.526931608976      0.000000171850
      83     -0.526931492436      0.000000116541
      84     -0.526931571468      0.000000079032
      85     -0.526931517872      0.000000053596
      86     -0.526931554218      0.000000036346
      87     -0.526931529570      0.000000024648
      88     -0.526931546285      0.000000016715
      89     -0.526931534950      0.000000011336
      90     -0.526931542637      0.000000007687
      91     -0.526931537424      0.000000005213
      92     -0.526931540959      0.000000003535
      93     -0.526931538562      0.000000002397
      94     -0.526931540187      0.000000001626
      95     -0.526931539085      0.000000001103
      96     -0.526931539833      0.000000000748
      97     -0.526931539326      0.000000000507
      98     -0.526931539669      0.000000000344
      99     -0.526931539436      0.000000000233
     100     -0.526931539594      0.000000000158
     101     -0.526931539487      0.000000000107
     102     -0.526931539560      0.000000000073
     103     -0.526931539511      0.000000000049
     104     -0.526931539544      0.000000000033
     105     -0.526931539521      0.000000000023
     106     -0.526931539537      0.000000000015
     107     -0.526931539526      0.000000000010
     108     -0.526931539533      0.000000000007
 ----------------------------------------------------------
  
 
 
 ---------------------------------------
     Molecular Orbital Energies (Eh)    
 ---------------------------------------
       1     -1.25015208
       2     -0.49615180
       3     -0.23854536
       4     -0.17794355
       5     -0.11880622
       6     -0.07905369
       7      0.01424600
       8      0.05361991
       9      0.19456722
      10      0.23688226
      11      0.41872293
      12      0.46746618
      13      0.68510363
      14      0.74276588
      15      0.99236513
      16      1.06039722
      17      1.34107808
      18      1.41839029
      19      1.72989684
      20      1.81352580
      21      2.15860013
      22      2.24406614
      23      2.61849849
      24      2.70968821
      25      3.09041428
      26      3.23180424
      27      3.51807402
      28      3.80903521
      29      3.93306554
      30      4.47937559
      31      4.55434332
      32      6.47980567
 ---------------------------------------
 
SCF converged! Final Ground-State Energy (Eh):              -0.5269315395333259
