 
     Two-Electron DVR    
 ------------------------
 x0     =      15.00000000
 m      =       1.00000000
 Z      =       5.00000000
 n      =             2048
 dx     =       0.01465559
 
Soft-Coulomb Parameters:
 alpha  =       1.00000000
 beta   =       0.01000000
 
 
                       Hartree-Fock                      
 --------------------------------------------------------
 no. of orbitals        =             2048
 no. of electrons       =                2
 scf_damping_switch     =        F
 scf_diis_switch        =        F
 damping_factor         =   0.00000000
 e_tolerance            = 0.0000000000100000
 maximum scf-iterations =              200
 
 
                       SCF iterations                      
 ----------------------------------------------------------
    S.No    Energy (hartree)        dE (hartree)
 ----------------------------------------------------------
       0     -8.193126433535
       1     -5.390947745282      2.802178688254
       2     -5.722392188363      0.331444443082
       3     -5.757571087300      0.035178898937
       4     -5.761695756304      0.004124669003
       5     -5.762178092150      0.000482335846
       6     -5.762234364001      0.000056271852
       7     -5.762240930128      0.000006566127
       8     -5.762241696201      0.000000766073
       9     -5.762241785584      0.000000089382
      10     -5.762241796011      0.000000010428
      11     -5.762241797229      0.000000001218
      12     -5.762241797371      0.000000000142
      13     -5.762241797388      0.000000000017
      14     -5.762241797390      0.000000000002
 ----------------------------------------------------------
  
 
 
 ---------------------------------------
     Molecular Orbital Energies (Eh)    
 ---------------------------------------
       1     -1.84194817
       2     -0.76104628
       3     -0.58076564
       4     -0.41172838
       5     -0.32310298
       6     -0.24368858
       7     -0.18441320
       8     -0.10690938
       9     -0.02755320
      10      0.07674230
      11      0.18228353
      12      0.31135037
      13      0.44179377
      14      0.59376714
      15      0.74833179
      16      0.92232538
      17      1.10046897
      18      1.29609134
      19      1.49738843
      20      1.71450091
      21      1.93860963
      22      2.17719771
      23      2.42384794
      24      2.68395128
      25      2.95293570
      26      3.23461143
      27      3.52577567
      28      3.82908061
      29      4.14231297
      30      4.46729643
      31      4.80251819
      32      5.14922004
      33      5.50637714
      34      5.87482843
      35      6.25388468
      36      6.64410916
      37      7.04504106
      38      7.45705671
      39      7.87984958
      40      8.31367013
      41      8.75831529
      42      9.21395131
      43      9.68044416
      44     10.15790394
      45     10.64624250
      46     11.14553271
      47     11.65571675
      48     12.17684284
      49     12.70887321
      50     13.25183977
      51     13.80571796
      52     14.37052894
      53     14.94625680
      54     15.53291564
      55     16.13049524
      56     16.73900500
      57     17.35843842
      58     17.98880185
      59     18.63009121
      60     19.28231080
      61     19.94545812
      62     20.61953614
      63     21.30454338
      64     22.00048194
      65     22.70735096
      66     23.42515196
      67     24.15388452
      68     24.89354975
      69     25.64414749
      70     26.40567860
      71     27.17814309
      72     27.96154161
      73     28.75587429
      74     29.56114165
      75     30.37734388
      76     31.20448142
      77     32.04255447
      78     32.89156342
      79     33.75150849
      80     34.62239002
      81     35.50420822
      82     36.39696341
      83     37.30065580
      84     38.21528567
      85     39.14085323
      86     40.07735873
      87     41.02480237
      88     41.98318440
      89     42.95250500
      90     43.93276440
      91     44.92396278
      92     45.92610033
      93     46.93917725
      94     47.96319371
      95     48.99814989
      96     50.04404596
      97     51.10088208
      98     52.16865842
      99     53.24737513
     100     54.33703237
     101     55.43763027
     102     56.54916900
     103     57.67164867
     104     58.80506944
     105     59.94943142
     106     61.10473477
     107     62.27097958
     108     63.44816600
     109     64.63629413
     110     65.83536410
     111     67.04537601
     112     68.26632998
     113     69.49822611
     114     70.74106451
     115     71.99484527
     116     73.25956850
     117     74.53523429
     118     75.82184275
     119     77.11939395
     120     78.42788799
     121     79.74732496
     122     81.07770495
     123     82.41902802
     124     83.77129428
     125     85.13450379
     126     86.50865664
     127     87.89375289
     128     89.28979264
     129     90.69677593
     130     92.11470286
     131     93.54357348
     132     94.98338788
     133     96.43414609
     134     97.89584821
     135     99.36849427
     136    100.85208437
     137    102.34661853
     138    103.85209685
     139    105.36851935
     140    106.89588611
     141    108.43419718
     142    109.98345261
     143    111.54365245
     144    113.11479677
     145    114.69688560
     146    116.28991901
     147    117.89389703
     148    119.50881972
     149    121.13468711
     150    122.77149926
     151    124.41925621
     152    126.07795802
     153    127.74760470
     154    129.42819633
     155    131.11973292
     156    132.82221453
     157    134.53564119
     158    136.26001294
     159    137.99532982
     160    139.74159187
     161    141.49879912
     162    143.26695162
     163    145.04604938
     164    146.83609246
     165    148.63708087
     166    150.44901468
     167    152.27189388
     168    154.10571853
     169    155.95048865
     170    157.80620428
     171    159.67286543
     172    161.55047217
     173    163.43902448
     174    165.33852242
     175    167.24896600
     176    169.17035528
     177    171.10269024
     178    173.04597095
     179    175.00019740
     180    176.96536966
     181    178.94148770
     182    180.92855159
     183    182.92656132
     184    184.93551696
     185    186.95541847
     186    188.98626594
     187    191.02805933
     188    193.08079872
     189    195.14448408
     190    197.21911548
     191    199.30469290
     192    201.40121639
     193    203.50868594
     194    205.62710161
     195    207.75646338
     196    209.89677130
     197    212.04802537
     198    214.21022562
     199    216.38337205
     200    218.56746471
     201    220.76250358
     202    222.96848872
     203    225.18542010
     204    227.41329778
     205    229.65212174
     206    231.90189204
     207    234.16260864
     208    236.43427161
     209    238.71688092
     210    241.01043663
     211    243.31493871
     212    245.63038722
     213    247.95678212
     214    250.29412349
     215    252.64241128
     216    255.00164556
     217    257.37182629
     218    259.75295353
     219    262.14502726
     220    264.54804753
     221    266.96201430
     222    269.38692764
     223    271.82278751
     224    274.26959397
     225    276.72734699
     226    279.19604662
     227    281.67569283
     228    284.16628569
     229    286.66782513
     230    289.18031125
     231    291.70374398
     232    294.23812340
     233    296.78344946
     234    299.33972223
     235    301.90694166
     236    304.48510782
     237    307.07422066
     238    309.67428025
     239    312.28528654
     240    314.90723959
     241    317.54013937
     242    320.18398594
     243    322.83877924
     244    325.50451935
     245    328.18120621
     246    330.86883989
     247    333.56742035
     248    336.27694765
     249    338.99742174
     250    341.72884268
     251    344.47121043
     252    347.22452506
     253    349.98878650
     254    352.76399484
     255    355.55015001
     256    358.34725209
     257    361.15530101
     258    363.97429686
     259    366.80423957
     260    369.64512922
     261    372.49696574
     262    375.35974921
     263    378.23347958
     264    381.11815691
     265    384.01378114
     266    386.92035235
     267    389.83787048
     268    392.76633560
     269    395.70574764
     270    398.65610669
     271    401.61741268
     272    404.58966569
     273    407.57286565
     274    410.56701264
     275    413.57210659
     276    416.58814758
     277    419.61513554
     278    422.65307056
     279    425.70195256
     280    428.76178162
     281    431.83255768
     282    434.91428081
     283    438.00695094
     284    441.11056817
     285    444.22513240
     286    447.35064373
     287    450.48710208
     288    453.63450755
     289    456.79286003
     290    459.96215964
     291    463.14240629
     292    466.33360006
     293    469.53574088
     294    472.74882884
     295    475.97286385
     296    479.20784601
     297    482.45377523
     298    485.71065161
     299    488.97847506
     300    492.25724568
     301    495.54696337
     302    498.84762823
     303    502.15924018
     304    505.48179931
     305    508.81530554
     306    512.15975895
     307    515.51515946
     308    518.88150718
     309    522.25880199
     310    525.64704402
     311    529.04623315
     312    532.45636950
     313    535.87745297
     314    539.30948366
     315    542.75246147
     316    546.20638652
     317    549.67125869
     318    553.14707810
     319    556.63384465
     320    560.13155844
     321    563.64021937
     322    567.15982755
     323    570.69038287
     324    574.23188546
     325    577.78433519
     326    581.34773220
     327    584.92207635
     328    588.50736778
     329    592.10360637
     330    595.71079224
     331    599.32892527
     332    602.95800559
     333    606.59803307
     334    610.24900785
     335    613.91092980
     336    617.58379905
     337    621.26761547
     338    624.96237920
     339    628.66809012
     340    632.38474834
     341    636.11235374
     342    639.85090646
     343    643.60040638
     344    647.36085361
     345    651.13224803
     346    654.91458978
     347    658.70787873
     348    662.51211501
     349    666.32729849
     350    670.15342931
     351    673.99050733
     352    677.83853270
     353    681.69750527
     354    685.56742518
     355    689.44829231
     356    693.34010680
     357    697.24286849
     358    701.15657754
     359    705.08123381
     360    709.01683744
     361    712.96338829
     362    716.92088651
     363    720.88933195
     364    724.86872476
     365    728.85906480
     366    732.86035221
     367    736.87258685
     368    740.89576887
     369    744.92989813
     370    748.97497476
     371    753.03099864
     372    757.09796989
     373    761.17588839
     374    765.26475428
     375    769.36456741
     376    773.47532793
     377    777.59703570
     378    781.72969086
     379    785.87329327
     380    790.02784309
     381    794.19334015
     382    798.36978462
     383    802.55717633
     384    806.75551546
     385    810.96480184
     386    815.18503564
     387    819.41621669
     388    823.65834516
     389    827.91142088
     390    832.17544403
     391    836.45041443
     392    840.73633226
     393    845.03319735
     394    849.34100987
     395    853.65976965
     396    857.98947686
     397    862.33013134
     398    866.68173325
     399    871.04428243
     400    875.41777905
     401    879.80222293
     402    884.19761426
     403    888.60395285
     404    893.02123889
     405    897.44947221
     406    901.88865297
     407    906.33878100
     408    910.79985648
     409    915.27187924
     410    919.75484945
     411    924.24876694
     412    928.75363189
     413    933.26944411
     414    937.79620380
     415    942.33391076
     416    946.88256518
     417    951.44216689
     418    956.01271606
     419    960.59421251
     420    965.18665644
     421    969.79004764
     422    974.40438632
     423    979.02967228
     424    983.66590572
     425    988.31308644
     426    992.97121464
     427    997.64029012
     428   1002.32031309
     429   1007.01128334
     430   1011.71320107
     431   1016.42606610
     432   1021.14987861
     433   1025.88463841
     434   1030.63034570
     435   1035.38700027
     436   1040.15460234
     437   1044.93315170
     438   1049.72264856
     439   1054.52309270
     440   1059.33448435
     441   1064.15682328
     442   1068.99010972
     443   1073.83434345
     444   1078.68952468
     445   1083.55565321
     446   1088.43272924
     447   1093.32075256
     448   1098.21972340
     449   1103.12964152
     450   1108.05050717
     451   1112.98232010
     452   1117.92508055
     453   1122.87878829
     454   1127.84344355
     455   1132.81904611
     456   1137.80559618
     457   1142.80309355
     458   1147.81153845
     459   1152.83093064
     460   1157.86127036
     461   1162.90255736
     462   1167.95479191
     463   1173.01797374
     464   1178.09210311
     465   1183.17717977
     466   1188.27320397
     467   1193.38017546
     468   1198.49809449
     469   1203.62696082
     470   1208.76677468
     471   1213.91753584
     472   1219.07924455
     473   1224.25190055
     474   1229.43550410
     475   1234.63005494
     476   1239.83555333
     477   1245.05199901
     478   1250.27939225
     479   1255.51773278
     480   1260.76702087
     481   1266.02725625
     482   1271.29843919
     483   1276.58056942
     484   1281.87364721
     485   1287.17767230
     486   1292.49264495
     487   1297.81856489
     488   1303.15543240
     489   1308.50324721
     490   1313.86200958
     491   1319.23171924
     492   1324.61237648
     493   1330.00398101
     494   1335.40653311
     495   1340.82003251
     496   1346.24447948
     497   1351.67987374
     498   1357.12621559
     499   1362.58350472
     500   1368.05174144
     501   1373.53092545
     502   1379.02105704
     503   1384.52213593
     504   1390.03416240
     505   1395.55713617
     506   1401.09105752
     507   1406.63592616
     508   1412.19174240
     509   1417.75850593
     510   1423.33621705
     511   1428.92487546
     512   1434.52448147
     513   1440.13503477
     514   1445.75653566
     515   1451.38898385
     516   1457.03237964
     517   1462.68672272
     518   1468.35201341
     519   1474.02825138
     520   1479.71543696
     521   1485.41356983
     522   1491.12265031
     523   1496.84267808
     524   1502.57365345
     525   1508.31557612
     526   1514.06844640
     527   1519.83226397
     528   1525.60702916
     529   1531.39274163
     530   1537.18940172
     531   1542.99700910
     532   1548.81556410
     533   1554.64506639
     534   1560.48551630
     535   1566.33691350
     536   1572.19925832
     537   1578.07255043
     538   1583.95679016
     539   1589.85197719
     540   1595.75811184
     541   1601.67519378
     542   1607.60322335
     543   1613.54220021
     544   1619.49212470
     545   1625.45299648
     546   1631.42481589
     547   1637.40758259
     548   1643.40129693
     549   1649.40595855
     550   1655.42156781
     551   1661.44812436
     552   1667.48562855
     553   1673.53408003
     554   1679.59347915
     555   1685.66382556
     556   1691.74511961
     557   1697.83736095
     558   1703.94054993
     559   1710.05468620
     560   1716.17977012
     561   1722.31580133
     562   1728.46278019
     563   1734.62070633
     564   1740.78958013
     565   1746.96940121
     566   1753.16016995
     567   1759.36188597
     568   1765.57454965
     569   1771.79816061
     570   1778.03271924
     571   1784.27822514
     572   1790.53467871
     573   1796.80207957
     574   1803.08042809
     575   1809.36972389
     576   1815.66996736
     577   1821.98115811
     578   1828.30329653
     579   1834.63638223
     580   1840.98041560
     581   1847.33539626
     582   1853.70132459
     583   1860.07820019
     584   1866.46602348
     585   1872.86479405
     586   1879.27451229
     587   1885.69517781
     588   1892.12679102
     589   1898.56935150
     590   1905.02285967
     591   1911.48731512
     592   1917.96271825
     593   1924.44906866
     594   1930.94636676
     595   1937.45461213
     596   1943.97380520
     597   1950.50394553
     598   1957.04503357
     599   1963.59706888
     600   1970.16005189
     601   1976.73398216
     602   1983.31886014
     603   1989.91468539
     604   1996.52145835
     605   2003.13917857
     606   2009.76784650
     607   2016.40746170
     608   2023.05802461
     609   2029.71953478
     610   2036.39199267
     611   2043.07539782
     612   2049.76975069
     613   2056.47505083
     614   2063.19129868
     615   2069.91849379
     616   2076.65663663
     617   2083.40572673
     618   2090.16576456
     619   2096.93674964
     620   2103.71868245
     621   2110.51156253
     622   2117.31539033
     623   2124.13016539
     624   2130.95588818
     625   2137.79255823
     626   2144.64017602
     627   2151.49874106
     628   2158.36825385
     629   2165.24871388
     630   2172.14012166
     631   2179.04247670
     632   2185.95577947
     633   2192.88002950
     634   2199.81522728
     635   2206.76137231
     636   2213.71846509
     637   2220.68650512
     638   2227.66549290
     639   2234.65542793
     640   2241.65631072
     641   2248.66814076
     642   2255.69091855
     643   2262.72464359
     644   2269.76931639
     645   2276.82493644
     646   2283.89150426
     647   2290.96901931
     648   2298.05748214
     649   2305.15689221
     650   2312.26725004
     651   2319.38855513
     652   2326.52080798
     653   2333.66400807
     654   2340.81815594
     655   2347.98325105
     656   2355.15929394
     657   2362.34628407
     658   2369.54422198
     659   2376.75310713
     660   2383.97294006
     661   2391.20372022
     662   2398.44544818
     663   2405.69812337
     664   2412.96174635
     665   2420.23631656
     666   2427.52183457
     667   2434.81829981
     668   2442.12571284
     669   2449.44407311
     670   2456.77338118
     671   2464.11363647
     672   2471.46483957
     673   2478.82698990
     674   2486.20008803
     675   2493.58413339
     676   2500.97912656
     677   2508.38506695
     678   2515.80195515
     679   2523.22979058
     680   2530.66857383
     681   2538.11830430
     682   2545.57898258
     683   2553.05060809
     684   2560.53318141
     685   2568.02670196
     686   2575.53117033
     687   2583.04658592
     688   2590.57294933
     689   2598.11025997
     690   2605.65851843
     691   2613.21772411
     692   2620.78787762
     693   2628.36897835
     694   2635.96102691
     695   2643.56402269
     696   2651.17796630
     697   2658.80285713
     698   2666.43869580
     699   2674.08548168
     700   2681.74321541
     701   2689.41189634
     702   2697.09152513
     703   2704.78210112
     704   2712.48362496
     705   2720.19609601
     706   2727.91951491
     707   2735.65388102
     708   2743.39919499
     709   2751.15545616
     710   2758.92266519
     711   2766.70082143
     712   2774.48992552
     713   2782.28997682
     714   2790.10097599
     715   2797.92292235
     716   2805.75581659
     717   2813.59965802
     718   2821.45444733
     719   2829.32018383
     720   2837.19686821
     721   2845.08449978
     722   2852.98307924
     723   2860.89260589
     724   2868.81308042
     725   2876.74450214
     726   2884.68687175
     727   2892.64018855
     728   2900.60445324
     729   2908.57966512
     730   2916.56582489
     731   2924.56293185
     732   2932.57098671
     733   2940.58998875
     734   2948.61993869
     735   2956.66083582
     736   2964.71268085
     737   2972.77547306
     738   2980.84921317
     739   2988.93390047
     740   2997.02953568
     741   3005.13611807
     742   3013.25364837
     743   3021.38212585
     744   3029.52155124
     745   3037.67192382
     746   3045.83324431
     747   3054.00551198
     748   3062.18872756
     749   3070.38289033
     750   3078.58800101
     751   3086.80405888
     752   3095.03106467
     753   3103.26901763
     754   3111.51791852
     755   3119.77776658
     756   3128.04856258
     757   3136.33030575
     758   3144.62299685
     759   3152.92663512
     760   3161.24122134
     761   3169.56675472
     762   3177.90323604
     763   3186.25066453
     764   3194.60904096
     765   3202.97836456
     766   3211.35863611
     767   3219.74985482
     768   3228.15202149
     769   3236.56513532
     770   3244.98919710
     771   3253.42420604
     772   3261.87016294
     773   3270.32706700
     774   3278.79491903
     775   3287.27371821
     776   3295.76346536
     777   3304.26415966
     778   3312.77580193
     779   3321.29839135
     780   3329.83192875
     781   3338.37641330
     782   3346.93184583
     783   3355.49822551
     784   3364.07555317
     785   3372.66382797
     786   3381.26305077
     787   3389.87322070
     788   3398.49433863
     789   3407.12640369
     790   3415.76941676
     791   3424.42337696
     792   3433.08828516
     793   3441.76414050
     794   3450.45094384
     795   3459.14869432
     796   3467.85739280
     797   3476.57703842
     798   3485.30763205
     799   3494.04917280
     800   3502.80166158
     801   3511.56509748
     802   3520.33948140
     803   3529.12481245
     804   3537.92109152
     805   3546.72831771
     806   3555.54649193
     807   3564.37561328
     808   3573.21568265
     809   3582.06669915
     810   3590.92866368
     811   3599.80157533
     812   3608.68543501
     813   3617.58024182
     814   3626.48599666
     815   3635.40269862
     816   3644.33034863
     817   3653.26894575
     818   3662.21849092
     819   3671.17898320
     820   3680.15042353
     821   3689.13281098
     822   3698.12614648
     823   3707.13042908
     824   3716.14565975
     825   3725.17183753
     826   3734.20896337
     827   3743.25703631
     828   3752.31605732
     829   3761.38602543
     830   3770.46694162
     831   3779.55880491
     832   3788.66161627
     833   3797.77537473
     834   3806.90008127
     835   3816.03573491
     836   3825.18233663
     837   3834.33988544
     838   3843.50838235
     839   3852.68782634
     840   3861.87821843
     841   3871.07955760
     842   3880.29184488
     843   3889.51507924
     844   3898.74926170
     845   3907.99439124
     846   3917.25046890
     847   3926.51749363
     848   3935.79546648
     849   3945.08438640
     850   3954.38425444
     851   3963.69506955
     852   3973.01683279
     853   3982.34954310
     854   3991.69320153
     855   4001.04780704
     856   4010.41336067
     857   4019.78986137
     858   4029.17731021
     859   4038.57570611
     860   4047.98505015
     861   4057.40534125
     862   4066.83658050
     863   4076.27876681
     864   4085.73190126
     865   4095.19598278
     866   4104.67101244
     867   4114.15698916
     868   4123.65391404
     869   4133.16178597
     870   4142.68060606
     871   4152.21037320
     872   4161.75108851
     873   4171.30275087
     874   4180.86536140
     875   4190.43891897
     876   4200.02342472
     877   4209.61887750
     878   4219.22527848
     879   4228.84262648
     880   4238.47092268
     881   4248.11016591
     882   4257.76035733
     883   4267.42149579
     884   4277.09358244
     885   4286.77661612
     886   4296.47059800
     887   4306.17552691
     888   4315.89140403
     889   4325.61822816
     890   4335.35600051
     891   4345.10471988
     892   4354.86438747
     893   4364.63500208
     894   4374.41656490
     895   4384.20907474
     896   4394.01253281
     897   4403.82693789
     898   4413.65229120
     899   4423.48859152
     900   4433.33584008
     901   4443.19403564
     902   4453.06317945
     903   4462.94327025
     904   4472.83430931
     905   4482.73629536
     906   4492.64922967
     907   4502.57311097
     908   4512.50794053
     909   4522.45371708
     910   4532.41044190
     911   4542.37811371
     912   4552.35673378
     913   4562.34630084
     914   4572.34681618
     915   4582.35827850
     916   4592.38068909
     917   4602.41404667
     918   4612.45835253
     919   4622.51360537
     920   4632.57980650
     921   4642.65695460
     922   4652.74505100
     923   4662.84409437
     924   4672.95408604
     925   4683.07502468
     926   4693.20691162
     927   4703.34974552
     928   4713.50352774
     929   4723.66825692
     930   4733.84393442
     931   4744.03055887
     932   4754.22813164
     933   4764.43665137
     934   4774.65611943
     935   4784.88653444
     936   4795.12789778
     937   4805.38020807
     938   4815.64346669
     939   4825.91767227
     940   4836.20282618
     941   4846.49892704
     942   4856.80597625
     943   4867.12397239
     944   4877.45291689
     945   4887.79280832
     946   4898.14364812
     947   4908.50543484
     948   4918.87816993
     949   4929.26185196
     950   4939.65648235
     951   4950.06205966
     952   4960.47858535
     953   4970.90605797
     954   4981.34447896
     955   4991.79384688
     956   5002.25416318
     957   5012.72542640
     958   5023.20763801
     959   5033.70079653
     960   5044.20490345
     961   5054.71995728
     962   5065.24595952
     963   5075.78290866
     964   5086.33080621
     965   5096.88965066
     966   5107.45944352
     967   5118.04018329
     968   5128.63187147
     969   5139.23450655
     970   5149.84809006
     971   5160.47262046
     972   5171.10809929
     973   5181.75452501
     974   5192.41189917
     975   5203.08022021
     976   5213.75948970
     977   5224.44970606
     978   5235.15087088
     979   5245.86298258
     980   5256.58604273
     981   5267.32004975
     982   5278.06500524
     983   5288.82090759
     984   5299.58775842
     985   5310.36555611
     986   5321.15430227
     987   5331.95399530
     988   5342.76463680
     989   5353.58622517
     990   5364.41876202
     991   5375.26224572
     992   5386.11667792
     993   5396.98205697
     994   5407.85838452
     995   5418.74565891
     996   5429.64388181
     997   5440.55305155
     998   5451.47316980
     999   5462.40423489
    1000   5473.34624850
    1001   5484.29920895
    1002   5495.26311791
    1003   5506.23797371
    1004   5517.22377804
    1005   5528.22052919
    1006   5539.22822889
    1007   5550.24687540
    1008   5561.27647046
    1009   5572.31701233
    1010   5583.36850276
    1011   5594.43093999
    1012   5605.50432579
    1013   5616.58865839
    1014   5627.68393957
    1015   5638.79016754
    1016   5649.90734408
    1017   5661.03546742
    1018   5672.17453935
    1019   5683.32455806
    1020   5694.48552536
    1021   5705.65743945
    1022   5716.84030214
    1023   5728.03411160
    1024   5739.23886967
    1025   5750.45457452
    1026   5761.68122797
    1027   5772.91882820
    1028   5784.16737705
    1029   5795.42687266
    1030   5806.69731690
    1031   5817.97870790
    1032   5829.27104753
    1033   5840.57433392
    1034   5851.88856895
    1035   5863.21375073
    1036   5874.54988116
    1037   5885.89695833
    1038   5897.25498416
    1039   5908.62395673
    1040   5920.00387796
    1041   5931.39474593
    1042   5942.79656257
    1043   5954.20932594
    1044   5965.63303799
    1045   5977.06769676
    1046   5988.51330422
    1047   5999.96985840
    1048   6011.43736127
    1049   6022.91581086
    1050   6034.40520914
    1051   6045.90555414
    1052   6057.41684785
    1053   6068.93908826
    1054   6080.47227738
    1055   6092.01641321
    1056   6103.57149776
    1057   6115.13752900
    1058   6126.71450898
    1059   6138.30243564
    1060   6149.90131104
    1061   6161.51113313
    1062   6173.13190396
    1063   6184.76362147
    1064   6196.40628774
    1065   6208.05990068
    1066   6219.72446237
    1067   6231.39997075
    1068   6243.08642788
    1069   6254.78383168
    1070   6266.49218426
    1071   6278.21148350
    1072   6289.94173151
    1073   6301.68292619
    1074   6313.43506965
    1075   6325.19815977
    1076   6336.97219868
    1077   6348.75718423
    1078   6360.55311859
    1079   6372.35999959
    1080   6384.17782941
    1081   6396.00660585
    1082   6407.84633112
    1083   6419.69700302
    1084   6431.55862374
    1085   6443.43119109
    1086   6455.31470727
    1087   6467.20917007
    1088   6479.11458172
    1089   6491.03093998
    1090   6502.95824709
    1091   6514.89650081
    1092   6526.84570339
    1093   6538.80585256
    1094   6550.77695061
    1095   6562.75899526
    1096   6574.75198878
    1097   6586.75592888
    1098   6598.77081788
    1099   6610.79665346
    1100   6622.83343793
    1101   6634.88116898
    1102   6646.93984893
    1103   6659.00947545
    1104   6671.09005089
    1105   6683.18157288
    1106   6695.28404380
    1107   6707.39746128
    1108   6719.52182769
    1109   6731.65714064
    1110   6743.80340254
    1111   6755.96061098
    1112   6768.12876837
    1113   6780.30787230
    1114   6792.49792518
    1115   6804.69892460
    1116   6816.91087298
    1117   6829.13376788
    1118   6841.36761177
    1119   6853.61240216
    1120   6865.86814155
    1121   6878.13482744
    1122   6890.41246233
    1123   6902.70104372
    1124   6915.00057412
    1125   6927.31105101
    1126   6939.63247692
    1127   6951.96484932
    1128   6964.30817074
    1129   6976.66243864
    1130   6989.02765557
    1131   7001.40381898
    1132   7013.79093144
    1133   7026.18899036
    1134   7038.59799833
    1135   7051.01795277
    1136   7063.44885626
    1137   7075.89070621
    1138   7088.34350523
    1139   7100.80725070
    1140   7113.28194525
    1141   7125.76758624
    1142   7138.26417632
    1143   7150.77171283
    1144   7163.29019844
    1145   7175.81963048
    1146   7188.36001163
    1147   7200.91133919
    1148   7213.47361588
    1149   7226.04683897
    1150   7238.63101120
    1151   7251.22612983
    1152   7263.83219760
    1153   7276.44921176
    1154   7289.07717508
    1155   7301.71608478
    1156   7314.36594365
    1157   7327.02674889
    1158   7339.69850331
    1159   7352.38120409
    1160   7365.07485406
    1161   7377.77945039
    1162   7390.49499592
    1163   7403.22148780
    1164   7415.95892888
    1165   7428.70731632
    1166   7441.46665296
    1167   7454.23693595
    1168   7467.01816815
    1169   7479.81034669
    1170   7492.61347447
    1171   7505.42754857
    1172   7518.25257191
    1173   7531.08854157
    1174   7543.93546049
    1175   7556.79332571
    1176   7569.66214020
    1177   7582.54190099
    1178   7595.43261105
    1179   7608.33426741
    1180   7621.24687306
    1181   7634.17042499
    1182   7647.10492621
    1183   7660.05037371
    1184   7673.00677053
    1185   7685.97411360
    1186   7698.95240600
    1187   7711.94164466
    1188   7724.94183265
    1189   7737.95296688
    1190   7750.97505046
    1191   7764.00808028
    1192   7777.05205946
    1193   7790.10698487
    1194   7803.17285964
    1195   7816.24968063
    1196   7829.33745101
    1197   7842.43616759
    1198   7855.54583357
    1199   7868.66644575
    1200   7881.79800733
    1201   7894.94051510
    1202   7908.09397229
    1203   7921.25837567
    1204   7934.43372846
    1205   7947.62002744
    1206   7960.81727585
    1207   7974.02547043
    1208   7987.24461446
    1209   8000.47470464
    1210   8013.71574429
    1211   8026.96773008
    1212   8040.23066535
    1213   8053.50454675
    1214   8066.78937764
    1215   8080.08515466
    1216   8093.39188117
    1217   8106.70955381
    1218   8120.03817595
    1219   8133.37774420
    1220   8146.72826198
    1221   8160.08972585
    1222   8173.46213926
    1223   8186.84549876
    1224   8200.23980780
    1225   8213.64506292
    1226   8227.06126761
    1227   8240.48841836
    1228   8253.92651869
    1229   8267.37556507
    1230   8280.83556104
    1231   8294.30650306
    1232   8307.78839467
    1233   8321.28123232
    1234   8334.78501959
    1235   8348.29975288
    1236   8361.82543580
    1237   8375.36206473
    1238   8388.90964330
    1239   8402.46816788
    1240   8416.03764211
    1241   8429.61806233
    1242   8443.20943222
    1243   8456.81174809
    1244   8470.42501364
    1245   8484.04922516
    1246   8497.68438638
    1247   8511.33049355
    1248   8524.98755043
    1249   8538.65555326
    1250   8552.33450582
    1251   8566.02440431
    1252   8579.72525253
    1253   8593.43704668
    1254   8607.15979058
    1255   8620.89348040
    1256   8634.63811998
    1257   8648.39370545
    1258   8662.16024071
    1259   8675.93772186
    1260   8689.72615280
    1261   8703.52552962
    1262   8717.33585625
    1263   8731.15712874
    1264   8744.98935105
    1265   8758.83251922
    1266   8772.68663723
    1267   8786.55170107
    1268   8800.42771477
    1269   8814.31467429
    1270   8828.21258369
    1271   8842.12143890
    1272   8856.04124399
    1273   8869.97199488
    1274   8883.91369567
    1275   8897.86634226
    1276   8911.82993875
    1277   8925.80448102
    1278   8939.78997323
    1279   8953.78641119
    1280   8967.79379910
    1281   8981.81213276
    1282   8995.84141638
    1283   9009.88164574
    1284   9023.93282507
    1285   9037.99495013
    1286   9052.06802518
    1287   9066.15204594
    1288   9080.24701671
    1289   9094.35293317
    1290   9108.46979966
    1291   9122.59761183
    1292   9136.73637405
    1293   9150.88608193
    1294   9165.04673987
    1295   9179.21834346
    1296   9193.40089712
    1297   9207.59439643
    1298   9221.79884583
    1299   9236.01424085
    1300   9250.24058599
    1301   9264.47787673
    1302   9278.72611759
    1303   9292.98530406
    1304   9307.25544066
    1305   9321.53652285
    1306   9335.82855520
    1307   9350.13153311
    1308   9364.44546120
    1309   9378.77033484
    1310   9393.10615868
    1311   9407.45292805
    1312   9421.81064764
    1313   9436.17931274
    1314   9450.55892808
    1315   9464.94948892
    1316   9479.35100001
    1317   9493.76345658
    1318   9508.18686343
    1319   9522.62121575
    1320   9537.06651835
    1321   9551.52276641
    1322   9565.98996477
    1323   9580.46810858
    1324   9594.95720270
    1325   9609.45724225
    1326   9623.96823214
    1327   9638.49016744
    1328   9653.02305310
    1329   9667.56688415
    1330   9682.12166558
    1331   9696.68739239
    1332   9711.26406959
    1333   9725.85169215
    1334   9740.45026512
    1335   9755.05978344
    1336   9769.68025220
    1337   9784.31166628
    1338   9798.95403081
    1339   9813.60734065
    1340   9828.27160096
    1341   9842.94680657
    1342   9857.63296267
    1343   9872.33006404
    1344   9887.03811593
    1345   9901.75711307
    1346   9916.48706074
    1347   9931.22795366
    1348   9945.97979712
    1349   9960.74258581
    1350   9975.51632507
    1351   9990.30100953
    1352  10005.09664459
    1353  10019.90322482
    1354  10034.72075568
    1355  10049.54923170
    1356  10064.38865835
    1357  10079.23903015
    1358  10094.10035261
    1359  10108.97262019
    1360  10123.85583846
    1361  10138.75000183
    1362  10153.65511589
    1363  10168.57117505
    1364  10183.49818493
    1365  10198.43613988
    1366  10213.38504557
    1367  10228.34489631
    1368  10243.31569782
    1369  10258.29744435
    1370  10273.29014167
    1371  10288.29378400
    1372  10303.30837714
    1373  10318.33391527
    1374  10333.37040423
    1375  10348.41783816
    1376  10363.47622294
    1377  10378.54555267
    1378  10393.62583328
    1379  10408.71705882
    1380  10423.81923525
    1381  10438.93235659
    1382  10454.05642886
    1383  10469.19144600
    1384  10484.33741410
    1385  10499.49432706
    1386  10514.66219099
    1387  10529.84099976
    1388  10545.03075952
    1389  10560.23146411
    1390  10575.44311971
    1391  10590.66572011
    1392  10605.89927155
    1393  10621.14376776
    1394  10636.39921505
    1395  10651.66560708
    1396  10666.94295021
    1397  10682.23123807
    1398  10697.53047704
    1399  10712.84066072
    1400  10728.16179554
    1401  10743.49387504
    1402  10758.83690571
    1403  10774.19088104
    1404  10789.55580757
    1405  10804.93167872
    1406  10820.31850110
    1407  10835.71626809
    1408  10851.12498632
    1409  10866.54464914
    1410  10881.97526323
    1411  10897.41682188
    1412  10912.86933182
    1413  10928.33278631
    1414  10943.80719212
    1415  10959.29254244
    1416  10974.78884412
    1417  10990.29609027
    1418  11005.81428781
    1419  11021.34342981
    1420  11036.88352322
    1421  11052.43456106
    1422  11067.99655033
    1423  11083.56948401
    1424  11099.15336916
    1425  11114.74819868
    1426  11130.35397970
    1427  11145.97070507
    1428  11161.59838196
    1429  11177.23700318
    1430  11192.88657595
    1431  11208.54709302
    1432  11224.21856166
    1433  11239.90097458
    1434  11255.59433910
    1435  11271.29864787
    1436  11287.01390827
    1437  11302.74011289
    1438  11318.47726918
    1439  11334.22536965
    1440  11349.98442182
    1441  11365.75441815
    1442  11381.53536621
    1443  11397.32725839
    1444  11413.13010234
    1445  11428.94389038
    1446  11444.76863021
    1447  11460.60431411
    1448  11476.45094984
    1449  11492.30852960
    1450  11508.17706121
    1451  11524.05653684
    1452  11539.94696435
    1453  11555.84833583
    1454  11571.76065923
    1455  11587.68392658
    1456  11603.61814588
    1457  11619.56330909
    1458  11635.51942429
    1459  11651.48648337
    1460  11667.46449446
    1461  11683.45344941
    1462  11699.45335640
    1463  11715.46420722
    1464  11731.48601011
    1465  11747.51875679
    1466  11763.56245559
    1467  11779.61709814
    1468  11795.68269285
    1469  11811.75923127
    1470  11827.84672188
    1471  11843.94515617
    1472  11860.05454269
    1473  11876.17487285
    1474  11892.30615527
    1475  11908.44838131
    1476  11924.60155964
    1477  11940.76568155
    1478  11956.94075579
    1479  11973.12677357
    1480  11989.32374373
    1481  12005.53165738
    1482  12021.75052345
    1483  12037.98033298
    1484  12054.22109496
    1485  12070.47280037
    1486  12086.73545826
    1487  12103.00905955
    1488  12119.29361335
    1489  12135.58911051
    1490  12151.89556024
    1491  12168.21295328
    1492  12184.54129891
    1493  12200.88058783
    1494  12217.23082939
    1495  12233.59201418
    1496  12249.96415166
    1497  12266.34723233
    1498  12282.74126572
    1499  12299.14624227
    1500  12315.56217159
    1501  12331.98904402
    1502  12348.42686925
    1503  12364.87563756
    1504  12381.33535871
    1505  12397.80602290
    1506  12414.28763998
    1507  12430.78020004
    1508  12447.28371304
    1509  12463.79816899
    1510  12480.32357791
    1511  12496.85992973
    1512  12513.40723457
    1513  12529.96548228
    1514  12546.53468304
    1515  12563.11482663
    1516  12579.70592332
    1517  12596.30796278
    1518  12612.92095539
    1519  12629.54489073
    1520  12646.17977927
    1521  12662.82561049
    1522  12679.48239495
    1523  12696.15012205
    1524  12712.82880243
    1525  12729.51842541
    1526  12746.21900172
    1527  12762.93052057
    1528  12779.65299281
    1529  12796.38640754
    1530  12813.13077570
    1531  12829.88608630
    1532  12846.65235039
    1533  12863.42955687
    1534  12880.21771687
    1535  12897.01681923
    1536  12913.82687516
    1537  12930.64787339
    1538  12947.47982525
    1539  12964.32271935
    1540  12981.17656713
    1541  12998.04135711
    1542  13014.91710081
    1543  13031.80378666
    1544  13048.70142629
    1545  13065.61000800
    1546  13082.52954355
    1547  13099.46002114
    1548  13116.40145261
    1549  13133.35382606
    1550  13150.31715346
    1551  13167.29142278
    1552  13184.27664609
    1553  13201.27281128
    1554  13218.27993052
    1555  13235.29799156
    1556  13252.32700672
    1557  13269.36696363
    1558  13286.41787471
    1559  13303.47972748
    1560  13320.55253448
    1561  13337.63628311
    1562  13354.73098602
    1563  13371.83663051
    1564  13388.95322934
    1565  13406.08076968
    1566  13423.21926442
    1567  13440.36870062
    1568  13457.52909128
    1569  13474.70042333
    1570  13491.88270990
    1571  13509.07593780
    1572  13526.28012028
    1573  13543.49524403
    1574  13560.72132242
    1575  13577.95834201
    1576  13595.20631632
    1577  13612.46523175
    1578  13629.73510196
    1579  13647.01591324
    1580  13664.30767935
    1581  13681.61038647
    1582  13698.92404849
    1583  13716.24865144
    1584  13733.58420936
    1585  13750.93070814
    1586  13768.28816196
    1587  13785.65655658
    1588  13803.03590630
    1589  13820.42619674
    1590  13837.82744236
    1591  13855.23962862
    1592  13872.66277013
    1593  13890.09685222
    1594  13907.54188963
    1595  13924.99786753
    1596  13942.46480082
    1597  13959.94267455
    1598  13977.43150373
    1599  13994.93127326
    1600  14012.44199832
    1601  14029.96366367
    1602  14047.49628461
    1603  14065.03984576
    1604  14082.59436259
    1605  14100.15981953
    1606  14117.73623224
    1607  14135.32358498
    1608  14152.92189356
    1609  14170.53114209
    1610  14188.15134655
    1611  14205.78249087
    1612  14223.42459119
    1613  14241.07763130
    1614  14258.74162748
    1615  14276.41656337
    1616  14294.10245541
    1617  14311.79928708
    1618  14329.50707498
    1619  14347.22580242
    1620  14364.95548618
    1621  14382.69610938
    1622  14400.44768899
    1623  14418.21020795
    1624  14435.98368341
    1625  14453.76809812
    1626  14471.56346943
    1627  14489.36977989
    1628  14507.18704704
    1629  14525.01525325
    1630  14542.85441623
    1631  14560.70451818
    1632  14578.56557699
    1633  14596.43757468
    1634  14614.32052932
    1635  14632.21442273
    1636  14650.11927319
    1637  14668.03506233
    1638  14685.96180861
    1639  14703.89949346
    1640  14721.84813556
    1641  14739.80771612
    1642  14757.77825402
    1643  14775.75973029
    1644  14793.75216399
    1645  14811.75553596
    1646  14829.76986546
    1647  14847.79513312
    1648  14865.83135841
    1649  14883.87852175
    1650  14901.93664283
    1651  14920.00570185
    1652  14938.08571871
    1653  14956.17667340
    1654  14974.27858604
    1655  14992.39143638
    1656  15010.51524479
    1657  15028.64999079
    1658  15046.79569497
    1659  15064.95233661
    1660  15083.11993655
    1661  15101.29847383
    1662  15119.48796951
    1663  15137.68840242
    1664  15155.89979385
    1665  15174.12212238
    1666  15192.35540955
    1667  15210.59963370
    1668  15228.85481660
    1669  15247.12093634
    1670  15265.39801497
    1671  15283.68603031
    1672  15301.98500465
    1673  15320.29491557
    1674  15338.61578562
    1675  15356.94759212
    1676  15375.29035787
    1677  15393.64405994
    1678  15412.00872138
    1679  15430.38431900
    1680  15448.77087614
    1681  15467.16836930
    1682  15485.57682211
    1683  15503.99621080
    1684  15522.42655929
    1685  15540.86784350
    1686  15559.32008765
    1687  15577.78326737
    1688  15596.25740717
    1689  15614.74248240
    1690  15633.23851784
    1691  15651.74548855
    1692  15670.26341962
    1693  15688.79228582
    1694  15707.33211251
    1695  15725.88287417
    1696  15744.44459648
    1697  15763.01725359
    1698  15781.60087151
    1699  15800.19542405
    1700  15818.80093756
    1701  15837.41738554
    1702  15856.04479463
    1703  15874.68313801
    1704  15893.33244268
    1705  15911.99268146
    1706  15930.66388169
    1707  15949.34601586
    1708  15968.03911164
    1709  15986.74314118
    1710  16005.45813250
    1711  16024.18405739
    1712  16042.92094424
    1713  16061.66876447
    1714  16080.42754684
    1715  16099.19726239
    1716  16117.97794026
    1717  16136.76955113
    1718  16155.57212448
    1719  16174.38563064
    1720  16193.21009948
    1721  16212.04550091
    1722  16230.89186521
    1723  16249.74916191
    1724  16268.61742166
    1725  16287.49661360
    1726  16306.38676879
    1727  16325.28785595
    1728  16344.19990656
    1729  16363.12288893
    1730  16382.05683495
    1731  16401.00171250
    1732  16419.95755392
    1733  16438.92432664
    1734  16457.90206343
    1735  16476.89073130
    1736  16495.89036346
    1737  16514.90092646
    1738  16533.92245397
    1739  16552.95491208
    1740  16571.99833492
    1741  16591.05268811
    1742  16610.11800626
    1743  16629.19425453
    1744  16648.28146798
    1745  16667.37961128
    1746  16686.48872002
    1747  16705.60875834
    1748  16724.73976234
    1749  16743.88169567
    1750  16763.03459491
    1751  16782.19842321
    1752  16801.37321769
    1753  16820.55894094
    1754  16839.75563062
    1755  16858.96324880
    1756  16878.18183367
    1757  16897.41134675
    1758  16916.65182679
    1759  16935.90323474
    1760  16955.16560993
    1761  16974.43891274
    1762  16993.72318305
    1763  17013.01838068
    1764  17032.32454611
    1765  17051.64163853
    1766  17070.96969904
    1767  17090.30868623
    1768  17109.65864181
    1769  17129.01952373
    1770  17148.39137435
    1771  17167.77415099
    1772  17187.16789662
    1773  17206.57256794
    1774  17225.98820857
    1775  17245.41477453
    1776  17264.85231013
    1777  17284.30077070
    1778  17303.76020125
    1779  17323.23055641
    1780  17342.71188187
    1781  17362.20413158
    1782  17381.70735194
    1783  17401.22149616
    1784  17420.74661140
    1785  17440.28265010
    1786  17459.82966017
    1787  17479.38759332
    1788  17498.95649820
    1789  17518.53632575
    1790  17538.12712543
    1791  17557.72884735
    1792  17577.34154178
    1793  17596.96515803
    1794  17616.59974720
    1795  17636.24525774
    1796  17655.90174160
    1797  17675.56914639
    1798  17695.24752492
    1799  17714.93682392
    1800  17734.63709708
    1801  17754.34829025
    1802  17774.07045801
    1803  17793.80354530
    1804  17813.54760764
    1805  17833.30258901
    1806  17853.06854588
    1807  17872.84542128
    1808  17892.63327266
    1809  17912.43204204
    1810  17932.24178789
    1811  17952.06245120
    1812  17971.89409148
    1813  17991.73664869
    1814  18011.59018336
    1815  18031.45463440
    1816  18051.33006343
    1817  18071.21640825
    1818  18091.11373160
    1819  18111.02197015
    1820  18130.94118778
    1821  18150.87132001
    1822  18170.81243187
    1823  18190.76445772
    1824  18210.72746379
    1825  18230.70138319
    1826  18250.68628341
    1827  18270.68209632
    1828  18290.68889065
    1829  18310.70659700
    1830  18330.73528540
    1831  18350.77488512
    1832  18370.82546754
    1833  18390.88696058
    1834  18410.95943698
    1835  18431.04282326
    1836  18451.13719359
    1837  18471.24247305
    1838  18491.35873726
    1839  18511.48590983
    1840  18531.62406787
    1841  18551.77313348
    1842  18571.93318529
    1843  18592.10414386
    1844  18612.28608941
    1845  18632.47894087
    1846  18652.68278009
    1847  18672.89752435
    1848  18693.12325719
    1849  18713.35989419
    1850  18733.60752059
    1851  18753.86605023
    1852  18774.13557014
    1853  18794.41599234
    1854  18814.70740570
    1855  18835.00972037
    1856  18855.32302713
    1857  18875.64723418
    1858  18895.98243426
    1859  18916.32853360
    1860  18936.68562694
    1861  18957.05361848
    1862  18977.43260502
    1863  18997.82248865
    1864  19018.22336833
    1865  19038.63514395
    1866  19059.05791670
    1867  19079.49158421
    1868  19099.93624996
    1869  19120.39180924
    1870  19140.85836792
    1871  19161.33581888
    1872  19181.82427041
    1873  19202.32361291
    1874  19222.83395723
    1875  19243.35519117
    1876  19263.88742819
    1877  19284.43055344
    1878  19304.98468309
    1879  19325.54969952
    1880  19346.12572172
    1881  19366.71262921
    1882  19387.31054387
    1883  19407.91934227
    1884  19428.53914933
    1885  19449.16983850
    1886  19469.81153785
    1887  19490.46411766
    1888  19511.12770922
    1889  19531.80217951
    1890  19552.48766319
    1891  19573.18402381
    1892  19593.89139952
    1893  19614.60965031
    1894  19635.33891795
    1895  19656.07905874
    1896  19676.83021822
    1897  19697.59224883
    1898  19718.36530005
    1899  19739.14922031
    1900  19759.94416317
    1901  19780.74997290
    1902  19801.56680729
    1903  19822.39450628
    1904  19843.23323211
    1905  19864.08282017
    1906  19884.94343731
    1907  19905.81491424
    1908  19926.69742259
    1909  19947.59078817
    1910  19968.49518761
    1911  19989.41044161
    1912  20010.33673203
    1913  20031.27387422
    1914  20052.22205550
    1915  20073.18108563
    1916  20094.15115765
    1917  20115.13207548
    1918  20136.12403811
    1919  20157.12684336
    1920  20178.14069647
    1921  20199.16538888
    1922  20220.20113235
    1923  20241.24771162
    1924  20262.30534531
    1925  20283.37381114
    1926  20304.45333492
    1927  20325.54368701
    1928  20346.64510073
    1929  20367.75733874
    1930  20388.88064227
    1931  20410.01476585
    1932  20431.15995904
    1933  20452.31596784
    1934  20473.48305055
    1935  20494.66094418
    1936  20515.84991626
    1937  20537.04969433
    1938  20558.26055563
    1939  20579.48221772
    1940  20600.71496808
    1941  20621.95851375
    1942  20643.21315302
    1943  20664.47858181
    1944  20685.75510983
    1945  20707.04242126
    1946  20728.34083787
    1947  20749.65003141
    1948  20770.97033645
    1949  20792.30141157
    1950  20813.64360488
    1951  20834.99656100
    1952  20856.36064243
    1953  20877.73547893
    1954  20899.12144831
    1955  20920.51816455
    1956  20941.92602174
    1957  20963.34461703
    1958  20984.77436186
    1959  21006.21483547
    1960  21027.66646779
    1961  21049.12881894
    1962  21070.60233861
    1963  21092.08656647
    1964  21113.58197334
    1965  21135.08807702
    1966  21156.60537097
    1967  21178.13334951
    1968  21199.67253042
    1969  21221.22238280
    1970  21242.78345055
    1971  21264.35517567
    1972  21285.93813020
    1973  21307.53172686
    1974  21329.13656806
    1975  21350.75203500
    1976  21372.37876286
    1977  21394.01609866
    1978  21415.66471314
    1979  21437.32391632
    1980  21458.99441747
    1981  21480.67548636
    1982  21502.36787419
    1983  21524.07080706
    1984  21545.78508173
    1985  21567.50987657
    1986  21589.24603817
    1987  21610.99269293
    1988  21632.75074178
    1989  21654.51925403
    1990  21676.29919029
    1991  21698.08955763
    1992  21719.89138182
    1993  21741.70360128
    1994  21763.52731363
    1995  21785.36138242
    1996  21807.20698369
    1997  21829.06289821
    1998  21850.93038857
    1999  21872.80814572
    2000  21894.69752614
    2001  21916.59712163
    2002  21938.50839198
    2003  21960.42982262
    2004  21982.36298381
    2005  22004.30624485
    2006  22026.26129573
    2007  22048.22638459
    2008  22070.20332528
    2009  22092.19023756
    2010  22114.18906432
    2011  22136.19779969
    2012  22158.21850991
    2013  22180.24906648
    2014  22202.29165068
    2015  22224.34403353
    2016  22246.40848229
    2017  22268.48269668
    2018  22290.56898981
    2019  22312.66505049
    2020  22334.77316489
    2021  22356.89109168
    2022  22379.02099362
    2023  22401.16080863
    2024  22423.31245717
    2025  22445.47419613
    2026  22467.64756991
    2027  22489.83121135
    2028  22512.02629189
    2029  22534.23181739
    2030  22556.44879347
    2031  22578.67581601
    2032  22600.91504733
    2033  22623.16292562
    2034  22645.42596193
    2035  22667.69218827
    2036  22689.98191414
    2037  22712.26206215
    2038  22734.58659027
    2039  22756.86916249
    2040  22779.24106413
    2041  22801.50988073
    2042  22823.95300177
    2043  22846.18276207
    2044  22868.71191530
    2045  22890.89631796
    2046  22913.51006659
    2047  22935.68613313
    2048  22958.44251624
 ---------------------------------------
 
SCF converged! Final Ground-State Energy (Eh):              -5.7622417973898328
