 
     Two-Electron DVR    
 ------------------------
 x0     =      15.00000000
 m      =       1.00000000
 Z      =       5.00000000
 n      =             2048
 dx     =       0.01465559
 
Soft-Coulomb Parameters:
 alpha  =       0.10000000
 beta   =       0.01000000
 
 
                       Hartree-Fock                      
 --------------------------------------------------------
 no. of orbitals        =             2048
 no. of electrons       =                2
 scf_damping_switch     =        F
 scf_diis_switch        =        F
 damping_factor         =   0.00000000
 e_tolerance            = 0.0000000000100000
 maximum scf-iterations =              200
 
 
                       SCF iterations                      
 ----------------------------------------------------------
    S.No    Energy (hartree)        dE (hartree)
 ----------------------------------------------------------
       0    -22.722705332418
       1    -18.335887168620      4.386818163798
       2    -18.526362794396      0.190475625775
       3    -18.526613248647      0.000250454251
       4    -18.526615225017      0.000001976370
       5    -18.526615243062      0.000000018045
       6    -18.526615243237      0.000000000175
       7    -18.526615243239      0.000000000002
 ----------------------------------------------------------
  
 
 
 ---------------------------------------
     Molecular Orbital Energies (Eh)    
 ---------------------------------------
       1     -7.26542509
       2     -1.97877038
       3     -1.21407953
       4     -0.74445943
       5     -0.53228672
       6     -0.37926331
       7     -0.29470555
       8     -0.21901580
       9     -0.15555723
      10     -0.06904716
      11      0.01860530
      12      0.13528101
      13      0.24872264
      14      0.39297448
      15      0.53068044
      16      0.70067473
      17      0.86192668
      18      1.05651355
      19      1.24097108
      20      1.45934998
      21      1.66685201
      22      1.90843013
      23      2.13890273
      24      2.40322752
      25      2.65663690
      26      2.94335897
      27      3.21968649
      28      3.52853647
      29      3.82776554
      30      4.15853784
      31      4.48064761
      32      4.83318802
      33      5.17815092
      34      5.55234673
      35      5.92012807
      36      6.31589992
      37      6.70645873
      38      7.12375384
      39      7.53704413
      40      7.97583067
      41      8.41180293
      42      8.87206536
      43      9.33066794
      44      9.81240316
      45     10.29358353
      46     10.79679776
      47     11.30050362
      48     11.82520982
      49     12.35138993
      50     12.89760583
      51     13.44621066
      52     14.01395709
      53     14.58493938
      54     15.17423906
      55     15.76755408
      56     16.37843060
      57     16.99403644
      58     17.62651358
      59     18.26437120
      60     18.91847234
      61     19.57854562
      62     20.25429339
      63     20.93654911
      64     21.63396508
      65     22.33837281
      66     23.05747735
      67     23.78400934
      68     24.52482149
      69     25.27345255
      70     26.03599001
      71     26.80669732
      72     27.59097638
      73     28.38373935
      74     29.18977501
      75     30.00457510
      76     30.83238104
      77     31.66920161
      78     32.51879029
      79     33.37761642
      80     34.24899913
      81     35.12981750
      82     36.02300447
      83     36.92580318
      84     37.84080363
      85     38.76557209
      86     39.70239431
      87     40.64912309
      88     41.60777454
      89     42.57645527
      90     43.55694264
      91     44.54756791
      92     45.54989718
      93     46.56246041
      94     47.58663695
      95     48.62113234
      96     49.66716092
      97     50.72358333
      98     51.79146823
      99     52.86981315
     100     53.95955817
     101     55.05982160
     102     56.17143015
     103     57.29360858
     104     58.42708368
     105     59.57117404
     106     60.72651838
     107     61.89251795
     108     63.06973395
     109     64.25764036
     110     65.45673014
     111     66.66654132
     112     67.88750678
     113     69.11922091
     114     70.36206377
     115     71.61567926
     116     72.88040101
     117     74.15591650
     118     75.44251849
     119     76.73993276
     120     78.04841619
     121     79.36772821
     122     80.69809416
     123     82.03930302
     124     83.39155244
     125     84.75465736
     126     86.12879112
     127     87.51379143
     128     88.90981029
     129     90.31670541
     130     91.73461005
     131     93.16339949
     132     94.60319054
     133     96.05387387
     134     97.51555187
     135     98.98812874
     136    100.47169421
     137    101.96616431
     138    103.47161769
     139    104.98798078
     140    106.51532247
     141    108.05357833
     142    109.60280871
     143    111.16295716
     144    112.73407657
     145    114.31611748
     146    115.90912621
     147    117.51305946
     148    119.12795781
     149    120.75378331
     150    122.39057152
     151    124.03828921
     152    125.69696751
     153    127.36657734
     154    129.04714595
     155    130.73864788
     156    132.44110701
     157    134.15450102
     158    135.87885084
     159    137.61413693
     160    139.36037761
     161    141.11755578
     162    142.88568748
     163    144.66475774
     164    146.45478061
     165    148.25574298
     166    150.06765715
     167    151.89051165
     168    153.72431726
     169    155.56906392
     170    157.42476108
     171    159.29139994
     172    161.16898877
     173    163.05751987
     174    164.95700047
     175    166.86742384
     176    168.78879632
     177    170.72111201
     178    172.66437646
     179    174.61858451
     180    176.58374103
     181    178.55984149
     182    180.54689015
     183    182.54488307
     184    184.55382397
     185    186.57370939
     186    188.60454261
     187    190.64632058
     188    192.69904619
     189    194.76271676
     190    196.83733483
     191    198.92289806
     192    201.01940865
     193    203.12686458
     194    205.24526778
     195    207.37461645
     196    209.51491231
     197    211.66615379
     198    213.82834237
     199    216.00147669
     200    218.18555806
     201    220.38058526
     202    222.58655947
     203    224.80347962
     204    227.03134673
     205    229.27015986
     206    231.51991992
     207    233.78062608
     208    236.05227915
     209    238.33487838
     210    240.62842450
     211    242.93291685
     212    245.24835607
     213    247.57474158
     214    249.91207395
     215    252.26035266
     216    254.61957822
     217    256.98975018
     218    259.37086898
     219    261.76293422
     220    264.16594630
     221    266.57990487
     222    269.00481027
     223    271.44066220
     224    273.88746096
     225    276.34520629
     226    278.81389845
     227    281.29353721
     228    283.78412282
     229    286.28565505
     230    288.79813414
     231    291.32155988
     232    293.85593247
     233    296.40125175
     234    298.95751790
     235    301.52473075
     236    304.10289048
     237    306.69199693
     238    309.29205028
     239    311.90305037
     240    314.52499736
     241    317.15789112
     242    319.80173179
     243    322.45651925
     244    325.12225363
     245    327.79893481
     246    330.48656293
     247    333.18513787
     248    335.89465976
     249    338.61512848
     250    341.34654416
     251    344.08890669
     252    346.84221620
     253    349.60647257
     254    352.38167592
     255    355.16782616
     256    357.96492338
     257    360.77296751
     258    363.59195863
     259    366.42189667
     260    369.26278172
     261    372.11461369
     262    374.97739269
     263    377.85111862
     264    380.73579159
     265    383.63141150
     266    386.53797847
     267    389.45549239
     268    392.38395336
     269    395.32336131
     270    398.27371632
     271    401.23501832
     272    404.20726739
     273    407.19046345
     274    410.18460660
     275    413.18969676
     276    416.20573400
     277    419.23271826
     278    422.27064963
     279    425.31952801
     280    428.37935351
     281    431.45012604
     282    434.53184570
     283    437.62451239
     284    440.72812622
     285    443.84268709
     286    446.96819510
     287    450.10465018
     288    453.25205240
     289    456.41040168
     290    459.57969813
     291    462.75994165
     292    465.95113233
     293    469.15327009
     294    472.36635503
     295    475.59038706
     296    478.82536627
     297    482.07129257
     298    485.32816606
     299    488.59598666
     300    491.87475445
     301    495.16446935
     302    498.46513146
     303    501.77674068
     304    505.09929712
     305    508.43280067
     306    511.77725145
     307    515.13264935
     308    518.49899449
     309    521.87628675
     310    525.26452625
     311    528.66371288
     312    532.07384676
     313    535.49492778
     314    538.92695606
     315    542.36993147
     316    545.82385415
     317    549.28872398
     318    552.76454107
     319    556.25130532
     320    559.74901684
     321    563.25767552
     322    566.77728148
     323    570.30783460
     324    573.84933501
     325    577.40178259
     326    580.96517745
     327    584.53951950
     328    588.12480883
     329    591.72104535
     330    595.32822917
     331    598.94636017
     332    602.57543848
     333    606.21546397
     334    609.86643678
     335    613.52835678
     336    617.20122409
     337    620.88503861
     338    624.57980044
     339    628.28550948
     340    632.00216584
     341    635.72976941
     342    639.46832031
     343    643.21781841
     344    646.97826386
     345    650.74965651
     346    654.53199651
     347    658.32528372
     348    662.12951828
     349    665.94470005
     350    669.77082918
     351    673.60790553
     352    677.45592923
     353    681.31490016
     354    685.18481845
     355    689.06568397
     356    692.95749685
     357    696.86025696
     358    700.77396444
     359    704.69861916
     360    708.63422125
     361    712.58077057
     362    716.53826727
     363    720.50671122
     364    724.48610254
     365    728.47644110
     366    732.47772705
     367    736.48996025
     368    740.51314083
     369    744.54726866
     370    748.59234389
     371    752.64836636
     372    756.71533623
     373    760.79325336
     374    764.88211788
     375    768.98192966
     376    773.09268884
     377    777.21439528
     378    781.34704913
     379    785.49065024
     380    789.64519875
     381    793.81069453
     382    797.98713773
     383    802.17452818
     384    806.37286606
     385    810.58215120
     386    814.80238377
     387    819.03356359
     388    823.27569085
     389    827.52876537
     390    831.79278733
     391    836.06775655
     392    840.35367321
     393    844.65053714
     394    848.95834850
     395    853.27710714
     396    857.60681322
     397    861.94746657
     398    866.29906736
     399    870.66161543
     400    875.03511095
     401    879.41955374
     402    883.81494399
     403    888.22128151
     404    892.63856649
     405    897.06679874
     406    901.50597845
     407    905.95610544
     408    910.41717990
     409    914.88920163
     410    919.37217083
     411    923.86608730
     412    928.37095125
     413    932.88676248
     414    937.41352118
     415    941.95122716
     416    946.49988062
     417    951.05948136
     418    955.63002957
     419    960.21152508
     420    964.80396806
     421    969.40735832
     422    974.02169608
     423    978.64698111
     424    983.28321364
     425    987.93039345
     426    992.58852075
     427    997.25759533
     428   1001.93761741
     429   1006.62858678
     430   1011.33050364
     431   1016.04336780
     432   1020.76717945
     433   1025.50193839
     434   1030.24764483
     435   1035.00429856
     436   1039.77189979
     437   1044.55044832
     438   1049.33994435
     439   1054.14038767
     440   1058.95177850
     441   1063.77411663
     442   1068.60740226
     443   1073.45163519
     444   1078.30681563
     445   1083.17294337
     446   1088.05001862
     447   1092.93804117
     448   1097.83701123
     449   1102.74692859
     450   1107.66779347
     451   1112.59960565
     452   1117.54236535
     453   1122.49607235
     454   1127.46072687
     455   1132.43632869
     456   1137.42287804
     457   1142.42037468
     458   1147.42881886
     459   1152.44821033
     460   1157.47854934
     461   1162.51983564
     462   1167.57206948
     463   1172.63525062
     464   1177.70937930
     465   1182.79445527
     466   1187.89047879
     467   1192.99744960
     468   1198.11536796
     469   1203.24423361
     470   1208.38404682
     471   1213.53480732
     472   1218.69651537
     473   1223.86917071
     474   1229.05277361
     475   1234.24732381
     476   1239.45282156
     477   1244.66926661
     478   1249.89665922
     479   1255.13499912
     480   1260.38428658
     481   1265.64452135
     482   1270.91570367
     483   1276.19783329
     484   1281.49091047
     485   1286.79493496
     486   1292.10990701
     487   1297.43582635
     488   1302.77269327
     489   1308.12050749
     490   1313.47926927
     491   1318.84897836
     492   1324.22963501
     493   1329.62123897
     494   1335.02379050
     495   1340.43728933
     496   1345.86173573
     497   1351.29712944
     498   1356.74347072
     499   1362.20075931
     500   1367.66899547
     501   1373.14817894
     502   1378.63830999
     503   1384.13938833
     504   1389.65141427
     505   1395.17438750
     506   1400.70830832
     507   1406.25317644
     508   1411.80899215
     509   1417.37575515
     510   1422.95346575
     511   1428.54212365
     512   1434.14172915
     513   1439.75228194
     514   1445.37378233
     515   1451.00623002
     516   1456.64962530
     517   1462.30396789
     518   1467.96925808
     519   1473.64549556
     520   1479.33268065
     521   1485.03081303
     522   1490.73989303
     523   1496.45992032
     524   1502.19089521
     525   1507.93281741
     526   1513.68568722
     527   1519.44950432
     528   1525.22426903
     529   1531.00998104
     530   1536.80664067
     531   1542.61424759
     532   1548.43280214
     533   1554.26230397
     534   1560.10275343
     535   1565.95415018
     536   1571.81649455
     537   1577.68978622
     538   1583.57402551
     539   1589.46921210
     540   1595.37534632
     541   1601.29242782
     542   1607.22045696
     543   1613.15943339
     544   1619.10935745
     545   1625.07022881
     546   1631.04204780
     547   1637.02481408
     548   1643.01852800
     549   1649.02318921
     550   1655.03879806
     551   1661.06535419
     552   1667.10285798
     553   1673.15130905
     554   1679.21070776
     555   1685.28105377
     556   1691.36234742
     557   1697.45458836
     558   1703.55777695
     559   1709.67191283
     560   1715.79699636
     561   1721.93302717
     562   1728.08000564
     563   1734.23793140
     564   1740.40680481
     565   1746.58662551
     566   1752.77739387
     567   1758.97910952
     568   1765.19177282
     569   1771.41538341
     570   1777.64994167
     571   1783.89544720
     572   1790.15190041
     573   1796.41930089
     574   1802.69764905
     575   1808.98694449
     576   1815.28718760
     577   1821.59837799
     578   1827.92051606
     579   1834.25360140
     580   1840.59763443
     581   1846.95261473
     582   1853.31854271
     583   1859.69541797
     584   1866.08324091
     585   1872.48201113
     586   1878.89172904
     587   1885.31239422
     588   1891.74400709
     589   1898.18656723
     590   1904.64007507
     591   1911.10453018
     592   1917.57993298
     593   1924.06628306
     594   1930.56358083
     595   1937.07182587
     596   1943.59101862
     597   1950.12115863
     598   1956.66224635
     599   1963.21428133
     600   1969.77726402
     601   1976.35119398
     602   1982.93607165
     603   1989.53189658
     604   1996.13866922
     605   2002.75638913
     606   2009.38505676
     607   2016.02467165
     608   2022.67523425
     609   2029.33674412
     610   2036.00920170
     611   2042.69260655
     612   2049.38695912
     613   2056.09225896
     614   2062.80850651
     615   2069.53570133
     616   2076.27384388
     617   2083.02293368
     618   2089.78297121
     619   2096.55395601
     620   2103.33588853
     621   2110.12876832
     622   2116.93259583
     623   2123.74737061
     624   2130.57309312
     625   2137.40976289
     626   2144.25738039
     627   2151.11594516
     628   2157.98545766
     629   2164.86591742
     630   2171.75732492
     631   2178.65967968
     632   2185.57298219
     633   2192.49723194
     634   2199.43242945
     635   2206.37857421
     636   2213.33566672
     637   2220.30370648
     638   2227.28269400
     639   2234.27262877
     640   2241.27351129
     641   2248.28534107
     642   2255.30811860
     643   2262.34184338
     644   2269.38651592
     645   2276.44213572
     646   2283.50870327
     647   2290.58621808
     648   2297.67468065
     649   2304.77409046
     650   2311.88444805
     651   2319.00575288
     652   2326.13800548
     653   2333.28120533
     654   2340.43535295
     655   2347.60044782
     656   2354.77649046
     657   2361.96348034
     658   2369.16141801
     659   2376.37030292
     660   2383.59013561
     661   2390.82091553
     662   2398.06264325
     663   2405.31531820
     664   2412.57894095
     665   2419.85351092
     666   2427.13902870
     667   2434.43549370
     668   2441.74290651
     669   2449.06126654
     670   2456.39057438
     671   2463.73082945
     672   2471.08203231
     673   2478.44418242
     674   2485.81728032
     675   2493.20132546
     676   2500.59631840
     677   2508.00225857
     678   2515.41914655
     679   2522.84698176
     680   2530.28576478
     681   2537.73549503
     682   2545.19617309
     683   2552.66779838
     684   2560.15037149
     685   2567.64389182
     686   2575.14835998
     687   2582.66377535
     688   2590.19013856
     689   2597.72744898
     690   2605.27570723
     691   2612.83491270
     692   2620.40506600
     693   2627.98616652
     694   2635.57821488
     695   2643.18121045
     696   2650.79515386
     697   2658.42004448
     698   2666.05588294
     699   2673.70266862
     700   2681.36040215
     701   2689.02908288
     702   2696.70871146
     703   2704.39928725
     704   2712.10081090
     705   2719.81328175
     706   2727.53670045
     707   2735.27106637
     708   2743.01638014
     709   2750.77264111
     710   2758.53984995
     711   2766.31800599
     712   2774.10710989
     713   2781.90716100
     714   2789.71815997
     715   2797.54010615
     716   2805.37300019
     717   2813.21684144
     718   2821.07163056
     719   2828.93736687
     720   2836.81405107
     721   2844.70168246
     722   2852.60026172
     723   2860.50978819
     724   2868.43026254
     725   2876.36168408
     726   2884.30405350
     727   2892.25737013
     728   2900.22163463
     729   2908.19684633
     730   2916.18300593
     731   2924.18011271
     732   2932.18816738
     733   2940.20716925
     734   2948.23711901
     735   2956.27801597
     736   2964.32986082
     737   2972.39265286
     738   2980.46639280
     739   2988.55107993
     740   2996.64671496
     741   3004.75329718
     742   3012.87082731
     743   3020.99930462
     744   3029.13872984
     745   3037.28910225
     746   3045.45042257
     747   3053.62269007
     748   3061.80590549
     749   3070.00006809
     750   3078.20517861
     751   3086.42123630
     752   3094.64824193
     753   3102.88619473
     754   3111.13509546
     755   3119.39494336
     756   3127.66573919
     757   3135.94748220
     758   3144.24017314
     759   3152.54381125
     760   3160.85839731
     761   3169.18393053
     762   3177.52041169
     763   3185.86784002
     764   3194.22621630
     765   3202.59553975
     766   3210.97581114
     767   3219.36702970
     768   3227.76919621
     769   3236.18230988
     770   3244.60637151
     771   3253.04138030
     772   3261.48733705
     773   3269.94424096
     774   3278.41209283
     775   3286.89089186
     776   3295.38063886
     777   3303.88133301
     778   3312.39297513
     779   3320.91556441
     780   3329.44910166
     781   3337.99358606
     782   3346.54901844
     783   3355.11539797
     784   3363.69272549
     785   3372.28100015
     786   3380.88022279
     787   3389.49039258
     788   3398.11151037
     789   3406.74357529
     790   3415.38658821
     791   3424.04054827
     792   3432.70545633
     793   3441.38131153
     794   3450.06811473
     795   3458.76586507
     796   3467.47456341
     797   3476.19420889
     798   3484.92480238
     799   3493.66634300
     800   3502.41883163
     801   3511.18226740
     802   3519.95665118
     803   3528.74198209
     804   3537.53826103
     805   3546.34548709
     806   3555.16366118
     807   3563.99278239
     808   3572.83285163
     809   3581.68386799
     810   3590.54583239
     811   3599.41874390
     812   3608.30260346
     813   3617.19741013
     814   3626.10316485
     815   3635.01986667
     816   3643.94751655
     817   3652.88611354
     818   3661.83565858
     819   3670.79615073
     820   3679.76759094
     821   3688.74997825
     822   3697.74331363
     823   3706.74759611
     824   3715.76282665
     825   3724.78900430
     826   3733.82613002
     827   3742.87420283
     828   3751.93322372
     829   3761.00319171
     830   3770.08410777
     831   3779.17597093
     832   3788.27878217
     833   3797.39254051
     834   3806.51724693
     835   3815.65290044
     836   3824.79950204
     837   3833.95705074
     838   3843.12554752
     839   3852.30499139
     840   3861.49538336
     841   3870.69672242
     842   3879.90900957
     843   3889.13224381
     844   3898.36642616
     845   3907.61155559
     846   3916.86763312
     847   3926.13465774
     848   3935.41263047
     849   3944.70155027
     850   3954.00141820
     851   3963.31223320
     852   3972.63399632
     853   3981.96670651
     854   3991.31036483
     855   4000.66497022
     856   4010.03052375
     857   4019.40702433
     858   4028.79447306
     859   4038.19286885
     860   4047.60221278
     861   4057.02250377
     862   4066.45374290
     863   4075.89592910
     864   4085.34906345
     865   4094.81314485
     866   4104.28817440
     867   4113.77415101
     868   4123.27107578
     869   4132.77894760
     870   4142.29776759
     871   4151.82753462
     872   4161.36824982
     873   4170.91991207
     874   4180.48252249
     875   4190.05607996
     876   4199.64058560
     877   4209.23603828
     878   4218.84243915
     879   4228.45978705
     880   4238.08808314
     881   4247.72732627
     882   4257.37751759
     883   4267.03865594
     884   4276.71074249
     885   4286.39377606
     886   4296.08775784
     887   4305.79268665
     888   4315.50856366
     889   4325.23538770
     890   4334.97315995
     891   4344.72187922
     892   4354.48154670
     893   4364.25216121
     894   4374.03372393
     895   4383.82623367
     896   4393.62969164
     897   4403.44409662
     898   4413.26944983
     899   4423.10575006
     900   4432.95299851
     901   4442.81119398
     902   4452.68033768
     903   4462.56042839
     904   4472.45146735
     905   4482.35345331
     906   4492.26638752
     907   4502.19026872
     908   4512.12509819
     909   4522.07087465
     910   4532.02759937
     911   4541.99527108
     912   4551.97389106
     913   4561.96345802
     914   4571.96397326
     915   4581.97543549
     916   4591.99784599
     917   4602.03120348
     918   4612.07550925
     919   4622.13076199
     920   4632.19696303
     921   4642.27411104
     922   4652.36220735
     923   4662.46125062
     924   4672.57124220
     925   4682.69218075
     926   4692.82406760
     927   4702.96690141
     928   4713.12068354
     929   4723.28541263
     930   4733.46109003
     931   4743.64771440
     932   4753.84528708
     933   4764.05380672
     934   4774.27327469
     935   4784.50368961
     936   4794.74505286
     937   4804.99736307
     938   4815.26062160
     939   4825.53482709
     940   4835.81998092
     941   4846.11608169
     942   4856.42313081
     943   4866.74112687
     944   4877.07007128
     945   4887.40996263
     946   4897.76080233
     947   4908.12258898
     948   4918.49532398
     949   4928.87900592
     950   4939.27363622
     951   4949.67921345
     952   4960.09573906
     953   4970.52321159
     954   4980.96163251
     955   4991.41100034
     956   5001.87131656
     957   5012.34257969
     958   5022.82479122
     959   5033.31794966
     960   5043.82205650
     961   5054.33711025
     962   5064.86311240
     963   5075.40006145
     964   5085.94795892
     965   5096.50680329
     966   5107.07659608
     967   5117.65733576
     968   5128.24902387
     969   5138.85165887
     970   5149.46524230
     971   5160.08977261
     972   5170.72525137
     973   5181.37167701
     974   5192.02905109
     975   5202.69737205
     976   5213.37664146
     977   5224.06685775
     978   5234.76802249
     979   5245.48013410
     980   5256.20319418
     981   5266.93720112
     982   5277.68215653
     983   5288.43805881
     984   5299.20490956
     985   5309.98270717
     986   5320.77145326
     987   5331.57114621
     988   5342.38178764
     989   5353.20337592
     990   5364.03591270
     991   5374.87939633
     992   5385.73382845
     993   5396.59920743
     994   5407.47553490
     995   5418.36280922
     996   5429.26103204
     997   5440.17020171
     998   5451.09031989
     999   5462.02138490
    1000   5472.96339844
    1001   5483.91635881
    1002   5494.88026771
    1003   5505.85512343
    1004   5516.84092769
    1005   5527.83767877
    1006   5538.84537839
    1007   5549.86402483
    1008   5560.89361981
    1009   5571.93416162
    1010   5582.98565197
    1011   5594.04808914
    1012   5605.12147486
    1013   5616.20580739
    1014   5627.30108849
    1015   5638.40731639
    1016   5649.52449287
    1017   5660.65261614
    1018   5671.79168799
    1019   5682.94170664
    1020   5694.10267387
    1021   5705.27458789
    1022   5716.45745051
    1023   5727.65125990
    1024   5738.85601790
    1025   5750.07172268
    1026   5761.29837607
    1027   5772.53597623
    1028   5783.78452501
    1029   5795.04402055
    1030   5806.31446472
    1031   5817.59585565
    1032   5828.88819522
    1033   5840.19148154
    1034   5851.50571650
    1035   5862.83089822
    1036   5874.16702857
    1037   5885.51410568
    1038   5896.87213144
    1039   5908.24110395
    1040   5919.62102511
    1041   5931.01189302
    1042   5942.41370959
    1043   5953.82647290
    1044   5965.25018488
    1045   5976.68484359
    1046   5988.13045098
    1047   5999.58700509
    1048   6011.05450790
    1049   6022.53295742
    1050   6034.02235564
    1051   6045.52270058
    1052   6057.03399422
    1053   6068.55623457
    1054   6080.08942363
    1055   6091.63355939
    1056   6103.18864387
    1057   6114.75467506
    1058   6126.33165497
    1059   6137.91958157
    1060   6149.51845691
    1061   6161.12827893
    1062   6172.74904970
    1063   6184.38076715
    1064   6196.02343335
    1065   6207.67704623
    1066   6219.34160787
    1067   6231.01711617
    1068   6242.70357325
    1069   6254.40097699
    1070   6266.10932950
    1071   6277.82862868
    1072   6289.55887664
    1073   6301.30007125
    1074   6313.05221465
    1075   6324.81530471
    1076   6336.58934356
    1077   6348.37432905
    1078   6360.17026335
    1079   6371.97714429
    1080   6383.79497405
    1081   6395.62375043
    1082   6407.46347564
    1083   6419.31414748
    1084   6431.17576814
    1085   6443.04833543
    1086   6454.93185156
    1087   6466.82631430
    1088   6478.73172589
    1089   6490.64808409
    1090   6502.57539114
    1091   6514.51364480
    1092   6526.46284732
    1093   6538.42299644
    1094   6550.39409443
    1095   6562.37613902
    1096   6574.36913248
    1097   6586.37307253
    1098   6598.38796147
    1099   6610.41379699
    1100   6622.45058140
    1101   6634.49831239
    1102   6646.55699229
    1103   6658.62661876
    1104   6670.70719413
    1105   6682.79871608
    1106   6694.90118694
    1107   6707.01460436
    1108   6719.13897071
    1109   6731.27428361
    1110   6743.42054545
    1111   6755.57775384
    1112   6767.74591117
    1113   6779.92501504
    1114   6792.11506787
    1115   6804.31606723
    1116   6816.52801556
    1117   6828.75091041
    1118   6840.98475424
    1119   6853.22954458
    1120   6865.48528391
    1121   6877.75196975
    1122   6890.02960459
    1123   6902.31818592
    1124   6914.61771627
    1125   6926.92819311
    1126   6939.24961896
    1127   6951.58199130
    1128   6963.92531267
    1129   6976.27958052
    1130   6988.64479740
    1131   7001.02096076
    1132   7013.40807316
    1133   7025.80613202
    1134   7038.21513994
    1135   7050.63509433
    1136   7063.06599777
    1137   7075.50784767
    1138   7087.96064664
    1139   7100.42439205
    1140   7112.89908655
    1141   7125.38472749
    1142   7137.88131751
    1143   7150.38885397
    1144   7162.90733953
    1145   7175.43677152
    1146   7187.97715262
    1147   7200.52848013
    1148   7213.09075677
    1149   7225.66397981
    1150   7238.24815199
    1151   7250.84327057
    1152   7263.44933828
    1153   7276.06635240
    1154   7288.69431566
    1155   7301.33322532
    1156   7313.98308413
    1157   7326.64388933
    1158   7339.31564369
    1159   7351.99834443
    1160   7364.69199435
    1161   7377.39659063
    1162   7390.11213611
    1163   7402.83862794
    1164   7415.57606897
    1165   7428.32445635
    1166   7441.08379295
    1167   7453.85407589
    1168   7466.63530805
    1169   7479.42748654
    1170   7492.23061426
    1171   7505.04468831
    1172   7517.86971161
    1173   7530.70568122
    1174   7543.55260009
    1175   7556.41046526
    1176   7569.27927970
    1177   7582.15904045
    1178   7595.04975046
    1179   7607.95140677
    1180   7620.86401237
    1181   7633.78756425
    1182   7646.72206543
    1183   7659.66751289
    1184   7672.62390965
    1185   7685.59125268
    1186   7698.56954503
    1187   7711.55878364
    1188   7724.55897158
    1189   7737.57010577
    1190   7750.59218931
    1191   7763.62521908
    1192   7776.66919821
    1193   7789.72412357
    1194   7802.78999830
    1195   7815.86681925
    1196   7828.95458957
    1197   7842.05330611
    1198   7855.16297204
    1199   7868.28358418
    1200   7881.41514571
    1201   7894.55765344
    1202   7907.71111058
    1203   7920.87551391
    1204   7934.05086667
    1205   7947.23716560
    1206   7960.43441396
    1207   7973.64260850
    1208   7986.86175248
    1209   8000.09184262
    1210   8013.33288222
    1211   8026.58486797
    1212   8039.84780319
    1213   8053.12168455
    1214   8066.40651539
    1215   8079.70229237
    1216   8093.00901884
    1217   8106.32669143
    1218   8119.65531353
    1219   8132.99488174
    1220   8146.34539947
    1221   8159.70686330
    1222   8173.07927666
    1223   8186.46263612
    1224   8199.85694512
    1225   8213.26220020
    1226   8226.67840484
    1227   8240.10555555
    1228   8253.54365583
    1229   8266.99270217
    1230   8280.45269810
    1231   8293.92364007
    1232   8307.40553165
    1233   8320.89836926
    1234   8334.40215648
    1235   8347.91688973
    1236   8361.44257260
    1237   8374.97920149
    1238   8388.52678002
    1239   8402.08530456
    1240   8415.65477874
    1241   8429.23519892
    1242   8442.82656877
    1243   8456.42888460
    1244   8470.04215011
    1245   8483.66636159
    1246   8497.30152276
    1247   8510.94762989
    1248   8524.60468674
    1249   8538.27268953
    1250   8551.95164204
    1251   8565.64154049
    1252   8579.34238867
    1253   8593.05418278
    1254   8606.77692664
    1255   8620.51061641
    1256   8634.25525595
    1257   8648.01084139
    1258   8661.77737661
    1259   8675.55485771
    1260   8689.34328861
    1261   8703.14266539
    1262   8716.95299198
    1263   8730.77426443
    1264   8744.60648670
    1265   8758.44965483
    1266   8772.30377280
    1267   8786.16883660
    1268   8800.04485026
    1269   8813.93180975
    1270   8827.82971910
    1271   8841.73857427
    1272   8855.65837932
    1273   8869.58913018
    1274   8883.53083093
    1275   8897.48347747
    1276   8911.44707393
    1277   8925.42161616
    1278   8939.40710832
    1279   8953.40354625
    1280   8967.41093412
    1281   8981.42926774
    1282   8995.45855132
    1283   9009.49878064
    1284   9023.54995994
    1285   9037.61208496
    1286   9051.68515997
    1287   9065.76918069
    1288   9079.86415142
    1289   9093.97006785
    1290   9108.08693430
    1291   9122.21474643
    1292   9136.35350861
    1293   9150.50321645
    1294   9164.66387435
    1295   9178.83547790
    1296   9193.01803153
    1297   9207.21153080
    1298   9221.41598016
    1299   9235.63137515
    1300   9249.85772024
    1301   9264.09501095
    1302   9278.34325178
    1303   9292.60243821
    1304   9306.87257477
    1305   9321.15365692
    1306   9335.44568923
    1307   9349.74866711
    1308   9364.06259516
    1309   9378.38746877
    1310   9392.72329257
    1311   9407.07006190
    1312   9421.42778145
    1313   9435.79644652
    1314   9450.17606182
    1315   9464.56662262
    1316   9478.96813368
    1317   9493.38059022
    1318   9507.80399702
    1319   9522.23834931
    1320   9536.68365187
    1321   9551.13989990
    1322   9565.60709822
    1323   9580.08524199
    1324   9594.57433608
    1325   9609.07437560
    1326   9623.58536545
    1327   9638.10730072
    1328   9652.64018634
    1329   9667.18401736
    1330   9681.73879875
    1331   9696.30452552
    1332   9710.88120268
    1333   9725.46882521
    1334   9740.06739815
    1335   9754.67691644
    1336   9769.29738515
    1337   9783.92879920
    1338   9798.57116369
    1339   9813.22447350
    1340   9827.88873378
    1341   9842.56393935
    1342   9857.25009542
    1343   9871.94719676
    1344   9886.65524861
    1345   9901.37424571
    1346   9916.10419335
    1347   9930.84508623
    1348   9945.59692966
    1349   9960.35971832
    1350   9975.13345754
    1351   9989.91814197
    1352  10004.71377699
    1353  10019.52035720
    1354  10034.33788802
    1355  10049.16636400
    1356  10064.00579062
    1357  10078.85616239
    1358  10093.71748481
    1359  10108.58975236
    1360  10123.47297059
    1361  10138.36713393
    1362  10153.27224796
    1363  10168.18830709
    1364  10183.11531693
    1365  10198.05327185
    1366  10213.00217751
    1367  10227.96202821
    1368  10242.93282969
    1369  10257.91457619
    1370  10272.90727348
    1371  10287.91091577
    1372  10302.92550888
    1373  10317.95104698
    1374  10332.98753590
    1375  10348.03496980
    1376  10363.09335455
    1377  10378.16268425
    1378  10393.24296482
    1379  10408.33419033
    1380  10423.43636673
    1381  10438.54948804
    1382  10453.67356027
    1383  10468.80857738
    1384  10483.95454545
    1385  10499.11145837
    1386  10514.27932227
    1387  10529.45813101
    1388  10544.64789074
    1389  10559.84859529
    1390  10575.06025086
    1391  10590.28285123
    1392  10605.51640264
    1393  10620.76089883
    1394  10636.01634608
    1395  10651.28273808
    1396  10666.56008118
    1397  10681.84836900
    1398  10697.14760794
    1399  10712.45779159
    1400  10727.77892638
    1401  10743.11100585
    1402  10758.45403649
    1403  10773.80801179
    1404  10789.17293828
    1405  10804.54880941
    1406  10819.93563175
    1407  10835.33339871
    1408  10850.74211691
    1409  10866.16177970
    1410  10881.59239376
    1411  10897.03395238
    1412  10912.48646230
    1413  10927.94991675
    1414  10943.42432253
    1415  10958.90967282
    1416  10974.40597447
    1417  10989.91322059
    1418  11005.43141810
    1419  11020.96056007
    1420  11036.50065345
    1421  11052.05169126
    1422  11067.61368050
    1423  11083.18661415
    1424  11098.77049927
    1425  11114.36532876
    1426  11129.97110975
    1427  11145.58783509
    1428  11161.21551195
    1429  11176.85413314
    1430  11192.50370588
    1431  11208.16422292
    1432  11223.83569153
    1433  11239.51810442
    1434  11255.21146891
    1435  11270.91577765
    1436  11286.63103803
    1437  11302.35724262
    1438  11318.09439887
    1439  11333.84249932
    1440  11349.60155146
    1441  11365.37154776
    1442  11381.15249579
    1443  11396.94438794
    1444  11412.74723186
    1445  11428.56101987
    1446  11444.38575968
    1447  11460.22144355
    1448  11476.06807924
    1449  11491.92565898
    1450  11507.79419056
    1451  11523.67366616
    1452  11539.56409364
    1453  11555.46546509
    1454  11571.37778847
    1455  11587.30105579
    1456  11603.23527506
    1457  11619.18043824
    1458  11635.13655341
    1459  11651.10361246
    1460  11667.08162353
    1461  11683.07057845
    1462  11699.07048541
    1463  11715.08133620
    1464  11731.10313907
    1465  11747.13588572
    1466  11763.17958449
    1467  11779.23422702
    1468  11795.29982169
    1469  11811.37636008
    1470  11827.46385067
    1471  11843.56228493
    1472  11859.67167142
    1473  11875.79200155
    1474  11891.92328395
    1475  11908.06550996
    1476  11924.21868826
    1477  11940.38281015
    1478  11956.55788436
    1479  11972.74390212
    1480  11988.94087224
    1481  12005.14878587
    1482  12021.36765191
    1483  12037.59746142
    1484  12053.83822337
    1485  12070.08992875
    1486  12086.35258662
    1487  12102.62618787
    1488  12118.91074165
    1489  12135.20623879
    1490  12151.51268848
    1491  12167.83008150
    1492  12184.15842711
    1493  12200.49771600
    1494  12216.84795753
    1495  12233.20914230
    1496  12249.58127975
    1497  12265.96436039
    1498  12282.35839376
    1499  12298.76337028
    1500  12315.17929957
    1501  12331.60617198
    1502  12348.04399718
    1503  12364.49276547
    1504  12380.95248659
    1505  12397.42315076
    1506  12413.90476780
    1507  12430.39732785
    1508  12446.90084082
    1509  12463.41529674
    1510  12479.94070563
    1511  12496.47705743
    1512  12513.02436225
    1513  12529.58260993
    1514  12546.15181067
    1515  12562.73195423
    1516  12579.32305089
    1517  12595.92509033
    1518  12612.53808292
    1519  12629.16201823
    1520  12645.79690674
    1521  12662.44273794
    1522  12679.09952238
    1523  12695.76724945
    1524  12712.44592981
    1525  12729.13555276
    1526  12745.83612905
    1527  12762.54764787
    1528  12779.27012008
    1529  12796.00353479
    1530  12812.74790292
    1531  12829.50321350
    1532  12846.26947756
    1533  12863.04668402
    1534  12879.83484400
    1535  12896.63394633
    1536  12913.44400224
    1537  12930.26500045
    1538  12947.09695228
    1539  12963.93984636
    1540  12980.79369412
    1541  12997.65848407
    1542  13014.53422775
    1543  13031.42091357
    1544  13048.31855317
    1545  13065.22713487
    1546  13082.14667039
    1547  13099.07714795
    1548  13116.01857940
    1549  13132.97095283
    1550  13149.93428020
    1551  13166.90854950
    1552  13183.89377279
    1553  13200.88993795
    1554  13217.89705717
    1555  13234.91511819
    1556  13251.94413333
    1557  13268.98409021
    1558  13286.03500127
    1559  13303.09685402
    1560  13320.16966099
    1561  13337.25340960
    1562  13354.34811248
    1563  13371.45375695
    1564  13388.57035576
    1565  13405.69789608
    1566  13422.83639080
    1567  13439.98582697
    1568  13457.14621761
    1569  13474.31754964
    1570  13491.49983618
    1571  13508.69306406
    1572  13525.89724652
    1573  13543.11237025
    1574  13560.33844862
    1575  13577.57546819
    1576  13594.82344247
    1577  13612.08235788
    1578  13629.35222807
    1579  13646.63303932
    1580  13663.92480541
    1581  13681.22751251
    1582  13698.54117450
    1583  13715.86577743
    1584  13733.20133533
    1585  13750.54783410
    1586  13767.90528790
    1587  13785.27368249
    1588  13802.65303219
    1589  13820.04332261
    1590  13837.44456820
    1591  13854.85675445
    1592  13872.27989594
    1593  13889.71397800
    1594  13907.15901539
    1595  13924.61499327
    1596  13942.08192654
    1597  13959.55980024
    1598  13977.04862940
    1599  13994.54839891
    1600  14012.05912396
    1601  14029.58078928
    1602  14047.11341021
    1603  14064.65697133
    1604  14082.21148814
    1605  14099.77694506
    1606  14117.35335775
    1607  14134.94071047
    1608  14152.53901903
    1609  14170.14826754
    1610  14187.76847197
    1611  14205.39961628
    1612  14223.04171658
    1613  14240.69475666
    1614  14258.35875283
    1615  14276.03368870
    1616  14293.71958072
    1617  14311.41641237
    1618  14329.12420025
    1619  14346.84292766
    1620  14364.57261140
    1621  14382.31323458
    1622  14400.06481418
    1623  14417.82733312
    1624  14435.60080856
    1625  14453.38522325
    1626  14471.18059454
    1627  14488.98690499
    1628  14506.80417211
    1629  14524.63237830
    1630  14542.47154126
    1631  14560.32164320
    1632  14578.18270199
    1633  14596.05469966
    1634  14613.93765427
    1635  14631.83154767
    1636  14649.73639811
    1637  14667.65218723
    1638  14685.57893349
    1639  14703.51661833
    1640  14721.46526040
    1641  14739.42484095
    1642  14757.39537883
    1643  14775.37685508
    1644  14793.36928876
    1645  14811.37266071
    1646  14829.38699020
    1647  14847.41225783
    1648  14865.44848311
    1649  14883.49564643
    1650  14901.55376750
    1651  14919.62282649
    1652  14937.70284334
    1653  14955.79379801
    1654  14973.89571063
    1655  14992.00856096
    1656  15010.13236935
    1657  15028.26711533
    1658  15046.41281949
    1659  15064.56946112
    1660  15082.73706103
    1661  15100.91559830
    1662  15119.10509397
    1663  15137.30552686
    1664  15155.51691827
    1665  15173.73924679
    1666  15191.97253394
    1667  15210.21675807
    1668  15228.47194095
    1669  15246.73806068
    1670  15265.01513929
    1671  15283.30315461
    1672  15301.60212894
    1673  15319.91203984
    1674  15338.23290988
    1675  15356.56471636
    1676  15374.90748210
    1677  15393.26118414
    1678  15411.62584558
    1679  15430.00144318
    1680  15448.38800030
    1681  15466.78549344
    1682  15485.19394624
    1683  15503.61333492
    1684  15522.04368338
    1685  15540.48496759
    1686  15558.93721171
    1687  15577.40039143
    1688  15595.87453121
    1689  15614.35960642
    1690  15632.85564184
    1691  15651.36261254
    1692  15669.88054360
    1693  15688.40940978
    1694  15706.94923646
    1695  15725.49999810
    1696  15744.06172040
    1697  15762.63437749
    1698  15781.21799539
    1699  15799.81254793
    1700  15818.41806142
    1701  15837.03450938
    1702  15855.66191846
    1703  15874.30026183
    1704  15892.94956649
    1705  15911.60980526
    1706  15930.28100547
    1707  15948.96313963
    1708  15967.65623539
    1709  15986.36026492
    1710  16005.07525622
    1711  16023.80118111
    1712  16042.53806794
    1713  16061.28588816
    1714  16080.04467051
    1715  16098.81438606
    1716  16117.59506391
    1717  16136.38667476
    1718  16155.18924811
    1719  16174.00275426
    1720  16192.82722308
    1721  16211.66262450
    1722  16230.50898879
    1723  16249.36628547
    1724  16268.23454521
    1725  16287.11373714
    1726  16306.00389231
    1727  16324.90497946
    1728  16343.81703006
    1729  16362.74001242
    1730  16381.67395843
    1731  16400.61883597
    1732  16419.57467737
    1733  16438.54145009
    1734  16457.51918687
    1735  16476.50785473
    1736  16495.50748688
    1737  16514.51804987
    1738  16533.53957736
    1739  16552.57203546
    1740  16571.61545829
    1741  16590.66981147
    1742  16609.73512962
    1743  16628.81137787
    1744  16647.89859131
    1745  16666.99673461
    1746  16686.10584333
    1747  16705.22588165
    1748  16724.35688564
    1749  16743.49881896
    1750  16762.65171819
    1751  16781.81554648
    1752  16800.99034095
    1753  16820.17606419
    1754  16839.37275386
    1755  16858.58037203
    1756  16877.79895689
    1757  16897.02846997
    1758  16916.26895000
    1759  16935.52035795
    1760  16954.78273312
    1761  16974.05603592
    1762  16993.34030623
    1763  17012.63550386
    1764  17031.94166927
    1765  17051.25876169
    1766  17070.58682219
    1767  17089.92580938
    1768  17109.27576494
    1769  17128.63664687
    1770  17148.00849747
    1771  17167.39127411
    1772  17186.78501973
    1773  17206.18969104
    1774  17225.60533166
    1775  17245.03189762
    1776  17264.46943321
    1777  17283.91789379
    1778  17303.37732432
    1779  17322.84767948
    1780  17342.32900494
    1781  17361.82125465
    1782  17381.32447500
    1783  17400.83861922
    1784  17420.36373444
    1785  17439.89977315
    1786  17459.44678321
    1787  17479.00471636
    1788  17498.57362123
    1789  17518.15344879
    1790  17537.74424845
    1791  17557.34597038
    1792  17576.95866480
    1793  17596.58228106
    1794  17616.21687021
    1795  17635.86238076
    1796  17655.51886460
    1797  17675.18626940
    1798  17694.86464791
    1799  17714.55394693
    1800  17734.25422007
    1801  17753.96541326
    1802  17773.68758100
    1803  17793.42066831
    1804  17813.16473063
    1805  17832.91971202
    1806  17852.68566887
    1807  17872.46254429
    1808  17892.25039564
    1809  17912.04916505
    1810  17931.85891087
    1811  17951.67957422
    1812  17971.51121446
    1813  17991.35377171
    1814  18011.20730634
    1815  18031.07175742
    1816  18050.94718641
    1817  18070.83353128
    1818  18090.73085458
    1819  18110.63909319
    1820  18130.55831076
    1821  18150.48844306
    1822  18170.42955486
    1823  18190.38158078
    1824  18210.34458677
    1825  18230.31850626
    1826  18250.30340640
    1827  18270.29921941
    1828  18290.30601364
    1829  18310.32372010
    1830  18330.35240839
    1831  18350.39200824
    1832  18370.44259054
    1833  18390.50408372
    1834  18410.57655997
    1835  18430.65994643
    1836  18450.75431659
    1837  18470.85959624
    1838  18490.97586026
    1839  18511.10303305
    1840  18531.24119087
    1841  18551.39025672
    1842  18571.55030829
    1843  18591.72126715
    1844  18611.90321241
    1845  18632.09606419
    1846  18652.29990308
    1847  18672.51464772
    1848  18692.74038018
    1849  18712.97701760
    1850  18733.22464357
    1851  18753.48317369
    1852  18773.75269311
    1853  18794.03311586
    1854  18814.32452865
    1855  18834.62684396
    1856  18854.94015006
    1857  18875.26435784
    1858  18895.59955716
    1859  18915.94565734
    1860  18936.30274983
    1861  18956.67074231
    1862  18977.04972785
    1863  18997.43961258
    1864  19017.84049113
    1865  19038.25226800
    1866  19058.67503943
    1867  19079.10870838
    1868  19099.55337264
    1869  19120.00893356
    1870  19140.47549050
    1871  19160.95294335
    1872  19181.44139291
    1873  19201.94073757
    1874  19222.45107960
    1875  19242.97231603
    1876  19263.50455045
    1877  19284.04767852
    1878  19304.60180516
    1879  19325.16682487
    1880  19345.74284363
    1881  19366.32975484
    1882  19386.92766553
    1883  19407.53646824
    1884  19428.15627076
    1885  19448.78696484
    1886  19469.42865895
    1887  19490.08124443
    1888  19510.74483001
    1889  19531.41930676
    1890  19552.10478353
    1891  19572.80115161
    1892  19593.50851943
    1893  19614.22677873
    1894  19634.95603725
    1895  19655.69618787
    1896  19676.44733694
    1897  19697.20937878
    1898  19717.98241796
    1899  19738.76635119
    1900  19759.56128030
    1901  19780.36710482
    1902  19801.18392334
    1903  19822.01163942
    1904  19842.85034710
    1905  19863.69995469
    1906  19884.56055087
    1907  19905.43205034
    1908  19926.31453473
    1909  19947.20792607
    1910  19968.11229784
    1911  19989.02758158
    1912  20009.95384035
    1913  20030.89101655
    1914  20051.83916130
    1915  20072.79823069
    1916  20093.76826089
    1917  20114.74922363
    1918  20135.74113800
    1919  20156.74399509
    1920  20177.75779295
    1921  20198.78254469
    1922  20219.81822440
    1923  20240.86487214
    1924  20261.92243279
    1925  20282.99097704
    1926  20304.07041654
    1927  20325.16085911
    1928  20346.26217626
    1929  20367.37451793
    1930  20388.49771004
    1931  20409.63195322
    1932  20430.77701869
    1933  20451.93316458
    1934  20473.10009994
    1935  20494.27815172
    1936  20515.46695482
    1937  20536.66691424
    1938  20557.87758062
    1939  20579.09945190
    1940  20600.33197865
    1941  20621.57576429
    1942  20642.83014564
    1943  20664.09585121
    1944  20685.37208326
    1945  20706.65971229
    1946  20727.95778754
    1947  20749.26734739
    1948  20770.58726060
    1949  20791.91875617
    1950  20813.26049760
    1951  20834.61393861
    1952  20855.97750120
    1953  20877.35289443
    1954  20898.73826549
    1955  20920.13562374
    1956  20941.54279381
    1957  20962.96212636
    1958  20984.39107890
    1959  21005.83240261
    1960  21027.28312493
    1961  21048.74645245
    1962  21070.21892296
    1963  21091.70427646
    1964  21113.19847820
    1965  21134.70587481
    1966  21156.22177961
    1967  21177.75124844
    1968  21199.28883366
    1969  21220.84039780
    1970  21242.39962671
    1971  21263.97332430
    1972  21285.55416680
    1973  21307.15002875
    1974  21328.75243702
    1975  21350.37051319
    1976  21371.99444738
    1977  21393.63477892
    1978  21415.28017690
    1979  21436.94282871
    1980  21458.60963807
    1981  21480.29466450
    1982  21501.98280485
    1983  21523.69028997
    1984  21545.39969290
    1985  21567.12970779
    1986  21588.86026993
    1987  21610.61292268
    1988  21632.36455569
    1989  21654.13993813
    1990  21675.91251027
    1991  21697.71075990
    1992  21719.50415880
    1993  21741.32539225
    1994  21763.13945221
    1995  21784.98384180
    1996  21806.81842294
    1997  21828.68611317
    1998  21850.54101108
    1999  21872.43221325
    2000  21894.30725930
    2001  21916.22214602
    2002  21938.11709519
    2003  21960.05591726
    2004  21981.97057618
    2005  22003.93352829
    2006  22025.86761585
    2007  22047.85498113
    2008  22069.80829345
    2009  22091.82027087
    2010  22113.79250697
    2011  22135.82939151
    2012  22157.82036829
    2013  22179.88232639
    2014  22201.89175676
    2015  22223.97905616
    2016  22246.00683246
    2017  22268.11954605
    2018  22290.16544664
    2019  22312.30376034
    2020  22334.36782752
    2021  22356.53164427
    2022  22378.61376772
    2023  22400.80315638
    2024  22422.90358426
    2025  22445.11823959
    2026  22467.23692259
    2027  22489.47689910
    2028  22511.61420383
    2029  22533.87914559
    2030  22556.03469243
    2031  22578.32518414
    2032  22600.49893498
    2033  22622.81527178
    2034  22645.00522458
    2035  22667.35018423
    2036  22689.55439169
    2037  22711.93079099
    2038  22734.14216853
    2039  22756.55933112
    2040  22778.77072544
    2041  22801.23796685
    2042  22823.42765772
    2043  22845.97328043
    2044  22868.12438645
    2045  22890.76891556
    2046  22912.80511906
    2047  22935.64673228
    2048  22957.81545482
 ---------------------------------------
 
SCF converged! Final Ground-State Energy (Eh):             -18.5266152432392985
