 
     Two-Electron DVR    
 ------------------------
 x0     =      15.00000000
 m      =       1.00000000
 Z      =       1.00000000
 n      =               32
 dx     =       0.96774194
 
Soft-Coulomb Parameters:
 alpha  =       1.00000000
 beta   =       0.01000000
 
 
                       Hartree-Fock                      
 --------------------------------------------------------
 no. of orbitals        =               32
 no. of electrons       =                2
 scf_damping_switch     =        T
 scf_diis_switch        =        F
 damping_factor         =   0.80000000
 e_tolerance            = 0.0000000000100000
 maximum scf-iterations =              200
 
 
                       SCF iterations                      
 ----------------------------------------------------------
    S.No    Energy (hartree)        dE (hartree)
 ----------------------------------------------------------
       0     -1.334440639773
       1      1.843692831931      3.178133471704
       2      1.042103361201      0.801589470730
       3      0.594732462159      0.447370899041
       4      0.354346224777      0.240386237382
       5      0.230662483328      0.123683741450
       6      0.169975046088      0.060687437239
       7      0.134504087026      0.035470959062
       8      0.109606677542      0.024897409485
       9      0.089883804004      0.019722873537
      10      0.073912542684      0.015971261320
      11      0.060488577818      0.013423964867
      12      0.049054294232      0.011434283586
      13      0.039266404352      0.009787889880
      14      0.030945010658      0.008321393694
      15      0.023923845764      0.007021164893
      16      0.018059857922      0.005863987842
      17      0.013202617967      0.004857239955
      18      0.009212499771      0.003990118196
      19      0.005955742728      0.003256757043
      20      0.003311859921      0.002643882807
      21      0.001174027029      0.002137832891
      22     -0.000549495737      0.001723522766
      23     -0.001936089883      0.001386594146
      24     -0.003049958404      0.001113868521
      25     -0.003943803717      0.000893845313
      26     -0.004660548977      0.000716745260
      27     -0.005234971310      0.000574422333
      28     -0.005695146888      0.000460175578
      29     -0.006063687114      0.000368540226
      30     -0.006358771505      0.000295084391
      31     -0.006594998877      0.000236227372
      32     -0.006784082425      0.000189083548
      33     -0.006935414044      0.000151331619
      34     -0.007056520684      0.000121106640
      35     -0.007153432410      0.000096911726
      36     -0.007230978676      0.000077546266
      37     -0.007293026488      0.000062047812
      38     -0.007342671647      0.000049645158
      39     -0.007382392194      0.000039720547
      40     -0.007414171460      0.000031779266
      41     -0.007439596683      0.000025425223
      42     -0.007459938020      0.000020341337
      43     -0.007476211831      0.000016273811
      44     -0.007489231354      0.000013019523
      45     -0.007499647277      0.000010415922
      46     -0.007507980209      0.000008332932
      47     -0.007514646679      0.000006666470
      48     -0.007519979935      0.000005333256
      49     -0.007524246591      0.000004266656
      50     -0.007527659948      0.000003413357
      51     -0.007530390654      0.000002730707
      52     -0.007532575233      0.000002184579
      53     -0.007534322904      0.000001747671
      54     -0.007535721047      0.000001398143
      55     -0.007536839565      0.000001118518
      56     -0.007537734381      0.000000894816
      57     -0.007538450235      0.000000715854
      58     -0.007539022920      0.000000572685
      59     -0.007539481068      0.000000458148
      60     -0.007539847587      0.000000366519
      61     -0.007540140802      0.000000293215
      62     -0.007540375375      0.000000234572
      63     -0.007540563033      0.000000187658
      64     -0.007540713159      0.000000150127
      65     -0.007540833261      0.000000120101
      66     -0.007540929342      0.000000096081
      67     -0.007541006207      0.000000076865
      68     -0.007541067699      0.000000061492
      69     -0.007541116892      0.000000049194
      70     -0.007541156247      0.000000039355
      71     -0.007541187731      0.000000031484
      72     -0.007541212918      0.000000025187
      73     -0.007541233067      0.000000020150
      74     -0.007541249187      0.000000016120
      75     -0.007541262083      0.000000012896
      76     -0.007541272400      0.000000010317
      77     -0.007541280653      0.000000008253
      78     -0.007541287256      0.000000006603
      79     -0.007541292538      0.000000005282
      80     -0.007541296763      0.000000004226
      81     -0.007541300144      0.000000003381
      82     -0.007541302848      0.000000002704
      83     -0.007541305012      0.000000002164
      84     -0.007541306743      0.000000001731
      85     -0.007541308127      0.000000001385
      86     -0.007541309235      0.000000001108
      87     -0.007541310121      0.000000000886
      88     -0.007541310830      0.000000000709
      89     -0.007541311397      0.000000000567
      90     -0.007541311851      0.000000000454
      91     -0.007541312214      0.000000000363
      92     -0.007541312505      0.000000000290
      93     -0.007541312737      0.000000000232
      94     -0.007541312923      0.000000000186
      95     -0.007541313071      0.000000000149
      96     -0.007541313190      0.000000000119
      97     -0.007541313286      0.000000000095
      98     -0.007541313362      0.000000000076
      99     -0.007541313423      0.000000000061
     100     -0.007541313471      0.000000000049
     101     -0.007541313510      0.000000000039
     102     -0.007541313541      0.000000000031
     103     -0.007541313566      0.000000000025
     104     -0.007541313586      0.000000000020
     105     -0.007541313602      0.000000000016
     106     -0.007541313615      0.000000000013
     107     -0.007541313625      0.000000000010
     108     -0.007541313633      0.000000000008
 ----------------------------------------------------------
  
 
 
 ---------------------------------------
     Molecular Orbital Energies (Eh)    
 ---------------------------------------
       1      0.32227820
       2      0.41072786
       3      0.44381209
       4      0.52226637
       5      0.56123958
       6      0.64857342
       7      0.70354490
       8      0.80148154
       9      0.87807632
      10      0.98852028
      11      1.08771625
      12      1.21240453
      13      1.33378658
      14      1.47410661
      15      1.61711777
      16      1.77398342
      17      1.93841557
      18      2.11228905
      19      2.29803917
      20      2.48897951
      21      2.69609766
      22      2.90405402
      23      3.13303548
      24      3.35823317
      25      3.60953985
      26      3.85270663
      27      4.12652486
      28      4.39150768
      29      4.68502989
      30      4.98638891
      31      5.27103713
      32      5.65694942
 ---------------------------------------
 
SCF converged! Final Ground-State Energy (Eh):              -0.0075413136334354
