 
     Two-Electron DVR    
 ------------------------
 x0     =      15.00000000
 m      =       1.00000000
 Z      =       5.00000000
 n      =              512
 dx     =       0.05870841
 
Soft-Coulomb Parameters:
 alpha  =       0.01000000
 beta   =       0.01000000
 
 
                       Hartree-Fock                      
 --------------------------------------------------------
 no. of orbitals        =              512
 no. of electrons       =                2
 scf_damping_switch     =        F
 scf_diis_switch        =        F
 damping_factor         =   0.00000000
 e_tolerance            = 0.0000000000100000
 maximum scf-iterations =              200
 
 
                       SCF iterations                      
 ----------------------------------------------------------
    S.No    Energy (hartree)        dE (hartree)
 ----------------------------------------------------------
       0    -58.807619474481
       1    -52.687391346495      6.120228127986
       2    -52.759417572273      0.072026225777
       3    -52.759613985503      0.000196413230
       4    -52.759614592055      0.000000606553
       5    -52.759614594125      0.000000002070
       6    -52.759614594133      0.000000000007
 ----------------------------------------------------------
  
 
 
 ---------------------------------------
     Molecular Orbital Energies (Eh)    
 ---------------------------------------
       1    -23.39353546
       2     -3.65587996
       3     -1.91402171
       4     -1.02202350
       5     -0.70292883
       6     -0.46962396
       7     -0.36120568
       8     -0.26589814
       9     -0.20710237
      10     -0.12625664
      11     -0.05281017
      12      0.05898074
      13      0.15723450
      14      0.29962436
      15      0.42080247
      16      0.59165031
      17      0.73468838
      18      0.93275237
      19      1.09708684
      20      1.32154920
      21      1.50687445
      22      1.75713314
      23      1.96329555
      24      2.23886860
      25      2.46581302
      26      2.76629036
      27      3.01402880
      28      3.33904683
      29      3.60763786
      30      3.95686567
      31      4.24639974
      32      4.61953180
      33      4.93012034
      34      5.32687258
      35      5.65863970
      36      6.07874747
      37      6.43182364
      38      6.87504057
      39      7.24955795
      40      7.71565528
      41      8.11174412
      42      8.60051016
      43      9.01829627
      44      9.52953595
      45      9.96913890
      46     10.50267317
      47     10.96420511
      48     11.51987036
      49     12.00343523
      50     12.58108263
      51     13.08677583
      52     13.68627059
      53     14.21417881
      54     14.83539942
      55     15.38560076
      56     16.02843822
      57     16.60100237
      58     17.26535935
      59     17.86034796
      60     18.54613808
      61     19.16360511
      62     19.87075209
      63     20.51074430
      64     21.23918125
      65     21.90173860
      66     22.65140726
      67     23.33656346
      68     24.10741352
      69     24.81519643
      70     25.60718487
      71     26.33761703
      72     27.15070747
      73     27.90380648
      74     28.73796860
      75     29.51374764
      76     30.36895666
      77     31.16742480
      78     32.04366090
      79     32.86482358
      80     33.76207149
      81     34.60593082
      82     35.52417930
      83     36.39073444
      84     37.32997597
      85     38.21922341
      86     39.17945368
      87     40.09138759
      88     41.07260527
      89     42.00721769
      90     43.00942402
      91     43.96670521
      92     44.98990379
      93     45.96984234
      94     47.01403875
      95     48.01662194
      96     49.08182362
      97     50.10703745
      98     51.19325334
      99     52.24108286
     100     53.34832333
     101     54.41875265
     102     55.54702918
     103     56.64004178
     104     57.78936692
     105     58.90494562
     106     60.07533270
     107     61.21345992
     108     62.40492305
     109     63.56558079
     110     64.77813459
     111     65.96130465
     112     67.19496430
     113     68.40062825
     114     69.65540920
     115     70.88354859
     116     72.15946666
     117     73.41006292
     118     74.70713403
     119     75.98016874
     120     77.29840902
     121     78.59386373
     122     79.93328927
     123     81.25114580
     124     82.61177278
     125     83.95201301
     126     85.33385745
     127     86.69646361
     128     88.09954153
     129     89.48449597
     130     90.90882315
     131     92.31610864
     132     93.76170076
     133     95.19130025
     134     96.65817269
     135     98.11006959
     136     99.59823760
     137    101.07241553
     138    102.58189397
     139    104.07833704
     140    105.60914064
     141    107.12783320
     142    108.67997622
     143    110.22090317
     144    111.79439973
     145    113.35754616
     146    114.95240988
     147    116.53776149
     148    118.15400584
     149    119.76154851
     150    121.39918643
     151    123.02890665
     152    124.68795093
     153    126.33983540
     154    128.02029827
     155    129.69433428
     156    131.39622784
     157    133.09240288
     158    134.81573863
     159    136.53404082
     160    138.27883015
     161    140.01924775
     162    141.78550147
     163    143.54802339
     164    145.33575217
     165    147.12036744
     166    148.92958138
     167    150.73627970
     168    152.56698878
     169    154.39575993
     170    156.24797354
     171    158.09880796
     172    159.97253543
     173    161.84542363
     174    163.74067364
     175    165.63560681
     176    167.55238802
     177    169.46935738
     178    171.40767781
     179    173.34667525
     180    175.30654292
     181    177.26756033
     182    179.24898261
     183    181.23201257
     184    183.23499686
     185    185.24003191
     186    187.26458494
     187    189.29161833
     188    191.33774692
     189    193.38677180
     190    195.45448205
     191    197.52549232
     192    199.61479048
     193    201.70777988
     194    203.81867147
     195    205.93363451
     196    208.06612521
     197    210.20305622
     198    212.35715097
     199    214.51604505
     200    216.69174901
     201    218.87260103
     202    221.06991858
     203    223.27272423
     204    225.49166000
     205    227.71641467
     206    229.95697252
     207    232.20367244
     208    234.46585651
     209    236.73449760
     210    239.01831119
     211    241.30889022
     212    243.61433702
     213    245.92685039
     214    248.25393317
     215    250.58837819
     216    252.93710017
     217    255.29347371
     218    257.66383716
     219    260.04213705
     220    262.43414475
     221    264.83436830
     222    267.24802201
     223    269.67016758
     224    272.10546963
     225    274.54953500
     226    277.00648664
     227    279.47247066
     228    281.95107381
     229    284.43897469
     230    286.93923011
     231    289.44904722
     232    291.97095638
     233    294.50268835
     234    297.04625153
     235    299.59989824
     236    302.16511649
     237    304.74067701
     238    307.32755008
     239    309.92502481
     240    312.53355334
     241    315.15294177
     242    317.78312500
     243    320.42442805
     244    323.07626619
     245    325.73948378
     246    328.41297557
     247    331.09810915
     248    333.79325434
     249    336.50030428
     250    339.21710107
     251    341.94606937
     252    344.68451710
     253    347.43540457
     254    350.19550085
     255    352.96831006
     256    355.75005378
     257    358.54478600
     258    361.34817421
     259    364.16483261
     260    366.98986372
     261    369.82845004
     262    372.67512049
     263    375.53563851
     264    378.40394622
     265    381.28639819
     266    384.17633896
     267    387.08072932
     268    389.99230057
     269    392.91863207
     270    395.85182890
     271    398.80010670
     272    401.75492600
     273    404.72515338
     274    407.70158953
     275    410.69377239
     276    413.69182170
     277    416.70596392
     278    419.72562000
     279    422.76172825
     280    425.80298682
     281    428.86106559
     282    431.92391940
     283    435.00397624
     284    438.08842038
     285    441.19046042
     286    444.29648674
     287    447.42051845
     288    450.54812134
     289    453.69415056
     290    456.84332090
     291    460.01135710
     292    463.18208854
     293    466.37213832
     294    469.56442067
     295    472.77649457
     296    475.99032069
     297    479.22442612
     298    482.45978468
     299    485.71593337
     300    488.97281634
     301    492.25101660
     302    495.52941140
     303    498.82967623
     304    502.12957389
     305    505.45191256
     306    508.77329914
     307    512.11772603
     308    515.46059153
     309    518.82711699
     310    522.19144598
     311    525.58008590
     312    528.96586725
     313    532.37663313
     314    535.78384977
     315    539.21675919
     316    542.64539877
     317    546.10046445
     318    549.55050812
     319    553.02774949
     320    556.49918355
     321    559.99861470
     322    563.49141834
     323    567.01306071
     324    570.52721874
     325    574.07108793
     326    577.60657740
     327    581.17269704
     328    584.72950116
     329    588.31788851
     330    591.89598193
     331    595.50666305
     332    599.10602721
     333    602.73902117
     334    606.35962813
     335    610.01496366
     336    613.65679290
     337    617.33449105
     338    620.99751176
     339    624.69760422
     340    628.38179373
     341    632.10430374
     342    635.80962808
     343    639.55459055
     344    643.28102470
     345    647.04846528
     346    650.79597178
     347    654.58592897
     348    658.35448020
     349    662.16698230
     350    665.95653693
     351    669.79162638
     352    673.60215396
     353    677.45986197
     354    681.29131692
     355    685.17169028
     356    689.02403901
     357    692.92711214
     358    696.80030436
     359    700.72612888
     360    704.62012755
     361    708.56874139
     362    712.48349101
     363    716.45495112
     364    720.39041089
     365    724.38475906
     366    728.34086772
     367    732.35816679
     368    736.33487936
     369    740.37517539
     370    744.37242427
     371    748.43578659
     372    752.45352222
     373    756.54000157
     374    760.57814932
     375    764.68782222
     376    768.74632751
     377    772.87924984
     378    776.95803025
     379    781.11428650
     380    785.21328196
     381    789.39293360
     382    793.51205309
     383    797.71519344
     384    801.85437086
     385    806.08106753
     386    810.24020236
     387    814.49055838
     388    818.66957795
     389    822.94366765
     390    827.14246091
     391    831.44039809
     392    835.65888522
     393    839.98075150
     394    844.21880986
     395    848.56473090
     396    852.82227287
     397    857.19233822
     398    861.46922837
     399    865.86357680
     400    870.15971910
     401    874.57844872
     402    878.89369360
     403    883.33695760
     404    887.67120002
     405    892.13910570
     406    896.49218055
     407    900.98489698
     408    905.35668954
     409    909.87433386
     410    914.26466195
     411    918.80742064
     412    923.21615932
     413    927.78415990
     414    932.21110826
     415    936.80455633
     416    941.24957869
     417    945.86861262
     418    950.33148762
     419    954.97633388
     420    959.45691474
     421    964.12772292
     422    968.62576593
     423    973.32278524
     424    977.83813237
     425    982.56152374
     426    987.09390702
     427    991.84394434
     428    996.39319456
     429   1001.17004995
     430   1005.73587286
     431   1010.53984696
     432   1015.12206265
     433   1019.95333822
     434   1024.55162399
     435   1029.41053055
     436   1034.02469679
     437   1038.91142669
     438   1043.54111998
     439   1048.45603391
     440   1053.10105648
     441   1058.04435471
     442   1062.70431997
     443   1067.67639688
     444   1072.35110121
     445   1077.35216258
     446   1082.04118329
     447   1087.07166020
     448   1091.77479090
     449   1096.83489146
     450   1101.55166969
     451   1106.64186555
     452   1111.37208609
     453   1116.49258371
     454   1121.23573922
     455   1126.38705632
     456   1131.14294731
     457   1136.32528423
     458   1141.09335080
     459   1146.30727969
     460   1151.08733295
     461   1156.33304348
     462   1161.12445886
     463   1166.40259099
     464   1171.20519452
     465   1176.51592364
     466   1181.32900645
     467   1186.67306205
     468   1191.49646771
     469   1196.87400968
     470   1201.70691302
     471   1207.11879596
     472   1211.96105698
     473   1217.40742883
     474   1222.25805389
     475   1227.73995232
     476   1232.59881056
     477   1238.11638291
     478   1242.98222772
     479   1248.53678877
     480   1253.40948211
     481   1259.00120145
     482   1263.87910682
     483   1269.50972901
     484   1274.39267384
     485   1280.06242858
     486   1284.94816270
     487   1290.65947510
     488   1295.54775488
     489   1301.30096863
     490   1306.18855460
     491   1311.98720071
     492   1316.87374635
     493   1322.71834551
     494   1327.59895617
     495   1333.49491346
     496   1338.36916488
     497   1344.31721740
     498   1349.17725972
     499   1355.18623434
     500   1360.03184189
     501   1366.10258124
     502   1370.91996941
     503   1377.06845971
     504   1381.85901758
     505   1388.08535908
     506   1392.82042036
     507   1399.16010816
     508   1403.85172665
     509   1410.29810715
     510   1414.85626009
     511   1421.54781066
     512   1426.21950532
 ---------------------------------------
 
SCF converged! Final Ground-State Energy (Eh):             -52.7596145941325716
