 
     Two-Electron DVR    
 ------------------------
 x0     =      15.00000000
 m      =       1.00000000
 Z      =       1.00000000
 n      =             1024
 dx     =       0.02932551
 
Soft-Coulomb Parameters:
 alpha  =       1.00000000
 beta   =       0.10000000
 
 
                       Hartree-Fock                      
 --------------------------------------------------------
 no. of orbitals        =             1024
 no. of electrons       =                2
 scf_damping_switch     =        T
 scf_diis_switch        =        F
 damping_factor         =   0.50000000
 e_tolerance            = 0.0000000000100000
 maximum scf-iterations =              200
 
 
                       SCF iterations                      
 ----------------------------------------------------------
    S.No    Energy (hartree)        dE (hartree)
 ----------------------------------------------------------
       0     -1.339554276428
       1     -0.089673702717      1.249880573711
       2     -0.206003249582      0.116329546865
       3     -0.298960277579      0.092957027997
       4     -0.347819144156      0.048858866577
       5     -0.376979926073      0.029160781916
       6     -0.393126840165      0.016146914093
       7     -0.401662926272      0.008536086107
       8     -0.406060946174      0.004398019902
       9     -0.408295659839      0.002234713666
      10     -0.409422689134      0.001127029295
      11     -0.409988804947      0.000566115813
      12     -0.410272559658      0.000283754711
      13     -0.410414623538      0.000142063880
      14     -0.410485705505      0.000071081966
      15     -0.410521259967      0.000035554462
      16     -0.410539040857      0.000017780890
      17     -0.410547932305      0.000008891448
      18     -0.410552378308      0.000004446003
      19     -0.410554601389      0.000002223080
      20     -0.410555712951      0.000001111562
      21     -0.410556268739      0.000000555788
      22     -0.410556546635      0.000000277896
      23     -0.410556685584      0.000000138949
      24     -0.410556755058      0.000000069474
      25     -0.410556789796      0.000000034738
      26     -0.410556807164      0.000000017369
      27     -0.410556815848      0.000000008684
      28     -0.410556820191      0.000000004342
      29     -0.410556822362      0.000000002171
      30     -0.410556823447      0.000000001085
      31     -0.410556823990      0.000000000543
      32     -0.410556824262      0.000000000272
      33     -0.410556824397      0.000000000135
      34     -0.410556824465      0.000000000068
      35     -0.410556824499      0.000000000034
      36     -0.410556824516      0.000000000017
      37     -0.410556824524      0.000000000008
 ----------------------------------------------------------
  
 
 
 ---------------------------------------
     Molecular Orbital Energies (Eh)    
 ---------------------------------------
       1      0.08190177
       2      0.20254649
       3      0.21902666
       4      0.32741656
       5      0.35366887
       6      0.46855760
       7      0.51571933
       8      0.63688811
       9      0.71264118
      10      0.84266675
      11      0.94756286
      12      1.09043476
      13      1.22227734
      14      1.38129457
      15      1.53799321
      16      1.71530126
      17      1.89550805
      18      2.09242592
      19      2.29535162
      20      2.51267599
      21      2.73787628
      22      2.97609434
      23      3.22332194
      24      3.48273613
      25      3.75185593
      26      4.03265848
      27      4.32359862
      28      4.62591451
      29      4.93863902
      30      5.26255171
      31      5.59704481
      32      5.94261152
      33      6.29886872
      34      6.66612979
      35      7.04415269
      36      7.43313737
      37      7.83293072
      38      8.24366084
      39      8.66523083
      40      9.09772310
      41      9.54107637
      42      9.99534394
      43     10.46048711
      44     10.93654052
      45     11.42347986
      46     11.92132778
      47     12.43006909
      48     12.94971876
      49     13.48026736
      50     14.02172487
      51     14.57408557
      52     15.13735618
      53     15.71153330
      54     16.29662154
      55     16.89261897
      56     17.49952881
      57     18.11735002
      58     18.74608493
      59     19.38573306
      60     20.03629612
      61     20.69777397
      62     21.37016791
      63     22.05347799
      64     22.74770523
      65     23.45284981
      66     24.16891254
      67     24.89589365
      68     25.63379381
      69     26.38261328
      70     27.14235263
      71     27.91301212
      72     28.69459224
      73     29.48709325
      74     30.29051556
      75     31.10485943
      76     31.93012524
      77     32.76631320
      78     33.61342366
      79     34.47145682
      80     35.34041300
      81     36.22029238
      82     37.11109524
      83     38.01282175
      84     38.92547217
      85     39.84904665
      86     40.78354543
      87     41.72896863
      88     42.68531650
      89     43.65258912
      90     44.63078674
      91     45.61990942
      92     46.61995739
      93     47.63093071
      94     48.65282959
      95     49.68565409
      96     50.72940438
      97     51.78408053
      98     52.84968270
      99     53.92621095
     100     55.01366543
     101     56.11204618
     102     57.22135336
     103     58.34158698
     104     59.47274722
     105     60.61483406
     106     61.76784768
     107     62.93178807
     108     64.10665537
     109     65.29244958
     110     66.48917085
     111     67.69681914
     112     68.91539463
     113     70.14489726
     114     71.38532721
     115     72.63668440
     116     73.89896901
     117     75.17218097
     118     76.45632045
     119     77.75138737
     120     79.05738190
     121     80.37430396
     122     81.70215371
     123     83.04093107
     124     84.39063620
     125     85.75126901
     126     87.12282966
     127     88.50531805
     128     89.89873435
     129     91.30307846
     130     92.71835054
     131     94.14455049
     132     95.58167846
     133     97.02973434
     134     98.48871831
     135     99.95863024
     136    101.43947030
     137    102.93123836
     138    104.43393461
     139    105.94755890
     140    107.47211141
     141    109.00759200
     142    110.55400086
     143    112.11133782
     144    113.67960310
     145    115.25879651
     146    116.84891826
     147    118.44996819
     148    120.06194648
     149    121.68485298
     150    123.31868788
     151    124.96345100
     152    126.61914254
     153    128.28576234
     154    129.96331059
     155    131.65178711
     156    133.35119211
     157    135.06152540
     158    136.78278719
     159    138.51497728
     160    140.25809591
     161    142.01214285
     162    143.77711834
     163    145.55302216
     164    147.33985455
     165    149.13761529
     166    150.94630462
     167    152.76592231
     168    154.59646860
     169    156.43794326
     170    158.29034654
     171    160.15367821
     172    162.02793851
     173    163.91312720
     174    165.80924455
     175    167.71629030
     176    169.63426471
     177    171.56316753
     178    173.50299903
     179    175.45375894
     180    177.41544755
     181    179.38806458
     182    181.37161032
     183    183.36608448
     184    185.37148736
     185    187.38781867
     186    189.41507872
     187    191.45326719
     188    193.50238442
     189    195.56243008
     190    197.63340449
     191    199.71530735
     192    201.80813897
     193    203.91189904
     194    206.02658788
     195    208.15220517
     196    210.28875125
     197    212.43622578
     198    214.59462910
     199    216.76396087
     200    218.94422145
     201    221.13541048
     202    223.33752833
     203    225.55057463
     204    227.77454976
     205    230.00945334
     206    232.25528575
     207    234.51204663
     208    236.77973634
     209    239.05835451
     210    241.34790153
     211    243.64837701
     212    245.95978134
     213    248.28211413
     214    250.61537579
     215    252.95956591
     216    255.31468490
     217    257.68073235
     218    260.05770868
     219    262.44561348
     220    264.84444716
     221    267.25420929
     222    269.67490033
     223    272.10651982
     224    274.54906822
     225    277.00254508
     226    279.46695084
     227    281.94228507
     228    284.42854821
     229    286.92573981
     230    289.43386033
     231    291.95290932
     232    294.48288723
     233    297.02379360
     234    299.57562891
     235    302.13839267
     236    304.71208539
     237    307.29670655
     238    309.89225667
     239    312.49873524
     240    315.11614278
     241    317.74447876
     242    320.38374372
     243    323.03393712
     244    325.69505950
     245    328.36711032
     246    331.05009014
     247    333.74399839
     248    336.44883564
     249    339.16460133
     250    341.89129602
     251    344.62891915
     252    347.37747129
     253    350.13695187
     254    352.90736146
     255    355.68869949
     256    358.48096654
     257    361.28416203
     258    364.09828655
     259    366.92333949
     260    369.75932148
     261    372.60623190
     262    375.46407136
     263    378.33283925
     264    381.21253620
     265    384.10316156
     266    387.00471599
     267    389.91719884
     268    392.84061077
     269    395.77495110
     270    398.72022053
     271    401.67641836
     272    404.64354528
     273    407.62160061
     274    410.61058505
     275    413.61049788
     276    416.62133983
     277    419.64311018
     278    422.67580964
     279    425.71943750
     280    428.77399449
     281    431.83947987
     282    434.91589439
     283    438.00323730
     284    441.10150935
     285    444.21070979
     286    447.33083939
     287    450.46189736
     288    453.60388450
     289    456.75680002
     290    459.92064471
     291    463.09541777
     292    466.28112002
     293    469.47775064
     294    472.68531045
     295    475.90379862
     296    479.13321600
     297    482.37356174
     298    485.62483669
     299    488.88704000
     300    492.16017253
     301    495.44423341
     302    498.73922352
     303    502.04514198
     304    505.36198969
     305    508.68976574
     306    512.02847103
     307    515.37810467
     308    518.73866757
     309    522.11015881
     310    525.49257931
     311    528.88592815
     312    532.29020627
     313    535.70541272
     314    539.13154845
     315    542.56861251
     316    546.01660587
     317    549.47552755
     318    552.94537854
     319    556.42615785
     320    559.91786647
     321    563.42050341
     322    566.93406968
     323    570.45856425
     324    573.99398817
     325    577.54034038
     326    581.09762195
     327    584.66583181
     328    588.24497104
     329    591.83503856
     330    595.43603545
     331    599.04796063
     332    602.67081519
     333    606.30459804
     334    609.94931028
     335    613.60495080
     336    617.27152072
     337    620.94901892
     338    624.63744653
     339    628.33680242
     340    632.04708773
     341    635.76830130
     342    639.50044431
     343    643.24351558
     344    646.99751630
     345    650.76244527
     346    654.53830371
     347    658.32509039
     348    662.12280654
     349    665.93145094
     350    669.75102482
     351    673.58152694
     352    677.42295856
     353    681.27531841
     354    685.13860777
     355    689.01282535
     356    692.89797245
     357    696.79404777
     358    700.70105263
     359    704.61898570
     360    708.54784832
     361    712.48763914
     362    716.43835953
     363    720.40000811
     364    724.37258627
     365    728.35609262
     366    732.35052856
     367    736.35589268
     368    740.37218641
     369    744.39940831
     370    748.43755983
     371    752.48663952
     372    756.54664884
     373    760.61758633
     374    764.69945345
     375    768.79224874
     376    772.89597368
     377    777.01062677
     378    781.13620953
     379    785.27272044
     380    789.42016102
     381    793.57852975
     382    797.74782818
     383    801.92805473
     384    806.11921100
     385    810.32129539
     386    814.53430950
     387    818.75825173
     388    822.99312370
     389    827.23892378
     390    831.49565362
     391    835.76331155
     392    840.04189926
     393    844.33141506
     394    848.63186064
     395    852.94323431
     396    857.26553778
     397    861.59876932
     398    865.94293068
     399    870.29802012
     400    874.66403937
     401    879.04098670
     402    883.42886386
     403    887.82766909
     404    892.23740417
     405    896.65806730
     406    901.08966030
     407    905.53218134
     408    909.98563227
     409    914.45001124
     410    918.92532011
     411    923.41155700
     412    927.90872381
     413    932.41681864
     414    936.93584341
     415    941.46579618
     416    946.00667891
     417    950.55848963
     418    955.12123033
     419    959.69489901
     420    964.27949768
     421    968.87502433
     422    973.48148098
     423    978.09886560
     424    982.72718025
     425    987.36642285
     426    992.01659550
     427    996.67769609
     428   1001.34972674
     429   1006.03268533
     430   1010.72657400
     431   1015.43139060
     432   1020.14713729
     433   1024.87381189
     434   1029.61141662
     435   1034.35994924
     436   1039.11941200
     437   1043.88980266
     438   1048.67112347
     439   1053.46337217
     440   1058.26655103
     441   1063.08065777
     442   1067.90569470
     443   1072.74165949
     444   1077.58855449
     445   1082.44637734
     446   1087.31513042
     447   1092.19481134
     448   1097.08542251
     449   1101.98696151
     450   1106.89943077
     451   1111.82282786
     452   1116.75715523
     453   1121.70241041
     454   1126.65859589
     455   1131.62570917
     456   1136.60375278
     457   1141.59272417
     458   1146.59262590
     459   1151.60345541
     460   1156.62521529
     461   1161.65790292
     462   1166.70152095
     463   1171.75606672
     464   1176.82154290
     465   1181.89794681
     466   1186.98528116
     467   1192.08354323
     468   1197.19273574
     469   1202.31285597
     470   1207.44390667
     471   1212.58588507
     472   1217.73879396
     473   1222.90263054
     474   1228.07739763
     475   1233.26309239
     476   1238.45971769
     477   1243.66727065
     478   1248.88575417
     479   1254.11516533
     480   1259.35550708
     481   1264.60677645
     482   1269.86897643
     483   1275.14210403
     484   1280.42616225
     485   1285.72114808
     486   1291.02706456
     487   1296.34390862
     488   1301.67168337
     489   1307.01038568
     490   1312.36001869
     491   1317.72057926
     492   1323.09207056
     493   1328.47448939
     494   1333.86783898
     495   1339.27211608
     496   1344.68732397
     497   1350.11345936
     498   1355.55052556
     499   1360.99851924
     500   1366.45744375
     501   1371.92729574
     502   1377.40807858
     503   1382.89978888
     504   1388.40243005
     505   1393.91599867
     506   1399.44049819
     507   1404.97592514
     508   1410.52228301
     509   1416.07956830
     510   1421.64778454
     511   1427.22692817
     512   1432.81700279
     513   1438.41800477
     514   1444.02993777
     515   1449.65279813
     516   1455.28658952
     517   1460.93130825
     518   1466.58695805
     519   1472.25353516
     520   1477.93104337
     521   1483.61947887
     522   1489.31884551
     523   1495.02913941
     524   1500.75036448
     525   1506.48251680
     526   1512.22560031
     527   1517.97961105
     528   1523.74455301
     529   1529.52042218
     530   1535.30722260
     531   1541.10495021
     532   1546.91360910
     533   1552.73319517
     534   1558.56371254
     535   1564.40515706
     536   1570.25753293
     537   1576.12083592
     538   1581.99507028
     539   1587.88023175
     540   1593.77632463
     541   1599.68334458
     542   1605.60129598
     543   1611.53017444
     544   1617.46998436
     545   1623.42072132
     546   1629.38238979
     547   1635.35498527
     548   1641.33851229
     549   1647.33296630
     550   1653.33835187
     551   1659.35466442
     552   1665.38190857
     553   1671.42007966
     554   1677.46918239
     555   1683.52921203
     556   1689.60017335
     557   1695.68206156
     558   1701.77488148
     559   1707.87862827
     560   1713.99330680
     561   1720.11891217
     562   1726.25544933
     563   1732.40291329
     564   1738.56130908
     565   1744.73063165
     566   1750.91088608
     567   1757.10206727
     568   1763.30418035
     569   1769.51722016
     570   1775.74119190
     571   1781.97609034
     572   1788.22192076
     573   1794.47867784
     574   1800.74636694
     575   1807.02498268
     576   1813.31453048
     577   1819.61500488
     578   1825.92641138
     579   1832.24874446
     580   1838.58200967
     581   1844.92620143
     582   1851.28132536
     583   1857.64737582
     584   1864.02435849
     585   1870.41226765
     586   1876.81110906
     587   1883.22087693
     588   1889.64157711
     589   1896.07320370
     590   1902.51576264
     591   1908.96924796
     592   1915.43366568
     593   1921.90900975
     594   1928.39528625
     595   1934.89248907
     596   1941.40062437
     597   1947.91968595
     598   1954.44968006
     599   1960.99060042
     600   1967.54245335
     601   1974.10523248
     602   1980.67894424
     603   1987.26358217
     604   1993.85915277
     605   2000.46564950
     606   2007.08307894
     607   2013.71143449
     608   2020.35072280
     609   2027.00093716
     610   2033.66208434
     611   2040.33415754
     612   2047.01716360
     613   2053.71109563
     614   2060.41596059
     615   2067.13175147
     616   2073.85847533
     617   2080.59612508
     618   2087.34470785
     619   2094.10421647
     620   2100.87465816
     621   2107.65602566
     622   2114.44832629
     623   2121.25155268
     624   2128.06571225
     625   2134.89079754
     626   2141.72681606
     627   2148.57376027
     628   2155.43163776
     629   2162.30044088
     630   2169.18017734
     631   2176.07083939
     632   2182.97243485
     633   2189.88495583
     634   2196.80841028
     635   2203.74279022
     636   2210.68810367
     637   2217.64434257
     638   2224.61151504
     639   2231.58961290
     640   2238.57864440
     641   2245.57860124
     642   2252.58949178
     643   2259.61130760
     644   2266.64405719
     645   2273.68773201
     646   2280.74234066
     647   2287.80787448
     648   2294.88434220
     649   2301.97173503
     650   2309.07006183
     651   2316.17931368
     652   2323.29949957
     653   2330.43061046
     654   2337.57265545
     655   2344.72562538
     656   2351.88952947
     657   2359.06435845
     658   2366.25012167
     659   2373.44680971
     660   2380.65443205
     661   2387.87297916
     662   2395.10246065
     663   2402.34286683
     664   2409.59420747
     665   2416.85647273
     666   2424.12967253
     667   2431.41379689
     668   2438.70885586
     669   2446.01483932
     670   2453.33175747
     671   2460.65960004
     672   2467.99837738
     673   2475.34807907
     674   2482.70871561
     675   2490.08027643
     676   2497.46277217
     677   2504.85619212
     678   2512.26054709
     679   2519.67582619
     680   2527.10204038
     681   2534.53917863
     682   2541.98725205
     683   2549.44624946
     684   2556.91618214
     685   2564.39703871
     686   2571.88883064
     687   2579.39154639
     688   2586.90519759
     689   2594.42977252
     690   2601.96528299
     691   2609.51171711
     692   2617.06908686
     693   2624.63738018
     694   2632.21660922
     695   2639.80676175
     696   2647.40785009
     697   2655.01986183
     698   2662.64280948
     699   2670.27668043
     700   2677.92148740
     701   2685.57721758
     702   2693.24388387
     703   2700.92147328
     704   2708.60999891
     705   2716.30944756
     706   2724.01983253
     707   2731.74114042
     708   2739.47338474
     709   2747.21655188
     710   2754.97065556
     711   2762.73568196
     712   2770.51164500
     713   2778.29853066
     714   2786.09635307
     715   2793.90509800
     716   2801.72477979
     717   2809.55538399
     718   2817.39692517
     719   2825.24938865
     720   2833.11278923
     721   2840.98711198
     722   2848.87237197
     723   2856.76855401
     724   2864.67567340
     725   2872.59371473
     726   2880.52269354
     727   2888.46259416
     728   2896.41343239
     729   2904.37519232
     730   2912.34788997
     731   2920.33150920
     732   2928.32606629
     733   2936.33154482
     734   2944.34796135
     735   2952.37529919
     736   2960.41357517
     737   2968.46277231
     738   2976.52290774
     739   2984.59396420
     740   2992.67595909
     741   3000.76887486
     742   3008.87272921
     743   3016.98750430
     744   3025.11321811
     745   3033.24985252
     746   3041.39742580
     747   3049.55591953
     748   3057.72535229
     749   3065.90570533
     750   3074.09699757
     751   3082.29920993
     752   3090.51236165
     753   3098.73643333
     754   3106.97144453
     755   3115.21737553
     756   3123.47424623
     757   3131.74203654
     758   3140.02076673
     759   3148.31041636
     760   3156.61100604
     761   3164.92251498
     762   3173.24496415
     763   3181.57833241
     764   3189.92264108
     765   3198.27786864
     766   3206.64403681
     767   3215.02112368
     768   3223.40915135
     769   3231.80809752
     770   3240.21798469
     771   3248.63879015
     772   3257.07053682
     773   3265.51320157
     774   3273.96680774
     775   3282.43133178
     776   3290.90679745
     777   3299.39318077
     778   3307.89050593
     779   3316.39874852
     780   3324.91793318
     781   3333.44803504
     782   3341.98907919
     783   3350.54104031
     784   3359.10394395
     785   3367.67776431
     786   3376.26252745
     787   3384.85820704
     788   3393.46482966
     789   3402.08236849
     790   3410.71085058
     791   3419.35024862
     792   3428.00059020
     793   3436.66184744
     794   3445.33404848
     795   3454.01716492
     796   3462.71122542
     797   3471.41620104
     798   3480.13212100
     799   3488.85895578
     800   3497.59673519
     801   3506.34542911
     802   3515.10506797
     803   3523.87562102
     804   3532.65711931
     805   3541.44953148
     806   3550.25288919
     807   3559.06716045
     808   3567.89237757
     809   3576.72850791
     810   3585.57558444
     811   3594.43357383
     812   3603.30250974
     813   3612.18235817
     814   3621.07315346
     815   3629.97486089
     816   3638.88751555
     817   3647.81108197
     818   3656.74559598
     819   3665.69102135
     820   3674.64739469
     821   3683.61467900
     822   3692.59291166
     823   3701.58205487
     824   3710.58214683
     825   3719.59314891
     826   3728.61510015
     827   3737.64796107
     828   3746.69177158
     829   3755.74649131
     830   3764.81216106
     831   3773.88873956
     832   3782.97626853
     833   3792.07470576
     834   3801.18409394
     835   3810.30438986
     836   3819.43563721
     837   3828.57779179
     838   3837.73089829
     839   3846.89491149
     840   3856.06987711
     841   3865.25574887
     842   3874.45257359
     843   3883.66030387
     844   3892.87898765
     845   3902.10857641
     846   3911.34911923
     847   3920.60056640
     848   3929.86296822
     849   3939.13627376
     850   3948.42053455
     851   3957.71569840
     852   3967.02181812
     853   3976.33884022
     854   3985.66681884
     855   3995.00569913
     856   4004.35553660
     857   4013.71627501
     858   4023.08797130
     859   4032.47056777
     860   4041.86412282
     861   4051.26857728
     862   4060.68399106
     863   4070.11030342
     864   4079.54757589
     865   4088.99574608
     866   4098.45487717
     867   4107.92490512
     868   4117.40589479
     869   4126.89778040
     870   4136.40062859
     871   4145.91437178
     872   4155.43907844
     873   4164.97467910
     874   4174.52124418
     875   4184.07870222
     876   4193.64712564
     877   4203.22644096
     878   4212.81672267
     879   4222.41789515
     880   4232.03003508
     881   4241.65306462
     882   4251.28706270
     883   4260.93194917
     884   4270.58780532
     885   4280.25454861
     886   4289.93226276
     887   4299.62086272
     888   4309.32043479
     889   4319.03089130
     890   4328.75232121
     891   4338.48463410
     892   4348.22792176
     893   4357.98209090
     894   4367.74723623
     895   4377.52326145
     896   4387.31026434
     897   4397.10814548
     898   4406.91700585
     899   4416.73674272
     900   4426.56746045
     901   4436.40905288
     902   4446.26162788
     903   4456.12507566
     904   4465.99950781
     905   4475.88481074
     906   4485.78109993
     907   4495.68825779
     908   4505.60640390
     909   4515.53541646
     910   4525.47541937
     911   4535.42628639
     912   4545.38814596
     913   4555.36086719
     914   4565.34458329
     915   4575.33915846
     916   4585.34473094
     917   4595.36115976
     918   4605.38858849
     919   4615.42687066
     920   4625.47615547
     921   4635.53629068
     922   4645.60743142
     923   4655.68941932
     924   4665.78241583
     925   4675.88625607
     926   4686.00110817
     927   4696.12680036
     928   4706.26350788
     929   4716.41105162
     930   4726.56961438
     931   4736.73900924
     932   4746.91942704
     933   4757.11067256
     934   4767.31294520
     935   4777.52604090
     936   4787.75016818
     937   4797.98511353
     938   4808.23109524
     939   4818.48788969
     940   4828.75572561
     941   4839.03436855
     942   4849.32405845
     943   4859.62454925
     944   4869.93609291
     945   4880.25843088
     946   4890.59182806
     947   4900.93601245
     948   4911.29126290
     949   4921.65729293
     950   4932.03439640
     951   4942.42227121
     952   4952.82122746
     953   4963.23094609
     954   4973.65175486
     955   4984.08331633
     956   4994.52597737
     957   5004.97938056
     958   5015.44389360
     959   5025.91913735
     960   5036.40550215
     961   5046.90258512
     962   5057.41080142
     963   5067.92972221
     964   5078.45978980
     965   5089.00054680
     966   5099.55246542
     967   5110.11505697
     968   5120.68882646
     969   5131.27325060
     970   5141.86887069
     971   5152.47512542
     972   5163.09259604
     973   5173.72067894
     974   5184.35999981
     975   5195.00990850
     976   5205.67107965
     977   5216.34281112
     978   5227.02583219
     979   5237.71938367
     980   5248.42425481
     981   5259.13962257
     982   5269.86634313
     983   5280.60352414
     984   5291.35209426
     985   5302.11108404
     986   5312.88150219
     987   5323.66229801
     988   5334.45456390
     989   5345.25716084
     990   5356.07127055
     991   5366.89566777
     992   5377.73161910
     993   5388.57781273
     994   5399.43559559
     995   5410.30359098
     996   5421.18319721
     997   5432.07299604
     998   5442.97440007
     999   5453.88602474
    1000   5464.80920189
    1001   5475.74267172
    1002   5486.68755913
    1003   5497.64293866
    1004   5508.60947057
    1005   5519.58682480
    1006   5530.57485570
    1007   5541.57433946
    1008   5552.58371890
    1009   5563.60548539
    1010   5574.63593055
    1011   5585.68024864
    1012   5596.73154423
    1013   5607.79855615
    1014   5618.87053850
    1015   5629.96001489
    1016   5641.05336964
    1017   5652.16365401
    1018   5663.28197163
    1019   5674.40536206
    1020   5685.56021111
    1021   5696.67558469
    1022   5707.92108514
    1023   5718.92684959
    1024   5730.47674102
 ---------------------------------------
 
SCF converged! Final Ground-State Energy (Eh):              -0.4105568245242494
