 
     Two-Electron DVR    
 ------------------------
 x0     =      15.00000000
 m      =       1.00000000
 Z      =       5.00000000
 n      =              128
 dx     =       0.23622047
 
Soft-Coulomb Parameters:
 alpha  =       0.10000000
 beta   =       1.00000000
 
 
                       Hartree-Fock                      
 --------------------------------------------------------
 no. of orbitals        =              128
 no. of electrons       =                2
 scf_damping_switch     =        F
 scf_diis_switch        =        F
 damping_factor         =   0.00000000
 e_tolerance            = 0.0000000000100000
 maximum scf-iterations =              200
 
 
                       SCF iterations                      
 ----------------------------------------------------------
    S.No    Energy (hartree)        dE (hartree)
 ----------------------------------------------------------
       0    -22.705632639451
       1    -21.767418793397      0.938213846054
       2    -21.767749335202      0.000330541805
       3    -21.767751490683      0.000002155481
       4    -21.767751504936      0.000000014253
       5    -21.767751505031      0.000000000095
       6    -21.767751505032      0.000000000001
 ----------------------------------------------------------
  
 
 
 ---------------------------------------
     Molecular Orbital Energies (Eh)    
 ---------------------------------------
       1    -10.41510392
       2     -3.87246146
       3     -1.87455783
       4     -1.06455837
       5     -0.68859588
       6     -0.47955387
       7     -0.35452536
       8     -0.27001452
       9     -0.20322405
      10     -0.13253604
      11     -0.05006438
      12      0.04786221
      13      0.15827337
      14      0.28321779
      15      0.41936335
      16      0.56945369
      17      0.73000742
      18      0.90418182
      19      1.08837683
      20      1.28596598
      21      1.49331228
      22      1.71384911
      23      1.94401909
      24      2.18715879
      25      2.43992182
      26      2.70538954
      27      2.98058771
      28      3.26816262
      29      3.56568097
      30      3.87517073
      31      4.19493592
      32      4.52618016
      33      4.86813772
      34      5.22098717
      35      5.58511144
      36      5.95944074
      37      6.34571179
      38      6.74139631
      39      7.14981880
      40      7.56675461
      41      7.99733099
      42      8.43540607
      43      8.88816435
      44      9.34728633
      45      9.82224674
      46     10.30230617
      47     10.79951907
      48     11.30042653
      49     11.81992982
      50     12.34156872
      51     12.88343798
      52     13.42571361
      53     13.99000709
      54     14.55278562
      55     15.13960994
      56     15.72278290
      57     16.33222151
      58     16.93562667
      59     17.56782566
      60     18.19133166
      61     18.84640651
      62     19.48980968
      63     20.16795750
      64     20.83109304
      65     21.53247043
      66     22.21507727
      67     22.93994770
      68     23.64181503
      69     24.39038812
      70     25.11117721
      71     25.88380324
      72     26.62324170
      73     27.42019876
      74     28.17784389
      75     28.99959638
      76     29.77509471
      77     30.62200915
      78     31.41477946
      79     32.28747087
      80     33.09705414
      81     33.99600297
      82     34.82163364
      83     35.74765448
      84     36.58873776
      85     37.54245693
      86     38.39798227
      87     39.38047937
      88     40.24968023
      89     41.26176604
      90     42.14330689
      91     43.18641312
      92     44.07931635
      93     45.15448132
      94     46.05698277
      95     47.16610490
      96     48.07698082
      97     49.22136631
      98     50.13829323
      99     51.32045486
     100     52.24195229
     101     53.46348231
     102     54.38651050
     103     55.65072071
     104     56.57360164
     105     57.88232200
     106     58.80112353
     107     60.15868954
     108     61.07175963
     109     62.48003270
     110     63.38235628
     111     64.84698195
     112     65.73750480
     113     67.25983807
     114     68.13219915
     115     69.71968577
     116     70.57471336
     117     72.22701360
     118     73.05629349
     119     74.78406070
     120     75.59326282
     121     77.39191651
     122     78.16766856
     123     80.05722366
     124     80.81953165
     125     82.78469500
     126     83.49897571
     127     85.62481717
     128     86.43376883
 ---------------------------------------
 
SCF converged! Final Ground-State Energy (Eh):             -21.7677515050320523
