 
     Two-Electron DVR    
 ------------------------
 x0     =      15.00000000
 m      =       1.00000000
 Z      =       1.00000000
 n      =               32
 dx     =       0.96774194
 
Soft-Coulomb Parameters:
 alpha  =       0.01000000
 beta   =       1.00000000
 
 
                       Hartree-Fock                      
 --------------------------------------------------------
 no. of orbitals        =               32
 no. of electrons       =                2
 scf_damping_switch     =        F
 scf_diis_switch        =        F
 damping_factor         =   0.00000000
 e_tolerance            = 0.0000000000100000
 maximum scf-iterations =              200
 
 
                       SCF iterations                      
 ----------------------------------------------------------
    S.No    Energy (hartree)        dE (hartree)
 ----------------------------------------------------------
       0     -3.197238159102
       1     -2.394718450164      0.802519708938
       2     -2.401439860265      0.006721410101
       3     -2.401794982456      0.000355122191
       4     -2.401814449722      0.000019467266
       5     -2.401815547103      0.000001097381
       6     -2.401815610045      0.000000062942
       7     -2.401815613692      0.000000003646
       8     -2.401815613904      0.000000000212
       9     -2.401815613916      0.000000000012
      10     -2.401815613917      0.000000000001
 ----------------------------------------------------------
  
 
 
 ---------------------------------------
     Molecular Orbital Energies (Eh)    
 ---------------------------------------
       1     -0.80728031
       2      0.13441853
       3      0.13447317
       4      0.23368543
       5      0.23495749
       6      0.35538011
       7      0.36502932
       8      0.49113940
       9      0.52938022
      10      0.64486729
      11      0.73096053
      12      0.84113684
      13      0.97141927
      14      1.08490998
      15      1.25155013
      16      1.37255252
      17      1.57165064
      18      1.70088849
      19      1.93186299
      20      2.07012061
      21      2.33215643
      22      2.47904676
      23      2.77232773
      24      2.92993915
      25      3.25167886
      26      3.42204299
      27      3.76779374
      28      3.96011324
      29      4.31529622
      30      4.54832930
      31      4.86606019
      32      5.21540171
 ---------------------------------------
 
SCF converged! Final Ground-State Energy (Eh):              -2.4018156139171620
