 
     Two-Electron DVR    
 ------------------------
 x0     =      15.00000000
 m      =       1.00000000
 Z      =       5.00000000
 n      =             2048
 dx     =       0.01465559
 
Soft-Coulomb Parameters:
 alpha  =       0.01000000
 beta   =       1.00000000
 
 
                       Hartree-Fock                      
 --------------------------------------------------------
 no. of orbitals        =             2048
 no. of electrons       =                2
 scf_damping_switch     =        F
 scf_diis_switch        =        F
 damping_factor         =   0.00000000
 e_tolerance            = 0.0000000000100000
 maximum scf-iterations =              200
 
 
                       SCF iterations                      
 ----------------------------------------------------------
    S.No    Energy (hartree)        dE (hartree)
 ----------------------------------------------------------
       0    -58.809398639624
       1    -57.829409881108      0.979988758516
       2    -57.829426680290      0.000016799182
       3    -57.829426696933      0.000000016643
       4    -57.829426696951      0.000000000018
       5    -57.829426696950      0.000000000001
 ----------------------------------------------------------
  
 
 
 ---------------------------------------
     Molecular Orbital Energies (Eh)    
 ---------------------------------------
       1    -28.42473581
       2     -7.11958488
       3     -3.09967751
       4     -1.48724451
       5     -0.91790414
       6     -0.59194399
       7     -0.43173266
       8     -0.31667129
       9     -0.24609184
      10     -0.17312317
      11     -0.10120383
      12     -0.00338878
      13      0.09572189
      14      0.22390719
      15      0.34851182
      16      0.50470822
      17      0.65331060
      18      0.83616959
      19      1.00793833
      20      1.21662797
      21      1.41105307
      22      1.64500470
      23      1.86175062
      24      2.12054620
      25      2.35938294
      26      2.64269742
      27      2.90346488
      28      3.21103325
      29      3.49362125
      30      3.82521833
      31      4.12955442
      32      4.48498201
      33      4.81102333
      34      5.19010198
      35      5.53782926
      36      5.94039300
      37      6.30980589
      38      6.73569901
      39      7.12681219
      40      7.57588728
      41      7.98872715
      42      8.46084404
      43      8.89544590
      44      9.39047109
      45      9.84687671
      46     10.36468318
      47     10.84293878
      48     11.38340590
      49     11.88356039
      50     12.44657401
      51     12.96867755
      52     13.55413001
      53     14.09823287
      54     14.70602306
      55     15.27217463
      56     15.90220800
      57     16.49045607
      58     17.14264457
      59     17.75303479
      60     18.42729678
      61     19.05987218
      62     19.75613232
      63     20.41093305
      64     21.12912212
      65     21.80618523
      66     22.54623992
      67     23.24559929
      68     24.00746196
      69     24.72914821
      70     25.51276666
      71     26.25680720
      72     27.06213437
      73     27.82855346
      74     28.65554718
      75     29.44436600
      76     30.29298869
      77     31.10422548
      78     31.97444388
      79     32.80811406
      80     33.69989895
      81     34.55601529
      82     35.46934118
      83     36.34791397
      84     37.28275886
      85     38.18379603
      86     39.14014117
      87     40.06364849
      88     41.04147807
      89     41.98745931
      90     42.98676028
      91     43.95521736
      92     44.97597916
      93     45.96691230
      94     47.00912669
      95     48.02253458
      96     49.08619539
      97     50.12207532
      98     51.20717828
      99     52.26552629
     100     53.37206886
     101     54.45287983
     102     55.58086102
     103     56.68412885
     104     57.83354906
     105     58.95926675
     106     60.13012764
     107     61.27828739
     108     62.47059175
     109     63.64118506
     110     64.85493666
     111     66.04795446
     112     67.28315796
     113     68.49859064
     114     69.75525146
     115     70.99308898
     116     72.27121325
     117     73.53144521
     118     74.83103962
     119     76.11365532
     120     77.43472707
     121     78.73971557
     122     80.08227232
     123     81.40962249
     124     82.77367223
     125     84.12337283
     126     85.50892386
     127     86.88096355
     128     88.28802443
     129     89.68239181
     130     91.11097129
     131     92.52765496
     132     93.97776194
     133     95.41675053
     134     96.88839401
     135     98.34967620
     136     99.84286524
     137    101.32642978
     138    102.84117350
     139    104.34700926
     140    105.88331676
     141    107.41141272
     142    108.96929310
     143    110.51963838
     144    112.09910068
     145    113.67168456
     146    115.27273776
     147    116.86754970
     148    118.49020268
     149    120.10723231
     150    121.75149386
     151    123.39073102
     152    125.05660981
     153    126.71804452
     154    128.40554909
     155    130.08917159
     156    131.79831034
     157    133.50411108
     158    135.23489225
     159    136.96286191
     160    138.71529359
     161    140.46542305
     162    142.23951317
     163    144.01179356
     164    145.80754986
     165    147.60197251
     166    149.41940259
     167    151.23595907
     168    153.07507032
     169    154.91375243
     170    156.77455207
     171    158.63535183
     172    160.51784691
     173    162.40075655
     174    164.30495393
     175    166.20996591
     176    168.13587228
     177    170.06297929
     178    172.01060112
     179    173.95979606
     180    175.92913969
     181    177.90041566
     182    179.89148722
     183    181.88483756
     184    183.89764299
     185    185.91306122
     186    187.94760632
     187    189.98508618
     188    192.04137654
     189    194.10091196
     190    196.17895302
     191    198.26053813
     192    200.36033517
     193    202.46396428
     194    204.58552239
     195    206.71119001
     196    208.85451413
     197    211.00221495
     198    213.16730985
     199    215.33703874
     200    217.52390905
     201    219.71566104
     202    221.92431124
     203    224.13808154
     204    226.36851594
     205    228.60429992
     206    230.85652270
     207    233.11431589
     208    235.38833108
     209    237.66812918
     210    239.96394068
     211    242.26573953
     212    244.58335110
     213    246.90714667
     214    249.24656194
     215    251.59235036
     216    253.95357284
     217    256.32135038
     218    258.70438345
     219    261.09414651
     220    263.49899343
     221    265.91073854
     222    268.33740244
     223    270.77112626
     224    273.21961018
     225    275.67530948
     226    278.14561635
     227    280.62328802
     228    283.11542064
     229    285.61506170
     230    288.12902279
     231    290.65063035
     232    293.18642253
     233    295.72999382
     234    298.28761959
     235    300.85315194
     236    303.43261373
     237    306.02010456
     238    308.62140471
     239    311.23085156
     240    313.85399230
     241    316.48539277
     242    319.13037627
     243    321.78372808
     244    324.45055642
     245    327.12585736
     246    329.81453254
     247    332.51178048
     248    335.22230443
     249    337.94149734
     250    340.67387189
     251    343.41500780
     252    346.16923476
     253    348.93231178
     254    351.70839284
     255    354.49340916
     256    357.29134598
     257    360.09829984
     258    362.91809399
     259    365.74698372
     260    368.58863674
     261    371.43946072
     262    374.30297406
     263    377.17573073
     264    380.06110580
     265    382.95579368
     266    385.86303183
     267    388.77964948
     268    391.70875201
     269    394.64729805
     270    397.59826621
     271    400.55873931
     272    403.53157429
     273    406.51397319
     274    409.50867614
     275    412.51299960
     276    415.52957164
     277    418.55581849
     278    421.59426067
     279    424.64242978
     280    427.70274312
     281    430.77283341
     282    433.85501889
     283    436.94702930
     284    440.05108787
     285    443.16501741
     286    446.29094996
     287    449.42679767
     288    452.57460507
     289    455.73237002
     290    458.90205311
     291    462.08173441
     292    465.27329398
     293    468.47489078
     294    471.68832760
     295    474.91183908
     296    478.14715388
     297    481.39257926
     298    484.64977275
     299    487.91711126
     300    491.19618412
     301    494.48543505
     302    497.78638792
     303    501.09755056
     304    504.42038408
     305    507.75345777
     306    511.09817253
     307    514.45315662
     308    517.81975320
     309    521.19664707
     310    524.58512601
     311    527.98392908
     312    531.39429092
     313    534.81500261
     314    538.24724785
     315    541.68986762
     316    545.14399675
     317    548.60852407
     318    552.08453756
     319    555.57097193
     320    559.06887022
     321    562.57721116
     322    566.09699469
     323    569.62724173
     324    573.16891089
     325    576.72106360
     326    580.28461880
     327    583.85867673
     328    587.44411835
     329    591.04008110
     330    594.64740950
     331    598.26527668
     332    601.89449220
     333    605.53426343
     334    609.18536641
     335    612.84704133
     336    616.52003209
     337    620.20361034
     338    623.89848919
     339    627.60397045
     340    631.32073768
     341    635.04812161
     342    638.78677750
     343    642.53606382
     344    646.29660864
     345    650.06779703
     346    653.85023104
     347    657.64332123
     348    661.44764467
     349    665.26263639
     350    669.08884951
     351    672.92574248
     352    676.77384551
     353    680.63263949
     354    684.50263264
     355    688.38332740
     356    692.27521087
     357    696.17780617
     358    700.09158018
     359    704.01607579
     360    707.95174052
     361    711.89813624
     362    715.85569188
     363    719.82398750
     364    723.80343422
     365    727.79362954
     366    731.79496751
     367    735.80706235
     368    739.83029174
     369    743.86428592
     370    747.90940687
     371    751.96530022
     372    756.03231289
     373    760.11010523
     374    764.19900976
     375    768.29870094
     376    772.40949746
     377    776.53108733
     378    780.66377598
     379    784.80726438
     380    788.96184528
     381    793.12723208
     382    797.30370536
     383    801.49099042
     384    805.68935618
     385    809.89853937
     386    814.11879772
     387    818.34987892
     388    822.59202998
     389    826.84500907
     390    831.10905292
     391    835.38392979
     392    839.66986654
     393    843.96664107
     394    848.27447081
     395    852.59314289
     396    856.92286571
     397    861.26343525
     398    865.61505124
     399    869.97751814
     400    874.35102736
     401    878.73539153
     402    883.13079408
     403    887.53705542
     404    891.95435137
     405    896.38250980
     406    900.82169921
     407    905.27175465
     408    909.73283760
     409    914.20478996
     410    918.68776651
     411    923.18161573
     412    927.68648594
     413    932.20223194
     414    936.72899587
     415    941.26663858
     416    945.81529630
     417    950.37483565
     418    954.94538720
     419    959.52682312
     420    964.11926856
     421    968.72260100
     422    973.33694038
     423    977.96216928
     424    982.59840263
     425    987.24552794
     426    991.90365532
     427    996.57267697
     428   1001.25269843
     429   1005.94361637
     430   1010.64553195
     431   1015.35834613
     432   1020.08215587
     433   1024.81686624
     434   1029.56257018
     435   1034.31917670
     436   1039.08677486
     437   1043.86527749
     438   1048.65476992
     439   1053.45516861
     440   1058.26655534
     441   1063.08885005
     442   1067.92213112
     443   1072.76632180
     444   1077.62149724
     445   1082.48758386
     446   1087.36465369
     447   1092.25263622
     448   1097.15160048
     449   1102.06147888
     450   1106.98233758
     451   1111.91411182
     452   1116.85686500
     453   1121.81053505
     454   1126.77518272
     455   1131.75074855
     456   1136.73729075
     457   1141.73475232
     458   1146.74318906
     459   1151.76254635
     460   1156.79287767
     461   1161.83413064
     462   1166.88635655
     463   1171.94950519
     464   1177.02362570
     465   1182.10866998
     466   1187.20468513
     467   1192.31162502
     468   1197.42953481
     469   1202.55837029
     470   1207.69817475
     471   1212.84890580
     472   1218.01060494
     473   1223.18323154
     474   1228.36682537
     475   1233.56134750
     476   1238.76683605
     477   1243.98325369
     478   1249.21063696
     479   1254.44895009
     480   1259.69822810
     481   1264.95843670
     482   1270.22960946
     483   1275.51171352
     484   1280.80478105
     485   1286.10878054
     486   1291.42374285
     487   1296.74963777
     488   1302.08649486
     489   1307.43428519
     490   1312.79303709
     491   1318.16272280
     492   1323.54336952
     493   1328.93495061
     494   1334.33749214
     495   1339.75096860
     496   1345.17540497
     497   1350.61077678
     498   1356.05710799
     499   1361.51437514
     500   1366.98260120
     501   1372.46176368
     502   1377.95188459
     503   1383.45294239
     504   1388.96495817
     505   1394.48791127
     506   1400.02182194
     507   1405.56667033
     508   1411.12247587
     509   1416.68921955
     510   1422.26691999
     511   1427.85555894
     512   1433.45515428
     513   1439.06568850
     514   1444.68717873
     515   1450.31960821
     516   1455.96299335
     517   1461.61731808
     518   1467.28259814
     519   1472.95881811
     520   1478.64599309
     521   1484.34410829
     522   1490.05317821
     523   1495.77318863
     524   1501.50415348
     525   1507.24605912
     526   1512.99891890
     527   1518.76271976
     528   1524.53747449
     529   1530.32317055
     530   1536.11982022
     531   1541.92741148
     532   1547.74595611
     533   1553.57544256
     534   1559.41588214
     535   1565.26726378
     536   1571.12959832
     537   1577.00287514
     538   1582.88710465
     539   1588.78227665
     540   1594.68840113
     541   1600.60546830
     542   1606.53348775
     543   1612.47245008
     544   1618.42236451
     545   1624.38322200
     546   1630.35503141
     547   1636.33778407
     548   1642.33148846
     549   1648.33613626
     550   1654.35173564
     551   1660.37827860
     552   1666.41577296
     553   1672.46421106
     554   1678.52360042
     555   1684.59393366
     556   1690.67521802
     557   1696.76744640
     558   1702.87062575
     559   1708.98474927
     560   1715.10982362
     561   1721.24584227
     562   1727.39281163
     563   1733.55072540
     564   1739.71958976
     565   1745.89939867
     566   1752.09015804
     567   1758.29186207
     568   1764.50451644
     569   1770.72811559
     570   1776.96266499
     571   1783.20815925
     572   1789.46460366
     573   1795.73199304
     574   1802.01033247
     575   1808.29961696
     576   1814.59985141
     577   1820.91103102
     578   1827.23316048
     579   1833.56623520
     580   1839.91025969
     581   1846.26522951
     582   1852.63114903
     583   1859.00801396
     584   1865.39582850
     585   1871.79458854
     586   1878.20429810
     587   1884.62495325
     588   1891.05655784
     589   1897.49910809
     590   1903.95260771
     591   1910.41705306
     592   1916.89244772
     593   1923.37878816
     594   1929.87607786
     595   1936.38431340
     596   1942.90349814
     597   1949.43362877
     598   1955.97470855
     599   1962.52673428
     600   1969.08970909
     601   1975.66362992
     602   1982.24849977
     603   1988.84431570
     604   1995.45108059
     605   2002.06879161
     606   2008.69745155
     607   2015.33705766
     608   2021.98761264
     609   2028.64911384
     610   2035.32156388
     611   2042.00496017
     612   2048.69930525
     613   2055.40459663
     614   2062.12083676
     615   2068.84802323
     616   2075.58615841
     617   2082.33523998
     618   2089.09527021
     619   2095.86624686
     620   2102.64817215
     621   2109.44104389
     622   2116.24486423
     623   2123.05963106
     624   2129.88534646
     625   2136.72200838
     626   2143.56961883
     627   2150.42817584
     628   2157.29768135
     629   2164.17813345
     630   2171.06953402
     631   2177.97188120
     632   2184.88517684
     633   2191.80941911
     634   2198.74460981
     635   2205.69074717
     636   2212.64783293
     637   2219.61586538
     638   2226.59484620
     639   2233.58477374
     640   2240.58564963
     641   2247.59747225
     642   2254.62024321
     643   2261.65396093
     644   2268.69862695
     645   2275.75423975
     646   2282.82080085
     647   2289.89830874
     648   2296.98676491
     649   2304.08616789
     650   2311.19651913
     651   2318.31781720
     652   2325.45006351
     653   2332.59325667
     654   2339.74739806
     655   2346.91248631
     656   2354.08852277
     657   2361.27550611
     658   2368.47343765
     659   2375.68231608
     660   2382.90214270
     661   2390.13291623
     662   2397.37463792
     663   2404.62730654
     664   2411.89092331
     665   2419.16548702
     666   2426.45099888
     667   2433.74745768
     668   2441.05486462
     669   2448.37321852
     670   2455.70252054
     671   2463.04276953
     672   2470.39396664
     673   2477.75611073
     674   2485.12920292
     675   2492.51324211
     676   2499.90822939
     677   2507.31416367
     678   2514.73104603
     679   2522.15887541
     680   2529.59765287
     681   2537.04737735
     682   2544.50804990
     683   2551.97966947
     684   2559.46223711
     685   2566.95575179
     686   2574.46021452
     687   2581.97562429
     688   2589.50198212
     689   2597.03928700
     690   2604.58753992
     691   2612.14673990
     692   2619.71688792
     693   2627.29798300
     694   2634.89002612
     695   2642.49301631
     696   2650.10695453
     697   2657.73183982
     698   2665.36767314
     699   2673.01445353
     700   2680.67218195
     701   2688.34085746
     702   2696.02048098
     703   2703.71105159
     704   2711.41257022
     705   2719.12503594
     706   2726.84844967
     707   2734.58281050
     708   2742.32811934
     709   2750.08437528
     710   2757.85157922
     711   2765.62973028
     712   2773.41882933
     713   2781.21887550
     714   2789.02986966
     715   2796.85181094
     716   2804.68470022
     717   2812.52853661
     718   2820.38332101
     719   2828.24905252
     720   2836.12573202
     721   2844.01335865
     722   2851.91193327
     723   2859.82145502
     724   2867.74192476
     725   2875.67334162
     726   2883.61570648
     727   2891.56901846
     728   2899.53327844
     729   2907.50848555
     730   2915.49464065
     731   2923.49174287
     732   2931.49979310
     733   2939.51879045
     734   2947.54873579
     735   2955.58962827
     736   2963.64146874
     737   2971.70425635
     738   2979.77799194
     739   2987.86267468
     740   2995.95830540
     741   3004.06488326
     742   3012.18240912
     743   3020.31088211
     744   3028.45030310
     745   3036.60067122
     746   3044.76198734
     747   3052.93425059
     748   3061.11746184
     749   3069.31162023
     750   3077.51672662
     751   3085.73278014
     752   3093.95978167
     753   3102.19773033
     754   3110.44662699
     755   3118.70647079
     756   3126.97726259
     757   3135.25900153
     758   3143.55168847
     759   3151.85532255
     760   3160.16990463
     761   3168.49543385
     762   3176.83191108
     763   3185.17933544
     764   3193.53770781
     765   3201.90702732
     766   3210.28729484
     767   3218.67850950
     768   3227.08067216
     769   3235.49378197
     770   3243.91783978
     771   3252.35284474
     772   3260.79879770
     773   3269.25569781
     774   3277.72354593
     775   3286.20234118
     776   3294.69208446
     777   3303.19277486
     778   3311.70441329
     779   3320.22699886
     780   3328.76053244
     781   3337.30501316
     782   3345.86044191
     783   3354.42681779
     784   3363.00414169
     785   3371.59241273
     786   3380.19163179
     787   3388.80179799
     788   3397.42291222
     789   3406.05497358
     790   3414.69798298
     791   3423.35193950
     792   3432.01684406
     793   3440.69269575
     794   3449.37949548
     795   3458.07724234
     796   3466.78593723
     797   3475.50557926
     798   3484.23616933
     799   3492.97770652
     800   3501.73019177
     801   3510.49362413
     802   3519.26800455
     803   3528.05333209
     804   3536.84960768
     805   3545.65683040
     806   3554.47500117
     807   3563.30411906
     808   3572.14418501
     809   3580.99519807
     810   3589.85715921
     811   3598.73006745
     812   3607.61392377
     813   3616.50872719
     814   3625.41447869
     815   3634.33117730
     816   3643.25882399
     817   3652.19741778
     818   3661.14695965
     819   3670.10744864
     820   3679.07888570
     821   3688.06126986
     822   3697.05460212
     823   3706.05888147
     824   3715.07410892
     825   3724.10028347
     826   3733.13740611
     827   3742.18547585
     828   3751.24449368
     829   3760.31445862
     830   3769.39537165
     831   3778.48723178
     832   3787.59004002
     833   3796.70379534
     834   3805.82849878
     835   3814.96414931
     836   3824.11074794
     837   3833.26829367
     838   3842.43678751
     839   3851.61622844
     840   3860.80661749
     841   3870.00795363
     842   3879.22023788
     843   3888.44346923
     844   3897.67764869
     845   3906.92277524
     846   3916.17884992
     847   3925.44587168
     848   3934.72384157
     849   3944.01275854
     850   3953.31262365
     851   3962.62343583
     852   3971.94519616
     853   3981.27790356
     854   3990.62155910
     855   3999.97616171
     856   4009.34171248
     857   4018.71821031
     858   4028.10565630
     859   4037.50404935
     860   4046.91339056
     861   4056.33367884
     862   4065.76491528
     863   4075.20709878
     864   4084.66023044
     865   4094.12430917
     866   4103.59933606
     867   4113.08531001
     868   4122.58223214
     869   4132.09010132
     870   4141.60891868
     871   4151.13868310
     872   4160.67939569
     873   4170.23105534
     874   4179.79366317
     875   4189.36721805
     876   4198.95172112
     877   4208.54717124
     878   4218.15356955
     879   4227.77091491
     880   4237.39920847
     881   4247.03844906
     882   4256.68863786
     883   4266.34977370
     884   4276.02185775
     885   4285.70488883
     886   4295.39886813
     887   4305.10379446
     888   4314.81966900
     889   4324.54649058
     890   4334.28426038
     891   4344.03297720
     892   4353.79264226
     893   4363.56325433
     894   4373.34481464
     895   4383.13732198
     896   4392.94077754
     897   4402.75518013
     898   4412.58053096
     899   4422.41682880
     900   4432.26407489
     901   4442.12226800
     902   4451.99140935
     903   4461.87149771
     904   4471.76253433
     905   4481.66451796
     906   4491.57744985
     907   4501.50132874
     908   4511.43615590
     909   4521.38193006
     910   4531.33865249
     911   4541.30632192
     912   4551.28493963
     913   4561.27450432
     914   4571.27501731
     915   4581.28647728
     916   4591.30888554
     917   4601.34224078
     918   4611.38654432
     919   4621.44179485
     920   4631.50799367
     921   4641.58513947
     922   4651.67323357
     923   4661.77227466
     924   4671.88226405
     925   4682.00320041
     926   4692.13508509
     927   4702.27791674
     928   4712.43169671
     929   4722.59642365
     930   4732.77209891
     931   4742.95872114
     932   4753.15629169
     933   4763.36480921
     934   4773.58427506
     935   4783.81468787
     936   4794.05604902
     937   4804.30835713
     938   4814.57161358
     939   4824.84581698
     940   4835.13096874
     941   4845.42706744
     942   4855.73411449
     943   4866.05210850
     944   4876.38105086
     945   4886.72094017
     946   4897.07177784
     947   4907.43356245
     948   4917.80629543
     949   4928.18997535
     950   4938.58460365
     951   4948.99017888
     952   4959.40670249
     953   4969.83417303
     954   4980.27259195
     955   4990.72195781
     956   5001.18227205
     957   5011.65353322
     958   5022.13574279
     959   5032.62889928
     960   5043.13300417
     961   5053.64805598
     962   5064.17405619
     963   5074.71100332
     964   5085.25889887
     965   5095.81774132
     966   5106.38753219
     967   5116.96826997
     968   5127.55995618
     969   5138.16258928
     970   5148.77617082
     971   5159.40069926
     972   5170.03617614
     973   5180.68259991
     974   5191.33997212
     975   5202.00829123
     976   5212.68755878
     977   5223.37777323
     978   5234.07893612
     979   5244.79104590
     980   5255.51410415
     981   5266.24810927
     982   5276.99306286
     983   5287.74896332
     984   5298.51581227
     985   5309.29360807
     986   5320.08235237
     987   5330.88204352
     988   5341.69268317
     989   5352.51426968
     990   5363.34680468
     991   5374.19028654
     992   5385.04471690
     993   5395.91009411
     994   5406.78641983
     995   5417.67369240
     996   5428.57191348
     997   5439.48108141
     998   5450.40119786
     999   5461.33226115
    1000   5472.27427296
    1001   5483.22723162
    1002   5494.19113880
    1003   5505.16599282
    1004   5516.15179537
    1005   5527.14854476
    1006   5538.15624269
    1007   5549.17488744
    1008   5560.20448075
    1009   5571.24502087
    1010   5582.29650956
    1011   5593.35894505
    1012   5604.43232912
    1013   5615.51665999
    1014   5626.61193944
    1015   5637.71816570
    1016   5648.83534053
    1017   5659.96346216
    1018   5671.10253238
    1019   5682.25254940
    1020   5693.41351501
    1021   5704.58542741
    1022   5715.76828842
    1023   5726.96209621
    1024   5738.16685260
    1025   5749.38255578
    1026   5760.60920757
    1027   5771.84680615
    1028   5783.09535334
    1029   5794.35484730
    1030   5805.62528990
    1031   5816.90667926
    1032   5828.19901726
    1033   5839.50230202
    1034   5850.81653542
    1035   5862.14171558
    1036   5873.47784439
    1037   5884.82491996
    1038   5896.18294418
    1039   5907.55191515
    1040   5918.93183478
    1041   5930.32270116
    1042   5941.72451621
    1043   5953.13727800
    1044   5964.56098846
    1045   5975.99564567
    1046   5987.44125155
    1047   5998.89780417
    1048   6010.36530548
    1049   6021.84375351
    1050   6033.33315024
    1051   6044.83349370
    1052   6056.34478586
    1053   6067.86702473
    1054   6079.40021232
    1055   6090.94434662
    1056   6102.49942964
    1057   6114.06545936
    1058   6125.64243782
    1059   6137.23036297
    1060   6148.82923686
    1061   6160.43905745
    1062   6172.05982677
    1063   6183.69154279
    1064   6195.33420756
    1065   6206.98781902
    1066   6218.65237923
    1067   6230.32788612
    1068   6242.01434178
    1069   6253.71174411
    1070   6265.42009522
    1071   6277.13939300
    1072   6288.86963956
    1073   6300.61083278
    1074   6312.36297479
    1075   6324.12606345
    1076   6335.90010092
    1077   6347.68508504
    1078   6359.48101796
    1079   6371.28789753
    1080   6383.10572592
    1081   6394.93450094
    1082   6406.77422479
    1083   6418.62489527
    1084   6430.48651458
    1085   6442.35908052
    1086   6454.24259530
    1087   6466.13705671
    1088   6478.04246696
    1089   6489.95882382
    1090   6501.88612955
    1091   6513.82438188
    1092   6525.77358308
    1093   6537.73373088
    1094   6549.70482755
    1095   6561.68687082
    1096   6573.67986298
    1097   6585.68380172
    1098   6597.69868936
    1099   6609.72452358
    1100   6621.76130670
    1101   6633.80903640
    1102   6645.86771501
    1103   6657.93734019
    1104   6670.01791429
    1105   6682.10943496
    1106   6694.21190455
    1107   6706.32532070
    1108   6718.44968578
    1109   6730.58499742
    1110   6742.73125800
    1111   6754.88846513
    1112   6767.05662121
    1113   6779.23572383
    1114   6791.42577541
    1115   6803.62677353
    1116   6815.83872062
    1117   6828.06161423
    1118   6840.29545682
    1119   6852.54024594
    1120   6864.79598404
    1121   6877.06266866
    1122   6889.34030227
    1123   6901.62888239
    1124   6913.92841152
    1125   6926.23888715
    1126   6938.56031180
    1127   6950.89268294
    1128   6963.23600310
    1129   6975.59026975
    1130   6987.95548544
    1131   7000.33164761
    1132   7012.71875882
    1133   7025.11681650
    1134   7037.52582324
    1135   7049.94577644
    1136   7062.37667871
    1137   7074.81852743
    1138   7087.27132523
    1139   7099.73506948
    1140   7112.20976281
    1141   7124.69540259
    1142   7137.19199146
    1143   7149.69952676
    1144   7162.21801117
    1145   7174.74744201
    1146   7187.28782196
    1147   7199.83914833
    1148   7212.40142383
    1149   7224.97464574
    1150   7237.55881678
    1151   7250.15393422
    1152   7262.76000081
    1153   7275.37701381
    1154   7288.00497595
    1155   7300.64388448
    1156   7313.29374218
    1157   7325.95454626
    1158   7338.62629951
    1159   7351.30899914
    1160   7364.00264795
    1161   7376.70724314
    1162   7389.42278751
    1163   7402.14927825
    1164   7414.88671819
    1165   7427.63510448
    1166   7440.39443998
    1167   7453.16472184
    1168   7465.94595291
    1169   7478.73813033
    1170   7491.54125697
    1171   7504.35532995
    1172   7517.18035217
    1173   7530.01632072
    1174   7542.86323851
    1175   7555.72110263
    1176   7568.58991601
    1177   7581.46967569
    1178   7594.36038465
    1179   7607.26203991
    1180   7620.17464445
    1181   7633.09819529
    1182   7646.03269542
    1183   7658.97814184
    1184   7671.93453756
    1185   7684.90187955
    1186   7697.88017087
    1187   7710.86940845
    1188   7723.86959536
    1189   7736.88072852
    1190   7749.90281103
    1191   7762.93583978
    1192   7775.97981789
    1193   7789.03474224
    1194   7802.10061595
    1195   7815.17743589
    1196   7828.26520520
    1197   7841.36392074
    1198   7854.47358566
    1199   7867.59419679
    1200   7880.72575732
    1201   7893.86826406
    1202   7907.02172021
    1203   7920.18612255
    1204   7933.36147431
    1205   7946.54777225
    1206   7959.74501963
    1207   7972.95321319
    1208   7986.17235618
    1209   7999.40244535
    1210   8012.64348397
    1211   8025.89546875
    1212   8039.15840300
    1213   8052.43228339
    1214   8065.71711327
    1215   8079.01288928
    1216   8092.31961479
    1217   8105.63728643
    1218   8118.96590756
    1219   8132.30547482
    1220   8145.65599160
    1221   8159.01745448
    1222   8172.38986690
    1223   8185.77322541
    1224   8199.16753346
    1225   8212.57278761
    1226   8225.98899131
    1227   8239.41614109
    1228   8252.85424043
    1229   8266.30328584
    1230   8279.76328083
    1231   8293.23422189
    1232   8306.71611253
    1233   8320.20894923
    1234   8333.71273552
    1235   8347.22746786
    1236   8360.75314981
    1237   8374.28977780
    1238   8387.83735541
    1239   8401.39587904
    1240   8414.96535231
    1241   8428.54577159
    1242   8442.13714053
    1243   8455.73945547
    1244   8469.35272007
    1245   8482.97693066
    1246   8496.61209093
    1247   8510.25819718
    1248   8523.91525312
    1249   8537.58325504
    1250   8551.26220665
    1251   8564.95210423
    1252   8578.65295152
    1253   8592.36474476
    1254   8606.08748773
    1255   8619.82117664
    1256   8633.56581529
    1257   8647.32139987
    1258   8661.08793421
    1259   8674.86541446
    1260   8688.65384448
    1261   8702.45322041
    1262   8716.26354612
    1263   8730.08481773
    1264   8743.91703913
    1265   8757.76020642
    1266   8771.61432351
    1267   8785.47938649
    1268   8799.35539928
    1269   8813.24235793
    1270   8827.14026642
    1271   8841.04912077
    1272   8854.96892496
    1273   8868.89967500
    1274   8882.84137489
    1275   8896.79402062
    1276   8910.75761622
    1277   8924.73215764
    1278   8938.71764896
    1279   8952.71408608
    1280   8966.72147310
    1281   8980.73980592
    1282   8994.76908866
    1283   9008.80931718
    1284   9022.86049563
    1285   9036.92261986
    1286   9050.99569403
    1287   9065.07971397
    1288   9079.17468386
    1289   9093.28059950
    1290   9107.39746512
    1291   9121.52527648
    1292   9135.66403782
    1293   9149.81374489
    1294   9163.97440196
    1295   9178.14600475
    1296   9192.32855755
    1297   9206.52205606
    1298   9220.72650459
    1299   9234.94189882
    1300   9249.16824309
    1301   9263.40553305
    1302   9277.65377305
    1303   9291.91295873
    1304   9306.18309448
    1305   9320.46417589
    1306   9334.75620738
    1307   9349.05918452
    1308   9363.37311176
    1309   9377.69798464
    1310   9392.03380762
    1311   9406.38057623
    1312   9420.73829497
    1313   9435.10695932
    1314   9449.48657380
    1315   9463.87713389
    1316   9478.27864413
    1317   9492.69109997
    1318   9507.11450596
    1319   9521.54885754
    1320   9535.99415930
    1321   9550.45040663
    1322   9564.91760415
    1323   9579.39574723
    1324   9593.88484051
    1325   9608.38487934
    1326   9622.89586839
    1327   9637.41780297
    1328   9651.95068779
    1329   9666.49451813
    1330   9681.04929872
    1331   9695.61502483
    1332   9710.19170119
    1333   9724.77932305
    1334   9739.37789519
    1335   9753.98741282
    1336   9768.60788073
    1337   9783.23929413
    1338   9797.88165782
    1339   9812.53496699
    1340   9827.19922646
    1341   9841.87443140
    1342   9856.56058665
    1343   9871.25768737
    1344   9885.96573841
    1345   9900.68473490
    1346   9915.41468173
    1347   9930.15557400
    1348   9944.90741662
    1349   9959.67020467
    1350   9974.44394308
    1351   9989.22862691
    1352  10004.02426112
    1353  10018.83084074
    1354  10033.64837074
    1355  10048.47684615
    1356  10063.31627195
    1357  10078.16664314
    1358  10093.02796475
    1359  10107.90023174
    1360  10122.78344914
    1361  10137.67761192
    1362  10152.58272514
    1363  10167.49878371
    1364  10182.42579273
    1365  10197.36374711
    1366  10212.31265194
    1367  10227.27250212
    1368  10242.24330276
    1369  10257.22504874
    1370  10272.21774519
    1371  10287.22138698
    1372  10302.23597924
    1373  10317.26151684
    1374  10332.29800492
    1375  10347.34543833
    1376  10362.40382223
    1377  10377.47315145
    1378  10392.55343117
    1379  10407.64465620
    1380  10422.74683174
    1381  10437.85995260
    1382  10452.98402396
    1383  10468.11904063
    1384  10483.26500782
    1385  10498.42192032
    1386  10513.58978333
    1387  10528.76859165
    1388  10543.95835050
    1389  10559.15905464
    1390  10574.37070932
    1391  10589.59330929
    1392  10604.82685980
    1393  10620.07135560
    1394  10635.32680194
    1395  10650.59319358
    1396  10665.87053576
    1397  10681.15882323
    1398  10696.45806124
    1399  10711.76824456
    1400  10727.08937841
    1401  10742.42145756
    1402  10757.76448725
    1403  10773.11846224
    1404  10788.48338777
    1405  10803.85925861
    1406  10819.24607998
    1407  10834.64384667
    1408  10850.05256388
    1409  10865.47222642
    1410  10880.90283948
    1411  10896.34439787
    1412  10911.79690677
    1413  10927.26036101
    1414  10942.73476576
    1415  10958.22011586
    1416  10973.71641646
    1417  10989.22366242
    1418  11004.74185887
    1419  11020.27100069
    1420  11035.81109298
    1421  11051.36213067
    1422  11066.92411881
    1423  11082.49705237
    1424  11098.08093636
    1425  11113.67576578
    1426  11129.28154563
    1427  11144.89827092
    1428  11160.52594663
    1429  11176.16456779
    1430  11191.81413935
    1431  11207.47465639
    1432  11223.14612380
    1433  11238.82853672
    1434  11254.52189998
    1435  11270.22620879
    1436  11285.94146791
    1437  11301.66767259
    1438  11317.40482756
    1439  11333.15292814
    1440  11348.91197897
    1441  11364.68197543
    1442  11380.46292212
    1443  11396.25481447
    1444  11412.05765701
    1445  11427.87144526
    1446  11443.69618366
    1447  11459.53186780
    1448  11475.37850206
    1449  11491.23608210
    1450  11507.10461221
    1451  11522.98408816
    1452  11538.87451413
    1453  11554.77588598
    1454  11570.68820780
    1455  11586.61147557
    1456  11602.54569324
    1457  11618.49085692
    1458  11634.44697044
    1459  11650.41403003
    1460  11666.39203942
    1461  11682.38099492
    1462  11698.38090016
    1463  11714.39175159
    1464  11730.41355268
    1465  11746.44630003
    1466  11762.48999697
    1467  11778.54464025
    1468  11794.61023303
    1469  11810.68677224
    1470  11826.77426088
    1471  11842.87269602
    1472  11858.98208051
    1473  11875.10241159
    1474  11891.23369191
    1475  11907.37591894
    1476  11923.52909511
    1477  11939.69321808
    1478  11955.86829009
    1479  11972.05430900
    1480  11988.25127686
    1481  12004.45919172
    1482  12020.67805541
    1483  12036.90786624
    1484  12053.14862576
    1485  12069.40033255
    1486  12085.66298790
    1487  12101.93659065
    1488  12118.22114184
    1489  12134.51664055
    1490  12150.82308756
    1491  12167.14048226
    1492  12183.46882509
    1493  12199.80811576
    1494  12216.15835441
    1495  12232.51954107
    1496  12248.89167553
    1497  12265.27475817
    1498  12281.66878845
    1499  12298.07376709
    1500  12314.48969317
    1501  12330.91656780
    1502  12347.35438969
    1503  12363.80316033
    1504  12380.26287802
    1505  12396.73354466
    1506  12413.21515814
    1507  12429.70772079
    1508  12446.21123007
    1509  12462.72568874
    1510  12479.25109379
    1511  12495.78744850
    1512  12512.33474933
    1513  12528.89300006
    1514  12545.46219666
    1515  12562.04234344
    1516  12578.63343580
    1517  12595.23547862
    1518  12611.84846674
    1519  12628.47240562
    1520  12645.10728949
    1521  12661.75312442
    1522  12678.40990403
    1523  12695.07763504
    1524  12711.75631038
    1525  12728.44593746
    1526  12745.14650853
    1527  12761.85803170
    1528  12778.58049849
    1529  12795.31391775
    1530  12812.05828024
    1531  12828.81359560
    1532  12845.57985379
    1533  12862.35706527
    1534  12879.14521914
    1535  12895.94432674
    1536  12912.75437629
    1537  12929.57538002
    1538  12946.40732524
    1539  12963.25022511
    1540  12980.10406598
    1541  12996.96886201
    1542  13013.84459851
    1543  13030.73129071
    1544  13047.62892284
    1545  13064.53751121
    1546  13081.45703895
    1547  13098.38752352
    1548  13115.32894686
    1549  13132.28132763
    1550  13149.24464655
    1551  13166.21892353
    1552  13183.20413803
    1553  13200.20031124
    1554  13217.20742128
    1555  13234.22549074
    1556  13251.25449632
    1557  13268.29446204
    1558  13285.34536313
    1559  13302.40722513
    1560  13319.48002172
    1561  13336.56378001
    1562  13353.65847207
    1563  13370.76412668
    1564  13387.88071420
    1565  13405.00826514
    1566  13422.14674808
    1567  13439.29619538
    1568  13456.45657374
    1569  13473.62791740
    1570  13490.81019114
    1571  13508.00343120
    1572  13525.20760031
    1573  13542.42273677
    1574  13559.64880121
    1575  13576.88583412
    1576  13594.13379387
    1577  13611.39272324
    1578  13628.66257825
    1579  13645.94340412
    1580  13663.23515439
    1581  13680.53787676
    1582  13697.85152224
    1583  13715.17614117
    1584  13732.51168184
    1585  13749.85819732
    1586  13767.21563314
    1587  13784.58404523
    1588  13801.96337617
    1589  13819.35368489
    1590  13836.75491089
    1591  13854.16711629
    1592  13871.59023734
    1593  13889.02433943
    1594  13906.46935547
    1595  13923.92535430
    1596  13941.39226530
    1597  13958.87016090
    1598  13976.35896680
    1599  13993.85875922
    1600  14011.36946000
    1601  14028.89114927
    1602  14046.42374485
    1603  14063.96733103
    1604  14081.52182138
    1605  14099.08730450
    1606  14116.66368955
    1607  14134.25106967
    1608  14151.84934939
    1609  14169.45862654
    1610  14187.07880084
    1611  14204.70997510
    1612  14222.35204395
    1613  14240.00511535
    1614  14257.66907865
    1615  14275.34404727
    1616  14293.02990500
    1617  14310.72677087
    1618  14328.43452292
    1619  14346.15328614
    1620  14363.88293247
    1621  14381.62359307
    1622  14399.37513356
    1623  14417.13769165
    1624  14434.91112627
    1625  14452.69558188
    1626  14470.49091050
    1627  14488.29726374
    1628  14506.11448633
    1629  14523.94273724
    1630  14541.78185365
    1631  14559.63200236
    1632  14577.49301255
    1633  14595.36505909
    1634  14613.24796292
    1635  14631.14190744
    1636  14649.04670484
    1637  14666.96254738
    1638  14684.88923820
    1639  14702.82697891
    1640  14720.77556310
    1641  14738.73520203
    1642  14756.70567940
    1643  14774.68721672
    1644  14792.67958721
    1645  14810.68302298
    1646  14828.69728641
    1647  14846.72262079
    1648  14864.75877708
    1649  14882.80601014
    1650  14900.86405910
    1651  14918.93319104
    1652  14937.01313256
    1653  14955.10416346
    1654  14973.20599734
    1655  14991.31892740
    1656  15009.44265355
    1657  15027.57748284
    1658  15045.72310102
    1659  15063.87982978
    1660  15082.04733988
    1661  15100.22596821
    1662  15118.41536998
    1663  15136.61589811
    1664  15154.82719144
    1665  15173.04961947
    1666  15191.28280408
    1667  15209.52713229
    1668  15227.78220805
    1669  15246.04843655
    1670  15264.32540316
    1671  15282.61353224
    1672  15300.91238955
    1673  15319.22241935
    1674  15337.54316704
    1675  15355.87509787
    1676  15374.21773578
    1677  15392.57156778
    1678  15410.93609556
    1679  15429.31182907
    1680  15447.69824654
    1681  15466.09588174
    1682  15484.50418851
    1683  15502.92372576
    1684  15521.35392165
    1685  15539.79536112
    1686  15558.24744571
    1687  15576.71078782
    1688  15595.18476089
    1689  15613.67000584
    1690  15632.16586693
    1691  15650.67301516
    1692  15669.19076404
    1693  15687.71981577
    1694  15706.25945195
    1695  15724.81040767
    1696  15743.37193088
    1697  15761.94479082
    1698  15780.52820053
    1699  15799.12296524
    1700  15817.72826115
    1701  15836.34493088
    1702  15854.97211242
    1703  15873.61068775
    1704  15892.25975459
    1705  15910.92023583
    1706  15929.59118734
    1707  15948.27357511
    1708  15966.96641093
    1709  15985.67070557
    1710  16004.38542501
    1711  16023.11162719
    1712  16041.84822987
    1713  16060.59633997
    1714  16079.35482512
    1715  16098.12484388
    1716  16116.90521108
    1717  16135.69713892
    1718  16154.49938735
    1719  16173.31322507
    1720  16192.13735425
    1721  16210.97310231
    1722  16229.81911135
    1723  16248.67677063
    1724  16267.54465901
    1725  16286.42423002
    1726  16305.31399675
    1727  16324.21548047
    1728  16343.12712498
    1729  16362.05052194
    1730  16380.98404318
    1731  16399.92935445
    1732  16418.88475176
    1733  16437.85197796
    1734  16456.82925020
    1735  16475.81839247
    1736  16494.81753893
    1737  16513.82859795
    1738  16532.84961738
    1739  16551.88259441
    1740  16570.92548603
    1741  16589.98038183
    1742  16609.04514424
    1743  16628.12196019
    1744  16647.20859256
    1745  16666.30732947
    1746  16685.41583029
    1747  16704.53648968
    1748  16723.66685801
    1749  16742.80944079
    1750  16761.96167499
    1751  16781.12618280
    1752  16800.30028183
    1753  16819.48671568
    1754  16838.68267776
    1755  16857.89103945
    1756  16877.10886342
    1757  16896.33915407
    1758  16915.57883799
    1759  16934.83105956
    1760  16954.09260216
    1761  16973.36675589
    1762  16992.65015503
    1763  17011.94624306
    1764  17031.25149736
    1765  17050.56952105
    1766  17069.89662817
    1767  17089.23658988
    1768  17108.58554830
    1769  17127.94744952
    1770  17147.31825668
    1771  17166.70209999
    1772  17186.09475420
    1773  17205.50054126
    1774  17224.91503973
    1775  17244.34277335
    1776  17263.77911424
    1777  17283.22879624
    1778  17302.68697649
    1779  17322.15860996
    1780  17341.63862752
    1781  17361.13221448
    1782  17380.63406601
    1783  17400.14960983
    1784  17419.67329309
    1785  17439.21079599
    1786  17458.75630731
    1787  17478.31577300
    1788  17497.88310991
    1789  17517.46454083
    1790  17537.05369933
    1791  17556.65709953
    1792  17576.26807688
    1793  17595.89344909
    1794  17615.52624090
    1795  17635.17358954
    1796  17654.82819282
    1797  17674.49752088
    1798  17694.17393081
    1799  17713.86524316
    1800  17733.56345644
    1801  17753.27675636
    1802  17772.99676773
    1803  17792.73206056
    1804  17812.47386636
    1805  17832.23115575
    1806  17851.99475021
    1807  17871.77404199
    1808  17891.55942109
    1809  17911.36071929
    1810  17931.16787670
    1811  17950.99118773
    1812  17970.82011903
    1813  17990.66544731
    1814  18010.51614555
    1815  18030.38349812
    1816  18050.25595843
    1817  18070.14534018
    1818  18090.03955493
    1819  18109.95097359
    1820  18129.86693741
    1821  18149.80039838
    1822  18169.73810290
    1823  18189.69361465
    1824  18209.65305395
    1825  18229.63062243
    1826  18249.61178733
    1827  18269.61142187
    1828  18289.61430583
    1829  18309.63601299
    1830  18329.66060593
    1831  18349.70439595
    1832  18369.75069066
    1833  18389.81657080
    1834  18409.88455620
    1835  18429.97253770
    1836  18450.06220585
    1837  18470.17229672
    1838  18490.28363544
    1839  18510.41584805
    1840  18530.54884857
    1841  18550.70319177
    1842  18570.85784070
    1843  18591.03432809
    1844  18611.21061576
    1845  18631.40925710
    1846  18651.60716877
    1847  18671.82797905
    1848  18692.04750406
    1849  18712.29049404
    1850  18732.53161618
    1851  18752.79680236
    1852  18773.05950984
    1853  18793.34690413
    1854  18813.63117910
    1855  18833.94079965
    1856  18854.24662912
    1857  18874.57848909
    1858  18894.90585338
    1859  18915.25997279
    1860  18935.60885756
    1861  18955.98525093
    1862  18976.35563449
    1863  18996.75432390
    1864  19017.14619041
    1865  19037.56719190
    1866  19057.98051746
    1867  19078.42385539
    1868  19098.85862248
    1869  19119.32431459
    1870  19139.78049684
    1871  19160.26857001
    1872  19180.74614807
    1873  19201.25662192
    1874  19221.75556668
    1875  19242.28847088
    1876  19262.80876096
    1877  19283.36411719
    1878  19303.90572044
    1879  19324.48356152
    1880  19345.04645427
    1881  19365.64680419
    1882  19386.23095092
    1883  19406.85384594
    1884  19427.45922048
    1885  19448.10468715
    1886  19468.73125021
    1887  19489.39932866
    1888  19510.04705129
    1889  19530.73777092
    1890  19551.40660962
    1891  19572.12001483
    1892  19592.80993757
    1893  19613.54606093
    1894  19634.25701953
    1895  19655.01591024
    1896  19675.74786923
    1897  19696.52956337
    1898  19717.28246934
    1899  19738.08702147
    1900  19758.86083513
    1901  19779.68828521
    1902  19800.48294733
    1903  19821.33335593
    1904  19842.14882294
    1905  19863.02223437
    1906  19883.85844052
    1907  19904.75492204
    1908  19925.61181901
    1909  19946.53141979
    1910  19967.40893452
    1911  19988.35172932
    1912  20009.24980819
    1913  20030.21585160
    1914  20051.13441334
    1915  20072.12378854
    1916  20093.06277364
    1917  20114.07554126
    1918  20135.03485922
    1919  20156.07111193
    1920  20177.05069661
    1921  20198.11050180
    1922  20219.11025234
    1923  20240.19371333
    1924  20261.21355622
    1925  20282.32074797
    1926  20303.36057061
    1927  20324.49160849
    1928  20345.55132911
    1929  20366.70629653
    1930  20387.78578930
    1931  20408.96481526
    1932  20430.06398916
    1933  20451.26716655
    1934  20472.38588074
    1935  20493.61335401
    1936  20514.75150706
    1937  20536.00337975
    1938  20557.16081382
    1939  20578.43724791
    1940  20599.61384988
    1941  20620.91496090
    1942  20642.11055356
    1943  20663.43652344
    1944  20684.65098051
    1945  20706.00193830
    1946  20727.23506045
    1947  20748.61121089
    1948  20769.86285701
    1949  20791.26434438
    1950  20812.53428984
    1951  20833.96134499
    1952  20855.24943192
    1953  20876.70221635
    1954  20898.00819104
    1955  20919.48696566
    1956  20940.81065127
    1957  20962.31559708
    1958  20983.65670636
    1959  21005.18811895
    1960  21026.54645355
    1961  21048.10453606
    1962  21069.47976992
    1963  21091.06485811
    1964  21112.45676841
    1965  21134.06909066
    1966  21155.47730616
    1967  21177.11724500
    1968  21198.54151503
    1969  21220.20932762
    1970  21241.64922809
    1971  21263.34535177
    1972  21284.80060013
    1973  21306.52532499
    1974  21327.99543506
    1975  21349.74926296
    1976  21371.23391561
    1977  21393.01717450
    1978  21414.51581001
    1979  21436.32907824
    1980  21457.84133541
    1981  21479.68498459
    1982  21501.21021598
    1983  21523.08491585
    1984  21544.62271164
    1985  21566.52888437
    1986  21588.07849162
    1987  21610.01691709
    1988  21631.57786958
    1989  21653.54902878
    1990  21675.12044544
    1991  21697.12525229
    1992  21718.70660117
    1993  21740.74560547
    1994  21762.33584814
    1995  21784.41012884
    1996  21806.00865633
    1997  21828.11884418
    1998  21849.72442236
    1999  21871.87180214
    2000  21893.48373135
    2001  21915.66902968
    2002  21937.28582872
    2003  21959.51059104
    2004  21981.13145290
    2005  22003.39652009
    2006  22025.01964629
    2007  22047.32689981
    2008  22068.95135574
    2009  22091.30177350
    2010  22112.92534489
    2011  22135.32125053
    2012  22156.94285103
    2013  22179.38538740
    2014  22201.00224486
    2015  22223.49433170
    2016  22245.10518063
    2017  22267.64815881
    2018  22289.24945749
    2019  22311.84707349
    2020  22333.43735053
    2021  22356.09117859
    2022  22377.66579500
    2023  22400.38076756
    2024  22421.93803417
    2025  22444.71598387
    2026  22466.24963201
    2027  22489.09726508
    2028  22510.60543502
    2029  22533.52481537
    2030  22554.99868536
    2031  22577.99932222
    2032  22599.43710702
    2033  22622.52108165
    2034  22643.90963782
    2035  22667.09126227
    2036  22688.42979388
    2037  22711.71030317
    2038  22732.97735265
    2039  22756.38048667
    2040  22777.57980127
    2041  22801.10247485
    2042  22822.19224355
    2043  22845.88211453
    2044  22866.89015863
    2045  22890.71901704
    2046  22911.51896651
    2047  22935.63214023
    2048  22956.80295214
 ---------------------------------------
 
SCF converged! Final Ground-State Energy (Eh):             -57.8294266969503568
