 -4.861086151568213E-007
  4.063518843177273E-006
 -5.283168281359811E-006
  8.041686654466339E-006
 -1.454950271994490E-005
  9.288887261607999E-006
 -3.046106256333065E-004
 -9.611782821652714E-004
  1.081824746688807E-003
  3.509561881819226E-004
  1.924942158356754E-006
  1.686895561242075E-005
 -7.788601768746198E-006
  5.482008605760448E-006
 -3.883126351850006E-006
  3.443904355977725E-006
  4.063518843177274E-006
 -6.099694093964324E-007
  6.455948588750998E-006
 -9.135999458108011E-006
  1.626626984109175E-005
 -1.281819887969509E-005
  3.384205331665017E-004
  1.109754848859552E-003
 -1.199829568163889E-003
 -3.897971137306845E-004
 -2.266843132248997E-006
 -1.917881241012265E-005
  8.750223769735083E-006
 -6.195153859526298E-006
  4.384499516963149E-006
 -3.883126351850006E-006
 -5.283168281359810E-006
  6.455948588750997E-006
 -1.152468014617344E-006
  1.372258433511130E-005
 -2.182119707959220E-005
  1.996569930347769E-005
 -4.430513011723057E-004
 -1.387407141753987E-003
  1.847223951562639E-003
  5.790107713884702E-004
  5.863117083950778E-006
  2.767337514771644E-005
 -1.234974667974310E-005
  8.779255544995766E-006
 -6.195153859526298E-006
  5.482008605760454E-006
  8.041686654466337E-006
 -9.135999458108006E-006
  1.372258433511130E-005
 -2.653125686154683E-006
  3.589241198466372E-005
 -3.187656304981473E-005
  7.650317150264786E-004
  2.854913961463073E-003
 -1.855955790306191E-003
 -7.098893385511819E-004
 -7.708357983927019E-006
 -3.850414864372706E-005
  1.705425719332528E-005
 -1.234974667974306E-005
  8.750223769735068E-006
 -7.788601768746174E-006
 -1.454950271994490E-005
  1.626626984109175E-005
 -2.182119707959219E-005
  3.589241198466373E-005
 -6.615350914575261E-006
  7.435672572192590E-005
 -6.821420391193313E-004
 -2.642649557169717E-004
  9.138240385065112E-003
  2.401313312554213E-003
  6.427720017355055E-005
  9.607146551754359E-005
 -3.850414864372749E-005
  2.767337514771661E-005
 -1.917881241012279E-005
  1.686895561242086E-005
  9.288887261608001E-006
 -1.281819887969507E-005
  1.996569930347768E-005
 -3.187656304981474E-005
  7.435672572192590E-005
 -1.269986176997528E-006
  3.541797588080674E-003
  2.289194803742821E-002
  2.053811179683143E-002
  3.761452853649269E-003
  2.488177622029188E-004
  6.427720017355366E-005
 -7.708357983928362E-006
  5.863117083951719E-006
 -2.266843132249616E-006
  1.924942158357306E-006
 -3.046106256333065E-004
  3.384205331665015E-004
 -4.430513011723058E-004
  7.650317150264785E-004
 -6.821420391193311E-004
  3.541797588080674E-003
 -5.817589774325021E-004
  2.286213056377122E-002
  0.205447281507076     
  5.866359945010244E-002
  3.761452853649190E-003
  2.401313312554206E-003
 -7.098893385511894E-004
  5.790107713884722E-004
 -3.897971137306868E-004
  3.509561881819240E-004
 -9.611782821652712E-004
  1.109754848859551E-003
 -1.387407141753987E-003
  2.854913961463073E-003
 -2.642649557169714E-004
  2.289194803742821E-002
  2.286213056377122E-002
  2.181218211437706E-002
  0.639098994937298     
  0.205447281507076     
  2.053811179683105E-002
  9.138240385065036E-003
 -1.855955790306208E-003
  1.847223951562638E-003
 -1.199829568163892E-003
  1.081824746688806E-003
  1.081824746688807E-003
 -1.199829568163889E-003
  1.847223951562639E-003
 -1.855955790306191E-003
  9.138240385065112E-003
  2.053811179683144E-002
  0.205447281507076     
  0.639098994937298     
  2.181218211437706E-002
  2.286213056377105E-002
  2.289194803742813E-002
 -2.642649557169893E-004
  2.854913961463072E-003
 -1.387407141753988E-003
  1.109754848859551E-003
 -9.611782821652728E-004
  3.509561881819225E-004
 -3.897971137306845E-004
  5.790107713884702E-004
 -7.098893385511820E-004
  2.401313312554213E-003
  3.761452853649269E-003
  5.866359945010245E-002
  0.205447281507076     
  2.286213056377105E-002
 -5.817589774325010E-004
  3.541797588080667E-003
 -6.821420391193276E-004
  7.650317150264772E-004
 -4.430513011723044E-004
  3.384205331665002E-004
 -3.046106256333057E-004
  1.924942158356753E-006
 -2.266843132249004E-006
  5.863117083950784E-006
 -7.708357983927037E-006
  6.427720017355058E-005
  2.488177622029190E-004
  3.761452853649190E-003
  2.053811179683106E-002
  2.289194803742813E-002
  3.541797588080667E-003
 -1.269986176998237E-006
  7.435672572192719E-005
 -3.187656304981578E-005
  1.996569930347832E-005
 -1.281819887969559E-005
  9.288887261608441E-006
  1.686895561242075E-005
 -1.917881241012265E-005
  2.767337514771644E-005
 -3.850414864372706E-005
  9.607146551754359E-005
  6.427720017355371E-005
  2.401313312554208E-003
  9.138240385065038E-003
 -2.642649557169888E-004
 -6.821420391193276E-004
  7.435672572192719E-005
 -6.615350914575179E-006
  3.589241198466358E-005
 -2.182119707959207E-005
  1.626626984109166E-005
 -1.454950271994483E-005
 -7.788601768746196E-006
  8.750223769735078E-006
 -1.234974667974310E-005
  1.705425719332528E-005
 -3.850414864372748E-005
 -7.708357983928382E-006
 -7.098893385511893E-004
 -1.855955790306207E-003
  2.854913961463072E-003
  7.650317150264772E-004
 -3.187656304981577E-005
  3.589241198466356E-005
 -2.653125686154696E-006
  1.372258433511133E-005
 -9.135999458108043E-006
  8.041686654466362E-006
  5.482008605760453E-006
 -6.195153859526298E-006
  8.779255544995766E-006
 -1.234974667974306E-005
  2.767337514771663E-005
  5.863117083951692E-006
  5.790107713884720E-004
  1.847223951562639E-003
 -1.387407141753988E-003
 -4.430513011723044E-004
  1.996569930347833E-005
 -2.182119707959207E-005
  1.372258433511133E-005
 -1.152468014617344E-006
  6.455948588750999E-006
 -5.283168281359815E-006
 -3.883126351850007E-006
  4.384499516963147E-006
 -6.195153859526298E-006
  8.750223769735069E-006
 -1.917881241012279E-005
 -2.266843132249612E-006
 -3.897971137306868E-004
 -1.199829568163892E-003
  1.109754848859551E-003
  3.384205331665002E-004
 -1.281819887969559E-005
  1.626626984109166E-005
 -9.135999458108043E-006
  6.455948588750999E-006
 -6.099694093964332E-007
  4.063518843177281E-006
  3.443904355977725E-006
 -3.883126351850005E-006
  5.482008605760454E-006
 -7.788601768746171E-006
  1.686895561242086E-005
  1.924942158357308E-006
  3.509561881819240E-004
  1.081824746688806E-003
 -9.611782821652728E-004
 -3.046106256333057E-004
  9.288887261608433E-006
 -1.454950271994482E-005
  8.041686654466361E-006
 -5.283168281359815E-006
  4.063518843177280E-006
 -4.861086151568217E-007
