 
     Two-Electron DVR    
 ------------------------
 x0     =      15.00000000
 m      =       1.00000000
 Z      =       2.00000000
 n      =             2048
 dx     =       0.01465559
 
Soft-Coulomb Parameters:
 alpha  =       1.00000000
 beta   =       0.01000000
 
 
                       Hartree-Fock                      
 --------------------------------------------------------
 no. of orbitals        =             2048
 no. of electrons       =                2
 scf_damping_switch     =        T
 scf_diis_switch        =        F
 damping_factor         =   0.60000000
 e_tolerance            = 0.0000000000100000
 maximum scf-iterations =              200
 
 
                       SCF iterations                      
 ----------------------------------------------------------
    S.No    Energy (hartree)        dE (hartree)
 ----------------------------------------------------------
       0     -2.966871954640
       1     -0.714602153677      2.252269800963
       2     -0.944776240411      0.230174086734
       3     -1.090989582472      0.146213342060
       4     -1.169694211057      0.078704628585
       5     -1.216413379721      0.046719168664
       6     -1.245239796804      0.028826417083
       7     -1.263155674610      0.017915877806
       8     -1.274242692693      0.011087018083
       9     -1.281056901503      0.006814208811
      10     -1.285218891298      0.004161989795
      11     -1.287748540949      0.002529649651
      12     -1.289280535478      0.001531994528
      13     -1.290205955658      0.000925420180
      14     -1.290763956598      0.000558000940
      15     -1.291099987197      0.000336030600
      16     -1.291302165046      0.000202177849
      17     -1.291423730964      0.000121565918
      18     -1.291496792941      0.000073061977
      19     -1.291540689062      0.000043896121
      20     -1.291567055628      0.000026366566
      21     -1.291582889969      0.000015834341
      22     -1.291592397858      0.000009507889
      23     -1.291598106328      0.000005708470
      24     -1.291601533343      0.000003427014
      25     -1.291603590563      0.000002057220
      26     -1.291604825428      0.000001234865
      27     -1.291605566630      0.000000741203
      28     -1.291606011501      0.000000444871
      29     -1.291606278503      0.000000267002
      30     -1.291606438748      0.000000160245
      31     -1.291606534919      0.000000096172
      32     -1.291606592633      0.000000057714
      33     -1.291606627269      0.000000034636
      34     -1.291606648055      0.000000020786
      35     -1.291606660528      0.000000012473
      36     -1.291606668013      0.000000007486
      37     -1.291606672504      0.000000004490
      38     -1.291606675200      0.000000002696
      39     -1.291606676817      0.000000001617
      40     -1.291606677787      0.000000000970
      41     -1.291606678371      0.000000000584
      42     -1.291606678719      0.000000000348
      43     -1.291606678930      0.000000000210
      44     -1.291606679054      0.000000000125
      45     -1.291606679131      0.000000000076
      46     -1.291606679176      0.000000000045
      47     -1.291606679202      0.000000000027
      48     -1.291606679219      0.000000000016
      49     -1.291606679229      0.000000000010
      50     -1.291606679235      0.000000000006
 ----------------------------------------------------------
  
 
 
 ---------------------------------------
     Molecular Orbital Energies (Eh)    
 ---------------------------------------
       1     -0.09385278
       2      0.07281923
       3      0.07969382
       4      0.18390423
       5      0.20411880
       6      0.32426713
       7      0.36508801
       8      0.49566282
       9      0.56376215
      10      0.70364300
      11      0.80143142
      12      0.95265918
      13      1.07916643
      14      1.24461460
      15      1.39786024
      16      1.57995735
      17      1.75821784
      18      1.95871347
      19      2.16077323
      20      2.38084616
      21      2.60591698
      22      2.84634023
      23      3.09393008
      24      3.35520489
      25      3.62501366
      26      3.90746480
      27      4.19931263
      28      4.50315146
      29      4.81693273
      30      5.14229817
      31      5.47795251
      32      5.82493709
      33      6.18243153
      34      6.55109793
      35      6.93041588
      36      7.32080741
      37      7.72194199
      38      8.13408929
      39      8.55703919
      40      8.99096448
      41      9.43573153
      42      9.89145136
      43     10.35803902
      44     10.83556606
      45     11.32397854
      46     11.82332277
      47     12.33356454
      48     12.85473396
      49     13.38680945
      50     13.92981068
      51     14.48372411
      52     15.04856270
      53     15.62431804
      54     16.21099873
      55     16.80859963
      56     17.41712655
      57     18.03657638
      58     18.66695310
      59     19.30825494
      60     19.96048467
      61     20.62364133
      62     21.29772690
      63     21.98274095
      64     22.67868492
      65     23.38555870
      66     24.10336339
      67     24.83209904
      68     25.57176653
      69     26.32236603
      70     27.08389824
      71     27.85636339
      72     28.63976206
      73     29.43409452
      74     30.23936125
      75     31.05556255
      76     31.88269883
      77     32.72077038
      78     33.56977757
      79     34.42972068
      80     35.30060004
      81     36.18241591
      82     37.07516861
      83     37.97885838
      84     38.89348551
      85     39.81905022
      86     40.75555279
      87     41.70299342
      88     42.66137237
      89     43.63068983
      90     44.61094603
      91     45.60214118
      92     46.60427547
      93     47.61734909
      94     48.64136225
      95     49.67631510
      96     50.72220783
      97     51.77904061
      98     52.84681361
      99     53.92552698
     100     55.01518089
     101     56.11577547
     102     57.22731089
     103     58.34978727
     104     59.48320476
     105     60.62756349
     106     61.78286360
     107     62.94910521
     108     64.12628844
     109     65.31441341
     110     66.51348024
     111     67.72348905
     112     68.94443994
     113     70.17633302
     114     71.41916841
     115     72.67294618
     116     73.93766646
     117     75.21332934
     118     76.49993490
     119     77.79748325
     120     79.10597447
     121     80.42540865
     122     81.75578588
     123     83.09710623
     124     84.44936980
     125     85.81257666
     126     87.18672688
     127     88.57182055
     128     89.96785774
     129     91.37483851
     130     92.79276295
     131     94.22163110
     132     95.66144307
     133     97.11219889
     134     98.57389864
     135    100.04654237
     136    101.53013016
     137    103.02466206
     138    104.53013813
     139    106.04655842
     140    107.57392301
     141    109.11223192
     142    110.66148523
     143    112.22168298
     144    113.79282524
     145    115.37491203
     146    116.96794343
     147    118.57191946
     148    120.18684020
     149    121.81270566
     150    123.44951592
     151    125.09727099
     152    126.75597095
     153    128.42561581
     154    130.10620563
     155    131.79774044
     156    133.50022031
     157    135.21364523
     158    136.93801529
     159    138.67333048
     160    140.41959088
     161    142.17679648
     162    143.94494737
     163    145.72404354
     164    147.51408505
     165    149.31507192
     166    151.12700419
     167    152.94988189
     168    154.78370505
     169    156.62847370
     170    158.48418789
     171    160.35084761
     172    162.22845294
     173    164.11700385
     174    166.01650043
     175    167.92694266
     176    169.84833060
     177    171.78066424
     178    173.72394365
     179    175.67816882
     180    177.64333981
     181    179.61945660
     182    181.60651926
     183    183.60452777
     184    185.61348220
     185    187.63338254
     186    189.66422883
     187    191.70602107
     188    193.75875932
     189    195.82244355
     190    197.89707384
     191    199.98265016
     192    202.07917257
     193    204.18664105
     194    206.30505567
     195    208.43441639
     196    210.57472329
     197    212.72597633
     198    214.88817559
     199    217.06132102
     200    219.24541271
     201    221.44045061
     202    223.64643480
     203    225.86336523
     204    228.09124199
     205    230.33006503
     206    232.57983441
     207    234.84055012
     208    237.11221221
     209    239.39482064
     210    241.68837549
     211    243.99287671
     212    246.30832438
     213    248.63471845
     214    250.97205899
     215    253.32034597
     216    255.67957945
     217    258.04975939
     218    260.43088585
     219    262.82295880
     220    265.22597830
     221    267.63994432
     222    270.06485691
     223    272.50071605
     224    274.94752178
     225    277.40527408
     226    279.87397300
     227    282.35361850
     228    284.84421066
     229    287.34574942
     230    289.85823485
     231    292.38166691
     232    294.91604567
     233    297.46137107
     234    300.01764319
     235    302.58486198
     236    305.16302750
     237    307.75213972
     238    310.35219868
     239    312.96320436
     240    315.58515681
     241    318.21805599
     242    320.86190196
     243    323.51669468
     244    326.18243421
     245    328.85912049
     246    331.54675361
     247    334.24533351
     248    336.95486026
     249    339.67533379
     250    342.40675420
     251    345.14912141
     252    347.90243551
     253    350.66669643
     254    353.44190424
     255    356.22805890
     256    359.02516047
     257    361.83320889
     258    364.65220424
     259    367.48214646
     260    370.32303562
     261    373.17487166
     262    376.03765466
     263    378.91138456
     264    381.79606142
     265    384.69168519
     266    387.59825595
     267    390.51577362
     268    393.44423829
     269    396.38364990
     270    399.33400851
     271    402.29531407
     272    405.26756665
     273    408.25076618
     274    411.24491275
     275    414.25000628
     276    417.26604686
     277    420.29303442
     278    423.33096903
     279    426.37985063
     280    429.43967930
     281    432.51045497
     282    435.59217772
     283    438.68484747
     284    441.78846431
     285    444.90302817
     286    448.02853913
     287    451.16499711
     288    454.31240221
     289    457.47075434
     290    460.64005359
     291    463.82029988
     292    467.01149331
     293    470.21363378
     294    473.42672140
     295    476.65075607
     296    479.88573789
     297    483.13166678
     298    486.38854283
     299    489.65636595
     300    492.93513624
     301    496.22485361
     302    499.52551816
     303    502.83712979
     304    506.15968862
     305    509.49319453
     306    512.83764764
     307    516.19304785
     308    519.55939526
     309    522.93668978
     310    526.32493151
     311    529.72412036
     312    533.13425642
     313    536.55533960
     314    539.98737001
     315    543.43034754
     316    546.88427231
     317    550.34914420
     318    553.82496334
     319    557.31172962
     320    560.80944314
     321    564.31810380
     322    567.83771172
     323    571.36826679
     324    574.90976911
     325    578.46221859
     326    582.02561534
     327    585.59995925
     328    589.18525042
     329    592.78148877
     330    596.38867439
     331    600.00680718
     332    603.63588726
     333    607.27591450
     334    610.92688905
     335    614.58881076
     336    618.26167978
     337    621.94549598
     338    625.64025948
     339    629.34597016
     340    633.06262816
     341    636.79023334
     342    640.52878585
     343    644.27828554
     344    648.03873255
     345    651.81012677
     346    655.59246830
     347    659.38575704
     348    663.18999311
     349    667.00517639
     350    670.83130700
     351    674.66838482
     352    678.51640998
     353    682.37538235
     354    686.24530207
     355    690.12616900
     356    694.01798329
     357    697.92074479
     358    701.83445365
     359    705.75910973
     360    709.69471317
     361    713.64126384
     362    717.59876187
     363    721.56720713
     364    725.54659976
     365    729.53693961
     366    733.53822685
     367    737.55046131
     368    741.57364315
     369    745.60777223
     370    749.65284870
     371    753.70887239
     372    757.77584348
     373    761.85376181
     374    765.94262753
     375    770.04244049
     376    774.15320085
     377    778.27490845
     378    782.40756345
     379    786.55116570
     380    790.70571536
     381    794.87121226
     382    799.04765657
     383    803.23504813
     384    807.43338711
     385    811.64267334
     386    815.86290698
     387    820.09408788
     388    824.33621620
     389    828.58929177
     390    832.85331477
     391    837.12828503
     392    841.41420271
     393    845.71106766
     394    850.01888003
     395    854.33763967
     396    858.66734674
     397    863.00800108
     398    867.35960285
     399    871.72215189
     400    876.09564837
     401    880.48009212
     402    884.87548332
     403    889.28182178
     404    893.69910769
     405    898.12734087
     406    902.56652150
     407    907.01664940
     408    911.47772476
     409    915.94974738
     410    920.43271747
     411    924.92663483
     412    929.43149966
     413    933.94731175
     414    938.47407132
     415    943.01177816
     416    947.56043246
     417    952.12003405
     418    956.69058310
     419    961.27207943
     420    965.86452324
     421    970.46791433
     422    975.08225289
     423    979.70753874
     424    984.34377206
     425    988.99095266
     426    993.64908075
     427    998.31815612
     428   1002.99817898
     429   1007.68914912
     430   1012.39106675
     431   1017.10393166
     432   1021.82774407
     433   1026.56250376
     434   1031.30821094
     435   1036.06486541
     436   1040.83246738
     437   1045.61101664
     438   1050.40051339
     439   1055.20095743
     440   1060.01234898
     441   1064.83468781
     442   1069.66797415
     443   1074.51220778
     444   1079.36738891
     445   1084.23351734
     446   1089.11059327
     447   1093.99861650
     448   1098.89758724
     449   1103.80750527
     450   1108.72837082
     451   1113.66018366
     452   1118.60294401
     453   1123.55665166
     454   1128.52130683
     455   1133.49690930
     456   1138.48345928
     457   1143.48095656
     458   1148.48940137
     459   1153.50879347
     460   1158.53913310
     461   1163.58042002
     462   1168.63265447
     463   1173.69583622
     464   1178.76996550
     465   1183.85504208
     466   1188.95106619
     467   1194.05803760
     468   1199.17595655
     469   1204.30482279
     470   1209.44463658
     471   1214.59539766
     472   1219.75710628
     473   1224.92976220
     474   1230.11336567
     475   1235.30791643
     476   1240.51341474
     477   1245.72986035
     478   1250.95725351
     479   1256.19559396
     480   1261.44488197
     481   1266.70511727
     482   1271.97630014
     483   1277.25843029
     484   1282.55150801
     485   1287.85553302
     486   1293.17050560
     487   1298.49642547
     488   1303.83329291
     489   1309.18110764
     490   1314.53986994
     491   1319.90957953
     492   1325.29023669
     493   1330.68184115
     494   1336.08439319
     495   1341.49789251
     496   1346.92233941
     497   1352.35773361
     498   1357.80407538
     499   1363.26136445
     500   1368.72960110
     501   1374.20878505
     502   1379.69891657
     503   1385.19999539
     504   1390.71202180
     505   1396.23499550
     506   1401.76891678
     507   1407.31378537
     508   1412.86960154
     509   1418.43636500
     510   1424.01407606
     511   1429.60273441
     512   1435.20234035
     513   1440.81289359
     514   1446.43439443
     515   1452.06684256
     516   1457.71023828
     517   1463.36458130
     518   1469.02987193
     519   1474.70610984
     520   1480.39329536
     521   1486.09142817
     522   1491.80050859
     523   1497.52053630
     524   1503.25151162
     525   1508.99343423
     526   1514.74630445
     527   1520.51012197
     528   1526.28488709
     529   1532.07059951
     530   1537.86725955
     531   1543.67486687
     532   1549.49342182
     533   1555.32292405
     534   1561.16337390
     535   1567.01477105
     536   1572.87711582
     537   1578.75040787
     538   1584.63464756
     539   1590.52983453
     540   1596.43596913
     541   1602.35305102
     542   1608.28108053
     543   1614.22005734
     544   1620.16998178
     545   1626.13085351
     546   1632.10267287
     547   1638.08543952
     548   1644.07915381
     549   1650.08381538
     550   1656.09942459
     551   1662.12598109
     552   1668.16348524
     553   1674.21193666
     554   1680.27133574
     555   1686.34168210
     556   1692.42297610
     557   1698.51521739
     558   1704.61840633
     559   1710.73254255
     560   1716.85762643
     561   1722.99365759
     562   1729.14063640
     563   1735.29856249
     564   1741.46743625
     565   1747.64725728
     566   1753.83802598
     567   1760.03974195
     568   1766.25240559
     569   1772.47601651
     570   1778.71057509
     571   1784.95608095
     572   1791.21253448
     573   1797.47993529
     574   1803.75828377
     575   1810.04757952
     576   1816.34782295
     577   1822.65901366
     578   1828.98115204
     579   1835.31423770
     580   1841.65827103
     581   1848.01325164
     582   1854.37917994
     583   1860.75605550
     584   1867.14387875
     585   1873.54264927
     586   1879.95236748
     587   1886.37303296
     588   1892.80464613
     589   1899.24720657
     590   1905.70071470
     591   1912.16517011
     592   1918.64057320
     593   1925.12692357
     594   1931.62422163
     595   1938.13246697
     596   1944.65166000
     597   1951.18180030
     598   1957.72288830
     599   1964.27492357
     600   1970.83790654
     601   1977.41183678
     602   1983.99671472
     603   1990.59253993
     604   1997.19931285
     605   2003.81703304
     606   2010.44570094
     607   2017.08531610
     608   2023.73587897
     609   2030.39738911
     610   2037.06984697
     611   2043.75325209
     612   2050.44760492
     613   2057.15290502
     614   2063.86915284
     615   2070.59634792
     616   2077.33449073
     617   2084.08358079
     618   2090.84361858
     619   2097.61460364
     620   2104.39653642
     621   2111.18941645
     622   2117.99324423
     623   2124.80801925
     624   2131.63374202
     625   2138.47041203
     626   2145.31802979
     627   2152.17659480
     628   2159.04610755
     629   2165.92656756
     630   2172.81797531
     631   2179.72033031
     632   2186.63363306
     633   2193.55788306
     634   2200.49308080
     635   2207.43922580
     636   2214.39631855
     637   2221.36435855
     638   2228.34334630
     639   2235.33328131
     640   2242.33416406
     641   2249.34599407
     642   2256.36877184
     643   2263.40249685
     644   2270.44716962
     645   2277.50278964
     646   2284.56935743
     647   2291.64687246
     648   2298.73533525
     649   2305.83474530
     650   2312.94510311
     651   2320.06640816
     652   2327.19866098
     653   2334.34186105
     654   2341.49600890
     655   2348.66110398
     656   2355.83714684
     657   2363.02413694
     658   2370.22207482
     659   2377.43095995
     660   2384.65079285
     661   2391.88157299
     662   2399.12330092
     663   2406.37597608
     664   2413.63959904
     665   2420.91416923
     666   2428.19968721
     667   2435.49615242
     668   2442.80356543
     669   2450.12192568
     670   2457.45123372
     671   2464.79148899
     672   2472.14269206
     673   2479.50484236
     674   2486.87794047
     675   2494.26198581
     676   2501.65697895
     677   2509.06291932
     678   2516.47980750
     679   2523.90764291
     680   2531.34642613
     681   2538.79615657
     682   2546.25683483
     683   2553.72846031
     684   2561.21103362
     685   2568.70455414
     686   2576.20902249
     687   2583.72443806
     688   2591.25080145
     689   2598.78811206
     690   2606.33637050
     691   2613.89557616
     692   2621.46572965
     693   2629.04683036
     694   2636.63887890
     695   2644.24187465
     696   2651.85581825
     697   2659.48070905
     698   2667.11654770
     699   2674.76333356
     700   2682.42106727
     701   2690.08974818
     702   2697.76937694
     703   2705.45995291
     704   2713.16147674
     705   2720.87394777
     706   2728.59736665
     707   2736.33173274
     708   2744.07704668
     709   2751.83330784
     710   2759.60051685
     711   2767.37867306
     712   2775.16777714
     713   2782.96782842
     714   2790.77882756
     715   2798.60077391
     716   2806.43366812
     717   2814.27750954
     718   2822.13229882
     719   2829.99803531
     720   2837.87471967
     721   2845.76235123
     722   2853.66093066
     723   2861.57045729
     724   2869.49093181
     725   2877.42235351
     726   2885.36472310
     727   2893.31803989
     728   2901.28230456
     729   2909.25751642
     730   2917.24367617
     731   2925.24078312
     732   2933.24883795
     733   2941.26783998
     734   2949.29778990
     735   2957.33868701
     736   2965.39053202
     737   2973.45332422
     738   2981.52706432
     739   2989.61175160
     740   2997.70738679
     741   3005.81396916
     742   3013.93149944
     743   3022.05997691
     744   3030.19940229
     745   3038.34977484
     746   3046.51109532
     747   3054.68336297
     748   3062.86657854
     749   3071.06074129
     750   3079.26585196
     751   3087.48190981
     752   3095.70891558
     753   3103.94686853
     754   3112.19576940
     755   3120.45561745
     756   3128.72641343
     757   3137.00815658
     758   3145.30084767
     759   3153.60448593
     760   3161.91907213
     761   3170.24460549
     762   3178.58108680
     763   3186.92851528
     764   3195.28689170
     765   3203.65621528
     766   3212.03648682
     767   3220.42770551
     768   3228.82987217
     769   3237.24298598
     770   3245.66704775
     771   3254.10205667
     772   3262.54801356
     773   3271.00491761
     774   3279.47276962
     775   3287.95156878
     776   3296.44131592
     777   3304.94201021
     778   3313.45365247
     779   3321.97624188
     780   3330.50977926
     781   3339.05426380
     782   3347.60969631
     783   3356.17607598
     784   3364.75340362
     785   3373.34167842
     786   3381.94090120
     787   3390.55107112
     788   3399.17218903
     789   3407.80425409
     790   3416.44726714
     791   3425.10122733
     792   3433.76613552
     793   3442.44199084
     794   3451.12879417
     795   3459.82654464
     796   3468.53524311
     797   3477.25488871
     798   3485.98548233
     799   3494.72702307
     800   3503.47951183
     801   3512.24294772
     802   3521.01733163
     803   3529.80266267
     804   3538.59894173
     805   3547.40616791
     806   3556.22434212
     807   3565.05346345
     808   3573.89353282
     809   3582.74454930
     810   3591.60651382
     811   3600.47942546
     812   3609.36328513
     813   3618.25809192
     814   3627.16384676
     815   3636.08054871
     816   3645.00819871
     817   3653.94679581
     818   3662.89634097
     819   3671.85683324
     820   3680.82827357
     821   3689.81066100
     822   3698.80399649
     823   3707.80827909
     824   3716.82350975
     825   3725.84968751
     826   3734.88681334
     827   3743.93488627
     828   3752.99390727
     829   3762.06387538
     830   3771.14479155
     831   3780.23665483
     832   3789.33946618
     833   3798.45322463
     834   3807.57793116
     835   3816.71358479
     836   3825.86018650
     837   3835.01773530
     838   3844.18623220
     839   3853.36567618
     840   3862.55606826
     841   3871.75740743
     842   3880.96969469
     843   3890.19292904
     844   3899.42711150
     845   3908.67224103
     846   3917.92831868
     847   3927.19534340
     848   3936.47331624
     849   3945.76223615
     850   3955.06210418
     851   3964.37291929
     852   3973.69468252
     853   3983.02739282
     854   3992.37105124
     855   4001.72565674
     856   4011.09121036
     857   4020.46771106
     858   4029.85515989
     859   4039.25355578
     860   4048.66289981
     861   4058.08319091
     862   4067.51443015
     863   4076.95661644
     864   4086.40975089
     865   4095.87383240
     866   4105.34886206
     867   4114.83483877
     868   4124.33176364
     869   4133.83963556
     870   4143.35845565
     871   4152.88822278
     872   4162.42893808
     873   4171.98060043
     874   4181.54321095
     875   4191.11676851
     876   4200.70127425
     877   4210.29672703
     878   4219.90312800
     879   4229.52047600
     880   4239.14877219
     881   4248.78801541
     882   4258.43820683
     883   4268.09934527
     884   4277.77143192
     885   4287.45446559
     886   4297.14844747
     887   4306.85337637
     888   4316.56925348
     889   4326.29607761
     890   4336.03384995
     891   4345.78256932
     892   4355.54223690
     893   4365.31285150
     894   4375.09441432
     895   4384.88692415
     896   4394.69038221
     897   4404.50478728
     898   4414.33014059
     899   4424.16644090
     900   4434.01368945
     901   4443.87188501
     902   4453.74102881
     903   4463.62111961
     904   4473.51215866
     905   4483.41414471
     906   4493.32707901
     907   4503.25096030
     908   4513.18578986
     909   4523.13156640
     910   4533.08829121
     911   4543.05596301
     912   4553.03458308
     913   4563.02415014
     914   4573.02466547
     915   4583.03612778
     916   4593.05853837
     917   4603.09189595
     918   4613.13620180
     919   4623.19145464
     920   4633.25765576
     921   4643.33480386
     922   4653.42290025
     923   4663.52194361
     924   4673.63193528
     925   4683.75287391
     926   4693.88476085
     927   4704.02759475
     928   4714.18137696
     929   4724.34610613
     930   4734.52178362
     931   4744.70840807
     932   4754.90598084
     933   4765.11450057
     934   4775.33396862
     935   4785.56438362
     936   4795.80574696
     937   4806.05805724
     938   4816.32131587
     939   4826.59552143
     940   4836.88067534
     941   4847.17677620
     942   4857.48382540
     943   4867.80182154
     944   4878.13076603
     945   4888.47065746
     946   4898.82149725
     947   4909.18328398
     948   4919.55601906
     949   4929.93970108
     950   4940.33433146
     951   4950.73990878
     952   4961.15643446
     953   4971.58390707
     954   4982.02232807
     955   4992.47169598
     956   5002.93201228
     957   5013.40327549
     958   5023.88548710
     959   5034.37864562
     960   5044.88275253
     961   5055.39780636
     962   5065.92380859
     963   5076.46075772
     964   5087.00865527
     965   5097.56749972
     966   5108.13729258
     967   5118.71803234
     968   5129.30972052
     969   5139.91235560
     970   5150.52593911
     971   5161.15046950
     972   5171.78594833
     973   5182.43237404
     974   5193.08974820
     975   5203.75806924
     976   5214.43733872
     977   5225.12755509
     978   5235.82871990
     979   5246.54083159
     980   5257.26389174
     981   5267.99789876
     982   5278.74285424
     983   5289.49875660
     984   5300.26560742
     985   5311.04340510
     986   5321.83215127
     987   5332.63184429
     988   5343.44248579
     989   5354.26407415
     990   5365.09661100
     991   5375.94009470
     992   5386.79452690
     993   5397.65990594
     994   5408.53623349
     995   5419.42350788
     996   5430.32173078
     997   5441.23090051
     998   5452.15101877
     999   5463.08208385
    1000   5474.02409746
    1001   5484.97705790
    1002   5495.94096687
    1003   5506.91582266
    1004   5517.90162699
    1005   5528.89837814
    1006   5539.90607783
    1007   5550.92472434
    1008   5561.95431940
    1009   5572.99486127
    1010   5584.04635169
    1011   5595.10878893
    1012   5606.18217472
    1013   5617.26650732
    1014   5628.36178849
    1015   5639.46801646
    1016   5650.58519301
    1017   5661.71331635
    1018   5672.85238827
    1019   5684.00240698
    1020   5695.16337428
    1021   5706.33528837
    1022   5717.51815105
    1023   5728.71196052
    1024   5739.91671858
    1025   5751.13242343
    1026   5762.35907688
    1027   5773.59667711
    1028   5784.84522595
    1029   5796.10472157
    1030   5807.37516580
    1031   5818.65655680
    1032   5829.94889643
    1033   5841.25218282
    1034   5852.56641784
    1035   5863.89159963
    1036   5875.22773005
    1037   5886.57480722
    1038   5897.93283305
    1039   5909.30180562
    1040   5920.68172685
    1041   5932.07259482
    1042   5943.47441146
    1043   5954.88717483
    1044   5966.31088687
    1045   5977.74554565
    1046   5989.19115310
    1047   6000.64770728
    1048   6012.11521015
    1049   6023.59365974
    1050   6035.08305802
    1051   6046.58340302
    1052   6058.09469672
    1053   6069.61693713
    1054   6081.15012626
    1055   6092.69426209
    1056   6104.24934663
    1057   6115.81537788
    1058   6127.39235785
    1059   6138.98028451
    1060   6150.57915991
    1061   6162.18898200
    1062   6173.80975283
    1063   6185.44147034
    1064   6197.08413660
    1065   6208.73774955
    1066   6220.40231124
    1067   6232.07781961
    1068   6243.76427675
    1069   6255.46168055
    1070   6267.17003313
    1071   6278.88933236
    1072   6290.61958038
    1073   6302.36077505
    1074   6314.11291852
    1075   6325.87600863
    1076   6337.65004754
    1077   6349.43503310
    1078   6361.23096746
    1079   6373.03784846
    1080   6384.85567827
    1081   6396.68445472
    1082   6408.52417998
    1083   6420.37485188
    1084   6432.23647260
    1085   6444.10903995
    1086   6455.99255614
    1087   6467.88701894
    1088   6479.79243059
    1089   6491.70878884
    1090   6503.63609596
    1091   6515.57434967
    1092   6527.52355225
    1093   6539.48370143
    1094   6551.45479948
    1095   6563.43684412
    1096   6575.42983764
    1097   6587.43377775
    1098   6599.44866675
    1099   6611.47450232
    1100   6623.51128680
    1101   6635.55901785
    1102   6647.61769780
    1103   6659.68732432
    1104   6671.76789976
    1105   6683.85942175
    1106   6695.96189267
    1107   6708.07531015
    1108   6720.19967656
    1109   6732.33498952
    1110   6744.48125141
    1111   6756.63845985
    1112   6768.80661724
    1113   6780.98572117
    1114   6793.17577406
    1115   6805.37677347
    1116   6817.58872185
    1117   6829.81161676
    1118   6842.04546064
    1119   6854.29025104
    1120   6866.54599043
    1121   6878.81267632
    1122   6891.09031121
    1123   6903.37889261
    1124   6915.67842300
    1125   6927.98889990
    1126   6940.31032581
    1127   6952.64269820
    1128   6964.98601962
    1129   6977.34028753
    1130   6989.70550446
    1131   7002.08166787
    1132   7014.46878033
    1133   7026.86683925
    1134   7039.27584722
    1135   7051.69580166
    1136   7064.12670516
    1137   7076.56855511
    1138   7089.02135413
    1139   7101.48509960
    1140   7113.95979415
    1141   7126.44543514
    1142   7138.94202522
    1143   7151.44956173
    1144   7163.96804735
    1145   7176.49747938
    1146   7189.03786053
    1147   7201.58918810
    1148   7214.15146479
    1149   7226.72468789
    1150   7239.30886011
    1151   7251.90397874
    1152   7264.51004652
    1153   7277.12706068
    1154   7289.75502400
    1155   7302.39393370
    1156   7315.04379257
    1157   7327.70459782
    1158   7340.37635223
    1159   7353.05905302
    1160   7365.75270299
    1161   7378.45729933
    1162   7391.17284485
    1163   7403.89933674
    1164   7416.63677782
    1165   7429.38516525
    1166   7442.14450190
    1167   7454.91478489
    1168   7467.69601710
    1169   7480.48819564
    1170   7493.29132342
    1171   7506.10539752
    1172   7518.93042086
    1173   7531.76639052
    1174   7544.61330944
    1175   7557.47117467
    1176   7570.33998916
    1177   7583.21974995
    1178   7596.11046002
    1179   7609.01211638
    1180   7621.92472202
    1181   7634.84827395
    1182   7647.78277518
    1183   7660.72822269
    1184   7673.68461950
    1185   7686.65196258
    1186   7699.63025498
    1187   7712.61949364
    1188   7725.61968163
    1189   7738.63081587
    1190   7751.65289945
    1191   7764.68592927
    1192   7777.72990845
    1193   7790.78483386
    1194   7803.85070864
    1195   7816.92752963
    1196   7830.01530001
    1197   7843.11401660
    1198   7856.22368257
    1199   7869.34429476
    1200   7882.47585634
    1201   7895.61836412
    1202   7908.77182131
    1203   7921.93622468
    1204   7935.11157749
    1205   7948.29787646
    1206   7961.49512488
    1207   7974.70331946
    1208   7987.92246349
    1209   8001.15255367
    1210   8014.39359332
    1211   8027.64557912
    1212   8040.90851439
    1213   8054.18239579
    1214   8067.46722669
    1215   8080.76300371
    1216   8094.06973022
    1217   8107.38740286
    1218   8120.71602501
    1219   8134.05559326
    1220   8147.40611104
    1221   8160.76757492
    1222   8174.13998833
    1223   8187.52334783
    1224   8200.91765688
    1225   8214.32291200
    1226   8227.73911669
    1227   8241.16626744
    1228   8254.60436777
    1229   8268.05341416
    1230   8281.51341013
    1231   8294.98435215
    1232   8308.46624377
    1233   8321.95908142
    1234   8335.46286869
    1235   8348.97760199
    1236   8362.50328491
    1237   8376.03991384
    1238   8389.58749242
    1239   8403.14601700
    1240   8416.71549123
    1241   8430.29591145
    1242   8443.88728134
    1243   8457.48959722
    1244   8471.10286277
    1245   8484.72707430
    1246   8498.36223552
    1247   8512.00834269
    1248   8525.66539958
    1249   8539.33340241
    1250   8553.01235497
    1251   8566.70225346
    1252   8580.40310169
    1253   8594.11489584
    1254   8607.83763975
    1255   8621.57132956
    1256   8635.31596915
    1257   8649.07155463
    1258   8662.83808989
    1259   8676.61557104
    1260   8690.40400199
    1261   8704.20337881
    1262   8718.01370544
    1263   8731.83497793
    1264   8745.66720025
    1265   8759.51036842
    1266   8773.36448643
    1267   8787.22955028
    1268   8801.10556398
    1269   8814.99252351
    1270   8828.89043290
    1271   8842.79928812
    1272   8856.71909321
    1273   8870.64984411
    1274   8884.59154491
    1275   8898.54419149
    1276   8912.50778799
    1277   8926.48233027
    1278   8940.46782247
    1279   8954.46426044
    1280   8968.47164835
    1281   8982.48998202
    1282   8996.51926564
    1283   9010.55949500
    1284   9024.61067434
    1285   9038.67279940
    1286   9052.74587445
    1287   9066.82989522
    1288   9080.92486599
    1289   9095.03078246
    1290   9109.14764895
    1291   9123.27546112
    1292   9137.41422334
    1293   9151.56393123
    1294   9165.72458917
    1295   9179.89619276
    1296   9194.07874644
    1297   9208.27224575
    1298   9222.47669515
    1299   9236.69209018
    1300   9250.91843531
    1301   9265.15572606
    1302   9279.40396693
    1303   9293.66315340
    1304   9307.93329001
    1305   9322.21437220
    1306   9336.50640455
    1307   9350.80938246
    1308   9365.12331056
    1309   9379.44818420
    1310   9393.78400804
    1311   9408.13077742
    1312   9422.48849701
    1313   9436.85716212
    1314   9451.23677746
    1315   9465.62733830
    1316   9480.02884939
    1317   9494.44130598
    1318   9508.86471282
    1319   9523.29906515
    1320   9537.74436775
    1321   9552.20061582
    1322   9566.66781418
    1323   9581.14595799
    1324   9595.63505212
    1325   9610.13509168
    1326   9624.64608157
    1327   9639.16801688
    1328   9653.70090254
    1329   9668.24473359
    1330   9682.79951503
    1331   9697.36524184
    1332   9711.94191904
    1333   9726.52954161
    1334   9741.12811459
    1335   9755.73763291
    1336   9770.35810167
    1337   9784.98951575
    1338   9799.63188029
    1339   9814.28519013
    1340   9828.94945045
    1341   9843.62465606
    1342   9858.31081216
    1343   9873.00791354
    1344   9887.71596543
    1345   9902.43496258
    1346   9917.16491026
    1347   9931.90580317
    1348   9946.65764664
    1349   9961.42043533
    1350   9976.19417460
    1351   9990.97885906
    1352  10005.77449412
    1353  10020.58107437
    1354  10035.39860522
    1355  10050.22708125
    1356  10065.06650791
    1357  10079.91687971
    1358  10094.77820217
    1359  10109.65046976
    1360  10124.53368803
    1361  10139.42785140
    1362  10154.33296548
    1363  10169.24902464
    1364  10184.17603452
    1365  10199.11398947
    1366  10214.06289517
    1367  10229.02274591
    1368  10243.99354742
    1369  10258.97529396
    1370  10273.96799129
    1371  10288.97163362
    1372  10303.98622677
    1373  10319.01176490
    1374  10334.04825386
    1375  10349.09568780
    1376  10364.15407259
    1377  10379.22340232
    1378  10394.30368293
    1379  10409.39490847
    1380  10424.49708491
    1381  10439.61020626
    1382  10454.73427853
    1383  10469.86929568
    1384  10485.01526378
    1385  10500.17217674
    1386  10515.34004068
    1387  10530.51884945
    1388  10545.70860922
    1389  10560.90931381
    1390  10576.12096941
    1391  10591.34356982
    1392  10606.57712126
    1393  10621.82161748
    1394  10637.07706477
    1395  10652.34345681
    1396  10667.62079995
    1397  10682.90908781
    1398  10698.20832678
    1399  10713.51851047
    1400  10728.83964529
    1401  10744.17172480
    1402  10759.51475548
    1403  10774.86873081
    1404  10790.23365734
    1405  10805.60952850
    1406  10820.99635088
    1407  10836.39411787
    1408  10851.80283611
    1409  10867.22249893
    1410  10882.65311302
    1411  10898.09467168
    1412  10913.54718163
    1413  10929.01063612
    1414  10944.48504194
    1415  10959.97039226
    1416  10975.46669394
    1417  10990.97394011
    1418  11006.49213765
    1419  11022.02127965
    1420  11037.56137306
    1421  11053.11241091
    1422  11068.67440019
    1423  11084.24733387
    1424  11099.83121902
    1425  11115.42604855
    1426  11131.03182958
    1427  11146.64855495
    1428  11162.27623185
    1429  11177.91485307
    1430  11193.56442584
    1431  11209.22494291
    1432  11224.89641156
    1433  11240.57882448
    1434  11256.27218901
    1435  11271.97649778
    1436  11287.69175819
    1437  11303.41796282
    1438  11319.15511911
    1439  11334.90321959
    1440  11350.66227176
    1441  11366.43226810
    1442  11382.21321616
    1443  11398.00510835
    1444  11413.80795230
    1445  11429.62174034
    1446  11445.44648018
    1447  11461.28216409
    1448  11477.12879982
    1449  11492.98637958
    1450  11508.85491120
    1451  11524.73438683
    1452  11540.62481434
    1453  11556.52618583
    1454  11572.43850924
    1455  11588.36177659
    1456  11604.29599590
    1457  11620.24115911
    1458  11636.19727431
    1459  11652.16433340
    1460  11668.14234450
    1461  11684.13129945
    1462  11700.13120645
    1463  11716.14205726
    1464  11732.16386017
    1465  11748.19660685
    1466  11764.24030566
    1467  11780.29494821
    1468  11796.36054292
    1469  11812.43708135
    1470  11828.52457196
    1471  11844.62300626
    1472  11860.73239278
    1473  11876.85272294
    1474  11892.98400537
    1475  11909.12623141
    1476  11925.27940975
    1477  11941.44353166
    1478  11957.61860591
    1479  11973.80462370
    1480  11990.00159386
    1481  12006.20950752
    1482  12022.42837359
    1483  12038.65818312
    1484  12054.89894511
    1485  12071.15065052
    1486  12087.41330842
    1487  12103.68690971
    1488  12119.97146352
    1489  12136.26696068
    1490  12152.57341041
    1491  12168.89080345
    1492  12185.21914910
    1493  12201.55843802
    1494  12217.90867958
    1495  12234.26986438
    1496  12250.64200186
    1497  12267.02508254
    1498  12283.41911593
    1499  12299.82409249
    1500  12316.24002181
    1501  12332.66689424
    1502  12349.10471948
    1503  12365.55348779
    1504  12382.01320895
    1505  12398.48387314
    1506  12414.96549022
    1507  12431.45805030
    1508  12447.96156330
    1509  12464.47601925
    1510  12481.00142817
    1511  12497.53778000
    1512  12514.08508485
    1513  12530.64333256
    1514  12547.21253333
    1515  12563.79267692
    1516  12580.38377361
    1517  12596.98581308
    1518  12613.59880569
    1519  12630.22274104
    1520  12646.85762958
    1521  12663.50346081
    1522  12680.16024527
    1523  12696.82797237
    1524  12713.50665276
    1525  12730.19627574
    1526  12746.89685206
    1527  12763.60837091
    1528  12780.33084315
    1529  12797.06425789
    1530  12813.80862605
    1531  12830.56393666
    1532  12847.33020075
    1533  12864.10740723
    1534  12880.89556725
    1535  12897.69466961
    1536  12914.50472554
    1537  12931.32572378
    1538  12948.15767564
    1539  12965.00056974
    1540  12981.85441753
    1541  12998.71920751
    1542  13015.59495122
    1543  13032.48163707
    1544  13049.37927670
    1545  13066.28785842
    1546  13083.20739398
    1547  13100.13787156
    1548  13117.07930304
    1549  13134.03167650
    1550  13150.99500390
    1551  13167.96927322
    1552  13184.95449654
    1553  13201.95066173
    1554  13218.95778097
    1555  13235.97584202
    1556  13253.00485719
    1557  13270.04481410
    1558  13287.09572518
    1559  13304.15757796
    1560  13321.23038495
    1561  13338.31413359
    1562  13355.40883651
    1563  13372.51448100
    1564  13389.63107983
    1565  13406.75862018
    1566  13423.89711492
    1567  13441.04655113
    1568  13458.20694179
    1569  13475.37827384
    1570  13492.56056042
    1571  13509.75378832
    1572  13526.95797081
    1573  13544.17309456
    1574  13561.39917295
    1575  13578.63619255
    1576  13595.88416685
    1577  13613.14308229
    1578  13630.41295251
    1579  13647.69376379
    1580  13664.98552991
    1581  13682.28823702
    1582  13699.60189905
    1583  13716.92650200
    1584  13734.26205993
    1585  13751.60855871
    1586  13768.96601254
    1587  13786.33440716
    1588  13803.71375688
    1589  13821.10404733
    1590  13838.50529294
    1591  13855.91747921
    1592  13873.34062073
    1593  13890.77470282
    1594  13908.21974023
    1595  13925.67571814
    1596  13943.14265143
    1597  13960.62052516
    1598  13978.10935434
    1599  13995.60912388
    1600  14013.11984894
    1601  14030.64151429
    1602  14048.17413524
    1603  14065.71769639
    1604  14083.27221322
    1605  14100.83767017
    1606  14118.41408288
    1607  14136.00143562
    1608  14153.59974420
    1609  14171.20899274
    1610  14188.82919719
    1611  14206.46034152
    1612  14224.10244184
    1613  14241.75548195
    1614  14259.41947814
    1615  14277.09441403
    1616  14294.78030608
    1617  14312.47713775
    1618  14330.18492565
    1619  14347.90365309
    1620  14365.63333685
    1621  14383.37396005
    1622  14401.12553967
    1623  14418.88805863
    1624  14436.66153409
    1625  14454.44594881
    1626  14472.24132012
    1627  14490.04763059
    1628  14507.86489773
    1629  14525.69310395
    1630  14543.53226693
    1631  14561.38236888
    1632  14579.24342769
    1633  14597.11542538
    1634  14614.99838002
    1635  14632.89227344
    1636  14650.79712390
    1637  14668.71291304
    1638  14686.63965932
    1639  14704.57734418
    1640  14722.52598627
    1641  14740.48556684
    1642  14758.45610474
    1643  14776.43758101
    1644  14794.43001472
    1645  14812.43338668
    1646  14830.44771619
    1647  14848.47298384
    1648  14866.50920914
    1649  14884.55637248
    1650  14902.61449356
    1651  14920.68355258
    1652  14938.76356945
    1653  14956.85452413
    1654  14974.95643677
    1655  14993.06928712
    1656  15011.19309553
    1657  15029.32784153
    1658  15047.47354571
    1659  15065.63018735
    1660  15083.79778729
    1661  15101.97632457
    1662  15120.16582026
    1663  15138.36625317
    1664  15156.57764460
    1665  15174.79997313
    1666  15193.03326030
    1667  15211.27748444
    1668  15229.53266734
    1669  15247.79878709
    1670  15266.07586572
    1671  15284.36388105
    1672  15302.66285540
    1673  15320.97276632
    1674  15339.29363637
    1675  15357.62544287
    1676  15375.96820862
    1677  15394.32191069
    1678  15412.68657213
    1679  15431.06216975
    1680  15449.44872688
    1681  15467.84622004
    1682  15486.25467286
    1683  15504.67406155
    1684  15523.10441003
    1685  15541.54569425
    1686  15559.99793839
    1687  15578.46111812
    1688  15596.93525791
    1689  15615.42033314
    1690  15633.91636858
    1691  15652.42333929
    1692  15670.94127037
    1693  15689.47013656
    1694  15708.00996325
    1695  15726.56072491
    1696  15745.12244722
    1697  15763.69510432
    1698  15782.27872224
    1699  15800.87327478
    1700  15819.47878829
    1701  15838.09523626
    1702  15856.72264536
    1703  15875.36098874
    1704  15894.01029340
    1705  15912.67053219
    1706  15931.34173241
    1707  15950.02386658
    1708  15968.71696236
    1709  15987.42099189
    1710  16006.13598321
    1711  16024.86190810
    1712  16043.59879495
    1713  16062.34661518
    1714  16081.10539754
    1715  16099.87511309
    1716  16118.65579096
    1717  16137.44740182
    1718  16156.24997517
    1719  16175.06348133
    1720  16193.88795016
    1721  16212.72335159
    1722  16231.56971589
    1723  16250.42701258
    1724  16269.29527233
    1725  16288.17446426
    1726  16307.06461945
    1727  16325.96570660
    1728  16344.87775721
    1729  16363.80073957
    1730  16382.73468559
    1731  16401.67956314
    1732  16420.63540455
    1733  16439.60217727
    1734  16458.57991406
    1735  16477.56858193
    1736  16496.56821408
    1737  16515.57877707
    1738  16534.60030458
    1739  16553.63276268
    1740  16572.67618552
    1741  16591.73053870
    1742  16610.79585685
    1743  16629.87210511
    1744  16648.95931856
    1745  16668.05746185
    1746  16687.16657059
    1747  16706.28660890
    1748  16725.41761290
    1749  16744.55954622
    1750  16763.71244546
    1751  16782.87627375
    1752  16802.05106822
    1753  16821.23679146
    1754  16840.43348113
    1755  16859.64109930
    1756  16878.85968417
    1757  16898.08919724
    1758  16917.32967727
    1759  16936.58108522
    1760  16955.84346040
    1761  16975.11676320
    1762  16994.40103351
    1763  17013.69623113
    1764  17033.00239655
    1765  17052.31948896
    1766  17071.64754947
    1767  17090.98653665
    1768  17110.33649221
    1769  17129.69737413
    1770  17149.06922474
    1771  17168.45200137
    1772  17187.84574699
    1773  17207.25041830
    1774  17226.66605892
    1775  17246.09262487
    1776  17265.53016046
    1777  17284.97862102
    1778  17304.43805156
    1779  17323.90840671
    1780  17343.38973217
    1781  17362.88198186
    1782  17382.38520221
    1783  17401.89934642
    1784  17421.42446165
    1785  17440.96050033
    1786  17460.50751040
    1787  17480.06544353
    1788  17499.63434841
    1789  17519.21417594
    1790  17538.80497561
    1791  17558.40669751
    1792  17578.01939194
    1793  17597.64300817
    1794  17617.27759732
    1795  17636.92310785
    1796  17656.57959170
    1797  17676.24699647
    1798  17695.92537499
    1799  17715.61467397
    1800  17735.31494713
    1801  17755.02614027
    1802  17774.74830803
    1803  17794.48139530
    1804  17814.22545763
    1805  17833.98043898
    1806  17853.74639584
    1807  17873.52327122
    1808  17893.31112258
    1809  17913.10989195
    1810  17932.91963778
    1811  17952.74030108
    1812  17972.57194134
    1813  17992.41449853
    1814  18012.26803318
    1815  18032.13248420
    1816  18052.00791322
    1817  18071.89425802
    1818  18091.79158135
    1819  18111.69981989
    1820  18131.61903750
    1821  18151.54916970
    1822  18171.49028155
    1823  18191.44230738
    1824  18211.40531342
    1825  18231.37923281
    1826  18251.36413301
    1827  18271.35994589
    1828  18291.36674021
    1829  18311.38444653
    1830  18331.41313491
    1831  18351.45273461
    1832  18371.50331702
    1833  18391.56481003
    1834  18411.63728641
    1835  18431.72067266
    1836  18451.81504297
    1837  18471.92032241
    1838  18492.03658659
    1839  18512.16375914
    1840  18532.30191715
    1841  18552.45098273
    1842  18572.61103453
    1843  18592.78199307
    1844  18612.96393859
    1845  18633.15679002
    1846  18653.36062922
    1847  18673.57537345
    1848  18693.80110627
    1849  18714.03774323
    1850  18734.28536962
    1851  18754.54389922
    1852  18774.81341911
    1853  18795.09384127
    1854  18815.38525461
    1855  18835.68756925
    1856  18856.00087597
    1857  18876.32508299
    1858  18896.66028304
    1859  18917.00638235
    1860  18937.36347567
    1861  18957.73146716
    1862  18978.11045368
    1863  18998.50033727
    1864  19018.90121693
    1865  19039.31299250
    1866  19059.73576523
    1867  19080.16943269
    1868  19100.61409841
    1869  19121.06965765
    1870  19141.53621630
    1871  19162.01366721
    1872  19182.50211872
    1873  19203.00146118
    1874  19223.51180546
    1875  19244.03303935
    1876  19264.56527634
    1877  19285.10840154
    1878  19305.66253116
    1879  19326.22754755
    1880  19346.80356971
    1881  19367.39047715
    1882  19387.98839178
    1883  19408.59719013
    1884  19429.21699715
    1885  19449.84768627
    1886  19470.48938558
    1887  19491.14196534
    1888  19511.80555686
    1889  19532.48002710
    1890  19553.16551074
    1891  19573.86187130
    1892  19594.56924697
    1893  19615.28749770
    1894  19636.01676530
    1895  19656.75690602
    1896  19677.50806547
    1897  19698.27009601
    1898  19719.04314719
    1899  19739.82706739
    1900  19760.62201021
    1901  19781.42781986
    1902  19802.24465421
    1903  19823.07235314
    1904  19843.91107892
    1905  19864.76066691
    1906  19885.62128401
    1907  19906.49276086
    1908  19927.37526916
    1909  19948.26863466
    1910  19969.17303406
    1911  19990.08828798
    1912  20011.01457835
    1913  20031.95172046
    1914  20052.89990169
    1915  20073.85893174
    1916  20094.82900371
    1917  20115.80992144
    1918  20136.80188402
    1919  20157.80468919
    1920  20178.81854225
    1921  20199.84323456
    1922  20220.87897798
    1923  20241.92555715
    1924  20262.98319079
    1925  20284.05165652
    1926  20305.13118024
    1927  20326.22153222
    1928  20347.32294589
    1929  20368.43518379
    1930  20389.55848726
    1931  20410.69261073
    1932  20431.83780386
    1933  20452.99381255
    1934  20474.16089519
    1935  20495.33878871
    1936  20516.52776072
    1937  20537.72753867
    1938  20558.93839990
    1939  20580.16006187
    1940  20601.39281216
    1941  20622.63635771
    1942  20643.89099690
    1943  20665.15642556
    1944  20686.43295351
    1945  20707.72026480
    1946  20729.01868133
    1947  20750.32787473
    1948  20771.64817970
    1949  20792.97925466
    1950  20814.32144790
    1951  20835.67440386
    1952  20857.03848521
    1953  20878.41332155
    1954  20899.79929085
    1955  20921.19600692
    1956  20942.60386403
    1957  20964.02245914
    1958  20985.45220389
    1959  21006.89267731
    1960  21028.34430955
    1961  21049.80666051
    1962  21071.28018009
    1963  21092.76440775
    1964  21114.25981454
    1965  21135.76591800
    1966  21157.28321187
    1967  21178.81119018
    1968  21200.35037101
    1969  21221.90022314
    1970  21243.46129082
    1971  21265.03301568
    1972  21286.61597013
    1973  21308.20956651
    1974  21329.81440765
    1975  21351.42987429
    1976  21373.05660208
    1977  21394.69393756
    1978  21416.34255200
    1979  21438.00175482
    1980  21459.67225594
    1981  21481.35332443
    1982  21503.04571228
    1983  21524.74864468
    1984  21546.46291940
    1985  21568.18771370
    1986  21589.92387546
    1987  21611.67052954
    1988  21633.42857864
    1989  21655.19709006
    1990  21676.97702679
    1991  21698.76739302
    1992  21720.56921792
    1993  21742.38143594
    1994  21764.20514947
    1995  21786.03921622
    1996  21807.88481925
    1997  21829.74073098
    1998  21851.60822415
    1999  21873.48597720
    2000  21895.37536179
    2001  21917.27495146
    2002  21939.18622828
    2003  21961.10765025
    2004  21983.04082106
    2005  22004.98406953
    2006  22026.93913506
    2007  22048.90420522
    2008  22070.88116762
    2009  22092.86805251
    2010  22114.86691175
    2011  22136.87560677
    2012  22158.89636476
    2013  22180.92686239
    2014  22202.96951650
    2015  22225.02181429
    2016  22247.08636429
    2017  22269.16045621
    2018  22291.24689258
    2019  22313.34278299
    2020  22335.45109864
    2021  22357.56878820
    2022  22379.69895806
    2023  22401.83846689
    2024  22423.99046778
    2025  22446.15181281
    2026  22468.32559183
    2027  22490.50881805
    2028  22512.70432779
    2029  22534.90947156
    2030  22557.12664067
    2031  22579.35373665
    2032  22601.59254337
    2033  22623.84155480
    2034  22646.10211222
    2035  22668.37270943
    2036  22690.65547619
    2037  22712.94683540
    2038  22735.25348771
    2039  22757.56269424
    2040  22779.89697763
    2041  22802.21808686
    2042  22824.59177010
    2043  22846.90536519
    2044  22869.34304403
    2045  22891.60871935
    2046  22914.20727004
    2047  22936.23093657
    2048  22959.34269487
 ---------------------------------------
 
SCF converged! Final Ground-State Energy (Eh):              -1.2916066792352048
