 
     Two-Electron DVR    
 ------------------------
 x0     =      15.00000000
 m      =       1.00000000
 Z      =       6.00000000
 n      =               32
 dx     =       0.96774194
 
Soft-Coulomb Parameters:
 alpha  =       0.10000000
 beta   =       0.01000000
 
 
                       Hartree-Fock                      
 --------------------------------------------------------
 no. of orbitals        =               32
 no. of electrons       =                2
 scf_damping_switch     =        F
 scf_diis_switch        =        F
 damping_factor         =   0.00000000
 e_tolerance            = 0.0000000000100000
 maximum scf-iterations =              200
 
 
                       SCF iterations                      
 ----------------------------------------------------------
    S.No    Energy (hartree)        dE (hartree)
 ----------------------------------------------------------
       0    -19.556848814749
       1    -14.151088010781      5.405760803968
       2    -14.295481161233      0.144393150451
       3    -14.295507772494      0.000026611262
       4    -14.295507985197      0.000000212703
       5    -14.295507987156      0.000000001959
       6    -14.295507987175      0.000000000019
       7    -14.295507987176      0.000000000000
 ----------------------------------------------------------
  
 
 
 ---------------------------------------
     Molecular Orbital Energies (Eh)    
 ---------------------------------------
       1     -4.65783362
       2     -2.38296058
       3     -1.33818344
       4     -1.07113815
       5     -0.68437467
       6     -0.58361448
       7     -0.41150616
       8     -0.36313165
       9     -0.26116712
      10     -0.22209950
      11     -0.10442388
      12     -0.05272168
      13      0.10382070
      14      0.16736347
      15      0.36185840
      16      0.43528355
      17      0.66691994
      18      0.74680279
      19      1.01832389
      20      1.10322937
      21      1.41587754
      22      1.50104814
      23      1.86149930
      24      1.94726995
      25      2.35656022
      26      2.43688914
      27      2.90810449
      28      2.98930704
      29      3.52178324
      30      3.59336826
      31      4.24811895
      32      4.34874527
 ---------------------------------------
 
SCF converged! Final Ground-State Energy (Eh):             -14.2955079871756841
