 
     Two-Electron DVR    
 ------------------------
 x0     =      15.00000000
 m      =       1.00000000
 Z      =       5.00000000
 n      =               64
 dx     =       0.47619048
 
Soft-Coulomb Parameters:
 alpha  =       0.10000000
 beta   =       0.10000000
 
 
                       Hartree-Fock                      
 --------------------------------------------------------
 no. of orbitals        =               64
 no. of electrons       =                2
 scf_damping_switch     =        F
 scf_diis_switch        =        F
 damping_factor         =   0.00000000
 e_tolerance            = 0.0000000000100000
 maximum scf-iterations =              200
 
 
                       SCF iterations                      
 ----------------------------------------------------------
    S.No    Energy (hartree)        dE (hartree)
 ----------------------------------------------------------
       0    -21.598286262130
       1    -19.332264888805      2.266021373325
       2    -19.349613827079      0.017348938274
       3    -19.349813023903      0.000199196824
       4    -19.349815326538      0.000002302635
       5    -19.349815353512      0.000000026974
       6    -19.349815353831      0.000000000318
       7    -19.349815353834      0.000000000004
 ----------------------------------------------------------
  
 
 
 ---------------------------------------
     Molecular Orbital Energies (Eh)    
 ---------------------------------------
       1     -8.56013281
       2     -2.91020136
       3     -1.31171643
       4     -0.90029410
       5     -0.55735027
       6     -0.43218469
       7     -0.30511077
       8     -0.24904814
       9     -0.16943681
      10     -0.11397051
      11     -0.00912265
      12      0.06706858
      13      0.20490984
      14      0.30036302
      15      0.46894597
      16      0.58223545
      17      0.78037655
      18      0.91042667
      19      1.13772017
      20      1.28378802
      21      1.54003821
      22      1.70125492
      23      1.98671271
      24      2.16246449
      25      2.47729455
      26      2.66666243
      27      3.01147930
      28      3.21389061
      29      3.58902019
      30      3.80344269
      31      4.20976768
      32      4.43568599
      33      4.87357909
      34      5.10981975
      35      5.58040520
      36      5.82656237
      37      6.33016843
      38      6.58488266
      39      7.12291006
      40      7.38595341
      41      7.95860780
      42      8.22832649
      43      8.83742288
      44      9.11384783
      45      9.75940689
      46     10.04035041
      47     10.72493632
      48     11.01081717
      49     11.73420247
      50     12.02181921
      51     12.78804694
      52     13.07855687
      53     13.88697394
      54     14.17522073
      55     15.03302571
      56     15.32215175
      57     16.22756593
      58     16.50827464
      59     17.47699566
      60     17.75973748
      61     18.78672031
      62     19.04939842
      63     20.20425225
      64     20.52305874
 ---------------------------------------
 
SCF converged! Final Ground-State Energy (Eh):             -19.3498153538343445
