 
 Imaginary Time Propagation
 --------------------------
 
               Imag. time (a.u.)               < psi_i | psi_i >               < psi_i | psi_0 >                Energy (hartree)
              0.0000000000000000              1.0000000000000000              1.0000000000000000             -5.6602774162090412
              0.1000000000000000              1.0000000000000000              0.9974964760966520             -5.7667585216674837
              0.2000000000000000              1.0000000000000002              0.9936000094830658             -5.8062234513231807
              0.3000000000000001              0.9999999999999998              0.9898450125468932             -5.8260724527613608
              0.4000000000000002              1.0000000000000002              0.9865323482741744             -5.8373957250565969
              0.5000000000000002              1.0000000000000000              0.9836848526154099             -5.8443567855606862
              0.6000000000000003              1.0000000000000000              0.9812591833663522             -5.8488267113105348
              0.7000000000000004              1.0000000000000002              0.9792015310353988             -5.8517697837047766
              0.8000000000000005              0.9999999999999997              0.9774611805602558             -5.8537361324744550
              0.9000000000000006              0.9999999999999996              0.9759930309785386             -5.8550617062954045
              1.0000000000000007              1.0000000000000002              0.9747575268652897             -5.8559605226305607
              1.1000000000000008              1.0000000000000000              0.9737201412015914             -5.8565724464315023
              1.2000000000000008              0.9999999999999998              0.9728508612103901             -5.8569903121916198
              1.3000000000000009              1.0000000000000000              0.9721237273251740             -5.8572763443729210
              1.4000000000000010              1.0000000000000000              0.9715164078757417             -5.8574725233188492
              1.5000000000000011              0.9999999999999998              0.9710097961500974             -5.8576073029775539
              1.6000000000000012              0.9999999999999999              0.9705876272603584             -5.8577000368174863
              1.7000000000000013              1.0000000000000002              0.9702361179488017             -5.8577639251988884
              1.8000000000000014              1.0000000000000000              0.9699436337025508             -5.8578079925151307
              1.9000000000000015              1.0000000000000000              0.9697003865023033             -5.8578384205023593
              2.0000000000000013              0.9999999999999998              0.9694981647715506             -5.8578594510047735
              2.0999999999999992              1.0000000000000002              0.9693300954172175             -5.8578739992044362
              2.1999999999999971              1.0000000000000002              0.9691904365673399             -5.8578840713001785
              2.2999999999999949              1.0000000000000004              0.9690743987670457             -5.8578910496525580
              2.3999999999999928              1.0000000000000000              0.9689779919315985             -5.8578958878430818
              2.4999999999999907              1.0000000000000000              0.9688978951827329             -5.8578992443478786
              2.5999999999999885              1.0000000000000000              0.9688313467224573             -5.8579015742909979
              2.6999999999999864              0.9999999999999998              0.9687760510532886             -5.8579031925149208
              2.7999999999999843              1.0000000000000000              0.9687301010800771             -5.8579043169915455
              2.8999999999999821              1.0000000000000000              0.9686919128871517             -5.8579050987373700
              2.9999999999999800              1.0000000000000000              0.9686601712496189             -5.8579056424509961
              3.0999999999999779              1.0000000000000000              0.9686337841930498             -5.8579060207644407
              3.1999999999999758              1.0000000000000002              0.9686118451523863             -5.8579062840934597
              3.2999999999999736              1.0000000000000000              0.9685936014940906             -5.8579064674517269
              3.3999999999999715              1.0000000000000002              0.9685784283539970             -5.8579065951683562
              3.4999999999999694              1.0000000000000004              0.9685658069073977             -5.8579066841561866
              3.5999999999999672              1.0000000000000002              0.9685553063292468             -5.8579067461776280
              3.6999999999999651              1.0000000000000000              0.9685465688230226             -5.8579067894164201
              3.7999999999999630              1.0000000000000004              0.9685392971991593             -5.8579068195686048
              3.8999999999999608              1.0000000000000000              0.9685332445703044             -5.8579068406001369
              3.9999999999999587              0.9999999999999998              0.9685282058032303             -5.8579068552733080
              4.0699999999999577              1.0000000000000000              0.9685251894168714             -5.8579068628174271
 
 Summary of Imaginary time propagation
 -------------------------------------
ndim    =               64
dt      =       0.01000000
nstep   =              407
E_conv  =       0.00000000
Ei      =      -5.85790686
 
