 
     Two-Electron DVR    
 ------------------------
 x0     =      15.00000000
 m      =       1.00000000
 Z      =       5.00000000
 n      =               32
 dx     =       0.96774194
 
Soft-Coulomb Parameters:
 alpha  =       0.01000000
 beta   =       0.01000000
 
 
                       Hartree-Fock                      
 --------------------------------------------------------
 no. of orbitals        =               32
 no. of electrons       =                2
 scf_damping_switch     =        F
 scf_diis_switch        =        F
 damping_factor         =   0.00000000
 e_tolerance            = 0.0000000000100000
 maximum scf-iterations =              200
 
 
                       SCF iterations                      
 ----------------------------------------------------------
    S.No    Energy (hartree)        dE (hartree)
 ----------------------------------------------------------
       0    -19.028509289641
       1    -13.613615520891      5.414893768750
       2    -13.736903715195      0.123288194304
       3    -13.737054172276      0.000150457081
       4    -13.737054505435      0.000000333158
       5    -13.737054508006      0.000000002572
       6    -13.737054508032      0.000000000025
       7    -13.737054508032      0.000000000000
 ----------------------------------------------------------
  
 
 
 ---------------------------------------
     Molecular Orbital Energies (Eh)    
 ---------------------------------------
       1     -4.34282519
       2     -1.97562439
       3     -0.91447328
       4     -0.74117609
       5     -0.43819850
       6     -0.37770056
       7     -0.25312176
       8     -0.22187426
       9     -0.12564370
      10     -0.08896764
      11      0.04209562
      12      0.09147968
      13      0.25980785
      14      0.32031127
      15      0.52406310
      16      0.59508091
      17      0.83296631
      18      0.91247390
      19      1.18604622
      20      1.27353185
      21      1.58321307
      22      1.67479514
      23      2.02603103
      24      2.12166934
      25      2.51579324
      26      2.60903947
      27      3.05825929
      28      3.15372014
      29      3.65827709
      30      3.74448094
      31      4.35666423
      32      4.47176032
 ---------------------------------------
 
SCF converged! Final Ground-State Energy (Eh):             -13.7370545080318109
