 
     Two-Electron DVR    
 ------------------------
 x0     =      15.00000000
 m      =       1.00000000
 Z      =       3.00000000
 n      =             2048
 dx     =       0.01465559
 
Soft-Coulomb Parameters:
 alpha  =       0.01000000
 beta   =       0.01000000
 
 
                       Hartree-Fock                      
 --------------------------------------------------------
 no. of orbitals        =             2048
 no. of electrons       =                2
 scf_damping_switch     =        F
 scf_diis_switch        =        F
 damping_factor         =   0.00000000
 e_tolerance            = 0.0000000000100000
 maximum scf-iterations =              200
 
 
                       SCF iterations                      
 ----------------------------------------------------------
    S.No    Energy (hartree)        dE (hartree)
 ----------------------------------------------------------
       0    -31.412748628168
       1    -25.929475021438      5.483273606730
       2    -26.055537451912      0.126062430474
       3    -26.055916114597      0.000378662685
       4    -26.055917819021      0.000001704423
       5    -26.055917829121      0.000000010101
       6    -26.055917829187      0.000000000066
       7    -26.055917829189      0.000000000001
 ----------------------------------------------------------
  
 
 
 ---------------------------------------
     Molecular Orbital Energies (Eh)    
 ---------------------------------------
       1    -10.41741958
       2     -0.41691093
       3     -0.27161978
       4     -0.11468845
       5     -0.08657688
       6     -0.01919109
       7      0.01217484
       8      0.11219545
       9      0.15882022
      10      0.29369328
      11      0.35541852
      12      0.52237057
      13      0.59973274
      14      0.79683839
      15      0.89070369
      16      1.11639641
      17      1.22773287
      18      1.48066448
      19      1.61042978
      20      1.88942582
      21      2.03851219
      22      2.34255207
      23      2.51176124
      24      2.83996418
      25      3.02999882
      26      3.38161081
      27      3.59307527
      28      3.96745601
      29      4.20086221
      30      4.59747214
      31      4.85324800
      32      5.27163587
      33      5.55013473
      34      5.98992602
      35      6.29143613
      36      6.75232246
      37      7.07707595
      38      7.55880567
      39      7.90698671
      40      8.40935657
      41      8.78110866
      42      9.30395657
      43      9.69938887
      44     10.24258769
      45     10.66178052
      46     11.22523265
      47     11.66824215
      48     12.25187497
      49     12.71873713
      50     13.32249904
      51     13.81323309
      52     14.43709022
      53     14.95170145
      54     15.59563476
      55     16.13411699
      56     16.79811991
      57     17.36045749
      58     18.04453380
      59     18.63070334
      60     19.33486546
      61     19.94483730
      62     20.66910479
      63     21.30284420
      64     22.04724247
      65     22.70471069
      66     23.46926993
      67     24.15042507
      68     24.93517930
      69     25.63997704
      70     26.44496334
      71     27.17335758
      72     27.99861544
      73     28.75055880
      74     29.59612950
      75     30.37157379
      76     31.23749993
      77     32.03639652
      78     32.92272162
      79     33.74502172
      80     34.65178986
      81     35.49744483
      82     36.42470032
      83     37.29366185
      84     38.24144903
      85     39.13366935
      86     40.10203235
      87     41.01746436
      88     42.00644690
      89     42.94504430
      90     43.95468960
      91     44.91640699
      92     45.94675759
      93     46.93155056
      94     47.98264825
      95     48.99047341
      96     50.06235914
      97     51.09317421
      98     52.18588802
      99     53.23965185
     100     54.35323283
     101     55.42990540
     102     56.56439164
     103     57.66393411
     104     58.81936269
     105     59.94173739
     106     61.11814432
     107     62.26331475
     108     63.46073502
     109     64.62866586
     110     65.84713336
     111     67.03779046
     112     68.27733805
     113     69.49068838
     114     70.75134786
     115     71.98735954
     116     73.26916166
     117     74.52780391
     118     75.83077839
     119     77.11202155
     120     78.43619709
     121     79.74001252
     122     81.08541682
     123     82.41177698
     124     83.77843676
     125     85.12731507
     126     86.51525609
     127     87.88662701
     128     89.29587410
     129     90.68971302
     130     92.12029008
     131     93.53657334
     132     94.98850340
     133     96.42720825
     134     97.90051346
     135     99.36161803
     136    100.85631971
     137    102.33980296
     138    103.85592161
     139    105.36176336
     140    106.89931869
     141    108.42749953
     142    109.98651049
     143    111.53701179
     144    113.11749658
     145    114.69030045
     146    116.29227657
     147    117.88736585
     148    119.51085008
     149    121.12820830
     150    122.77321678
     151    124.41282813
     152    126.07937634
     153    127.74122565
     154    129.42932845
     155    131.11340117
     156    132.82307284
     157    134.52935503
     158    136.26060924
     159    137.98908752
     160    139.74193741
     161    141.49259895
     162    143.26705711
     163    145.03988962
     164    146.83596814
     165    148.63095983
     166    150.44867028
     167    152.26580988
     168    154.10516337
     169    155.94444003
     170    157.80544721
     171    159.66685058
     172    161.54952166
     173    163.43304180
     174    165.33738655
     175    167.24301394
     176    169.16904176
     177    171.09676728
     178    173.04448714
     179    174.99430207
     180    176.96372258
     181    178.93561854
     182    180.92674796
     183    182.92071695
     184    184.93356318
     185    186.94959753
     186    188.98416814
     187    191.02226050
     188    193.07856276
     189    195.13870609
     190    197.21674694
     191    199.29893452
     192    201.39872061
     193    203.50294599
     194    205.62448371
     195    207.75074070
     196    209.89403615
     197    212.04231887
     198    214.20737789
     199    216.37768066
     200    218.56450886
     201    220.75682628
     202    222.96542902
     203    225.17975591
     204    227.41013833
     205    229.64646971
     206    231.89863672
     207    234.15696787
     208    236.43092418
     209    238.71125053
     210    241.00700065
     211    243.30931787
     212    245.62686612
     213    247.95117004
     214    250.29052055
     215    252.63680719
     216    254.99796391
     217    257.36622946
     218    259.74919618
     219    262.13943700
     220    264.54421735
     221    266.95642994
     222    269.38302739
     223    271.81720841
     224    274.26562628
     225    276.72177255
     226    279.19201402
     227    281.67012247
     228    284.16219058
     229    286.66225829
     230    289.17615597
     231    291.69818014
     232    294.23391017
     233    296.77788812
     234    299.33545318
     235    301.90138235
     236    304.48078499
     237    307.06866293
     238    309.66990559
     239    312.27972996
     240    314.90281499
     241    317.53458354
     242    320.17951318
     243    322.83322376
     244    325.50000016
     245    328.17565073
     246    330.86427594
     247    333.56186453
     248    336.27234051
     249    338.99186524
     250    341.72419388
     251    344.46565295
     252    347.21983606
     253    349.98322775
     254    352.75926703
     255    355.54458971
     256    358.34248683
     257    361.14973891
     258    363.96949544
     259    366.79867541
     260    369.64029287
     261    372.49139931
     262    375.35487913
     263    378.22791065
     264    381.11325424
     265    384.00820952
     266    386.91541819
     267    389.83229598
     268    392.76137099
     269    395.70017008
     270    398.65111266
     271    401.61183190
     272    404.58464321
     273    407.56728148
     274    410.56196263
     275    413.56651890
     276    416.58307095
     277    419.60954419
     278    422.64796817
     279    425.69635743
     280    428.75665431
     281    431.82695865
     282    434.90912937
     283    438.00134792
     284    441.10539336
     285    444.21952527
     286    447.34544630
     287    450.48149077
     288    453.62928819
     289    456.78724444
     290    459.95691906
     291    463.13678635
     292    466.32833890
     293    469.53011653
     294    472.74354773
     295    475.96723502
     296    479.20254557
     297    482.44814187
     298    485.70533242
     299    488.97283711
     300    492.25190829
     301    495.54132078
     302    498.84227320
     303    502.15359293
     304    505.47642716
     305    508.80965358
     306    512.15437018
     307    515.50950278
     308    518.87610226
     309    522.25314055
     310    525.64162344
     311    529.04056693
     312    532.45093370
     313    535.87178195
     314    539.30403307
     315    542.74678564
     316    546.20092156
     317    549.66557804
     318    553.14159918
     319    556.62815917
     320    560.12606594
     321    563.63452906
     322    567.15432185
     323    570.68468774
     324    574.22636692
     325    577.77863524
     326    581.34220116
     327    584.91637158
     328    588.50182459
     329    592.09789678
     330    595.70523721
     331    599.32321088
     332    602.95243904
     333    606.59231389
     334    610.24343009
     335    613.90520584
     336    617.57821036
     337    621.26188676
     338    624.95677988
     339    628.66235666
     340    632.37913864
     341    636.10661557
     342    639.84528666
     343    643.59466350
     344    647.35522394
     345    651.12650048
     346    654.90895051
     347    658.70212653
     348    662.50646637
     349    666.32154166
     350    670.14777153
     351    673.98474590
     352    677.83286599
     353    681.69173927
     354    685.56174977
     355    689.44252177
     356    693.33442289
     357    697.23709344
     358    701.15088534
     359    705.07545428
     360    709.01113713
     361    712.95760431
     362    716.91517829
     363    720.88354355
     364    724.86300880
     365    728.85327202
     366    732.85462870
     367    736.86678972
     368    740.89003797
     369    744.92409668
     370    748.96923664
     371    753.02519290
     372    757.09222471
     373    761.17007841
     374    765.25900218
     375    769.35875321
     376    773.46956908
     377    777.59121732
     378    781.72392540
     379    785.86747076
     380    790.02207115
     381    794.18751353
     382    798.36400635
     383    802.55134565
     384    806.74973100
     385    810.95896713
     386    815.17924510
     387    819.41037798
     388    823.65254867
     389    827.90557822
     390    832.16964172
     391    836.44456785
     392    840.73052424
     393    845.02734688
     394    849.33519626
     395    853.65391534
     396    857.98365777
     397    862.32427322
     398    866.67590878
     399    871.03842053
     400    875.41194931
     401    879.79635730
     402    884.19177935
     403    888.59808352
     404    893.01539892
     405    897.44359921
     406    901.88280802
     407    906.33290438
     408    910.79400665
     409    915.26599903
     410    919.74899484
     411    924.24288318
     412    928.74777257
     413    933.26355683
     414    937.79033986
     415    942.32802000
     416    946.87669672
     417    951.43627269
     418    956.00684315
     419    960.58831490
     420    965.18077915
     421    969.78414666
     422    974.39850474
     423    979.02376796
     424    983.66001992
     425    988.30717881
     426    992.96532469
     427    997.63437922
     428   1002.31441907
     429   1007.00536921
     430   1011.70730305
     431   1016.42014877
     432   1021.14397665
     433   1025.87871791
     434   1030.62443986
     435   1035.38107664
     436   1040.14869270
     437   1044.92722497
     438   1049.71673518
     439   1054.51716291
     440   1059.32856728
     441   1064.15089046
     442   1068.98418903
     443   1073.82840762
     444   1078.68360043
     445   1083.54971441
     446   1088.42680148
     447   1093.31481083
     448   1098.21379218
     449   1103.12369689
     450   1108.04457255
     451   1112.97637258
     452   1117.91914259
     453   1122.87283793
     454   1127.83750230
     455   1132.81309294
     456   1137.79965168
     457   1142.79713760
     458   1147.80559075
     459   1152.82497193
     460   1157.85531951
     461   1162.89659594
     462   1167.94883796
     463   1173.01200962
     464   1178.08614611
     465   1183.17121299
     466   1188.26724396
     467   1193.37420604
     468   1198.49213152
     469   1203.62098879
     470   1208.76080879
     471   1213.91156124
     472   1219.07327578
     473   1224.24592339
     474   1229.42953248
     475   1234.62407526
     476   1239.82957892
     477   1245.04601684
     478   1250.27341508
     479   1255.51174814
     480   1260.76104098
     481   1266.02126916
     482   1271.29245661
     483   1276.57457992
     484   1281.86766199
     485   1287.17168041
     486   1292.48665712
     487   1297.81257064
     488   1303.14944200
     489   1308.49725061
     490   1313.85601663
     491   1319.22572033
     492   1324.60638103
     493   1329.99797981
     494   1335.40053518
     495   1340.81402904
     496   1346.23847911
     497   1351.67386804
     498   1357.12021281
     499   1362.57749680
     500   1368.04573629
     501   1373.52491533
     502   1379.01504955
     503   1384.51612364
     504   1390.02815259
     505   1395.55112173
     506   1401.08504542
     507   1406.62990960
     508   1412.18572804
     509   1417.75248727
     510   1423.33020046
     511   1428.91885472
     512   1434.51846268
     513   1440.12901197
     514   1445.75051471
     515   1451.38295902
     516   1457.02635654
     517   1462.68069588
     518   1468.34598818
     519   1474.02222254
     520   1479.70940964
     521   1485.40753902
     522   1491.11662092
     523   1496.83664531
     524   1502.56762203
     525   1508.30954143
     526   1514.06241295
     527   1519.82622737
     528   1525.60099371
     529   1531.38670313
     530   1537.18336431
     531   1542.99096873
     532   1548.80952474
     533   1554.63902417
     534   1560.47947501
     535   1566.33086944
     536   1572.19321513
     537   1578.06650456
     538   1583.95074510
     539   1589.84592952
     540   1595.75206491
     541   1601.66914434
     542   1607.59717459
     543   1613.53614901
     544   1619.48607412
     545   1625.44694354
     546   1631.41876352
     547   1637.40152793
     548   1643.39524278
     549   1649.39990218
     550   1655.41551191
     551   1661.44206631
     552   1667.47957092
     553   1673.52802030
     554   1679.58741980
     555   1685.65776417
     556   1691.73905856
     557   1697.83129793
     558   1703.93448720
     559   1710.04862156
     560   1716.17370574
     561   1722.30973508
     562   1728.45671416
     563   1734.61463849
     564   1740.78351247
     565   1746.96333180
     566   1753.15410069
     567   1759.35581500
     568   1765.56847880
     569   1771.79208810
     570   1778.02664682
     571   1784.27215111
     572   1790.52860474
     573   1796.79600402
     574   1803.07435257
     575   1809.36364684
     576   1815.66389032
     577   1821.97507958
     578   1828.29721799
     579   1834.63030224
     580   1840.97433557
     581   1847.32931481
     582   1853.69524308
     583   1860.07211731
     584   1866.45994052
     585   1872.85870974
     586   1879.26842788
     587   1885.68909210
     588   1892.12070518
     589   1898.56326439
     590   1905.01677242
     591   1911.48122662
     592   1917.95662960
     593   1924.44297879
     594   1930.94027672
     595   1937.44852090
     596   1943.96771378
     597   1950.49785296
     598   1957.03894080
     599   1963.59097498
     600   1970.15395777
     601   1976.72788694
     602   1983.31276470
     603   1989.90858887
     604   1996.51536158
     605   2003.13308075
     606   2009.76174843
     607   2016.40136260
     608   2023.05192524
     609   2029.71343441
     610   2036.38589203
     611   2043.06929620
     612   2049.76364879
     613   2056.46894795
     614   2063.18519552
     615   2069.91238969
     616   2076.65053223
     617   2083.39962140
     618   2090.15965892
     619   2096.93064310
     620   2103.71257560
     621   2110.50545479
     622   2117.30928227
     623   2124.12405646
     624   2130.94977893
     625   2137.78644813
     626   2144.63406559
     627   2151.49262979
     628   2158.36214224
     629   2165.24260146
     630   2172.13400889
     631   2179.03636312
     632   2185.94966555
     633   2192.87391480
     634   2199.80911222
     635   2206.75525648
     636   2213.71234890
     637   2220.68038817
     638   2227.65937560
     639   2234.64930988
     640   2241.65019231
     641   2248.66202161
     642   2255.68479904
     643   2262.71852336
     644   2269.76319580
     645   2276.81881514
     646   2283.88538258
     647   2290.96289694
     648   2298.05135940
     649   2305.15076878
     650   2312.26112625
     651   2319.38243065
     652   2326.51468313
     653   2333.65788256
     654   2340.81203006
     655   2347.97712452
     656   2355.15316703
     657   2362.34015652
     658   2369.53809405
     659   2376.74697856
     660   2383.96681111
     661   2391.19759066
     662   2398.43931823
     663   2405.69199281
     664   2412.95561541
     665   2420.23018502
     666   2427.51570265
     667   2434.81216729
     668   2442.11957995
     669   2449.43793963
     670   2456.76724731
     671   2464.10750203
     672   2471.45870475
     673   2478.82085451
     674   2486.19395226
     675   2493.57799706
     676   2500.97298985
     677   2508.37892969
     678   2515.79581751
     679   2523.22365240
     680   2530.66243526
     681   2538.11216519
     682   2545.57284309
     683   2553.04446807
     684   2560.52704102
     685   2568.02056104
     686   2575.52502903
     687   2583.04044411
     688   2590.56680714
     689   2598.10411727
     690   2605.65237536
     691   2613.21158053
     692   2620.78173367
     693   2628.36283390
     694   2635.95488209
     695   2643.55787738
     696   2651.17182062
     697   2658.79671096
     698   2666.43254926
     699   2674.07933466
     700   2681.73706802
     701   2689.40574848
     702   2697.08537690
     703   2704.77595242
     704   2712.47747590
     705   2720.18994649
     706   2727.91336502
     707   2735.64773068
     708   2743.39304428
     709   2751.14930500
     710   2758.91651366
     711   2766.69466945
     712   2774.48377319
     713   2782.28382405
     714   2790.09482285
     715   2797.91676878
     716   2805.74966266
     717   2813.59350366
     718   2821.44829261
     719   2829.31402869
     720   2837.19071271
     721   2845.07834387
     722   2852.97692297
     723   2860.88644920
     724   2868.80692338
     725   2876.73834469
     726   2884.68071395
     727   2892.63403035
     728   2900.59829469
     729   2908.57350616
     730   2916.55966559
     731   2924.55677215
     732   2932.56482666
     733   2940.58382831
     734   2948.61377791
     735   2956.65467464
     736   2964.70651933
     737   2972.76931116
     738   2980.84305093
     739   2988.92773785
     740   2997.02337272
     741   3005.12995473
     742   3013.24748470
     743   3021.37596180
     744   3029.51538686
     745   3037.66575906
     746   3045.82707922
     747   3053.99934652
     748   3062.18256178
     749   3070.37672418
     750   3078.58183454
     751   3086.79789204
     752   3095.02489750
     753   3103.26285011
     754   3111.51175068
     755   3119.77159839
     756   3128.04239406
     757   3136.32413688
     758   3144.61682766
     759   3152.92046559
     760   3161.23505148
     761   3169.56058452
     762   3177.89706553
     763   3186.24449367
     764   3194.60286980
     765   3202.97219306
     766   3211.35246430
     767   3219.74368267
     768   3228.14584903
     769   3236.55896252
     770   3244.98302400
     771   3253.41803261
     772   3261.86398921
     773   3270.32089294
     774   3278.78874466
     775   3287.26754352
     776   3295.75729036
     777   3304.25798434
     778   3312.76962632
     779   3321.29221542
     780   3329.82575252
     781   3338.37023676
     782   3346.92566899
     783   3355.49204835
     784   3364.06937572
     785   3372.65765021
     786   3381.25687271
     787   3389.86704234
     788   3398.48815998
     789   3407.12022474
     790   3415.76323752
     791   3424.41719742
     792   3433.08210533
     793   3441.75796037
     794   3450.44476343
     795   3459.14251361
     796   3467.85121181
     797   3476.57085713
     798   3485.30145048
     799   3494.04299094
     800   3502.79547944
     801   3511.55891505
     802   3520.33329869
     803   3529.11862945
     804   3537.91490824
     805   3546.72213415
     806   3555.54030810
     807   3564.36942916
     808   3573.20949827
     809   3582.06051448
     810   3590.92247874
     811   3599.79539011
     812   3608.67924953
     813   3617.57405605
     814   3626.47981063
     815   3635.39651232
     816   3644.32416206
     817   3653.26275891
     818   3662.21230382
     819   3671.17279583
     820   3680.14423590
     821   3689.12662307
     822   3698.11995832
     823   3707.12424066
     824   3716.13947107
     825   3725.16564858
     826   3734.20277416
     827   3743.25084684
     828   3752.30986760
     829   3761.37983545
     830   3770.46075139
     831   3779.55261441
     832   3788.65542553
     833   3797.76918373
     834   3806.89389002
     835   3816.02954340
     836   3825.17614488
     837   3834.33369344
     838   3843.50219010
     839   3852.68163384
     840   3861.87202568
     841   3871.07336461
     842   3880.28565164
     843   3889.50888575
     844   3898.74306798
     845   3907.98819728
     846   3917.24427469
     847   3926.51129918
     848   3935.78927179
     849   3945.07819147
     850   3954.37805927
     851   3963.68887415
     852   3973.01063715
     853   3982.34334722
     854   3991.68700542
     855   4001.04161069
     856   4010.40716409
     857   4019.78366456
     858   4029.17111316
     859   4038.56950883
     860   4047.97885264
     861   4057.39914352
     862   4066.83038254
     863   4076.27256861
     864   4085.72570284
     865   4095.18978413
     866   4104.66481357
     867   4114.15079006
     868   4123.64771472
     869   4133.15558642
     870   4142.67440630
     871   4152.20417321
     872   4161.74488830
     873   4171.29655044
     874   4180.85916075
     875   4190.43271810
     876   4200.01722363
     877   4209.61267620
     878   4219.21907695
     879   4228.83642475
     880   4238.46472073
     881   4248.10396374
     882   4257.75415495
     883   4267.41529319
     884   4277.08737963
     885   4286.77041310
     886   4296.46439477
     887   4306.16932347
     888   4315.88520038
     889   4325.61202430
     890   4335.34979645
     891   4345.09851561
     892   4354.85818299
     893   4364.62879739
     894   4374.41036001
     895   4384.20286965
     896   4394.00632751
     897   4403.82073239
     898   4413.64608549
     899   4423.48238561
     900   4433.32963397
     901   4443.18782933
     902   4453.05697293
     903   4462.93706354
     904   4472.82810240
     905   4482.73008825
     906   4492.64302236
     907   4502.56690347
     908   4512.50173283
     909   4522.44750919
     910   4532.40423381
     911   4542.37190542
     912   4552.35052530
     913   4562.34009217
     914   4572.34060731
     915   4582.35206944
     916   4592.37447984
     917   4602.40783723
     918   4612.45214290
     919   4622.50739555
     920   4632.57359649
     921   4642.65074441
     922   4652.73884062
     923   4662.83788380
     924   4672.94787528
     925   4683.06881373
     926   4693.20070049
     927   4703.34353421
     928   4713.49731625
     929   4723.66204524
     930   4733.83772255
     931   4744.02434682
     932   4754.22191942
     933   4764.43043897
     934   4774.64990684
     935   4784.88032167
     936   4795.12168483
     937   4805.37399494
     938   4815.63725339
     939   4825.91145878
     940   4836.19661252
     941   4846.49271320
     942   4856.79976223
     943   4867.11775820
     944   4877.44670253
     945   4887.78659379
     946   4898.13743341
     947   4908.49921996
     948   4918.87195488
     949   4929.25563672
     950   4939.65026694
     951   4950.05584409
     952   4960.47236961
     953   4970.89984205
     954   4981.33826288
     955   4991.78763063
     956   5002.24794676
     957   5012.71920981
     958   5023.20142125
     959   5033.69457961
     960   5044.19868636
     961   5054.71374003
     962   5065.23974210
     963   5075.77669107
     964   5086.32458845
     965   5096.88343274
     966   5107.45322544
     967   5118.03396504
     968   5128.62565307
     969   5139.22828799
     970   5149.84187133
     971   5160.46640157
     972   5171.10188024
     973   5181.74830580
     974   5192.40567980
     975   5203.07400068
     976   5213.75327001
     977   5224.44348622
     978   5235.14465088
     979   5245.85676242
     980   5256.57982241
     981   5267.31382928
     982   5278.05878461
     983   5288.81468681
     984   5299.58153748
     985   5310.35933501
     986   5321.14808102
     987   5331.94777389
     988   5342.75841525
     989   5353.58000346
     990   5364.41254016
     991   5375.25602371
     992   5386.11045576
     993   5396.97583466
     994   5407.85216205
     995   5418.73943630
     996   5429.63765905
     997   5440.54682864
     998   5451.46694674
     999   5462.39801168
    1000   5473.34002515
    1001   5484.29298544
    1002   5495.25689426
    1003   5506.23174991
    1004   5517.21755410
    1005   5528.21430511
    1006   5539.22200465
    1007   5550.24065102
    1008   5561.27024594
    1009   5572.31078766
    1010   5583.36227795
    1011   5594.42471504
    1012   5605.49810070
    1013   5616.58243316
    1014   5627.67771419
    1015   5638.78394202
    1016   5649.90111842
    1017   5661.02924162
    1018   5672.16831340
    1019   5683.31833198
    1020   5694.47929914
    1021   5705.65121309
    1022   5716.83407564
    1023   5728.02788497
    1024   5739.23264290
    1025   5750.44834761
    1026   5761.67500093
    1027   5772.91260102
    1028   5784.16114973
    1029   5795.42064521
    1030   5806.69108931
    1031   5817.97248017
    1032   5829.26481967
    1033   5840.56810592
    1034   5851.88234082
    1035   5863.20752247
    1036   5874.54365276
    1037   5885.89072980
    1038   5897.24875550
    1039   5908.61772794
    1040   5919.99764904
    1041   5931.38851688
    1042   5942.79033338
    1043   5954.20309662
    1044   5965.62680854
    1045   5977.06146718
    1046   5988.50707451
    1047   5999.96362856
    1048   6011.43113130
    1049   6022.90958076
    1050   6034.39897892
    1051   6045.89932379
    1052   6057.41061737
    1053   6068.93285766
    1054   6080.46604665
    1055   6092.01018235
    1056   6103.56526677
    1057   6115.13129790
    1058   6126.70827774
    1059   6138.29620428
    1060   6149.89507956
    1061   6161.50490152
    1062   6173.12567223
    1063   6184.75738962
    1064   6196.40005576
    1065   6208.05366858
    1066   6219.71823015
    1067   6231.39373840
    1068   6243.08019542
    1069   6254.77759910
    1070   6266.48595155
    1071   6278.20525067
    1072   6289.93549857
    1073   6301.67669312
    1074   6313.42883646
    1075   6325.19192646
    1076   6336.96596525
    1077   6348.75095069
    1078   6360.54688493
    1079   6372.35376581
    1080   6384.17159550
    1081   6396.00037183
    1082   6407.84009698
    1083   6419.69076876
    1084   6431.55238937
    1085   6443.42495660
    1086   6455.30847267
    1087   6467.20293536
    1088   6479.10834689
    1089   6491.02470503
    1090   6502.95201203
    1091   6514.89026563
    1092   6526.83946810
    1093   6538.79961716
    1094   6550.77071510
    1095   6562.75275962
    1096   6574.74575303
    1097   6586.74969303
    1098   6598.76458191
    1099   6610.79041738
    1100   6622.82720174
    1101   6634.87493267
    1102   6646.93361252
    1103   6659.00323893
    1104   6671.08381425
    1105   6683.17533614
    1106   6695.27780695
    1107   6707.39122432
    1108   6719.51559061
    1109   6731.65090346
    1110   6743.79716525
    1111   6755.95437358
    1112   6768.12253086
    1113   6780.30163468
    1114   6792.49168746
    1115   6804.69268677
    1116   6816.90463504
    1117   6829.12752984
    1118   6841.36137361
    1119   6853.60616391
    1120   6865.86190318
    1121   6878.12858897
    1122   6890.40622376
    1123   6902.69480504
    1124   6914.99433534
    1125   6927.30481213
    1126   6939.62623793
    1127   6951.95861022
    1128   6964.30193154
    1129   6976.65619933
    1130   6989.02141617
    1131   7001.39757947
    1132   7013.78469182
    1133   7026.18275064
    1134   7038.59175851
    1135   7051.01171285
    1136   7063.44261624
    1137   7075.88446609
    1138   7088.33726501
    1139   7100.80101037
    1140   7113.27570482
    1141   7125.76134571
    1142   7138.25793569
    1143   7150.76547210
    1144   7163.28395761
    1145   7175.81338955
    1146   7188.35377060
    1147   7200.90509807
    1148   7213.46737465
    1149   7226.04059765
    1150   7238.62476978
    1151   7251.21988831
    1152   7263.82595598
    1153   7276.44297005
    1154   7289.07093327
    1155   7301.70984288
    1156   7314.35970165
    1157   7327.02050679
    1158   7339.69226111
    1159   7352.37496180
    1160   7365.06861168
    1161   7377.77320791
    1162   7390.48875334
    1163   7403.21524513
    1164   7415.95268612
    1165   7428.70107346
    1166   7441.46041001
    1167   7454.23069290
    1168   7467.01192501
    1169   7479.80410346
    1170   7492.60723114
    1171   7505.42130515
    1172   7518.24632840
    1173   7531.08229797
    1174   7543.92921679
    1175   7556.78708192
    1176   7569.65589632
    1177   7582.53565701
    1178   7595.42636699
    1179   7608.32802326
    1180   7621.24062881
    1181   7634.16418065
    1182   7647.09868178
    1183   7660.04412920
    1184   7673.00052592
    1185   7685.96786890
    1186   7698.94616121
    1187   7711.93539978
    1188   7724.93558768
    1189   7737.94672183
    1190   7750.96880532
    1191   7764.00183505
    1192   7777.04581414
    1193   7790.10073946
    1194   7803.16661414
    1195   7816.24343505
    1196   7829.33120533
    1197   7842.42992183
    1198   7855.53958772
    1199   7868.66019981
    1200   7881.79176130
    1201   7894.93426900
    1202   7908.08772610
    1203   7921.25212939
    1204   7934.42748210
    1205   7947.61378099
    1206   7960.81102931
    1207   7974.01922381
    1208   7987.23836775
    1209   8000.46845785
    1210   8013.70949741
    1211   8026.96148312
    1212   8040.22441830
    1213   8053.49829962
    1214   8066.78313042
    1215   8080.07890736
    1216   8093.38563379
    1217   8106.70330634
    1218   8120.03192840
    1219   8133.37149657
    1220   8146.72201426
    1221   8160.08347806
    1222   8173.45589138
    1223   8186.83925080
    1224   8200.23355976
    1225   8213.63881481
    1226   8227.05501940
    1227   8240.48217008
    1228   8253.92027032
    1229   8267.36931663
    1230   8280.82931251
    1231   8294.30025445
    1232   8307.78214598
    1233   8321.27498356
    1234   8334.77877074
    1235   8348.29350396
    1236   8361.81918679
    1237   8375.35581565
    1238   8388.90339414
    1239   8402.46191864
    1240   8416.03139278
    1241   8429.61181293
    1242   8443.20318274
    1243   8456.80549853
    1244   8470.41876400
    1245   8484.04297545
    1246   8497.67813658
    1247   8511.32424368
    1248   8524.98130048
    1249   8538.64930324
    1250   8552.32825571
    1251   8566.01815413
    1252   8579.71900228
    1253   8593.43079636
    1254   8607.15354017
    1255   8620.88722992
    1256   8634.63186941
    1257   8648.38745482
    1258   8662.15399000
    1259   8675.93147108
    1260   8689.71990194
    1261   8703.51927869
    1262   8717.32960523
    1263   8731.15087766
    1264   8744.98309989
    1265   8758.82626799
    1266   8772.68038591
    1267   8786.54544969
    1268   8800.42146331
    1269   8814.30842277
    1270   8828.20633208
    1271   8842.11518722
    1272   8856.03499223
    1273   8869.96574306
    1274   8883.90744377
    1275   8897.86009029
    1276   8911.82368671
    1277   8925.79822892
    1278   8939.78372103
    1279   8953.78015894
    1280   8967.78754676
    1281   8981.80588037
    1282   8995.83516390
    1283   9009.87539320
    1284   9023.92657245
    1285   9037.98869745
    1286   9052.06177241
    1287   9066.14579312
    1288   9080.24076380
    1289   9094.34668021
    1290   9108.46354661
    1291   9122.59135873
    1292   9136.73012086
    1293   9150.87982869
    1294   9165.04048654
    1295   9179.21209008
    1296   9193.39464366
    1297   9207.58814291
    1298   9221.79259222
    1299   9236.00798720
    1300   9250.23433224
    1301   9264.47162294
    1302   9278.71986371
    1303   9292.97905013
    1304   9307.24918665
    1305   9321.53026879
    1306   9335.82230104
    1307   9350.12527891
    1308   9364.43920691
    1309   9378.76408051
    1310   9393.09990425
    1311   9407.44667359
    1312   9421.80439308
    1313   9436.17305814
    1314   9450.55267338
    1315   9464.94323419
    1316   9479.34474518
    1317   9493.75720172
    1318   9508.18060847
    1319   9522.61496075
    1320   9537.06026326
    1321   9551.51651128
    1322   9565.98370955
    1323   9580.46185332
    1324   9594.95094735
    1325   9609.45098687
    1326   9623.96197666
    1327   9638.48391193
    1328   9653.01679749
    1329   9667.56062851
    1330   9682.11540984
    1331   9696.68113662
    1332   9711.25781371
    1333   9725.84543625
    1334   9740.44400912
    1335   9755.05352742
    1336   9769.67399606
    1337   9784.30541013
    1338   9798.94777455
    1339   9813.60108437
    1340   9828.26534458
    1341   9842.94055017
    1342   9857.62670616
    1343   9872.32380752
    1344   9887.03185929
    1345   9901.75085642
    1346   9916.48080398
    1347   9931.22169689
    1348   9945.97354023
    1349   9960.73632892
    1350   9975.51006805
    1351   9990.29475252
    1352  10005.09038745
    1353  10019.89696769
    1354  10034.71449842
    1355  10049.54297444
    1356  10064.38240097
    1357  10079.23277277
    1358  10094.09409510
    1359  10108.96636270
    1360  10123.84958082
    1361  10138.74374421
    1362  10153.64885814
    1363  10168.56491732
    1364  10183.49192706
    1365  10198.42988203
    1366  10213.37878758
    1367  10228.33863834
    1368  10243.30943970
    1369  10258.29118627
    1370  10273.28388344
    1371  10288.28752580
    1372  10303.30211879
    1373  10318.32765695
    1374  10333.36414576
    1375  10348.41157973
    1376  10363.46996435
    1377  10378.53929413
    1378  10393.61957457
    1379  10408.71080016
    1380  10423.81297642
    1381  10438.92609782
    1382  10454.05016991
    1383  10469.18518712
    1384  10484.33115503
    1385  10499.48806806
    1386  10514.65593180
    1387  10529.83474065
    1388  10545.02450022
    1389  10560.22520489
    1390  10575.43686029
    1391  10590.65946078
    1392  10605.89301202
    1393  10621.13750833
    1394  10636.39295540
    1395  10651.65934754
    1396  10666.93669045
    1397  10682.22497841
    1398  10697.52421716
    1399  10712.83440096
    1400  10728.15553555
    1401  10743.48761517
    1402  10758.83064561
    1403  10774.18462107
    1404  10789.54954734
    1405  10804.92541864
    1406  10820.31224076
    1407  10835.71000790
    1408  10851.11872587
    1409  10866.53838884
    1410  10881.96900266
    1411  10897.41056148
    1412  10912.86307115
    1413  10928.32652581
    1414  10943.80093133
    1415  10959.28628184
    1416  10974.78258321
    1417  10990.28982957
    1418  11005.80802680
    1419  11021.33716901
    1420  11036.87726209
    1421  11052.42830015
    1422  11067.99028909
    1423  11083.56322301
    1424  11099.14710781
    1425  11114.74193758
    1426  11130.34771824
    1427  11145.96444387
    1428  11161.59212039
    1429  11177.23074188
    1430  11192.88031426
    1431  11208.54083162
    1432  11224.21229986
    1433  11239.89471308
    1434  11255.58807719
    1435  11271.29238628
    1436  11287.00764625
    1437  11302.73385121
    1438  11318.47100705
    1439  11334.21910788
    1440  11349.97815958
    1441  11365.74815628
    1442  11381.52910385
    1443  11397.32099643
    1444  11413.12383987
    1445  11428.93762833
    1446  11444.76236763
    1447  11460.59805197
    1448  11476.44468715
    1449  11492.30226737
    1450  11508.17079841
    1451  11524.05027451
    1452  11539.94070143
    1453  11555.84207342
    1454  11571.75439621
    1455  11587.67766408
    1456  11603.61188274
    1457  11619.55704651
    1458  11635.51316104
    1459  11651.48022070
    1460  11667.45823110
    1461  11683.44718666
    1462  11699.44709293
    1463  11715.45794438
    1464  11731.47974653
    1465  11747.51249388
    1466  11763.55619190
    1467  11779.61083515
    1468  11795.67642904
    1469  11811.75296819
    1470  11827.84045795
    1471  11843.93889301
    1472  11860.04827865
    1473  11876.16860962
    1474  11892.29989112
    1475  11908.44211800
    1476  11924.59529537
    1477  11940.75941817
    1478  11956.93449141
    1479  11973.12051012
    1480  11989.31747923
    1481  12005.52539386
    1482  12021.74425883
    1483  12037.97406938
    1484  12054.21483023
    1485  12070.46653670
    1486  12086.72919341
    1487  12103.00279581
    1488  12119.28734838
    1489  12135.58284671
    1490  12151.88929515
    1491  12168.20668940
    1492  12184.53503371
    1493  12200.87432390
    1494  12217.22456406
    1495  12233.58575019
    1496  12249.95788620
    1497  12266.34096827
    1498  12282.73500015
    1499  12299.13997816
    1500  12315.55590589
    1501  12331.98277984
    1502  12348.42060342
    1503  12364.86937333
    1504  12381.32909276
    1505  12397.79975862
    1506  12414.28137390
    1507  12430.77393571
    1508  12447.27744683
    1509  12463.79190461
    1510  12480.31731157
    1511  12496.85366531
    1512  12513.40096811
    1513  12529.95921781
    1514  12546.52841644
    1515  12563.10856212
    1516  12579.69965658
    1517  12596.30169823
    1518  12612.91468852
    1519  12629.53862614
    1520  12646.17351226
    1521  12662.81934587
    1522  12679.47612780
    1523  12696.14385739
    1524  12712.82253514
    1525  12729.51216073
    1526  12746.21273428
    1527  12762.92425586
    1528  12779.64672522
    1529  12796.38014280
    1530  12813.12450796
    1531  12829.87982155
    1532  12846.64608250
    1533  12863.42329210
    1534  12880.21144883
    1535  12897.01055445
    1536  12913.82060696
    1537  12930.64160860
    1538  12947.47355689
    1539  12964.31645455
    1540  12981.17029861
    1541  12998.03509230
    1542  13014.91083212
    1543  13031.79752186
    1544  13048.69515743
    1545  13065.60374321
    1546  13082.52327452
    1547  13099.45375635
    1548  13116.39518340
    1549  13133.34756129
    1550  13150.31088406
    1551  13167.28515803
    1552  13184.27037652
    1553  13201.26654655
    1554  13218.27366074
    1555  13235.29172687
    1556  13252.32073676
    1557  13269.36069897
    1558  13286.41160454
    1559  13303.47346286
    1560  13320.54626411
    1561  13337.63001853
    1562  13354.72471544
    1563  13371.83036598
    1564  13388.94695854
    1565  13406.07450521
    1566  13423.21299341
    1567  13440.36243622
    1568  13457.52282004
    1569  13474.69415900
    1570  13491.87643842
    1571  13509.06967355
    1572  13526.27384857
    1573  13543.48897986
    1574  13560.71505046
    1575  13577.95207794
    1576  13595.20004411
    1577  13612.45896778
    1578  13629.72882948
    1579  13647.00964938
    1580  13664.30140661
    1581  13681.60412273
    1582  13698.91777546
    1583  13716.24238782
    1584  13733.57793605
    1585  13750.92444467
    1586  13768.28188836
    1587  13785.65029325
    1588  13803.02963239
    1589  13820.41993357
    1590  13837.82116813
    1591  13855.23336562
    1592  13872.65649559
    1593  13890.09058940
    1594  13907.53561474
    1595  13924.99160490
    1596  13942.45852559
    1597  13959.93641212
    1598  13977.42522813
    1599  13994.92501105
    1600  14012.43572236
    1601  14029.95740169
    1602  14047.49000826
    1603  14065.03358403
    1604  14082.58808584
    1605  14100.15355806
    1606  14117.72995507
    1607  14135.31732378
    1608  14152.91561597
    1609  14170.52488119
    1610  14188.14506850
    1611  14205.77623027
    1612  14223.41831269
    1613  14241.07137102
    1614  14258.73534849
    1615  14276.41030344
    1616  14294.09617594
    1617  14311.79302751
    1618  14329.50079498
    1619  14347.21954323
    1620  14364.94920565
    1621  14382.68985059
    1622  14400.44140789
    1623  14418.20394959
    1624  14435.97740175
    1625  14453.76184021
    1626  14471.55718715
    1627  14489.36352246
    1628  14507.18076415
    1629  14525.00899631
    1630  14542.84813268
    1631  14560.69826176
    1632  14578.55929278
    1633  14596.43131881
    1634  14614.31424439
    1635  14632.20816744
    1636  14650.11298755
    1637  14668.02880765
    1638  14685.95552219
    1639  14703.89323942
    1640  14721.84184836
    1641  14739.80146275
    1642  14757.77196598
    1643  14775.75347762
    1644  14793.74587511
    1645  14811.74928403
    1646  14829.76357567
    1647  14847.78888197
    1648  14865.82506771
    1649  14883.87227142
    1650  14901.93035114
    1651  14919.99945237
    1652  14938.07942602
    1653  14956.17042482
    1654  14974.27229228
    1655  14992.38518875
    1656  15010.50894995
    1657  15028.64374415
    1658  15046.78939896
    1659  15064.94609101
    1660  15083.11363936
    1661  15101.29222931
    1662  15119.48167106
    1663  15137.68215905
    1664  15155.89349413
    1665  15174.11588021
    1666  15192.34910845
    1667  15210.59339278
    1668  15228.84851410
    1669  15247.11469674
    1670  15265.39171097
    1671  15283.67979208
    1672  15301.97869914
    1673  15320.28867879
    1674  15338.60947848
    1675  15356.94135685
    1676  15375.28404908
    1677  15393.63782626
    1678  15412.00241081
    1679  15430.37808699
    1680  15448.76456377
    1681  15467.16213902
    1682  15485.57050780
    1683  15503.98998235
    1684  15522.42024302
    1685  15540.86161696
    1686  15559.31376926
    1687  15577.77704284
    1688  15596.25108665
    1689  15614.73625996
    1690  15633.23219501
    1691  15651.73926831
    1692  15670.25709447
    1693  15688.78606787
    1694  15707.32578484
    1695  15725.87665864
    1696  15744.43826626
    1697  15763.01104058
    1698  15781.59453855
    1699  15800.18921368
    1700  15818.79460182
    1701  15837.41117793
    1702  15856.03845590
    1703  15874.67693330
    1704  15893.32610091
    1705  15911.98647978
    1706  15930.65753666
    1707  15949.33981736
    1708  15968.03276329
    1709  15986.73694600
    1710  16005.45178058
    1711  16024.17786569
    1712  16042.91458869
    1713  16061.66257641
    1714  16080.42118739
    1715  16099.19107814
    1716  16117.97157685
    1717  16136.76337087
    1718  16155.56575682
    1719  16174.37945456
    1720  16193.20372748
    1721  16212.03932921
    1722  16230.88548857
    1723  16249.74299478
    1724  16268.61104028
    1725  16287.49045126
    1726  16306.38038232
    1727  16325.28169863
    1728  16344.19351491
    1729  16363.11673686
    1730  16382.05043775
    1731  16400.99556593
    1732  16419.95115105
    1733  16438.91818582
    1734  16457.89565449
    1735  16476.88459652
    1736  16495.88394832
    1737  16514.89479798
    1738  16533.91603218
    1739  16552.94879020
    1740  16571.99190635
    1741  16591.04657314
    1742  16610.11157043
    1743  16629.18814679
    1744  16648.27502472
    1745  16667.37351112
    1746  16686.48226881
    1747  16705.60266611
    1748  16724.73330301
    1749  16743.87561173
    1750  16763.02812688
    1751  16782.19234797
    1752  16801.36674076
    1753  16820.55287478
    1754  16839.74914417
    1755  16858.95719216
    1756  16878.17533748
    1757  16897.40530008
    1758  16916.64532018
    1759  16935.89719851
    1760  16955.15909266
    1761  16974.43288743
    1762  16993.71665438
    1763  17013.01236681
    1764  17032.31800575
    1765  17051.63563663
    1766  17070.96314619
    1767  17090.30269687
    1768  17109.65207616
    1769  17129.01354749
    1770  17148.38479503
    1771  17167.76818849
    1772  17187.16130328
    1773  17206.56661982
    1774  17225.98160024
    1775  17245.40884148
    1776  17264.84568644
    1777  17284.29485342
    1778  17303.75356115
    1779  17323.22465564
    1780  17342.70522494
    1781  17362.19824811
    1782  17381.70067703
    1783  17401.21563080
    1784  17420.73991803
    1785  17440.27680370
    1786  17459.82294710
    1787  17479.38176677
    1788  17498.94976490
    1789  17518.53052001
    1790  17538.12037053
    1791  17557.72306338
    1792  17577.33476471
    1793  17596.95939687
    1794  17616.59294644
    1795  17636.23952046
    1796  17655.89491652
    1797  17675.56343413
    1798  17695.24067388
    1799  17714.93113786
    1800  17734.63021937
    1801  17754.34263164
    1802  17774.06355183
    1803  17793.79791544
    1804  17813.54067220
    1805  17833.29698926
    1806  17853.06157921
    1807  17872.83985308
    1808  17892.62627389
    1809  17912.42650688
    1810  17932.23475486
    1811  17952.05695066
    1812  17971.88702324
    1813  17991.73118441
    1814  18011.58307753
    1815  18031.44920812
    1816  18051.32291894
    1817  18071.21102178
    1818  18091.10654586
    1819  18111.01662540
    1820  18130.93395961
    1821  18150.86601895
    1822  18170.80515843
    1823  18190.75920246
    1824  18210.72014375
    1825  18230.69617592
    1826  18250.67891367
    1827  18270.67693934
    1828  18290.68146975
    1829  18310.70149272
    1830  18330.72780991
    1831  18350.76983608
    1832  18370.81793587
    1833  18390.88196942
    1834  18410.95184535
    1835  18431.03789279
    1836  18451.12954024
    1837  18471.23760617
    1838  18491.35101805
    1839  18511.48110963
    1840  18531.61628083
    1841  18551.76840315
    1842  18571.92532590
    1843  18592.09948681
    1844  18612.27815547
    1845  18632.47436062
    1846  18652.67476662
    1847  18672.89302465
    1848  18693.11516179
    1849  18713.35547891
    1850  18733.59933776
    1851  18753.86172351
    1852  18774.12729722
    1853  18794.41175846
    1854  18814.69903665
    1855  18835.00558387
    1856  18855.31455898
    1857  18875.64319978
    1858  18895.97386039
    1859  18916.32460632
    1860  18936.67694407
    1861  18957.04980351
    1862  18977.42380585
    1863  18997.81879154
    1864  19018.21444922
    1865  19038.63157043
    1866  19059.04886960
    1867  19079.48814038
    1868  19099.92707085
    1869  19120.38850145
    1870  19140.84904794
    1871  19161.33265384
    1872  19181.81480509
    1873  19202.32059764
    1874  19222.82433681
    1875  19243.35233309
    1876  19263.87764773
    1877  19284.42786028
    1878  19304.97473180
    1879  19325.54717950
    1880  19346.11559414
    1881  19366.71029085
    1882  19387.30022809
    1883  19407.91719466
    1884  19428.52863929
    1885  19449.16789107
    1886  19469.80082041
    1887  19490.46238044
    1888  19511.11677768
    1889  19531.80066293
    1890  19552.47650301
    1891  19573.18273896
    1892  19593.88000329
    1893  19614.60860872
    1894  19635.32726958
    1895  19656.07827269
    1896  19676.81830951
    1897  19697.59173109
    1898  19718.35311320
    1899  19739.14898445
    1900  19759.93168910
    1901  19780.75003305
    1902  19801.55402629
    1903  19822.39487749
    1904  19843.22013412
    1905  19864.08351808
    1906  19884.93000051
    1907  19905.81595549
    1908  19926.68363584
    1909  19947.59219010
    1910  19968.48102671
    1911  19989.41222268
    1912  20010.32218467
    1913  20031.27605363
    1914  20052.20709481
    1915  20073.18368383
    1916  20094.13577003
    1917  20115.13511376
    1918  20136.10819373
    1919  20157.13034439
    1920  20178.12438030
    1921  20199.16937627
    1922  20220.18431126
    1923  20241.25221051
    1924  20262.28800267
    1925  20283.37884772
    1926  20304.43543393
    1927  20325.54928915
    1928  20346.62662302
    1929  20367.76353548
    1930  20388.86154692
    1931  20410.02158813
    1932  20431.14022580
    1933  20452.32344787
    1934  20473.46263389
    1935  20494.66911626
    1936  20515.82879387
    1937  20537.05859419
    1938  20558.23867685
    1939  20579.49188339
    1940  20600.69230838
    1941  20621.96898486
    1942  20643.18965601
    1943  20664.48990051
    1944  20685.73074858
    1945  20707.05463145
    1946  20728.31554962
    1947  20749.66317980
    1948  20770.94409174
    1949  20792.31554676
    1950  20813.61633385
    1951  20835.01173467
    1952  20856.33231296
    1953  20877.75174481
    1954  20899.09198268
    1955  20920.53557976
    1956  20941.89538514
    1957  20963.36324086
    1958  20984.74246785
    1959  21006.23473088
    1960  21027.63327891
    1961  21049.15005123
    1962  21070.56775885
    1963  21092.10920483
    1964  21113.54596275
    1965  21135.11219308
    1966  21156.56782308
    1967  21178.15901902
    1968  21199.63340318
    1969  21221.24968396
    1970  21242.74262619
    1971  21264.38419096
    1972  21285.89556524
    1973  21307.56254109
    1974  21329.09213268
    1975  21350.78473729
    1976  21372.33241330
    1977  21394.05078020
    1978  21415.61630692
    1979  21437.36067242
    1980  21458.94391235
    1981  21480.71441387
    1982  21502.31511475
    1983  21524.11200645
    1984  21545.73002995
    1985  21567.55344896
    1986  21589.18852587
    1987  21611.03874215
    1988  21632.69073912
    1989  21654.56788311
    1990  21676.23651721
    1991  21698.14087081
    1992  21719.82602236
    1993  21741.75769984
    1994  21763.45907764
    1995  21785.41836650
    1996  21807.13587709
    1997  21829.12286194
    1998  21850.85621407
    1999  21872.87117874
    2000  21894.62032254
    2001  21916.66330336
    2002  21938.42795884
    2003  21960.49922350
    2004  21982.27940750
    2005  22004.37891965
    2006  22026.17437745
    2007  22048.30237359
    2008  22070.11321784
    2009  22092.26955883
    2010  22114.09557444
    2011  22136.28045090
    2012  22158.12187999
    2013  22180.33501625
    2014  22202.19169223
    2015  22224.43322568
    2016  22246.30555384
    2017  22268.57504081
    2018  22290.46289368
    2019  22312.76043308
    2020  22334.66440300
    2021  22356.98936580
    2022  22378.90931222
    2023  22401.26182361
    2024  22423.19852312
    2025  22445.57778512
    2026  22467.53094458
    2027  22489.93727281
    2028  22511.90780115
    2029  22534.34030441
    2030  22556.32744947
    2031  22578.78698498
    2032  22600.79167109
    2033  22623.27740664
    2034  22645.29779487
    2035  22667.81183802
    2036  22689.84873290
    2037  22712.39048389
    2038  22734.43963588
    2039  22757.01393417
    2040  22779.07631091
    2041  22801.68242836
    2042  22823.74813561
    2043  22846.39704985
    2044  22868.47253380
    2045  22891.15491442
    2046  22913.21738498
    2047  22935.93671029
    2048  22958.30564909
 ---------------------------------------
 
SCF converged! Final Ground-State Energy (Eh):             -26.0559178291886617
