 
 Imaginary Time Propagation
 --------------------------
 
               Imag. time (a.u.)               < psi_i | psi_i >               < psi_i | psi_0 >                Energy (hartree)
              0.0000000000000000              0.9999999999999996              0.9999999999999996            -11.4589713583419819
              0.1000000000000018              1.0000000000000002              0.9541507652398000            -13.5498565068280694
              0.1999999999999943              0.9999999999999998              0.9068141213536385            -13.9833067369465791
              0.2999999999999833              0.9999999999999999              0.8744586855044741            -14.1279781323864970
              0.3999999999999723              1.0000000000000004              0.8532462910090074            -14.1812778531407222
              0.4999999999999613              0.9999999999999994              0.8396550531478638            -14.2013385394845386
              0.5999999999999502              1.0000000000000007              0.8310763394678977            -14.2089676911077785
              0.6999999999999392              0.9999999999999996              0.8257090030823580            -14.2118929725037546
              0.7999999999999282              0.9999999999999994              0.8223666246393890            -14.2130223298274796
              0.8999999999999172              1.0000000000000002              0.8202897208659934            -14.2134608039154742
              0.9999999999999062              1.0000000000000002              0.8189999953597079            -14.2136318302985281
              1.0999999999998953              1.0000000000000000              0.8181989155137791            -14.2136987931267242
              1.1999999999998843              1.0000000000000002              0.8177009960295928            -14.2137250943851878
              1.2999999999998733              0.9999999999999993              0.8173912171785147            -14.2137354522889812
              1.3999999999998622              0.9999999999999999              0.8171982882817549            -14.2137395406209635
              1.4980999999998514              0.9999999999999993              0.8170798019753067            -14.2137411386155836
 
 Summary of Imaginary time propagation
 -------------------------------------
n       =              512
dt      =       0.00010000
nstep   =            14981
E_conv  =       0.00000000
Ei      =     -14.21374114
 
