 
     Two-Electron DVR    
 ------------------------
 x0     =      15.00000000
 m      =       1.00000000
 Z      =       4.00000000
 n      =              128
 dx     =       0.23622047
 
Soft-Coulomb Parameters:
 alpha  =       1.00000000
 beta   =       0.10000000
 
 
                       Hartree-Fock                      
 --------------------------------------------------------
 no. of orbitals        =              128
 no. of electrons       =                2
 scf_damping_switch     =        F
 scf_diis_switch        =        F
 damping_factor         =   0.00000000
 e_tolerance            = 0.0000000000100000
 maximum scf-iterations =              200
 
 
                       SCF iterations                      
 ----------------------------------------------------------
    S.No    Energy (hartree)        dE (hartree)
 ----------------------------------------------------------
       0     -6.418296506022
       1     -4.757268600069      1.661027905953
       2     -4.858548953444      0.101280353375
       3     -4.859641481293      0.001092527849
       4     -4.859661355372      0.000019874078
       5     -4.859662008735      0.000000653363
       6     -4.859662033321      0.000000024586
       7     -4.859662034283      0.000000000962
       8     -4.859662034321      0.000000000038
       9     -4.859662034323      0.000000000002
 ----------------------------------------------------------
  
 
 
 ---------------------------------------
     Molecular Orbital Energies (Eh)    
 ---------------------------------------
       1     -1.70551999
       2     -0.49363816
       3     -0.34942499
       4     -0.23528804
       5     -0.17528987
       6     -0.11626621
       7     -0.06022584
       8      0.01700913
       9      0.09787658
      10      0.20025420
      11      0.30556849
      12      0.43086789
      13      0.55975205
      14      0.70687875
      15      0.85876248
      16      1.02720734
      17      1.20165444
      18      1.39119870
      19      1.58786414
      20      1.79843555
      21      2.01705082
      22      2.24864796
      23      2.48900984
      24      2.74166169
      25      3.00362086
      26      3.27736597
      27      3.56081574
      28      3.85569224
      29      4.16055852
      30      4.47660005
      31      4.80283288
      32      5.14006751
      33      5.48763428
      34      5.84608480
      35      6.21496516
      36      6.59464990
      37      6.98483192
      38      7.38576565
      39      7.79724309
      40      8.21943778
      41      8.65220820
      42      9.09567371
      43      9.54973707
      44     10.01448167
      45     10.48983946
      46     10.97587016
      47     11.47252477
      48     11.97984765
      49     12.49780200
      50     13.02642237
      51     13.56567959
      52     14.11560220
      53     14.67616549
      54     15.24739457
      55     15.82926712
      56     16.42180653
      57     17.02499140
      58     17.63884463
      59     18.26334480
      60     18.89851511
      61     19.54433333
      62     20.20082365
      63     20.86796264
      64     21.54577579
      65     22.23423797
      66     22.93337641
      67     23.64316429
      68     24.36363049
      69     25.09474619
      70     25.83654219
      71     26.58898809
      72     27.35211608
      73     28.12589405
      74     28.91035555
      75     29.70546806
      76     30.51126494
      77     31.32771374
      78     32.15484675
      79     32.99263480
      80     33.84110534
      81     34.70023450
      82     35.57004191
      83     36.45051644
      84     37.34166110
      85     38.24348371
      86     39.15596212
      87     40.07914013
      88     41.01295023
      89     41.95748888
      90     42.91262116
      91     43.87853467
      92     44.85498110
      93     45.84228153
      94     46.84001962
      95     47.84873638
      96     48.86774388
      97     49.89790580
      98     50.93813241
      99     51.98980138
     100     53.05119248
     101     54.12443585
     102     55.20688415
     103     56.30182889
     104     57.40521217
     105     58.52200423
     106     59.64611318
     107     60.78498737
     108     61.92958960
     109     63.09080539
     110     64.25558639
     111     65.43943952
     112     66.62414949
     113     67.83081736
     114     69.03544863
     115     70.26461101
     116     71.48981296
     117     72.74021719
     118     73.98829478
     119     75.25643512
     120     76.53159614
     121     77.81214013
     122     79.12091922
     123     80.40848077
     124     81.75161231
     125     83.05319644
     126     84.40277753
     127     85.78778230
     128     87.06452530
 ---------------------------------------
 
SCF converged! Final Ground-State Energy (Eh):              -4.8596620343229926
