 
     Two-Electron DVR    
 ------------------------
 x0     =      15.00000000
 m      =       1.00000000
 Z      =       3.00000000
 n      =               32
 dx     =       0.96774194
 
Soft-Coulomb Parameters:
 alpha  =       0.01000000
 beta   =       0.01000000
 
 
                       Hartree-Fock                      
 --------------------------------------------------------
 no. of orbitals        =               32
 no. of electrons       =                2
 scf_damping_switch     =        F
 scf_diis_switch        =        F
 damping_factor         =   0.00000000
 e_tolerance            = 0.0000000000100000
 maximum scf-iterations =              200
 
 
                       SCF iterations                      
 ----------------------------------------------------------
    S.No    Energy (hartree)        dE (hartree)
 ----------------------------------------------------------
       0    -11.018487513497
       1     -5.729595726144      5.288891787353
       2     -5.698285071060      0.031310655084
       3     -6.061426438687      0.363141367627
       4     -6.081420524998      0.019994086311
       5     -6.155491303533      0.074070778535
       6     -6.168660844286      0.013169540753
       7     -6.187453677061      0.018792832775
       8     -6.193079529785      0.005625852724
       9     -6.198383837233      0.005304307448
      10     -6.200483870953      0.002100033720
      11     -6.202074276831      0.001590405878
      12     -6.202811205713      0.000736928882
      13     -6.203305306258      0.000494100545
      14     -6.203555738322      0.000250432064
      15     -6.203712482433      0.000156744111
      16     -6.203796109774      0.000083627341
      17     -6.203846443066      0.000050333293
      18     -6.203874097268      0.000027654202
      19     -6.203890374507      0.000016277239
      20     -6.203899468995      0.000009094488
      21     -6.203904754290      0.000005285295
      22     -6.203907735796      0.000002981506
      23     -6.203909455956      0.000001720160
      24     -6.203910431639      0.000000975683
      25     -6.203910992083      0.000000560444
      26     -6.203911310108      0.000000318025
      27     -6.203911486967      0.000000176860
      28     -6.203911553764      0.000000066796
      29     -6.203911379023      0.000000174741
      30     -6.203909945270      0.000001433752
      31     -6.203900772015      0.000009173255
      32     -6.203843217459      0.000057554556
      33     -6.203482744973      0.000360472485
      34     -6.201226980560      0.002255764413
      35     -6.187165230488      0.014061750073
      36     -6.101587374838      0.085577855649
      37     -5.646408617327      0.455178757511
      38     -4.214160894817      1.432247722509
      39     -2.508936780580      1.705224114237
      40     -1.691007698354      0.817929082226
      41     -1.457839683045      0.233168015309
      42     -1.399755595176      0.058084087869
      43     -1.385653789549      0.014101805627
      44     -1.382244838093      0.003408951455
      45     -1.381421784482      0.000823053611
      46     -1.381223102425      0.000198682057
      47     -1.381175145507      0.000047956918
      48     -1.381163569939      0.000011575569
      49     -1.381160775915      0.000002794024
      50     -1.381160101514      0.000000674401
      51     -1.381159938732      0.000000162782
      52     -1.381159899441      0.000000039291
      53     -1.381159889957      0.000000009484
      54     -1.381159887668      0.000000002289
      55     -1.381159887115      0.000000000553
      56     -1.381159886982      0.000000000133
      57     -1.381159886950      0.000000000032
      58     -1.381159886942      0.000000000008
 ----------------------------------------------------------
  
 
 
 ---------------------------------------
     Molecular Orbital Energies (Eh)    
 ---------------------------------------
       1     -2.69483375
       2     -0.31890105
       3     -0.10172794
       4     -0.09435982
       5     -0.01651321
       6     -0.00696476
       7      0.09580120
       8      0.12857485
       9      0.25328831
      10      0.31219988
      11      0.45389580
      12      0.54083966
      13      0.69605925
      14      0.81372056
      15      0.97790926
      16      1.12945161
      17      1.29715364
      18      1.48885311
      19      1.65064131
      20      1.89040846
      21      2.03595407
      22      2.33680194
      23      2.45395325
      24      2.82550972
      25      2.91044272
      26      3.36385872
      27      3.41633379
      28      3.94550390
      29      3.97720500
      30      4.58835584
      31      4.65208623
      32      5.92625559
 ---------------------------------------
 
SCF converged! Final Ground-State Energy (Eh):              -1.3811598869421315
