 
 Imaginary Time Propagation
 --------------------------
 
               Imag. time (a.u.)               < psi_i | psi_i >               < psi_i | psi_0 >                Energy (hartree)
                                
              0.0000000000000000              0.9999999999999999              0.9999999999999999             -1.5187247414286200
              1.0000000000000007              0.9999999999999999              0.9697068462693735             -1.8386307867321272
              1.9999999999998905              1.0000000000000000              0.9572387918103330             -1.8477466118195696
              2.9999999999997806              1.0000000000000000              0.9504920161050577             -1.8503187574884190
              3.9999999999996705              1.0000000000000002              0.9462669856764023             -1.8513487429591440
              5.0000000000000044              0.9999999999999994              0.9434361980714138             -1.8518282322218009
              6.0000000000003384              1.0000000000000007              0.9414663848778803             -1.8520713907012918
              7.0000000000006724              0.9999999999999999              0.9400616021789925             -1.8522017910829189
              8.0000000000010054              1.0000000000000002              0.9390419976802615             -1.8522745470569311
              9.0000000000004512              1.0000000000000002              0.9382919371656638             -1.8523163598275514
              9.9999999999998970              0.9999999999999999              0.9377341933681623             -1.8523409477113741
             10.9999999999993427              1.0000000000000002              0.9373157518909041             -1.8523556740895479
             11.9999999999987885              1.0000000000000002              0.9369994497312611             -1.8523646271569341
             12.9999999999982343              1.0000000000000000              0.9367587999353973             -1.8523701383992184
             13.9999999999976801              0.9999999999999998              0.9365746672483051             -1.8523735666905579
             14.9999999999971259              0.9999999999999998              0.9364330702511601             -1.8523757183838918
             15.9999999999965716              1.0000000000000000              0.9363236943195886             -1.8523770792265271
             16.9999999999977938              1.0000000000000000              0.9362388662857231             -1.8523779455987739
             17.9999999999990159              1.0000000000000000              0.9361728361775261             -1.8523785003339328
             19.0000000000002380              0.9999999999999996              0.9361212672615222             -1.8523788572963211
             20.0000000000014602              0.9999999999999999              0.9360808697634430             -1.8523790879872621
             21.0000000000026823              0.9999999999999999              0.9360491351183311             -1.8523792376324271
             22.0000000000039044              0.9999999999999999              0.9360241414373339             -1.8523793350198023
             23.0000000000051266              0.9999999999999998              0.9360044099766339             -1.8523793985765149
             24.0000000000063487              0.9999999999999998              0.9359887984844587             -1.8523794401554501
             25.0000000000075708              0.9999999999999998              0.9359764214429955             -1.8523794674134226
             26.0000000000087930              1.0000000000000002              0.9359665900761743             -1.8523794853151769
             27.0000000000100151              1.0000000000000000              0.9359587669854615             -1.8523794970904128
             28.0000000000112372              1.0000000000000000              0.9359525316801171             -1.8523795048460967
             29.0000000000124594              1.0000000000000000              0.9359475542683486             -1.8523795099601303
             30.0000000000136815              0.9999999999999997              0.9359435752942652             -1.8523795133355616
             31.0000000000149036              1.0000000000000002              0.9359403902257920             -1.8523795155653124
             32.0000000000161222              0.9999999999999997              0.9359378374782519             -1.8523795170392818
             33.0000000000137916              1.0000000000000002              0.9359357891370752             -1.8523795180142502
             34.0000000000114611              1.0000000000000004              0.9359341437490554             -1.8523795186594514
             35.0000000000091305              0.9999999999999999              0.9359328207046945             -1.8523795190866323
             36.0000000000067999              1.0000000000000004              0.9359317558485291             -1.8523795193695751
             37.0000000000044693              0.9999999999999996              0.9359308980402365             -1.8523795195570116
             38.0000000000021387              1.0000000000000004              0.9359302064541021             -1.8523795196812403
             38.9999999999998082              0.9999999999999999              0.9359296484534898             -1.8523795197635922
             39.9999999999974776              1.0000000000000002              0.9359291979143153             -1.8523795198181841
             40.9999999999951470              1.0000000000000002              0.9359288338999865             -1.8523795198543884
             41.9999999999928164              1.0000000000000002              0.9359285396121383             -1.8523795198783788
             42.3419999999920194              0.9999999999999997              0.9359284524659007             -1.8523795198845754
 
 Summary of Imaginary time propagation
 -------------------------------------
n       =              256
dt      =       0.00100000
nstep   =            42342
E_conv  =   0.0000000000000000
Ei      =      -1.8523795198845754
 
