 
     Two-Electron DVR    
 ------------------------
 x0     =      15.00000000
 m      =       1.00000000
 Z      =       1.00000000
 n      =              256
 dx     =       0.11764706
 
Soft-Coulomb Parameters:
 alpha  =       0.10000000
 beta   =       0.10000000
 
 
                       Hartree-Fock                      
 --------------------------------------------------------
 no. of orbitals        =              256
 no. of electrons       =                2
 scf_damping_switch     =        F
 scf_diis_switch        =        F
 damping_factor         =   0.00000000
 e_tolerance            = 0.0000000000100000
 maximum scf-iterations =              200
 
 
                       SCF iterations                      
 ----------------------------------------------------------
    S.No    Energy (hartree)        dE (hartree)
 ----------------------------------------------------------
       0     -3.353996824317
       1     -1.598742726932      1.755254097385
       2     -1.741596820817      0.142854093885
       3     -1.742938158211      0.001341337394
       4     -1.742965726403      0.000027568191
       5     -1.742967401068      0.000001674665
       6     -1.742967529292      0.000000128225
       7     -1.742967540811      0.000000011518
       8     -1.742967541983      0.000000001172
       9     -1.742967542115      0.000000000132
      10     -1.742967542132      0.000000000016
      11     -1.742967542134      0.000000000002
 ----------------------------------------------------------
  
 
 
 ---------------------------------------
     Molecular Orbital Energies (Eh)    
 ---------------------------------------
       1     -0.16443744
       2      0.14596736
       3      0.14615967
       4      0.26045589
       5      0.26240086
       6      0.40831746
       7      0.41581222
       8      0.59011950
       9      0.60898258
      10      0.80523964
      11      0.84260531
      12      1.05429797
      13      1.11702330
      14      1.33981799
      15      1.43253611
      16      1.66504615
      17      1.78943977
      18      2.03239710
      19      2.18801635
      20      2.44304797
      21      2.62852063
      22      2.89736131
      23      3.11117329
      24      3.39534437
      25      3.63615993
      26      3.93689856
      27      4.20363387
      28      4.52191740
      29      4.81372060
      30      5.15031518
      31      5.46652248
      32      5.82203005
      33      6.16212311
      34      6.53701994
      35      6.90059110
      36      7.29525736
      37      7.68198305
      38      8.09672505
      39      8.50634599
      40      8.94141276
      41      9.37371927
      42      9.82931496
      43     10.28413605
      44     10.76042923
      45     11.23762443
      46     11.73475525
      47     12.23420838
      48     12.75229399
      49     13.27390848
      50     13.81304729
      51     14.35674244
      52     14.91701748
      53     15.48272561
      54     16.06420719
      55     16.65187135
      56     17.25461918
      57     17.86419130
      58     18.48825625
      59     19.11969566
      60     19.76512118
      61     20.41839341
      62     21.08521667
      63     21.76029245
      64     22.44854533
      65     23.14539978
      66     23.85510965
      67     24.57372159
      68     25.30491202
      69     26.04526341
      70     26.79795468
      71     27.56003014
      72     28.33423978
      73     29.11802617
      74     29.91376931
      75     30.71925546
      76     31.53654519
      77     32.36372152
      78     33.20256919
      79     34.05142756
      80     34.91184300
      81     35.78237645
      82     36.66436819
      83     37.55657079
      84     38.46014627
      85     39.37401295
      86     40.29917861
      87     41.23470508
      88     42.18146656
      89     43.13864914
      90     44.10701134
      91     45.08584693
      92     46.07581415
      93     47.07630009
      94     48.08787606
      95     49.11001014
      96     50.14319816
      97     51.18697848
      98     52.24178140
      99     53.30720638
     100     54.38362676
     101     55.47069507
     102     56.56873509
     103     57.67744564
     104     58.79710728
     105     59.92745913
     106     61.06874408
     107     62.22073653
     108     63.38364633
     109     64.55727874
     110     65.74181468
     111     66.93708663
     112     68.14324992
     113     69.36016099
     114     70.58795263
     115     71.82650262
     116     73.07592355
     117     74.33611224
     118     75.60716320
     119     76.88899054
     120     78.18167229
     121     79.48513819
     122     80.79945128
     123     82.12455584
     124     83.46050084
     125     84.80724410
     126     86.16482137
     127     87.53320357
     128     88.91241356
     129     90.30243482
     130     91.70327773
     131     93.11493843
     132     94.53741457
     133     95.97071492
     134     97.41482433
     135     98.86976484
     136    100.33550772
     137    101.81208871
     138    103.29946490
     139    104.79768706
     140    106.30669663
     141    107.82656037
     142    109.35720297
     143    110.89870917
     144    112.45098472
     145    114.01413394
     146    115.58804185
     147    117.17283519
     148    118.76837520
     149    120.37481341
     150    121.99198460
     151    123.62006910
     152    125.25887100
     153    126.90860274
     154    128.56903405
     155    130.24041486
     156    131.92247481
     157    133.61550594
     158    135.31919272
     159    137.03387654
     160    138.75918899
     161    140.49552712
     162    142.24246277
     163    144.00045830
     164    145.76901546
     165    147.54867055
     166    149.33884587
     167    151.14016452
     168    152.95195564
     169    154.77494073
     170    156.60834311
     171    158.45299989
     172    160.30801024
     173    162.17434256
     174    164.05095476
     175    165.93896954
     176    167.83717905
     177    169.74688144
     178    171.66668005
     179    173.59807920
     180    175.53946065
     181    177.49256350
     182    179.45551677
     183    181.43033546
     184    183.41485199
     185    185.41139588
     186    187.41746083
     187    189.43574612
     188    191.46334779
     189    193.50338714
     190    195.55250557
     191    197.61432063
     192    199.68493983
     193    201.76854778
     194    203.86064085
     195    205.96607075
     196    208.07961585
     197    210.20689105
     198    212.34185181
     199    214.49101148
     200    216.64735808
     201    218.81843400
     202    220.99611716
     203    223.18916228
     204    225.38814127
     205    227.60319894
     206    229.82340682
     207    232.06054884
     208    234.30192997
     209    236.56121549
     210    238.82367874
     211    241.10520539
     212    243.38867480
     213    245.69252325
     214    247.99687462
     215    250.32317773
     216    252.64830770
     217    254.99717514
     218    257.34291458
     219    259.71452675
     220    262.08073614
     221    264.47524079
     222    266.86169127
     223    269.27933125
     224    271.68583787
     225    274.12680798
     226    276.55306633
     227    279.01768615
     228    281.46346114
     229    283.95197478
     230    286.41687863
     231    288.92968324
     232    291.41344724
     233    293.95081034
     234    296.45299412
     235    299.01533556
     236    301.53572622
     237    304.12321584
     238    306.66148915
     239    309.27432243
     240    311.83064257
     241    314.46846641
     242    317.04325533
     243    319.70515049
     244    322.30000451
     245    324.98368792
     246    327.60198552
     247    330.30228249
     248    332.95051403
     249    335.65848163
     250    338.35125581
     251    341.04549912
     252    343.80579255
     253    346.45510811
     254    349.35037183
     255    351.85654353
     256    354.95463015
 ---------------------------------------
 
SCF converged! Final Ground-State Energy (Eh):              -1.7429675421338797
