 
     Two-Electron DVR    
 ------------------------
 x0     =      15.00000000
 m      =       1.00000000
 Z      =       5.00000000
 n      =               32
 dx     =       0.96774194
 
Soft-Coulomb Parameters:
 alpha  =       0.10000000
 beta   =       0.10000000
 
 
                       Hartree-Fock                      
 --------------------------------------------------------
 no. of orbitals        =               32
 no. of electrons       =                2
 scf_damping_switch     =        F
 scf_diis_switch        =        F
 damping_factor         =   0.00000000
 e_tolerance            = 0.0000000000100000
 maximum scf-iterations =              200
 
 
                       SCF iterations                      
 ----------------------------------------------------------
    S.No    Energy (hartree)        dE (hartree)
 ----------------------------------------------------------
       0    -16.125264064555
       1    -14.093885171503      2.031378893053
       2    -14.103673788777      0.009788617274
       3    -14.103800633011      0.000126844234
       4    -14.103802256973      0.000001623962
       5    -14.103802277854      0.000000020881
       6    -14.103802278123      0.000000000269
       7    -14.103802278127      0.000000000003
 ----------------------------------------------------------
  
 
 
 ---------------------------------------
     Molecular Orbital Energies (Eh)    
 ---------------------------------------
       1     -6.04725058
       2     -3.36830330
       3     -1.00350839
       4     -0.87464500
       5     -0.46311197
       6     -0.42117881
       7     -0.26405397
       8     -0.24408623
       9     -0.13660671
      10     -0.11508443
      11      0.02805624
      12      0.05763331
      13      0.24387798
      14      0.28053282
      15      0.50751124
      16      0.55130376
      17      0.81700125
      18      0.86668164
      19      1.17178976
      20      1.22818928
      21      1.57150580
      22      1.63241189
      23      2.01736249
      24      2.08484249
      25      2.51014831
      26      2.57978342
      27      3.05521814
      28      3.13295292
      29      3.65706429
      30      3.73218035
      31      4.35643411
      32      4.46621101
 ---------------------------------------
 
SCF converged! Final Ground-State Energy (Eh):             -14.1038022781267252
