 
 Imaginary Time Propagation
 --------------------------
 
               Imag. time (a.u.)               < psi_i | psi_i >               < psi_i | psi_0 >                Energy (hartree)
                                
              0.0000000000000000              0.9999999999999999              0.9999999999999999              0.8205154672358744
              1.0000000000000007              1.0000000000000000              0.8287361479612653             -0.3658833290953383
              1.9999999999998905              1.0000000000000000              0.7069005418740266             -0.5013195210983867
              2.9999999999997806              1.0000000000000002              0.6289132557823351             -0.5530305983186092
              3.9999999999996705              0.9999999999999991              0.5756974734460836             -0.5789825902600770
              5.0000000000000044              1.0000000000000002              0.5371019366864610             -0.5942761180648903
              6.0000000000003384              1.0000000000000002              0.5076529869390559             -0.6043323571395549
              7.0000000000006724              1.0000000000000002              0.4842322874333503             -0.6114876707832783
              8.0000000000010054              0.9999999999999997              0.4649661751543080             -0.6168832914356525
              9.0000000000004512              1.0000000000000002              0.4486757700524069             -0.6211320862049099
              9.9999999999998970              1.0000000000000002              0.4345895283457552             -0.6245892180177464
             10.9999999999993427              0.9999999999999997              0.4221849787647267             -0.6274739138234032
             11.9999999999987885              1.0000000000000000              0.4110975423994785             -0.6299288270567921
             12.9999999999982343              1.0000000000000002              0.4010659264919044             -0.6320509543533317
             13.9999999999976801              1.0000000000000000              0.3918983200038734             -0.6339086809107617
             14.9999999999971259              0.9999999999999997              0.3834508560824587             -0.6355516692955592
             15.9999999999965716              1.0000000000000000              0.3756135345875369             -0.6370168708866403
             16.9999999999977938              1.0000000000000004              0.3683008026426869             -0.6383323414364385
             17.9999999999990159              1.0000000000000000              0.3614451111862456             -0.6395197597820805
             19.0000000000002380              1.0000000000000000              0.3549924124604907             -0.6405961486194252
             20.0000000000014602              1.0000000000000004              0.3488989479841781             -0.6415750841253007
             21.0000000000026823              0.9999999999999999              0.3431289108127967             -0.6424675652517992
             22.0000000000039044              0.9999999999999998              0.3376527114735757             -0.6432826483479193
             23.0000000000051266              0.9999999999999997              0.3324456689419030             -0.6440279151138548
             24.0000000000063487              1.0000000000000002              0.3274870069394561             -0.6447098194648644
             25.0000000000075708              0.9999999999999998              0.3227590740170893             -0.6453339450340896
             26.0000000000087930              0.9999999999999999              0.3182467309054889             -0.6459051961343922
             27.0000000000100151              1.0000000000000000              0.3139368651965432             -0.6464279390074396
             28.0000000000112372              1.0000000000000002              0.3098180045437066             -0.6469061059803994
             29.0000000000124594              1.0000000000000004              0.3058800071451016             -0.6473432720831810
             30.0000000000136815              1.0000000000000002              0.3021138135218606             -0.6477427113780139
             31.0000000000149036              1.0000000000000002              0.2985112473150570             -0.6481074384942662
             32.0000000000161222              1.0000000000000002              0.2950648555079133             -0.6484402395035750
             33.0000000000137916              0.9999999999999999              0.2917677804669935             -0.6487436952192726
             34.0000000000114611              0.9999999999999998              0.2886136577025977             -0.6490201991926267
             35.0000000000091305              1.0000000000000000              0.2855965344160351             -0.6492719720562210
             36.0000000000067999              1.0000000000000000              0.2827108048235121             -0.6495010733922462
             37.0000000000044693              1.0000000000000000              0.2799511589858792             -0.6497094119489730
             38.0000000000021387              0.9999999999999997              0.2773125424735354             -0.6498987547664221
             38.9999999999998082              1.0000000000000004              0.2747901246866091             -0.6500707355814921
             39.9999999999974776              1.0000000000000000              0.2723792740540681             -0.6502268627467552
             40.9999999999951470              1.0000000000000002              0.2700755386680129             -0.6503685268023276
             41.9999999999928164              1.0000000000000000              0.2678746311837218             -0.6504970077759956
             42.9999999999904858              0.9999999999999997              0.2657724170420832             -0.6506134822450300
             43.9999999999881553              1.0000000000000000              0.2637649052569765             -0.6507190301674093
             44.9999999999858247              1.0000000000000002              0.2618482411626819             -0.6508146414755970
             45.9999999999834941              1.0000000000000000              0.2600187006410808             -0.6509012224191284
             46.9999999999811635              0.9999999999999999              0.2582726854499598             -0.6509796016403586
             47.9999999999788329              1.0000000000000002              0.2566067193560930             -0.6510505359689791
             48.9999999999765024              1.0000000000000002              0.2550174448432716             -0.6511147159236292
             49.9999999999741718              1.0000000000000000              0.2535016202188797             -0.6511727709130131
             50.9999999999718412              0.9999999999999999              0.2520561169852996             -0.6512252741326366
             51.9999999999695106              1.0000000000000000              0.2506779173763607             -0.6512727471573344
             52.9999999999671800              0.9999999999999997              0.2493641119858077             -0.6513156642331367
             53.9999999999648495              1.0000000000000002              0.2481118974357515             -0.6513544562749887
             54.9999999999625189              1.0000000000000000              0.2469185740493619             -0.6513895145793830
             55.9999999999601883              0.9999999999999998              0.2457815435046002             -0.6514211942627584
             56.9999999999578577              1.0000000000000000              0.2446983064553241             -0.6514498174379928
             57.9999999999555271              1.0000000000000002              0.2436664601132336             -0.6514756761423836
             58.9999999999531965              0.9999999999999999              0.2426836957893737             -0.6514990350309634
             59.9999999999508660              1.0000000000000000              0.2417477963976703             -0.6515201338494222
             60.9999999999485354              0.9999999999999999              0.2408566339255680             -0.6515391897008466
             61.9999999999462048              1.0000000000000000              0.2400081668785452             -0.6515563991203310
             62.9999999999438742              0.9999999999999997              0.2392004377062889             -0.6515719399711403
             63.9999999999415436              0.9999999999999998              0.2384315702188119             -0.6515859731756430
             64.9999999999463114              0.9999999999999999              0.2376997670008935             -0.6515986442936609
             65.9999999999510862              0.9999999999999999              0.2370033068330582             -0.6516100849601900
             66.9999999999558611              1.0000000000000004              0.2363405421269279             -0.6516204141938848
             67.9999999999606359              1.0000000000000002              0.2357098963822772             -0.6516297395869339
             68.9999999999654108              1.0000000000000004              0.2351098616725211             -0.6516381583862543
             69.9999999999701856              0.9999999999999999              0.2345389961647264             -0.6516457584752848
             70.9999999999749605              1.0000000000000000              0.2339959216795685             -0.6516526192650098
             71.9999999999797353              1.0000000000000000              0.2334793212959982             -0.6516588125021192
             72.9999999999845102              1.0000000000000000              0.2329879370047316             -0.6516644030016653
             73.9999999999892850              1.0000000000000000              0.2325205674140607             -0.6516694493110085
             74.9999999999940599              1.0000000000000002              0.2320760655108970             -0.6516740043112127
             75.9999999999988347              0.9999999999999999              0.2316533364794138             -0.6516781157615956
             77.0000000000036096              1.0000000000000002              0.2312513355791513             -0.6516818267926774
             78.0000000000083844              1.0000000000000000              0.2308690660839854             -0.6516851763522353
             79.0000000000131593              0.9999999999999999              0.2305055772829450             -0.6516881996088720
             80.0000000000179341              1.0000000000000002              0.2301599625434827             -0.6516909283170056
             81.0000000000227089              1.0000000000000002              0.2298313574374656             -0.6516933911469583
             82.0000000000274838              1.0000000000000000              0.2295189379298594             -0.6516956139833325
             83.0000000000322586              1.0000000000000000              0.2292219186298044             -0.6516976201948009
             84.0000000000370335              1.0000000000000000              0.2289395511035578             -0.6516994308778666
             85.0000000000418083              1.0000000000000000              0.2286711222485747             -0.6517010650771972
             86.0000000000465832              1.0000000000000000              0.2284159527278238             -0.6517025399846837
             87.0000000000513580              0.9999999999999999              0.2281733954632887             -0.6517038711192775
             88.0000000000561329              0.9999999999999999              0.2279428341874813             -0.6517050724894563
             89.0000000000609077              0.9999999999999998              0.2277236820516913             -0.6517061567399767
             90.0000000000656826              1.0000000000000002              0.2275153802896084             -0.6517071352844014
             91.0000000000704574              1.0000000000000000              0.2273173969348893             -0.6517080184248024
             92.0000000000752323              1.0000000000000000              0.2271292255911910             -0.6517088154598624
             93.0000000000800071              0.9999999999999999              0.2269503842531477             -0.6517095347824700
             94.0000000000847820              1.0000000000000000              0.2267804141767479             -0.6517101839678765
             95.0000000000895568              1.0000000000000000              0.2266188787975492             -0.6517107698532499
             96.0000000000943317              0.9999999999999998              0.2264653626951615             -0.6517112986095315
             97.0000000000991065              1.0000000000000002              0.2263194706024312             -0.6517117758063198
             98.0000000001038813              1.0000000000000000              0.2261808264577668             -0.6517122064704013
             99.0000000001086562              1.0000000000000002              0.2260490724990629             -0.6517125951386336
            100.0000000001134310              0.9999999999999998              0.2259238683976914             -0.6517129459056544
            101.0000000001182059              0.9999999999999999              0.2258048904310660             -0.6517132624669834
            102.0000000001229807              1.0000000000000004              0.2256918306922975             -0.6517135481578891
            103.0000000001277556              0.9999999999999998              0.2255843963355017             -0.6517138059884977
            104.0000000001325304              0.9999999999999999              0.2254823088553470             -0.6517140386754742
            105.0000000001373053              1.0000000000000000              0.2253853033994652             -0.6517142486706308
            106.0000000001420801              1.0000000000000000              0.2252931281123886             -0.6517144381867377
            107.0000000001468550              1.0000000000000000              0.2252055435097103             -0.6517146092208052
            108.0000000001516298              1.0000000000000002              0.2251223218812067             -0.6517147635751452
            109.0000000001564047              1.0000000000000002              0.2250432467216980             -0.6517149028763195
            110.0000000001611795              0.9999999999999999              0.2249681121884639             -0.6517150285922992
            111.0000000001659544              1.0000000000000000              0.2248967225840707             -0.6517151420479059
            112.0000000001707292              1.0000000000000000              0.2248288918635042             -0.6517152444387833
            113.0000000001755041              0.9999999999999998              0.2247644431645451             -0.6517153368439677
            114.0000000001802789              0.9999999999999999              0.2247032083603589             -0.6517154202372952
            115.0000000001850538              1.0000000000000000              0.2246450276333133             -0.6517154954976228
            116.0000000001898286              1.0000000000000000              0.2245897490690724             -0.6517155634181072
            117.0000000001946034              1.0000000000000000              0.2245372282700536             -0.6517156247145534
            118.0000000001993783              1.0000000000000000              0.2244873279873698             -0.6517156800329731
            119.0000000002041531              1.0000000000000000              0.2244399177704143             -0.6517157299563719
            120.0000000002089280              0.9999999999999998              0.2243948736332808             -0.6517157750108882
            121.0000000002137028              1.0000000000000000              0.2243520777372418             -0.6517158156713727
            122.0000000002184777              0.9999999999999999              0.2243114180885450             -0.6517158523663565
            123.0000000002232525              1.0000000000000002              0.2242727882508135             -0.6517158854825700
            124.0000000002280274              1.0000000000000000              0.2242360870713727             -0.6517159153690486
            125.0000000002328022              0.9999999999999997              0.2242012184208462             -0.6517159423407681
            126.0000000002375771              1.0000000000000000              0.2241680909454042             -0.6517159666819988
            127.0000000002423519              1.0000000000000004              0.2241366178310609             -0.6517159886492806
            128.0000000002471268              0.9999999999999997              0.2241067165794581             -0.6517160084741466
            129.0000000002519016              0.9999999999999999              0.2240783087945842             -0.6517160263655306
            130.0000000002566765              0.9999999999999998              0.2240513199799122             -0.6517160425120037
            131.0000000002614513              1.0000000000000004              0.2240256793454581             -0.6517160570837461
            132.0000000002662262              1.0000000000000000              0.2240013196242870             -0.6517160702343309
            133.0000000002710010              0.9999999999999998              0.2239781768980113             -0.6517160821023629
            134.0000000002757758              0.9999999999999999              0.2239561904308522             -0.6517160928129319
            135.0000000002805507              0.9999999999999999              0.2239353025118512             -0.6517161024789171
            136.0000000002853255              0.9999999999999999              0.2239154583048369             -0.6517161112021971
            137.0000000002901004              1.0000000000000000              0.2238966057057745             -0.6517161190747042
            138.0000000002948752              0.9999999999999998              0.2238786952071405             -0.6517161261794248
            139.0000000002996501              1.0000000000000002              0.2238616797689799             -0.6517161325912315
            140.0000000003044249              1.0000000000000000              0.2238455146963237             -0.6517161383777064
            141.0000000003091998              1.0000000000000000              0.2238301575226560             -0.6517161435998352
            142.0000000003139746              0.9999999999999999              0.2238155678991366             -0.6517161483126578
            143.0000000003187495              1.0000000000000000              0.2238017074892969             -0.6517161525658464
            144.0000000003235243              0.9999999999999999              0.2237885398689458             -0.6517161564042256
            145.0000000003282992              0.9999999999999996              0.2237760304310239             -0.6517161598682555
            146.0000000003330740              1.0000000000000004              0.2237641462951721             -0.6517161629944441
            147.0000000003378489              1.0000000000000000              0.2237528562217757             -0.6517161658157419
            148.0000000003426237              1.0000000000000002              0.2237421305302698             -0.6517161683618763
            149.0000000003473986              0.9999999999999999              0.2237319410214959             -0.6517161706596974
            150.0000000003521734              1.0000000000000002              0.2237222609039067             -0.6517161727334126
            151.0000000003569482              1.0000000000000004              0.2237130647234350             -0.6517161746048825
            152.0000000003617231              1.0000000000000000              0.2237043282968434             -0.6517161762938294
            153.0000000003664979              1.0000000000000000              0.2236960286483830             -0.6517161778180600
            154.0000000003712728              1.0000000000000002              0.2236881439495998             -0.6517161791936289
            155.0000000003760476              1.0000000000000000              0.2236806534621315             -0.6517161804350441
            156.0000000003808225              1.0000000000000002              0.2236735374833487             -0.6517161815553809
            157.0000000003855973              0.9999999999999999              0.2236667772946978             -0.6517161825664591
            158.0000000003903722              0.9999999999999999              0.2236603551126146             -0.6517161834789258
            159.0000000003951470              0.9999999999999999              0.2236542540418801             -0.6517161843024002
            160.0000000003999219              1.0000000000000000              0.2236484580312964             -0.6517161850455645
            161.0000000004046967              1.0000000000000000              0.2236429518315698             -0.6517161857162468
            162.0000000004094716              0.9999999999999999              0.2236377209552918             -0.6517161863215193
            163.0000000004142464              0.9999999999999998              0.2236327516389116             -0.6517161868677595
            164.0000000004190213              0.9999999999999999              0.2236280308066033             -0.6517161873607289
            165.0000000004237961              1.0000000000000002              0.2236235460359343             -0.6517161878056146
            166.0000000004285710              1.0000000000000002              0.2236192855252434             -0.6517161882071142
            167.0000000004333458              1.0000000000000000              0.2236152380626449             -0.6517161885694559
            168.0000000004381207              0.9999999999999999              0.2236113929965792             -0.6517161888964628
            169.0000000004428955              1.0000000000000000              0.2236077402078295             -0.6517161891915704
            170.0000000004476703              0.9999999999999999              0.2236042700829363             -0.6517161894579001
            171.0000000004524452              1.0000000000000002              0.2236009734889356             -0.6517161896982523
            172.0000000004572200              0.9999999999999999              0.2235978417493591             -0.6517161899151647
            173.0000000004619949              1.0000000000000004              0.2235948666214302             -0.6517161901109253
            174.0000000004667697              1.0000000000000000              0.2235920402743989             -0.6517161902875903
            175.0000000004715446              1.0000000000000002              0.2235893552689572             -0.6517161904470276
            176.0000000004763194              1.0000000000000000              0.2235868045376818             -0.6517161905909128
            177.0000000004810943              0.9999999999999998              0.2235843813664528             -0.6517161907207670
            178.0000000004858691              1.0000000000000002              0.2235820793768010             -0.6517161908379530
            179.0000000004906440              0.9999999999999999              0.2235798925091346             -0.6517161909437151
            180.0000000004954188              0.9999999999999999              0.2235778150068050             -0.6517161910391609
            181.0000000005001937              0.9999999999999998              0.2235758414009672             -0.6517161911252944
            182.0000000005049685              1.0000000000000000              0.2235739664961969             -0.6517161912030298
            183.0000000005097434              1.0000000000000000              0.2235721853568252             -0.6517161912731843
            184.0000000005145182              0.9999999999999997              0.2235704932939558             -0.6517161913364963
            185.0000000005192931              1.0000000000000002              0.2235688858531317             -0.6517161913936340
            186.0000000005240679              1.0000000000000000              0.2235673588026166             -0.6517161914451993
            187.0000000005288427              0.9999999999999998              0.2235659081222620             -0.6517161914917378
            188.0000000005336176              1.0000000000000000              0.2235645299929319             -0.6517161915337354
            189.0000000005383924              0.9999999999999999              0.2235632207864530             -0.6517161915716319
            190.0000000005431673              1.0000000000000000              0.2235619770560699             -0.6517161916058387
            191.0000000005479421              0.9999999999999997              0.2235607955273753             -0.6517161916367067
            192.0000000005527170              1.0000000000000002              0.2235596730896942             -0.6517161916645673
            193.0000000005574918              1.0000000000000000              0.2235586067878987             -0.6517161916897073
            194.0000000005622667              1.0000000000000002              0.2235575938146311             -0.6517161917123974
            195.0000000005670415              0.9999999999999998              0.2235566315029166             -0.6517161917328743
            196.0000000005718164              0.9999999999999999              0.2235557173191444             -0.6517161917513542
            197.0000000005765912              0.9999999999999998              0.2235548488564002             -0.6517161917680313
            198.0000000005813661              1.0000000000000000              0.2235540238281312             -0.6517161917830803
            199.0000000005861409              1.0000000000000000              0.2235532400621288             -0.6517161917966621
            200.0000000005909158              0.9999999999999996              0.2235524954948104             -0.6517161918089249
            201.0000000005956906              1.0000000000000002              0.2235517881657898             -0.6517161918199850
            202.0000000006004655              1.0000000000000000              0.2235511162127152             -0.6517161918299679
            203.0000000006052403              1.0000000000000000              0.2235504778663691             -0.6517161918389761
            204.0000000006100151              0.9999999999999999              0.2235498714460102             -0.6517161918471089
            205.0000000006147900              0.9999999999999997              0.2235492953549499             -0.6517161918544465
            206.0000000006195648              1.0000000000000000              0.2235487480763490             -0.6517161918610709
            207.0000000006243397              0.9999999999999996              0.2235482281692252             -0.6517161918670462
            207.9300000006287803              0.9999999999999999              0.2235477680192004             -0.6517161918720776
 
 Summary of Imaginary time propagation
 -------------------------------------
n       =              256
dt      =       0.00100000
nstep   =           207930
E_conv  =   0.0000000000000000
Ei      =      -0.6517161918720776
 
