 
     Two-Electron DVR    
 ------------------------
 x0     =      15.00000000
 m      =       1.00000000
 Z      =       1.00000000
 n      =              256
 dx     =       0.11764706
 
Soft-Coulomb Parameters:
 alpha  =       1.00000000
 beta   =       0.10000000
 
 
                       Hartree-Fock                      
 --------------------------------------------------------
 no. of orbitals        =              256
 no. of electrons       =                2
 scf_damping_switch     =        T
 scf_diis_switch        =        F
 damping_factor         =   0.50000000
 e_tolerance            = 0.0000000000100000
 maximum scf-iterations =              200
 
 
                       SCF iterations                      
 ----------------------------------------------------------
    S.No    Energy (hartree)        dE (hartree)
 ----------------------------------------------------------
       0     -1.339554276427
       1     -0.089673687029      1.249880589398
       2     -0.206710759385      0.117037072356
       3     -0.299455485727      0.092744726342
       4     -0.348159957266      0.048704471539
       5     -0.377233391430      0.029073434163
       6     -0.393336750784      0.016103359354
       7     -0.401851550584      0.008514799800
       8     -0.406239054000      0.004387503416
       9     -0.408468537825      0.002229483825
      10     -0.409592956823      0.001124418999
      11     -0.410157768107      0.000564811283
      12     -0.410440870583      0.000283102477
      13     -0.410582608332      0.000141737749
      14     -0.410653527227      0.000070918895
      15     -0.410689000153      0.000035472926
      16     -0.410706740275      0.000017740122
      17     -0.410715611340      0.000008871065
      18     -0.410720047151      0.000004435811
      19     -0.410722265135      0.000002217984
      20     -0.410723374150      0.000001109015
      21     -0.410723928664      0.000000554514
      22     -0.410724205924      0.000000277259
      23     -0.410724344554      0.000000138630
      24     -0.410724413869      0.000000069315
      25     -0.410724448527      0.000000034658
      26     -0.410724465856      0.000000017329
      27     -0.410724474520      0.000000008664
      28     -0.410724478852      0.000000004332
      29     -0.410724481018      0.000000002166
      30     -0.410724482101      0.000000001083
      31     -0.410724482643      0.000000000542
      32     -0.410724482914      0.000000000271
      33     -0.410724483049      0.000000000135
      34     -0.410724483117      0.000000000068
      35     -0.410724483151      0.000000000034
      36     -0.410724483167      0.000000000017
      37     -0.410724483176      0.000000000008
 ----------------------------------------------------------
  
 
 
 ---------------------------------------
     Molecular Orbital Energies (Eh)    
 ---------------------------------------
       1      0.08141652
       2      0.20128599
       3      0.21757407
       4      0.32518617
       5      0.35103797
       6      0.46517845
       7      0.51158555
       8      0.63196954
       9      0.70662667
      10      0.83570068
      11      0.93925741
      12      1.08094346
      13      1.21125156
      14      1.36883279
      15      1.52380768
      16      1.69943166
      17      1.87771876
      18      2.07271033
      19      2.27351266
      20      2.48867387
      21      2.71154101
      22      2.94736314
      23      3.19204341
      24      3.44883181
      25      3.71518708
      26      3.99313594
      27      4.28109225
      28      4.58032793
      29      4.88984789
      30      5.21045475
      31      5.54152162
      32      5.88355749
      33      6.23616609
      34      6.59967173
      35      6.97382322
      36      7.35882815
      37      7.75452697
      38      8.16105321
      39      8.57830534
      40      9.00636974
      41      9.44518169
      42      9.89479749
      43     10.35517578
      44     10.82635361
      45     11.30830446
      46     11.80105305
      47     12.30458226
      48     12.81890887
      49     13.34402174
      50     13.87993255
      51     14.42663390
      52     14.98413420
      53     15.55242837
      54     16.13152275
      55     16.72141366
      56     17.32210613
      57     17.93359731
      58     18.55589140
      59     19.18898602
      60     19.83288485
      61     20.48758576
      62     21.15309214
      63     21.82940191
      64     22.51651833
      65     23.21443928
      66     23.92316797
      67     24.64270220
      68     25.37304519
      69     26.11419460
      70     26.86615372
      71     27.62892003
      72     28.40249693
      73     29.18688171
      74     29.98207791
      75     30.78808258
      76     31.60489944
      77     32.43252532
      78     33.27096409
      79     34.12021237
      80     34.98027420
      81     35.85114597
      82     36.73283193
      83     37.62532819
      84     38.52863924
      85     39.44276092
      86     40.36769796
      87     41.30344591
      88     42.25000976
      89     43.20738478
      90     44.17557620
      91     45.15457902
      92     46.14439874
      93     47.14503003
      94     48.15647869
      95     49.17873909
      96     50.21181732
      97     51.25570742
      98     52.31041580
      99     53.37593614
     100     54.45227520
     101     55.53942631
     102     56.63739657
     103     57.74617893
     104     58.86578085
     105     59.99619492
     106     61.13742897
     107     62.28947517
     108     63.45234178
     109     64.62602052
     110     65.81052008
     111     67.00583175
     112     68.21196466
     113     69.42890963
     114     70.65667626
     115     71.89525487
     116     73.14465556
     117     74.40486815
     118     75.67590325
     119     76.95775014
     120     78.25041997
     121     79.55390146
     122     80.86820634
     123     82.19332273
     124     83.52926296
     125     84.87601453
     126     86.23359040
     127     87.60197742
     128     88.98118922
     129     90.37121196
     130     91.77205996
     131     93.18371868
     132     94.60620316
     133     96.03949810
     134     97.48361931
     135     98.93855072
     136    100.40430893
     137    101.88087703
     138    103.36827250
     139    104.86647753
     140    106.37551050
     141    107.89535267
     142    109.42602339
     143    110.96750293
     144    112.51981163
     145    114.08292874
     146    115.65687568
     147    117.24163057
     148    118.83721597
     149    120.44360884
     150    122.06083293
     151    123.68886399
     152    125.32772700
     153    126.97739643
     154    128.63789859
     155    130.30920657
     156    131.99134811
     157    133.68429482
     158    135.38807596
     159    137.10266157
     160    138.82808254
     161    140.56430721
     162    142.31136822
     163    144.06923213
     164    145.83793339
     165    147.61743668
     166    149.40777841
     167    151.20892122
     168    153.02090363
     169    154.84368611
     170    156.67730940
     171    158.52173166
     172    160.37699605
     173    162.24305820
     174    164.11996388
     175    166.00766604
     176    167.90621321
     177    169.81555544
     178    171.73574429
     179    173.66672668
     180    175.60855740
     181    177.56118000
     182    179.52465276
     183    181.49891560
     184    183.48403058
     185    185.47993367
     186    187.48669103
     187    189.50423435
     188    191.53263426
     189    193.57181776
     190    195.62186035
     191    197.68268396
     192    199.75436939
     193    201.83683298
     194    203.93016132
     195    206.03426476
     196    208.14923615
     197    210.27497920
     198    212.41159368
     199    214.55897613
     200    216.71723380
     201    218.88625527
     202    221.06615606
     203    223.25681628
     204    225.45836024
     205    227.67065868
     206    229.89384557
     207    232.12778190
     208    234.37261167
     209    236.62818517
     210    238.89465723
     211    241.17186769
     212    243.45998178
     213    245.75882831
     214    248.06858311
     215    250.38906594
     216    252.72046066
     217    255.06257899
     218    257.41561074
     219    259.77936611
     220    262.15403277
     221    264.53942523
     222    266.93572036
     223    269.34275499
     224    271.76067304
     225    274.18935297
     226    276.62887933
     227    279.07921851
     228    281.54033901
     229    284.01234958
     230    286.49503052
     231    288.98874809
     232    291.49295388
     233    294.00841456
     234    296.53406726
     235    299.07135761
     236    301.61837055
     237    304.17758512
     238    306.74578267
     239    309.32711793
     240    311.91630464
     241    314.51997529
     242    317.12979662
     243    319.75617081
     244    322.38628877
     245    325.03568122
     246    327.68569785
     247    330.35822313
     248    333.02833810
     249    335.72307420
     250    338.41571298
     251    341.12682008
     252    343.85049085
     253    346.56227720
     254    349.36064862
     255    351.99625601
     256    354.98901986
 ---------------------------------------
 
SCF converged! Final Ground-State Energy (Eh):              -0.4107244831759429
