   0.0000000000000000       0.99999999999999756       0.99999999999999756        6.2663214011260981     
   4.1341373443603514E-003  0.99999999999999989       0.98309270781492464        2.9846748420016329     
   8.2682746887207028E-003   1.0000000000000000       0.90137681648307666        17.178427430207964     
   1.2402412033081053E-002  0.99999999999999967       0.67764825239748316        88.450376227575816     
   1.6536549377441406E-002   1.0000000000000002       0.35103091051759838        217.62935233873498     
   2.0670686721801758E-002   1.0000000000000000       0.12212812865380453        357.30378286683998     
   2.4804824066162110E-002   1.0000000000000000        3.0747294203042397E-002   492.00683324550516     
   2.8938961410522462E-002   1.0000000000000004        6.8728533468724335E-003   626.22857403005321     
   3.3073098754882811E-002   1.0000000000000000        2.6747967470691475E-003   761.73605888023963     
   3.7207236099243160E-002  0.99999999999999978        1.7682437781109752E-003   898.59779246556138     
   4.1341373443603509E-002  0.99999999999999989        1.3075637490553098E-003   1036.6170874391746     
   4.5475510787963858E-002  0.99999999999999967        1.0021871291624764E-003   1175.6023056517529     
   4.9609648132324206E-002   1.0000000000000002        7.8523048478557848E-004   1315.4008476423817     
   5.3743785476684555E-002  0.99999999999999933        6.2573954350320256E-004   1455.8940737609450     
   5.7877922821044904E-002   1.0000000000000002        5.0565035084341515E-004   1596.9886450856520     
   6.2012060165405253E-002  0.99999999999999922        4.1349346374298126E-004   1738.6098078260320     
   6.6146197509765609E-002  0.99999999999999956        3.4164605959515322E-004   1880.6966441582904     
   7.0280334854125964E-002  0.99999999999999989        2.8487230980967822E-004   2023.1987285545076     
   7.4414472198486320E-002  0.99999999999999967        2.3948061513670446E-004   2166.0737425752368     
   7.8548609542846676E-002   1.0000000000000002        2.0281131227292898E-004   2309.2857436514405     
   8.2682746887207031E-002  0.99999999999999967        1.7291284819430562E-004   2452.8038854915958     
   8.6816884231567387E-002  0.99999999999999989        1.4833049357755018E-004   2596.6014552881843     
   9.0951021575927743E-002   1.0000000000000009        1.2796478929546427E-004   2740.6551369126473     
   9.5085158920288099E-002  0.99999999999999933        1.1097455277452754E-004   2884.9444380647578     
   9.9219296264648454E-002  0.99999999999999956        9.6709112184481091E-005   3029.4512383464767     
  0.10335343360900881        1.0000000000000002        8.4660148405837132E-005   3174.1594279432206     
  0.10748757095336917       0.99999999999999956        7.4426952076356076E-005   3319.0546152198012     
  0.11162170829772952        1.0000000000000009        6.5691019282157676E-005   3464.1238874734554     
  0.11575584564208988       0.99999999999999989        5.8197249225424097E-005   3609.3556132299213     
  0.11988998298645023       0.99999999999999956        5.1739874248546333E-005   3754.7392774023874     
  0.12402412033081059        1.0000000000000004        4.6151824790627119E-005   3900.2653427390937     
  0.12815825767517094       0.99999999999999933        4.1296616127653134E-005   4045.9251325177356     
  0.13229239501953130       0.99999999999999933        3.7062105918764765E-005   4191.7107305739491     
  0.13642653236389166        1.0000000000000009        3.3355653017837499E-005   4337.6148955937351     
  0.14056066970825201       0.99999999999999978        3.0100335221338416E-005   4483.6309872359388     
  0.14469480705261237        1.0000000000000002        2.7231973884512646E-005   4629.7529021367245     
  0.14882894439697272       0.99999999999999944        2.4696778088381840E-005   4775.9750182228890     
  0.15296308174133308        1.0000000000000004        2.2449467965050446E-005   4922.2921460533862     
  0.15709721908569343       0.99999999999999911        2.0451771115637047E-005   5068.6994861383500     
  0.16123135643005379       0.99999999999999933        1.8671211388506252E-005   5215.1925913679424     
  0.16536549377441415        1.0000000000000002        1.7080128136184517E-005   5361.7673338293425     
  0.16949963111877450        1.0000000000000011        1.5654878202595019E-005   5508.4198754086219     
  0.17363376846313486        1.0000000000000004        1.4375183568260052E-005   5655.1466416700450     
  0.17776790580749521        1.0000000000000007        1.3223595698054605E-005   5801.9442985839705     
  0.18190204315185557       0.99999999999999900        1.2185053849996002E-005   5948.8097317391466     
  0.18603618049621592       0.99999999999999956        1.1246519387095438E-005   6095.7400277289307     
  0.19017031784057628        1.0000000000000000        1.0396671840491980E-005   6242.7324574453196     
  0.19430445518493664        1.0000000000000009        9.6256553578790861E-006   6389.7844610523152     
  0.19843859252929699        1.0000000000000009        8.9248664307643332E-006   6536.8936344413032     
  0.20257272987365735       0.99999999999999978        8.2867755723173654E-006   6684.0577169977760     
  0.20670686721801770        1.0000000000000000        7.7047770229813302E-006   6831.2745805311852     
