 
     Two-Electron DVR    
 ------------------------
 x0     =      15.00000000
 m      =       1.00000000
 Z      =       3.00000000
 n      =               32
 dx     =       0.96774194
 
Soft-Coulomb Parameters:
 alpha  =       0.01000000
 beta   =       1.00000000
 
 
                       Hartree-Fock                      
 --------------------------------------------------------
 no. of orbitals        =               32
 no. of electrons       =                2
 scf_damping_switch     =        F
 scf_diis_switch        =        F
 damping_factor         =   0.00000000
 e_tolerance            = 0.0000000000100000
 maximum scf-iterations =              200
 
 
                       SCF iterations                      
 ----------------------------------------------------------
    S.No    Energy (hartree)        dE (hartree)
 ----------------------------------------------------------
       0    -11.018487513497
       1    -10.172133962168      0.846353551329
       2    -10.172811647277      0.000677685109
       3    -10.172819775893      0.000008128617
       4    -10.172819875738      0.000000099844
       5    -10.172819876975      0.000000001237
       6    -10.172819876990      0.000000000015
       7    -10.172819876990      0.000000000000
 ----------------------------------------------------------
  
 
 
 ---------------------------------------
     Molecular Orbital Energies (Eh)    
 ---------------------------------------
       1     -4.66393694
       2     -2.25307714
       3     -0.25927790
       4     -0.20922288
       5     -0.08252550
       6     -0.06996479
       7      0.00925116
       8      0.02654209
       9      0.14569440
      10      0.17010024
      11      0.32897940
      12      0.36039152
      13      0.55699787
      14      0.59496070
      15      0.82885628
      16      0.87391574
      17      1.14398418
      18      1.19544028
      19      1.50226935
      20      1.56135729
      21      1.90346419
      22      1.96900484
      23      2.34797376
      24      2.42272313
      25      2.83572911
      26      2.91743266
      27      3.36849576
      28      3.46411763
      29      3.94709671
      30      4.04983762
      31      4.58684772
      32      4.73561807
 ---------------------------------------
 
SCF converged! Final Ground-State Energy (Eh):             -10.1728198769903706
