 
     Two-Electron DVR    
 ------------------------
 x0     =      15.00000000
 m      =       1.00000000
 Z      =       1.00000000
 n      =              256
 dx     =       0.11764706
 
Soft-Coulomb Parameters:
 alpha  =       1.00000000
 beta   =       0.01000000
 
 
                       Hartree-Fock                      
 --------------------------------------------------------
 no. of orbitals        =              256
 no. of electrons       =                2
 scf_damping_switch     =        T
 scf_diis_switch        =        F
 damping_factor         =   0.70000000
 e_tolerance            = 0.0000000000100000
 maximum scf-iterations =              200
 
 
                       SCF iterations                      
 ----------------------------------------------------------
    S.No    Energy (hartree)        dE (hartree)
 ----------------------------------------------------------
       0     -1.339554276427
       1      0.526828028095      1.866382304522
       2      0.081174832357      0.445653195738
       3     -0.046048422247      0.127223254604
       4     -0.100260761280      0.054212339033
       5     -0.138573461265      0.038312699984
       6     -0.167386432956      0.028812971692
       7     -0.188870092697      0.021483659740
       8     -0.204629940574      0.015759847877
       9     -0.216038248561      0.011408307987
      10     -0.224213154349      0.008174905788
      11     -0.230029418727      0.005816264378
      12     -0.234147091667      0.004117672940
      13     -0.237052278933      0.002905187266
      14     -0.239097152481      0.002044873548
      15     -0.240534101600      0.001436949119
      16     -0.241542692077      0.001008590478
      17     -0.242250046624      0.000707354547
      18     -0.242745854306      0.000495807682
      19     -0.243093243821      0.000347389515
      20     -0.243336575733      0.000243331913
      21     -0.243506986292      0.000170410558
      22     -0.243626312093      0.000119325802
      23     -0.243709859014      0.000083546920
      24     -0.243768351116      0.000058492102
      25     -0.243809300132      0.000040949016
      26     -0.243837966675      0.000028666542
      27     -0.243858034349      0.000020067675
      28     -0.243872082259      0.000014047910
      29     -0.243881916060      0.000009833801
      30     -0.243888799850      0.000006883790
      31     -0.243893618566      0.000004818717
      32     -0.243896991699      0.000003373133
      33     -0.243899352907      0.000002361208
      34     -0.243901005760      0.000001652853
      35     -0.243902162761      0.000001157001
      36     -0.243902972664      0.000000809903
      37     -0.243903539597      0.000000566933
      38     -0.243903936450      0.000000396853
      39     -0.243904214247      0.000000277798
      40     -0.243904408706      0.000000194458
      41     -0.243904544827      0.000000136121
      42     -0.243904640111      0.000000095285
      43     -0.243904706811      0.000000066699
      44     -0.243904753500      0.000000046690
      45     -0.243904786183      0.000000032683
      46     -0.243904809061      0.000000022878
      47     -0.243904825075      0.000000016014
      48     -0.243904836285      0.000000011210
      49     -0.243904844132      0.000000007847
      50     -0.243904849625      0.000000005493
      51     -0.243904853470      0.000000003845
      52     -0.243904856162      0.000000002692
      53     -0.243904858046      0.000000001884
      54     -0.243904859365      0.000000001319
      55     -0.243904860288      0.000000000923
      56     -0.243904860934      0.000000000646
      57     -0.243904861387      0.000000000452
      58     -0.243904861703      0.000000000317
      59     -0.243904861925      0.000000000222
      60     -0.243904862080      0.000000000155
      61     -0.243904862189      0.000000000109
      62     -0.243904862265      0.000000000076
      63     -0.243904862318      0.000000000053
      64     -0.243904862355      0.000000000037
      65     -0.243904862381      0.000000000026
      66     -0.243904862400      0.000000000018
      67     -0.243904862413      0.000000000013
      68     -0.243904862421      0.000000000009
 ----------------------------------------------------------
  
 
 
 ---------------------------------------
     Molecular Orbital Energies (Eh)    
 ---------------------------------------
       1      0.16675453
       2      0.27210836
       3      0.29842067
       4      0.39622968
       5      0.43114697
       6      0.53544116
       7      0.59014406
       8      0.70328095
       9      0.78414148
      10      0.90907313
      11      1.01645314
      12      1.15613911
      13      1.28869969
      14      1.44551187
      15      1.60190264
      16      1.77742028
      17      1.95671624
      18      2.15195413
      19      2.35357573
      20      2.56917265
      21      2.79277381
      22      3.02913542
      23      3.27451285
      24      3.53189864
      25      3.79893584
      26      4.07751472
      27      4.36614671
      28      4.66603036
      29      4.97622285
      30      5.29748676
      31      5.62922341
      32      5.97191969
      33      6.32519464
      34      6.68936016
      35      7.06417343
      36      7.44983498
      37      7.84618980
      38      8.25336737
      39      8.67126858
      40      9.09997746
      41      9.53943057
      42      9.98968280
      43     10.45069345
      44     10.92249872
      45     11.40507239
      46     11.89843867
      47     12.40258056
      48     12.91751453
      49     13.44322945
      50     13.97973681
      51     14.52702918
      52     15.08511486
      53     15.65398873
      54     16.23365704
      55     16.82411609
      56     17.42537085
      57     18.03741844
      58     18.66026304
      59     19.29390224
      60     19.93833972
      61     20.59357332
      62     21.25960644
      63     21.93643700
      64     22.62406826
      65     23.32249811
      66     24.03172978
      67     24.75176107
      68     25.48259525
      69     26.22422996
      70     26.97666855
      71     27.73990852
      72     28.51395330
      73     29.29880020
      74     30.09445281
      75     30.90090822
      76     31.71817016
      77     32.54623553
      78     33.38510824
      79     34.23478493
      80     35.09526970
      81     35.96655898
      82     36.84865707
      83     37.74156012
      84     38.64527267
      85     39.55979062
      86     40.48511872
      87     41.42125261
      88     42.36819728
      89     43.32594809
      90     44.29451031
      91     45.27387898
      92     46.26405965
      93     47.26504706
      94     48.27684706
      95     49.29945404
      96     50.33287418
      97     51.37710154
      98     52.43214259
      99     53.49799108
     100     54.57465380
     101     55.66212414
     102     56.76040924
     103     57.86950211
     104     58.98941027
     105     60.12012633
     106     61.26165821
     107     62.41399809
     108     63.57715430
     109     64.75111860
     110     65.93589975
     111     67.13148906
     112     68.33789572
     113     69.55511059
     114     70.78314333
     115     72.02198430
     116     73.27164365
     117     74.53211123
     118     75.80339772
     119     77.08549241
     120     78.37840653
     121     79.68212883
     122     80.99667108
     123     82.32202144
     124     83.65819229
     125     85.00517117
     126     86.36297109
     127     87.73157892
     128     89.11100835
     129     90.50124557
     130     91.90230495
     131     93.31417197
     132     94.73686172
     133     96.17035894
     134     97.61467950
     135     99.06980731
     136    100.53575906
     137    102.01251785
     138    103.50010121
     139    104.99849134
     140    106.50770669
     141    108.02772853
     142    109.55857625
     143    111.10023015
     144    112.65271063
     145    114.21599693
     146    115.79011053
     147    117.37502956
     148    118.97077664
     149    120.57732874
     150    122.19470965
     151    123.82289513
     152    125.46191023
     153    127.11172939
     154    128.77237902
     155    130.44383217
     156    132.12611667
     157    133.81920409
     158    135.52312379
     159    137.23784576
     160    138.96340099
     161    140.69975779
     162    142.44694886
     163    144.20494075
     164    145.97376798
     165    147.75339520
     166    149.54385891
     167    151.34512170
     168    153.15722218
     169    154.98012078
     170    156.81385833
     171    158.65839294
     172    160.51376786
     173    162.37993867
     174    164.25695124
     175    166.14475846
     176    168.04340895
     177    169.95285273
     178    171.87314142
     179    173.80422190
     180    175.74614906
     181    177.69886637
     182    179.66243224
     183    181.63678650
     184    183.62199133
     185    185.61798259
     186    187.62482661
     187    189.64245495
     188    191.67093839
     189    193.71020380
     190    195.76032685
     191    197.82122933
     192    199.89299221
     193    201.97553169
     194    204.06893455
     195    206.17311095
     196    208.28815396
     197    210.41396709
     198    212.55065036
     199    214.69810007
     200    216.85642374
     201    219.02550970
     202    221.20547376
     203    223.39619574
     204    225.59780028
     205    227.81015778
     206    230.03340261
     207    232.26739535
     208    234.51228046
     209    236.76790776
     210    239.03443263
     211    241.31169425
     212    243.59985866
     213    245.89875377
     214    248.20855649
     215    250.52908525
     216    252.86052552
     217    255.20268716
     218    257.55576230
     219    259.91955813
     220    262.29426607
     221    264.67969612
     222    267.07603093
     223    269.48309957
     224    271.90105596
     225    274.32976604
     226    276.76933077
     227    279.21969428
     228    281.68085419
     229    284.15288189
     230    286.63560733
     231    289.12932905
     232    291.63358827
     233    294.14903467
     234    296.67476218
     235    299.21200209
     236    301.75912520
     237    304.31823301
     238    306.88661503
     239    309.46773121
     240    312.05722490
     241    314.66049276
     242    317.27086402
     243    319.89647430
     244    322.52753621
     245    325.17556753
     246    327.82726689
     247    330.49731612
     248    333.17024561
     249    335.86084938
     250    338.55836496
     251    341.26323584
     252    343.99518711
     253    346.70131719
     254    349.51338080
     255    352.15109832
     256    355.14107276
 ---------------------------------------
 
SCF converged! Final Ground-State Energy (Eh):              -0.2439048624214659
