 
 Imaginary Time Propagation
 --------------------------
 
               Imag. time (a.u.)               < psi_i | psi_i >               < psi_i | psi_0 >                Energy (hartree)
                                
              0.0000000000000000              0.9999999999999999              0.9999999999999999             -4.4648051192454385
              1.0000000000000007              0.9999999999999999              0.9520993547481563             -4.9813085363710696
              1.9999999999998905              1.0000000000000000              0.9423992650203813             -4.9854987967582227
              2.9999999999997806              1.0000000000000000              0.9403604666370736             -4.9857215227994880
              3.9999999999996705              0.9999999999999996              0.9398781347457067             -4.9857389791393247
              5.0000000000000044              1.0000000000000002              0.9397522303625439             -4.9857406629372258
              6.0000000000003384              1.0000000000000000              0.9397167084000830             -4.9857408422994158
              7.0000000000006724              1.0000000000000000              0.9397060852247417             -4.9857408622760246
              8.0000000000010054              1.0000000000000002              0.9397027736235321             -4.9857408645461669
              9.0000000000004512              0.9999999999999998              0.9397017114392372             -4.9857408648065782
              9.7220000000000510              0.9999999999999999              0.9397014258946768             -4.9857408648333603
 
 Summary of Imaginary time propagation
 -------------------------------------
n       =              256
dt      =       0.00100000
nstep   =             9722
E_conv  =   0.0000000000000000
Ei      =      -4.9857408648333603
 
