 
     Two-Electron DVR    
 ------------------------
 x0     =      15.00000000
 m      =       1.00000000
 Z      =       4.00000000
 n      =              512
 dx     =       0.05870841
 
Soft-Coulomb Parameters:
 alpha  =       0.10000000
 beta   =       1.00000000
 
 
                       Hartree-Fock                      
 --------------------------------------------------------
 no. of orbitals        =              512
 no. of electrons       =                2
 scf_damping_switch     =        F
 scf_diis_switch        =        F
 damping_factor         =   0.00000000
 e_tolerance            = 0.0000000000100000
 maximum scf-iterations =              200
 
 
                       SCF iterations                      
 ----------------------------------------------------------
    S.No    Energy (hartree)        dE (hartree)
 ----------------------------------------------------------
       0    -17.591775007818
       1    -16.662609943043      0.929165064775
       2    -16.663119525023      0.000509581981
       3    -16.663124027998      0.000004502974
       4    -16.663124068390      0.000000040392
       5    -16.663124068754      0.000000000365
       6    -16.663124068758      0.000000000003
 ----------------------------------------------------------
  
 
 
 ---------------------------------------
     Molecular Orbital Energies (Eh)    
 ---------------------------------------
       1     -7.86749861
       2     -2.37800551
       3     -1.01954535
       4     -0.54305134
       5     -0.34203671
       6     -0.23257525
       7     -0.16601538
       8     -0.10675993
       9     -0.04068922
      10      0.04163214
      11      0.13525408
      12      0.24514178
      13      0.36449305
      14      0.49998773
      15      0.64369265
      16      0.80374061
      17      0.97102740
      18      1.15499328
      19      1.34538375
      20      1.55283305
      21      1.76601773
      22      1.99662314
      23      2.23239954
      24      2.48589807
      25      2.74413403
      26      3.02030674
      27      3.30091616
      28      3.59957819
      29      3.90250451
      30      4.22349956
      31      4.54870446
      32      4.89190121
      33      5.23935703
      34      5.60464620
      35      5.97433103
      36      6.36162284
      37      6.75351742
      38      7.16273911
      39      7.57682504
      40      8.00791851
      41      8.44417731
      42      8.89709700
      43      9.35550966
      44      9.83022053
      45     10.31076747
      46     10.80724318
      47     11.30990436
      48     11.82812572
      49     12.35288083
      50     12.89283444
      51     13.43966317
      52     14.00134025
      53     14.57022250
      54     15.15361788
      55     15.74453398
      56     16.34964533
      57     16.96257626
      58     17.58940336
      59     18.22433085
      60     18.87287506
      61     19.52978174
      62     20.20004558
      63     20.87891501
      64     21.57090178
      65     22.27171852
      66     22.98543201
      67     23.70818164
      68     24.44362595
      69     25.18829508
      70     25.94547442
      71     26.71205062
      72     27.49096921
      73     28.27944104
      74     29.08010299
      75     29.89045995
      76     30.71286922
      77     31.54510167
      78     32.38926201
      79     33.24336115
      80     34.10927608
      81     34.98523388
      82     35.87290667
      83     36.77071584
      84     37.68014950
      85     38.59980341
      86     39.53100072
      87     40.47249337
      88     41.42545682
      89     42.38878277
      90     43.36351465
      91     44.34866899
      92     45.34517134
      93     46.35214964
      94     47.37042431
      95     48.39922256
      96     49.43927119
      97     50.48988580
      98     51.55170985
      99     52.62413756
     100     53.70773832
     101     54.80197623
     102     55.90735485
     103     57.02340032
     104     58.15055780
     105     59.28840847
     106     60.43734569
     107     61.59699945
     108     62.76771719
     109     63.94917213
     110     65.14167105
     111     66.34492545
     112     67.55920614
     113     68.78425847
     114     70.02032142
     115     71.26717031
     116     72.52501595
     117     73.79366015
     118     75.07328885
     119     76.36372725
     120     77.66513932
     121     78.97737092
     122     80.30056662
     123     81.63459052
     124     82.97957009
     125     84.33538548
     126     85.70214909
     127     87.07975525
     128     88.46830305
     129     89.86769933
     130     91.27803144
     131     92.69921725
     132     94.13133378
     133     95.57430859
     134     97.02820962
     135     98.49297296
     136     99.96865855
     137    101.45520998
     138    102.95268017
     139    104.46101932
     140    105.98027414
     141    107.51040066
     142    109.05144013
     143    110.60335370
     144    112.16617785
     145    113.73987819
     146    115.32448701
     147    116.91997387
     148    118.52636736
     149    120.14364050
     150    121.77181866
     151    123.41087788
     152    125.06084070
     153    126.72168581
     154    128.39343327
     155    130.07606410
     156    131.76959619
     157    133.47401259
     158    135.18932928
     159    136.91553112
     160    138.65263240
     161    140.40061954
     162    142.15950540
     163    143.92927773
     164    145.70994814
     165    147.50150557
     166    149.30396050
     167    151.11730293
     168    152.94154238
     169    154.77666973
     170    156.62269367
     171    158.47960586
     172    160.34741428
     173    162.22611125
     174    164.11570412
     175    166.01618582
     176    167.92756313
     177    169.84982949
     178    171.78299123
     179    173.72704220
     180    175.68198836
     181    177.64782391
     182    179.62455447
     183    181.61217456
     184    183.61068950
     185    185.62009410
     186    187.64039343
     187    189.67158250
     188    191.71366620
     189    193.76663972
     190    195.83050779
     191    197.90526575
     192    199.99091818
     193    202.08746054
     194    204.19489733
     195    206.31322410
     196    208.44244524
     197    210.58255639
     198    212.73356189
     199    214.89545741
     200    217.06824727
     201    219.25192716
     202    221.44650138
     203    223.65196563
     204    225.86832421
     205    228.09557282
     206    230.33371577
     207    232.58274874
     208    234.84267606
     209    237.11349339
     210    239.39520509
     211    241.68780678
     212    243.99130287
     213    246.30568893
     214    248.63096942
     215    250.96713985
     216    253.31420476
     217    255.67215957
     218    258.04100890
     219    260.42074810
     220    262.81138186
     221    265.21290546
     222    267.62532367
     223    270.04863169
     224    272.48283437
     225    274.92792680
     226    277.38391396
     227    279.85079084
     228    282.32856250
     229    284.81722383
     230    287.31678001
     231    289.82722581
     232    292.34856653
     233    294.88079682
     234    297.42392209
     235    299.97793688
     236    302.54284674
     237    305.11864606
     238    307.70534051
     239    310.30292437
     240    312.91140345
     241    315.53077188
     242    318.16103560
     243    320.80218862
     244    323.45423701
     245    326.11717464
     246    328.79100773
     247    331.47572999
     248    334.17134780
     249    336.87785472
     250    339.59525728
     251    342.32354889
     252    345.06273622
     253    347.81281253
     254    350.57378467
     255    353.34564571
     256    356.12840268
     257    358.92204848
     258    361.72659031
     259    364.54202091
     260    367.36834763
     261    370.20556303
     262    373.05367467
     263    375.91267492
     264    378.78257152
     265    381.66335664
     266    384.55503822
     267    387.45760824
     268    390.37107483
     269    393.29542979
     270    396.23068142
     271    399.17682134
     272    402.13385806
     273    405.10178297
     274    408.08060480
     275    411.07031474
     276    414.07092172
     277    417.08241671
     278    420.10480887
     279    423.13808895
     280    426.18226632
     281    429.23733153
     282    432.30329415
     283    435.38014451
     284    438.46789241
     285    441.56652796
     286    444.67606118
     287    447.79648195
     288    450.92780053
     289    454.07000656
     290    457.22311052
     291    460.38710184
     292    463.56199124
     293    466.74776788
     294    469.94444274
     295    473.15200474
     296    476.37046510
     297    479.59981250
     298    482.84005839
     299    486.09119123
     300    489.35322269
     301    492.62614099
     302    495.90995805
     303    499.20466187
     304    502.51026458
     305    505.82675394
     306    509.15414231
     307    512.49241726
     308    515.84159135
     309    519.20165192
     310    522.57261175
     311    525.95445799
     312    529.34720360
     313    532.75083554
     314    536.16536695
     315    539.59078464
     316    543.02710190
     317    546.47430537
     318    549.93240849
     319    553.40139780
     320    556.88128683
     321    560.37206201
     322    563.87373695
     323    567.38629807
     324    570.90975898
     325    574.44410604
     326    577.98935292
     327    581.54548602
     328    585.11251890
     329    588.69043806
     330    592.27925694
     331    595.87896224
     332    599.48956717
     333    603.11105863
     334    606.74344959
     335    610.38672731
     336    614.04090433
     337    617.70596833
     338    621.38193138
     339    625.06878178
     340    628.76653089
     341    632.47516772
     342    636.19470283
     343    639.92512622
     344    643.66644737
     345    647.41865734
     346    651.18176444
     347    654.95576115
     348    658.74065423
     349    662.53643771
     350    666.34311665
     351    670.16068710
     352    673.98915192
     353    677.82850937
     354    681.67875989
     355    685.53990459
     356    689.41194082
     357    693.29487281
     358    697.18869452
     359    701.09341409
     360    705.00902127
     361    708.93552850
     362    712.87292084
     363    716.82121608
     364    720.78039354
     365    724.75047690
     366    728.73143909
     367    732.72331101
     368    736.72605783
     369    740.73971846
     370    744.76424940
     371    748.79969931
     372    752.84601422
     373    756.90325360
     374    760.97135181
     375    765.05038140
     376    769.14026267
     377    773.24108274
     378    777.35274621
     379    781.47535769
     380    785.60880301
     381    789.75320629
     382    793.90843233
     383    798.07462860
     384    802.25163487
     385    806.43962467
     386    810.63840968
     387    814.84819458
     388    819.06875763
     389    823.30033834
     390    827.54267753
     391    831.79605609
     392    836.06017041
     393    840.33534783
     394    844.62123479
     395    848.91821371
     396    853.22587193
     397    857.54465375
     398    861.87407999
     399    866.21466813
     400    870.56586048
     401    874.92825689
     402    879.30121111
     403    883.68542026
     404    888.08013374
     405    892.48615828
     406    896.90262547
     407    901.33047128
     408    905.76868862
     409    910.21835933
     410    914.67831954
     411    919.14982284
     412    923.63152109
     413    928.12486196
     414    932.62828865
     415    937.14347722
     416    941.66862581
     417    946.20566885
     418    950.75252671
     419    955.31143759
     420    959.87999582
     421    964.46078376
     422    969.05102572
     423    973.65370838
     424    978.26562200
     425    982.89021193
     426    987.52377521
     427    992.17029579
     428    996.82549238
     429   1001.49396067
     430   1006.17076142
     431   1010.86120845
     432   1015.55959123
     433   1020.27204019
     434   1024.99196624
     435   1029.72645845
     436   1034.46789779
     437   1039.22446473
     438   1043.98736573
     439   1048.76606255
     440   1053.55038460
     441   1058.35125407
     442   1063.15692817
     443   1067.98004409
     444   1072.80701517
     445   1077.65243570
     446   1082.50061124
     447   1087.36843550
     448   1092.23774075
     449   1097.12804784
     450   1102.01835831
     451   1106.93128182
     452   1111.84249593
     453   1116.77814360
     454   1121.71009315
     455   1126.66864573
     456   1131.62119240
     457   1136.60279691
     458   1141.57571244
     459   1146.58061457
     460   1151.57371020
     461   1156.60211098
     462   1161.61507533
     463   1166.66731046
     464   1171.69988524
     465   1176.77623036
     466   1181.82798830
     467   1186.92890486
     468   1191.99949136
     469   1197.12535857
     470   1202.21418322
     471   1207.36563995
     472   1212.47221413
     473   1217.64978407
     474   1222.77328521
     475   1227.97786036
     476   1233.11761239
     477   1238.34991914
     478   1243.50476484
     479   1248.76606119
     480   1253.93506119
     481   1259.22635919
     482   1264.40786685
     483   1269.73096159
     484   1274.92366768
     485   1280.27997399
     486   1285.48150441
     487   1290.87361880
     488   1296.08214991
     489   1301.51204966
     490   1306.72410696
     491   1312.19560628
     492   1317.40867468
     493   1322.92451049
     494   1328.13341647
     495   1333.69929506
     496   1338.90068011
     497   1344.52027463
     498   1349.70625160
     499   1355.38832919
     500   1360.55480453
     501   1366.30390128
     502   1371.43827256
     503   1377.26864967
     504   1382.36736768
     505   1388.28327645
     506   1393.32333674
     507   1399.35219215
     508   1404.33834141
     509   1410.47731899
     510   1415.34364128
     511   1421.68690309
     512   1426.62880571
 ---------------------------------------
 
SCF converged! Final Ground-State Energy (Eh):             -16.6631240687576110
