 
     Two-Electron DVR    
 ------------------------
 x0     =      15.00000000
 m      =       1.00000000
 Z      =       1.00000000
 n      =               64
 dx     =       0.47619048
 
Soft-Coulomb Parameters:
 alpha  =       1.00000000
 beta   =       0.10000000
 
 
                       Hartree-Fock                      
 --------------------------------------------------------
 no. of orbitals        =               64
 no. of electrons       =                2
 scf_damping_switch     =        T
 scf_diis_switch        =        F
 damping_factor         =   0.50000000
 e_tolerance            = 0.0000000000100000
 maximum scf-iterations =              200
 
 
                       SCF iterations                      
 ----------------------------------------------------------
    S.No    Energy (hartree)        dE (hartree)
 ----------------------------------------------------------
       0     -1.339549394914
       1     -0.079193448261      1.260355946652
       2     -0.206223966248      0.127030517987
       3     -0.297776318364      0.091552352116
       4     -0.345990510015      0.048214191651
       5     -0.374756335788      0.028765825774
       6     -0.390730369739      0.015974033951
       7     -0.399196720357      0.008466350617
       8     -0.403564180764      0.004367460407
       9     -0.405784564558      0.002220383794
      10     -0.406904579260      0.001120014702
      11     -0.407467201651      0.000562622391
      12     -0.407749206492      0.000282004841
      13     -0.407890392925      0.000141186432
      14     -0.407961035068      0.000070642144
      15     -0.407996369213      0.000035334145
      16     -0.408014039803      0.000017670591
      17     -0.408022876055      0.000008836252
      18     -0.408027294444      0.000004418389
      19     -0.408029503712      0.000002209268
      20     -0.408030608367      0.000001104655
      21     -0.408031160701      0.000000552334
      22     -0.408031436869      0.000000276169
      23     -0.408031574954      0.000000138085
      24     -0.408031643997      0.000000069043
      25     -0.408031678518      0.000000034521
      26     -0.408031695779      0.000000017261
      27     -0.408031704409      0.000000008630
      28     -0.408031708724      0.000000004315
      29     -0.408031710882      0.000000002158
      30     -0.408031711961      0.000000001079
      31     -0.408031712500      0.000000000539
      32     -0.408031712770      0.000000000270
      33     -0.408031712905      0.000000000135
      34     -0.408031712972      0.000000000067
      35     -0.408031713006      0.000000000034
      36     -0.408031713023      0.000000000017
      37     -0.408031713031      0.000000000008
 ----------------------------------------------------------
  
 
 
 ---------------------------------------
     Molecular Orbital Energies (Eh)    
 ---------------------------------------
       1      0.08091918
       2      0.19737754
       3      0.21313773
       4      0.31748019
       5      0.34199975
       6      0.45288579
       7      0.49661006
       8      0.61363234
       9      0.68423204
      10      0.80938407
      11      0.90784864
      12      1.04477225
      13      1.16916059
      14      1.32104962
      15      1.46932633
      16      1.63831735
      17      1.80911960
      18      1.99654874
      19      2.18906048
      20      2.39574457
      21      2.60949810
      22      2.83594040
      23      3.07067233
      24      3.31718763
      25      3.57275163
      26      3.83953932
      27      4.11585874
      28      4.40304904
      29      4.70008520
      30      5.00776107
      31      5.32550271
      32      5.65372037
      33      5.99216782
      34      6.34095718
      35      6.70012916
      36      7.06950889
      37      7.44942701
      38      7.83938883
      39      8.24010068
      40      8.65062948
      41      9.07218469
      42      9.50321954
      43      9.94571989
      44     10.39718965
      45     10.86074477
      46     11.33248529
      47     11.81731312
      48     12.30913939
      49     12.81547788
      50     13.32702433
      51     13.85530495
      52     14.38619784
      53     14.93684033
      54     15.48649673
      55     16.05998164
      56     16.62817558
      57     17.22433027
      58     17.81203544
      59     18.42747759
      60     19.04007266
      61     19.66443252
      62     20.33662778
      63     20.90479178
      64     21.75664544
 ---------------------------------------
 
SCF converged! Final Ground-State Energy (Eh):              -0.4080317130311440
