 
     Two-Electron DVR    
 ------------------------
 x0     =      15.00000000
 m      =       1.00000000
 Z      =       2.00000000
 n      =              128
 dx     =       0.23622047
 
Soft-Coulomb Parameters:
 alpha  =       0.01000000
 beta   =       0.10000000
 
 
                       Hartree-Fock                      
 --------------------------------------------------------
 no. of orbitals        =              128
 no. of electrons       =                2
 scf_damping_switch     =        F
 scf_diis_switch        =        F
 damping_factor         =   0.00000000
 e_tolerance            = 0.0000000000100000
 maximum scf-iterations =              200
 
 
                       SCF iterations                      
 ----------------------------------------------------------
    S.No    Energy (hartree)        dE (hartree)
 ----------------------------------------------------------
       0    -17.000316159551
       1    -14.576605911175      2.423710248376
       2    -14.594281134506      0.017675223331
       3    -14.594496560490      0.000215425984
       4    -14.594499289127      0.000002728636
       5    -14.594499324637      0.000000035510
       6    -14.594499325106      0.000000000469
       7    -14.594499325112      0.000000000006
 ----------------------------------------------------------
  
 
 
 ---------------------------------------
     Molecular Orbital Energies (Eh)    
 ---------------------------------------
       1     -6.10393345
       2      0.02067724
       3      0.02286025
       4      0.08182712
       5      0.09074010
       6      0.18320013
       7      0.20332264
       8      0.32520486
       9      0.36044922
      10      0.50855552
      11      0.56198534
      12      0.73398751
      13      0.80779870
      14      1.00207542
      15      1.09775532
      16      1.31320262
      17      1.43172041
      18      1.66757182
      19      1.80956136
      20      2.06527718
      21      2.23115014
      22      2.50632101
      23      2.69636614
      24      2.99067970
      25      3.20509712
      26      3.51828610
      27      3.75724110
      28      4.08908844
      29      4.35270570
      30      4.70300582
      31      4.99140931
      32      5.35999241
      33      5.67327932
      34      6.05997164
      35      6.39825312
      36      6.80291388
      37      7.16627563
      38      7.58874995
      39      7.97730045
      40      8.41746794
      41      8.83128695
      42      9.28900386
      43      9.72820197
      44     10.20336243
      45     10.66801635
      46     11.16048117
      47     11.65070737
      48     12.16038018
      49     12.67625482
      50     13.20299463
      51     13.74464416
      52     14.28835940
      53     14.85586205
      54     15.41640360
      55     16.00990039
      56     16.58717717
      57     17.20675112
      58     17.80059959
      59     18.44641129
      60     19.05673713
      61     19.72887690
      62     20.35549596
      63     21.05414917
      64     21.69696098
      65     22.42222728
      66     23.08102114
      67     23.83311591
      68     24.50778341
      69     25.28681670
      70     25.97711500
      71     26.78333725
      72     27.48914975
      73     28.32268106
      74     29.04372777
      75     29.90485829
      76     30.64101625
      77     31.52987372
      78     32.28082156
      79     33.19773966
      80     33.96335307
      81     34.90846155
      82     35.68837504
      83     36.66205326
      84     37.45615104
      85     38.45851990
      86     39.26639252
      87     40.29787587
      88     41.11943391
      89     42.18012429
      90     43.01491959
      91     44.10527817
      92     44.95327821
      93     46.07333577
      94     46.93406736
      95     48.08430534
      96     48.95784305
      97     50.13817550
      98     51.02404706
      99     52.23494403
     100     53.13341063
     101     54.37458249
     102     55.28521377
     103     56.55706949
     104     57.48043400
     105     58.78234893
     106     59.71811098
     107     61.05036872
     108     61.99957976
     109     63.36103270
     110     64.32349489
     111     65.71424635
     112     66.69174195
     113     68.10986408
     114     69.10230259
     115     70.54774398
     116     71.55800894
     117     73.02769382
     118     74.05552976
     119     75.54953300
     120     76.59967765
     121     78.11303481
     122     79.18404070
     123     80.71794951
     124     81.81937586
     125     83.36376667
     126     84.48828311
     127     86.04781958
     128     87.26083609
 ---------------------------------------
 
SCF converged! Final Ground-State Energy (Eh):             -14.5944993251120056
