 
     Two-Electron DVR    
 ------------------------
 x0     =      15.00000000
 m      =       1.00000000
 Z      =       3.00000000
 n      =              256
 dx     =       0.11764706
 
Soft-Coulomb Parameters:
 alpha  =       0.01000000
 beta   =       1.00000000
 
 
                       Hartree-Fock                      
 --------------------------------------------------------
 no. of orbitals        =              256
 no. of electrons       =                2
 scf_damping_switch     =        F
 scf_diis_switch        =        F
 damping_factor         =   0.00000000
 e_tolerance            = 0.0000000000100000
 maximum scf-iterations =              200
 
 
                       SCF iterations                      
 ----------------------------------------------------------
    S.No    Energy (hartree)        dE (hartree)
 ----------------------------------------------------------
       0    -31.203594988111
       1    -30.235022081931      0.968572906180
       2    -30.235089283178      0.000067201246
       3    -30.235089456396      0.000000173218
       4    -30.235089456859      0.000000000463
       5    -30.235089456860      0.000000000001
 ----------------------------------------------------------
  
 
 
 ---------------------------------------
     Molecular Orbital Energies (Eh)    
 ---------------------------------------
       1    -14.63332588
       2     -2.01818496
       3     -0.61995095
       4     -0.22734308
       5     -0.13263530
       6     -0.07289729
       7     -0.03161280
       8      0.03257981
       9      0.09609056
      10      0.18981262
      11      0.27649062
      12      0.39754337
      13      0.50624004
      14      0.65348759
      15      0.78352961
      16      0.95638850
      17      1.10732614
      18      1.30543018
      19      1.47697937
      20      1.70003533
      21      1.89204745
      22      2.13977593
      23      2.35221032
      24      2.62432716
      25      2.85722374
      26      3.15343670
      27      3.40689340
      28      3.72690701
      29      4.00105960
      30      4.34457968
      31      4.63958787
      32      5.00632804
      33      5.32236284
      34      5.71204747
      35      6.04928419
      36      6.46165307
      37      6.82026384
      38      7.25507253
      39      7.63522387
      40      8.09224677
      41      8.49409500
      42      8.97312373
      43      9.39681541
      44      9.89766098
      45     10.34332975
      46     10.86581965
      47     11.33358842
      48     11.87756853
      49     12.36754684
      50     12.93287757
      51     13.44516499
      52     14.03172337
      53     14.56640680
      54     15.17408198
      55     15.73123989
      56     16.35993564
      57     16.93963500
      58     17.58926467
      59     18.19156587
      60     18.86205553
      61     19.48700874
      62     20.17829156
      63     20.82594232
      64     21.53796246
      65     22.20834728
      66     22.94105375
      67     23.63420632
      68     24.38755772
      69     25.10350376
      70     25.87746142
      71     26.61622553
      72     27.41075925
      73     28.17235887
      74     28.98743933
      75     29.77189240
      76     30.60749788
      77     31.41481574
      78     32.27092371
      79     33.10111967
      80     33.97771462
      81     34.83079576
      82     35.72785983
      83     36.60383660
      84     37.52135858
      85     38.42023534
      86     39.35820022
      87     40.27998605
      88     41.23838537
      89     42.18308320
      90     43.16190330
      91     44.12952208
      92     45.12875594
      93     46.11929826
      94     47.13893227
      95     48.15240804
      96     49.19243553
      97     50.22884790
      98     51.28925425
      99     52.34861501
     100     53.42939296
     101     54.51170660
     102     55.61283954
     103     56.71812057
     104     57.83959990
     105     58.96785482
     106     60.10966107
     107     61.26090785
     108     62.42303039
     109     63.59727811
     110     64.77969384
     111     65.97696467
     112     67.17966032
     113     68.39996644
     114     69.62291453
     115     70.86628298
     116     72.10946705
     117     73.37591360
     118     74.63930108
     119     75.92885832
     120     77.21242902
     121     78.52511681
     122     79.82883233
     123     81.16468949
     124     82.48852544
     125     83.84757637
     126     85.19148773
     127     86.57377827
     128     87.93773592
     129     89.34329547
     130     90.72724700
     131     92.15612918
     132     93.56004023
     133     95.01227998
     134     96.43608982
     135     97.91174943
     136     99.35541792
     137    100.85453839
     138    102.31799553
     139    103.84064881
     140    105.32384809
     141    106.87008181
     142    108.37294285
     143    109.94283974
     144    111.46530903
     145    113.05892399
     146    114.60090952
     147    116.21833734
     148    117.77977788
     149    119.42108144
     150    121.00187195
     151    122.66715954
     152    124.26723032
     153    125.95657358
     154    127.57580488
     155    129.28932732
     156    130.92764011
     157    132.66542301
     158    134.32268096
     159    136.08486498
     160    137.76097874
     161    139.54765582
     162    141.24247026
     163    143.05380050
     164    144.76721488
     165    146.60330200
     166    148.33513978
     167    150.19616603
     168    151.94631386
     169    153.83239597
     170    155.60065288
     171    157.51199842
     172    159.29823707
     173    161.23497723
     174    163.03896856
     175    165.00134003
     176    166.82294120
     177    168.81109120
     178    170.65004075
     179    172.66423960
     180    174.52037746
     181    176.56079023
     182    178.43381732
     183    180.50075344
     184    182.39049057
     185    184.48413496
     186    186.39023913
     187    188.51094693
     188    190.43321770
     189    192.58119596
     190    194.51923870
     191    196.69489640
     192    198.64848713
     193    200.85205593
     194    202.82073887
     195    205.05269165
     196    207.03621679
     197    209.29681255
     198    211.29465105
     199    213.58443921
     200    215.59631246
     201    217.91558226
     202    219.94087335
     203    222.29026677
     204    224.32866590
     205    226.70850542
     206    228.75928835
     207    231.17032915
     208    233.23315269
     209    235.67575334
     210    237.74976082
     211    240.22481672
     212    242.30963023
     213    244.81753821
     214    246.91213547
     215    249.45396715
     216    251.55793633
     217    254.13412725
     218    256.24623571
     219    258.85808257
     220    260.97788983
     221    263.62586331
     222    265.75186505
     223    268.43755449
     224    270.56929650
     225    273.29319522
     226    275.42881585
     227    278.19290089
     228    280.33196805
     229    283.13672281
     230    285.27689567
     231    288.12482145
     232    290.26577208
     233    293.15726402
     234    295.29599529
     235    298.23427982
     236    300.37075567
     237    303.35595461
     238    305.48625303
     239    308.52262689
     240    310.64744403
     241    313.73439778
     242    315.84843847
     243    318.99179361
     244    321.09757698
     245    324.29490942
     246    326.38483571
     247    329.64466329
     248    331.72612261
     249    335.04108320
     250    337.10128331
     251    340.48636481
     252    342.54916315
     253    345.98040851
     254    348.01071935
     255    351.53647935
     256    353.72749281
 ---------------------------------------
 
SCF converged! Final Ground-State Energy (Eh):             -30.2350894568599529
