 
     Two-Electron DVR    
 ------------------------
 x0     =      15.00000000
 m      =       1.00000000
 Z      =       1.00000000
 n      =               32
 dx     =       0.96774194
 
Soft-Coulomb Parameters:
 alpha  =       1.00000000
 beta   =       1.00000000
 
 
                       Hartree-Fock                      
 --------------------------------------------------------
 no. of orbitals        =               32
 no. of electrons       =                2
 scf_damping_switch     =        F
 scf_diis_switch        =        F
 damping_factor         =   0.00000000
 e_tolerance            = 0.0000000000100000
 maximum scf-iterations =              200
 
 
                       SCF iterations                      
 ----------------------------------------------------------
    S.No    Energy (hartree)        dE (hartree)
 ----------------------------------------------------------
       0     -1.334440639773
       1     -0.644501129525      0.689939510248
       2     -0.683262228522      0.038761098997
       3     -0.687615496884      0.004353268362
       4     -0.688057139431      0.000441642547
       5     -0.688111160830      0.000054021399
       6     -0.688119899445      0.000008738614
       7     -0.688121621881      0.000001722436
       8     -0.688121999076      0.000000377195
       9     -0.688122086170      0.000000087095
      10     -0.688122106834      0.000000020663
      11     -0.688122111806      0.000000004973
      12     -0.688122113012      0.000000001206
      13     -0.688122113306      0.000000000294
      14     -0.688122113377      0.000000000072
      15     -0.688122113395      0.000000000017
      16     -0.688122113399      0.000000000004
 ----------------------------------------------------------
  
 
 
 ---------------------------------------
     Molecular Orbital Energies (Eh)    
 ---------------------------------------
       1     -0.05272464
       2      0.14139399
       3      0.14252049
       4      0.24686220
       5      0.25454463
       6      0.37160256
       7      0.39734683
       8      0.51665062
       9      0.57260037
      10      0.69355076
      11      0.78178969
      12      0.91031100
      13      1.02643890
      14      1.16740070
      15      1.30784750
      16      1.46395346
      17      1.62696016
      18      1.79930902
      19      1.98448785
      20      2.17339990
      21      2.38094803
      22      2.58580974
      23      2.81679962
      24      3.03688548
      25      3.29235416
      26      3.52643703
      27      3.80694523
      28      4.05684302
      29      4.35659660
      30      4.64355479
      31      4.89594564
      32      5.35736039
 ---------------------------------------
 
SCF converged! Final Ground-State Energy (Eh):              -0.6881221133990186
