 
     Two-Electron DVR    
 ------------------------
 x0     =      15.00000000
 m      =       1.00000000
 Z      =       4.00000000
 n      =              128
 dx     =       0.23622047
 
Soft-Coulomb Parameters:
 alpha  =       0.10000000
 beta   =       0.01000000
 
 
                       Hartree-Fock                      
 --------------------------------------------------------
 no. of orbitals        =              128
 no. of electrons       =                2
 scf_damping_switch     =        F
 scf_diis_switch        =        F
 damping_factor         =   0.00000000
 e_tolerance            = 0.0000000000100000
 maximum scf-iterations =              200
 
 
                       SCF iterations                      
 ----------------------------------------------------------
    S.No    Energy (hartree)        dE (hartree)
 ----------------------------------------------------------
       0    -17.580779080133
       1    -13.194917375435      4.385861704699
       2    -13.460011774128      0.265094398693
       3    -13.460719346026      0.000707571898
       4    -13.460723355921      0.000004009895
       5    -13.460723389576      0.000000033656
       6    -13.460723389952      0.000000000376
       7    -13.460723389957      0.000000000005
 ----------------------------------------------------------
  
 
 
 ---------------------------------------
     Molecular Orbital Energies (Eh)    
 ---------------------------------------
       1     -4.81013653
       2     -0.92721848
       3     -0.59739652
       4     -0.34236878
       5     -0.25198662
       6     -0.16917387
       7     -0.12300641
       8     -0.04963431
       9      0.01311693
      10      0.11637234
      11      0.20202739
      12      0.33299529
      13      0.44075984
      14      0.59709434
      15      0.72686078
      16      0.90704322
      17      1.05896882
      18      1.26192140
      19      1.43622836
      20      1.66115988
      21      1.85805167
      22      2.10437773
      23      2.32401113
      24      2.59130795
      25      2.83378392
      26      3.12174967
      27      3.38712103
      28      3.69555166
      29      3.98382760
      30      4.31259008
      31      4.62375030
      32      4.97276972
      33      5.30676775
      34      5.67600687
      35      6.03278418
      36      6.42223876
      37      6.80172365
      38      7.21140540
      39      7.61352670
      40      8.04346508
      41      8.46814636
      42      8.91837264
      43      9.36554651
      44      9.83610114
      45     10.30569885
      46     10.79661460
      47     11.28858243
      48     11.79989705
      49     12.31418106
      50     12.84591778
      51     13.38248375
      52     13.93466944
      53     14.49348230
      54     15.06612360
      55     15.64717240
      56     16.24028014
      57     16.84355119
      58     17.45711044
      59     18.08261905
      60     18.71662093
      61     19.36437685
      62     20.01878058
      63     20.68882846
      64     21.36360226
      65     22.05597755
      66     22.75105029
      67     23.46583082
      68     24.18114447
      69     24.91839420
      70     25.65384220
      71     26.41367689
      72     27.16917124
      73     27.95168676
      74     28.72707962
      75     29.53243523
      76     30.32760492
      77     31.15593182
      78     31.97068328
      79     32.82218976
      80     33.65636498
      81     34.53121966
      82     35.38457180
      83     36.28303563
      84     37.15537128
      85     38.07764805
      86     38.96866880
      87     39.91506980
      88     40.82455643
      89     41.79530814
      90     42.72292219
      91     43.71837043
      92     44.66389407
      93     45.68425503
      94     46.64734346
      95     47.69295578
      96     48.67345169
      97     49.74445202
      98     50.74207489
      99     51.83871161
     100     52.85347180
     101     53.97568051
     102     55.00747776
     103     56.15528785
     104     57.20445515
     105     58.37743643
     106     59.44417972
     107     60.64202529
     108     61.72712914
     109     62.94894397
     110     64.05287530
     111     65.29815943
     112     66.42197949
     113     67.68970584
     114     68.83338588
     115     70.12395716
     116     71.28767868
     117     72.60151750
     118     73.78201457
     119     75.12402189
     120     76.31732759
     121     77.69346899
     122     78.88540226
     123     80.31526332
     124     81.49223156
     125     82.99526072
     126     84.10682652
     127     85.76899759
     128     86.84814933
 ---------------------------------------
 
SCF converged! Final Ground-State Energy (Eh):             -13.4607233899566818
