 
     Two-Electron DVR    
 ------------------------
 x0     =      15.00000000
 m      =       1.00000000
 Z      =       1.00000000
 n      =               64
 dx     =       0.47619048
 
Soft-Coulomb Parameters:
 alpha  =       0.10000000
 beta   =       1.00000000
 
 
                       Hartree-Fock                      
 --------------------------------------------------------
 no. of orbitals        =               64
 no. of electrons       =                2
 scf_damping_switch     =        F
 scf_diis_switch        =        F
 damping_factor         =   0.00000000
 e_tolerance            = 0.0000000000100000
 maximum scf-iterations =              200
 
 
                       SCF iterations                      
 ----------------------------------------------------------
    S.No    Energy (hartree)        dE (hartree)
 ----------------------------------------------------------
       0     -3.275035840868
       1     -2.444286331479      0.830749509389
       2     -2.451687168327      0.007400836848
       3     -2.452093454547      0.000406286220
       4     -2.452116568182      0.000023113635
       5     -2.452117918547      0.000001350366
       6     -2.452117998760      0.000000080213
       7     -2.452118003571      0.000000004811
       8     -2.452118003861      0.000000000290
       9     -2.452118003879      0.000000000018
      10     -2.452118003880      0.000000000001
 ----------------------------------------------------------
  
 
 
 ---------------------------------------
     Molecular Orbital Energies (Eh)    
 ---------------------------------------
       1     -0.81908095
       2      0.13897862
       3      0.13903025
       4      0.24271153
       5      0.24381564
       6      0.37219456
       7      0.37958710
       8      0.52526154
       9      0.55119217
      10      0.70449966
      11      0.76166908
      12      0.92122801
      13      1.01268944
      14      1.18251857
      15      1.30498484
      16      1.48864292
      17      1.63879638
      18      1.83827790
      19      2.01416734
      20      2.23049593
      21      2.43107791
      22      2.66474031
      23      2.88950629
      24      3.14077093
      25      3.38943878
      26      3.65839606
      27      3.93088161
      28      4.21759297
      29      4.51384761
      30      4.81824151
      31      5.13836747
      32      5.46039639
      33      5.80447039
      34      6.14391690
      35      6.51220377
      36      6.86891244
      37      7.26160703
      38      7.63517775
      39      8.05274305
      40      8.44289561
      41      8.88566061
      42      9.29175314
      43      9.76044121
      44     10.18205867
      45     10.67714320
      46     11.11333575
      47     11.63586394
      48     12.08613658
      49     12.63665436
      50     13.09976922
      51     13.67956828
      52     14.15532561
      53     14.76452127
      54     15.25196635
      55     15.89114340
      56     16.39209655
      57     17.05851163
      58     17.57535852
      59     18.26372300
      60     18.80725784
      61     19.50143379
      62     20.09451294
      63     20.74560635
      64     21.46261706
 ---------------------------------------
 
SCF converged! Final Ground-State Energy (Eh):              -2.4521180038800479
