 
     Two-Electron DVR    
 ------------------------
 x0     =      15.00000000
 m      =       1.00000000
 Z      =       6.00000000
 n      =              128
 dx     =       0.23622047
 
Soft-Coulomb Parameters:
 alpha  =       1.00000000
 beta   =       0.01000000
 
 
                       Hartree-Fock                      
 --------------------------------------------------------
 no. of orbitals        =              128
 no. of electrons       =                2
 scf_damping_switch     =        F
 scf_diis_switch        =        F
 damping_factor         =   0.00000000
 e_tolerance            = 0.0000000000100000
 maximum scf-iterations =              200
 
 
                       SCF iterations                      
 ----------------------------------------------------------
    S.No    Energy (hartree)        dE (hartree)
 ----------------------------------------------------------
       0     -9.988194935090
       1     -6.957131253047      3.031063682044
       2     -7.302606244238      0.345474991192
       3     -7.334326867050      0.031720622811
       4     -7.337673916717      0.003347049667
       5     -7.338025923539      0.000352006822
       6     -7.338062953111      0.000037029572
       7     -7.338066847126      0.000003894015
       8     -7.338067256651      0.000000409525
       9     -7.338067299719      0.000000043068
      10     -7.338067304248      0.000000004529
      11     -7.338067304724      0.000000000476
      12     -7.338067304774      0.000000000050
      13     -7.338067304780      0.000000000005
 ----------------------------------------------------------
  
 
 
 ---------------------------------------
     Molecular Orbital Energies (Eh)    
 ---------------------------------------
       1     -2.52222855
       2     -1.22882593
       3     -0.93025303
       4     -0.68331939
       5     -0.53512396
       6     -0.41901601
       7     -0.33978858
       8     -0.26545121
       9     -0.19215628
      10     -0.10118383
      11     -0.00218939
      12      0.11567713
      13      0.24039798
      14      0.38271613
      15      0.53162506
      16      0.69691906
      17      0.86914696
      18      1.05662683
      19      1.25162168
      20      1.46085521
      21      1.67823019
      22      1.90898238
      23      2.14845245
      24      2.40059914
      25      2.66195036
      26      2.93542908
      27      3.21850079
      28      3.51328245
      29      3.81795502
      30      4.13402779
      31      4.46021316
      32      4.79757365
      33      5.14520788
      34      5.50385643
      35      5.87289372
      36      6.25283210
      37      6.64324009
      38      7.04447046
      39      7.45622665
      40      7.87875113
      41      8.31184013
      42      8.75566067
      43      9.21007222
      44      9.67519067
      45     10.15091811
      46     10.63733620
      47     11.13437547
      48     11.64209488
      49     12.16044370
      50     12.68946611
      51     13.22912347
      52     13.77945056
      53     14.34041631
      54     14.91204976
      55     15.49432436
      56     16.08726592
      57     16.69085021
      58     17.30510156
      59     17.92999673
      60     18.56555962
      61     19.21176693
      62     19.86864305
      63     20.53616402
      64     21.21435512
      65     21.90319117
      66     22.60269883
      67     23.31285166
      68     24.03367763
      69     24.76514870
      70     25.50729435
      71     26.26008554
      72     27.02355255
      73     27.79766530
      74     28.58245469
      75     29.37789122
      76     30.18400445
      77     31.00076630
      78     31.82820369
      79     32.66629376
      80     33.51505630
      81     34.37447651
      82     35.24456309
      83     36.12531787
      84     37.01672832
      85     37.91882077
      86     38.83155105
      87     39.75498887
      88     40.68903602
      89     41.63382541
      90     42.58917934
      91     43.55533487
      92     44.53198613
      93     45.51952159
      94     46.51744780
      95     47.52639160
      96     48.54556870
      97     49.57595217
      98     50.61633378
      99     51.66821180
     100     52.72974221
     101     53.80318443
     102     54.88577456
     103     55.98087960
     104     57.08441292
     105     58.20132025
     106     59.32566070
     107     60.46449216
     108     61.60947495
     109     62.77038042
     110     63.93604467
     111     65.11877133
     112     66.30541970
     113     67.50927451
     114     68.71863834
     115     69.94079121
     116     71.17627394
     117     72.41170996
     118     73.68130323
     119     74.91993438
     120     76.23343955
     121     77.46554030
     122     78.83315859
     123     80.05724430
     124     81.46410477
     125     82.71634070
     126     84.07555540
     127     85.52392224
     128     86.68580735
 ---------------------------------------
 
SCF converged! Final Ground-State Energy (Eh):              -7.3380673047795559
