 
 Imaginary Time Propagation
 --------------------------
 
               Imag. time (a.u.)               < psi_i | psi_i >               < psi_i | psi_0 >                Energy (hartree)
              0.0000000000000000              1.0000000000000000              1.0000000000000000            -13.9223339033323086
              0.1000000000000001              0.9999999999999999              0.9175179088276337            -18.4476226544964277
              0.2000000000000001              0.9999999999999997              0.8672948522943666            -18.8793898020949555
              0.3000000000000002              1.0000000000000000              0.8371772567558642            -19.0178047394081311
              0.4000000000000003              1.0000000000000002              0.8177317173743912            -19.0683624461308696
              0.5000000000000003              0.9999999999999994              0.8053225459595810            -19.0871280706517332
              0.6000000000000004              1.0000000000000004              0.7975330917562943            -19.0941627157192357
              0.7000000000000005              1.0000000000000000              0.7926929491240026            -19.0968228778851774
              0.8000000000000006              0.9999999999999999              0.7897009627962021            -19.0978361956824152
              0.9000000000000007              1.0000000000000004              0.7878554821523265            -19.0982244935952572
              1.0000000000000007              1.0000000000000000              0.7867177614558882            -19.0983740061746659
              1.0999999999999897              1.0000000000000002              0.7860160932882417            -19.0984318024892517
              1.1999999999999786              1.0000000000000002              0.7855829810277901            -19.0984542173134315
              1.2999999999999676              0.9999999999999998              0.7853153504267280            -19.0984629340242122
              1.3999999999999566              0.9999999999999997              0.7851497847342006            -19.0984663316139276
              1.4999999999999456              0.9999999999999998              0.7850472424433879            -19.0984676585381123
              1.5999999999999346              0.9999999999999999              0.7849836633108110            -19.0984681776511280
              1.6999999999999236              0.9999999999999997              0.7849442014799117            -19.0984683810381526
              1.7229999999999210              1.0000000000000002              0.7849374897044317            -19.0984684064575134
 
 Summary of Imaginary time propagation
 -------------------------------------
ndim    =              128
dt      =       0.00100000
nstep   =             1723
E_conv  =       0.00000000
Ei      =     -19.09846841
 
