 
     Two-Electron DVR    
 ------------------------
 x0     =      15.00000000
 m      =       1.00000000
 Z      =       1.00000000
 n      =               64
 dx     =       0.47619048
 
Soft-Coulomb Parameters:
 alpha  =       0.01000000
 beta   =       0.01000000
 
 
                       Hartree-Fock                      
 --------------------------------------------------------
 no. of orbitals        =               64
 no. of electrons       =                2
 scf_damping_switch     =        T
 scf_diis_switch        =        F
 damping_factor         =   0.60000000
 e_tolerance            = 0.0000000000100000
 maximum scf-iterations =              200
 
 
                       SCF iterations                      
 ----------------------------------------------------------
    S.No    Energy (hartree)        dE (hartree)
 ----------------------------------------------------------
       0     -5.223956602298
       1     -0.968066125328      4.255890476970
       2     -1.449539221832      0.481473096504
       3     -1.651583858893      0.202044637061
       4     -1.753906095842      0.102322236949
       5     -1.814114682517      0.060208586675
       6     -1.851279707452      0.037165024935
       7     -1.874453553689      0.023173846237
       8     -1.888843246924      0.014389693235
       9     -1.897706257279      0.008863010355
      10     -1.903130447829      0.005424190550
      11     -1.906431562585      0.003301114756
      12     -1.908433890868      0.002002328282
      13     -1.909644965546      0.001211074679
      14     -1.910376374736      0.000731409190
      15     -1.910817486755      0.000441112018
      16     -1.911083356739      0.000265869984
      17     -1.911243496985      0.000160140246
      18     -1.911339931515      0.000096434529
      19     -1.911397985058      0.000058053543
      20     -1.911432931401      0.000034946343
      21     -1.911453965195      0.000021033793
      22     -1.911466625548      0.000012660354
      23     -1.911474245637      0.000007620089
      24     -1.911478832381      0.000004586744
      25     -1.911481593342      0.000002760961
      26     -1.911483255440      0.000001662098
      27     -1.911484256086      0.000001000646
      28     -1.911484858578      0.000000602492
      29     -1.911485221373      0.000000362795
      30     -1.911485439859      0.000000218486
      31     -1.911485571452      0.000000131593
      32     -1.911485650720      0.000000079268
      33     -1.911485698475      0.000000047755
      34     -1.911485727250      0.000000028774
      35     -1.911485744589      0.000000017340
      36     -1.911485755040      0.000000010451
      37     -1.911485761340      0.000000006300
      38     -1.911485765138      0.000000003798
      39     -1.911485767428      0.000000002290
      40     -1.911485768809      0.000000001381
      41     -1.911485769643      0.000000000833
      42     -1.911485770145      0.000000000503
      43     -1.911485770449      0.000000000303
      44     -1.911485770632      0.000000000183
      45     -1.911485770742      0.000000000111
      46     -1.911485770809      0.000000000067
      47     -1.911485770849      0.000000000040
      48     -1.911485770873      0.000000000024
      49     -1.911485770888      0.000000000015
      50     -1.911485770897      0.000000000009
 ----------------------------------------------------------
  
 
 
 ---------------------------------------
     Molecular Orbital Energies (Eh)    
 ---------------------------------------
       1      0.05072374
       2      0.17496002
       3      0.17985721
       4      0.29657516
       5      0.30379621
       6      0.44521303
       7      0.45714268
       8      0.62601244
       9      0.64607277
      10      0.84063266
      11      0.87273940
      12      1.08962978
      13      1.13820558
      14      1.37366301
      15      1.44313419
      16      1.69370147
      17      1.78796831
      18      2.05099546
      19      2.17303238
      20      2.44687492
      21      2.59856782
      22      2.88241311
      23      3.06476693
      24      3.35845662
      25      3.57177976
      26      3.87544869
      27      4.11973350
      28      4.43375562
      29      4.70872950
      30      5.03343139
      31      5.33885856
      32      5.67466105
      33      6.01019629
      34      6.35734434
      35      6.72278985
      36      7.08169757
      37      7.47665001
      38      7.84758474
      39      8.27179124
      40      8.65526460
      41      9.10821639
      42      9.50454861
      43      9.98590332
      44     10.39579176
      45     10.90480365
      46     11.32881894
      47     11.86478466
      48     12.30413508
      49     12.86566231
      50     13.32171888
      51     13.90699267
      52     14.38226631
      53     14.98819570
      54     15.48640769
      55     16.10779167
      56     16.63499590
      57     17.26376949
      58     17.83175222
      59     18.45007856
      60     19.07709367
      61     19.65834592
      62     20.41089869
      63     20.85373556
      64     21.91115300
 ---------------------------------------
 
SCF converged! Final Ground-State Energy (Eh):              -1.9114857708970039
