 
     Two-Electron DVR    
 ------------------------
 x0     =      15.00000000
 m      =       1.00000000
 Z      =       4.00000000
 n      =              512
 dx     =       0.05870841
 
Soft-Coulomb Parameters:
 alpha  =       0.01000000
 beta   =       1.00000000
 
 
                       Hartree-Fock                      
 --------------------------------------------------------
 no. of orbitals        =              512
 no. of electrons       =                2
 scf_damping_switch     =        F
 scf_diis_switch        =        F
 damping_factor         =   0.00000000
 e_tolerance            = 0.0000000000100000
 maximum scf-iterations =              200
 
 
                       SCF iterations                      
 ----------------------------------------------------------
    S.No    Energy (hartree)        dE (hartree)
 ----------------------------------------------------------
       0    -44.817085522410
       1    -43.841308462391      0.975777060019
       2    -43.841338936131      0.000030473740
       3    -43.841338981789      0.000000045658
       4    -43.841338981860      0.000000000071
       5    -43.841338981860      0.000000000000
 ----------------------------------------------------------
  
 
 
 ---------------------------------------
     Molecular Orbital Energies (Eh)    
 ---------------------------------------
       1    -21.43281154
       2     -4.33861249
       3     -1.70614668
       4     -0.74447190
       5     -0.45094288
       6     -0.28253650
       7     -0.20426206
       8     -0.13785829
       9     -0.08230964
      10     -0.00239070
      11      0.07761992
      12      0.18796808
      13      0.29258669
      14      0.43100116
      15      0.55875600
      16      0.72383761
      17      0.87395731
      18      1.06487702
      19      1.23690360
      20      1.45311252
      21      1.64674974
      22      1.88785148
      23      2.10290285
      24      2.36858737
      25      2.60492727
      26      2.89493373
      27      3.15249121
      28      3.46658689
      29      3.74533444
      30      4.08330309
      31      4.38324770
      32      4.74488360
      33      5.06605906
      34      5.45116432
      35      5.79362466
      36      6.20200840
      37      6.56582222
      38      6.99730074
      39      7.38254643
      40      7.83694377
      41      8.24370562
      42      8.72085421
      43      9.14921922
      44      9.64896057
      45     10.09901590
      46     10.62120103
      47     11.09303213
      48     11.63752195
      49     12.13121103
      50     12.69787642
      51     13.21350145
      52     13.80222334
      53     14.33985727
      54     14.95052641
      55     15.51023675
      56     16.14275354
      57     16.72460204
      58     17.37887613
      59     17.98291877
      60     18.65886871
      61     19.28515566
      62     19.98270838
      63     20.63128419
      64     21.35037461
      65     22.02127837
      66     22.76184882
      67     23.45511444
      68     24.21711422
      69     24.93277071
      70     25.71615553
      71     26.45422732
      72     27.25895888
      73     28.01946608
      74     28.84551155
      75     29.62847036
      76     30.47580195
      77     31.28122489
      78     32.14981937
      79     32.97771568
      80     33.86755405
      81     34.71792987
      82     35.62899690
      83     36.50185569
      84     37.43413960
      85     38.32948230
      86     39.28297440
      87     40.20079975
      88     41.17549416
      89     42.11579889
      90     43.11169219
      91     44.07447129
      92     45.09156234
      93     46.07680921
      94     47.11509881
      95     48.12280552
      96     49.18229626
      97     50.21245365
      98     51.29314962
      99     52.34574755
     100     53.44765424
     101     54.52268163
     102     55.64580569
     103     56.74325074
     104     57.88759988
     105     59.00745014
     106     60.17303290
     107     61.31527544
     108     62.50210118
     109     63.66672259
     110     64.87480123
     111     66.06178786
     112     67.29112992
     113     68.50046778
     114     69.75108416
     115     70.98275917
     116     72.25466115
     117     73.50865907
     118     74.80185815
     119     76.07816474
     120     77.39267269
     121     78.69127366
     122     80.02710230
     123     81.34798349
     124     82.70514480
     125     84.04829205
     126     85.42679796
     127     86.79219733
     128     88.19205985
     129     89.57969748
     130     91.00092847
     131     92.41079076
     132     93.85340208
     133     95.28547558
     134     96.74947888
     135     98.20375045
     136     99.68915735
     137    101.16561399
     138    102.67243582
     139    104.17106492
     140    105.69931294
     141    107.22010206
     142    108.76978722
     143    110.31272430
     144    111.88385744
     145    113.44893063
     146    115.04152224
     147    116.62872008
     148    118.24278055
     149    119.85209178
     150    121.48763109
     151    123.11904491
     152    124.77607296
     153    126.42957871
     154    128.10810496
     155    129.78369246
     156    131.48372629
     157    133.18138550
     158    134.90293585
     159    136.62265723
     160    138.36573294
     161    140.10750708
     162    141.87211653
     163    143.63593452
     164    145.42208604
     165    147.20793905
     166    149.01564048
     167    150.82352023
     168    152.65277936
     169    154.48267763
     170    156.33350176
     171    158.18541086
     172    160.05780725
     173    161.93171954
     174    163.82569498
     175    165.72160336
     176    167.63716460
     177    169.55506198
     178    171.49221528
     179    173.43209513
     180    175.39084675
     181    177.35270254
     182    179.33305822
     183    181.31688395
     184    183.31884948
     185    185.32463914
     186    187.34821976
     187    189.37596789
     188    191.42116894
     189    193.47087002
     190    195.53769626
     191    197.60934535
     192    199.69780165
     193    201.79139371
     194    203.90148437
     195    206.01701496
     196    208.14874442
     197    210.28620895
     198    212.43958106
     199    214.59897557
     200    216.77399436
     201    218.95531470
     202    221.15198357
     203    223.35522625
     204    225.57354883
     205    227.79871013
     206    230.03868938
     207    232.28576626
     208    234.54740543
     209    236.81639456
     210    239.09969620
     211    241.39059498
     212    243.69556196
     213    246.00836747
     214    248.33500192
     215    250.66971198
     216    253.01801641
     217    255.37462849
     218    257.74460462
     219    260.12311696
     220    262.51476695
     221    264.91517737
     222    267.32850255
     223    269.75080972
     224    272.18581189
     225    274.63001400
     226    277.08669409
     227    279.55279021
     228    282.03114969
     229    284.51913836
     230    287.01917775
     231    289.52905847
     232    292.05077890
     233    294.58255055
     234    297.12595216
     235    299.67961465
     236    302.24469821
     237    304.82025077
     238    307.40701603
     239    310.00445899
     240    312.61290639
     241    315.23223932
     242    317.86236819
     243    320.50359184
     244    323.15540228
     245    325.81851659
     246    328.49200750
     247    331.17701364
     248    333.87218479
     249    336.57908306
     250    339.29593291
     251    342.02472492
     252    344.76325290
     253    347.51393931
     254    350.27414341
     255    353.04672631
     256    355.82860560
     257    358.62308601
     258    361.42663803
     259    364.24301852
     260    367.06824195
     261    369.90652393
     262    372.75341582
     263    375.61360237
     264    378.48216100
     265    381.36425393
     266    384.25447584
     267    387.15847877
     268    390.07036182
     269    392.99627697
     270    395.92981715
     271    398.87764872
     272    401.83284346
     273    404.80259411
     274    407.77943881
     275    410.77111334
     276    413.76960497
     277    416.78320653
     278    419.80333984
     279    422.83887386
     280    425.88064536
     281    428.93811549
     282    432.00151924
     283    435.08093163
     284    438.16596361
     285    441.26732241
     286    444.37397595
     287    447.49728809
     288    450.62555860
     289    453.77082882
     290    456.92070884
     291    460.08794486
     292    463.25942920
     293    466.44863638
     294    469.64171670
     295    472.85290367
     296    476.06757413
     297    479.30074691
     298    482.53699823
     299    485.79216640
     300    489.04999204
     301    492.32716237
     302    495.60655201
     303    498.90573512
     304    502.20668145
     305    505.52788490
     306    508.85037648
     307    512.19361205
     308    515.53764072
     309    518.90291683
     310    522.26846992
     311    525.65579962
     312    529.04286805
     313    532.45226068
     314    535.86083045
     315    539.29230045
     316    542.72236145
     317    546.17591921
     318    549.62745595
     319    553.10311743
     320    556.57611870
     321    560.07389541
     322    563.56834409
     323    567.08825366
     324    570.60413734
     325    574.14619252
     326    577.68349228
     327    581.24771254
     328    584.80641463
     329    588.39281410
     330    591.97289760
     331    595.58149778
     332    599.18294748
     333    602.81376399
     334    606.43655681
     335    610.08961340
     336    613.73373249
     337    617.40904644
     338    621.07446629
     339    624.77206382
     340    628.45876582
     341    632.17866603
     342    635.88662198
     343    639.62885386
     344    643.35804317
     345    647.12262782
     346    650.87301933
     347    654.65998879
     348    658.43155974
     349    662.24093733
     350    666.03365327
     351    669.86547439
     352    673.67931016
     353    677.53360061
     354    681.36851808
     355    685.24531702
     356    689.10128838
     357    693.00062430
     358    696.87760738
     359    700.79952362
     360    704.69748765
     361    708.64201573
     362    712.56091400
     363    716.52810189
     364    720.46790037
     365    724.45778294
     366    728.41842988
     367    732.43106027
     368    736.41251803
     369    740.44793481
     370    744.45014601
     371    748.50840809
     372    752.53133107
     373    756.61248114
     374    760.65605223
     375    764.76015567
     376    768.82432875
     377    772.95143280
     378    777.03613715
     379    781.18631444
     380    785.29149898
     381    789.46480181
     382    793.59038795
     383    797.78689705
     384    801.93282818
     385    806.15260152
     386    810.31879019
     387    814.56191760
     388    818.74830107
     389    823.01484679
     390    827.22132764
     391    831.51139177
     392    835.73790039
     393    840.05155419
     394    844.29798195
     395    848.63533706
     396    852.90160671
     397    857.26274223
     398    861.54873245
     399    865.93377306
     400    870.23939809
     401    874.64843161
     402    878.97355578
     403    883.40672170
     404    887.75124969
     405    892.20864561
     406    896.57242549
     407    901.05420765
     408    905.43713342
     409    909.94341039
     410    914.34531160
     411    918.87625871
     412    923.29701741
     413    927.85275550
     414    932.29218013
     415    936.87290630
     416    941.33086548
     417    945.93671439
     418    950.41299237
     419    955.04418608
     420    959.53863643
     421    964.19532507
     422    968.70770428
     423    973.39013861
     424    977.92028328
     425    982.62863088
     426    987.17626553
     427    991.91081024
     428    996.47575236
     429   1001.23668145
     430   1005.81861851
     431   1010.60625418
     432   1015.20498212
     433   1020.01953389
     434   1024.63469708
     435   1029.47653181
     436   1034.10790186
     437   1038.97725422
     438   1043.62442509
     439   1048.52171429
     440   1053.18443006
     441   1058.10991927
     442   1062.78771457
     443   1067.74188467
     444   1072.43447240
     445   1077.41761895
     446   1082.12446347
     447   1087.13714054
     448   1091.85791936
     449   1096.90045934
     450   1101.63455294
     451   1106.70759749
     452   1111.45464321
     453   1116.55856666
     454   1121.31784392
     455   1126.45339367
     456   1131.22449427
     457   1136.39209249
     458   1141.17417285
     459   1146.37469598
     460   1151.16729625
     461   1156.40122101
     462   1161.20334625
     463   1166.47170841
     464   1171.28284042
     465   1176.58617886
     466   1181.40513387
     467   1186.74468385
     468   1191.57087827
     469   1196.94724914
     470   1201.77925998
     471   1207.19394083
     472   1212.03111245
     473   1217.48479157
     474   1222.32539253
     475   1227.81988795
     476   1232.66318607
     477   1238.19927220
     478   1243.04313021
     479   1248.62306035
     480   1253.46667154
     481   1259.09130819
     482   1263.93198876
     483   1269.60417530
     484   1274.44106281
     485   1280.16173682
     486   1284.99139156
     487   1290.76421898
     488   1295.58578351
     489   1301.41172459
     490   1306.22067940
     491   1312.10458623
     492   1316.90024467
     493   1322.84294605
     494   1327.61917831
     495   1333.62731714
     496   1338.38404563
     497   1344.45789742
     498   1349.18642329
     499   1355.33554131
     500   1360.03759526
     501   1366.26053159
     502   1370.92276552
     503   1377.23451722
     504   1381.86416634
     505   1388.25797485
     506   1392.83075975
     507   1399.33533418
     508   1403.87973539
     509   1410.46802815
     510   1414.91363722
     511   1421.68409709
     512   1426.33356929
 ---------------------------------------
 
SCF converged! Final Ground-State Energy (Eh):             -43.8413389818599200
