 
     Two-Electron DVR    
 ------------------------
 x0     =      15.00000000
 m      =       1.00000000
 Z      =       3.00000000
 n      =              256
 dx     =       0.11764706
 
Soft-Coulomb Parameters:
 alpha  =       0.10000000
 beta   =       0.10000000
 
 
                       Hartree-Fock                      
 --------------------------------------------------------
 no. of orbitals        =              256
 no. of electrons       =                2
 scf_damping_switch     =        F
 scf_diis_switch        =        F
 damping_factor         =   0.00000000
 e_tolerance            = 0.0000000000100000
 maximum scf-iterations =              200
 
 
                       SCF iterations                      
 ----------------------------------------------------------
    S.No    Energy (hartree)        dE (hartree)
 ----------------------------------------------------------
       0    -12.596226310938
       1    -10.428999630524      2.167226680414
       2    -10.465299571091      0.036299940567
       3    -10.465902830696      0.000603259605
       4    -10.465913167394      0.000010336698
       5    -10.465913353444      0.000000186050
       6    -10.465913356902      0.000000003458
       7    -10.465913356968      0.000000000066
       8    -10.465913356969      0.000000000001
 ----------------------------------------------------------
  
 
 
 ---------------------------------------
     Molecular Orbital Energies (Eh)    
 ---------------------------------------
       1     -4.18785995
       2     -0.39554702
       3     -0.21170485
       4     -0.11228667
       5     -0.07119182
       6     -0.01833966
       7      0.03169946
       8      0.11172957
       9      0.18442228
      10      0.29138822
      11      0.38595021
      12      0.51797487
      13      0.63438967
      14      0.79025729
      15      0.92875167
      16      1.10759342
      17      1.26840892
      18      1.46959006
      19      1.65291450
      20      1.87597230
      21      2.08192964
      22      2.32653047
      23      2.55518936
      24      2.82109696
      25      3.07248324
      26      3.35953502
      27      3.63364318
      28      3.94173232
      29      4.23853470
      30      4.56759658
      31      4.88705039
      32      5.23705218
      33      5.57910469
      34      5.95003726
      35      6.31462971
      36      6.70650141
      37      7.09357185
      38      7.50640356
      39      7.91588895
      40      8.34971032
      41      8.78154814
      42      9.23639452
      43      9.69052389
      44     10.16643411
      45     10.64279658
      46     11.13981114
      47     11.63835127
      48     12.15651104
      49     12.67717674
      50     13.21652196
      51     13.75926468
      52     14.31983427
      53     14.88460909
      54     15.46644015
      55     16.05320575
      56     16.65633328
      57     17.26505186
      58     17.88950853
      59     18.52014567
      60     19.16596178
      61     19.81848627
      62     20.48568971
      63     21.16007336
      64     21.84868970
      65     22.54490711
      66     23.25495965
      67     23.97298805
      68     24.70449796
      69     25.44431693
      70     26.19730334
      71     26.95889470
      72     27.73337489
      73     28.51672241
      74     29.31271190
      75     30.11780118
      76     30.93531394
      77     31.76213216
      78     32.60118068
      79     33.44971655
      80     34.31031200
      81     35.18055549
      82     36.06270783
      83     36.95465015
      84     37.85836830
      85     38.77200164
      86     39.69729347
      87     40.63261105
      88     41.57948364
      89     42.53647943
      90     43.50493898
      91     44.48360778
      92     45.47365988
      93     46.47399706
      94     47.48564658
      95     48.50764820
      96     49.54089954
      97     50.58456208
      98     51.63941903
      99     52.70473955
     100     53.78120557
     101     54.86818142
     102     55.96625942
     103     57.07488845
     104     58.19458115
     105     59.32486139
     106     60.46617099
     107     61.61810095
     108     62.78102958
     109     63.95460781
     110     65.13915709
     111     66.33438263
     112     67.54055420
     113     68.75742604
     114     69.98522105
     115     71.22373866
     116     72.47315834
     117     73.73332108
     118     75.00436616
     119     76.28617390
     120     77.57884527
     121     78.88229766
     122     80.19659566
     123     81.52169293
     124     82.85761816
     125     84.20436024
     126     85.56191266
     127     86.93030015
     128     88.30948008
     129     89.69951317
     130     91.10032016
     131     92.51199985
     132     93.93443393
     133     95.36776069
     134     96.81182097
     135     98.26679626
     136     99.73248246
     137    101.20910703
     138    102.69641775
     139    104.19469360
     140    105.70362818
     141    107.22355645
     142    108.75411286
     143    110.29569621
     144    111.84787333
     145    113.41111337
     146    114.98490837
     147    116.56980860
     148    118.16521980
     149    119.77178241
     150    121.38880596
     151    123.01703555
     152    124.65566901
     153    126.30556856
     154    127.96580676
     155    129.63738226
     156    131.31922178
     157    133.01247726
     158    134.71591120
     159    136.43085450
     160    138.15587811
     161    139.89251466
     162    141.63911878
     163    143.39745884
     164    145.16563697
     165    146.94568782
     166    148.73542780
     167    150.53720291
     168    152.34849587
     169    154.17200504
     170    156.00483487
     171    157.85009579
     172    159.70445046
     173    161.57147629
     174    163.44733443
     175    165.33614852
     176    167.23349381
     177    169.14411386
     178    171.06291796
     179    172.99537477
     180    174.93561562
     181    176.88993304
     182    178.85157296
     183    180.82779178
     184    182.81080096
     185    184.80895328
     186    186.81328161
     187    188.83342156
     188    190.85902878
     189    192.90119958
     190    194.94801894
     191    197.01229258
     192    199.08026973
     193    201.16670443
     194    203.25575033
     195    205.36444199
     196    207.47448336
     197    209.60551038
     198    211.73642827
     199    213.88991860
     200    216.04161436
     201    218.21767342
     202    220.38998807
     203    222.58878667
     204    224.78158772
     205    227.00326732
     206    229.21634236
     207    231.46113083
     208    233.69430272
     209    235.96238898
     210    238.21537447
     211    240.50706180
     212    242.77962588
     213    245.09516441
     214    247.38693122
     215    249.72672231
     216    252.03738421
     217    254.40175414
     218    256.73081701
     219    259.12029124
     220    261.46736157
     221    263.88235485
     222    266.24679385
     223    268.68798104
     224    271.06930540
     225    273.53719021
     226    275.93459718
     227    278.43001872
     228    280.84295689
     229    283.36647766
     230    285.79398393
     231    288.34659365
     232    290.78812473
     233    293.37035229
     234    295.82483142
     235    298.43775477
     236    300.90481377
     237    303.54873970
     238    306.02727284
     239    308.70327573
     240    311.19335071
     241    313.90125247
     242    316.40171048
     243    319.14267112
     244    321.65421868
     245    324.42747661
     246    326.94814192
     247    329.75604480
     248    332.28682986
     249    335.12880541
     250    337.66322655
     251    340.54790503
     252    343.08610303
     253    346.01566318
     254    348.52743755
     255    351.54734971
     256    354.08934042
 ---------------------------------------
 
SCF converged! Final Ground-State Energy (Eh):             -10.4659133569689011
