 
     Two-Electron DVR    
 ------------------------
 x0     =      15.00000000
 m      =       1.00000000
 Z      =       3.00000000
 n      =              512
 dx     =       0.05870841
 
Soft-Coulomb Parameters:
 alpha  =       1.00000000
 beta   =       0.01000000
 
 
                       Hartree-Fock                      
 --------------------------------------------------------
 no. of orbitals        =              512
 no. of electrons       =                2
 scf_damping_switch     =        F
 scf_diis_switch        =        F
 damping_factor         =   0.00000000
 e_tolerance            = 0.0000000000100000
 maximum scf-iterations =              200
 
 
                       SCF iterations                      
 ----------------------------------------------------------
    S.No    Energy (hartree)        dE (hartree)
 ----------------------------------------------------------
       0     -4.671397010573
       1     -2.180329545956      2.491067464617
       2     -2.155168251182      0.025161294774
       3     -2.468323066681      0.313154815499
       4     -2.522054709457      0.053731642776
       5     -2.596856319380      0.074801609923
       6     -2.619624136134      0.022767816754
       7     -2.636583986587      0.016959850453
       8     -2.643109871640      0.006525885053
       9     -2.646953461327      0.003843589687
      10     -2.648615620955      0.001662159628
      11     -2.649500259917      0.000884638961
      12     -2.649906288068      0.000406028152
      13     -2.650112551063      0.000206262995
      14     -2.650210091422      0.000097540359
      15     -2.650258560440      0.000048469018
      16     -2.650281822414      0.000023261974
      17     -2.650293259610      0.000011437196
      18     -2.650298788689      0.000005529079
      19     -2.650301493251      0.000002704562
      20     -2.650302805361      0.000001312110
      21     -2.650303445586      0.000000640225
      22     -2.650303756727      0.000000311141
      23     -2.650303908360      0.000000151633
      24     -2.650303982113      0.000000073754
      25     -2.650304018036      0.000000035922
      26     -2.650304035515      0.000000017480
      27     -2.650304044027      0.000000008511
      28     -2.650304048169      0.000000004142
      29     -2.650304050186      0.000000002017
      30     -2.650304051167      0.000000000982
      31     -2.650304051645      0.000000000478
      32     -2.650304051878      0.000000000233
      33     -2.650304051991      0.000000000113
      34     -2.650304052046      0.000000000055
      35     -2.650304052073      0.000000000027
      36     -2.650304052086      0.000000000013
      37     -2.650304052093      0.000000000007
 ----------------------------------------------------------
  
 
 
 ---------------------------------------
     Molecular Orbital Energies (Eh)    
 ---------------------------------------
       1     -0.54050064
       2     -0.09115540
       3     -0.07950767
       4     -0.00829939
       5      0.01424465
       6      0.11092437
       7      0.15514341
       8      0.27221911
       9      0.34270299
      10      0.47578284
      11      0.57401774
      12      0.72236412
      13      0.84788330
      14      1.01231930
      15      1.16392008
      16      1.34568401
      17      1.52212808
      18      1.72238264
      19      1.92265954
      20      2.14233767
      21      2.36570661
      22      2.60550171
      23      2.85145160
      24      3.11185748
      25      3.38004944
      26      3.66140925
      27      3.95162519
      28      4.25417432
      29      4.56627752
      30      4.89017665
      31      5.22408373
      32      5.56944271
      33      5.92510458
      34      6.29199904
      35      6.66938820
      36      7.05787081
      37      7.45697320
      38      7.86708125
      39      8.28789097
      40      8.71965134
      41      9.16216735
      42      9.61559990
      43     10.07982392
      44     10.55494363
      45     11.04087889
      46     11.53769738
      47     12.04534781
      48     12.56387430
      49     13.09324409
      50     13.63348606
      51     14.18457937
      52     14.74654305
      53     15.31936388
      54     15.90305452
      55     16.49760661
      56     17.10302871
      57     17.71931557
      58     18.34647304
      59     18.98449788
      60     19.63339417
      61     20.29315993
      62     20.96379810
      63     21.64530749
      64     22.33769027
      65     23.04094575
      66     23.75507561
      67     24.48007944
      68     25.21595861
      69     25.96271286
      70     26.72034336
      71     27.48884995
      72     28.26823362
      73     29.05849429
      74     29.85963284
      75     30.67164919
      76     31.49454418
      77     32.32831770
      78     33.17297056
      79     34.02850264
      80     34.89491470
      81     35.77220659
      82     36.66037908
      83     37.55943198
      84     38.46936604
      85     39.39018104
      86     40.32187773
      87     41.26445586
      88     42.21791618
      89     43.18225840
      90     44.15748327
      91     45.14359046
      92     46.14058074
      93     47.14845375
      94     48.16721026
      95     49.19684987
      96     50.23737337
      97     51.28878031
      98     52.35107151
      99     53.42424649
     100     54.50830607
     101     55.60324972
     102     56.70907832
     103     57.82579127
     104     58.95338948
     105     60.09187232
     106     61.24124070
     107     62.40149397
     108     63.57263306
     109     64.75465729
     110     65.94756760
     111     67.15136327
     112     68.36604529
     113     69.59161287
     114     70.82806705
     115     72.07540699
     116     73.33363376
     117     74.60274649
     118     75.88274626
     119     77.17363217
     120     78.47540534
     121     79.78806482
     122     81.11161176
     123     82.44604518
     124     83.79136625
     125     85.14757396
     126     86.51466950
     127     87.89265182
     128     89.28152216
     129     90.68127941
     130     92.09192486
     131     93.51345736
     132     94.94587822
     133     96.38918625
     134     97.84338280
     135     99.30846664
     136    100.78443917
     137    102.27129909
     138    103.76904785
     139    105.27768410
     140    106.79720935
     141    108.32762219
     142    109.86892417
     143    111.42111384
     144    112.98419278
     145    114.55815950
     146    116.14301562
     147    117.73875962
     148    119.34539315
     149    120.96291463
     150    122.59132578
     151    124.23062494
     152    125.88081391
     153    127.54189096
     154    129.21385794
     155    130.89671307
     156    132.59045825
     157    134.29509164
     158    136.01061520
     159    137.73702704
     160    139.47432915
     161    141.22251960
     162    142.98160044
     163    144.75156966
     164    146.53242939
     165    148.32417756
     166    150.12681634
     167    151.94034360
     168    153.76476159
     169    155.60006810
     170    157.44626544
     171    159.30335135
     172    161.17132819
     173    163.05019364
     174    164.93995012
     175    166.84059525
     176    168.75213151
     177    170.67455645
     178    172.60787263
     179    174.55207751
     180    176.50717373
     181    178.47315868
     182    180.45003508
     183    182.43780022
     184    184.43645691
     185    186.44600237
     186    188.46643948
     187    190.49776537
     188    192.53998301
     189    194.59308945
     190    196.65708774
     191    198.73197484
     192    200.81775389
     193    202.91442177
     194    205.02198168
     195    207.14043043
     196    209.26977132
     197    211.41000106
     198    213.56112303
     199    215.72313386
     200    217.89603700
     201    220.07982902
     202    222.27451345
     203    224.48008674
     204    226.69655256
     205    228.92390723
     206    231.16215452
     207    233.41129067
     208    235.67131953
     209    237.94223725
     210    240.22404778
     211    242.51674715
     212    244.82033943
     213    247.13482055
     214    249.46019468
     215    251.79645763
     216    254.14361369
     217    256.50165856
     218    258.87059663
     219    261.25042352
     220    263.64114369
     221    266.04275266
     222    268.45525502
     223    270.87864616
     224    273.31293078
     225    275.75810417
     226    278.21417115
     227    280.68112686
     228    283.15897627
     229    285.64771439
     230    288.14734631
     231    290.65786691
     232    293.17928141
     233    295.71158457
     234    298.25478173
     235    300.80886752
     236    303.37384743
     237    305.94971593
     238    308.53647864
     239    311.13412992
     240    313.74267552
     241    316.36210965
     242    318.99243821
     243    321.63365526
     244    324.28576686
     245    326.94876689
     246    329.62266160
     247    332.30744469
     248    335.00312257
     249    337.70968879
     250    340.42714991
     251    343.15549933
     252    345.89474377
     253    348.64487645
     254    351.40590427
     255    354.17782028
     256    356.96063155
     257    359.75433095
     258    362.55892574
     259    365.37440860
     260    368.20078697
     261    371.03805336
     262    373.88621538
     263    376.74526535
     264    379.61521109
     265    382.49604471
     266    385.38777423
     267    388.29039157
     268    391.20390494
     269    394.12830605
     270    397.06360332
     271    400.00978827
     272    402.96686952
     273    405.93483836
     274    408.91370365
     275    411.90345645
     276    414.90410584
     277    417.91564265
     278    420.93807620
     279    423.97139709
     280    427.01561487
     281    430.07071989
     282    433.13672196
     283    436.21361117
     284    439.30139759
     285    442.40007105
     286    445.50964188
     287    448.63009965
     288    451.76145495
     289    454.90369708
     290    458.05683691
     291    461.22086346
     292    464.39578788
     293    467.58159891
     294    470.77830798
     295    473.98590354
     296    477.20439732
     297    480.43377746
     298    483.67405601
     299    486.92522080
     300    490.18728417
     301    493.46023365
     302    496.74408191
     303    500.03881614
     304    503.34444934
     305    506.66096837
     306    509.98838657
     307    513.32669045
     308    516.67589372
     309    520.03598249
     310    523.40697088
     311    526.78884460
     312    530.18161816
     313    533.58527689
     314    536.99983568
     315    540.42527947
     316    543.86162354
     317    547.30885242
     318    550.76698184
     319    554.23599588
     320    557.71591068
     321    561.20670992
     322    564.70841017
     323    568.22099466
     324    571.74448042
     325    575.27885019
     326    578.82412151
     327    582.38027662
     328    585.94733355
     329    589.52527405
     330    593.11411664
     331    596.71384256
     332    600.32447086
     333    603.94598225
     334    607.57839632
     335    611.22169322
     336    614.87589311
     337    618.54097557
     338    622.21696132
     339    625.90382937
     340    629.60160104
     341    633.31025471
     342    637.02981236
     343    640.76025169
     344    644.50159535
     345    648.25382039
     346    652.01695011
     347    655.79096089
     348    659.57587672
     349    663.37167326
     350    667.17837525
     351    670.99595760
     352    674.82444579
     353    678.66381396
     354    682.51408839
     355    686.37524243
     356    690.24730315
     357    694.13024307
     358    698.02409012
     359    701.92881595
     360    705.84444937
     361    709.77096113
     362    713.70838096
     363    717.65667867
     364    721.61588495
     365    725.58596863
     366    729.56696139
     367    733.55883105
     368    737.56161033
     369    741.57526599
     370    745.59983182
     371    749.63527349
     372    753.68162591
     373    757.73885358
     374    761.80699261
     375    765.88600630
     376    769.97593198
     377    774.07673168
     378    778.18844402
     379    782.31102974
     380    786.44452877
     381    790.58890048
     382    794.74418623
     383    798.91034393
     384    803.08741642
     385    807.27536009
     386    811.47421932
     387    815.68394894
     388    819.90459494
     389    824.13611047
     390    828.37854325
     391    832.63184467
     392    836.89606423
     393    841.17115149
     394    845.45715784
     395    849.75403091
     396    854.06182404
     397    858.38048285
     398    862.71006277
     399    867.05050727
     400    871.40187397
     401    875.76410408
     402    880.13725755
     403    884.52127320
     404    888.91621342
     405    893.32201452
     406    897.73874147
     407    902.16632793
     408    906.60484157
     409    911.05421328
     410    915.51451360
     411    919.98567043
     412    924.46775738
     413    928.96069920
     414    933.46457275
     415    937.97929941
     416    942.50495950
     417    947.04147084
     418    951.58891741
     419    956.14721325
     420    960.71644624
     421    965.29652638
     422    969.88754572
     423    974.48940995
     424    979.10221555
     425    983.72586362
     426    988.36045539
     427    993.00588704
     428    997.66226490
     429   1002.32947984
     430   1007.00764365
     431   1011.69664157
     432   1016.39659123
     433   1021.10737177
     434   1025.82910714
     435   1030.56166993
     436   1035.30519087
     437   1040.05953548
     438   1044.82484183
     439   1049.60096780
     440   1054.38805939
     441   1059.18596621
     442   1063.99484284
     443   1068.81452997
     444   1073.64519145
     445   1078.48665825
     446   1083.33910434
     447   1088.20235017
     448   1093.07658066
     449   1097.96160474
     450   1102.85761930
     451   1107.76442088
     452   1112.68221929
     453   1117.61079739
     454   1122.55037922
     455   1127.50073300
     456   1132.46209797
     457   1137.43422624
     458   1142.41737375
     459   1147.41127558
     460   1152.41620528
     461   1157.43187924
     462   1162.45859018
     463   1167.49603541
     464   1172.54452705
     465   1177.60374192
     466   1182.67401264
     467   1187.75499665
     468   1192.84704541
     469   1197.94979700
     470   1203.06362074
     471   1208.18814057
     472   1213.32373700
     473   1218.47002435
     474   1223.62738733
     475   1228.79544577
     476   1233.97456992
     477   1239.16440162
     478   1244.36527422
     479   1249.57688954
     480   1254.79949796
     481   1260.03290664
     482   1265.27722456
     483   1270.53245144
     484   1275.79845032
     485   1281.07552250
     486   1286.36314994
     487   1291.66211927
     488   1296.97131622
     489   1302.29224252
     490   1307.62291661
     491   1312.96588675
     492   1318.31793826
     493   1323.68304752
     494   1329.05637220
     495   1334.44367417
     496   1339.83820945
     497   1345.24769933
     498   1350.66364785
     499   1356.09481449
     500   1361.53276055
     501   1366.98457865
     502   1372.44691649
     503   1377.91532030
     504   1383.40670942
     505   1388.88421633
     506   1394.42103136
     507   1399.88051774
     508   1405.49475828
     509   1410.88839285
     510   1416.67334422
     511   1421.90563865
     512   1427.84913124
 ---------------------------------------
 
SCF converged! Final Ground-State Energy (Eh):              -2.6503040520925607
