 
     Two-Electron DVR    
 ------------------------
 x0     =      15.00000000
 m      =       1.00000000
 Z      =       2.00000000
 n      =               64
 dx     =       0.47619048
 
Soft-Coulomb Parameters:
 alpha  =       1.00000000
 beta   =       0.01000000
 
 
                       Hartree-Fock                      
 --------------------------------------------------------
 no. of orbitals        =               64
 no. of electrons       =                2
 scf_damping_switch     =        T
 scf_diis_switch        =        F
 damping_factor         =   0.70000000
 e_tolerance            = 0.0000000000100000
 maximum scf-iterations =              200
 
 
                       SCF iterations                      
 ----------------------------------------------------------
    S.No    Energy (hartree)        dE (hartree)
 ----------------------------------------------------------
       0     -2.966851543492
       1     -0.226849365671      2.740002177820
       2     -0.707660807638      0.480811441966
       3     -0.840447395315      0.132786587678
       4     -0.923556622833      0.083109227518
       5     -0.980285343984      0.056728721151
       6     -1.021227070685      0.040941726700
       7     -1.050974083716      0.029747013031
       8     -1.072452225380      0.021478141664
       9     -1.087840387054      0.015388161674
      10     -1.098794343474      0.010953956420
      11     -1.106554080524      0.007759737050
      12     -1.112031792809      0.005477712285
      13     -1.115888956711      0.003857163902
      14     -1.118600224247      0.002711267535
      15     -1.120503662408      0.001903438162
      16     -1.121838803942      0.001335141534
      17     -1.122774749383      0.000935945441
      18     -1.123430573691      0.000655824308
      19     -1.123889976596      0.000459402904
      20     -1.124211718901      0.000321742306
      21     -1.124437017326      0.000225298424
      22     -1.124594764972      0.000157747647
      23     -1.124705207376      0.000110442404
      24     -1.124782526424      0.000077319048
      25     -1.124836654362      0.000054127938
      26     -1.124874546182      0.000037891820
      27     -1.124901071569      0.000026525387
      28     -1.124919639887      0.000018568318
      29     -1.124932637978      0.000012998091
      30     -1.124941736774      0.000009098796
      31     -1.124948105996      0.000006369222
      32     -1.124952564484      0.000004458488
      33     -1.124955685441      0.000003120957
      34     -1.124957870118      0.000002184678
      35     -1.124959399397      0.000001529278
      36     -1.124960469893      0.000001070497
      37     -1.124961219242      0.000000749349
      38     -1.124961743786      0.000000524544
      39     -1.124962110967      0.000000367181
      40     -1.124962367994      0.000000257027
      41     -1.124962547913      0.000000179919
      42     -1.124962673857      0.000000125943
      43     -1.124962762017      0.000000088160
      44     -1.124962823729      0.000000061712
      45     -1.124962866928      0.000000043199
      46     -1.124962897167      0.000000030239
      47     -1.124962918334      0.000000021167
      48     -1.124962933151      0.000000014817
      49     -1.124962943523      0.000000010372
      50     -1.124962950784      0.000000007260
      51     -1.124962955866      0.000000005082
      52     -1.124962959423      0.000000003558
      53     -1.124962961914      0.000000002490
      54     -1.124962963657      0.000000001743
      55     -1.124962964877      0.000000001220
      56     -1.124962965731      0.000000000854
      57     -1.124962966329      0.000000000598
      58     -1.124962966748      0.000000000419
      59     -1.124962967041      0.000000000293
      60     -1.124962967246      0.000000000205
      61     -1.124962967390      0.000000000144
      62     -1.124962967490      0.000000000100
      63     -1.124962967560      0.000000000070
      64     -1.124962967610      0.000000000049
      65     -1.124962967644      0.000000000034
      66     -1.124962967668      0.000000000024
      67     -1.124962967685      0.000000000017
      68     -1.124962967697      0.000000000012
      69     -1.124962967705      0.000000000008
 ----------------------------------------------------------
  
 
 
 ---------------------------------------
     Molecular Orbital Energies (Eh)    
 ---------------------------------------
       1     -0.03165098
       2      0.10175874
       3      0.11228497
       4      0.21449423
       5      0.23724222
       6      0.34989770
       7      0.39141021
       8      0.51337758
       9      0.57999571
      10      0.71123050
      11      0.80517534
      12      0.94768128
      13      1.06823379
      14      1.22459005
      15      1.37010691
      16      1.54246167
      17      1.71148259
      18      1.90138955
      19      2.09286582
      20      2.30137920
      21      2.51462031
      22      2.74243714
      23      2.97700740
      24      3.22458460
      25      3.48021480
      26      3.74784871
      27      4.02437985
      28      4.31226514
      29      4.60960402
      30      4.91786294
      31      5.23596560
      32      5.56467806
      33      5.90352600
      34      6.25273220
      35      6.61233716
      36      6.98205774
      37      7.36244056
      38      7.75265869
      39      8.15387850
      40      8.56456627
      41      8.98668852
      42      9.41775709
      43      9.86091527
      44     10.31226238
      45     10.77660136
      46     11.24801514
      47     11.73380161
      48     12.22505416
      49     12.73256788
      50     13.24326072
      51     13.77294120
      52     14.30272307
      53     14.85492634
      54     15.40341693
      55     15.97827433
      56     16.54571768
      57     17.14237818
      58     17.73112999
      59     18.34414786
      60     18.96151724
      61     19.57673696
      62     20.26273894
      63     20.79748735
      64     21.71089374
 ---------------------------------------
 
SCF converged! Final Ground-State Energy (Eh):              -1.1249629677052195
