 
     Two-Electron DVR    
 ------------------------
 x0     =      15.00000000
 m      =       1.00000000
 Z      =       3.00000000
 n      =              512
 dx     =       0.05870841
 
Soft-Coulomb Parameters:
 alpha  =       1.00000000
 beta   =       0.10000000
 
 
                       Hartree-Fock                      
 --------------------------------------------------------
 no. of orbitals        =              512
 no. of electrons       =                2
 scf_damping_switch     =        F
 scf_diis_switch        =        F
 damping_factor         =   0.00000000
 e_tolerance            = 0.0000000000100000
 maximum scf-iterations =              200
 
 
                       SCF iterations                      
 ----------------------------------------------------------
    S.No    Energy (hartree)        dE (hartree)
 ----------------------------------------------------------
       0     -4.671397010573
       1     -3.094220812832      1.577176197741
       2     -3.221185803976      0.126964991143
       3     -3.221921561780      0.000735757804
       4     -3.221941220208      0.000019658429
       5     -3.221942153366      0.000000933157
       6     -3.221942202684      0.000000049318
       7     -3.221942205434      0.000000002751
       8     -3.221942205592      0.000000000158
       9     -3.221942205601      0.000000000009
 ----------------------------------------------------------
  
 
 
 ---------------------------------------
     Molecular Orbital Energies (Eh)    
 ---------------------------------------
       1     -0.95623061
       2     -0.13499550
       3     -0.10687427
       4     -0.04620176
       5     -0.01691029
       6      0.05863605
       7      0.11081887
       8      0.20959286
       9      0.28761220
      10      0.40637431
      11      0.51054182
      12      0.64839937
      13      0.77801224
      14      0.93504507
      15      1.08917971
      16      1.26579126
      17      1.44362384
      18      1.64027428
      19      1.84116246
      20      2.05826525
      21      2.28174186
      22      2.51963192
      23      2.76537263
      24      3.02430602
      25      3.29209374
      26      3.57225957
      27      3.86195371
      28      4.16348884
      29      4.47500133
      30      4.79800395
      31      5.13128175
      32      5.47582226
      33      5.83083511
      34      6.19696430
      35      6.57369645
      36      6.96145141
      37      7.35989611
      38      7.76930436
      39      8.18946030
      40      8.62054266
      41      9.06241170
      42      9.51518425
      43      9.97876997
      44     10.45324539
      45     10.93855220
      46     11.43474070
      47     11.94177333
      48     12.45968328
      49     12.98844644
      50     13.52808482
      51     14.07858302
      52     14.63995574
      53     15.21219321
      54     15.79530535
      55     16.38928598
      56     16.99414192
      57     17.60986931
      58     18.23647288
      59     18.87395026
      60     19.52230483
      61     20.18153515
      62     20.85164371
      63     21.53262964
      64     22.22449483
      65     22.92723877
      66     23.64086296
      67     24.36536710
      68     25.10075240
      69     25.84701870
      70     26.60416702
      71     27.37219725
      72     28.15111031
      73     28.94090609
      74     29.74158543
      75     30.55314821
      76     31.37559522
      77     32.20892633
      78     33.05314229
      79     33.90824293
      80     34.77422897
      81     35.65110023
      82     36.53885741
      83     37.43750028
      84     38.34702955
      85     39.26744494
      86     40.19874715
      87     41.14093588
      88     42.09401184
      89     43.05797466
      90     44.03282508
      91     45.01856269
      92     46.01518822
      93     47.02270125
      94     48.04110250
      95     49.07039152
      96     50.11056905
      97     51.16163458
      98     52.22358889
      99     53.29643143
     100     54.38016299
     101     55.47478298
     102     56.58029222
     103     57.69669007
     104     58.82397738
     105     59.96215347
     106     61.11121920
     107     62.27117388
     108     63.44201839
     109     64.62375197
     110     65.81637555
     111     67.01988834
     112     68.23429128
     113     69.45958355
     114     70.69576610
     115     71.94283810
     116     73.20080053
     117     74.46965249
     118     75.74939501
     119     77.04002716
     120     78.34154998
     121     79.65396251
     122     80.97726583
     123     82.31145893
     124     83.65654294
     125     85.01251678
     126     86.37938163
     127     87.75713638
     128     89.14578224
     129     90.54531805
     130     91.95574505
     131     93.37706206
     132     94.80927036
     133     96.25236870
     134     97.70635841
     135     99.17123821
     136    100.64700946
     137    102.13367083
     138    103.63122373
     139    105.13966677
     140    106.65900143
     141    108.18922626
     142    109.73034277
     143    111.28234948
     144    112.84524793
     145    114.41903661
     146    116.00371711
     147    117.59928784
     148    119.20575046
     149    120.82310333
     150    122.45134815
     151    124.09048323
     152    125.74051032
     153    127.40142769
     154    129.07323714
     155    130.75593686
     156    132.44952872
     157    134.15401087
     158    135.86938521
     159    137.59564984
     160    139.33280673
     161    141.08085390
     162    142.83979339
     163    144.60962317
     164    146.39034533
     165    148.18195776
     166    149.98446263
     167    151.79785778
     168    153.62214542
     169    155.45732334
     170    157.30339380
     171    159.16035453
     172    161.02820787
     173    162.90695146
     174    164.79658771
     175    166.69711421
     176    168.60853344
     177    170.53084289
     178    172.46404513
     179    174.40813758
     180    176.36312287
     181    178.32899837
     182    180.30576677
     183    182.29342535
     184    184.29197689
     185    186.30141860
     186    188.32175332
     187    190.35297820
     188    192.39509615
     189    194.44810423
     190    196.51200545
     191    198.58679678
     192    200.67248130
     193    202.76905592
     194    204.87652379
     195    206.99488173
     196    209.12413299
     197    211.26427428
     198    213.41530897
     199    215.57723366
     200    217.75005181
     201    219.93375994
     202    222.12836158
     203    224.33385318
     204    226.55023837
     205    228.77751348
     206    231.01568223
     207    233.26474089
     208    235.52469326
     209    237.79553549
     210    240.07727151
     211    242.36989736
     212    244.67341707
     213    246.98782657
     214    249.31313000
     215    251.64932319
     216    253.99641038
     217    256.35438729
     218    258.72325827
     219    261.10301894
     220    263.49367376
     221    265.89521823
     222    268.30765692
     223    270.73098521
     224    273.16520781
     225    275.61031997
     226    278.06632651
     227    280.53322257
     228    283.01101309
     229    285.49969309
     230    287.99926763
     231    290.50973159
     232    293.03109019
     233    295.56333816
     234    298.10648085
     235    300.66051287
     236    303.22543969
     237    305.80125579
     238    308.38796678
     239    310.98556699
     240    313.59406218
     241    316.21344654
     242    318.84372598
     243    321.48489453
     244    324.13695825
     245    326.79991102
     246    329.47375906
     247    332.15849610
     248    334.85412850
     249    337.56064983
     250    340.27806662
     251    343.00637229
     252    345.74557352
     253    348.49566355
     254    351.25664926
     255    354.02852370
     256    356.81129393
     257    359.60495281
     258    362.40950759
     259    365.22495096
     260    368.05129033
     261    370.88851822
     262    373.73664222
     263    376.59565466
     264    379.46556334
     265    382.34636038
     266    385.23805377
     267    388.14063544
     268    391.05411359
     269    393.97847993
     270    396.91374287
     271    399.85989392
     272    402.81694170
     273    405.78487749
     274    408.76371015
     275    411.75343073
     276    414.75404830
     277    417.76555370
     278    420.78795624
     279    423.82124650
     280    426.86543404
     281    429.92050920
     282    432.98648178
     283    436.06334188
     284    439.15109954
     285    442.24974462
     286    445.35928741
     287    448.47971750
     288    451.61104546
     289    454.75326061
     290    457.90637379
     291    461.07037402
     292    464.24527245
     293    467.43105782
     294    470.62774155
     295    473.83531209
     296    477.05378116
     297    480.28313690
     298    483.52339136
     299    486.77453235
     300    490.03657223
     301    493.30949851
     302    496.59332386
     303    499.88803546
     304    503.19364632
     305    506.51014329
     306    509.83753971
     307    513.17582207
     308    516.52500409
     309    519.88507189
     310    523.25603955
     311    526.63789282
     312    530.03064618
     313    533.43428496
     314    536.84882404
     315    540.27424838
     316    543.71057323
     317    547.15778315
     318    550.61589383
     319    554.08488937
     320    557.56478590
     321    561.05556710
     322    564.55724954
     323    568.06981643
     324    571.59328482
     325    575.12763744
     326    578.67289181
     327    582.22903020
     328    585.79607060
     329    589.37399478
     330    592.96282126
     331    596.56253128
     332    600.17314387
     333    603.79463975
     334    607.42703850
     335    611.07032028
     336    614.72450523
     337    618.38957294
     338    622.06554413
     339    625.75239779
     340    629.45015526
     341    633.15879491
     342    636.87833871
     343    640.60876437
     344    644.35009453
     345    648.10230624
     346    651.86542280
     347    655.63942058
     348    659.42432357
     349    663.22010745
     350    667.02679692
     351    670.84436692
     352    674.67284290
     353    678.51219904
     354    682.36246158
     355    686.22360388
     356    690.09565300
     357    693.97858148
     358    697.87241723
     359    701.77713191
     360    705.69275431
     361    709.61925520
     362    713.55666429
     363    717.50495141
     364    721.46414722
     365    725.43422058
     366    729.41520314
     367    733.40706274
     368    737.40983208
     369    741.42347793
     370    745.44803408
     371    749.48346619
     372    753.52980917
     373    757.58702754
     374    761.65515738
     375    765.73416200
     376    769.82407872
     377    773.92486959
     378    778.03657320
     379    782.15915031
     380    786.29264085
     381    790.43700418
     382    794.59228165
     383    798.75843119
     384    802.93549561
     385    807.12343134
     386    811.32228272
     387    815.53200460
     388    819.75264296
     389    823.98415097
     390    828.22657630
     391    832.47987039
     392    836.74408271
     393    841.01916284
     394    845.30516214
     395    849.60202827
     396    853.90981454
     397    858.22846661
     398    862.55803985
     399    866.89847778
     400    871.24983799
     401    875.61206172
     402    879.98520887
     403    884.36921832
     404    888.76415239
     405    893.16994747
     406    897.58666844
     407    902.01424904
     408    906.45275688
     409    910.90212289
     410    915.36241758
     411    919.83356887
     412    924.31565035
     413    928.80858680
     414    933.31245503
     415    937.82717648
     416    942.35283140
     417    946.88933768
     418    951.43677924
     419    955.99507018
     420    960.56429831
     421    965.14437369
     422    969.73538831
     423    974.33724793
     424    978.95004896
     425    983.57369256
     426    988.20827990
     427    992.85370723
     428    997.51008079
     429   1002.17729155
     430   1006.85545121
     431   1011.54444508
     432   1016.24439072
     433   1020.95516735
     434   1025.67689883
     435   1030.40945784
     436   1035.15297502
     437   1039.90731598
     438   1044.67261869
     439   1049.44874116
     440   1054.23582924
     441   1059.03373268
     442   1063.84260592
     443   1068.66228980
     444   1073.49294802
     445   1078.33441169
     446   1083.18685463
     447   1088.05009747
     448   1092.92432492
     449   1097.80934614
     450   1102.70535777
     451   1107.61215663
     452   1112.52995221
     453   1117.45852772
     454   1122.39810681
     455   1127.34845817
     456   1132.30982050
     457   1137.28194648
     458   1142.26509139
     459   1147.25899115
     460   1152.26391832
     461   1157.27959038
     462   1162.30629873
     463   1167.34374241
     464   1172.39223143
     465   1177.45144505
     466   1182.52171282
     467   1187.60269628
     468   1192.69474176
     469   1197.79749349
     470   1202.91131292
     471   1208.03583449
     472   1213.17142542
     473   1218.31771630
     474   1223.47507089
     475   1228.64313692
     476   1233.82224892
     477   1239.01209330
     478   1244.21294574
     479   1249.42458448
     480   1254.64716154
     481   1259.88060841
     482   1265.12487259
     483   1270.38016708
     484   1275.64607942
     485   1280.92326201
     486   1286.21074040
     487   1291.50990157
     488   1296.81885481
     489   1302.14009572
     490   1307.47035265
     491   1312.81386141
     492   1318.16522956
     493   1323.53121960
     494   1328.90339216
     495   1334.29217212
     496   1339.68484605
     497   1345.09670491
     498   1350.50961302
     499   1355.94460707
     500   1361.37786862
     501   1366.83544711
     502   1372.29061985
     503   1377.76775073
     504   1383.24900287
     505   1388.73906273
     506   1394.25799760
     507   1399.74479428
     508   1405.31752888
     509   1410.78358308
     510   1416.43339687
     511   1421.86824361
     512   1427.58730136
 ---------------------------------------
 
SCF converged! Final Ground-State Energy (Eh):              -3.2219422056009286
