 
     Two-Electron DVR    
 ------------------------
 x0     =      15.00000000
 m      =       1.00000000
 Z      =       2.00000000
 n      =              512
 dx     =       0.05870841
 
Soft-Coulomb Parameters:
 alpha  =       1.00000000
 beta   =       1.00000000
 
 
                       Hartree-Fock                      
 --------------------------------------------------------
 no. of orbitals        =              512
 no. of electrons       =                2
 scf_damping_switch     =        F
 scf_diis_switch        =        F
 damping_factor         =   0.00000000
 e_tolerance            = 0.0000000000100000
 maximum scf-iterations =              200
 
 
                       SCF iterations                      
 ----------------------------------------------------------
    S.No    Energy (hartree)        dE (hartree)
 ----------------------------------------------------------
       0     -2.966871954641
       1     -2.207828310556      0.759043644085
       2     -2.223012557784      0.015184247228
       3     -2.224122559574      0.001110001791
       4     -2.224203109643      0.000080550069
       5     -2.224209066541      0.000005956898
       6     -2.224209515769      0.000000449228
       7     -2.224209550132      0.000000034364
       8     -2.224209552785      0.000000002653
       9     -2.224209552991      0.000000000206
      10     -2.224209553007      0.000000000016
      11     -2.224209553008      0.000000000001
 ----------------------------------------------------------
  
 
 
 ---------------------------------------
     Molecular Orbital Energies (Eh)    
 ---------------------------------------
       1     -0.75024846
       2      0.02781022
       3      0.03242384
       4      0.09130799
       5      0.11567464
       6      0.19101560
       7      0.24592783
       8      0.33735904
       9      0.42161125
      10      0.53159421
      11      0.64175245
      12      0.77173009
      13      0.90573670
      14      1.05636501
      15      1.21320294
      16      1.38479211
      17      1.56396844
      18      1.75669947
      19      1.95796561
      20      2.17197148
      21      2.39519319
      22      2.63058313
      23      2.87568277
      24      3.13254766
      25      3.39947832
      26      3.67789197
      27      3.96662500
      28      4.26664556
      29      4.57716387
      30      4.89883601
      31      5.23112993
      32      5.57448733
      33      5.92855199
      34      6.29361972
      35      6.66945322
      36      7.05624980
      37      7.45385201
      38      7.86239106
      39      8.28176284
      40      8.71205440
      41      9.15319707
      42      9.60524854
      43     10.06816361
      44     10.54198047
      45     11.02666940
      46     11.52225571
      47     12.02871989
      48     12.54607870
      49     13.07431934
      50     13.61345294
      51     14.16347109
      52     14.72438121
      53     15.29617776
      54     15.87886573
      55     16.47244142
      56     17.07690823
      57     17.69226369
      58     18.31851012
      59     18.95564584
      60     19.60367249
      61     20.26258890
      62     20.93239623
      63     21.61309365
      64     22.30468204
      65     23.00716074
      66     23.72053047
      67     24.44479068
      68     25.17994196
      69     25.92598385
      70     26.68291687
      71     27.45074059
      72     28.22945548
      73     29.01906115
      74     29.81955803
      75     30.63094574
      76     31.45322470
      77     32.28639452
      78     33.13045564
      79     33.98540764
      80     34.85125098
      81     35.72798521
      82     36.61561081
      83     37.51412732
      84     38.42353522
      85     39.34383405
      86     40.27502429
      87     41.21710546
      88     42.17007808
      89     43.13394162
      90     44.10869664
      91     45.09434258
      92     46.09088001
      93     47.09830837
      94     48.11662825
      95     49.14583905
      96     50.18594139
      97     51.23693465
      98     52.29881947
      99     53.37159520
     100     54.45526252
     101     55.54982074
     102     56.65527058
     103     57.77161131
     104     58.89884368
     105     60.03696693
     106     61.18598184
     107     62.34588763
     108     63.51668511
     109     64.69837346
     110     65.89095351
     111     67.09442443
     112     68.30878707
     113     69.53404058
     114     70.77018583
     115     72.01722194
     116     73.27514982
     117     74.54396854
     118     75.82367907
     119     77.11428042
     120     78.41577360
     121     79.72815760
     122     81.05143346
     123     82.38560013
     124     83.73065868
     125     85.08660803
     126     86.45344929
     127     87.83118134
     128     89.21980533
     129     90.61932009
     130     92.02972683
     131     93.45102433
     132     94.88321383
     133     96.32629407
     134     97.78026636
     135     99.24512937
     136    100.72088446
     137    102.20753026
     138    103.70506817
     139    105.21349678
     140    106.73281753
     141    108.26302897
     142    109.80413257
     143    111.35612686
     144    112.91901334
     145    114.49279049
     146    116.07745988
     147    117.67301991
     148    119.27947222
     149    120.89681516
     150    122.52505041
     151    124.16417628
     152    125.81419450
     153    127.47510331
     154    129.14690451
     155    130.82959630
     156    132.52318050
     157    134.22765528
     158    135.94302252
     159    137.66928031
     160    139.40643060
     161    141.15447142
     162    142.91340479
     163    144.68322867
     164    146.46394514
     165    148.25555210
     166    150.05805169
     167    151.87144176
     168    153.69572450
     169    155.53089769
     170    157.37696360
     171    159.23391994
     172    161.10176905
     173    162.98050857
     174    164.87014090
     175    166.77066362
     176    168.68207920
     177    170.60438514
     178    172.53758400
     179    174.48167319
     180    176.43665534
     181    178.40252781
     182    180.37929329
     183    182.36694906
     184    184.36549788
     185    186.37493698
     186    188.39526919
     187    190.42649164
     188    192.46860725
     189    194.52161308
     190    196.58551213
     191    198.66030137
     192    200.74598388
     193    202.84255655
     194    204.95002256
     195    207.06837869
     196    209.19762821
     197    211.33776783
     198    213.48880091
     199    215.65072405
     200    217.82354070
     201    220.00724738
     202    222.20184764
     203    224.40733790
     204    226.62372179
     205    228.85099566
     206    231.08916322
     207    233.33822072
     208    235.59817198
     209    237.86901315
     210    240.15074814
     211    242.44337299
     212    244.74689174
     213    247.06130032
     214    249.38660287
     215    251.72279520
     216    254.06988157
     217    256.42785769
     218    258.79672791
     219    261.17648785
     220    263.56714196
     221    265.96868574
     222    268.38112378
     223    270.80445144
     224    273.23867343
     225    275.68378500
     226    278.13979098
     227    280.60668650
     228    283.08447650
     229    285.57315599
     230    288.07273005
     231    290.58319355
     232    293.10455170
     233    295.63679925
     234    298.17994152
     235    300.73397314
     236    303.29889958
     237    305.87471531
     238    308.46142594
     239    311.05902581
     240    313.66752068
     241    316.28690473
     242    318.91718387
     243    321.55835212
     244    324.21041557
     245    326.87336807
     246    329.54721585
     247    332.23195264
     248    334.92758480
     249    337.63410590
     250    340.35152248
     251    343.07982793
     252    345.81902896
     253    348.56911880
     254    351.33010433
     255    354.10197859
     256    356.88474864
     257    359.67840736
     258    362.48296198
     259    365.29840520
     260    368.12474443
     261    370.96197218
     262    373.81009605
     263    376.66910837
     264    379.53901692
     265    382.41981384
     266    385.31150713
     267    388.21408869
     268    391.12756673
     269    394.05193298
     270    396.98719583
     271    399.93334679
     272    402.89039448
     273    405.85833019
     274    408.83716277
     275    411.82688328
     276    414.82750078
     277    417.83900612
     278    420.86140859
     279    423.89469879
     280    426.93888627
     281    429.99396138
     282    433.05993390
     283    436.13679396
     284    439.22455157
     285    442.32319661
     286    445.43273936
     287    448.55316941
     288    451.68449734
     289    454.82671245
     290    457.97982559
     291    461.14382580
     292    464.31872420
     293    467.50450954
     294    470.70119324
     295    473.90876376
     296    477.12723280
     297    480.35658853
     298    483.59684296
     299    486.84798394
     300    490.11002380
     301    493.38295006
     302    496.66677540
     303    499.96148699
     304    503.26709784
     305    506.58359479
     306    509.91099121
     307    513.24927356
     308    516.59845558
     309    519.95852337
     310    523.32949103
     311    526.71134429
     312    530.10409764
     313    533.50773643
     314    536.92227551
     315    540.34769984
     316    543.78402470
     317    547.23123461
     318    550.68934529
     319    554.15834083
     320    557.63823737
     321    561.12901857
     322    564.63070101
     323    568.14326791
     324    571.66673630
     325    575.20108892
     326    578.74634330
     327    582.30248169
     328    585.86952210
     329    589.44744629
     330    593.03627278
     331    596.63598280
     332    600.24659540
     333    603.86809129
     334    607.50049005
     335    611.14377184
     336    614.79795680
     337    618.46302451
     338    622.13899571
     339    625.82584938
     340    629.52360687
     341    633.23224653
     342    636.95179033
     343    640.68221601
     344    644.42354618
     345    648.17575790
     346    651.93887446
     347    655.71287226
     348    659.49777526
     349    663.29355915
     350    667.10024864
     351    670.91781864
     352    674.74629464
     353    678.58565079
     354    682.43591334
     355    686.29705565
     356    690.16910479
     357    694.05203328
     358    697.94586904
     359    701.85058373
     360    705.76620615
     361    709.69270705
     362    713.63011615
     363    717.57840329
     364    721.53759911
     365    725.50767248
     366    729.48865505
     367    733.48051467
     368    737.48328402
     369    741.49692989
     370    745.52148605
     371    749.55691817
     372    753.60326116
     373    757.66047955
     374    761.72860940
     375    765.80761403
     376    769.89753076
     377    773.99832164
     378    778.11002527
     379    782.23260240
     380    786.36609294
     381    790.51045629
     382    794.66573377
     383    798.83188333
     384    803.00894776
     385    807.19688350
     386    811.39573490
     387    815.60545679
     388    819.82609516
     389    824.05760318
     390    828.30002852
     391    832.55332263
     392    836.81753496
     393    841.09261510
     394    845.37861441
     395    849.67548055
     396    853.98326684
     397    858.30191891
     398    862.63149217
     399    866.97193012
     400    871.32329033
     401    875.68551408
     402    880.05866124
     403    884.44267070
     404    888.83760478
     405    893.24339987
     406    897.66012085
     407    902.08770146
     408    906.52620932
     409    910.97557534
     410    915.43587003
     411    919.90702134
     412    924.38910283
     413    928.88203929
     414    933.38590753
     415    937.90062899
     416    942.42628392
     417    946.96279022
     418    951.51023179
     419    956.06852273
     420    960.63775087
     421    965.21782626
     422    969.80884089
     423    974.41070052
     424    979.02350156
     425    983.64714517
     426    988.28173252
     427    992.92715986
     428    997.58353343
     429   1002.25074419
     430   1006.92890386
     431   1011.61789774
     432   1016.31784339
     433   1021.02862002
     434   1025.75035151
     435   1030.48291053
     436   1035.22642772
     437   1039.98076869
     438   1044.74607141
     439   1049.52219388
     440   1054.30928197
     441   1059.10718541
     442   1063.91605867
     443   1068.73574253
     444   1073.56640078
     445   1078.40786444
     446   1083.26030741
     447   1088.12355022
     448   1092.99777772
     449   1097.88279888
     450   1102.77881060
     451   1107.68560936
     452   1112.60340506
     453   1117.53198043
     454   1122.47155972
     455   1127.42191083
     456   1132.38327345
     457   1137.35539908
     458   1142.33854445
     459   1147.33244365
     460   1152.33737147
     461   1157.35304272
     462   1162.37975214
     463   1167.41719450
     464   1172.46568508
     465   1177.52489676
     466   1182.59516701
     467   1187.67614739
     468   1192.76819658
     469   1197.87094370
     470   1202.98476895
     471   1208.10928333
     472   1213.24488299
     473   1218.39116305
     474   1223.54853113
     475   1228.71658053
     476   1233.89571287
     477   1239.08553215
     478   1244.28641544
     479   1249.49801644
     480   1254.72063973
     481   1259.95403002
     482   1265.19836248
     483   1270.45357454
     484   1275.71958725
     485   1280.99664910
     486   1286.28426857
     487   1291.58326439
     488   1296.89241444
     489   1302.21342848
     490   1307.54393060
     491   1312.88717585
     492   1318.23883161
     493   1323.60454087
     494   1328.97691435
     495   1334.36561485
     496   1339.75820630
     497   1345.17049404
     498   1350.58227574
     499   1356.01936817
     500   1361.44923247
     501   1366.91238523
     502   1372.35832596
     503   1377.84961928
     504   1383.31037319
     505   1388.83055030
     506   1394.30520793
     507   1399.85306960
     508   1405.34754813
     509   1410.91235404
     510   1416.44231046
     511   1421.99361005
     512   1427.64321207
 ---------------------------------------
 
SCF converged! Final Ground-State Energy (Eh):              -2.2242095530083965
