 
     Two-Electron DVR    
 ------------------------
 x0     =      15.00000000
 m      =       1.00000000
 Z      =       6.00000000
 n      =             1024
 dx     =       0.02932551
 
Soft-Coulomb Parameters:
 alpha  =       0.10000000
 beta   =       0.10000000
 
 
                       Hartree-Fock                      
 --------------------------------------------------------
 no. of orbitals        =             1024
 no. of electrons       =                2
 scf_damping_switch     =        F
 scf_diis_switch        =        F
 damping_factor         =   0.00000000
 e_tolerance            = 0.0000000000100000
 maximum scf-iterations =              200
 
 
                       SCF iterations                      
 ----------------------------------------------------------
    S.No    Energy (hartree)        dE (hartree)
 ----------------------------------------------------------
       0    -27.953493991553
       1    -25.568250930940      2.385243060613
       2    -25.583942959860      0.015692028920
       3    -25.584101043605      0.000158083745
       4    -25.584102649330      0.000001605725
       5    -25.584102665806      0.000000016476
       6    -25.584102665975      0.000000000169
       7    -25.584102665977      0.000000000002
 ----------------------------------------------------------
  
 
 
 ---------------------------------------
     Molecular Orbital Energies (Eh)    
 ---------------------------------------
       1    -11.61562648
       2     -4.08282616
       3     -2.23161453
       4     -1.40864830
       5     -0.96736209
       6     -0.70295403
       7     -0.53446122
       8     -0.41872957
       9     -0.33410641
      10     -0.25865636
      11     -0.17734630
      12     -0.08117951
      13      0.02874203
      14      0.15405592
      15      0.29146735
      16      0.44357019
      17      0.60656564
      18      0.78404089
      19      0.97153375
      20      1.17353296
      21      1.38484772
      22      1.61080805
      23      1.84549521
      24      2.09501322
      25      2.35276075
      26      2.62553013
      27      2.90611552
      28      3.20189369
      29      3.50515524
      30      3.82374438
      31      4.14956273
      32      4.49079831
      33      4.83908394
      34      5.20282762
      35      5.57351208
      36      5.95964686
      37      6.35267664
      38      6.76110347
      39      7.17643556
      40      7.60707071
      41      8.04466953
      42      8.49744250
      43      8.95727765
      44      9.43212938
      45      9.91417414
      46     10.41105549
      47     10.91528578
      48     11.43415614
      49     11.96054980
      50     12.50137590
      51     13.04991224
      52     13.61266706
      53     14.18332659
      54     14.76798844
      55     15.36075267
      56     15.96730431
      57     16.58215567
      58     17.21058361
      59     17.84750538
      60     18.49779924
      61     19.15677556
      62     19.82892749
      63     20.50994334
      64     21.20394759
      65     21.90698875
      66     22.62284124
      67     23.34789434
      68     24.08559235
      69     24.83264484
      70     25.59218668
      71     26.36122683
      72     27.14261167
      73     27.93362852
      74     28.73685615
      75     29.54983952
      76     30.37491021
      77     31.20985068
      78     32.05676503
      79     32.91365389
      80     33.78241275
      81     34.66124197
      82     35.55184635
      83     36.45260854
      84     37.36505956
      85     38.28774794
      86     39.22204673
      87     40.16665512
      88     41.12280284
      89     42.08932556
      90     43.06732334
      91     44.05575522
      92     45.05560416
      93     46.06594048
      94     47.08764161
      95     48.11987810
      96     49.16343237
      97     50.21756513
      98     51.28297344
      99     52.35899894
     100     53.44626210
     101     54.54417713
     102     55.65329589
     103     56.77309755
     104     57.90407258
     105     59.04575823
     106     60.19859011
     107     61.36215738
     108     62.53684665
     109     63.72229339
     110     64.91884050
     111     66.12616475
     112     67.34457012
     113     68.57377013
     114     69.81403410
     115     71.06510828
     116     72.32723115
     117     73.60017806
     118     74.88416007
     119     76.17897841
     120     77.48481979
     121     78.80150839
     122     80.12920931
     123     81.46776709
     124     82.81732769
     125     84.17775371
     126     85.54917410
     127     86.93146748
     128     88.32474775
     129     89.72890770
     130     91.14404791
     131     92.57007372
     132     94.00707391
     133     95.45496493
     134     96.91382513
     135     98.38358079
     136     99.86430100
     137    101.35592075
     138    102.85850098
     139    104.37198433
     140    105.89642457
     141    107.43177109
     142    108.97807130
     143    110.53528059
     144    112.10344074
     145    113.68251244
     146    115.27253250
     147    116.87346626
     148    118.48534618
     149    120.10814172
     150    121.74188145
     151    123.38653847
     152    125.04213796
     153    126.70865621
     154    128.38611541
     155    130.07449466
     156    131.77381352
     157    133.48405355
     158    135.20523199
     159    136.93733261
     160    138.68037059
     161    140.43433161
     162    142.19922906
     163    143.97505032
     164    145.76180719
     165    147.55948853
     166    149.36810475
     167    151.18764603
     168    153.01812155
     169    154.85952264
     170    156.71185740
     171    158.57511817
     172    160.44931211
     173    162.33443246
     174    164.23048552
     175    166.13746533
     176    168.05537747
     177    169.98421664
     178    171.92398780
     179    173.87468625
     180    175.83631637
     181    177.80887401
     182    179.79236305
     183    181.78677979
     184    183.79212770
     185    185.80840348
     186    187.83561021
     187    189.87374495
     188    191.92281045
     189    193.98280410
     190    196.05372833
     191    198.13558081
     192    200.22836372
     193    202.33207498
     194    204.44671655
     195    206.57228653
     196    208.70878670
     197    210.85621535
     198    213.01457409
     199    215.18386137
     200    217.36407864
     201    219.55522450
     202    221.75730026
     203    223.97030466
     204    226.19423889
     205    228.42910177
     206    230.67489443
     207    232.93161578
     208    235.19926684
     209    237.47784660
     210    239.76735603
     211    242.06779418
     212    244.37916195
     213    246.70145845
     214    249.03468453
     215    251.37883936
     216    253.73392372
     217    256.09993684
     218    258.47687947
     219    260.86475086
     220    263.26355172
     221    265.67328135
     222    268.09394043
     223    270.52552827
     224    272.96804554
     225    275.42149157
     226    277.88586701
     227    280.36117121
     228    282.84740480
     229    285.34456715
     230    287.85265887
     231    290.37167935
     232    292.90162919
     233    295.44250777
     234    297.99431570
     235    300.55705238
     236    303.13071839
     237    305.71531314
     238    308.31083721
     239    310.91729001
     240    313.53467214
     241    316.16298298
     242    318.80222314
     243    321.45239201
     244    324.11349019
     245    326.78551707
     246    329.46847326
     247    332.16235814
     248    334.86717232
     249    337.58291519
     250    340.30958736
     251    343.04718820
     252    345.79571834
     253    348.55517715
     254    351.32556525
     255    354.10688201
     256    356.89912806
     257    359.70230277
     258    362.51640676
     259    365.34143940
     260    368.17740132
     261    371.02429189
     262    373.88211174
     263    376.75086022
     264    379.63053799
     265    382.52114438
     266    385.42268006
     267    388.33514435
     268    391.25853793
     269    394.19286012
     270    397.13811159
     271    400.09429167
     272    403.06140104
     273    406.03943899
     274    409.02840624
     275    412.02830208
     276    415.03912721
     277    418.06088091
     278    421.09356392
     279    424.13717549
     280    427.19171636
     281    430.25718580
     282    433.33358454
     283    436.42091183
     284    439.51916843
     285    442.62835357
     286    445.74846803
     287    448.87951103
     288    452.02148334
     289    455.17438418
     290    458.33821435
     291    461.51297303
     292    464.69866105
     293    467.89527757
     294    471.10282343
     295    474.32129780
     296    477.55070151
     297    480.79103371
     298    484.04229526
     299    487.30448530
     300    490.57760469
     301    493.86165257
     302    497.15662980
     303    500.46253550
     304    503.77937057
     305    507.10713411
     306    510.44582702
     307    513.79544839
     308    517.15599913
     309    520.52747834
     310    523.90988692
     311    527.30322395
     312    530.70749037
     313    534.12268523
     314    537.54880949
     315    540.98586218
     316    544.43384428
     317    547.89275480
     318    551.36259473
     319    554.84336309
     320    558.33506086
     321    561.83768704
     322    565.35124266
     323    568.87572668
     324    572.41114013
     325    575.95748198
     326    579.51475328
     327    583.08295296
     328    586.66208210
     329    590.25213963
     330    593.85312661
     331    597.46504198
     332    601.08788681
     333    604.72166001
     334    608.36636269
     335    612.02199374
     336    615.68855427
     337    619.36604316
     338    623.05446154
     339    626.75380828
     340    630.46408452
     341    634.18528910
     342    637.91742320
     343    641.66048563
     344    645.41447760
     345    649.17939788
     346    652.95524771
     347    656.74202585
     348    660.53973354
     349    664.34836955
     350    668.16793511
     351    671.99842898
     352    675.83985241
     353    679.69220414
     354    683.55548545
     355    687.42969505
     356    691.31483424
     357    695.21090172
     358    699.11789879
     359    703.03582414
     360    706.96467910
     361    710.90446233
     362    714.85517519
     363    718.81681630
     364    722.78938705
     365    726.77288605
     366    730.76731469
     367    734.77267159
     368    738.78895814
     369    742.81617292
     370    746.85431738
     371    750.90339007
     372    754.96339244
     373    759.03432303
     374    763.11618331
     375    767.20897181
     376    771.31269002
     377    775.42733643
     378    779.55291257
     379    783.68941690
     380    787.83685096
     381    791.99521321
     382    796.16450521
     383    800.34472539
     384    804.53587533
     385    808.73795344
     386    812.95096133
     387    817.17489738
     388    821.40976321
     389    825.65555720
     390    829.91228099
     391    834.17993293
     392    838.45851468
     393    842.74802457
     394    847.04846429
     395    851.35983214
     396    855.68212983
     397    860.01535564
     398    864.35951131
     399    868.71459509
     400    873.08060874
     401    877.45755050
     402    881.84542214
     403    886.24422187
     404    890.65395151
     405    895.07460923
     406    899.50619687
     407    903.94871258
     408    908.40215822
     409    912.86653193
     410    917.34183559
     411    921.82806730
     412    926.32522898
     413    930.83331870
     414    935.35233840
     415    939.88228614
     416    944.42316387
     417    948.97496964
     418    953.53770540
     419    958.11136919
     420    962.69596301
     421    967.29148483
     422    971.89793670
     423    976.51531656
     424    981.14362648
     425    985.78286440
     426    990.43303238
     427    995.09412835
     428    999.76615441
     429   1004.44910843
     430   1009.14299257
     431   1013.84780466
     432   1018.56354688
     433   1023.29021705
     434   1028.02781736
     435   1032.77634561
     436   1037.53580401
     437   1042.30619035
     438   1047.08750686
     439   1051.87975129
     440   1056.68292592
     441   1061.49702845
     442   1066.32206120
     443   1071.15802184
     444   1076.00491271
     445   1080.86273147
     446   1085.73148047
     447   1090.61115735
     448   1095.50176450
     449   1100.40329951
     450   1105.31576481
     451   1110.23915795
     452   1115.17348141
     453   1120.11873269
     454   1125.07491431
     455   1130.04202375
     456   1135.02006354
     457   1140.00903114
     458   1145.00892911
     459   1150.01975488
     460   1155.04151104
     461   1160.07419498
     462   1165.11780933
     463   1170.17235145
     464   1175.23782400
     465   1180.31422432
     466   1185.40155508
     467   1190.49981359
     468   1195.60900257
     469   1200.72911929
     470   1205.86016649
     471   1211.00214142
     472   1216.15504686
     473   1221.31888001
     474   1226.49364370
     475   1231.67933507
     476   1236.87595701
     477   1242.08350662
     478   1247.30198681
     479   1252.53139467
     480   1257.77173313
     481   1263.02299924
     482   1268.28519598
     483   1273.55832035
     484   1278.84237537
     485   1284.13735801
     486   1289.44327132
     487   1294.76011224
     488   1300.08788385
     489   1305.42658305
     490   1310.77621297
     491   1316.13677046
     492   1321.50825870
     493   1326.89067450
     494   1332.28402106
     495   1337.68829517
     496   1343.10350007
     497   1348.52963250
     498   1353.96669574
     499   1359.41468649
     500   1364.87360809
     501   1370.34345717
     502   1375.82423713
     503   1381.31594456
     504   1386.81858289
     505   1392.33214867
     506   1397.85664537
     507   1403.39206952
     508   1408.93842461
     509   1414.49570712
     510   1420.06392061
     511   1425.64306151
     512   1431.23313340
     513   1436.83413268
     514   1442.44606299
     515   1448.06892066
     516   1453.70270940
     517   1459.34742548
     518   1465.00307264
     519   1470.66964714
     520   1476.34715274
     521   1482.03558566
     522   1487.73494972
     523   1493.44524107
     524   1499.16646358
     525   1504.89861337
     526   1510.64169436
     527   1516.39570260
     528   1522.16064207
     529   1527.93650876
     530   1533.72330672
     531   1539.52103188
     532   1545.32968833
     533   1551.14927197
     534   1556.97978693
     535   1562.82122906
     536   1568.67360254
     537   1574.53690316
     538   1580.41113516
     539   1586.29629428
     540   1592.19238482
     541   1598.09940246
     542   1604.01735154
     543   1609.94622770
     544   1615.88603534
     545   1621.83677003
     546   1627.79843623
     547   1633.77102947
     548   1639.75455424
     549   1645.74900603
     550   1651.75438939
     551   1657.77069973
     552   1663.79794168
     553   1669.83611059
     554   1675.88521115
     555   1681.94523864
     556   1688.01619781
     557   1694.09808389
     558   1700.19090169
     559   1706.29464636
     560   1712.40932279
     561   1718.53492607
     562   1724.67146114
     563   1730.81892303
     564   1736.97731676
     565   1743.14663728
     566   1749.32688967
     567   1755.51806882
     568   1761.72017988
     569   1767.93321768
     570   1774.15718742
     571   1780.39208388
     572   1786.63791231
     573   1792.89466743
     574   1799.16235457
     575   1805.44096836
     576   1811.73051421
     577   1818.03098669
     578   1824.34239126
     579   1830.66472243
     580   1836.99798573
     581   1843.34217560
     582   1849.69729765
     583   1856.06334623
     584   1862.44032703
     585   1868.82823434
     586   1875.22707390
     587   1881.63683993
     588   1888.05753827
     589   1894.48916305
     590   1900.93172017
     591   1907.38520369
     592   1913.84961961
     593   1920.32496190
     594   1926.81123662
     595   1933.30843767
     596   1939.81657121
     597   1946.33563104
     598   1952.86562340
     599   1959.40654202
     600   1965.95839322
     601   1972.52117064
     602   1979.09488068
     603   1985.67951691
     604   1992.27508581
     605   1998.88158085
     606   2005.49900862
     607   2012.12736249
     608   2018.76664913
     609   2025.41686184
     610   2032.07800736
     611   2038.75007892
     612   2045.43308334
     613   2052.12701376
     614   2058.83187709
     615   2065.54766637
     616   2072.27438861
     617   2079.01203677
     618   2085.76061794
     619   2092.52012498
     620   2099.29056510
     621   2106.07193103
     622   2112.86423010
     623   2119.66745493
     624   2126.48161295
     625   2133.30669671
     626   2140.14271370
     627   2146.98965637
     628   2153.84753234
     629   2160.71633395
     630   2167.59606891
     631   2174.48672946
     632   2181.38832342
     633   2188.30084292
     634   2195.22429589
     635   2202.15867435
     636   2209.10398634
     637   2216.06022377
     638   2223.02739479
     639   2230.00549121
     640   2236.99452127
     641   2243.99447667
     642   2251.00536578
     643   2258.02718018
     644   2265.05992835
     645   2272.10360176
     646   2279.15820900
     647   2286.22374143
     648   2293.30020775
     649   2300.38759920
     650   2307.48592462
     651   2314.59517510
     652   2321.71535962
     653   2328.84646914
     654   2335.98851277
     655   2343.14148135
     656   2350.30538410
     657   2357.48021174
     658   2364.66597363
     659   2371.86266034
     660   2379.07028136
     661   2386.28882715
     662   2393.51830733
     663   2400.75871220
     664   2408.01005154
     665   2415.27231551
     666   2422.54551402
     667   2429.82963710
     668   2437.12469478
     669   2444.43067698
     670   2451.74759385
     671   2459.07543517
     672   2466.41421124
     673   2473.76391169
     674   2481.12454697
     675   2488.49610655
     676   2495.87860106
     677   2503.27201978
     678   2510.67637352
     679   2518.09165140
     680   2525.51786437
     681   2532.95500141
     682   2540.40307363
     683   2547.86206984
     684   2555.33200131
     685   2562.81285670
     686   2570.30464744
     687   2577.80736201
     688   2585.32101202
     689   2592.84558579
     690   2600.38109508
     691   2607.92752805
     692   2615.48489664
     693   2623.05318881
     694   2630.63241670
     695   2638.22256808
     696   2645.82365528
     697   2653.43566588
     698   2661.05861240
     699   2668.69248223
     700   2676.33728807
     701   2683.99301714
     702   2691.65968231
     703   2699.33727062
     704   2707.02579514
     705   2714.72524269
     706   2722.43562656
     707   2730.15693337
     708   2737.88917660
     709   2745.63234266
     710   2753.38644526
     711   2761.15147059
     712   2768.92743255
     713   2776.71431715
     714   2784.51213850
     715   2792.32088238
     716   2800.14056311
     717   2807.97116627
     718   2815.81270640
     719   2823.66516884
     720   2831.52856838
     721   2839.40289011
     722   2847.28814906
     723   2855.18433008
     724   2863.09144845
     725   2871.00948877
     726   2878.93846656
     727   2886.87836618
     728   2894.82920340
     729   2902.79096233
     730   2910.76365899
     731   2918.74727723
     732   2926.74183333
     733   2934.74731088
     734   2942.76372642
     735   2950.79106329
     736   2958.82933829
     737   2966.87853447
     738   2974.93866893
     739   2983.00972443
     740   2991.09171836
     741   2999.18463318
     742   3007.28848657
     743   3015.40326072
     744   3023.52897359
     745   3031.66560706
     746   3039.81317940
     747   3047.97167220
     748   3056.14110403
     749   3064.32145615
     750   3072.51274746
     751   3080.71495892
     752   3088.92810971
     753   3097.15218049
     754   3105.38719078
     755   3113.63312089
     756   3121.88999067
     757   3130.15778010
     758   3138.43650938
     759   3146.72615814
     760   3155.02674692
     761   3163.33825499
     762   3171.66070327
     763   3179.99407067
     764   3188.33837845
     765   3196.69360517
     766   3205.05977245
     767   3213.43685848
     768   3221.82488527
     769   3230.22383060
     770   3238.63371690
     771   3247.05452154
     772   3255.48626734
     773   3263.92893128
     774   3272.38253658
     775   3280.84705982
     776   3289.32252463
     777   3297.80890715
     778   3306.30623146
     779   3314.81447326
     780   3323.33365707
     781   3331.86375815
     782   3340.40480145
     783   3348.95676180
     784   3357.51966460
     785   3366.09348420
     786   3374.67824649
     787   3383.27392534
     788   3391.88054712
     789   3400.49808521
     790   3409.12656646
     791   3417.76596379
     792   3426.41630452
     793   3435.07756106
     794   3443.74976125
     795   3452.43287700
     796   3461.12693666
     797   3469.83191160
     798   3478.54783071
     799   3487.27466483
     800   3496.01244338
     801   3504.76113668
     802   3513.52077466
     803   3522.29132711
     804   3531.07282451
     805   3539.86523609
     806   3548.66859291
     807   3557.48286362
     808   3566.30807983
     809   3575.14420964
     810   3583.99128524
     811   3592.84927414
     812   3601.71820911
     813   3610.59805707
     814   3619.48885138
     815   3628.39055841
     816   3637.30321206
     817   3646.22677810
     818   3655.16129106
     819   3664.10671613
     820   3673.06308838
     821   3682.03037243
     822   3691.00860395
     823   3699.99774698
     824   3708.99783774
     825   3718.00883971
     826   3727.03078968
     827   3736.06365059
     828   3745.10745975
     829   3754.16217955
     830   3763.22784786
     831   3772.30442656
     832   3781.39195398
     833   3790.49039153
     834   3799.59977802
     835   3808.72007443
     836   3817.85131997
     837   3826.99347518
     838   3836.14657968
     839   3845.31059372
     840   3854.48555717
     841   3863.67142998
     842   3872.86825228
     843   3882.07598388
     844   3891.29466502
     845   3900.52425535
     846   3909.76479521
     847   3919.01624432
     848   3928.27864287
     849   3937.55195069
     850   3946.83620779
     851   3956.13137438
     852   3965.43749000
     853   3974.75451530
     854   3984.08248927
     855   3993.42137336
     856   4002.77120564
     857   4012.13194845
     858   4021.50363882
     859   4030.88624048
     860   4040.27978890
     861   4049.68424934
     862   4059.09965553
     863   4068.52597491
     864   4077.96323881
     865   4087.41141708
     866   4096.87053837
     867   4106.34057573
     868   4115.82155432
     869   4125.31345074
     870   4134.81628621
     871   4144.33004198
     872   4153.85473421
     873   4163.39034930
     874   4172.93689779
     875   4182.49437259
     876   4192.06277717
     877   4201.64211169
     878   4211.23237172
     879   4220.83356646
     880   4230.44568171
     881   4240.06873674
     882   4249.70270640
     883   4259.34762239
     884   4269.00344615
     885   4278.67022323
     886   4288.34790006
     887   4298.03653912
     888   4307.73606861
     889   4317.44656988
     890   4327.16795071
     891   4336.90031536
     892   4346.64354695
     893   4356.39777535
     894   4366.16285604
     895   4375.93894974
     896   4385.72587873
     897   4395.52383831
     898   4405.33261345
     899   4415.15244093
     900   4424.98306114
     901   4434.82475738
     902   4444.67721991
     903   4454.54078757
     904   4464.41509093
     905   4474.30053126
     906   4484.19667190
     907   4494.10398840
     908   4504.02196430
     909   4513.95115876
     910   4523.89096530
     911   4533.84204232
     912   4543.80367677
     913   4553.77663887
     914   4563.76009521
     915   4573.75494846
     916   4583.76022298
     917   4593.77697090
     918   4603.80405577
     919   4613.84270635
     920   4623.89159652
     921   4633.95215466
     922   4644.02283989
     923   4654.10531613
     924   4664.19778957
     925   4674.30219068
     926   4684.41643891
     927   4694.54277881
     928   4704.67879255
     929   4714.82708055
     930   4724.98484214
     931   4735.15509665
     932   4745.33459354
     933   4755.52682733
     934   4765.72803625
     935   4775.94227371
     936   4786.16517764
     937   4796.40143622
     938   4806.64600445
     939   4816.90431652
     940   4827.17052599
     941   4837.45091537
     942   4847.73872543
     943   4858.04123511
     944   4868.35061455
     945   4878.67527700
     946   4889.00617187
     947   4899.35304431
     948   4909.70541236
     949   4920.07453899
     950   4930.44830848
     951   4940.83976560
     952   4951.23487935
     953   4961.64872703
     954   4972.06508943
     955   4982.50142957
     956   4992.93896324
     957   5003.39787742
     958   5013.85645472
     959   5024.33807924
     960   5034.81759553
     961   5045.32204102
     962   5055.82232554
     963   5066.34977461
     964   5076.87068599
     965   5087.42128842
     966   5097.96259793
     967   5108.53659860
     968   5119.09811556
     969   5129.69571682
     970   5140.27713450
     971   5150.89866498
     972   5161.49972684
     973   5172.14545904
     974   5182.76575359
     975   5193.43612857
     976   5204.07531199
     977   5214.77069509
     978   5225.42821537
     979   5236.14919831
     980   5246.82459724
     981   5257.57166680
     982   5268.26420430
     983   5279.03815371
     984   5289.74722353
     985   5300.54869625
     986   5311.27330686
     987   5322.10336559
     988   5332.84272215
     989   5343.70220953
     990   5354.45498264
     991   5365.34532413
     992   5376.11048178
     993   5387.03277076
     994   5397.80852197
     995   5408.76468255
     996   5419.54969703
     997   5430.54114071
     998   5441.33297159
     999   5452.36234049
    1000   5463.15926995
    1001   5474.22839907
    1002   5485.02697818
    1003   5496.13963053
    1004   5506.93759281
    1005   5518.09623010
    1006   5528.88842444
    1007   5540.09876706
    1008   5550.88204261
    1009   5562.14762222
    1010   5572.91354581
    1011   5584.24397241
    1012   5594.98779877
    1013   5606.38866610
    1014   5617.09465984
    1015   5628.58455189
    1016   5639.24508673
    1017   5650.83381289
    1018   5661.41317809
    1019   5673.14550945
    1020   5683.63402343
    1021   5695.52688880
    1022   5705.80128603
    1023   5718.03754982
    1024   5728.33705940
 ---------------------------------------
 
SCF converged! Final Ground-State Energy (Eh):             -25.5841026659772055
