 
     Two-Electron DVR    
 ------------------------
 x0     =      15.00000000
 m      =       1.00000000
 Z      =       3.00000000
 n      =              512
 dx     =       0.05870841
 
Soft-Coulomb Parameters:
 alpha  =       0.10000000
 beta   =       1.00000000
 
 
                       Hartree-Fock                      
 --------------------------------------------------------
 no. of orbitals        =              512
 no. of electrons       =                2
 scf_damping_switch     =        F
 scf_diis_switch        =        F
 damping_factor         =   0.00000000
 e_tolerance            = 0.0000000000100000
 maximum scf-iterations =              200
 
 
                       SCF iterations                      
 ----------------------------------------------------------
    S.No    Energy (hartree)        dE (hartree)
 ----------------------------------------------------------
       0    -12.596227286459
       1    -11.680973993906      0.915253292553
       2    -11.681863795722      0.000889801816
       3    -11.681875385374      0.000011589652
       4    -11.681875538899      0.000000153525
       5    -11.681875540948      0.000000002049
       6    -11.681875540975      0.000000000028
       7    -11.681875540976      0.000000000000
 ----------------------------------------------------------
  
 
 
 ---------------------------------------
     Molecular Orbital Energies (Eh)    
 ---------------------------------------
       1     -5.38422575
       2     -1.07184507
       3     -0.34922634
       4     -0.16910696
       5     -0.09923690
       6     -0.05249517
       7     -0.00169030
       8      0.06363676
       9      0.14080324
      10      0.23273807
      11      0.33465020
      12      0.45172411
      13      0.57702489
      14      0.71855355
      15      0.86650244
      16      1.03203060
      17      1.20224328
      18      1.39137833
      19      1.58368365
      20      1.79606354
      21      2.01041137
      22      2.24570666
      23      2.48210937
      24      2.74002967
      25      2.99852648
      26      3.27882402
      27      3.55946049
      28      3.86193010
      29      4.16474722
      30      4.48922353
      31      4.81425264
      32      5.16060589
      33      5.50786715
      34      5.87599825
      35      6.24550090
      36      6.63533648
      37      7.02708016
      38      7.43856793
      39      7.85254433
      40      8.28564894
      41      8.72184352
      42      9.17654293
      43      9.63493658
      44     10.11121908
      45     10.59178950
      46     11.08965114
      47     11.59237406
      48     12.11181668
      49     12.63666681
      50     13.17769639
      51     13.72464819
      52     14.28727355
      53     14.85630180
      54     15.44053363
      55     16.03161386
      56     16.63746393
      57     17.25057276
      58     17.87805335
      59     18.51316863
      60     19.16229212
      61     19.81939309
      62     20.49017161
      63     21.16923897
      64     21.86168422
      65     22.56270012
      66     23.27682321
      67     23.99977122
      68     24.73558257
      69     25.48044768
      70     26.23795699
      71     27.00472550
      72     27.78394173
      73     28.57260119
      74     29.37353254
      75     30.18407169
      76     31.00672564
      77     31.83913429
      78     32.68351764
      79     33.53778661
      80     34.40390551
      81     35.28002656
      82     36.16788653
      83     37.06585223
      84     37.97545825
      85     38.89526196
      86     39.82661847
      87     40.76825425
      88     41.72136522
      89     42.68482773
      90     43.65969671
      91     44.64498121
      92     45.64161132
      93     46.64871358
      94     47.66710762
      95     48.69602385
      96     49.73618429
      97     50.78691112
      98     51.84884014
      99     52.92137457
     100     54.00507410
     101     55.09941346
     102     56.20488520
     103     57.32102712
     104     58.44827255
     105     59.58621492
     106     60.73523535
     107     61.89497629
     108     63.06577288
     109     64.24731073
     110     65.43988448
     111     66.64321775
     112     67.85756954
     113     69.08269692
     114     70.31882752
     115     71.56574785
     116     72.82365793
     117     74.09237016
     118     75.37206031
     119     76.66256351
     120     77.96403424
     121     79.27632761
     122     80.59957936
     123     81.93366217
     124     83.27869531
     125     84.63456691
     126     86.00138179
     127     87.37904162
     128     88.76763851
     129     90.16708605
     130     91.57746522
     131     92.99870001
     132     94.43086166
     133     95.87388332
     134     97.32782763
     135     98.79263580
     136    100.26836294
     137    101.75495729
     138    103.25246739
     139    104.76084765
     140    106.28014084
     141    107.81030676
     142    109.35138312
     143    110.90333448
     144    112.46619411
     145    114.03993071
     146    115.62457368
     147    117.22009535
     148    118.82652173
     149    120.44382831
     150    122.07203814
     151    123.71112951
     152    125.36112285
     153    127.02199887
     154    128.69377575
     155    130.37643633
     156    132.06999679
     157    133.77444182
     158    135.48978590
     159    137.21601530
     160    138.95314301
     161    140.70115672
     162    142.46006809
     163    144.22986603
     164    146.01056108
     165    147.80214321
     166    149.60462196
     167    151.41798822
     168    153.24225069
     169    155.07740104
     170    156.92344723
     171    158.78038165
     172    160.64821158
     173    162.52693003
     174    164.41654372
     175    166.31704616
     176    168.22844363
     177    170.15073005
     178    172.08391130
     179    174.02798168
     180    175.98294673
     181    177.94880107
     182    179.92554992
     183    181.91318820
     184    183.91172088
     185    185.92114308
     186    187.94145960
     187    189.97266573
     188    192.01476610
     189    194.06775615
     190    196.13164039
     191    198.20641437
     192    200.29208248
     193    202.38864039
     194    204.49609240
     195    206.61443423
     196    208.74367015
     197    210.88379593
     198    213.03481578
     199    215.19672550
     200    217.36952929
     201    219.55322296
     202    221.74781072
     203    223.95328836
     204    226.16966009
     205    228.39692171
     206    230.63507744
     207    232.88412306
     208    235.14406281
     209    237.41489243
     210    239.69661622
     211    241.98922986
     212    244.29273771
     213    246.60713539
     214    248.93242732
     215    251.26860906
     216    253.61568510
     217    255.97365091
     218    258.34251108
     219    260.72226099
     220    263.11290530
     221    265.51443933
     222    267.92686782
     223    270.35018599
     224    272.78439868
     225    275.22950101
     226    277.68549793
     227    280.15238444
     228    282.63016561
     229    285.11883633
     230    287.61840178
     231    290.12885673
     232    292.65020648
     233    295.18244570
     234    297.72557978
     235    300.27960328
     236    302.84452173
     237    305.42032954
     238    308.00703237
     239    310.60462452
     240    313.21311178
     241    315.83248829
     242    318.46276000
     243    321.10392090
     244    323.75597709
     245    326.41892242
     246    329.09276312
     247    331.77749290
     248    334.47311815
     249    337.17963241
     250    339.89704223
     251    342.62534100
     252    345.36453543
     253    348.11461874
     254    350.87559781
     255    353.64746570
     256    356.43022945
     257    359.22388194
     258    362.02843039
     259    364.84386752
     260    367.67020072
     261    370.50742251
     262    373.35554049
     263    376.21454699
     264    379.08444977
     265    381.96524101
     266    384.85692864
     267    387.75950464
     268    390.67297716
     269    393.59733796
     270    396.53259540
     271    399.47874104
     272    402.43578343
     273    405.40371394
     274    408.38254133
     275    411.37225675
     276    414.37286917
     277    417.38436952
     278    420.40676701
     279    423.44005234
     280    426.48423493
     281    429.53930527
     282    432.60527301
     283    435.68212840
     284    438.76988132
     285    441.86852178
     286    444.97805992
     287    448.09848551
     288    451.22980891
     289    454.37201966
     290    457.52512835
     291    460.68912429
     292    463.86401833
     293    467.04979949
     294    470.24647890
     295    473.45404534
     296    476.67251016
     297    479.90186190
     298    483.14211217
     299    486.39324926
     300    489.65528502
     301    492.92820749
     302    496.21202878
     303    499.50673667
     304    502.81234354
     305    506.12883688
     306    509.45622935
     307    512.79450819
     308    516.14368631
     309    519.50375069
     310    522.87471449
     311    526.25656444
     312    529.64931397
     313    533.05294953
     314    536.46748481
     315    539.89290604
     316    543.32922711
     317    546.77643404
     318    550.23454093
     319    553.70353361
     320    557.18342637
     321    560.67420482
     322    564.17588346
     323    567.68844775
     324    571.21191233
     325    574.74626248
     326    578.29151300
     327    581.84764908
     328    585.41468559
     329    588.99260762
     330    592.58143014
     331    596.18113819
     332    599.79174675
     333    603.41324086
     334    607.04563545
     335    610.68891569
     336    614.34309636
     337    618.00816276
     338    621.68412950
     339    625.37098214
     340    629.06873499
     341    632.77737391
     342    636.49691283
     343    640.22733812
     344    643.96866316
     345    647.72087485
     346    651.48398595
     347    655.25798417
     348    659.04288137
     349    662.83866614
     350    666.64534935
     351    670.46292083
     352    674.29139008
     353    678.13074829
     354    681.98100347
     355    685.84214859
     356    689.71418972
     357    693.59712179
     358    697.49094872
     359    701.39566794
     360    705.31128067
     361    709.23778711
     362    713.17518543
     363    717.12347935
     364    721.08266323
     365    725.05274470
     366    729.03371389
     367    733.02558323
     368    737.02833766
     369    741.04199497
     370    745.06653428
     371    749.10197999
     372    753.14830408
     373    757.20553831
     374    761.27364672
     375    765.35267000
     376    769.44256256
     377    773.54337507
     378    777.65505118
     379    781.77765360
     380    785.91111301
     381    790.05550559
     382    794.21074750
     383    798.37693111
     384    802.55395517
     385    806.74193017
     386    810.94073534
     387    815.15050284
     388    819.37108861
     389    823.60264912
     390    827.84501413
     391    832.09836909
     392    836.36251263
     393    840.63766276
     394    844.92358304
     395    849.22053020
     396    853.52822626
     397    857.84697142
     398    862.17644091
     399    866.51698653
     400    870.86822811
     401    875.23057553
     402    879.60358614
     403    883.98773857
     404    888.38251635
     405    892.78847563
     406    897.20501660
     407    901.63278693
     408    906.07108853
     409    910.52067246
     410    914.98072946
     411    919.45213249
     412    923.93394143
     413    928.42716707
     414    932.93072105
     415    937.44577653
     416    941.97107084
     417    946.50796096
     418    951.05498653
     419    955.61372085
     420    960.18247128
     421    964.76305633
     422    969.35351964
     423    973.95596807
     424    978.56813558
     425    983.19245631
     426    987.82631217
     427    992.47252197
     428    997.12805443
     429   1001.79616543
     430   1006.47335346
     431   1011.16338795
     432   1015.86221562
     433   1020.57419014
     434   1025.29462948
     435   1030.02857372
     436   1034.77060317
     437   1039.52653962
     438   1044.29012187
     439   1049.06809022
     440   1053.85319602
     441   1058.65322688
     442   1063.45980635
     443   1068.28195290
     444   1073.10996633
     445   1077.95427027
     446   1082.80365073
     447   1087.67018355
     448   1092.54087711
     449   1097.42969563
     450   1102.32161213
     451   1107.23281283
     452   1112.14587888
     453   1117.07953930
     454   1122.01363300
     455   1126.96988384
     456   1131.92490514
     457   1136.90385239
     458   1141.87963568
     459   1146.88145726
     460   1151.87786578
     461   1156.90270691
     462   1161.91951452
     463   1166.96761863
     464   1172.00463789
     465   1177.07620454
     466   1182.13312470
     467   1187.22848905
     468   1192.30505231
     469   1197.42448953
     470   1202.52026584
     471   1207.66424079
     472   1212.77887407
     473   1217.94776782
     474   1223.08065786
     475   1228.27512076
     476   1233.42577344
     477   1238.64633577
     478   1243.81390495
     479   1249.06148596
     480   1254.24528262
     481   1259.52062402
     482   1264.71944129
     483   1270.02385794
     484   1275.23673136
     485   1280.57126478
     486   1285.79645027
     487   1291.16300610
     488   1296.39915406
     489   1301.79919381
     490   1307.04374911
     491   1312.48007173
     492   1317.73116859
     493   1323.20579732
     494   1328.45964431
     495   1333.97673933
     496   1339.23086368
     497   1344.79310107
     498   1350.04180887
     499   1355.65544183
     500   1360.89584629
     501   1366.56397268
     502   1371.78731976
     503   1377.51959053
     504   1382.72393130
     505   1388.52238683
     506   1393.69284766
     507   1399.57429129
     508   1404.71686808
     509   1410.67474514
     510   1415.74994443
     511   1421.83229076
     512   1427.00400326
 ---------------------------------------
 
SCF converged! Final Ground-State Energy (Eh):             -11.6818755409756871
