 
     Two-Electron DVR    
 ------------------------
 x0     =      15.00000000
 m      =       1.00000000
 Z      =       1.00000000
 n      =              512
 dx     =       0.05870841
 
Soft-Coulomb Parameters:
 alpha  =       0.01000000
 beta   =       0.01000000
 
 
                       Hartree-Fock                      
 --------------------------------------------------------
 no. of orbitals        =              512
 no. of electrons       =                2
 scf_damping_switch     =        F
 scf_diis_switch        =        F
 damping_factor         =   0.00000000
 e_tolerance            = 0.0000000000100000
 maximum scf-iterations =              200
 
 
                       SCF iterations                      
 ----------------------------------------------------------
    S.No    Energy (hartree)        dE (hartree)
 ----------------------------------------------------------
       0     -7.637117154342
       1     -3.591170291719      4.045946862623
       2     -3.990937792789      0.399767501070
       3     -4.000804552043      0.009866759253
       4     -4.001225119646      0.000420567603
       5     -4.001241906830      0.000016787185
       6     -4.001242646293      0.000000739463
       7     -4.001242682892      0.000000036599
       8     -4.001242684976      0.000000002084
       9     -4.001242685110      0.000000000134
      10     -4.001242685120      0.000000000009
 ----------------------------------------------------------
  
 
 
 ---------------------------------------
     Molecular Orbital Energies (Eh)    
 ---------------------------------------
       1     -0.44437432
       2      0.14461257
       3      0.14464420
       4      0.25662269
       5      0.25710402
       6      0.40319387
       7      0.40555270
       8      0.58776097
       9      0.59448405
      10      0.81126782
      11      0.82552582
      12      1.07384349
      13      1.09917004
      14      1.37549985
      15      1.41554552
      16      1.71641127
      17      1.77469330
      18      2.09699557
      19      2.17664561
      20      2.51787600
      21      2.62144236
      22      2.97977503
      23      3.10913074
      24      3.48339687
      25      3.63976167
      26      4.02934337
      27      4.21338654
      28      4.61807879
      29      4.83005499
      30      5.24993331
      31      5.48981364
      32      5.92512676
      33      6.19270548
      34      6.64379717
      35      6.93876959
      36      7.40602625
      37      7.72804127
      38      8.21185891
      39      8.56055221
      40      9.06131698
      41      9.43633076
      42      9.95440844
      43     10.35540228
      44     10.89113328
      45     11.31778941
      46     11.87148721
      47     12.32351242
      48     12.89546387
      49     13.37258944
      50     13.96305614
      51     14.46503673
      52     15.07425690
      53     15.60086892
      54     16.22905944
      55     16.78009916
      56     17.42745762
      57     18.00273934
      58     18.66944598
      59     19.26880023
      60     19.95501970
      61     20.57829159
      62     21.28417457
      63     21.93122231
      64     22.65690696
      65     23.32760049
      66     24.07321375
      67     24.76743355
      68     25.53309225
      69     26.25072828
      70     27.03654017
      71     27.77749091
      72     28.58355555
      73     29.34772720
      74     30.17413673
      75     30.96144245
      76     31.80828230
      77     32.61864156
      78     33.48599104
      79     34.31932908
      80     35.20726197
      81     36.06350921
      82     36.97209420
      83     37.85118588
      84     38.78048705
      85     39.68236275
      86     40.63243990
      87     41.55704320
      88     42.52795226
      89     43.47523044
      90     44.46702372
      91     45.43692742
      92     46.44965395
      93     47.44213695
      94     48.47584268
      95     49.49086163
      96     50.54558970
      97     51.58310391
      98     52.65889484
      99     53.71886612
     100     54.81575799
     101     55.89815042
     102     57.01617906
     103     58.12095886
     104     59.26015800
     105     60.38729337
     106     61.54769477
     107     62.69715578
     108     63.87878939
     109     65.05054781
     110     66.25344187
     111     67.44747109
     112     68.67165226
     113     69.88792717
     114     71.13342059
     115     72.37191750
     116     73.63874695
     117     74.89944348
     118     76.18763140
     119     77.47050643
     120     78.78007405
     121     80.08510758
     122     81.41607498
     123     82.74324814
     124     84.09563431
     125     85.44492923
     126     86.81875214
     127     88.19015192
     128     89.58542861
     129     90.97891725
     130     92.39566382
     131     93.81122619
     132     95.24945792
     133     96.68707967
     134     98.14681101
     135     99.60647858
     136    101.08772326
     137    102.56942377
     138    104.07219478
     139    105.57591605
     140    107.10022574
     141    108.62595620
     142    110.17181624
     143    111.71954496
     144    113.28696646
     145    114.85668303
     146    116.44567652
     147    118.03737111
     148    119.64794658
     149    121.26160983
     150    122.89377677
     151    124.52939983
     152    126.18316725
     153    127.84074171
     154    129.51611815
     155    131.19563605
     156    132.89262964
     157    134.59408339
     158    136.31270183
     159    138.03608427
     160    139.77633491
     161    141.52163920
     162    143.28352898
     163    145.05074867
     164    146.83428422
     165    148.62341316
     166    150.42860074
     167    152.23963313
     168    154.06647873
     169    155.89940900
     170    157.74791829
     171    159.60274122
     172    161.47291959
     173    163.34963019
     174    165.24148274
     175    167.14007631
     176    169.05360793
     177    170.97407995
     178    172.90929524
     179    174.85164149
     180    176.80854488
     181    178.77276128
     182    180.75135691
     183    182.73743968
     184    184.73773153
     185    186.74567701
     186    188.76766883
     187    190.79747361
     188    192.84116899
     189    194.89282978
     190    196.95823209
     191    199.03174584
     192    201.11885833
     193    203.21422208
     194    205.32304778
     195    207.44025879
     196    209.57080062
     197    211.70985625
     198    213.86211693
     199    216.02301474
     200    218.19699691
     201    220.37973451
     202    222.57544060
     203    224.78001584
     204    226.99744821
     205    229.22385896
     206    231.46301979
     207    233.71126413
     208    235.97215556
     209    238.24223159
     210    240.52485553
     211    242.81676157
     212    245.12111995
     213    247.43485430
     214    249.76094881
     215    252.09651001
     216    254.44434235
     217    256.80172891
     218    259.17130058
     219    261.55051122
     220    263.94182375
     221    266.34285715
     222    268.75591183
     223    271.17876691
     224    273.61356508
     225    276.05824069
     226    278.51478348
     227    280.98127871
     228    283.45956729
     229    285.94788114
     230    288.44791647
     231    290.95804820
     232    293.47983130
     233    296.01178006
     234    298.55531171
     235    301.10907690
     236    303.67435800
     237    306.24993893
     238    308.83697009
     239    311.43436630
     240    314.04314829
     241    316.66235921
     242    319.29289250
     243    321.93391784
     244    324.58620304
     245    327.24904234
     246    329.92307979
     247    332.60773290
     248    335.30352310
     249    338.00998968
     250    340.72753282
     251    343.45581286
     252    346.19510930
     253    348.94520260
     254    351.70625240
     255    354.47815907
     256    357.26096248
     257    360.05468242
     258    362.85923936
     259    365.67477283
     260    368.50108342
     261    371.33843045
     262    374.18649447
     263    377.04565546
     264    379.91547291
     265    382.79644799
     266    385.68801851
     267    388.59080823
     268    391.50413171
     269    394.42873631
     270    397.36381224
     271    400.31023241
     272    403.26706056
     273    406.23529668
     274    409.21387637
     275    412.20392927
     276    415.20426017
     277    418.21613035
     278    421.23821161
     279    424.27190008
     280    427.31573123
     281    430.37123859
     282    433.43681864
     283    436.51414607
     284    439.60147441
     285    442.70062266
     286    445.80969810
     287    448.93066852
     288    452.06149033
     289    455.20428380
     290    458.35685061
     291    461.52146868
     292    464.69577960
     293    467.88222330
     294    471.07827676
     295    474.28654784
     296    477.50434279
     297    480.73444243
     298    483.97397708
     299    487.22590726
     300    490.48718041
     301    493.76094248
     302    497.04395209
     303    500.33954826
     304    503.64429295
     305    506.96172475
     306    510.28820224
     307    513.62747214
     308    516.97568085
     309    520.33679059
     310    523.70672794
     311    527.08968026
     312    530.48134448
     313    533.88614133
     314    537.29952955
     315    540.72617398
     316    544.16128419
     317    547.60977837
     318    551.06660736
     319    554.53695470
     320    558.01550021
     321    561.50770313
     322    565.00796160
     323    568.52202385
     324    572.04399275
     325    575.57991705
     326    579.12359241
     327    582.68138292
     328    586.24676190
     329    589.82642164
     330    593.41349985
     331    597.01503342
     332    600.62380769
     333    604.24721845
     334    607.87768389
     335    611.52297694
     336    615.17513003
     337    618.84230908
     338    622.51614441
     339    626.20521511
     340    629.90072873
     341    633.61169520
     342    637.32888113
     343    641.06174962
     344    644.80060347
     345    648.55537856
     346    652.31589367
     347    656.09258227
     348    659.87475379
     349    663.67336095
     350    667.47718150
     351    671.29771489
     352    675.12317907
     353    678.96564430
     354    682.81274391
     355    686.67714946
     356    690.54587852
     357    694.43223059
     358    698.32258001
     359    702.23088802
     360    706.14285114
     361    710.07312195
     362    714.00668869
     363    717.95893274
     364    721.91409572
     365    725.88832061
     366    729.86506863
     367    733.86128593
     368    737.85961079
     369    741.87782894
     370    745.89771821
     371    749.93795003
     372    753.97939462
     373    758.04164946
     374    762.10463554
     375    766.18892765
     376    770.27344513
     377    774.37978488
     378    778.48581838
     379    782.61422158
     380    786.74175990
     381    790.89223807
     382    795.04126410
     383    799.21383482
     384    803.38433611
     385    807.57901215
     386    811.77096967
     387    815.98777058
     388    820.20117049
     389    824.44011045
     390    828.67493154
     391    832.93603234
     392    837.19225923
     393    841.47553659
     394    845.75314565
     395    850.05862385
     396    854.35759798
     397    858.68529448
     398    863.00560729
     399    867.35554918
     400    871.69718169
     401    876.06938837
     402    880.43231108
     403    884.82681278
     404    889.21100460
     405    893.62782286
     406    898.03325084
     407    902.47241944
     408    906.89906012
     409    911.36060299
     410    915.80841951
     411    920.29237442
     412    924.76134070
     413    929.26773423
     414    933.75780902
     415    938.28668343
     416    942.79783775
     417    947.34922255
     418    951.88141020
     419    956.45535269
     420    961.00854149
     421    965.60507444
     422    970.17921263
     423    974.79838897
     424    979.39344085
     425    984.03529693
     426    988.65120449
     427    993.31579958
     428    997.95252331
     429   1002.63989760
     430   1007.29737249
     431   1012.00759235
     432   1016.68577478
     433   1021.41888453
     434   1026.11770171
     435   1030.87377558
     436   1035.59317954
     437   1040.37226620
     438   1045.11217559
     439   1049.91435787
     440   1054.67472023
     441   1059.50005126
     442   1064.28077590
     443   1069.12934782
     444   1073.93037793
     445   1078.80224810
     446   1083.62348305
     447   1088.51875344
     448   1093.36013252
     449   1098.27886414
     450   1103.14027652
     451   1108.08258122
     452   1112.96396342
     453   1117.92990455
     454   1122.83113593
     455   1127.82083448
     456   1132.74185103
     457   1137.75537010
     458   1142.69604302
     459   1147.73351054
     460   1152.69377933
     461   1157.75525357
     462   1162.73498509
     463   1167.82059609
     464   1172.81974049
     465   1177.92953361
     466   1182.94796119
     467   1188.08205914
     468   1193.11974299
     469   1198.27816433
     470   1203.33499287
     471   1208.51783541
     472   1213.59382578
     473   1218.80105738
     474   1223.89614308
     475   1229.12780459
     476   1234.24208311
     477   1239.49805050
     478   1244.63154950
     479   1249.91174842
     480   1255.06470868
     481   1260.36885144
     482   1265.54148434
     483   1270.86927496
     484   1276.06207524
     485   1281.41293531
     486   1286.62646389
     487   1291.99967779
     488   1297.23488167
     489   1302.62935074
     490   1307.88745500
     491   1313.30166533
     492   1318.58443363
     493   1324.01634004
     494   1329.32628148
     495   1334.77281839
     496   1340.11320276
     497   1345.57056246
     498   1350.94647106
     499   1356.40845689
     500   1361.82599801
     501   1367.28545705
     502   1372.75514927
     503   1378.19926485
     504   1383.73244676
     505   1389.14804524
     506   1394.76759853
     507   1400.12720727
     508   1405.85132738
     509   1411.13456861
     510   1417.03146299
     511   1422.14393380
     512   1428.24438892
 ---------------------------------------
 
SCF converged! Final Ground-State Energy (Eh):              -4.0012426851196743
