nohup: ignoring input
 
     Two-electron DVR    
 ------------------------
x0     =      10.00000000
m      =       1.00000000
Z      =       2.00000000
n      =              128
ndim   =            16384
dx     =       0.15748031
 
Soft-Coulomb Parameters:
alpha  =       0.01000000
beta   =       0.01000000
 
 Generating Hamiltonian Matrix......
 
 Diagonalising the Hamiltonian......
 
 Completed Diagonalisation!
 Ground state Energy:   -13.7864181770172     
 
 Using Imaginary time propagation (ITP) to get ground state......
 
 Completed Imaginary time propagation (ITP).
 
 ITP Summary:
 ------------
 dt      =   1.000000000000000E-003
 nstep   =         1810
 E_conv  =   9.999999717180685E-010
 Ei      =   -13.7864180647145     
 
