 
     Two-Electron DVR    
 ------------------------
 x0     =      15.00000000
 m      =       1.00000000
 Z      =       6.00000000
 n      =               64
 dx     =       0.47619048
 
Soft-Coulomb Parameters:
 alpha  =       0.01000000
 beta   =       0.01000000
 
 
                       Hartree-Fock                      
 --------------------------------------------------------
 no. of orbitals        =               64
 no. of electrons       =                2
 scf_damping_switch     =        F
 scf_diis_switch        =        F
 damping_factor         =   0.00000000
 e_tolerance            = 0.0000000000100000
 maximum scf-iterations =              200
 
 
                       SCF iterations                      
 ----------------------------------------------------------
    S.No    Energy (hartree)        dE (hartree)
 ----------------------------------------------------------
       0    -41.908714524002
       1    -36.130137924710      5.778576599292
       2    -36.194783994562      0.064646069852
       3    -36.194999254121      0.000215259559
       4    -36.194999918710      0.000000664588
       5    -36.194999920897      0.000000002188
       6    -36.194999920905      0.000000000007
 ----------------------------------------------------------
  
 
 
 ---------------------------------------
     Molecular Orbital Energies (Eh)    
 ---------------------------------------
       1    -15.28032830
       2     -7.10878818
       3     -2.24847994
       4     -1.81623266
       5     -0.96096363
       6     -0.83355179
       7     -0.53010993
       8     -0.47648389
       9     -0.33230552
      10     -0.30126169
      11     -0.18251673
      12     -0.14576803
      13      0.01278631
      14      0.06146053
      15      0.26269226
      16      0.32236129
      17      0.56309005
      18      0.63297953
      19      0.91155683
      20      0.99136737
      21      1.30662746
      22      1.39588842
      23      1.74736549
      24      1.84602791
      25      2.23310305
      26      2.34069260
      27      2.76339381
      28      2.87999366
      29      3.33787754
      30      3.46290468
      31      3.95634073
      32      4.08999567
      33      4.61857858
      34      4.76009272
      35      5.32453085
      36      5.47424507
      37      6.07409426
      38      6.23096026
      39      6.86735259
      40      7.03190848
      41      7.70429234
      42      7.87507077
      43      8.58518329
      44      8.76303844
      45      9.51011909
      46      9.69294412
      47     10.47967222
      48     10.66889674
      49     11.49410083
      50     11.68659656
      51     12.55457561
      52     12.75294929
      53     13.66168197
      54     13.86099636
      55     14.81808883
      56     15.02370417
      57     16.02531407
      58     16.22835992
      59     17.29152759
      60     17.50572288
      61     18.62310225
      62     18.82683551
      63     20.08048538
      64     20.35421483
 ---------------------------------------
 
SCF converged! Final Ground-State Energy (Eh):             -36.1949999209047633
