 
     Two-Electron DVR    
 ------------------------
 x0     =      15.00000000
 m      =       1.00000000
 Z      =       2.00000000
 n      =               64
 dx     =       0.47619048
 
Soft-Coulomb Parameters:
 alpha  =       0.10000000
 beta   =       0.01000000
 
 
                       Hartree-Fock                      
 --------------------------------------------------------
 no. of orbitals        =               64
 no. of electrons       =                2
 scf_damping_switch     =        F
 scf_diis_switch        =        F
 damping_factor         =   0.00000000
 e_tolerance            = 0.0000000000100000
 maximum scf-iterations =              200
 
 
                       SCF iterations                      
 ----------------------------------------------------------
    S.No    Energy (hartree)        dE (hartree)
 ----------------------------------------------------------
       0     -7.552756062744
       1     -3.222366911203      4.330389151541
       2     -2.608037627420      0.614329283783
       3     -3.569441768234      0.961404140814
       4     -3.647854916960      0.078413148725
       5     -3.830944510842      0.183089593882
       6     -3.876469947019      0.045525436177
       7     -3.909451579833      0.032981632814
       8     -3.920676330924      0.011224751091
       9     -3.926649878088      0.005973547163
      10     -3.928980514509      0.002330636421
      11     -3.930086770388      0.001106255879
      12     -3.930546471959      0.000459701571
      13     -3.930754708917      0.000208236958
      14     -3.930843745467      0.000089036549
      15     -3.930883284068      0.000039538601
      16     -3.930900405578      0.000017121511
      17     -3.930907943760      0.000007538181
      18     -3.930911226343      0.000003282583
      19     -3.930912666196      0.000001439853
      20     -3.930913294736      0.000000628540
      21     -3.930913569986      0.000000275250
      22     -3.930913690270      0.000000120284
      23     -3.930913742907      0.000000052637
      24     -3.930913765921      0.000000023013
      25     -3.930913775988      0.000000010068
      26     -3.930913780391      0.000000004403
      27     -3.930913782317      0.000000001926
      28     -3.930913783159      0.000000000842
      29     -3.930913783527      0.000000000368
      30     -3.930913783688      0.000000000161
      31     -3.930913783759      0.000000000070
      32     -3.930913783790      0.000000000031
      33     -3.930913783803      0.000000000013
      34     -3.930913783809      0.000000000006
 ----------------------------------------------------------
  
 
 
 ---------------------------------------
     Molecular Orbital Energies (Eh)    
 ---------------------------------------
       1     -0.54789936
       2      0.03118289
       3      0.03213943
       4      0.11140603
       5      0.11618964
       6      0.23508669
       7      0.24760127
       8      0.39889903
       9      0.42358888
      10      0.60086849
      11      0.64236642
      12      0.84023558
      13      0.90290133
      14      1.11722866
      15      1.20463905
      16      1.43272040
      17      1.54730411
      18      1.78772421
      19      1.93078487
      20      2.18312423
      21      2.35505950
      22      2.61946524
      23      2.82016117
      24      3.09710478
      25      3.32614793
      26      3.61613942
      27      3.87309668
      28      4.17667242
      29      4.46108627
      30      4.77862278
      31      5.09020113
      32      5.42205200
      33      5.76051219
      34      6.10683269
      35      6.47208133
      36      6.83308148
      37      7.22495384
      38      7.60065005
      39      8.01917490
      40      8.40971752
      41      8.85477830
      42      9.26011184
      43      9.73177700
      44     10.15211396
      45     10.65015802
      46     11.08559452
      47     11.60982027
      48     12.06099801
      49     12.61060476
      50     13.07844065
      51     13.65203641
      52     14.13860983
      53     14.73343081
      54     15.24264504
      55     15.85281909
      56     16.39167907
      57     17.00711704
      58     17.59136834
      59     18.18881529
      60     18.84248689
      61     19.39317475
      62     20.17488496
      63     20.62509709
      64     21.54527274
 ---------------------------------------
 
SCF converged! Final Ground-State Energy (Eh):              -3.9309137838089816
