 
     Two-Electron DVR    
 ------------------------
 x0     =      15.00000000
 m      =       1.00000000
 Z      =       4.00000000
 n      =              256
 dx     =       0.11764706
 
Soft-Coulomb Parameters:
 alpha  =       0.10000000
 beta   =       0.10000000
 
 
                       Hartree-Fock                      
 --------------------------------------------------------
 no. of orbitals        =              256
 no. of electrons       =                2
 scf_damping_switch     =        F
 scf_diis_switch        =        F
 damping_factor         =   0.00000000
 e_tolerance            = 0.0000000000100000
 maximum scf-iterations =              200
 
 
                       SCF iterations                      
 ----------------------------------------------------------
    S.No    Energy (hartree)        dE (hartree)
 ----------------------------------------------------------
       0    -17.591773274528
       1    -15.329646919434      2.262126355094
       2    -15.355316700358      0.025669780924
       3    -15.355668339123      0.000351638765
       4    -15.355673239897      0.000004900774
       5    -15.355673309904      0.000000070007
       6    -15.355673310919      0.000000001015
       7    -15.355673310934      0.000000000015
       8    -15.355673310934      0.000000000000
 ----------------------------------------------------------
  
 
 
 ---------------------------------------
     Molecular Orbital Energies (Eh)    
 ---------------------------------------
       1     -6.57364246
       2     -1.37087631
       3     -0.69998644
       4     -0.41423432
       5     -0.27842800
       6     -0.19484618
       7     -0.13770053
       8     -0.07573462
       9     -0.00551310
      10      0.08326283
      11      0.17970913
      12      0.29528129
      13      0.41599290
      14      0.55671980
      15      0.70064250
      16      0.86559942
      17      1.03219726
      18      1.22076836
      19      1.40976382
      20      1.62148728
      21      1.83274159
      22      2.06724899
      23      2.30069858
      24      2.55768855
      25      2.81330896
      26      3.09253373
      27      3.37031877
      28      3.67157569
      29      3.97152566
      30      4.29465082
      31      4.61676601
      32      4.96162874
      33      5.30590629
      34      5.67240430
      35      6.03883682
      36      6.42689183
      37      6.81546719
      38      7.22502095
      39      7.63572273
      40      8.06673355
      41      8.49954167
      42      8.95198135
      43      9.40687289
      44      9.88072408
      45     10.35767408
      46     10.85292800
      47     11.35191024
      48     11.86856478
      49     12.38955242
      50     12.92761055
      51     13.47057668
      52     14.03004513
      53     14.59496324
      54     15.17585143
      55     15.76269577
      56     16.36501496
      57     16.97376080
      58     17.59752335
      59     18.22814721
      60     18.87336614
      61     19.52584587
      62     20.19253434
      63     20.86684923
      64     21.55502031
      65     22.25115113
      66     22.96081750
      67     23.67874647
      68     24.40992035
      69     25.14963111
      70     25.90232402
      71     26.66380165
      72     27.43802446
      73     28.22125532
      74     29.01701814
      75     29.82198987
      76     30.63930209
      77     31.46600348
      78     32.30487371
      79     33.15329468
      80     34.01373087
      81     34.88386232
      82     35.76587164
      83     36.65770545
      84     37.56129451
      85     38.47482337
      86     39.39999807
      87     40.33521551
      88     41.28198126
      89     42.23888146
      90     43.20724304
      91     44.18582091
      92     45.17578272
      93     46.17603367
      94     47.18759951
      95     48.20951960
      96     49.24269302
      97     50.28627865
      98     51.34106264
      99     52.40631083
     100     53.48270821
     101     54.56961616
     102     55.66762923
     103     56.77619476
     104     57.89582575
     105     59.02604672
     106     60.16729733
     107     61.31917221
     108     62.48204418
     109     63.65557139
     110     64.84006592
     111     66.03524448
     112     67.24136287
     113     68.45819168
     114     69.68593467
     115     70.92441325
     116     72.17378179
     117     73.43390941
     118     74.70490381
     119     75.98668045
     120     77.27930135
     121     78.58272665
     122     79.89697391
     123     81.22204832
     124     82.55792227
     125     83.90464576
     126     85.26214582
     127     86.63051931
     128     88.00964549
     129     89.39966929
     130     90.80042052
     131     92.21209610
     132     93.63447203
     133     95.06780007
     134     96.51179906
     135     97.96678166
     136     99.43240295
     137    100.90904122
     138    102.39628245
     139    103.89457926
     140    105.40343918
     141    106.92339617
     142    108.45387154
     143    109.99549252
     144    111.54758146
     145    113.11086876
     146    114.68456690
     147    116.26952555
     148    117.86483018
     149    119.47146337
     150    121.08836867
     151    122.71668300
     152    124.35518520
     153    126.00518500
     154    127.66527637
     155    129.33697029
     156    131.01864562
     157    132.71203951
     158    134.41528862
     159    136.13039376
     160    137.85520954
     161    139.59203383
     162    141.33840284
     163    143.09696104
     164    144.86487363
     165    146.64517635
     166    148.43461480
     167    150.23668139
     168    152.04763263
     169    153.87147734
     170    155.70391801
     171    157.54956625
     172    159.40347870
     173    161.27094958
     174    163.14630299
     175    165.03562994
     176    166.93240053
     177    168.84360919
     178    170.76175619
     179    172.69489066
     180    174.63438208
     181    176.58947673
     182    178.55025864
     183    180.52737171
     184    182.50940108
     185    184.50857870
     186    186.51178404
     187    188.53310327
     188    190.55742678
     189    192.60094950
     190    194.64629630
     191    196.71212466
     192    198.77841717
     193    200.86663410
     194    202.95374630
     195    205.06448734
     196    207.17231524
     197    209.30569146
     198    211.43406750
     199    213.59025891
     200    215.73904405
     201    217.91819903
     202    220.08717047
     203    222.28952809
     204    224.47850058
     205    226.70425835
     206    228.91293593
     207    231.16241100
     208    233.39054824
     209    235.66400185
     210    237.91120665
     211    240.20905832
     212    242.47500842
     213    244.79760038
     214    247.08177876
     215    249.42966294
     216    251.73165243
     217    254.10527035
     218    256.42439455
     219    258.82446615
     220    261.16019656
     221    263.58727835
     222    265.93874023
     223    268.39375979
     224    270.76030510
     225    273.24393981
     226    275.62445392
     227    278.13788089
     228    280.53160654
     229    283.07560969
     230    285.48114652
     231    288.05720069
     232    290.47372127
     233    293.08267468
     234    295.50842018
     235    298.15213225
     236    300.58626752
     237    303.26559715
     238    305.70581135
     239    308.42325232
     240    310.86872942
     241    313.62517782
     242    316.07244448
     243    318.87182386
     244    321.31990979
     245    324.16350742
     246    326.60588690
     247    329.50153906
     248    331.93651941
     249    334.88703390
     250    337.29890614
     251    340.32461952
     252    342.71158181
     253    345.81871163
     254    348.12646669
     255    351.40327015
     256    353.72853465
 ---------------------------------------
 
SCF converged! Final Ground-State Energy (Eh):             -15.3556733109341863
