 
     Two-Electron DVR    
 ------------------------
 x0     =      15.00000000
 m      =       1.00000000
 Z      =       1.00000000
 n      =              512
 dx     =       0.05870841
 
Soft-Coulomb Parameters:
 alpha  =       0.01000000
 beta   =       1.00000000
 
 
                       Hartree-Fock                      
 --------------------------------------------------------
 no. of orbitals        =              512
 no. of electrons       =                2
 scf_damping_switch     =        F
 scf_diis_switch        =        F
 damping_factor         =   0.00000000
 e_tolerance            = 0.0000000000100000
 maximum scf-iterations =              200
 
 
                       SCF iterations                      
 ----------------------------------------------------------
    S.No    Energy (hartree)        dE (hartree)
 ----------------------------------------------------------
       0     -7.637117154342
       1     -6.717418069226      0.919699085116
       2     -6.718577833513      0.001159764286
       3     -6.718598499886      0.000020666374
       4     -6.718598881739      0.000000381852
       5     -6.718598888912      0.000000007174
       6     -6.718598889048      0.000000000136
       7     -6.718598889051      0.000000000002
 ----------------------------------------------------------
  
 
 
 ---------------------------------------
     Molecular Orbital Energies (Eh)    
 ---------------------------------------
       1     -2.90065864
       2      0.14226093
       3      0.14228688
       4      0.24819484
       5      0.24883144
       6      0.38036720
       7      0.38513186
       8      0.53828862
       9      0.55620488
      10      0.72529275
      11      0.76665161
      12      0.95092152
      13      1.01976503
      14      1.22183953
      15      1.31714423
      16      1.53927903
      17      1.65929421
      18      1.90257424
      19      2.04623296
      20      2.31098048
      21      2.47781202
      22      2.76398322
      23      2.95384817
      24      3.26125552
      25      3.47417027
      26      3.80259064
      27      4.03863265
      28      4.38785583
      29      4.64711625
      30      5.01696419
      31      5.29952567
      32      5.68985759
      33      5.99578520
      34      6.40649629
      35      6.73583502
      36      7.16685241
      37      7.51962791
      38      7.97090585
      39      8.34712661
      40      8.81864163
      41      9.21830161
      42      9.71004824
      43     10.13312950
      44     10.64511650
      45     11.09159165
      46     11.62383884
      47     12.09367316
      48     12.64620882
      49     13.13936207
      50     13.71222086
      51     14.22864878
      52     14.82186996
      53     15.36152550
      54     15.97515161
      55     16.53798593
      56     17.17206169
      57     17.75802497
      58     18.41259639
      59     19.02163845
      60     19.69675218
      61     20.32882297
      62     21.02452574
      63     21.67957577
      64     22.39591401
      65     23.07389460
      66     23.81091409
      67     24.51177763
      68     25.26952328
      69     25.99322337
      70     26.77173903
      71     27.51823064
      72     28.31755897
      73     29.08679847
      74     29.90698084
      75     30.69892612
      76     31.54000257
      77     32.35461298
      78     33.21662217
      79     34.05385861
      80     34.93683780
      81     35.79666267
      82     36.70064772
      83     37.58302492
      84     38.50805031
      85     39.41294522
      86     40.35904403
      87     41.28642347
      88     42.25362746
      89     43.20345965
      90     44.19179925
      91     45.16405377
      92     46.17355813
      93     47.16820590
      94     48.19890292
      95     49.21591611
      96     50.26783251
      97     51.30718454
      98     52.38034585
      99     53.44201133
     100     54.53644197
     101     55.62039663
     102     56.73611993
     103     57.84234062
     104     58.97937888
     105     60.10784348
     106     61.26621800
     107     62.41690541
     108     63.59663654
     109     64.76952661
     110     65.97063376
     111     67.16570729
     112     68.38820901
     113     69.60544765
     114     70.84936163
     115     72.08874791
     116     73.35409104
     117     74.61560828
     118     75.90239667
     119     77.18602897
     120     78.49427802
     121     79.80001019
     122     81.12973455
     123     82.45755215
     124     83.80876584
     125     85.15865506
     126     86.53137142
     127     87.90331912
     128     89.29755089
     129     90.69154453
     130     92.10730386
     131     93.52333149
     132     94.96062998
     133     96.39868019
     134     97.85752889
     135     99.31759083
     136    100.79800028
     137    102.28006360
     138    103.78204384
     139    105.28609866
     140    106.80965931
     141    108.33569621
     142    109.88084638
     143    111.42885642
     144    112.99560485
     145    114.56557946
     146    116.15393445
     147    117.74586550
     148    119.35583498
     149    120.96971470
     150    122.60130622
     151    124.23712721
     152    125.89034801
     153    127.54810321
     154    129.22296012
     155    130.90264284
     156    132.59914243
     157    134.30074624
     158    136.01889475
     159    137.74241357
     160    139.48221696
     161    141.22764497
     162    142.98910888
     163    144.75644058
     164    146.53957045
     165    148.32880053
     166    150.13360149
     167    151.94472496
     168    153.77120194
     169    155.60421399
     170    157.45237164
     171    159.30726777
     172    161.17711057
     173    163.05388640
     174    164.94541858
     175    166.84407003
     176    168.75729564
     177    170.67781876
     178    172.61274163
     179    174.55513272
     180    176.51175654
     181    178.47601202
     182    180.45434025
     183    182.44045678
     184    184.44049277
     185    186.44846711
     186    188.47021398
     187    190.50004312
     188    192.54350391
     189    194.59518493
     190    196.66036245
     191    198.73389264
     192    200.82078964
     193    202.91616636
     194    205.02478537
     195    207.14200619
     196    209.27234970
     197    211.41141223
     198    213.56348253
     199    215.72438460
     200    217.89818392
     201    220.08092340
     202    222.27645377
     203    224.48102871
     204    226.69829216
     205    228.92470065
     206    231.16369900
     207    233.41193932
     208    235.67267437
     209    237.94274481
     210    240.22521817
     211    242.51711722
     212    244.82133053
     213    247.13505665
     214    249.46101132
     215    251.79656320
     216    254.14426067
     217    256.50163696
     218    258.87107848
     219    261.25027803
     220    263.64146488
     221    266.04248650
     222    268.45541975
     223    270.87826247
     224    273.31294326
     225    275.75760605
     226    278.21403527
     227    280.68051731
     228    283.15869596
     229    285.64699636
     230    288.14692520
     231    290.65704330
     232    293.17872318
     233    295.71065821
     234    298.25408974
     235    300.80784120
     236    303.37302510
     237    305.94859236
     238    308.53552911
     239    311.13291179
     240    313.74160198
     241    316.36079958
     242    318.99124354
     243    321.63225584
     244    324.28445405
     245    326.94728065
     246    329.62123332
     247    332.30587412
     248    335.00158161
     249    337.70803634
     250    340.42549871
     251    343.15376741
     252    345.89298492
     253    348.64306744
     254    351.40404002
     255    354.17593652
     256    356.95866431
     257    359.75237476
     258    362.55685756
     259    365.37238225
     260    368.19862009
     261    371.03595910
     262    373.88395163
     263    376.74310541
     264    379.61285256
     265    382.49382129
     266    385.38532258
     267    388.28810684
     268    391.20136207
     269    394.12596216
     270    397.06097072
     271    400.00738738
     272    402.96414894
     273    405.93238258
     274    408.91089638
     275    411.90094789
     276    414.90121350
     277    417.91308341
     278    420.93509989
     279    423.96878926
     280    427.01255606
     281    430.06806555
     282    433.13358157
     283    436.21091240
     284    439.29817695
     285    442.39732992
     286    445.50634172
     287    448.62731823
     288    451.75807647
     289    454.90087745
     290    458.05338065
     291    461.21800770
     292    464.39225490
     293    467.57870911
     294    470.77469862
     295    473.98298180
     296    477.20071251
     297    480.43082589
     298    483.67029591
     299    486.92224153
     300    490.18344955
     301    493.45722883
     302    496.74017273
     303    500.03578794
     304    503.34046624
     305    506.65791898
     306    509.98432929
     307    513.32362211
     308    516.67176274
     309    520.03289744
     310    523.40276574
     311    526.78574514
     312    530.17733921
     313    533.58216535
     314    536.99548220
     315    540.42215821
     316    543.85719573
     317    547.30572388
     318    550.76247874
     319    554.23286252
     320    557.71133235
     321    561.20357427
     322    564.70375536
     323    568.21785931
     324    571.73974902
     325    575.27571779
     326    578.81931201
     327    582.37714990
     328    585.94244566
     329    589.52215578
     330    593.10914853
     331    596.71073565
     332    600.31942209
     333    603.94288965
     334    607.57326471
     335    611.21861800
     336    614.87067802
     337    618.53792086
     338    622.21166022
     339    625.90079845
     340    629.59621308
     341    633.30725095
     342    637.02433462
     343    640.75727859
     344    644.49602677
     345    648.25088155
     346    652.01128733
     347    655.78806008
     348    659.57011844
     349    663.36881438
     350    667.17251764
     351    670.99314470
     352    674.81848730
     353    678.66105125
     354    682.50802468
     355    686.37253432
     356    690.24113237
     357    694.12759411
     358    698.01780736
     359    701.92623093
     360    705.83805250
     361    709.76844499
     362    713.70186441
     363    717.65423665
     364    721.60924627
     365    725.58360611
     366    729.56019431
     367    733.55655375
     368    737.55471204
     369    741.57307981
     370    745.59279526
     371    749.63318467
     372    753.67444786
     373    757.73686861
     374    761.79966515
     375    765.88413203
     376    769.96845147
     377    774.07497523
     378    778.18080154
     379    782.30939866
     380    786.43672021
     381    790.58740262
     382    794.73620156
     383    798.90898761
     384    803.07925102
     385    807.27415395
     386    811.46586191
     387    815.68290220
     388    819.89604034
     389    824.13523270
     390    828.36977876
     391    832.63114607
     392    836.88708405
     393    841.17064266
     394    845.44794769
     395    849.75372316
     396    854.05237742
     397    858.38038797
     398    862.70036360
     399    867.05063784
     400    871.39191497
     401    875.76447321
     402    880.12702061
     403    884.52189490
     404    888.90569040
     405    893.32290341
     406    897.72791193
     407    902.16749965
     408    906.59369645
     409    911.05568417
     410    915.50302977
     411    919.98745800
     412    924.45592473
     413    928.96282173
     414    933.45236510
     415    937.98177654
     416    942.49236558
     417    947.04432307
     418    951.57590752
     419    956.15046266
     420    960.70300782
     421    965.30019604
     422    969.87364499
     423    974.49352471
     424    979.08783852
     425    983.73044950
     426    988.34556355
     427    993.01097215
     428    997.64684267
     429   1002.33509355
     430   1006.99164698
     431   1011.70281574
     432   1016.38000282
     433   1021.11413974
     434   1025.81187640
     435   1030.56906788
     436   1035.28729860
     437   1040.06760133
     438   1044.80622970
     439   1049.60974285
     440   1054.36870614
     441   1059.19549375
     442   1063.97468096
     443   1068.82485729
     444   1073.62419737
     445   1078.49783499
     446   1083.31719954
     447   1088.21443072
     448   1093.05373910
     449   1097.97464628
     450   1102.83374911
     451   1107.77848629
     452   1112.65729179
     453   1117.62595288
     454   1122.52428624
     455   1127.51705167
     456   1132.43480809
     457   1137.45178521
     458   1142.38875862
     459   1147.43016041
     460   1152.38623075
     461   1157.45218035
     462   1162.42710269
     463   1167.51785366
     464   1172.51148991
     465   1177.62718413
     466   1182.63924034
     467   1187.78018270
     468   1192.81049936
     469   1197.97685413
     470   1203.02507442
     471   1208.21721251
     472   1213.28315140
     473   1218.50126395
     474   1223.58448246
     475   1228.82902691
     476   1233.92930965
     477   1239.20050937
     478   1244.31730794
     479   1249.61573587
     480   1254.74879943
     481   1260.07471690
     482   1265.22334868
     483   1270.57748521
     484   1275.74139610
     485   1281.12405406
     486   1286.30234413
     487   1291.71446604
     488   1296.90681672
     489   1302.34873498
     490   1307.55397214
     491   1313.02691012
     492   1318.24473825
     493   1323.74899317
     494   1328.97789727
     495   1334.51501548
     496   1339.75492620
     497   1345.32491630
     498   1350.57401626
     499   1356.17860513
     500   1361.43775159
     501   1367.07578016
     502   1372.34336847
     503   1378.01582881
     504   1383.29601805
     505   1388.99755726
     506   1394.29136828
     507   1400.01794342
     508   1405.34231316
     509   1411.07115182
     510   1416.44585094
     511   1422.12512387
     512   1427.70785402
 ---------------------------------------
 
SCF converged! Final Ground-State Energy (Eh):              -6.7185988890507229
