 
     Two-Electron DVR    
 ------------------------
 x0     =      15.00000000
 m      =       1.00000000
 Z      =       5.00000000
 n      =              256
 dx     =       0.11764706
 
Soft-Coulomb Parameters:
 alpha  =       0.01000000
 beta   =       0.01000000
 
 
                       Hartree-Fock                      
 --------------------------------------------------------
 no. of orbitals        =              256
 no. of electrons       =                2
 scf_damping_switch     =        F
 scf_diis_switch        =        F
 damping_factor         =   0.00000000
 e_tolerance            = 0.0000000000100000
 maximum scf-iterations =              200
 
 
                       SCF iterations                      
 ----------------------------------------------------------
    S.No    Energy (hartree)        dE (hartree)
 ----------------------------------------------------------
       0    -58.311953898927
       1    -52.199824909708      6.112128989219
       2    -52.273063605006      0.073238695298
       3    -52.273258861132      0.000195256126
       4    -52.273259460300      0.000000599167
       5    -52.273259462345      0.000000002046
       6    -52.273259462353      0.000000000007
 ----------------------------------------------------------
  
 
 
 ---------------------------------------
     Molecular Orbital Energies (Eh)    
 ---------------------------------------
       1    -23.15564430
       2     -3.67488542
       3     -1.90508821
       4     -1.02484746
       5     -0.70092464
       6     -0.47051060
       7     -0.36046917
       8     -0.26641271
       9     -0.20698089
      10     -0.12769923
      11     -0.05376718
      12      0.05584030
      13      0.15480042
      14      0.29447220
      15      0.41656100
      16      0.58418225
      17      0.72831925
      18      0.92266226
      19      1.08827576
      20      1.30853172
      21      1.49531124
      22      1.74088325
      23      1.94867297
      24      2.21908264
      25      2.44782604
      26      2.74266447
      27      2.99237411
      28      3.31127833
      29      3.58201351
      30      3.92465102
      31      4.21650494
      32      4.58256863
      33      4.89565524
      34      5.28485711
      35      5.61930534
      36      6.03137719
      37      6.38732182
      38      6.82201116
      39      7.19959121
      40      7.65666391
      41      8.05601564
      42      8.53525179
      43      8.95650994
      44      9.45770736
      45      9.90099920
      46     10.42396854
      47     10.88941717
      48     11.43398605
      49     11.92170477
      50     12.48771197
      51     12.99780922
      52     13.58510953
      53     14.11768300
      54     14.72614042
      55     15.28128337
      56     15.91077681
      57     16.48857160
      58     17.13898708
      59     17.73951271
      60     18.41075006
      61     19.03407486
      62     19.72603888
      63     20.37222926
      64     21.08483754
      65     21.75394961
      66     22.48712257
      67     23.17921210
      68     23.93288212
      69     24.64799494
      70     25.42209512
      71     26.16027845
      72     26.95475316
      73     27.71604453
      74     28.53083687
      75     29.31527691
      76     30.15034079
      77     30.95796057
      78     31.81324665
      79     32.64408208
      80     33.51955161
      81     34.37362901
      82     35.26923803
      83     36.14659031
      84     37.06230544
      85     37.96295571
      86     38.89873645
      87     39.82271617
      88     40.77853281
      89     41.72586326
      90     42.70167702
      91     43.67238964
      92     44.66817297
      93     45.66228841
      94     46.67800274
      95     47.69555371
      96     48.73117230
      97     49.77217995
      98     50.82766301
      99     51.89216251
     100     52.96748297
     101     54.05549692
     102     55.15061252
     103     56.26217965
     104     57.37706191
     105     58.51220719
     106     59.64681019
     107     60.80557695
     108     61.95986988
     109     63.14228625
     110     64.31621842
     111     65.52233333
     112     66.71587074
     113     67.94571622
     114     69.15880234
     115     70.41243392
     116     71.64503076
     117     72.92248507
     118     74.17452925
     119     75.47586933
     120     76.74731816
     121     78.07258592
     122     79.36336809
     123     80.71263508
     124     82.02270253
     125     83.39601652
     126     84.72528903
     127     86.12273106
     128     87.47115452
     129     88.89277885
     130     90.26026307
     131     91.70616122
     132     93.09264544
     133     94.56287871
     134     95.96826173
     135     97.46293316
     136     98.88714699
     137    100.40632549
     138    101.84925678
     139    103.39305801
     140    104.85463102
     141    106.42313198
     142    107.90322003
     143    109.49655016
     144    110.99506927
     145    112.61331415
     146    114.13012312
     147    115.77342717
     148    117.30843331
     149    118.97689111
     150    120.52993741
     151    122.22370967
     152    123.79469437
     153    125.51388499
     154    127.10263395
     155    128.84742127
     156    130.45382338
     157    132.22432089
     158    133.84818346
     159    135.64458852
     160    137.28579103
     161    139.10822676
     162    140.76655653
     163    142.61524078
     164    144.29056797
     165    146.16563337
     166    147.85772383
     167    149.75941020
     168    151.46812515
     169    153.39657418
     170    155.12165651
     171    157.07713150
     172    158.81843428
     173    160.80108515
     174    162.55832680
     175    164.56844185
     176    166.34146852
     177    168.37920460
     178    170.16770868
     179    172.23338067
     180    174.03720323
     181    176.13097297
     182    177.94977879
     183    180.07198936
     184    181.90561697
     185    184.05643260
     186    185.90451735
     187    188.08431117
     188    189.94669244
     189    192.15562761
     190    194.03190914
     191    196.27039117
     192    198.16041737
     193    200.42860405
     194    202.33194415
     195    204.63027656
     196    206.54678505
     197    208.87541059
     198    210.80461768
     199    213.16401790
     200    215.10579395
     201    217.49610021
     202    219.44992935
     203    221.87167154
     204    223.83744601
     205    226.29073379
     206    228.26788009
     207    230.75330458
     208    232.74174255
     209    235.25938679
     210    237.25846631
     211    239.80900385
     212    241.81867674
     213    244.40216103
     214    246.42166984
     215    249.03889123
     216    251.06822156
     217    253.71920456
     218    255.75744236
     219    258.44314928
     220    260.49031200
     221    263.21074430
     222    265.26568338
     223    268.02206274
     224    270.08482162
     225    272.87713862
     226    274.94621161
     227    277.77608558
     228    279.85153510
     229    282.71896268
     230    284.79873222
     231    287.70595077
     232    289.79012450
     233    292.73715035
     234    294.82280772
     235    297.81285861
     236    299.90014956
     237    302.93324695
     238    305.01785357
     239    308.09883014
     240    310.18114225
     241    313.30991237
     242    315.38321592
     243    318.56747220
     244    320.63297740
     245    323.87210857
     246    325.91850976
     247    329.22602189
     248    331.25741506
     249    334.63068251
     250    336.62486902
     251    340.09295934
     252    342.06702301
     253    345.61861919
     254    347.50896606
     255    351.25929604
     256    353.26442303
 ---------------------------------------
 
SCF converged! Final Ground-State Energy (Eh):             -52.2732594623528968
