 
     Two-Electron DVR    
 ------------------------
 x0     =      15.00000000
 m      =       1.00000000
 Z      =       4.00000000
 n      =             1024
 dx     =       0.02932551
 
Soft-Coulomb Parameters:
 alpha  =       1.00000000
 beta   =       0.01000000
 
 
                       Hartree-Fock                      
 --------------------------------------------------------
 no. of orbitals        =             1024
 no. of electrons       =                2
 scf_damping_switch     =        F
 scf_diis_switch        =        F
 damping_factor         =   0.00000000
 e_tolerance            = 0.0000000000100000
 maximum scf-iterations =              200
 
 
                       SCF iterations                      
 ----------------------------------------------------------
    S.No    Energy (hartree)        dE (hartree)
 ----------------------------------------------------------
       0     -6.418296506144
       1     -3.753351650235      2.664944855909
       2     -4.066452200599      0.313100550364
       3     -4.144080963343      0.077628762744
       4     -4.159714606141      0.015633642798
       5     -4.163109920112      0.003395313971
       6     -4.163810217715      0.000700297602
       7     -4.163957456959      0.000147239245
       8     -4.163988116251      0.000030659291
       9     -4.163994527564      0.000006411314
      10     -4.163995865626      0.000001338062
      11     -4.163996145134      0.000000279509
      12     -4.163996203497      0.000000058363
      13     -4.163996215686      0.000000012189
      14     -4.163996218231      0.000000002545
      15     -4.163996218763      0.000000000532
      16     -4.163996218873      0.000000000111
      17     -4.163996218897      0.000000000024
      18     -4.163996218901      0.000000000004
 ----------------------------------------------------------
  
 
 
 ---------------------------------------
     Molecular Orbital Energies (Eh)    
 ---------------------------------------
       1     -1.15025469
       2     -0.35917667
       3     -0.28755644
       4     -0.18863400
       5     -0.14710315
       6     -0.07747779
       7     -0.02335746
       8      0.07055819
       9      0.14975562
      10      0.26712619
      11      0.37160577
      12      0.50995584
      13      0.63943176
      14      0.79786867
      15      0.95182955
      16      1.13022099
      17      1.30808181
      18      1.50662392
      19      1.70783777
      20      1.92683371
      21      2.15094506
      22      2.39069837
      23      2.63735539
      24      2.89812654
      25      3.16707181
      26      3.44906718
      27      3.74012007
      28      4.04349579
      29      4.35653383
      30      4.68140479
      31      5.01634754
      32      5.36279702
      33      5.71959339
      34      6.08768135
      35      6.46630014
      36      6.85606987
      37      7.25649310
      38      7.66797606
      39      8.09019434
      40      8.52341369
      41      8.96742306
      42      9.42239619
      43      9.88819604
      44     10.36493625
      45     10.85252801
      46     11.35104569
      47     11.86043191
      48     12.38073540
      49     12.91191919
      50     13.45401532
      51     14.00700005
      52     14.57089451
      53     15.14568355
      54     15.73138121
      55     16.32797786
      56     16.93548290
      57     17.55389029
      58     18.18320638
      59     18.82342745
      60     19.47455784
      61     20.13659533
      62     20.80954292
      63     21.49339936
      64     22.18816677
      65     22.89384448
      66     23.61043408
      67     24.33793524
      68     25.07634915
      69     25.82567575
      70     26.58591595
      71     27.35706982
      72     28.13913810
      73     28.93212095
      74     29.73601896
      75     30.55083234
      76     31.37656162
      77     32.21320699
      78     33.06076892
      79     33.91924763
      80     34.78864353
      81     35.66895683
      82     36.56018790
      83     37.46233694
      84     38.37540431
      85     39.29939018
      86     40.23429489
      87     41.18011861
      88     42.13686164
      89     43.10452414
      90     44.08310640
      91     45.07260856
      92     46.07303090
      93     47.08437356
      94     48.10663679
      95     49.13982070
      96     50.18392557
      97     51.23895148
      98     52.30489868
      99     53.38176726
     100     54.46955747
     101     55.56826937
     102     56.67790321
     103     57.79845903
     104     58.92993709
     105     60.07233741
     106     61.22566024
     107     62.38990560
     108     63.56507372
     109     64.75116463
     110     65.94817855
     111     67.15611550
     112     68.37497568
     113     69.60475911
     114     70.84546601
     115     72.09709637
     116     73.35965040
     117     74.63312809
     118     75.91752966
     119     77.21285508
     120     78.51910457
     121     79.83627809
     122     81.16437585
     123     82.50339782
     124     83.85334421
     125     85.21421497
     126     86.58601032
     127     87.96873019
     128     89.36237480
     129     90.76694409
     130     92.18243826
     131     93.60885726
     132     95.04620129
     133     96.49447027
     134     97.95366442
     135     99.42378365
     136    100.90482818
     137    102.39679792
     138    103.89969308
     139    105.41351357
     140    106.93825960
     141    108.47393106
     142    110.02052819
     143    111.57805086
     144    113.14649930
     145    114.72587339
     146    116.31617335
     147    117.91739906
     148    119.52955075
     149    121.15262828
     150    122.78663188
     151    124.43156141
     152    126.08741711
     153    127.75419883
     154    129.43190680
     155    131.12054088
     156    132.82010130
     157    134.53058790
     158    136.25200093
     159    137.98434022
     160    139.72760601
     161    141.48179814
     162    143.24691685
     163    145.02296196
     164    146.80993374
     165    148.60783198
     166    150.41665695
     167    152.23640846
     168    154.06708677
     169    155.90869168
     170    157.76122345
     171    159.62468189
     172    161.49906725
     173    163.38437933
     174    165.28061841
     175    167.18778426
     176    169.10587716
     177    171.03489689
     178    172.97484373
     179    174.92571745
     180    176.88751834
     181    178.86024615
     182    180.84390120
     183    182.83848321
     184    184.84399250
     185    186.86042881
     186    188.88779246
     187    190.92608316
     188    192.97530125
     189    195.03544644
     190    197.10651906
     191    199.18851882
     192    201.28144607
     193    203.38530049
     194    205.50008244
     195    207.62579161
     196    209.76242836
     197    211.90999235
     198    214.06848396
     199    216.23790286
     200    218.41824942
     201    220.60952330
     202    222.81172488
     203    225.02485382
     204    227.24891049
     205    229.48389455
     206    231.72980638
     207    233.98664563
     208    236.25441270
     209    238.53310721
     210    240.82272957
     211    243.12327941
     212    245.43475713
     213    247.75716236
     214    250.09049551
     215    252.43475618
     216    254.78994481
     217    257.15606099
     218    259.53310516
     219    261.92107691
     220    264.31997668
     221    266.72980404
     222    269.15055946
     223    271.58224251
     224    274.02485363
     225    276.47839240
     226    278.94285929
     227    281.41825384
     228    283.90457653
     229    286.40182690
     230    288.91000545
     231    291.42911170
     232    293.95914616
     233    296.50010833
     234    299.05199874
     235    301.61481688
     236    304.18856328
     237    306.77323744
     238    309.36883988
     239    311.97537010
     240    314.59282862
     241    317.22121493
     242    319.86052957
     243    322.51077203
     244    325.17194284
     245    327.84404147
     246    330.52706848
     247    333.22102333
     248    335.92590659
     249    338.64171769
     250    341.36845723
     251    344.10612463
     252    346.85472048
     253    349.61424421
     254    352.38469641
     255    355.16607650
     256    357.95838508
     257    360.76162157
     258    363.57578658
     259    366.40087950
     260    369.23690096
     261    372.08385035
     262    374.94172829
     263    377.81053417
     264    380.69026863
     265    383.58093104
     266    386.48252204
     267    389.39504101
     268    392.31848859
     269    395.25286414
     270    398.19816833
     271    401.15440050
     272    404.12156132
     273    407.09965013
     274    410.08866762
     275    413.08861310
     276    416.09948728
     277    419.12128946
     278    422.15402035
     279    425.19767926
     280    428.25226690
     281    431.31778255
     282    434.39422696
     283    437.48159938
     284    440.57990059
     285    443.68912981
     286    446.80928784
     287    449.94037389
     288    453.08238875
     289    456.23533165
     290    459.39920338
     291    462.57400315
     292    465.75973178
     293    468.95638844
     294    472.16397397
     295    475.38248755
     296    478.61193002
     297    481.85230054
     298    485.10359996
     299    488.36582744
     300    491.63898384
     301    494.92306830
     302    498.21808170
     303    501.52402317
     304    504.84089358
     305    508.16869207
     306    511.50741952
     307    514.85707505
     308    518.21765956
     309    521.58917215
     310    524.97161374
     311    528.36498341
     312    531.76928210
     313    535.18450887
     314    538.61066468
     315    542.04774856
     316    545.49576151
     317    548.95470253
     318    552.42457262
     319    555.90537080
     320    559.39709806
     321    562.89975341
     322    566.41333787
     323    569.93785040
     324    573.47329206
     325    577.01966181
     326    580.57696069
     327    584.14518766
     328    587.72434378
     329    591.31442799
     330    594.91544136
     331    598.52738283
     332    602.15025348
     333    605.78405222
     334    609.42878015
     335    613.08443618
     336    616.75102142
     337    620.42853475
     338    624.11697731
     339    627.81634796
     340    631.52664786
     341    635.24787584
     342    638.98003309
     343    642.72311842
     344    646.47713304
     345    650.24207573
     346    654.01794773
     347    657.80474780
     348    661.60247719
     349    665.41113466
     350    669.23072146
     351    673.06123634
     352    676.90268056
     353    680.75505286
     354    684.61835452
     355    688.49258426
     356    692.37774337
     357    696.27383056
     358    700.18084713
     359    704.09879178
     360    708.02766584
     361    711.96746797
     362    715.91819952
     363    719.87985913
     364    723.85244819
     365    727.83596531
     366    731.83041189
     367    735.83578652
     368    739.85209063
     369    743.87932280
     370    747.91748445
     371    751.96657416
     372    756.02659337
     373    760.09754064
     374    764.17941742
     375    768.27222225
     376    772.37595662
     377    776.49061903
     378    780.61621100
     379    784.75273100
     380    788.90018057
     381    793.05855818
     382    797.22786538
     383    801.40810060
     384    805.59926543
     385    809.80135829
     386    814.01438076
     387    818.23833126
     388    822.47321139
     389    826.71901954
     390    830.97575734
     391    835.24342315
     392    839.52201864
     393    843.81154213
     394    848.11199531
     395    852.42337648
     396    856.74568737
     397    861.07892624
     398    865.42309485
     399    869.77819143
     400    874.14421776
     401    878.52117207
     402    882.90905614
     403    887.30786819
     404    891.71761001
     405    896.13827980
     406    900.56987939
     407    905.01240693
     408    909.46586429
     409    913.93024961
     410    918.40556475
     411    922.89180784
     412    927.38898079
     413    931.89708167
     414    936.41611242
     415    940.94607110
     416    945.48695967
     417    950.03877617
     418    954.60152257
     419    959.17519689
     420    963.75980113
     421    968.35533329
     422    972.96179538
     423    977.57918538
     424    982.20750534
     425    986.84675319
     426    991.49693102
     427    996.15803674
     428   1000.83007246
     429   1005.51303606
     430   1010.20692967
     431   1014.91175115
     432   1019.62750268
     433   1024.35418206
     434   1029.09179150
     435   1033.84032879
     436   1038.59979616
     437   1043.37019137
     438   1048.15151668
     439   1052.94376982
     440   1057.74695307
     441   1062.56106416
     442   1067.38610537
     443   1072.22207441
     444   1077.06897360
     445   1081.92680059
     446   1086.79555777
     447   1091.67524273
     448   1096.56585790
     449   1101.46740085
     450   1106.37987402
     451   1111.30327496
     452   1116.23760614
     453   1121.18286509
     454   1126.13905430
     455   1131.10617126
     456   1136.08421850
     457   1141.07319348
     458   1146.07309877
     459   1151.08393179
     460   1156.10569514
     461   1161.13838620
     462   1166.18200761
     463   1171.23655673
     464   1176.30203622
     465   1181.37844341
     466   1186.46578098
     467   1191.56404625
     468   1196.67324192
     469   1201.79336527
     470   1206.92441905
     471   1212.06640050
     472   1217.21931240
     473   1222.38315196
     474   1227.55792199
     475   1232.74361966
     476   1237.94024783
     477   1243.14780363
     478   1248.36628995
     479   1253.59570389
     480   1258.83604838
     481   1264.08732046
     482   1269.34952312
     483   1274.62265336
     484   1279.90671420
     485   1285.20170261
     486   1290.50762164
     487   1295.82446823
     488   1301.15224547
     489   1306.49095025
     490   1311.84058570
     491   1317.20114867
     492   1322.57264235
     493   1327.95506354
     494   1333.34841545
     495   1338.75269485
     496   1344.16790501
     497   1349.59404265
     498   1355.03111106
     499   1360.47910694
     500   1365.93803361
     501   1371.40788774
     502   1376.88867270
     503   1382.38038509
     504   1387.88302833
     505   1393.39659899
     506   1398.92110053
     507   1404.45652947
     508   1410.00288932
     509   1415.56017655
     510   1421.12839472
     511   1426.70754026
     512   1432.29761676
     513   1437.89862060
     514   1443.51055544
     515   1449.13341761
     516   1454.76721080
     517   1460.41193130
     518   1466.06758286
     519   1471.73416170
     520   1477.41167162
     521   1483.10010882
     522   1488.79947713
     523   1494.50977269
     524   1500.23099939
     525   1505.96315332
     526   1511.70623843
     527   1517.46025075
     528   1523.22519427
     529   1529.00106498
     530   1534.78786692
     531   1540.58559604
     532   1546.39425642
     533   1552.21384396
     534   1558.04436278
     535   1563.88580874
     536   1569.73818602
     537   1575.60149042
     538   1581.47572617
     539   1587.36088901
     540   1593.25698324
     541   1599.16400454
     542   1605.08195725
     543   1611.01083702
     544   1616.95064824
     545   1622.90138648
     546   1628.86305621
     547   1634.83565293
     548   1640.81918118
     549   1646.81363641
     550   1652.81902319
     551   1658.83533693
     552   1664.86258225
     553   1670.90075450
     554   1676.94985838
     555   1683.00988916
     556   1689.08085161
     557   1695.16274093
     558   1701.25556194
     559   1707.35930981
     560   1713.47398942
     561   1719.59959585
     562   1725.73613405
     563   1731.88359905
     564   1738.04199585
     565   1744.21131944
     566   1750.39157486
     567   1756.58275703
     568   1762.78487109
     569   1768.99791186
     570   1775.22188455
     571   1781.45678394
     572   1787.70261528
     573   1793.95937329
     574   1800.22706330
     575   1806.50567994
     576   1812.79522861
     577   1819.09570390
     578   1825.40711126
     579   1831.72944519
     580   1838.06271125
     581   1844.40690385
     582   1850.76202861
     583   1857.12807988
     584   1863.50506336
     585   1869.89297331
     586   1876.29181552
     587   1882.70158416
     588   1889.12228511
     589   1895.55391246
     590   1901.99647215
     591   1908.44995822
     592   1914.91437667
     593   1921.38972146
     594   1927.87599868
     595   1934.37320221
     596   1940.88133821
     597   1947.40040049
     598   1953.93039528
     599   1960.47131631
     600   1967.02316990
     601   1973.58594970
     602   1980.15966211
     603   1986.74430068
     604   1993.33987192
     605   1999.94636928
     606   2006.56379935
     607   2013.19215550
     608   2019.83144442
     609   2026.48165938
     610   2033.14280715
     611   2039.81488094
     612   2046.49788757
     613   2053.19182019
     614   2059.89668570
     615   2066.61247715
     616   2073.33920156
     617   2080.07685185
     618   2086.82543516
     619   2093.58494431
     620   2100.35538653
     621   2107.13675455
     622   2113.92905569
     623   2120.73228259
     624   2127.54644266
     625   2134.37152845
     626   2141.20754746
     627   2148.05449214
     628   2154.91237011
     629   2161.78117371
     630   2168.66091064
     631   2175.55157315
     632   2182.45316906
     633   2189.36569049
     634   2196.28914539
     635   2203.22352576
     636   2210.16883966
     637   2217.12507898
     638   2224.09225188
     639   2231.07035015
     640   2238.05938207
     641   2245.05933931
     642   2252.07023026
     643   2259.09204648
     644   2266.12479646
     645   2273.16847167
     646   2280.22308070
     647   2287.28861490
     648   2294.36508300
     649   2301.45247620
     650   2308.55080337
     651   2315.66005558
     652   2322.78024183
     653   2329.91135307
     654   2337.05339841
     655   2344.20636868
     656   2351.37027312
     657   2358.54510243
     658   2365.73086598
     659   2372.92755435
     660   2380.13517702
     661   2387.35372445
     662   2394.58320625
     663   2401.82361275
     664   2409.07495369
     665   2416.33721926
     666   2423.61041936
     667   2430.89454402
     668   2438.18960328
     669   2445.49558704
     670   2452.81250547
     671   2460.14034833
     672   2467.47912594
     673   2474.82882791
     674   2482.18946472
     675   2489.56102581
     676   2496.94352182
     677   2504.33694204
     678   2511.74129726
     679   2519.15657662
     680   2526.58279106
     681   2534.01992956
     682   2541.46800323
     683   2548.92700089
     684   2556.39693380
     685   2563.87779062
     686   2571.36958278
     687   2578.87229877
     688   2586.38595019
     689   2593.91052535
     690   2601.44603604
     691   2608.99247039
     692   2616.54984035
     693   2624.11813389
     694   2631.69736314
     695   2639.28751588
     696   2646.88860443
     697   2654.50061637
     698   2662.12356422
     699   2669.75743538
     700   2677.40224254
     701   2685.05797292
     702   2692.72463940
     703   2700.40222900
     704   2708.09075482
     705   2715.79020365
     706   2723.50058880
     707   2731.22189688
     708   2738.95414137
     709   2746.69730869
     710   2754.45141254
     711   2762.21643911
     712   2769.99240232
     713   2777.77928815
     714   2785.57711073
     715   2793.38585582
     716   2801.20553777
     717   2809.03614213
     718   2816.87768347
     719   2824.73014710
     720   2832.59354783
     721   2840.46787074
     722   2848.35313087
     723   2856.24931306
     724   2864.15643260
     725   2872.07447407
     726   2880.00345302
     727   2887.94335379
     728   2895.89419215
     729   2903.85595221
     730   2911.82865000
     731   2919.81226936
     732   2927.80682658
     733   2935.81230524
     734   2943.82872190
     735   2951.85605987
     736   2959.89433597
     737   2967.94353324
     738   2976.00366879
     739   2984.07472537
     740   2992.15672037
     741   3000.24963626
     742   3008.35349072
     743   3016.46826593
     744   3024.59397985
     745   3032.73061437
     746   3040.87818776
     747   3049.03668159
     748   3057.20611446
     749   3065.38646761
     750   3073.57775995
     751   3081.77997241
     752   3089.99312423
     753   3098.21719601
     754   3106.45220732
     755   3114.69813841
     756   3122.95500920
     757   3131.22279961
     758   3139.50152989
     759   3147.79117961
     760   3156.09176938
     761   3164.40327841
     762   3172.72572768
     763   3181.05909602
     764   3189.40340477
     765   3197.75863242
     766   3206.12480068
     767   3214.50188763
     768   3222.88991538
     769   3231.28886163
     770   3239.69874887
     771   3248.11955442
     772   3256.55130116
     773   3264.99396599
     774   3273.44757224
     775   3281.91209635
     776   3290.38756209
     777   3298.87394549
     778   3307.37127072
     779   3315.87951338
     780   3324.39869811
     781   3332.92880004
     782   3341.46984426
     783   3350.02180544
     784   3358.58470915
     785   3367.15852958
     786   3375.74329277
     787   3384.33897244
     788   3392.94559511
     789   3401.56313400
     790   3410.19161616
     791   3418.83101426
     792   3427.48135589
     793   3436.14261320
     794   3444.81481430
     795   3453.49793079
     796   3462.19199135
     797   3470.89696703
     798   3479.61288704
     799   3488.33972188
     800   3497.07750134
     801   3505.82619532
     802   3514.58583422
     803   3523.35638733
     804   3532.13788567
     805   3540.93029789
     806   3549.73365565
     807   3558.54792697
     808   3567.37314414
     809   3576.20927452
     810   3585.05635110
     811   3593.91434054
     812   3602.78327650
     813   3611.66312497
     814   3620.55392031
     815   3629.45562779
     816   3638.36828249
     817   3647.29184895
     818   3656.22636300
     819   3665.17178842
     820   3674.12816181
     821   3683.09544616
     822   3692.07367886
     823   3701.06282211
     824   3710.06291411
     825   3719.07391624
     826   3728.09586752
     827   3737.12872848
     828   3746.17253903
     829   3755.22725880
     830   3764.29292859
     831   3773.36950713
     832   3782.45703614
     833   3791.55547341
     834   3800.66486162
     835   3809.78515759
     836   3818.91640498
     837   3828.05855960
     838   3837.21166613
     839   3846.37567937
     840   3855.55064502
     841   3864.73651683
     842   3873.93334158
     843   3883.14107190
     844   3892.35975571
     845   3901.58934451
     846   3910.82988736
     847   3920.08133457
     848   3929.34373643
     849   3938.61704201
     850   3947.90130283
     851   3957.19646672
     852   3966.50258647
     853   3975.81960861
     854   3985.14758726
     855   3994.48646759
     856   4003.83630509
     857   4013.19704354
     858   4022.56873986
     859   4031.95133637
     860   4041.34489146
     861   4050.74934595
     862   4060.16475977
     863   4069.59107217
     864   4079.02834466
     865   4088.47651490
     866   4097.93564602
     867   4107.40567401
     868   4116.88666371
     869   4126.37854936
     870   4135.88139759
     871   4145.39514082
     872   4154.91984751
     873   4164.45544822
     874   4174.00201332
     875   4183.55947141
     876   4193.12789486
     877   4202.70721023
     878   4212.29749197
     879   4221.89866450
     880   4231.51080446
     881   4241.13383405
     882   4250.76783216
     883   4260.41271868
     884   4270.06857486
     885   4279.73531820
     886   4289.41303238
     887   4299.10163240
     888   4308.80120450
     889   4318.51166106
     890   4328.23309100
     891   4337.96540395
     892   4347.70869165
     893   4357.46286085
     894   4367.22800621
     895   4377.00403149
     896   4386.79103442
     897   4396.58891561
     898   4406.39777602
     899   4416.21751295
     900   4426.04823072
     901   4435.88982321
     902   4445.74239825
     903   4455.60584610
     904   4465.48027829
     905   4475.36558129
     906   4485.26187052
     907   4495.16902845
     908   4505.08717460
     909   4515.01618724
     910   4524.95619019
     911   4534.90705729
     912   4544.86891690
     913   4554.84163822
     914   4564.82535436
     915   4574.81992961
     916   4584.82550214
     917   4594.84193105
     918   4604.86935982
     919   4614.90764209
     920   4624.95692695
     921   4635.01706225
     922   4645.08820305
     923   4655.17019105
     924   4665.26318761
     925   4675.36702795
     926   4685.48188011
     927   4695.60757241
     928   4705.74427999
     929   4715.89182385
     930   4726.05038666
     931   4736.21978164
     932   4746.40019950
     933   4756.59144515
     934   4766.79371786
     935   4777.00681369
     936   4787.23094104
     937   4797.46588653
     938   4807.71186831
     939   4817.96866290
     940   4828.23649889
     941   4838.51514199
     942   4848.80483197
     943   4859.10532293
     944   4869.41686667
     945   4879.73920481
     946   4890.07260206
     947   4900.41678665
     948   4910.77203717
     949   4921.13806741
     950   4931.51517095
     951   4941.90304598
     952   4952.30200230
     953   4962.71172118
     954   4973.13252999
     955   4983.56409176
     956   4994.00675283
     957   5004.46015635
     958   5014.92466938
     959   5025.39991352
     960   5035.88627828
     961   5046.38336170
     962   5056.89157787
     963   5067.41049926
     964   5077.94056662
     965   5088.48132436
     966   5099.03324254
     967   5109.59583513
     968   5120.16960393
     969   5130.75402943
     970   5141.34964835
     971   5151.95590508
     972   5162.57337395
     973   5173.20145960
     974   5183.84077760
     975   5194.49069046
     976   5205.15185734
     977   5215.82359475
     978   5226.50660906
     979   5237.20016959
     980   5247.90503065
     981   5258.62041160
     982   5269.34711651
     983   5280.08431758
     984   5290.83286438
     985   5301.59188372
     986   5312.36226629
     987   5323.14310661
     988   5333.93531964
     989   5344.73798228
     990   5355.55201277
     991   5366.37650739
     992   5377.21234218
     993   5388.05867839
     994   5398.91629081
     995   5409.78449224
     996   5420.66385275
     997   5431.55394663
     998   5442.45500536
     999   5453.36703685
    1000   5464.28973721
    1001   5475.22376090
    1002   5486.16803147
    1003   5497.12409821
    1004   5508.08986634
    1005   5519.06803233
    1006   5530.05529930
    1007   5541.05545523
    1008   5552.06429952
    1009   5563.08624166
    1010   5574.11733945
    1011   5585.15983456
    1012   5596.21452770
    1013   5607.27534464
    1014   5618.35853893
    1015   5629.42980749
    1016   5640.55083527
    1017   5651.61849147
    1018   5662.80248266
    1019   5673.83325093
    1020   5685.10980451
    1021   5696.07485192
    1022   5707.48255033
    1023   5718.37637535
    1024   5729.87699843
 ---------------------------------------
 
SCF converged! Final Ground-State Energy (Eh):              -4.1639962189014241
