 
     Two-Electron DVR    
 ------------------------
 x0     =      15.00000000
 m      =       1.00000000
 Z      =       4.00000000
 n      =               64
 dx     =       0.47619048
 
Soft-Coulomb Parameters:
 alpha  =       0.10000000
 beta   =       0.10000000
 
 
                       Hartree-Fock                      
 --------------------------------------------------------
 no. of orbitals        =               64
 no. of electrons       =                2
 scf_damping_switch     =        F
 scf_diis_switch        =        F
 damping_factor         =   0.00000000
 e_tolerance            = 0.0000000000100000
 maximum scf-iterations =              200
 
 
                       SCF iterations                      
 ----------------------------------------------------------
    S.No    Energy (hartree)        dE (hartree)
 ----------------------------------------------------------
       0    -16.811443613607
       1    -14.596882828254      2.214560785353
       2    -14.621395561947      0.024512733692
       3    -14.621727087220      0.000331525274
       4    -14.621731632297      0.000004545077
       5    -14.621731696233      0.000000063936
       6    -14.621731697146      0.000000000913
       7    -14.621731697159      0.000000000013
       8    -14.621731697159      0.000000000000
 ----------------------------------------------------------
  
 
 
 ---------------------------------------
     Molecular Orbital Energies (Eh)    
 ---------------------------------------
       1     -6.22950218
       2     -1.49316897
       3     -0.67041936
       4     -0.43176475
       5     -0.27073378
       6     -0.20110914
       7     -0.13507368
       8     -0.08566914
       9     -0.00736161
      10      0.06330999
      11      0.17138509
      12      0.26355548
      13      0.39931188
      14      0.51145087
      15      0.67383796
      16      0.80501809
      17      0.99357184
      18      1.14297421
      19      1.35767785
      20      1.52465758
      21      1.76559811
      22      1.94938387
      23      2.21695041
      24      2.41693879
      25      2.71144626
      26      2.92680766
      27      3.24888498
      28      3.47903304
      29      3.82910046
      30      4.07312113
      31      4.45198923
      32      4.70933586
      33      5.11745172
      34      5.38711779
      35      5.82544683
      36      6.10698051
      37      6.57591293
      38      6.86821012
      39      7.36885768
      40      7.67164525
      41      8.20424319
      42      8.51628138
      43      9.08213505
      44      9.40342333
      45     10.00252463
      46     10.33152998
      47     10.96559267
      48     11.30265928
      49     11.97141034
      50     12.31425495
      51     13.02045561
      52     13.36982954
      53     14.11304002
      54     14.46479424
      55     15.25049487
      56     15.60623086
      57     16.43384917
      58     16.78489249
      59     17.66755964
      60     18.02001390
      61     18.95572977
      62     19.28719430
      63     20.33163835
      64     20.70740061
 ---------------------------------------
 
SCF converged! Final Ground-State Energy (Eh):             -14.6217316971594631
