 
     Two-Electron DVR    
 ------------------------
 x0     =      15.00000000
 m      =       1.00000000
 Z      =       5.00000000
 n      =               64
 dx     =       0.47619048
 
Soft-Coulomb Parameters:
 alpha  =       0.01000000
 beta   =       0.10000000
 
 
                       Hartree-Fock                      
 --------------------------------------------------------
 no. of orbitals        =               64
 no. of electrons       =                2
 scf_damping_switch     =        F
 scf_diis_switch        =        F
 damping_factor         =   0.00000000
 e_tolerance            = 0.0000000000100000
 maximum scf-iterations =              200
 
 
                       SCF iterations                      
 ----------------------------------------------------------
    S.No    Energy (hartree)        dE (hartree)
 ----------------------------------------------------------
       0    -34.326804608367
       1    -31.950028250085      2.376776358282
       2    -31.954947297343      0.004919047258
       3    -31.954976064139      0.000028766795
       4    -31.954976235227      0.000000171089
       5    -31.954976236253      0.000000001025
       6    -31.954976236259      0.000000000006
 ----------------------------------------------------------
  
 
 
 ---------------------------------------
     Molecular Orbital Energies (Eh)    
 ---------------------------------------
       1    -14.79419404
       2     -6.71531067
       3     -1.56716605
       4     -1.25572533
       5     -0.61707154
       6     -0.53585262
       7     -0.32812073
       8     -0.29524662
       9     -0.18694524
      10     -0.16046801
      11     -0.03274256
      12      0.00409607
      13      0.17553994
      14      0.22271678
      15      0.43477642
      16      0.49165198
      17      0.74213673
      18      0.80821080
      19      1.09603777
      20      1.17117851
      21      1.49548633
      22      1.57933340
      23      1.93983932
      24      2.03242888
      25      2.42862718
      26      2.52956050
      27      2.96153959
      28      3.07096681
      29      3.53831581
      30      3.65574073
      31      4.15880620
      32      4.28451193
      33      4.82285304
      34      4.95620803
      35      5.53041086
      36      5.67188339
      37      6.28138452
      38      6.43015498
      39      7.07582450
      40      7.23262688
      41      7.91368707
      42      8.07741632
      43      8.79514805
      44      8.96693048
      45      9.72022648
      46      9.89848565
      47     10.68931164
      48     10.87579615
      49     11.70253144
      50     11.89482597
      51     12.76071939
      52     12.96169576
      53     13.86424867
      54     14.06985109
      55     15.01510415
      56     15.23068016
      57     16.21440025
      58     16.43210185
      59     17.46841181
      60     17.70122240
      61     18.78211161
      62     19.00950466
      63     20.20283275
      64     20.50331506
 ---------------------------------------
 
SCF converged! Final Ground-State Energy (Eh):             -31.9549762362588261
