 
     Two-Electron DVR    
 ------------------------
 x0     =      15.00000000
 m      =       1.00000000
 Z      =       6.00000000
 n      =             1024
 dx     =       0.02932551
 
Soft-Coulomb Parameters:
 alpha  =       1.00000000
 beta   =       0.10000000
 
 
                       Hartree-Fock                      
 --------------------------------------------------------
 no. of orbitals        =             1024
 no. of electrons       =                2
 scf_damping_switch     =        F
 scf_diis_switch        =        F
 damping_factor         =   0.00000000
 e_tolerance            = 0.0000000000100000
 maximum scf-iterations =              200
 
 
                       SCF iterations                      
 ----------------------------------------------------------
    S.No    Energy (hartree)        dE (hartree)
 ----------------------------------------------------------
       0     -9.988194935464
       1     -8.211890222481      1.776304712982
       2     -8.286106556467      0.074216333986
       3     -8.287168194483      0.001061638016
       4     -8.287185115290      0.000016920807
       5     -8.287185470108      0.000000354818
       6     -8.287185478735      0.000000008627
       7     -8.287185478957      0.000000000222
       8     -8.287185478963      0.000000000006
 ----------------------------------------------------------
  
 
 
 ---------------------------------------
     Molecular Orbital Energies (Eh)    
 ---------------------------------------
       1     -3.33283366
       2     -1.53472561
       3     -1.08110033
       4     -0.78753057
       5     -0.59787842
       6     -0.46590099
       7     -0.37234212
       8     -0.29619492
       9     -0.22172093
      10     -0.13555400
      11     -0.03619865
      12      0.07801924
      13      0.20445310
      14      0.34462202
      15      0.49613449
      16      0.66067602
      17      0.83615245
      18      1.02417667
      19      1.22295809
      20      1.43392352
      21      1.65558659
      22      1.88914619
      23      2.13340328
      24      2.38932744
      25      2.65597597
      26      2.93410961
      27      3.22300367
      28      3.52324041
      29      3.83427350
      30      4.15653948
      31      4.48963330
      32      4.83387660
      33      5.18897340
      34      5.55515718
      35      5.93221431
      36      6.32031217
      37      6.71929819
      38      7.12929105
      39      7.55018281
      40      7.98205683
      41      8.42483733
      42      8.87858242
      43      9.34323926
      44      9.81884806
      45     10.30537221
      46     10.80283940
      47     11.31122437
      48     11.83054610
      49     12.36078726
      50     12.90196081
      51     13.45405491
      52     14.01707840
      53     14.59102323
      54     15.17589540
      55     15.77168948
      56     16.37840956
      57     16.99605198
      58     17.62461954
      59     18.26410980
      60     18.91452468
      61     19.57586257
      62     20.24812481
      63     20.93131034
      64     21.62542011
      65     22.33045344
      66     23.04641102
      67     23.77329242
      68     24.51109815
      69     25.25982796
      70     26.01948224
      71     26.79006085
      72     27.57156410
      73     28.36399191
      74     29.16734457
      75     29.98162203
      76     30.80682453
      77     31.64295206
      78     32.49000483
      79     33.34798287
      80     34.21688635
      81     35.09671530
      82     35.98746991
      83     36.88915018
      84     37.80175630
      85     38.72528829
      86     39.65974631
      87     40.60513039
      88     41.56144067
      89     42.52867718
      90     43.50684007
      91     44.49592935
      92     45.49594517
      93     46.50688754
      94     47.52875659
      95     48.56155234
      96     49.60527492
      97     50.65992432
      98     51.72550070
      99     52.80200402
     100     53.88943444
     101     54.98779193
     102     56.09707663
     103     57.21728851
     104     58.34842771
     105     59.49049419
     106     60.64348810
     107     61.80740938
     108     62.98225819
     109     64.16803446
     110     65.36473834
     111     66.57236977
     112     67.79092889
     113     69.02041564
     114     70.26083016
     115     71.51217237
     116     72.77444243
     117     74.04764025
     118     75.33176598
     119     76.62681953
     120     77.93280106
     121     79.24971047
     122     80.57754790
     123     81.91631327
     124     83.26600673
     125     84.62662817
     126     85.99817774
     127     87.38065534
     128     88.77406112
     129     90.17839497
     130     91.59365704
     131     93.01984722
     132     94.45696567
     133     95.90501226
     134     97.36398715
     135     98.83389022
     136    100.31472163
     137    101.80648125
     138    103.30916924
     139    104.82278545
     140    106.34733008
     141    107.88280296
     142    109.42920428
     143    110.98653388
     144    112.55479194
     145    114.13397830
     146    115.72409315
     147    117.32513632
     148    118.93710800
     149    120.56000802
     150    122.19383658
     151    123.83859349
     152    125.49427895
     153    127.16089279
     154    128.83843520
     155    130.52690600
     156    132.22630539
     157    133.93663318
     158    135.65788958
     159    137.39007439
     160    139.13318783
     161    140.88722968
     162    142.65220019
     163    144.42809911
     164    146.21492670
     165    148.01268273
     166    149.82136743
     167    151.64098057
     168    153.47152241
     169    155.31299269
     170    157.16539167
     171    159.02871911
     172    160.90297527
     173    162.78815988
     174    164.68427323
     175    166.59131504
     176    168.50928558
     177    170.43818460
     178    172.37801236
     179    174.32876860
     180    176.29045360
     181    178.26306708
     182    180.24660932
     183    182.24108005
     184    184.24647955
     185    186.26280754
     186    188.29006431
     187    190.32824958
     188    192.37736363
     189    194.43740618
     190    196.50837753
     191    198.59027737
     192    200.68310602
     193    202.78686316
     194    204.90154912
     195    207.02716358
     196    209.16370686
     197    211.31117864
     198    213.46957926
     199    215.63890836
     200    217.81916632
     201    220.01035276
     202    222.21246806
     203    224.42551185
     204    226.64948450
     205    228.88438564
     206    231.13021565
     207    233.38697415
     208    235.65466153
     209    237.93327739
     210    240.22282214
     211    242.52329538
     212    244.83469751
     213    247.15702813
     214    249.49028764
     215    251.83447564
     216    254.18959255
     217    256.55563794
     218    258.93261224
     219    261.32051503
     220    263.71934673
     221    266.12910692
     222    268.54979603
     223    270.98141363
     224    273.42396015
     225    275.87743516
     226    278.34183910
     227    280.81717152
     228    283.30343289
     229    285.80062273
     230    288.30874153
     231    290.82778880
     232    293.35776503
     233    295.89866973
     234    298.45050339
     235    301.01326553
     236    303.58695664
     237    306.17157622
     238    308.76712478
     239    311.37360180
     240    313.99100781
     241    316.61934228
     242    319.25860575
     243    321.90879768
     244    324.56991860
     245    327.24196799
     246    329.92494638
     247    332.61885323
     248    335.32368910
     249    338.03945342
     250    340.76614675
     251    343.50376855
     252    346.25231936
     253    349.01179863
     254    351.78220694
     255    354.56354368
     256    357.35580948
     257    360.15900371
     258    362.97312700
     259    365.79817872
     260    368.63415951
     261    371.48106873
     262    374.33890701
     263    377.20767373
     264    380.08736953
     265    382.97799375
     266    385.87954705
     267    388.79202879
     268    391.71543961
     269    394.64977885
     270    397.59504719
     271    400.55124396
     272    403.51836982
     273    406.49642411
     274    409.48540751
     275    412.48531932
     276    415.49616025
     277    418.51792959
     278    421.55062807
     279    424.59425495
     280    427.64881096
     281    430.71429538
     282    433.79070895
     283    436.87805091
     284    439.97632204
     285    443.08552155
     286    446.20565023
     287    449.33670730
     288    452.47869355
     289    455.63160818
     290    458.79545199
     291    461.97022419
     292    465.15592557
     293    468.35255534
     294    471.56011430
     295    474.77860164
     296    478.00801819
     297    481.24836311
     298    484.49963725
     299    487.76183975
     300    491.03497149
     301    494.31903158
     302    497.61402091
     303    500.91993860
     304    504.23678554
     305    507.56456083
     306    510.90326537
     307    514.25289827
     308    517.61346043
     309    520.98495093
     310    524.36737071
     311    527.76071884
     312    531.16499624
     313    534.58020199
     314    538.00633702
     315    541.44340039
     316    544.89139306
     317    548.35031407
     318    551.82016438
     319    555.30094302
     320    558.79265098
     321    562.29528726
     322    565.80885288
     323    569.33334681
     324    572.86877008
     325    576.41512167
     326    579.97240261
     327    583.54061185
     328    587.11975046
     329    590.70981737
     330    594.31081365
     331    597.92273823
     332    601.54559220
     333    605.17937445
     334    608.82408611
     335    612.47972604
     336    616.14629539
     337    619.82379302
     338    623.51222006
     339    627.21157538
     340    630.92186013
     341    634.64307315
     342    638.37521562
     343    642.11828634
     344    645.87228652
     345    649.63721496
     346    653.41307286
     347    657.19985902
     348    660.99757465
     349    664.80621853
     350    668.62579190
     351    672.45629351
     352    676.29772462
     353    680.15008396
     354    684.01337282
     355    687.88758991
     356    691.77273652
     357    695.66881136
     358    699.57581574
     359    703.49374833
     360    707.42261047
     361    711.36240082
     362    715.31312074
     363    719.27476886
     364    723.24734655
     365    727.23085244
     366    731.22528793
     367    735.23065160
     368    739.24694488
     369    743.27416634
     370    747.31231742
     371    751.36139667
     372    755.42140555
     373    759.49234261
     374    763.57420930
     375    767.66700416
     376    771.77072868
     377    775.88538135
     378    780.01096370
     379    784.14747419
     380    788.29491437
     381    792.45328269
     382    796.62258071
     383    800.80280686
     384    804.99396273
     385    809.19604672
     386    813.40906044
     387    817.63300229
     388    821.86787387
     389    826.11367356
     390    830.37040301
     391    834.63806057
     392    838.91664790
     393    843.20616332
     394    847.50660853
     395    851.81798183
     396    856.14028493
     397    860.47351611
     398    864.81767711
     399    869.17276618
     400    873.53878508
     401    877.91573205
     402    882.30360886
     403    886.70241373
     404    891.11214847
     405    895.53281125
     406    899.96440391
     407    904.40692461
     408    908.86037520
     409    913.32475383
     410    917.80006236
     411    922.28629892
     412    926.78346540
     413    931.29155990
     414    935.81058434
     415    940.34053679
     416    944.88141919
     417    949.43322960
     418    953.99596997
     419    958.56963834
     420    963.15423669
     421    967.74976303
     422    972.35621937
     423    976.97360368
     424    981.60191802
     425    986.24116032
     426    990.89133266
     427    995.55243295
     428   1000.22446330
     429   1004.90742159
     430   1009.60130996
     431   1014.30612626
     432   1019.02187266
     433   1023.74854698
     434   1028.48615141
     435   1033.23468375
     436   1037.99414622
     437   1042.76453660
     438   1047.54585712
     439   1052.33810554
     440   1057.14128412
     441   1061.95539058
     442   1066.78042723
     443   1071.61639175
     444   1076.46328647
     445   1081.32110905
     446   1086.18986186
     447   1091.06954251
     448   1095.96015341
     449   1100.86169215
     450   1105.77416115
     451   1110.69755797
     452   1115.63188507
     453   1120.57713999
     454   1125.53332522
     455   1130.50043824
     456   1135.47848159
     457   1140.46745272
     458   1145.46735421
     459   1150.47818346
     460   1155.49994309
     461   1160.53263047
     462   1165.57624825
     463   1170.63079377
     464   1175.69626970
     465   1180.77267338
     466   1185.86000748
     467   1190.95826930
     468   1196.06746158
     469   1201.18758157
     470   1206.31863203
     471   1211.46061019
     472   1216.61351884
     473   1221.77735519
     474   1226.95212204
     475   1232.13781657
     476   1237.33444164
     477   1242.54199437
     478   1247.76047766
     479   1252.98988859
     480   1258.23023011
     481   1263.48149926
     482   1268.74369901
     483   1274.01682638
     484   1279.30088439
     485   1284.59586999
     486   1289.90178625
     487   1295.21863009
     488   1300.54640462
     489   1305.88510671
     490   1311.23473951
     491   1316.59529986
     492   1321.96679094
     493   1327.34920956
     494   1332.74255894
     495   1338.14683583
     496   1343.56204351
     497   1348.98817869
     498   1354.42524468
     499   1359.87323815
     500   1365.33216246
     501   1370.80201424
     502   1376.28279687
     503   1381.77450696
     504   1387.27714794
     505   1392.79071635
     506   1398.31521567
     507   1403.85064241
     508   1409.39700009
     509   1414.95428518
     510   1420.52250122
     511   1426.10164465
     512   1431.69171907
     513   1437.29272086
     514   1442.90465367
     515   1448.52751383
     516   1454.16130503
     517   1459.80602356
     518   1465.46167317
     519   1471.12825009
     520   1476.80575811
     521   1482.49419343
     522   1488.19355987
     523   1493.90385359
     524   1499.62507847
     525   1505.35723060
     526   1511.10031392
     527   1516.85432448
     528   1522.61926625
     529   1528.39513524
     530   1534.18193548
     531   1539.97966291
     532   1545.78832162
     533   1551.60790750
     534   1557.43842470
     535   1563.27986904
     536   1569.13224472
     537   1574.99554754
     538   1580.86978172
     539   1586.75494302
     540   1592.65103572
     541   1598.55805550
     542   1604.47600672
     543   1610.40488500
     544   1616.34469475
     545   1622.29543155
     546   1628.25709984
     547   1634.22969515
     548   1640.21322200
     549   1646.20767583
     550   1652.21306124
     551   1658.22937362
     552   1664.25661760
     553   1670.29478852
     554   1676.34389108
     555   1682.40392056
     556   1688.47488171
     557   1694.55676976
     558   1700.64958951
     559   1706.75333614
     560   1712.86801451
     561   1718.99361971
     562   1725.13015671
     563   1731.27762051
     564   1737.43601613
     565   1743.60533855
     566   1749.78559281
     567   1755.97677384
     568   1762.17888676
     569   1768.39192641
     570   1774.61589799
     571   1780.85079628
     572   1787.09662654
     573   1793.35338347
     574   1799.62107241
     575   1805.89968800
     576   1812.18923563
     577   1818.48970988
     578   1824.80111623
     579   1831.12344915
     580   1837.45671421
     581   1843.80090582
     582   1850.15602960
     583   1856.52207990
     584   1862.89906242
     585   1869.28697143
     586   1875.68581269
     587   1882.09558041
     588   1888.51628044
     589   1894.94790688
     590   1901.39046567
     591   1907.84395085
     592   1914.30836842
     593   1920.78371234
     594   1927.26998869
     595   1933.76719137
     596   1940.27532652
     597   1946.79438796
     598   1953.32438192
     599   1959.86530214
     600   1966.41715492
     601   1972.97993391
     602   1979.55364552
     603   1986.13828331
     604   1992.73385376
     605   1999.34035036
     606   2005.95777966
     607   2012.58613506
     608   2019.22542323
     609   2025.87563745
     610   2032.53678449
     611   2039.20885755
     612   2045.89186347
     613   2052.58579537
     614   2059.29066018
     615   2066.00645093
     616   2072.73317465
     617   2079.47082426
     618   2086.21940689
     619   2092.97891538
     620   2099.74935693
     621   2106.53072430
     622   2113.32302479
     623   2120.12625104
     624   2126.94041048
     625   2133.76549563
     626   2140.60151403
     627   2147.44845809
     628   2154.30633545
     629   2161.17513844
     630   2168.05487477
     631   2174.94553669
     632   2181.84713201
     633   2188.75965286
     634   2195.68310718
     635   2202.61748699
     636   2209.56280031
     637   2216.51903908
     638   2223.48621142
     639   2230.46430915
     640   2237.45334052
     641   2244.45329723
     642   2251.46418764
     643   2258.48600334
     644   2265.51875280
     645   2272.56242749
     646   2279.61703601
     647   2286.68256970
     648   2293.75903729
     649   2300.84643000
     650   2307.94475667
     651   2315.05400840
     652   2322.17419417
     653   2329.30530493
     654   2336.44734979
     655   2343.60031960
     656   2350.76422357
     657   2357.93905242
     658   2365.12481552
     659   2372.32150343
     660   2379.52912566
     661   2386.74767264
     662   2393.97715400
     663   2401.21756006
     664   2408.46890058
     665   2415.73116573
     666   2423.00436540
     667   2430.28848964
     668   2437.58354849
     669   2444.88953183
     670   2452.20644986
     671   2459.53429231
     672   2466.87306953
     673   2474.22277110
     674   2481.58340752
     675   2488.95496822
     676   2496.33746385
     677   2503.73088369
     678   2511.13523853
     679   2518.55051751
     680   2525.97673158
     681   2533.41386972
     682   2540.86194303
     683   2548.32094032
     684   2555.79087288
     685   2563.27172934
     686   2570.76352115
     687   2578.26623679
     688   2585.77988787
     689   2593.30446269
     690   2600.83997304
     691   2608.38640706
     692   2615.94377669
     693   2623.51206990
     694   2631.09129883
     695   2638.68145124
     696   2646.28253947
     697   2653.89455110
     698   2661.51749863
     699   2669.15136948
     700   2676.79617633
     701   2684.45190640
     702   2692.11857258
     703   2699.79616188
     704   2707.48468740
     705   2715.18413594
     706   2722.89452080
     707   2730.61582858
     708   2738.34807279
     709   2746.09123983
     710   2753.84534339
     711   2761.61036968
     712   2769.38633261
     713   2777.17321817
     714   2784.97104047
     715   2792.77978530
     716   2800.59946698
     717   2808.43007108
     718   2816.27161215
     719   2824.12407553
     720   2831.98747600
     721   2839.86179865
     722   2847.74705852
     723   2855.64324046
     724   2863.55035975
     725   2871.46840098
     726   2879.39737968
     727   2887.33728021
     728   2895.28811833
     729   2903.24987815
     730   2911.22257570
     731   2919.20619483
     732   2927.20075182
     733   2935.20623025
     734   2943.22264668
     735   2951.24998442
     736   2959.28826029
     737   2967.33745734
     738   2975.39759267
     739   2983.46864903
     740   2991.55064381
     741   2999.64355949
     742   3007.74741374
     743   3015.86218873
     744   3023.98790245
     745   3032.12453676
     746   3040.27210994
     747   3048.43060357
     748   3056.60003623
     749   3064.78038918
     750   3072.97168132
     751   3081.17389359
     752   3089.38704521
     753   3097.61111680
     754   3105.84612791
     755   3114.09205882
     756   3122.34892941
     757   3130.61671964
     758   3138.89544973
     759   3147.18509927
     760   3155.48568885
     761   3163.79719771
     762   3172.11964679
     763   3180.45301495
     764   3188.79732353
     765   3197.15255101
     766   3205.51871908
     767   3213.89580587
     768   3222.28383344
     769   3230.68277952
     770   3239.09266660
     771   3247.51347198
     772   3255.94521856
     773   3264.38788323
     774   3272.84148931
     775   3281.30601327
     776   3289.78147884
     777   3298.26786208
     778   3306.76518715
     779   3315.27342967
     780   3323.79261424
     781   3332.32271601
     782   3340.86376008
     783   3349.41572112
     784   3357.97862467
     785   3366.55244496
     786   3375.13720800
     787   3383.73288752
     788   3392.33951006
     789   3400.95704881
     790   3409.58553082
     791   3418.22492879
     792   3426.87527027
     793   3435.53652745
     794   3444.20872840
     795   3452.89184477
     796   3461.58590519
     797   3470.29088074
     798   3479.00680062
     799   3487.73363533
     800   3496.47141466
     801   3505.22010851
     802   3513.97974729
     803   3522.75030028
     804   3531.53179849
     805   3540.32421059
     806   3549.12756822
     807   3557.94183942
     808   3566.76705647
     809   3575.60318674
     810   3584.45026319
     811   3593.30825252
     812   3602.17718836
     813   3611.05703673
     814   3619.94783195
     815   3628.84953932
     816   3637.76219391
     817   3646.68576027
     818   3655.62027421
     819   3664.56569952
     820   3673.52207280
     821   3682.48935705
     822   3691.46758964
     823   3700.45673280
     824   3709.45682469
     825   3718.46782672
     826   3727.48977790
     827   3736.52263877
     828   3745.56644922
     829   3754.62116890
     830   3763.68683859
     831   3772.76341704
     832   3781.85094595
     833   3790.94938314
     834   3800.05877126
     835   3809.17906714
     836   3818.31031443
     837   3827.45246897
     838   3836.60557542
     839   3845.76958857
     840   3854.94455414
     841   3864.13042587
     842   3873.32725053
     843   3882.53498078
     844   3891.75366451
     845   3900.98325324
     846   3910.22379600
     847   3919.47524315
     848   3928.73764492
     849   3938.01095044
     850   3947.29521118
     851   3956.59037501
     852   3965.89649468
     853   3975.21351676
     854   3984.54149533
     855   3993.88037561
     856   4003.23021304
     857   4012.59095144
     858   4021.96264768
     859   4031.34524414
     860   4040.73879916
     861   4050.14325361
     862   4059.55866735
     863   4068.98497971
     864   4078.42225214
     865   4087.87042234
     866   4097.32955340
     867   4106.79958135
     868   4116.28057099
     869   4125.77245660
     870   4135.27530477
     871   4144.78904796
     872   4154.31375461
     873   4163.84935528
     874   4173.39592033
     875   4182.95337839
     876   4192.52180180
     877   4202.10111714
     878   4211.69139883
     879   4221.29257134
     880   4230.90471126
     881   4240.52774083
     882   4250.16173889
     883   4259.80662540
     884   4269.46248155
     885   4279.12922487
     886   4288.80693902
     887   4298.49553903
     888   4308.19511110
     889   4317.90556765
     890   4327.62699757
     891   4337.35931052
     892   4347.10259819
     893   4356.85676739
     894   4366.62191272
     895   4376.39793801
     896   4386.18494092
     897   4395.98282213
     898   4405.79168251
     899   4415.61141947
     900   4425.44213723
     901   4435.28372974
     902   4445.13630476
     903   4454.99975264
     904   4464.87418482
     905   4474.75948786
     906   4484.65577708
     907   4494.56293505
     908   4504.48108120
     909   4514.41009389
     910   4524.35009683
     911   4534.30096399
     912   4544.26282360
     913   4554.23554497
     914   4564.21926112
     915   4574.21383644
     916   4584.21940898
     917   4594.23583796
     918   4604.26326675
     919   4614.30154909
     920   4624.35083397
     921   4634.41096936
     922   4644.48211018
     923   4654.56409827
     924   4664.65709486
     925   4674.76093531
     926   4684.87578749
     927   4695.00147991
     928   4705.13818752
     929   4715.28573150
     930   4725.44429435
     931   4735.61368947
     932   4745.79410737
     933   4755.98535316
     934   4766.18762591
     935   4776.40072190
     936   4786.62484930
     937   4796.85979496
     938   4807.10577679
     939   4817.36257157
     940   4827.63040762
     941   4837.90905091
     942   4848.19874095
     943   4858.49923213
     944   4868.81077593
     945   4879.13311430
     946   4889.46651161
     947   4899.81069646
     948   4910.16594705
     949   4920.53197755
     950   4930.90908116
     951   4941.29695649
     952   4951.69591288
     953   4962.10563209
     954   4972.52644096
     955   4982.95800309
     956   4993.40066422
     957   5003.85406814
     958   5014.31858118
     959   5024.79382581
     960   5035.28019057
     961   5045.77727454
     962   5056.28549060
     963   5066.80441270
     964   5077.33447989
     965   5087.87523847
     966   5098.42715624
     967   5108.98974999
     968   5119.56351820
     969   5130.14794515
     970   5140.74356296
     971   5151.34982183
     972   5161.96728906
     973   5172.59537756
     974   5183.23469276
     975   5193.88460998
     976   5204.54577270
     977   5215.21751623
     978   5225.90052365
     979   5236.59409378
     980   5247.29894450
     981   5258.01433943
     982   5268.74102760
     983   5279.47825070
     984   5290.22677216
     985   5300.98582436
     986   5311.75616650
     987   5322.53705852
     988   5333.32921007
     989   5344.13195071
     990   5354.94588435
     991   5365.77050087
     992   5376.60618840
     993   5387.45270891
     994   5398.31009266
     995   5409.17857838
     996   5420.05759442
     997   5430.94811372
     998   5441.84864887
     999   5452.76132202
    1000   5463.68325237
    1001   5474.61820893
    1002   5485.56134993
    1003   5496.51877067
    1004   5507.48295629
    1005   5518.46298118
    1006   5529.44804929
    1007   5540.45076339
    1008   5551.45674232
    1009   5562.48195469
    1010   5573.50912944
    1011   5584.55632387
    1012   5595.60552201
    1013   5606.67357161
    1014   5617.74569307
    1015   5628.83403399
    1016   5639.92944729
    1017   5651.03899019
    1018   5662.15131824
    1019   5673.29560928
    1020   5684.40707238
    1021   5695.61613880
    1022   5706.64518670
    1023   5718.06590604
    1024   5729.00642378
 ---------------------------------------
 
SCF converged! Final Ground-State Energy (Eh):              -8.2871854789629040
