 
     Two-Electron DVR    
 ------------------------
 x0     =      15.00000000
 m      =       1.00000000
 Z      =       4.00000000
 n      =              512
 dx     =       0.05870841
 
Soft-Coulomb Parameters:
 alpha  =       0.01000000
 beta   =       0.10000000
 
 
                       Hartree-Fock                      
 --------------------------------------------------------
 no. of orbitals        =              512
 no. of electrons       =                2
 scf_damping_switch     =        F
 scf_diis_switch        =        F
 damping_factor         =   0.00000000
 e_tolerance            = 0.0000000000100000
 maximum scf-iterations =              200
 
 
                       SCF iterations                      
 ----------------------------------------------------------
    S.No    Energy (hartree)        dE (hartree)
 ----------------------------------------------------------
       0    -44.817085522410
       1    -42.107882799162      2.709202723247
       2    -42.112358880109      0.004476080947
       3    -42.112380163570      0.000021283461
       4    -42.112380266884      0.000000103314
       5    -42.112380267390      0.000000000506
       6    -42.112380267392      0.000000000002
 ----------------------------------------------------------
  
 
 
 ---------------------------------------
     Molecular Orbital Energies (Eh)    
 ---------------------------------------
       1    -19.70614747
       2     -2.62891622
       3     -1.09060220
       4     -0.55683341
       5     -0.35942457
       6     -0.23778183
       7     -0.17383138
       8     -0.11127788
       9     -0.05115985
      10      0.03416287
      11      0.11963467
      12      0.23434251
      13      0.34355721
      14      0.48567873
      15      0.61725227
      16      0.78577621
      17      0.93892207
      18      1.13327413
      19      1.30750832
      20      1.52730372
      21      1.72232952
      22      1.96726550
      23      2.18291720
      24      2.45272426
      25      2.68893223
      26      2.98335286
      27      3.24011824
      28      3.55889902
      29      3.83627423
      30      4.17916417
      31      4.47723770
      32      4.84398937
      33      5.16287384
      34      5.55324550
      35      5.89306849
      36      6.30682628
      37      6.66772333
      38      7.10464320
      39      7.48675250
      40      7.94662178
      41      8.35008028
      42      8.83269875
      43      9.25763933
      44      9.76281992
      45     10.20936936
      46     10.73693851
      47     11.20521618
      48     11.75501387
      49     12.24513085
      50     12.81701048
      51     13.32906908
      52     13.92289710
      53     14.45699073
      54     15.07264615
      55     15.62885930
      56     16.26623318
      57     16.84464163
      58     17.50363638
      59     18.10430754
      60     18.78483630
      61     19.40782953
      62     20.10981543
      63     20.75518255
      64     21.47855808
      65     22.14634380
      66     22.89105004
      67     23.58129247
      68     24.34727848
      69     25.06000959
      70     25.84723174
      71     26.58247788
      72     27.39089923
      73     28.14868156
      74     28.97827126
      75     29.75860626
      76     30.60933901
      77     31.41223887
      78     32.28409436
      79     33.10956741
      80     34.00252991
      81     34.85058099
      82     35.76463877
      83     36.63526963
      84     37.57041469
      85     38.46362425
      86     39.41985179
      87     40.33563657
      88     41.31294472
      89     42.25129902
      90     43.24968846
      91     44.21060468
      92     45.23007839
      93     46.21354725
      94     47.25411018
      95     48.26012096
      96     49.32177983
      97     50.35032057
      98     51.43308356
      99     52.48414125
     100     53.58801791
     101     54.66157863
     102     55.78657957
     103     56.88262867
     104     58.02876550
     105     59.14728773
     106     60.31457279
     107     61.45555243
     108     62.64399879
     109     63.80741971
     110     65.01704090
     111     66.20288678
     112     67.43369680
     113     68.64195104
     114     69.89396417
     115     71.12461017
     116     72.39784097
     117     73.65086200
     118     74.94532512
     119     76.22070458
     120     77.53641481
     121     78.83413608
     122     80.17110818
     123     81.49115488
     124     82.84940362
     125     84.19175944
     126     85.57129945
     127     86.93594839
     128     88.33679426
     129     89.72372046
     130     91.14588651
     131     92.55507448
     132     93.99857495
     133     95.43000939
     134     96.89485819
     135     98.34852421
     136     99.83473512
     137    101.31061804
     138    102.81820445
     139    104.31629007
     140    105.84526522
     141    107.36553954
     142    108.91591625
     143    110.45836577
     144    112.03015666
     145    113.59476811
     146    115.18798540
     147    116.77474600
     148    118.38940169
     149    119.99829890
     150    121.63440453
     151    123.26542633
     152    124.92299326
     153    126.57612783
     154    128.25516694
     155    129.93040302
     156    131.63092501
     157    133.32825151
     158    135.05026659
     159    136.76967297
     160    138.51319119
     161    140.25466709
     162    142.01969798
     163    143.78323357
     164    145.56978654
     165    147.35537218
     166    149.16345611
     167    150.97108266
     168    152.80070633
     169    154.63036482
     170    156.48153645
     171    158.33321845
     172    160.20594622
     173    162.07964338
     174    163.97393490
     175    165.86963946
     176    167.78550229
     177    169.70320654
     178    171.64064769
     179    173.58034449
     180    175.53937097
     181    177.50105321
     182    179.48167143
     183    181.46533260
     184    183.46754901
     185    185.47318256
     186    187.49700302
     187    189.52460301
     188    191.57003345
     189    193.61959390
     190    195.68663964
     191    197.75815516
     192    199.84682161
     193    201.94028674
     194    204.05057872
     195    206.16598861
     196    208.29791103
     197    210.43526074
     198    212.58881791
     199    214.74810310
     200    216.92329949
     201    219.10451566
     202    221.30135509
     203    223.50449844
     204    225.72298493
     205    227.94805141
     206    230.18818832
     207    232.43517459
     208    234.69696552
     209    236.96586798
     210    239.24931583
     211    241.54013160
     212    243.84523955
     213    246.15796546
     214    248.48473598
     215    250.81936960
     216    253.16780549
     217    255.52434404
     218    257.89444732
     219    260.27288881
     220    262.66466190
     221    265.06500396
     222    267.47844847
     223    269.90068954
     224    272.33580750
     225    274.77994558
     226    277.23673819
     227    279.70277215
     228    282.18124109
     229    284.66916930
     230    287.16931533
     231    289.67913709
     232    292.20096156
     233    294.73267559
     234    297.27617885
     235    299.82978488
     236    302.39496789
     237    304.97046502
     238    307.55732773
     239    310.15471609
     240    312.76325914
     241    315.38253818
     242    318.01276108
     243    320.65393138
     244    323.30583440
     245    325.96889577
     246    328.64247800
     247    331.32743146
     248    334.02269283
     249    336.72953854
     250    339.44647769
     251    342.17521712
     252    344.91383362
     253    347.66446730
     254    350.42475934
     255    353.19728922
     256    355.97925598
     257    358.77368296
     258    361.57732217
     259    364.39364868
     260    367.21895916
     261    370.05718648
     262    372.90416544
     263    375.76429652
     264    378.63294238
     265    381.51497891
     266    384.40528837
     267    387.30923382
     268    390.22120489
     269    393.14706138
     270    396.08069019
     271    399.02846176
     272    401.98374591
     273    404.95343510
     274    407.93037013
     275    410.92198160
     276    413.92056463
     277    416.93410139
     278    419.95432734
     279    422.98979470
     280    426.03166021
     281    429.08906166
     282    432.15256097
     283    435.23190252
     284    438.31703175
     285    441.41831743
     286    444.52507009
     287    447.64830664
     288    450.77667830
     289    453.92187033
     290    457.07185370
     291    460.23900877
     292    463.41059881
     293    466.59972213
     294    469.79291071
     295    473.00401071
     296    476.21879215
     297    479.45187471
     298    482.68823995
     299    485.94331445
     300    489.20125709
     301    492.47833013
     302    495.75784010
     303    499.05692210
     304    502.35799225
     305    505.67909059
     306    509.00170972
     307    512.34483596
     308    515.68899610
     309    519.05415846
     310    522.41984721
     311    525.80705850
     312    529.19426697
     313    532.60353633
     314    536.01225079
     315    539.44359240
     316    542.87380295
     317    546.32722698
     318    549.77891845
     319    553.25444055
     320    556.72760196
     321    560.22523343
     322    563.71984798
     323    567.23960611
     324    570.75566164
     325    574.29755895
     326    577.83503689
     327    581.39909248
     328    584.95797935
     329    588.54420709
     330    592.12448237
     331    595.73290337
     332    599.33455214
     333    602.96518173
     334    606.58818132
     335    610.24104281
     336    613.88537670
     337    617.56048706
     338    621.22613021
     339    624.92351520
     340    628.61044932
     341    632.33012769
     342    636.03832512
     343    639.78032533
     344    643.50976585
     345    647.27410862
     346    651.02476163
     347    654.81147843
     348    658.58332159
     349    662.39243533
     350    666.18543480
     351    670.01698026
     352    673.83111133
     353    677.68511382
     354    681.52033908
     355    685.39683707
     356    689.25312917
     357    693.15215068
     358    697.02946821
     359    700.95105578
     360    704.84936852
     361    708.79355312
     362    712.71281521
     363    716.67964395
     364    720.61982197
     365    724.60932910
     366    728.57037222
     367    732.58260994
     368    736.56448118
     369    740.59948737
     370    744.60213040
     371    748.65996293
     372    752.68333681
     373    756.76403761
     374    760.80807984
     375    764.91171309
     376    768.97637836
     377    773.10299049
     378    777.18820938
     379    781.33787167
     380    785.44359399
     381    789.61635784
     382    793.74250647
     383    797.93845111
     384    802.08497043
     385    806.30415280
     386    810.47095701
     387    814.71346526
     388    818.90049270
     389    823.16638995
     390    827.37354508
     391    831.66292949
     392    835.89014395
     393    840.20308553
     394    844.45025279
     395    848.78686098
     396    853.05390519
     397    857.41425766
     398    861.70105992
     399    866.08527886
     400    870.39175496
     401    874.79992661
     402    879.12594368
     403    883.55820460
     404    887.90366908
     405    892.36011509
     406    896.72487829
     407    901.20566224
     408    905.58962018
     409    910.09484859
     410    914.49783461
     411    919.02767883
     412    923.44957730
     413    928.00415581
     414    932.44477966
     415    937.02428485
     416    941.48350542
     417    946.08806914
     418    950.56567609
     419    955.19551473
     420    959.69136482
     421    964.34662521
     422    968.86048150
     423    973.54140746
     424    978.07311046
     425    982.77986553
     426    987.32914785
     427    992.06200729
     428    996.62869125
     429   1001.38783731
     430   1005.97162056
     431   1010.75736458
     432   1015.35804922
     433   1020.17059428
     434   1024.78783772
     435   1029.62753673
     436   1034.26111862
     437   1039.12819777
     438   1043.77772913
     439   1048.67258931
     440   1053.33782498
     441   1058.26071793
     442   1062.94121527
     443   1067.89259735
     444   1072.58808411
     445   1077.56823500
     446   1082.27820638
     447   1087.28764675
     448   1092.01180123
     449   1097.05084093
     450   1101.78860156
     451   1106.85783594
     452   1111.60887020
     453   1116.70864104
     454   1121.47228810
     455   1126.60327760
     456   1131.37917317
     457   1136.54175585
     458   1141.32914132
     459   1146.52410064
     460   1151.32258077
     461   1156.55032312
     462   1161.35902501
     463   1166.62045230
     464   1171.43895328
     465   1176.73450008
     466   1181.56179299
     467   1186.89250053
     468   1191.72814304
     469   1197.09446608
     470   1201.93729185
     471   1207.34043711
     472   1212.18999848
     473   1217.63042631
     474   1222.48536509
     475   1227.96448245
     476   1232.82436970
     477   1238.34261822
     478   1243.20585805
     479   1248.76489435
     480   1253.63111511
     481   1259.23132384
     482   1264.09862181
     483   1269.74198610
     484   1274.61010733
     485   1280.29689593
     486   1285.16351192
     487   1290.89616482
     488   1295.76123481
     489   1301.53981419
     490   1306.40037310
     491   1312.22801555
     492   1317.08439460
     493   1322.96080965
     494   1327.80899167
     495   1333.73849097
     496   1338.57947469
     497   1344.56115289
     498   1349.38897400
     499   1355.42937238
     500   1360.24636224
     501   1366.34339038
     502   1371.13942423
     503   1377.30456000
     504   1382.08530102
     505   1388.31360267
     506   1393.05779467
     507   1399.37483300
     508   1404.10124999
     509   1410.49105328
     510   1415.13006250
     511   1421.69137428
     512   1426.48575123
 ---------------------------------------
 
SCF converged! Final Ground-State Energy (Eh):             -42.1123802673922114
