 
     Two-Electron DVR    
 ------------------------
 x0     =      15.00000000
 m      =       1.00000000
 Z      =       5.00000000
 n      =             1024
 dx     =       0.02932551
 
Soft-Coulomb Parameters:
 alpha  =       1.00000000
 beta   =       0.01000000
 
 
                       Hartree-Fock                      
 --------------------------------------------------------
 no. of orbitals        =             1024
 no. of electrons       =                2
 scf_damping_switch     =        F
 scf_diis_switch        =        F
 damping_factor         =   0.00000000
 e_tolerance            = 0.0000000000100000
 maximum scf-iterations =              200
 
 
                       SCF iterations                      
 ----------------------------------------------------------
    S.No    Energy (hartree)        dE (hartree)
 ----------------------------------------------------------
       0     -8.193126433537
       1     -5.390947745019      2.802178688518
       2     -5.722392188145      0.331444443126
       3     -5.757571087122      0.035178898977
       4     -5.761695756134      0.004124669012
       5     -5.762178091979      0.000482335845
       6     -5.762234363832      0.000056271852
       7     -5.762240929959      0.000006566127
       8     -5.762241696032      0.000000766073
       9     -5.762241785415      0.000000089383
      10     -5.762241795843      0.000000010429
      11     -5.762241797060      0.000000001217
      12     -5.762241797202      0.000000000142
      13     -5.762241797219      0.000000000017
      14     -5.762241797221      0.000000000002
 ----------------------------------------------------------
  
 
 
 ---------------------------------------
     Molecular Orbital Energies (Eh)    
 ---------------------------------------
       1     -1.84194817
       2     -0.76104628
       3     -0.58076564
       4     -0.41172860
       5     -0.32310725
       6     -0.24372849
       7     -0.18453711
       8     -0.10718590
       9     -0.02799323
      10      0.07610405
      11      0.18144151
      12      0.31027799
      13      0.44047834
      14      0.59218832
      15      0.74647121
      16      0.92016723
      17      1.09799113
      18      1.29328064
      19      1.49422079
      20      1.71096424
      21      1.93467920
      22      2.17286141
      23      2.41908128
      24      2.67874153
      25      2.94725903
      26      3.22845420
      27      3.51911490
      28      3.82190169
      29      4.13459379
      30      4.45902146
      31      4.79366610
      32      5.13977453
      33      5.49631751
      34      5.86413778
      35      6.24254281
      36      6.63209866
      37      7.03234213
      38      7.44365158
      39      7.86571873
      40      8.29879552
      41      8.74267763
      42      9.19753233
      43      9.66322472
      44     10.13986565
      45     10.62736633
      46     11.12580013
      47     11.63510883
      48     12.15534098
      49     12.68645851
      50     13.22849360
      51     13.78142145
      52     14.34526341
      53     14.92000343
      54     15.50565571
      55     16.10220992
      56     16.70967558
      57     17.32804609
      58     17.95732787
      59     18.59751677
      60     19.24861716
      61     19.91062648
      62     20.58354776
      63     21.26737945
      64     21.96212369
      65     22.66777961
      66     23.38434875
      67     24.11183065
      68     24.85022646
      69     25.59953599
      70     26.35976013
      71     27.13089884
      72     27.91295282
      73     28.70592216
      74     29.50980743
      75     30.32460876
      76     31.15032664
      77     31.98696123
      78     32.83451296
      79     33.69298201
      80     34.56236875
      81     35.44267337
      82     36.33389622
      83     37.23603745
      84     38.14909741
      85     39.07307626
      86     40.00797429
      87     40.95379166
      88     41.91052865
      89     42.87818541
      90     43.85676222
      91     44.84625919
      92     45.84667659
      93     46.85801454
      94     47.88027329
      95     48.91345294
      96     49.95755373
      97     51.01257576
      98     52.07851927
      99     53.15538433
     100     54.24317117
     101     55.34187987
     102     56.45151064
     103     57.57206354
     104     58.70353880
     105     59.84593646
     106     60.99925674
     107     62.16349968
     108     63.33866548
     109     64.52475417
     110     65.72176597
     111     66.92970088
     112     68.14855913
     113     69.37834071
     114     70.61904583
     115     71.87067449
     116     73.13322690
     117     74.40670304
     118     75.69110313
     119     76.98642713
     120     78.29267525
     121     79.60984747
     122     80.93794399
     123     82.27696478
     124     83.62691003
     125     84.98777970
     126     86.35957400
     127     87.74229287
     128     89.13593653
     129     90.54050490
     130     91.95599820
     131     93.38241635
     132     94.81975958
     133     96.26802779
     134     97.72722121
     135     99.19733974
     136    100.67838359
     137    102.17035269
     138    103.67324723
     139    105.18706713
     140    106.71181260
     141    108.24748353
     142    109.79408014
     143    111.35160232
     144    112.92005029
     145    114.49942393
     146    116.08972346
     147    117.69094876
     148    119.30310006
     149    120.92617721
     150    122.56018045
     151    124.20510964
     152    125.86096502
     153    127.52774643
     154    129.20545411
     155    130.89408790
     156    132.59364805
     157    134.30413440
     158    136.02554719
     159    137.75788624
     160    139.50115182
     161    141.25534374
     162    143.02046225
     163    144.79650717
     164    146.58347877
     165    148.38137684
     166    150.19020166
     167    152.00995302
     168    153.84063119
     169    155.68223596
     170    157.53476761
     171    159.39822592
     172    161.27261118
     173    163.15792315
     174    165.05416213
     175    166.96132788
     176    168.87942070
     177    170.80844035
     178    172.74838712
     179    174.69926077
     180    176.66106159
     181    178.63378935
     182    180.61744434
     183    182.61202630
     184    184.61753555
     185    186.63397182
     186    188.66133543
     187    190.69962610
     188    192.74884416
     189    194.80898932
     190    196.88006192
     191    198.96206167
     192    201.05498890
     193    203.15884331
     194    205.27362526
     195    207.39933442
     196    209.53597116
     197    211.68353516
     198    213.84202677
     199    216.01144568
     200    218.19179224
     201    220.38306613
     202    222.58526772
     203    224.79839667
     204    227.02245336
     205    229.25743744
     206    231.50334929
     207    233.76018857
     208    236.02795565
     209    238.30665019
     210    240.59627258
     211    242.89682245
     212    245.20830020
     213    247.53070546
     214    249.86403863
     215    252.20829934
     216    254.56348801
     217    256.92960422
     218    259.30664843
     219    261.69462022
     220    264.09352002
     221    266.50334743
     222    268.92410289
     223    271.35578598
     224    273.79839714
     225    276.25193596
     226    278.71640288
     227    281.19179748
     228    283.67812021
     229    286.17537064
     230    288.68354923
     231    291.20265553
     232    293.73269003
     233    296.27365226
     234    298.82554271
     235    301.38836090
     236    303.96210735
     237    306.54678156
     238    309.14238405
     239    311.74891432
     240    314.36637289
     241    316.99475925
     242    319.63407395
     243    322.28431646
     244    324.94548732
     245    327.61758600
     246    330.30061307
     247    332.99456797
     248    335.69945128
     249    338.41526244
     250    341.14200202
     251    343.87966948
     252    346.62826538
     253    349.38778916
     254    352.15824141
     255    354.93962156
     256    357.73193020
     257    360.53516674
     258    363.34933180
     259    366.17442478
     260    369.01044629
     261    371.85739573
     262    374.71527373
     263    377.58407966
     264    380.46381417
     265    383.35447663
     266    386.25606769
     267    389.16858671
     268    392.09203435
     269    395.02640995
     270    397.97171419
     271    400.92794641
     272    403.89510729
     273    406.87319615
     274    409.86221369
     275    412.86215922
     276    415.87303345
     277    418.89483568
     278    421.92756663
     279    424.97122558
     280    428.02581328
     281    431.09132898
     282    434.16777344
     283    437.25514592
     284    440.35344717
     285    443.46267645
     286    446.58283452
     287    449.71392062
     288    452.85593554
     289    456.00887849
     290    459.17275027
     291    462.34755009
     292    465.53327876
     293    468.72993547
     294    471.93752105
     295    475.15603468
     296    478.38547719
     297    481.62584776
     298    484.87714723
     299    488.13937476
     300    491.41253121
     301    494.69661572
     302    497.99162916
     303    501.29757067
     304    504.61444113
     305    507.94223966
     306    511.28096716
     307    514.63062274
     308    517.99120730
     309    521.36271993
     310    524.74516157
     311    528.13853128
     312    531.54283001
     313    534.95805682
     314    538.38421267
     315    541.82129660
     316    545.26930959
     317    548.72825065
     318    552.19812079
     319    555.67891901
     320    559.17064632
     321    562.67330171
     322    566.18688620
     323    569.71139878
     324    573.24684048
     325    576.79321027
     326    580.35050919
     327    583.91873620
     328    587.49789236
     329    591.08797661
     330    594.68899002
     331    598.30093153
     332    601.92380222
     333    605.55760099
     334    609.20232897
     335    612.85798503
     336    616.52457031
     337    620.20208368
     338    623.89052628
     339    627.58989697
     340    631.30019690
     341    635.02142492
     342    638.75358220
     343    642.49666757
     344    646.25068222
     345    650.01562496
     346    653.79149699
     347    657.57829710
     348    661.37602652
     349    665.18468403
     350    669.00427086
     351    672.83478577
     352    676.67623003
     353    680.52860236
     354    684.39190406
     355    688.26613383
     356    692.15129297
     357    696.04738019
     358    699.95439680
     359    703.87234148
     360    707.80121557
     361    711.74101773
     362    715.69174931
     363    719.65340896
     364    723.62599805
     365    727.60951520
     366    731.60396180
     367    735.60933647
     368    739.62564061
     369    743.65287281
     370    747.69103449
     371    751.74012423
     372    755.80014347
     373    759.87109076
     374    763.95296758
     375    768.04577244
     376    772.14950683
     377    776.26416927
     378    780.38976127
     379    784.52628130
     380    788.67373090
     381    792.83210853
     382    797.00141576
     383    801.18165101
     384    805.37281587
     385    809.57490875
     386    813.78793125
     387    818.01188177
     388    822.24676193
     389    826.49257010
     390    830.74930793
     391    835.01697377
     392    839.29556928
     393    843.58509279
     394    847.88554600
     395    852.19692720
     396    856.51923811
     397    860.85247701
     398    865.19664563
     399    869.55174224
     400    873.91776860
     401    878.29472293
     402    882.68260703
     403    887.08141909
     404    891.49116094
     405    895.91183075
     406    900.34343036
     407    904.78595793
     408    909.23941531
     409    913.70380064
     410    918.17911581
     411    922.66535892
     412    927.16253189
     413    931.67063279
     414    936.18966356
     415    940.71962227
     416    945.26051086
     417    949.81232738
     418    954.37507380
     419    958.94874814
     420    963.53335240
     421    968.12888457
     422    972.73534668
     423    977.35273670
     424    981.98105668
     425    986.62030455
     426    991.27048240
     427    995.93158814
     428   1000.60362388
     429   1005.28658749
     430   1009.98048112
     431   1014.68530263
     432   1019.40105417
     433   1024.12773357
     434   1028.86534302
     435   1033.61388033
     436   1038.37334772
     437   1043.14374295
     438   1047.92506827
     439   1052.71732143
     440   1057.52050470
     441   1062.33461580
     442   1067.15965703
     443   1071.99562608
     444   1076.84252529
     445   1081.70035230
     446   1086.56910949
     447   1091.44879447
     448   1096.33940965
     449   1101.24095262
     450   1106.15342580
     451   1111.07682676
     452   1116.01115796
     453   1120.95641692
     454   1125.91260614
     455   1130.87972312
     456   1135.85777037
     457   1140.84674537
     458   1145.84665067
     459   1150.85748371
     460   1155.87924706
     461   1160.91193814
     462   1165.95555957
     463   1171.01010870
     464   1176.07558820
     465   1181.15199540
     466   1186.23933299
     467   1191.33759827
     468   1196.44679395
     469   1201.56691731
     470   1206.69797111
     471   1211.83995257
     472   1216.99286448
     473   1222.15670405
     474   1227.33147409
     475   1232.51717177
     476   1237.71379996
     477   1242.92135577
     478   1248.13984210
     479   1253.36925605
     480   1258.60960055
     481   1263.86087264
     482   1269.12307531
     483   1274.39620556
     484   1279.68026641
     485   1284.97525483
     486   1290.28117388
     487   1295.59802048
     488   1300.92579772
     489   1306.26450251
     490   1311.61413797
     491   1316.97470096
     492   1322.34619464
     493   1327.72861584
     494   1333.12196776
     495   1338.52624718
     496   1343.94145734
     497   1349.36759499
     498   1354.80466341
     499   1360.25265929
     500   1365.71158598
     501   1371.18144012
     502   1376.66222508
     503   1382.15393748
     504   1387.65658073
     505   1393.17015140
     506   1398.69465295
     507   1404.23008190
     508   1409.77644175
     509   1415.33372899
     510   1420.90194717
     511   1426.48109271
     512   1432.07116922
     513   1437.67217307
     514   1443.28410792
     515   1448.90697010
     516   1454.54076329
     517   1460.18548380
     518   1465.84113536
     519   1471.50771421
     520   1477.18522414
     521   1482.87366135
     522   1488.57302966
     523   1494.28332523
     524   1500.00455193
     525   1505.73670587
     526   1511.47979098
     527   1517.23380331
     528   1522.99874683
     529   1528.77461755
     530   1534.56141950
     531   1540.35914863
     532   1546.16780901
     533   1551.98739655
     534   1557.81791538
     535   1563.65936135
     536   1569.51173863
     537   1575.37504303
     538   1581.24927879
     539   1587.13444164
     540   1593.03053587
     541   1598.93755717
     542   1604.85550989
     543   1610.78438966
     544   1616.72420088
     545   1622.67493913
     546   1628.63660886
     547   1634.60920560
     548   1640.59273385
     549   1646.58718908
     550   1652.59257587
     551   1658.60888960
     552   1664.63613493
     553   1670.67430719
     554   1676.72341107
     555   1682.78344185
     556   1688.85440430
     557   1694.93629362
     558   1701.02911465
     559   1707.13286252
     560   1713.24754212
     561   1719.37314856
     562   1725.50968676
     563   1731.65715176
     564   1737.81554857
     565   1743.98487216
     566   1750.16512759
     567   1756.35630976
     568   1762.55842382
     569   1768.77146459
     570   1774.99543729
     571   1781.23033668
     572   1787.47616802
     573   1793.73292603
     574   1800.00061604
     575   1806.27923268
     576   1812.56878136
     577   1818.86925664
     578   1825.18066401
     579   1831.50299794
     580   1837.83626400
     581   1844.18045660
     582   1850.53558136
     583   1856.90163264
     584   1863.27861612
     585   1869.66652607
     586   1876.06536828
     587   1882.47513693
     588   1888.89583787
     589   1895.32746523
     590   1901.77002492
     591   1908.22351099
     592   1914.68792943
     593   1921.16327423
     594   1927.64955145
     595   1934.14675498
     596   1940.65489098
     597   1947.17395326
     598   1953.70394805
     599   1960.24486908
     600   1966.79672268
     601   1973.35950247
     602   1979.93321488
     603   1986.51785346
     604   1993.11342469
     605   1999.71992205
     606   2006.33735212
     607   2012.96570828
     608   2019.60499719
     609   2026.25521215
     610   2032.91635992
     611   2039.58843371
     612   2046.27144034
     613   2052.96537295
     614   2059.67023847
     615   2066.38602992
     616   2073.11275432
     617   2079.85040462
     618   2086.59898792
     619   2093.35849708
     620   2100.12893929
     621   2106.91030731
     622   2113.70260845
     623   2120.50583535
     624   2127.31999542
     625   2134.14508121
     626   2140.98110022
     627   2147.82804490
     628   2154.68592287
     629   2161.55472646
     630   2168.43446339
     631   2175.32512590
     632   2182.22672181
     633   2189.13924324
     634   2196.06269814
     635   2202.99707851
     636   2209.94239240
     637   2216.89863172
     638   2223.86580462
     639   2230.84390289
     640   2237.83293481
     641   2244.83289205
     642   2251.84378299
     643   2258.86559921
     644   2265.89834919
     645   2272.94202439
     646   2279.99663343
     647   2287.06216762
     648   2294.13863572
     649   2301.22602892
     650   2308.32435608
     651   2315.43360830
     652   2322.55379454
     653   2329.68490578
     654   2336.82695111
     655   2343.97992138
     656   2351.14382582
     657   2358.31865513
     658   2365.50441868
     659   2372.70110704
     660   2379.90872971
     661   2387.12727713
     662   2394.35675894
     663   2401.59716543
     664   2408.84850637
     665   2416.11077194
     666   2423.38397203
     667   2430.66809669
     668   2437.96315595
     669   2445.26913970
     670   2452.58605813
     671   2459.91390098
     672   2467.25267860
     673   2474.60238056
     674   2481.96301737
     675   2489.33457845
     676   2496.71707446
     677   2504.11049468
     678   2511.51484989
     679   2518.93012925
     680   2526.35634369
     681   2533.79348218
     682   2541.24155585
     683   2548.70055351
     684   2556.17048642
     685   2563.65134323
     686   2571.14313539
     687   2578.64585137
     688   2586.15950279
     689   2593.68407795
     690   2601.21958863
     691   2608.76602298
     692   2616.32339294
     693   2623.89168647
     694   2631.47091572
     695   2639.06106845
     696   2646.66215700
     697   2654.27416894
     698   2661.89711678
     699   2669.53098794
     700   2677.17579509
     701   2684.83152547
     702   2692.49819195
     703   2700.17578155
     704   2707.86430735
     705   2715.56375619
     706   2723.27414133
     707   2730.99544940
     708   2738.72769389
     709   2746.47086121
     710   2754.22496505
     711   2761.98999162
     712   2769.76595482
     713   2777.55284065
     714   2785.35066322
     715   2793.15940831
     716   2800.97909026
     717   2808.80969461
     718   2816.65123595
     719   2824.50369958
     720   2832.36710030
     721   2840.24142321
     722   2848.12668333
     723   2856.02286552
     724   2863.92998505
     725   2871.84802652
     726   2879.77700546
     727   2887.71690623
     728   2895.66774459
     729   2903.62950464
     730   2911.60220243
     731   2919.58582178
     732   2927.58037900
     733   2935.58585766
     734   2943.60227431
     735   2951.62961227
     736   2959.66788837
     737   2967.71708563
     738   2975.77722118
     739   2983.84827775
     740   2991.93027275
     741   3000.02318864
     742   3008.12704309
     743   3016.24181830
     744   3024.36753221
     745   3032.50416673
     746   3040.65174012
     747   3048.81023395
     748   3056.97966680
     749   3065.16001995
     750   3073.35131229
     751   3081.55352475
     752   3089.76667656
     753   3097.99074834
     754   3106.22575964
     755   3114.47169073
     756   3122.72856151
     757   3130.99635192
     758   3139.27508219
     759   3147.56473191
     760   3155.86532167
     761   3164.17683071
     762   3172.49927996
     763   3180.83264830
     764   3189.17695705
     765   3197.53218470
     766   3205.89835295
     767   3214.27543989
     768   3222.66346764
     769   3231.06241389
     770   3239.47230113
     771   3247.89310667
     772   3256.32485341
     773   3264.76751824
     774   3273.22112447
     775   3281.68564859
     776   3290.16111432
     777   3298.64749771
     778   3307.14482294
     779   3315.65306560
     780   3324.17225033
     781   3332.70235225
     782   3341.24339647
     783   3349.79535765
     784   3358.35826135
     785   3366.93208178
     786   3375.51684497
     787   3384.11252463
     788   3392.71914730
     789   3401.33668619
     790   3409.96516834
     791   3418.60456644
     792   3427.25490807
     793   3435.91616537
     794   3444.58836647
     795   3453.27148296
     796   3461.96554352
     797   3470.67051919
     798   3479.38643920
     799   3488.11327403
     800   3496.85105349
     801   3505.59974747
     802   3514.35938637
     803   3523.12993948
     804   3531.91143781
     805   3540.70385003
     806   3549.50720779
     807   3558.32147910
     808   3567.14669627
     809   3575.98282666
     810   3584.82990323
     811   3593.68789267
     812   3602.55682862
     813   3611.43667710
     814   3620.32747243
     815   3629.22917991
     816   3638.14183461
     817   3647.06540107
     818   3655.99991512
     819   3664.94534054
     820   3673.90171392
     821   3682.86899827
     822   3691.84723097
     823   3700.83637423
     824   3709.83646623
     825   3718.84746835
     826   3727.86941963
     827   3736.90228060
     828   3745.94609114
     829   3755.00081091
     830   3764.06648070
     831   3773.14305924
     832   3782.23058825
     833   3791.32902553
     834   3800.43841374
     835   3809.55870971
     836   3818.68995709
     837   3827.83211172
     838   3836.98521825
     839   3846.14923149
     840   3855.32419714
     841   3864.51006895
     842   3873.70689370
     843   3882.91462403
     844   3892.13330784
     845   3901.36289664
     846   3910.60343949
     847   3919.85488671
     848   3929.11728856
     849   3938.39059415
     850   3947.67485497
     851   3956.97001887
     852   3966.27613862
     853   3975.59316077
     854   3984.92113942
     855   3994.26001976
     856   4003.60985726
     857   4012.97059572
     858   4022.34229204
     859   4031.72488856
     860   4041.11844365
     861   4050.52289815
     862   4059.93831197
     863   4069.36462438
     864   4078.80189688
     865   4088.25006712
     866   4097.70919825
     867   4107.17922625
     868   4116.66021595
     869   4126.15210162
     870   4135.65494985
     871   4145.16869309
     872   4154.69339979
     873   4164.22900050
     874   4173.77556561
     875   4183.33302371
     876   4192.90144718
     877   4202.48076255
     878   4212.07104430
     879   4221.67221685
     880   4231.28435681
     881   4240.90738642
     882   4250.54138453
     883   4260.18627107
     884   4269.84212727
     885   4279.50887062
     886   4289.18658481
     887   4298.87518484
     888   4308.57475696
     889   4318.28521353
     890   4328.00664349
     891   4337.73895646
     892   4347.48224417
     893   4357.23641339
     894   4367.00155876
     895   4376.77758406
     896   4386.56458700
     897   4396.36246822
     898   4406.17132864
     899   4415.99106560
     900   4425.82178338
     901   4435.66337590
     902   4445.51595095
     903   4455.37939883
     904   4465.25383103
     905   4475.13913406
     906   4485.03542331
     907   4494.94258128
     908   4504.86072744
     909   4514.78974012
     910   4524.72974308
     911   4534.68061022
     912   4544.64246985
     913   4554.61519120
     914   4564.59890736
     915   4574.59348265
     916   4584.59905520
     917   4594.61548415
     918   4604.64291295
     919   4614.68119526
     920   4624.73048014
     921   4634.79061549
     922   4644.86175631
     923   4654.94374436
     924   4665.03674094
     925   4675.14058133
     926   4685.25543352
     927   4695.38112587
     928   4705.51783348
     929   4715.66537739
     930   4725.82394024
     931   4735.99333528
     932   4746.17375317
     933   4756.36499888
     934   4766.56727162
     935   4776.78036752
     936   4787.00449490
     937   4797.23944046
     938   4807.48542227
     939   4817.74221694
     940   4828.01005297
     941   4838.28869614
     942   4848.57838616
     943   4858.87887721
     944   4869.19042098
     945   4879.51275921
     946   4889.84615650
     947   4900.19034119
     948   4910.54559175
     949   4920.91162209
     950   4931.28872566
     951   4941.67660081
     952   4952.07555716
     953   4962.48527617
     954   4972.90608502
     955   4983.33764692
     956   4993.78030802
     957   5004.23371169
     958   5014.69822474
     959   5025.17346906
     960   5035.65983383
     961   5046.15691745
     962   5056.66513359
     963   5067.18405524
     964   5077.71412255
     965   5088.25488059
     966   5098.80679864
     967   5109.36939164
     968   5119.94316024
     969   5130.52758625
     970   5141.12320482
     971   5151.72946226
     972   5162.34693060
     973   5172.97501720
     974   5183.61433436
     975   5194.26424857
     976   5204.92541418
     977   5215.59715349
     978   5226.28016584
     979   5236.97372913
     980   5247.67858726
     981   5258.39397218
     982   5269.12067269
     983   5279.85787951
     984   5290.60641981
     985   5301.36544749
     986   5312.13582052
     987   5322.91667280
     988   5333.70887193
     989   5344.51155179
     990   5355.32556254
     991   5366.15008110
     992   5376.98588783
     993   5387.83225779
     994   5398.68983236
     995   5409.55807795
     996   5420.43738713
     997   5431.32754025
     998   5442.22853683
     999   5453.14063576
    1000   5464.06326085
    1001   5474.99736294
    1002   5485.94156995
    1003   5496.89768438
    1004   5507.86341915
    1005   5518.84157135
    1006   5529.82896950
    1007   5540.82883801
    1008   5551.83817974
    1009   5562.85922186
    1010   5573.89193475
    1011   5584.93179300
    1012   5595.99057337
    1013   5607.04505442
    1014   5618.13771263
    1015   5629.19570665
    1016   5640.33427737
    1017   5651.38037461
    1018   5662.58755660
    1019   5673.59839995
    1020   5684.88576396
    1021   5695.86133840
    1022   5707.21423017
    1023   5718.22445074
    1024   5729.56497193
 ---------------------------------------
 
SCF converged! Final Ground-State Energy (Eh):              -5.7622417972206321
