 
     Two-Electron DVR    
 ------------------------
 x0     =      15.00000000
 m      =       1.00000000
 Z      =       5.00000000
 n      =              256
 dx     =       0.11764706
 
Soft-Coulomb Parameters:
 alpha  =       0.01000000
 beta   =       1.00000000
 
 
                       Hartree-Fock                      
 --------------------------------------------------------
 no. of orbitals        =              256
 no. of electrons       =                2
 scf_damping_switch     =        F
 scf_diis_switch        =        F
 damping_factor         =   0.00000000
 e_tolerance            = 0.0000000000100000
 maximum scf-iterations =              200
 
 
                       SCF iterations                      
 ----------------------------------------------------------
    S.No    Energy (hartree)        dE (hartree)
 ----------------------------------------------------------
       0    -58.311953898927
       1    -57.332339150545      0.979614748382
       2    -57.332356467881      0.000017317336
       3    -57.332356485296      0.000000017415
       4    -57.332356485315      0.000000000018
       5    -57.332356485315      0.000000000000
 ----------------------------------------------------------
  
 
 
 ---------------------------------------
     Molecular Orbital Energies (Eh)    
 ---------------------------------------
       1    -28.17638823
       2     -7.16039516
       3     -3.08122833
       4     -1.49251732
       5     -0.91462871
       6     -0.59327384
       7     -0.43068020
       8     -0.31724264
       9     -0.24584894
      10     -0.17462157
      11     -0.10267710
      12     -0.00754519
      13      0.09165128
      14      0.21644297
      15      0.34125123
      16      0.49338270
      17      0.64228893
      18      0.82042887
      19      0.99259461
      20      1.19592120
      21      1.39083395
      22      1.61878355
      23      1.83610866
      24      2.08826600
      25      2.32777530
      26      2.60381518
      27      2.86535241
      28      3.16500909
      29      3.44846781
      30      3.77151302
      31      4.07682639
      32      4.42305906
      33      4.75018919
      34      5.11942457
      35      5.46835936
      36      5.86042690
      37      6.23117219
      38      6.64590885
      39      7.03848814
      40      7.47574026
      41      7.89018748
      42      8.34980548
      43      8.78616660
      44      9.26800905
      45      9.72633489
      46     10.23026321
      47     10.71061265
      48     11.23649653
      49     11.73892914
      50     12.28664063
      51     12.81122142
      52     13.38064136
      53     13.92743298
      54     14.51844410
      55     15.08751310
      56     15.70000749
      57     16.29141585
      58     16.92528684
      59     17.53909980
      60     18.19425050
      61     18.83052714
      62     19.50686099
      63     20.16566366
      64     20.86309422
      65     21.54447797
      66     22.26291796
      67     22.96694163
      68     23.70631412
      69     24.43302841
      70     25.19325432
      71     25.94271453
      72     26.72372534
      73     27.49597800
      74     28.29770152
      75     29.09279888
      76     29.91517379
      77     30.73315866
      78     31.57611830
      79     32.41704063
      80     33.28052955
      81     34.14442919
      82     35.02838486
      83     35.91531032
      84     36.81968189
      85     37.72967087
      86     38.65439855
      87     39.58749912
      88     40.53253538
      89     41.48878399
      90     42.45407040
      91     43.43351573
      92     44.41900691
      93     45.42168502
      94     46.42732256
      95     47.45328379
      96     48.47902331
      97     49.52830424
      98     50.57408607
      99     51.64673977
     100     52.71251948
     101     53.80858389
     102     54.89429927
     103     56.01383127
     104     57.11943682
     105     58.26247657
     106     59.38790633
     107     60.55451559
     108     61.69972200
     109     62.88994397
     110     64.05485612
     111     65.26875854
     112     66.45332589
     113     67.69095581
     114     68.89510125
     115     70.15653353
     116     71.38020266
     117     72.66548899
     118     73.90859722
     119     75.21782077
     120     76.48030897
     121     77.81352687
     122     79.09530170
     123     80.45260668
     124     81.75360335
     125     83.13505881
     126     84.45517385
     127     85.86088339
     128     87.20004550
     129     88.63007966
     130     89.98817375
     131     91.44264845
     132     92.81959578
     133     94.29858955
     134     95.69426184
     135     97.19790453
     136     98.61221463
     137    100.14059369
     138    101.57339838
     139    103.12665933
     140    104.57786208
     141    106.15610227
     142    107.62554296
     143    109.22892556
     144    110.71649722
     145    112.34513051
     146    113.85065398
     147    115.50472098
     148    117.02807772
     149    118.70769880
     150    120.24868815
     151    121.95406865
     152    123.51255931
     153    125.24383289
     154    126.81959997
     155    128.57699714
     156    130.16989529
     157    131.95356431
     158    133.56334122
     159    135.37354104
     160    137.00003594
     161    138.83693082
     162    140.47986041
     163    142.34374146
     164    144.00292807
     165    145.89397708
     166    147.56910222
     167    149.48764680
     168    151.17851437
     169    153.12475545
     170    154.83100697
     171    156.80531367
     172    158.52673295
     173    160.52932709
     174    162.26551000
     175    164.29680811
     176    166.04751672
     177    168.10776326
     178    169.87254120
     179    171.96220706
     180    173.74079296
     181    175.86014706
     182    177.65202449
     183    179.80160029
     184    181.60648285
     185    183.78657553
     186    185.60387745
     187    187.81509286
     188    189.64450124
     189    191.88716249
     190    193.72801112
     191    196.00280827
     192    197.85475668
     193    200.16204210
     194    202.02433021
     195    204.36489255
     196    206.23715189
     197    208.61137361
     198    210.49273376
     199    212.90151976
     200    214.79158496
     201    217.23534764
     202    219.13311680
     203    221.61289930
     204    223.51795186
     205    226.03419471
     206    227.94537348
     207    230.49928586
     208    232.41615092
     209    235.00819703
     210    236.92940269
     211    239.56099343
     212    241.48609078
     213    244.15770503
     214    246.08511792
     215    248.79841509
     216    250.72770410
     217    253.48316123
     218    255.41246433
     219    258.21205189
     220    260.14097153
     221    262.98513528
     222    264.91144859
     223    267.80255600
     224    269.72596396
     225    272.66437718
     226    274.58219180
     227    277.57079706
     228    279.48291883
     229    282.52190030
     230    284.42502559
     231    287.51796805
     232    289.41238188
     233    292.55911694
     234    294.44067084
     235    297.64576336
     236    299.51548038
     237    302.77807348
     238    304.63058083
     239    307.95670282
     240    309.79447793
     241    313.18190163
     242    314.99762930
     243    318.45480602
     244    320.25400871
     245    323.77584103
     246    325.54759694
     247    329.14734544
     248    330.90438456
     249    334.57028787
     250    336.29288532
     251    340.05149871
     252    341.77511753
     253    345.59519071
     254    347.26402333
     255    351.25202048
     256    353.11961602
 ---------------------------------------
 
SCF converged! Final Ground-State Energy (Eh):             -57.3323564853146763
