 
     Two-Electron DVR    
 ------------------------
 x0     =      15.00000000
 m      =       1.00000000
 Z      =       4.00000000
 n      =              256
 dx     =       0.11764706
 
Soft-Coulomb Parameters:
 alpha  =       1.00000000
 beta   =       1.00000000
 
 
                       Hartree-Fock                      
 --------------------------------------------------------
 no. of orbitals        =              256
 no. of electrons       =                2
 scf_damping_switch     =        F
 scf_diis_switch        =        F
 damping_factor         =   0.00000000
 e_tolerance            = 0.0000000000100000
 maximum scf-iterations =              200
 
 
                       SCF iterations                      
 ----------------------------------------------------------
    S.No    Energy (hartree)        dE (hartree)
 ----------------------------------------------------------
       0     -6.418296506144
       1     -5.602862966565      0.815433539579
       2     -5.609170640080      0.006307673515
       3     -5.609440195144      0.000269555064
       4     -5.609451694708      0.000011499565
       5     -5.609452187094      0.000000492386
       6     -5.609452208236      0.000000021142
       7     -5.609452209145      0.000000000909
       8     -5.609452209184      0.000000000039
       9     -5.609452209186      0.000000000002
 ----------------------------------------------------------
  
 
 
 ---------------------------------------
     Molecular Orbital Energies (Eh)    
 ---------------------------------------
       1     -2.40384233
       2     -0.82800623
       3     -0.46436688
       4     -0.30809502
       5     -0.21484710
       6     -0.15427813
       7     -0.09647355
       8     -0.03028255
       9      0.05086724
      10      0.14372083
      11      0.25045504
      12      0.36823366
      13      0.49879034
      14      0.64029765
      15      0.79380392
      16      0.95833256
      17      1.13432590
      18      1.32141682
      19      1.51963105
      20      1.72897751
      21      1.94924713
      22      2.18064411
      23      2.42285893
      24      2.67617067
      25      2.94025334
      26      3.21539067
      27      3.50128497
      28      3.79818962
      29      4.10585385
      30      4.42448768
      31      4.75389062
      32      5.09422846
      33      5.44534664
      34      5.80737160
      35      6.18018733
      36      6.56388786
      37      6.95838778
      38      7.36375575
      39      7.77992975
      40      8.20695924
      41      8.64479964
      42      9.09348622
      43      9.55298714
      44     10.02332739
      45     10.50448428
      46     10.99647550
      47     11.49928481
      48     12.01292481
      49     12.53738375
      50     13.07267071
      51     13.61877706
      52     14.17570946
      53     14.74346142
      54     15.32203797
      55     15.91143408
      56     16.51165370
      57     17.12269274
      58     17.74455448
      59     18.37723544
      60     19.02073851
      61     19.67506054
      62     20.34020422
      63     21.01616662
      64     21.70295031
      65     22.40055246
      66     23.10897564
      67     23.82821701
      68     24.55827924
      69     25.29915939
      70     26.05086026
      71     26.81337882
      72     27.58671799
      73     28.37087462
      74     29.16585181
      75     29.97164624
      76     30.78826120
      77     31.61569319
      78     32.45394570
      79     33.30301505
      80     34.16290493
      81     35.03361147
      82     35.91513859
      83     36.80748217
      84     37.71064640
      85     38.62462691
      86     39.54942815
      87     40.48504550
      88     41.43148367
      89     42.38873780
      90     43.35681285
      91     44.33570369
      92     45.32541558
      93     46.32594309
      94     47.33729180
      95     48.35945597
      96     49.39244149
      97     50.43624230
      98     51.49086464
      99     52.55630211
     100     53.63256127
     101     54.71963541
     102     55.81753144
     103     56.92624228
     104     58.04577521
     105     59.17612278
     106     60.31729267
     107     61.46927701
     108     62.63208392
     109     63.80570509
     110     64.99014907
     111     66.18540714
     112     67.39148828
     113     68.60838331
     114     69.83610168
     115     71.07463375
     116     72.32398945
     117     73.58415863
     118     74.85515176
     119     76.13695814
     120     77.42958880
     121     78.73303248
     122     80.04730077
     123     81.37238184
     124     82.70828788
     125     84.05500644
     126     85.41255035
     127     86.78090651
     128     88.16008841
     129     89.55008228
     130     90.95090230
     131     92.36253399
     132     93.78499226
     133     95.21826189
     134     96.66235855
     135     98.11726623
     136     99.58300142
     137    101.05954729
     138    102.54692115
     139    104.04510532
     140    105.55411801
     141    107.07394060
     142    108.60459227
     143    110.14605342
     144    111.69834422
     145    113.26144405
     146    114.83537414
     147    116.42011279
     148    118.01568233
     149    119.62205992
     150    121.23926908
     151    122.86728574
     152    124.50613469
     153    126.15579055
     154    127.81627945
     155    129.48757464
     156    131.16970367
     157    132.86263832
     158    134.56640764
     159    136.28098187
     160    138.00639167
     161    139.74260560
     162    141.48965604
     163    143.24750980
     164    145.01620106
     165    146.79569475
     166    148.58602700
     167    150.38716074
     168    152.19913417
     169    154.02190806
     170    155.85552283
     171    157.69993696
     172    159.55519326
     173    161.42124771
     174    163.29814571
     175    165.18584057
     176    167.08438043
     177    168.99371575
     178    170.91389763
     179    172.84487349
     180    174.78669757
     181    176.73931397
     182    178.70278039
     183    180.67703737
     184    182.66214631
     185    184.65804384
     186    186.66479540
     187    188.68233351
     188    190.71072786
     189    192.74990645
     190    194.79994364
     191    196.86076272
     192    198.93244292
     193    201.01490229
     194    203.10822545
     195    205.21232515
     196    207.32729144
     197    209.45303115
     198    211.58964033
     199    213.73702018
     200    215.89527238
     201    218.06429193
     202    220.24418655
     203    222.43484620
     204    224.63638324
     205    226.84868247
     206    229.07186060
     207    231.30580048
     208    233.55061936
     209    235.80619947
     210    238.07265621
     211    240.34987929
     212    242.63797257
     213    244.93683894
     214    247.24656240
     215    249.56707872
     216    251.89842846
     217    254.24059764
     218    256.59355949
     219    258.95739739
     220    261.33196062
     221    263.71747771
     222    266.11361018
     223    268.52084407
     224    270.93851746
     225    273.36749914
     226    275.80663916
     227    278.25745795
     228    280.71799144
     229    283.19073206
     230    285.67248461
     231    288.16736004
     232    290.67014581
     233    293.18737747
     234    295.71078310
     235    298.25087916
     236    300.79444277
     237    303.35795943
     238    305.92070414
     239    308.50884014
     240    311.08966622
     241    313.70373871
     242    316.30039592
     243    318.94313721
     244    321.55322338
     245    324.22745248
     246    326.84600740
     247    329.55770946
     248    332.18010606
     249    334.93471024
     250    337.54935384
     251    340.36187384
     252    342.95951643
     253    345.84324599
     254    348.37705573
     255    351.41222526
     256    353.90685842
 ---------------------------------------
 
SCF converged! Final Ground-State Energy (Eh):              -5.6094522091858536
