 
     Two-Electron DVR    
 ------------------------
 x0     =      15.00000000
 m      =       1.00000000
 Z      =       6.00000000
 n      =              256
 dx     =       0.11764706
 
Soft-Coulomb Parameters:
 alpha  =       1.00000000
 beta   =       1.00000000
 
 
                       Hartree-Fock                      
 --------------------------------------------------------
 no. of orbitals        =              256
 no. of electrons       =                2
 scf_damping_switch     =        F
 scf_diis_switch        =        F
 damping_factor         =   0.00000000
 e_tolerance            = 0.0000000000100000
 maximum scf-iterations =              200
 
 
                       SCF iterations                      
 ----------------------------------------------------------
    S.No    Energy (hartree)        dE (hartree)
 ----------------------------------------------------------
       0     -9.988194935463
       1     -9.145007564749      0.843187370714
       2     -9.148775239993      0.003767675243
       3     -9.148890380021      0.000115140028
       4     -9.148893896121      0.000003516100
       5     -9.148894003670      0.000000107549
       6     -9.148894006963      0.000000003293
       7     -9.148894007064      0.000000000101
       8     -9.148894007067      0.000000000003
 ----------------------------------------------------------
  
 
 
 ---------------------------------------
     Molecular Orbital Energies (Eh)    
 ---------------------------------------
       1     -4.15683617
       2     -2.08034408
       3     -1.33759074
       4     -0.94061763
       5     -0.69239820
       6     -0.53025282
       7     -0.41757334
       8     -0.33424843
       9     -0.26074403
      10     -0.18164036
      11     -0.08901840
      12      0.01763310
      13      0.13816229
      14      0.27153134
      15      0.41767680
      16      0.57592637
      17      0.74630957
      18      0.92840264
      19      1.12222492
      20      1.32752424
      21      1.54428338
      22      1.77236865
      23      2.01172988
      24      2.26231114
      25      2.52404177
      26      2.79691303
      27      3.08084623
      28      3.37585813
      29      3.68187134
      30      3.99891386
      31      4.32691528
      32      4.66590626
      33      5.01582609
      34      5.37670342
      35      5.74848785
      36      6.13120399
      37      6.52481113
      38      6.92932925
      39      7.34472615
      40      7.77101741
      41      8.20817790
      42      8.65621945
      43      9.11512259
      44      9.58489614
      45     10.06552505
      46     10.55701581
      47     11.05935675
      48     11.57255266
      49     12.09659438
      50     12.63148550
      51     13.17721874
      52     13.73379684
      53     14.30121388
      54     14.87947208
      55     15.46856649
      56     16.06849901
      57     16.67926538
      58     17.30086733
      59     17.93330107
      60     18.57656830
      61     19.23066552
      62     19.89559448
      63     20.57135186
      64     21.25793951
      65     21.95535419
      66     22.66359790
      67     23.38266744
      68     24.11256495
      69     24.85328720
      70     25.60483655
      71     26.36720969
      72     27.14040917
      73     27.92443159
      74     28.71927971
      75     29.52495001
      76     30.34144549
      77     31.16876245
      78     32.00690414
      79     32.85586670
      80     33.71565361
      81     34.58626083
      82     35.46769210
      83     36.35994316
      84     37.26301801
      85     38.17691220
      86     39.10162998
      87     40.03716665
      88     40.98352677
      89     41.94070538
      90     42.90870732
      91     43.88752738
      92     44.87717070
      93     45.87763179
      94     46.88891610
      95     47.91101785
      96     48.94394281
      97     49.98768489
      98     51.04225020
      99     52.10763234
     100     53.18383775
     101     54.27085970
     102     55.36870500
     103     56.47736656
     104     57.59685156
     105     58.72715254
     106     59.86827710
     107     61.02021737
     108     62.18298135
     109     63.35656077
     110     64.54096408
     111     65.73618255
     112     66.94222511
     113     68.15908256
     114     69.38676430
     115     70.62526068
     116     71.87458156
     117     73.13471681
     118     74.40567681
     119     75.68745091
     120     76.98005003
     121     78.28346296
     122     79.59770120
     123     80.92275297
     124     82.25863035
     125     83.60532096
     126     84.96283752
     127     86.33116700
     128     87.71032278
     129     89.10029116
     130     90.50108622
     131     91.91269354
     132     93.33512793
     133     94.76837425
     134     96.21244806
     135     97.66733342
     136     99.13304673
     137    100.60957121
     138    102.09692411
     139    103.59508777
     140    105.10408035
     141    106.62388329
     142    108.15451566
     143    109.69595794
     144    111.24823021
     145    112.81131192
     146    114.38522421
     147    115.96994544
     148    117.56549788
     149    119.17185872
     150    120.78905143
     151    122.41705198
     152    124.05588509
     153    125.70552545
     154    127.36599910
     155    129.03727937
     156    130.71939370
     157    132.41231397
     158    134.11606913
     159    135.83062951
     160    137.55602564
     161    139.29222621
     162    141.03926347
     163    142.79710434
     164    144.56578287
     165    146.34526413
     166    148.13558409
     167    149.93670582
     168    151.74866737
     169    153.57142966
     170    155.40503295
     171    157.24943588
     172    159.10468107
     173    160.97072470
     174    162.84761194
     175    164.73529634
     176    166.63382580
     177    168.54315100
     178    170.46332280
     179    172.39428888
     180    174.33610320
     181    176.28871014
     182    178.25216707
     183    180.22641493
     184    182.21151467
     185    184.20740338
     186    186.21414597
     187    188.23167560
     188    190.26006123
     189    192.29923163
     190    194.34926028
     191    196.41007153
     192    198.48174339
     193    200.56419526
     194    202.65751015
     195    204.76160281
     196    206.87656090
     197    209.00229401
     198    211.13889483
     199    213.28626880
     200    215.44451247
     201    217.61352684
     202    219.79341228
     203    221.98406805
     204    224.18559518
     205    226.39789189
     206    228.62105840
     207    230.85499839
     208    233.09980355
     209    235.35538680
     210    237.62182561
     211    239.89905754
     212    242.18712753
     213    244.48600980
     214    246.79570004
     215    249.11624507
     216    251.44754844
     217    253.78976301
     218    256.14265518
     219    258.50656793
     220    260.88102967
     221    263.26666137
     222    265.66263760
     223    268.07005464
     224    270.48749537
     225    272.91675513
     226    275.35553360
     227    277.80679107
     228    280.26678018
     229    282.74018580
     230    285.22109016
     231    287.71700792
     232    290.21851051
     233    292.73732118
     234    295.25872844
     235    297.80128887
     236    300.34182763
     237    302.90907037
     238    305.46711153
     239    308.06104722
     240    310.63476253
     241    313.25759112
     242    315.84316304
     243    318.49959757
     244    321.09285082
     245    323.78792114
     246    326.37971220
     247    329.12490281
     248    331.70574872
     249    334.51288485
     250    337.05811183
     251    339.96040638
     252    342.44754511
     253    345.47758723
     254    347.81485102
     255    351.13528763
     256    353.37353991
 ---------------------------------------
 
SCF converged! Final Ground-State Energy (Eh):              -9.1488940070672413
