 
     Two-Electron DVR    
 ------------------------
 x0     =      15.00000000
 m      =       1.00000000
 Z      =       1.00000000
 n      =               32
 dx     =       0.96774194
 
Soft-Coulomb Parameters:
 alpha  =       0.01000000
 beta   =       0.01000000
 
 
                       Hartree-Fock                      
 --------------------------------------------------------
 no. of orbitals        =               32
 no. of electrons       =                2
 scf_damping_switch     =        T
 scf_diis_switch        =        F
 damping_factor         =   0.85000000
 e_tolerance            = 0.0000000000100000
 maximum scf-iterations =              200
 
 
                       SCF iterations                      
 ----------------------------------------------------------
    S.No    Energy (hartree)        dE (hartree)
 ----------------------------------------------------------
       0     -3.197238159102
       1      1.385225640545      4.582463799647
       2      0.644893170120      0.740332470425
       3      0.185173084882      0.459720085237
       4     -0.087639578484      0.272812663367
       5     -0.238242366379      0.150602787894
       6     -0.314514266223      0.076271899844
       7     -0.360536315061      0.046022048838
       8     -0.395141799117      0.034605484055
       9     -0.423765528661      0.028623729545
      10     -0.448243192735      0.024477664073
      11     -0.469397544815      0.021154352080
      12     -0.487751379430      0.018353834616
      13     -0.503664131422      0.015912751992
      14     -0.517469602969      0.013805471547
      15     -0.529419595775      0.011949992805
      16     -0.539758691375      0.010339095601
      17     -0.548680934397      0.008922243022
      18     -0.556368157773      0.007687223375
      19     -0.562976273438      0.006608115665
      20     -0.568646954229      0.005670680791
      21     -0.573505204636      0.004858250407
      22     -0.577662018333      0.004156813697
      23     -0.581214799063      0.003552780730
      24     -0.584248649679      0.003033850616
      25     -0.586837486220      0.002588836541
      26     -0.589045258477      0.002207772257
      27     -0.590927112192      0.001881853715
      28     -0.592530483608      0.001603371417
      29     -0.593896096277      0.001365612669
      30     -0.595058855319      0.001162759042
      31     -0.596048639597      0.000989784277
      32     -0.596890997719      0.000842358123
      33     -0.597607755751      0.000716758032
      34     -0.598217545327      0.000609789576
      35     -0.598736260896      0.000518715569
      36     -0.599177454421      0.000441193525
      37     -0.599552675244      0.000375220823
      38     -0.599871762148      0.000319086904
      39     -0.600143093901      0.000271331754
      40     -0.600373803896      0.000230709994
      41     -0.600569963785      0.000196159890
      42     -0.600736740460      0.000166776675
      43     -0.600878530106      0.000141789645
      44     -0.600999072608      0.000120542502
      45     -0.601101549134      0.000102476526
      46     -0.601188665312      0.000087116178
      47     -0.601262722107      0.000074056796
      48     -0.601325676198      0.000062954091
      49     -0.601379191378      0.000053515180
      50     -0.601424682318      0.000045490940
      51     -0.601463351812      0.000038669494
      52     -0.601496222468      0.000032870656
      53     -0.601524163672      0.000027941204
      54     -0.601547914524      0.000023750852
      55     -0.601568103347      0.000020188823
      56     -0.601585264279      0.000017160932
      57     -0.601599851384      0.000014587105
      58     -0.601612250649      0.000012399265
      59     -0.601622790188      0.000010539539
      60     -0.601631748914      0.000008958726
      61     -0.601639363916      0.000007615002
      62     -0.601645836730      0.000006472814
      63     -0.601651338666      0.000005501936
      64     -0.601656015344      0.000004676678
      65     -0.601659990543      0.000003975199
      66     -0.601663369480      0.000003378936
      67     -0.601666241588      0.000002872108
      68     -0.601668682888      0.000002441301
      69     -0.601670758000      0.000002075112
      70     -0.601672521850      0.000001763850
      71     -0.601674021125      0.000001499276
      72     -0.601675295512      0.000001274387
      73     -0.601676378742      0.000001083230
      74     -0.601677299489      0.000000920747
      75     -0.601678082125      0.000000782636
      76     -0.601678747366      0.000000665241
      77     -0.601679312822      0.000000565455
      78     -0.601679793459      0.000000480637
      79     -0.601680202001      0.000000408542
      80     -0.601680549262      0.000000347261
      81     -0.601680844434      0.000000295172
      82     -0.601681095330      0.000000250896
      83     -0.601681308592      0.000000213262
      84     -0.601681489865      0.000000181273
      85     -0.601681643947      0.000000154082
      86     -0.601681774916      0.000000130970
      87     -0.601681886240      0.000000111324
      88     -0.601681980866      0.000000094626
      89     -0.601682061298      0.000000080432
      90     -0.601682129664      0.000000068367
      91     -0.601682187776      0.000000058112
      92     -0.601682237172      0.000000049395
      93     -0.601682279157      0.000000041986
      94     -0.601682314845      0.000000035688
      95     -0.601682345180      0.000000030335
      96     -0.601682370965      0.000000025785
      97     -0.601682392882      0.000000021917
      98     -0.601682411511      0.000000018629
      99     -0.601682427346      0.000000015835
     100     -0.601682440806      0.000000013460
     101     -0.601682452246      0.000000011441
     102     -0.601682461971      0.000000009725
     103     -0.601682470237      0.000000008266
     104     -0.601682477263      0.000000007026
     105     -0.601682483235      0.000000005972
     106     -0.601682488311      0.000000005076
     107     -0.601682492626      0.000000004315
     108     -0.601682496294      0.000000003668
     109     -0.601682499412      0.000000003117
     110     -0.601682502061      0.000000002650
     111     -0.601682504314      0.000000002252
     112     -0.601682506228      0.000000001915
     113     -0.601682507856      0.000000001627
     114     -0.601682509239      0.000000001383
     115     -0.601682510415      0.000000001176
     116     -0.601682511414      0.000000000999
     117     -0.601682512264      0.000000000849
     118     -0.601682512986      0.000000000722
     119     -0.601682513599      0.000000000614
     120     -0.601682514121      0.000000000522
     121     -0.601682514565      0.000000000443
     122     -0.601682514941      0.000000000377
     123     -0.601682515262      0.000000000320
     124     -0.601682515534      0.000000000272
     125     -0.601682515766      0.000000000231
     126     -0.601682515962      0.000000000197
     127     -0.601682516130      0.000000000167
     128     -0.601682516272      0.000000000142
     129     -0.601682516393      0.000000000121
     130     -0.601682516495      0.000000000103
     131     -0.601682516583      0.000000000087
     132     -0.601682516657      0.000000000074
     133     -0.601682516720      0.000000000063
     134     -0.601682516774      0.000000000054
     135     -0.601682516819      0.000000000046
     136     -0.601682516858      0.000000000039
     137     -0.601682516891      0.000000000033
     138     -0.601682516919      0.000000000028
     139     -0.601682516943      0.000000000024
     140     -0.601682516963      0.000000000020
     141     -0.601682516980      0.000000000017
     142     -0.601682516995      0.000000000015
     143     -0.601682517007      0.000000000012
     144     -0.601682517018      0.000000000011
     145     -0.601682517026      0.000000000009
 ----------------------------------------------------------
  
 
 
 ---------------------------------------
     Molecular Orbital Energies (Eh)    
 ---------------------------------------
       1      0.23233746
       2      0.32877466
       3      0.34903267
       4      0.44505408
       5      0.46624623
       6      0.58074205
       7      0.60946518
       8      0.74289607
       9      0.78642533
      10      0.93475349
      11      0.99963714
      12      1.15792482
      13      1.25007867
      14      1.41458163
      15      1.53836405
      16      1.70728431
      17      1.86509820
      18      2.03758493
      19      2.23023296
      20      2.40778432
      21      2.63318100
      22      2.81846142
      23      3.07355183
      24      3.27095162
      25      3.55094709
      26      3.76649356
      27      4.06380480
      28      4.30926096
      29      4.61027311
      30      4.91895487
      31      5.16840373
      32      5.62719220
 ---------------------------------------
 
SCF converged! Final Ground-State Energy (Eh):              -0.6016825170264757
