 
     Two-Electron DVR    
 ------------------------
 x0     =      15.00000000
 m      =       1.00000000
 Z      =       2.00000000
 n      =              256
 dx     =       0.11764706
 
Soft-Coulomb Parameters:
 alpha  =       0.01000000
 beta   =       0.01000000
 
 
                       Hartree-Fock                      
 --------------------------------------------------------
 no. of orbitals        =              256
 no. of electrons       =                2
 scf_damping_switch     =        F
 scf_diis_switch        =        F
 damping_factor         =   0.00000000
 e_tolerance            = 0.0000000000100000
 maximum scf-iterations =              200
 
 
                       SCF iterations                      
 ----------------------------------------------------------
    S.No    Energy (hartree)        dE (hartree)
 ----------------------------------------------------------
       0    -18.734832598284
       1    -13.777891739091      4.956940859193
       2    -13.975115953405      0.197224214313
       3    -13.975569577669      0.000453624264
       4    -13.975573126185      0.000003548516
       5    -13.975573165407      0.000000039222
       6    -13.975573165880      0.000000000473
       7    -13.975573165886      0.000000000006
 ----------------------------------------------------------
  
 
 
 ---------------------------------------
     Molecular Orbital Energies (Eh)    
 ---------------------------------------
       1     -4.71807443
       2      0.02349829
       3      0.02423950
       4      0.09187863
       5      0.09510263
       6      0.20401572
       7      0.21184596
       8      0.35927363
       9      0.37413810
      10      0.55719962
      11      0.58172265
      12      0.79749766
      13      0.83436684
      14      1.08002641
      15      1.13185043
      16      1.40478578
      17      1.47396539
      18      1.77188544
      19      1.86051824
      20      2.18150275
      21      2.29133232
      22      2.63384013
      23      2.76624920
      24      3.12909266
      25      3.28512900
      26      3.66742739
      27      3.84784981
      28      4.24897595
      29      4.45430661
      30      4.87383372
      31      5.10440972
      32      5.54206558
      33      5.79808313
      34      6.25371102
      35      6.53526286
      36      7.00879172
      37      7.31589529
      38      7.80731553
      39      8.13993578
      40      8.64928231
      41      9.00734721
      42      9.53468532
      43      9.91809896
      44     10.46351556
      45     10.87216579
      46     11.43576104
      47     11.86952703
      48     12.45141041
      49     12.91016582
      50     13.51045083
      51     13.99406851
      52     14.61287145
      53     15.12122409
      54     15.75866036
      55     16.29162380
      56     16.94780831
      57     17.50526071
      58     18.18030482
      59     18.76212947
      60     19.45614247
      61     20.06222595
      62     20.77531223
      63     21.40554716
      64     22.13780841
      65     22.79209094
      66     23.54362325
      67     24.22185590
      68     24.99275256
      69     25.69484122
      70     26.48518957
      71     27.21104664
      72     28.02093144
      73     28.77047225
      74     29.59997212
      75     30.37311855
      76     31.22230990
      77     32.01898625
      78     32.88793924
      79     33.70807637
      80     34.59685942
      81     35.44039003
      82     36.34906522
      83     37.21592860
      84     38.14455679
      85     39.03469348
      86     39.98332906
      87     40.89668626
      88     41.86538297
      89     42.80190850
      90     43.79071345
      91     44.75036196
      92     45.75932218
      93     46.74204830
      94     47.77120398
      95     48.77696937
      96     49.82636124
      97     50.85512689
      98     51.92478853
      99     52.97652277
     100     54.06648896
     101     55.14115877
     102     56.25145672
     103     57.34903683
     104     58.47969567
     105     59.60015871
     106     60.75119953
     107     61.89452638
     108     63.06597290
     109     64.23214161
     110     65.42400893
     111     66.61300639
     112     67.82531302
     113     69.03712248
     114     70.26987763
     115     71.50449189
     116     72.75770903
     117     74.01511639
     118     75.28879884
     119     76.56899799
     120     77.86315428
     121     79.16613848
     122     80.48076603
     123     81.80653989
     124     83.14164233
     125     84.49020401
     126     85.84577278
     127     87.21713294
     128     88.59316677
     129     89.98732845
     130     91.38381262
     131     92.80079269
     132     94.21772104
     133     95.65752746
     134     97.09487888
     135     98.55753498
     136    100.01529832
     137    101.50081706
     138    102.97896455
     139    104.48737599
     140    105.98589141
     141    107.51721362
     142    109.03606219
     143    110.59033233
     144    112.12949260
     145    113.70673402
     146    115.26616377
     147    116.86642117
     148    118.44609353
     149    120.06939573
     150    121.66926053
     151    123.31566031
     152    124.93568505
     153    126.60521692
     154    128.24534289
     155    129.93806831
     156    131.59825714
     157    133.31421658
     158    134.99440032
     159    136.73366462
     160    138.43379876
     161    140.19641461
     162    141.91642124
     163    143.70246961
     164    145.44229782
     165    147.25183187
     166    149.01139300
     167    150.84450464
     168    152.62374116
     169    154.48049024
     170    156.27930188
     171    158.15979209
     172    159.97811459
     173    161.88241255
     174    163.72013322
     175    165.64835520
     176    167.50540309
     177    169.45762243
     178    171.33387165
     179    173.31021791
     180    175.20559117
     181    177.20614399
     182    179.12050165
     183    181.14540434
     184    183.07866354
     185    185.12800119
     186    187.08000835
     187    189.15393806
     188    191.12460624
     189    193.22321685
     190    195.21237902
     191    197.33584070
     192    199.34340842
     193    201.49181090
     194    203.51760525
     195    205.69112978
     196    207.73506512
     197    209.93379763
     198    211.99568644
     199    214.21981527
     200    216.29958163
     201    218.54918130
     202    220.64663521
     203    222.92189405
     204    225.03698003
     205    227.33794931
     206    229.47048537
     207    231.79734130
     208    233.94730908
     209    236.30006135
     210    238.46730395
     211    240.84609712
     212    243.03065866
     213    245.43543290
     214    247.63720860
     215    250.06804602
     216    252.28718054
     217    254.74390995
     218    256.98039199
     219    259.46298620
     220    261.71711676
     221    264.22523203
     222    266.49715417
     223    269.03058551
     224    271.32083532
     225    273.87898084
     226    276.18794038
     227    278.77032333
     228    281.09886784
     229    283.70451739
     230    286.05337412
     231    288.68142715
     232    291.05193114
     233    293.70092602
     234    296.09425688
     235    298.76283724
     236    301.18089067
     237    303.86702018
     238    306.31147527
     239    309.01328196
     240    311.48658721
     241    314.20152454
     242    316.70571897
     243    319.43160753
     244    321.96942100
     245    324.70358889
     246    327.27691124
     247    330.01748294
     248    332.62864008
     249    335.37362792
     250    338.02341067
     251    340.77214580
     252    343.46174585
     253    346.21320523
     254    348.94296869
     255    351.69230593
     256    354.49261322
 ---------------------------------------
 
SCF converged! Final Ground-State Energy (Eh):             -13.9755731658858195
