 
     Two-Electron DVR    
 ------------------------
 x0     =      15.00000000
 m      =       1.00000000
 Z      =       1.00000000
 n      =              128
 dx     =       0.23622047
 
Soft-Coulomb Parameters:
 alpha  =       0.01000000
 beta   =       1.00000000
 
 
                       Hartree-Fock                      
 --------------------------------------------------------
 no. of orbitals        =              128
 no. of electrons       =                2
 scf_damping_switch     =        F
 scf_diis_switch        =        F
 damping_factor         =   0.00000000
 e_tolerance            = 0.0000000000100000
 maximum scf-iterations =              200
 
 
                       SCF iterations                      
 ----------------------------------------------------------
    S.No    Energy (hartree)        dE (hartree)
 ----------------------------------------------------------
       0     -7.020440138509
       1     -6.108467533572      0.911972604938
       2     -6.109882402365      0.001414868793
       3     -6.109910756194      0.000028353830
       4     -6.109911345442      0.000000589247
       5     -6.109911357897      0.000000012455
       6     -6.109911358162      0.000000000265
       7     -6.109911358168      0.000000000006
 ----------------------------------------------------------
  
 
 
 ---------------------------------------
     Molecular Orbital Energies (Eh)    
 ---------------------------------------
       1     -2.60045135
       2      0.14049678
       3      0.14052258
       4      0.24480119
       5      0.24543657
       6      0.37488480
       7      0.37967182
       8      0.52995526
       9      0.54816176
      10      0.71281297
      11      0.75531301
      12      0.93311245
      13      1.00425090
      14      1.19791889
      15      1.29650050
      16      1.50851631
      17      1.63255072
      18      1.86415100
      19      2.01242378
      20      2.26401873
      21      2.43598011
      22      2.70757112
      23      2.90304621
      24      3.19447267
      25      3.41346021
      26      3.72450799
      27      3.96708558
      28      4.29754987
      29      4.56381164
      30      4.91350673
      31      5.20355123
      32      5.57232985
      33      5.88623589
      34      6.27397316
      35      6.61181301
      36      7.01841997
      37      7.38024152
      38      7.80564069
      39      8.19149042
      40      8.63563339
      41      9.04553543
      42      9.50837330
      43      9.94235875
      44     10.42386681
      45     10.88194625
      46     11.38208888
      47     11.86428828
      48     12.38305204
      49     12.88937696
      50     13.42672835
      51     13.95720782
      52     14.51313617
      53     15.06777694
      54     15.64224288
      55     16.22108330
      56     16.81407320
      57     17.41712560
      58     18.02858825
      59     18.65590533
      60     19.28582023
      61     19.93742304
      62     20.58572219
      63     21.26168218
      64     21.92833542
      65     22.62868470
      66     23.31360270
      67     24.03843583
      68     24.74157656
      69     25.49093866
      70     26.21218670
      71     26.98620017
      72     27.72549974
      73     28.52422450
      74     29.28142859
      75     30.10502052
      76     30.88005786
      77     31.72859344
      78     32.52127864
      79     33.39495435
      80     34.20519887
      81     35.10410962
      82     35.93168095
      83     36.85607308
      84     37.70086358
      85     38.65085249
      86     39.51257091
      87     40.48846519
      88     41.36698301
      89     42.36892069
      90     43.26387215
      91     44.29224103
      92     45.20347533
      93     46.25843792
      94     47.18549316
      95     48.26753976
      96     49.21024317
      97     50.31956112
      98     51.27732488
      99     52.41453884
     100     53.38717390
     101     54.55249079
     102     55.53924414
     103     56.73346409
     104     57.73415231
     105     58.95747841
     106     59.97113871
     107     61.22458920
     108     62.25111490
     109     63.53480804
     110     64.57300300
     111     65.88817897
     112     66.93823270
     113     68.28466397
     114     69.34524523
     115     70.72420724
     116     71.79646555
     117     73.20656895
     118     74.28958303
     119     75.73124048
     120     76.82914849
     121     78.29721513
     122     79.41160951
     123     80.90185875
     124     82.04710800
     125     83.54042997
     126     84.73245939
     127     86.18783023
     128     87.52081886
 ---------------------------------------
 
SCF converged! Final Ground-State Energy (Eh):              -6.1099113581677402
