 
     Two-Electron DVR    
 ------------------------
 x0     =      15.00000000
 m      =       1.00000000
 Z      =       3.00000000
 n      =              512
 dx     =       0.05870841
 
Soft-Coulomb Parameters:
 alpha  =       0.10000000
 beta   =       0.10000000
 
 
                       Hartree-Fock                      
 --------------------------------------------------------
 no. of orbitals        =              512
 no. of electrons       =                2
 scf_damping_switch     =        F
 scf_diis_switch        =        F
 damping_factor         =   0.00000000
 e_tolerance            = 0.0000000000100000
 maximum scf-iterations =              200
 
 
                       SCF iterations                      
 ----------------------------------------------------------
    S.No    Energy (hartree)        dE (hartree)
 ----------------------------------------------------------
       0    -12.596227286459
       1    -10.429000543187      2.167226743271
       2    -10.465300480521      0.036299937334
       3    -10.465903740162      0.000603259641
       4    -10.465914076862      0.000010336699
       5    -10.465914262912      0.000000186050
       6    -10.465914266370      0.000000003458
       7    -10.465914266436      0.000000000066
       8    -10.465914266437      0.000000000001
 ----------------------------------------------------------
  
 
 
 ---------------------------------------
     Molecular Orbital Energies (Eh)    
 ---------------------------------------
       1     -4.18786037
       2     -0.39554698
       3     -0.21170461
       4     -0.11225742
       5     -0.07103414
       6     -0.01780513
       7      0.03263278
       8      0.11326871
       9      0.18650888
      10      0.29424346
      11      0.38950489
      12      0.52245252
      13      0.63972459
      14      0.79666307
      15      0.93617595
      16      1.11623230
      17      1.27822870
      18      1.48076585
      19      1.66543338
      20      1.88998754
      21      2.09744921
      22      2.34368650
      23      2.57400963
      24      2.84169408
      25      3.09490308
      26      3.38387268
      27      3.65996061
      28      3.97010935
      29      4.26904722
      30      4.60031134
      31      4.92205511
      32      5.27440269
      33      5.61889851
      34      5.99232132
      35      6.35950941
      36      6.75401663
      37      7.14383414
      38      7.55944744
      39      7.97183057
      40      8.40858027
      41      8.84346581
      42      9.30138790
      43      9.75871438
      44     10.23784820
      45     10.71755669
      46     11.21794317
      47     11.71997783
      48     12.24165820
      49     12.76596659
      50     13.30898138
      51     13.85551468
      52     14.41990302
      53     14.98861609
      54     15.57441525
      55     16.16526659
      56     16.77251166
      57     17.38546334
      58     18.01418707
      59     18.64920455
      60     19.29943726
      61     19.95648926
      62     20.62825883
      63     21.30731710
      64     22.00064907
      65     22.70168817
      66     23.41660579
      67     24.13960290
      68     24.87612725
      69     25.62106195
      70     26.37921210
      71     27.14606615
      72     27.92585929
      73     28.71461644
      74     29.51606800
      75     30.32671382
      76     31.14983765
      77     31.98235931
      78     32.82716781
      79     33.68155396
      80     34.54805819
      81     35.42429879
      82     36.31250862
      83     37.21059479
      84     38.12051900
      85     39.04044291
      86     39.97208934
      87     40.91384410
      88     41.86721968
      89     42.83079921
      90     43.80591011
      91     44.79130908
      92     45.78816077
      93     46.79537449
      94     47.81397181
      95     48.84299617
      96     49.88334343
      97     50.93417482
      98     51.99627581
      99     53.06891108
     100     54.15276916
     101     55.24720555
     102     56.35282370
     103     57.46905880
     104     58.59643964
     105     59.73447134
     106     60.88361721
     107     62.04344366
     108     63.21435662
     109     64.39597622
     110     65.58865808
     111     66.79206945
     112     68.00652181
     113     69.23172372
     114     70.46794802
     115     71.71493942
     116     72.97293690
     117     74.24171687
     118     75.52148866
     119     76.81205641
     120     78.11360348
     121     79.42595831
     122     80.74928154
     123     82.08342286
     124     83.42852302
     125     84.78445032
     126     86.15132809
     127     87.52904093
     128     88.91769691
     129     90.31719491
     130     91.72762964
     131     93.14891246
     132     94.58112643
     133     96.02419380
     134     97.47818743
     135     98.94303910
     136    100.41881276
     137    101.90544854
     138    103.40300257
     139    104.91142228
     140    106.43075698
     141    107.96096047
     142    109.50207612
     143    111.05406327
     144    112.61696009
     145    114.19073081
     146    115.77540903
     147    117.37096322
     148    118.97742302
     149    120.59476062
     150    122.22300218
     151    123.86212313
     152    125.51214662
     153    127.17305087
     154    128.84485642
     155    130.52754395
     156    132.22113168
     157    133.92560246
     158    135.64097250
     159    137.36722651
     160    139.10437896
     161    140.85241618
     162    142.61135115
     163    144.38117158
     164    146.16188914
     165    147.95349279
     166    149.75599304
     167    151.56937990
     168    153.39366290
     169    155.22883299
     170    157.07489882
     171    158.93185214
     172    160.79970086
     173    162.67843742
     174    164.56806911
     175    166.46858893
     176    168.38000363
     177    170.30230673
     178    172.23550450
     179    174.17959089
     180    176.13457179
     181    178.10044149
     182    180.07720556
     183    182.06485861
     184    184.06340589
     185    186.07284230
     186    188.09317285
     187    190.12439264
     188    192.16650650
     189    194.21950970
     190    196.28340691
     191    198.35819355
     192    200.44387415
     193    202.54044425
     194    204.64790828
     195    206.76626187
     196    208.89550938
     197    211.03564648
     198    213.18667749
     199    215.34859814
     200    217.52141270
     201    219.70511692
     202    221.89971507
     203    224.10520289
     204    226.32158466
     205    228.54885611
     206    230.78702153
     207    233.03607664
     208    235.29602576
     209    237.56686456
     210    239.84859740
     211    242.14121993
     212    244.44473653
     213    246.75914281
     214    249.08444321
     215    251.42063327
     216    253.76771751
     217    256.12569138
     218    258.49455948
     219    260.87431720
     220    263.26496920
     221    265.66651080
     222    268.07894674
     223    270.50227224
     224    272.93649216
     225    275.38160161
     226    277.83760553
     227    280.30449895
     228    282.78228692
     229    285.27096434
     230    287.77053639
     231    290.28099785
     232    292.80235401
     233    295.33459955
     234    297.87773986
     235    300.43176950
     236    302.99669400
     237    305.57250777
     238    308.15921650
     239    310.75681444
     240    313.36530742
     241    315.98468958
     242    318.61496685
     243    321.25613325
     244    323.90819486
     245    326.57114553
     246    329.24499150
     247    331.92972648
     248    334.62535686
     249    337.33187619
     250    340.04929101
     251    342.77759471
     252    345.51679402
     253    348.26688214
     254    351.02786596
     255    353.79973853
     256    356.58250690
     257    359.37616397
     258    362.18071693
     259    364.99615852
     260    367.82249612
     261    370.65972226
     262    373.50784453
     263    376.36685527
     264    379.23676225
     265    382.11755762
     266    385.00924935
     267    387.91182939
     268    390.82530590
     269    393.74967065
     270    396.68493199
     271    399.63108149
     272    402.58812770
     273    405.55606197
     274    408.53489308
     275    411.52461218
     276    414.52522824
     277    417.53673219
     278    420.55913324
     279    423.59242208
     280    426.63660816
     281    429.69168193
     282    432.75765307
     283    435.83451182
     284    438.92226808
     285    442.02091183
     286    445.13045323
     287    448.25088204
     288    451.38220863
     289    454.52442252
     290    457.67753434
     291    460.84153336
     292    464.01643045
     293    467.20221463
     294    470.39889703
     295    473.60646642
     296    476.82493418
     297    480.05428881
     298    483.29454196
     299    486.54568187
     300    489.80772046
     301    493.08064569
     302    496.36446975
     303    499.65918035
     304    502.96478993
     305    506.28128593
     306    509.60868106
     307    512.94696250
     308    516.29614323
     309    519.65621016
     310    523.02717651
     311    526.40902897
     312    529.80178100
     313    533.20541902
     314    536.61995676
     315    540.04538040
     316    543.48170389
     317    546.92891317
     318    550.38702244
     319    553.85601742
     320    557.33591251
     321    560.82669322
     322    564.32837416
     323    567.84094066
     324    571.36440750
     325    574.89875982
     326    578.44401256
     327    582.00015076
     328    585.56718947
     329    589.14511358
     330    592.73393824
     331    596.33364833
     332    599.94425901
     333    603.56575511
     334    607.19815180
     335    610.84143398
     336    614.49561673
     337    618.16068502
     338    621.83665381
     339    625.52350830
     340    629.22126317
     341    632.92990389
     342    636.64944482
     343    640.37987187
     344    644.12119889
     345    647.87341230
     346    651.63652537
     347    655.41052525
     348    659.19542440
     349    662.99121078
     350    666.79789595
     351    670.61546897
     352    674.44394017
     353    678.28329988
     354    682.13355702
     355    685.99470356
     356    689.86674665
     357    693.74968009
     358    697.64350899
     359    701.54822951
     360    705.46384422
     361    709.39035189
     362    713.32775222
     363    717.27604728
     364    721.23523321
     365    725.20531574
     366    729.18628700
     367    733.17815731
     368    737.18091387
     369    741.19457204
     370    745.21911355
     371    749.25455999
     372    753.30088635
     373    757.35812119
     374    761.42623197
     375    765.50525571
     376    769.59515074
     377    773.69596355
     378    777.80764226
     379    781.93024479
     380    786.06370694
     381    790.20809944
     382    794.36334427
     383    798.52952756
     384    802.70655474
     385    806.89452917
     386    811.09333769
     387    815.30310432
     388    819.52369372
     389    823.75525303
     390    827.99762198
     391    832.25097536
     392    836.51512320
     393    840.79027132
     394    845.07619634
     395    849.37314098
     396    853.68084225
     397    857.99958435
     398    862.32905963
     399    866.66960153
     400    871.02084953
     401    875.38319252
     402    879.75621031
     403    884.14035744
     404    888.53514325
     405    892.94109630
     406    897.35764631
     407    901.78540927
     408    906.22372105
     409    910.67329638
     410    915.13336489
     411    919.60475784
     412    924.08657978
     413    928.57979371
     414    933.08336247
     415    937.59840429
     416    942.12371537
     417    946.66058967
     418    951.20763437
     419    955.76635029
     420    960.33512249
     421    964.91568628
     422    969.50617451
     423    974.10859825
     424    978.72079421
     425    983.34508644
     426    987.97897497
     427    992.62515169
     428    997.28072151
     429   1001.94879436
     430   1006.62602540
     431   1011.31601561
     432   1016.01489261
     433   1020.72681603
     434   1025.44731232
     435   1030.18119720
     436   1034.92329210
     437   1039.67916001
     438   1044.44281804
     439   1049.22070664
     440   1054.00589977
     441   1058.80583840
     442   1063.61251933
     443   1068.43455828
     444   1073.26268901
     445   1078.10686820
     446   1082.95638552
     447   1087.82277227
     448   1092.69362467
     449   1097.58227323
     450   1102.47437608
     451   1107.38537673
     452   1112.29866020
     453   1117.23208667
     454   1122.16643721
     455   1127.12241072
     456   1132.07773379
     457   1137.05635442
     458   1142.03249746
     459   1147.03392816
     460   1152.03076336
     461   1157.05513960
     462   1162.07246199
     463   1167.12000279
     464   1172.15764015
     465   1177.22852816
     466   1182.28620540
     467   1187.38073436
     468   1192.45822101
     469   1197.57663526
     470   1202.67356355
     471   1207.81625511
     472   1212.93232024
     473   1218.09961152
     474   1223.23432587
     475   1228.42673484
     476   1233.57970364
     477   1238.79764568
     478   1243.96823217
     479   1249.21237954
     480   1254.40009094
     481   1259.67095663
     482   1264.87498310
     483   1270.17341326
     484   1275.39317954
     485   1280.71976063
     486   1285.95428066
     487   1291.31002534
     488   1296.55870989
     489   1301.94419256
     490   1307.20591932
     491   1312.62226192
     492   1317.89658946
     493   1323.34416861
     494   1328.62992317
     495   1334.10987438
     496   1339.40703152
     497   1344.91925732
     498   1350.22658947
     499   1355.77229883
     500   1361.09044196
     501   1366.66891402
     502   1371.99588397
     503   1377.60942804
     504   1382.94626482
     505   1388.59418590
     506   1393.93452280
     507   1399.62513722
     508   1404.96954066
     509   1410.70393996
     510   1416.02281734
     511   1421.84120826
     512   1427.22067450
 ---------------------------------------
 
SCF converged! Final Ground-State Energy (Eh):             -10.4659142664369682
