 
     Two-Electron DVR    
 ------------------------
 x0     =      15.00000000
 m      =       1.00000000
 Z      =       2.00000000
 n      =             2048
 dx     =       0.01465559
 
Soft-Coulomb Parameters:
 alpha  =       0.01000000
 beta   =       0.01000000
 
 
                       Hartree-Fock                      
 --------------------------------------------------------
 no. of orbitals        =             2048
 no. of electrons       =                2
 scf_damping_switch     =        F
 scf_diis_switch        =        F
 damping_factor         =   0.00000000
 e_tolerance            = 0.0000000000100000
 maximum scf-iterations =              200
 
 
                       SCF iterations                      
 ----------------------------------------------------------
    S.No    Energy (hartree)        dE (hartree)
 ----------------------------------------------------------
       0    -18.841206599075
       1    -13.884604944398      4.956601654677
       2    -14.079310716505      0.194705772107
       3    -14.079773642114      0.000462925609
       4    -14.079777191328      0.000003549214
       5    -14.079777230273      0.000000038945
       6    -14.079777230740      0.000000000468
       7    -14.079777230748      0.000000000008
 ----------------------------------------------------------
  
 
 
 ---------------------------------------
     Molecular Orbital Energies (Eh)    
 ---------------------------------------
       1     -4.76770237
       2      0.02377010
       3      0.02452365
       4      0.09295169
       5      0.09622775
       6      0.20641051
       7      0.21436323
       8      0.36350633
       9      0.37859561
      10      0.56378491
      11      0.58866576
      12      0.80695117
      13      0.84433826
      14      1.09286653
      15      1.14539033
      16      1.42153445
      17      1.49161148
      18      1.79306814
      19      1.88280595
      20      2.20764755
      21      2.31879501
      22      2.66547685
      23      2.79941835
      24      3.16675165
      25      3.32453447
      26      3.71163916
      27      3.89402003
      28      4.30027038
      29      4.50776877
      30      4.93274035
      31      5.16568995
      32      5.60911301
      33      5.86770664
      34      6.32942761
      35      6.61375406
      36      7.09370497
      37      7.40377794
      38      7.90195290
      39      8.23773298
      40      8.75417047
      41      9.11558159
      42      9.65035119
      43     10.03729264
      44     10.59048525
      45     11.00284048
      46     11.57456112
      47     12.01220405
      48     12.60256660
      49     13.06536615
      50     13.67448951
      51     14.16231276
      52     14.79031807
      53     15.30303257
      54     15.95004120
      55     16.48751649
      56     17.15364860
      57     17.71575731
      58     18.40113082
      59     18.98774935
      60     19.69247925
      61     20.30348821
      62     21.02768608
      63     21.66297055
      64     22.40674427
      65     23.06619395
      66     23.82964746
      67     24.51315667
      68     25.29638996
      69     26.00385760
      70     26.80696663
      71     27.53829611
      72     28.36137288
      73     29.11647199
      74     29.95960458
      75     30.73838536
      76     31.60165803
      77     32.40403659
      78     33.28752988
      79     34.11342628
      80     35.01721715
      81     35.86655521
      82     36.79071714
      83     37.66342429
      84     38.60802744
      85     39.50403454
      86     40.46914584
      87     41.38838705
      88     42.37407038
      89     43.31648300
      90     44.32279929
      91     45.28832359
      92     46.31533094
      93     47.30391005
      94     48.35166389
      95     49.36324363
      96     50.43179682
      97     51.46632559
      98     52.55572852
      99     53.61315720
     100     54.72345793
     101     55.80373970
     102     56.93498404
     103     58.03807432
     104     59.19030597
     105     60.31616230
     106     61.48942290
     107     62.63800482
     108     63.83233409
     109     65.00360305
     110     66.21903887
     111     67.41295816
     112     68.64953663
     113     69.86607125
     114     71.12382680
     115     72.36294341
     116     73.64190888
     117     74.90357572
     118     76.20378240
     119     77.48796919
     120     78.80944694
     121     80.11612482
     122     81.45890211
     123     82.78804359
     124     84.15214757
     125     85.50372643
     126     86.88918298
     127     88.26317425
     128     89.67000807
     129     91.06638792
     130     92.49462256
     131     93.91336830
     132     95.36302621
     133     96.80411620
     134     98.27521881
     135     99.73863241
     136    101.23120015
     137    102.71691769
     138    104.23097006
     139    105.73897278
     140    107.27452837
     141    108.80479839
     142    110.36187493
     143    111.91439521
     144    113.49300961
     145    115.06776388
     146    116.66793230
     147    118.26490504
     148    119.88664289
     149    121.50581931
     150    123.14914127
     151    124.79050728
     152    126.45542736
     153    128.11896950
     154    129.80550110
     155    131.49120654
     156    133.19936240
     157    134.90721891
     158    136.63701122
     159    138.36700711
     160    140.11844750
     161    141.87057165
     162    143.64367120
     163    145.41791298
     164    147.21268228
     165    149.00903155
     166    150.82548071
     167    152.64392781
     168    154.48206646
     169    156.32260217
     170    158.18243952
     171    160.04505504
     172    161.92659986
     173    163.81128679
     174    165.71454748
     175    167.62129781
     176    169.54628236
     177    171.47508846
     178    173.42180451
     179    175.37265907
     180    177.34111392
     181    179.31400999
     182    181.30421060
     183    183.29914153
     184    185.31109455
     185    187.32805401
     186    189.36176578
     187    191.40074771
     188    193.45622429
     189    195.51722294
     190    197.59447011
     191    199.67747995
     192    201.77650325
     193    203.88151903
     194    206.00232371
     195    208.12934042
     196    210.27193153
     197    212.42094437
     198    214.58532672
     199    216.75633112
     200    218.94250929
     201    221.13550090
     202    223.34347929
     203    225.55845392
     204    227.78823672
     205    230.02519041
     206    232.27678161
     207    234.53571057
     208    236.80911398
     209    239.09001458
     210    241.38523387
     211    243.68810265
     212    246.00514130
     213    248.32997496
     214    250.66883629
     215    253.01563168
     216    255.37631888
     217    257.74507299
     218    260.12758909
     219    262.51829905
     220    264.92264696
     221    267.33531002
     222    269.76149250
     223    272.19610604
     224    274.64412576
     225    277.10068728
     226    279.57054675
     227    282.04905387
     228    284.54075551
     229    287.04120595
     230    289.55475208
     231    292.07714365
     232    294.61253647
     233    297.15686710
     234    299.71410872
     235    302.28037643
     236    304.85946886
     237    307.44767175
     238    310.04861693
     239    312.65875318
     240    315.28155294
     241    317.91362083
     242    320.55827693
     243    323.21227481
     244    325.87878892
     245    328.55471522
     246    331.24308896
     247    333.94094217
     248    336.65117707
     249    339.37095574
     250    342.10305327
     251    344.84475604
     252    347.59871760
     253    350.36234316
     254    353.13817008
     255    355.92371717
     256    358.72141075
     257    361.52887818
     258    364.34843963
     259    367.17782625
     260    370.01925674
     261    372.87056147
     262    375.73386213
     263    378.60708392
     264    381.49225581
     265    384.38739367
     266    387.29443781
     267    390.21149078
     268    393.14040816
     269    396.07937534
     270    399.03016688
     271    401.99104741
     272    404.96371401
     273    407.94650705
     274    410.94104956
     275    413.94575432
     276    416.96217357
     277    419.98878929
     278    423.02708605
     279    426.07561202
     280    429.13578704
     281    432.20622255
     282    435.28827655
     283    438.38062096
     284    441.48455461
     285    444.59880729
     286    447.72462125
     287    450.86078159
     288    454.00847649
     289    457.16654392
     290    460.33612035
     291    463.51609432
     292    466.70755285
     293    469.90943284
     294    473.12277402
     295    476.34655952
     296    479.58178388
     297    482.82747442
     298    486.08458244
     299    489.35217757
     300    492.63116974
     301    495.92066901
     302    499.22154580
     303    502.53294879
     304    505.85571062
     305    509.18901695
     306    512.53366424
     307    515.88887352
     308    519.25540667
     309    522.63251854
     310    526.02093794
     311    529.41995204
     312    532.83025806
     313    536.25117407
     314    539.68336705
     315    543.12618465
     316    546.58026493
     317    550.04498382
     318    553.52095172
     319    557.00757161
     320    560.50542744
     321    564.01394805
     322    567.53369210
     323    571.06411317
     324    574.60574572
     325    578.15806700
     326    581.72158832
     327    585.29580957
     328    588.88121992
     329    592.47734091
     330    596.08464053
     331    599.70266104
     332    603.33185018
     333    606.97176998
     334    610.62284886
     335    614.28466778
     336    617.95763661
     337    621.64135444
     338    625.33621343
     339    629.04183000
     340    632.75857934
     341    636.48609447
     342    640.22473437
     343    643.97414788
     344    647.73467851
     345    651.50599026
     346    655.28841178
     347    659.08162161
     348    662.88593421
     349    666.70104197
     350    670.52724580
     351    674.36425136
     352    678.21234656
     353    682.07124979
     354    685.94123652
     355    689.82203728
     356    693.71391568
     357    697.61661386
     358    701.53038406
     359    705.45497953
     360    709.39064166
     361    713.33713433
     362    717.29468851
     363    721.26307826
     364    725.24252461
     365    729.23281135
     366    733.23414997
     367    737.24633360
     368    741.26956462
     369    745.30364504
     370    749.34876855
     371    753.40474568
     372    757.47176178
     373    761.54963554
     374    765.63854432
     375    769.73831463
     376    773.84911619
     377    777.97078297
     378    782.10347739
     379    786.24704056
     380    790.40162794
     381    794.56708744
     382    798.74356783
     383    802.93092360
     384    807.12929710
     385    811.33854906
     386    815.55881574
     387    819.78996383
     388    824.03212376
     389    828.28516794
     390    832.54922118
     391    836.82416138
     392    841.11010800
     393    845.40694417
     394    849.71478423
     395    854.03351633
     396    858.36324989
     397    862.70387786
     398    867.05550498
     399    871.41802878
     400    875.79154951
     401    880.17596910
     402    884.57138349
     403    888.97769882
     404    893.39500693
     405    897.82321796
     406    902.26241983
     407    906.71252653
     408    911.17362221
     409    915.64562454
     410    920.12861407
     411    924.62251200
     412    929.12739542
     413    933.64318892
     414    938.16996628
     415    942.70765530
     416    947.25632664
     417    951.81591117
     418    956.38647651
     419    960.96795651
     420    965.56041591
     421    970.16379136
     422    974.77814483
     423    979.40341571
     424    984.03966329
     425    988.68682957
     426    993.34497130
     427    998.01403295
     428   1002.69406886
     429   1007.38502586
     430   1012.08695598
     431   1016.79980830
     432   1021.52363266
     433   1026.25838030
     434   1031.00409891
     435   1035.76074184
     436   1040.52835475
     437   1045.30689295
     438   1050.09640017
     439   1054.89683362
     440   1059.70823518
     441   1064.53056387
     442   1069.36385979
     443   1074.20808370
     444   1079.06327400
     445   1083.92939312
     446   1088.80647782
     447   1093.69449214
     448   1098.59347127
     449   1103.50338076
     450   1108.42425433
     451   1113.35605899
     452   1118.29882702
     453   1123.25252684
     454   1128.21718935
     455   1133.19278431
     456   1138.17934132
     457   1143.17683142
     458   1148.18528294
     459   1153.20466815
     460   1158.23501420
     461   1163.27629453
     462   1168.32853513
     463   1173.39171056
     464   1178.46584572
     465   1183.55091624
     466   1188.64694598
     467   1193.75391159
     468   1198.87183591
     469   1204.00069659
     470   1209.14051552
     471   1214.29127128
     472   1219.45298481
     473   1224.62563563
     474   1229.80924380
     475   1235.00378967
     476   1240.20929248
     477   1245.42573340
     478   1250.65313086
     479   1255.89146683
     480   1261.14075895
     481   1266.40098995
     482   1271.67217674
     483   1276.95430278
     484   1282.24738425
     485   1287.55140531
     486   1292.86638148
     487   1298.19229757
     488   1303.52916844
     489   1308.87697954
     490   1314.23574512
     491   1319.60545123
     492   1324.98611154
     493   1330.37771266
     494   1335.78026769
     495   1341.19376382
     496   1346.61821359
     497   1352.05360472
     498   1357.49994924
     499   1362.95723537
     500   1368.42547464
     501   1373.90465576
     502   1379.39478980
     503   1384.89586591
     504   1390.40789471
     505   1395.93086582
     506   1401.46478940
     507   1407.00965549
     508   1412.56547385
     509   1418.13223493
     510   1423.70994807
     511   1429.29860414
     512   1434.89821208
     513   1440.50876312
     514   1446.13026587
     515   1451.76271189
     516   1457.40610944
     517   1463.06045044
     518   1468.72574281
     519   1474.40197878
     520   1480.08916597
     521   1485.78729692
     522   1491.49637892
     523   1497.21640485
     524   1502.94738169
     525   1508.68930259
     526   1514.44217426
     527   1520.20599013
     528   1525.98075664
     529   1531.76646748
     530   1537.56312883
     531   1543.37073465
     532   1549.18929085
     533   1555.01879163
     534   1560.85924269
     535   1566.71063844
     536   1572.57298435
     537   1578.44627507
     538   1584.33051585
     539   1590.22570154
     540   1596.13183718
     541   1602.04891783
     542   1607.97694835
     543   1613.91592397
     544   1619.86584936
     545   1625.82671995
     546   1631.79854022
     547   1637.78130578
     548   1643.77502093
     549   1649.77968145
     550   1655.79529149
     551   1661.82184698
     552   1667.85935191
     553   1673.90780237
     554   1679.96720219
     555   1686.03754761
     556   1692.11884233
     557   1698.21108272
     558   1704.31427234
     559   1710.42840771
     560   1716.55349223
     561   1722.68952256
     562   1728.83650199
     563   1734.99442729
     564   1741.16330163
     565   1747.34312190
     566   1753.53389115
     567   1759.73560639
     568   1765.94827056
     569   1772.17188077
     570   1778.40643986
     571   1784.65194504
     572   1790.90839905
     573   1797.17579920
     574   1803.45414814
     575   1809.74344326
     576   1816.04368713
     577   1822.35487723
     578   1828.67701602
     579   1835.01010109
     580   1841.35413482
     581   1847.70911487
     582   1854.07504353
     583   1860.45191856
     584   1866.83974216
     585   1873.23851216
     586   1879.64823071
     587   1886.06889568
     588   1892.50050917
     589   1898.94306913
     590   1905.39657756
     591   1911.86103250
     592   1918.33643588
     593   1924.82278580
     594   1931.32008413
     595   1937.82832903
     596   1944.34752232
     597   1950.87766220
     598   1957.41875044
     599   1963.97078531
     600   1970.53376851
     601   1977.10769836
     602   1983.69257652
     603   1990.28840136
     604   1996.89517448
     605   2003.51289431
     606   2010.14156240
     607   2016.78117721
     608   2023.43174027
     609   2030.09325007
     610   2036.76570809
     611   2043.44911289
     612   2050.14346588
     613   2056.84876567
     614   2063.56501364
     615   2070.29220842
     616   2077.03035136
     617   2083.77944114
     618   2090.53947906
     619   2097.31046383
     620   2104.09239674
     621   2110.88527650
     622   2117.68910439
     623   2124.50387915
     624   2131.32960202
     625   2138.16627178
     626   2145.01388964
     627   2151.87245441
     628   2158.74196725
     629   2165.62242702
     630   2172.51383486
     631   2179.41618962
     632   2186.32949245
     633   2193.25374223
     634   2200.18894005
     635   2207.13508483
     636   2214.09217765
     637   2221.06021744
     638   2228.03920526
     639   2235.02914005
     640   2242.03002287
     641   2249.04185268
     642   2256.06463050
     643   2263.09835532
     644   2270.14302814
     645   2277.19864798
     646   2284.26521581
     647   2291.34273065
     648   2298.43119349
     649   2305.53060336
     650   2312.64096120
     651   2319.76226609
     652   2326.89451895
     653   2334.03771885
     654   2341.19186672
     655   2348.35696164
     656   2355.53300453
     657   2362.71999447
     658   2369.91793238
     659   2377.12681734
     660   2384.34665027
     661   2391.57743026
     662   2398.81915821
     663   2406.07183322
     664   2413.33545619
     665   2420.61002624
     666   2427.89554423
     667   2435.19200931
     668   2442.49942233
     669   2449.81778243
     670   2457.14709048
     671   2464.48734562
     672   2471.83854870
     673   2479.20069887
     674   2486.57379698
     675   2493.95784219
     676   2501.35283533
     677   2508.75877558
     678   2516.17566376
     679   2523.60349905
     680   2531.04228226
     681   2538.49201259
     682   2545.95269084
     683   2553.42431621
     684   2560.90688951
     685   2568.40040992
     686   2575.90487826
     687   2583.42029372
     688   2590.94665710
     689   2598.48396761
     690   2606.03222603
     691   2613.59143159
     692   2621.16158506
     693   2628.74268567
     694   2636.33473419
     695   2643.93772985
     696   2651.55167342
     697   2659.17656414
     698   2666.81240276
     699   2674.45918853
     700   2682.11692221
     701   2689.78560304
     702   2697.46523178
     703   2705.15580766
     704   2712.85733146
     705   2720.56980240
     706   2728.29322126
     707   2736.02758726
     708   2743.77290118
     709   2751.52916225
     710   2759.29637123
     711   2767.07452736
     712   2774.86363141
     713   2782.66368261
     714   2790.47468173
     715   2798.29662800
     716   2806.12952218
     717   2813.97336352
     718   2821.82815278
     719   2829.69388919
     720   2837.57057352
     721   2845.45820500
     722   2853.35678440
     723   2861.26631096
     724   2869.18678544
     725   2877.11820707
     726   2885.06057663
     727   2893.01389335
     728   2900.97815798
     729   2908.95336978
     730   2916.93952950
     731   2924.93663637
     732   2932.94469117
     733   2940.96369313
     734   2948.99364302
     735   2957.03454006
     736   2965.08638504
     737   2973.14917717
     738   2981.22291724
     739   2989.30760445
     740   2997.40323961
     741   3005.50982192
     742   3013.62735217
     743   3021.75582957
     744   3029.89525491
     745   3038.04562740
     746   3046.20694784
     747   3054.37921543
     748   3062.56243097
     749   3070.75659366
     750   3078.96170429
     751   3087.17776208
     752   3095.40476782
     753   3103.64272071
     754   3111.89162155
     755   3120.15146954
     756   3128.42226548
     757   3136.70400858
     758   3144.99669963
     759   3153.30033783
     760   3161.61492399
     761   3169.94045730
     762   3178.27693857
     763   3186.62436699
     764   3194.98274338
     765   3203.35206691
     766   3211.73233841
     767   3220.12355705
     768   3228.52572366
     769   3236.93883742
     770   3245.36289915
     771   3253.79790803
     772   3262.24386488
     773   3270.70076888
     774   3279.16862085
     775   3287.64741996
     776   3296.13716706
     777   3304.63786130
     778   3313.14950352
     779   3321.67209288
     780   3330.20563023
     781   3338.75011472
     782   3347.30554720
     783   3355.87192681
     784   3364.44925442
     785   3373.03752916
     786   3381.63675191
     787   3390.24692178
     788   3398.86803966
     789   3407.50010467
     790   3416.14311768
     791   3424.79707782
     792   3433.46198598
     793   3442.13784126
     794   3450.82464455
     795   3459.52239497
     796   3468.23109340
     797   3476.95073896
     798   3485.68133254
     799   3494.42287324
     800   3503.17536197
     801   3511.93879781
     802   3520.71318168
     803   3529.49851267
     804   3538.29479170
     805   3547.10201784
     806   3555.92019201
     807   3564.74931330
     808   3573.58938263
     809   3582.44039907
     810   3591.30236355
     811   3600.17527515
     812   3609.05913479
     813   3617.95394154
     814   3626.85969634
     815   3635.77639824
     816   3644.70404820
     817   3653.64264527
     818   3662.59219039
     819   3671.55268262
     820   3680.52412291
     821   3689.50651030
     822   3698.49984576
     823   3707.50412831
     824   3716.51935894
     825   3725.54553666
     826   3734.58266246
     827   3743.63073535
     828   3752.68975632
     829   3761.75972438
     830   3770.84064052
     831   3779.93250376
     832   3789.03531508
     833   3798.14907349
     834   3807.27377999
     835   3816.40943357
     836   3825.55603525
     837   3834.71358401
     838   3843.88208088
     839   3853.06152482
     840   3862.25191687
     841   3871.45325600
     842   3880.66554323
     843   3889.88877754
     844   3899.12295996
     845   3908.36808946
     846   3917.62416707
     847   3926.89119176
     848   3936.16916456
     849   3945.45808444
     850   3954.75795244
     851   3964.06876750
     852   3973.39053070
     853   3982.72324096
     854   3992.06689936
     855   4001.42150481
     856   4010.78705841
     857   4020.16355907
     858   4029.55100786
     859   4038.94940372
     860   4048.35874772
     861   4057.77903878
     862   4067.21027799
     863   4076.65246425
     864   4086.10559867
     865   4095.56968014
     866   4105.04470976
     867   4114.53068644
     868   4124.02761128
     869   4133.53548317
     870   4143.05430322
     871   4152.58407032
     872   4162.12478559
     873   4171.67644790
     874   4181.23905839
     875   4190.81261592
     876   4200.39712163
     877   4209.99257438
     878   4219.59897531
     879   4229.21632328
     880   4238.84461944
     881   4248.48386263
     882   4258.13405401
     883   4267.79519243
     884   4277.46727904
     885   4287.15031268
     886   4296.84429453
     887   4306.54922340
     888   4316.26510048
     889   4325.99192458
     890   4335.72969689
     891   4345.47841622
     892   4355.23808377
     893   4365.00869834
     894   4374.79026113
     895   4384.58277093
     896   4394.38622896
     897   4404.20063400
     898   4414.02598728
     899   4423.86228756
     900   4433.70953608
     901   4443.56773161
     902   4453.43687538
     903   4463.31696615
     904   4473.20800517
     905   4483.10999118
     906   4493.02292546
     907   4502.94680672
     908   4512.88163625
     909   4522.82741276
     910   4532.78413755
     911   4542.75180932
     912   4552.73042936
     913   4562.71999638
     914   4572.72051168
     915   4582.73197397
     916   4592.75438453
     917   4602.78774207
     918   4612.83204790
     919   4622.88730071
     920   4632.95350180
     921   4643.03064987
     922   4653.11874623
     923   4663.21778957
     924   4673.32778120
     925   4683.44871981
     926   4693.58060672
     927   4703.72344059
     928   4713.87722277
     929   4724.04195192
     930   4734.21762938
     931   4744.40425380
     932   4754.60182654
     933   4764.81034624
     934   4775.02981427
     935   4785.26022924
     936   4795.50159255
     937   4805.75390281
     938   4816.01716140
     939   4826.29136694
     940   4836.57652083
     941   4846.87262165
     942   4857.17967083
     943   4867.49766694
     944   4877.82661141
     945   4888.16650281
     946   4898.51734257
     947   4908.87912927
     948   4919.25186433
     949   4929.63554632
     950   4940.03017668
     951   4950.43575396
     952   4960.85227963
     953   4971.27975221
     954   4981.71817318
     955   4992.16754106
     956   5002.62785733
     957   5013.09912052
     958   5023.58133210
     959   5034.07449059
     960   5044.57859749
     961   5055.09365128
     962   5065.61965349
     963   5076.15660260
     964   5086.70450012
     965   5097.26334454
     966   5107.83313738
     967   5118.41387711
     968   5129.00556527
     969   5139.60820032
     970   5150.22178380
     971   5160.84631417
     972   5171.48179298
     973   5182.12821867
     974   5192.78559280
     975   5203.45391381
     976   5214.13318327
     977   5224.82339961
     978   5235.52456440
     979   5246.23667606
     980   5256.95973619
     981   5267.69374318
     982   5278.43869864
     983   5289.19460097
     984   5299.96145177
     985   5310.73924943
     986   5321.52799557
     987   5332.32768856
     988   5343.13833004
     989   5353.95991838
     990   5364.79245521
     991   5375.63593888
     992   5386.49037106
     993   5397.35575008
     994   5408.23207760
     995   5419.11935196
     996   5430.01757484
     997   5440.92674455
     998   5451.84686278
     999   5462.77792784
    1000   5473.71994143
    1001   5484.67290184
    1002   5495.63681079
    1003   5506.61166656
    1004   5517.59747086
    1005   5528.59422199
    1006   5539.60192166
    1007   5550.62056814
    1008   5561.65016318
    1009   5572.69070502
    1010   5583.74219543
    1011   5594.80463264
    1012   5605.87801841
    1013   5616.96235099
    1014   5628.05763213
    1015   5639.16386008
    1016   5650.28103660
    1017   5661.40915992
    1018   5672.54823182
    1019   5683.69825051
    1020   5694.85921778
    1021   5706.03113185
    1022   5717.21399451
    1023   5728.40780395
    1024   5739.61256200
    1025   5750.82826682
    1026   5762.05492025
    1027   5773.29252046
    1028   5784.54106928
    1029   5795.80056487
    1030   5807.07100908
    1031   5818.35240006
    1032   5829.64473967
    1033   5840.94802604
    1034   5852.26226104
    1035   5863.58744280
    1036   5874.92357320
    1037   5886.27065035
    1038   5897.62867616
    1039   5908.99764871
    1040   5920.37756992
    1041   5931.76843786
    1042   5943.17025448
    1043   5954.58301783
    1044   5966.00672985
    1045   5977.44138860
    1046   5988.88699604
    1047   6000.34355020
    1048   6011.81105304
    1049   6023.28950261
    1050   6034.77890087
    1051   6046.27924585
    1052   6057.79053953
    1053   6069.31277992
    1054   6080.84596903
    1055   6092.39010483
    1056   6103.94518936
    1057   6115.51122058
    1058   6127.08820053
    1059   6138.67612718
    1060   6150.27500255
    1061   6161.88482462
    1062   6173.50559543
    1063   6185.13731292
    1064   6196.77997917
    1065   6208.43359209
    1066   6220.09815376
    1067   6231.77366211
    1068   6243.46011923
    1069   6255.15752301
    1070   6266.86587556
    1071   6278.58517478
    1072   6290.31542278
    1073   6302.05661743
    1074   6313.80876088
    1075   6325.57185097
    1076   6337.34588986
    1077   6349.13087539
    1078   6360.92680973
    1079   6372.73369072
    1080   6384.55152051
    1081   6396.38029693
    1082   6408.22002218
    1083   6420.07069406
    1084   6431.93231476
    1085   6443.80488209
    1086   6455.68839826
    1087   6467.58286104
    1088   6479.48827267
    1089   6491.40463090
    1090   6503.33193800
    1091   6515.27019169
    1092   6527.21939425
    1093   6539.17954341
    1094   6551.15064144
    1095   6563.13268607
    1096   6575.12567957
    1097   6587.12961966
    1098   6599.14450863
    1099   6611.17034419
    1100   6623.20712865
    1101   6635.25485968
    1102   6647.31353961
    1103   6659.38316611
    1104   6671.46374153
    1105   6683.55526351
    1106   6695.65773441
    1107   6707.77115187
    1108   6719.89551826
    1109   6732.03083119
    1110   6744.17709307
    1111   6756.33430150
    1112   6768.50245887
    1113   6780.68156278
    1114   6792.87161564
    1115   6805.07261504
    1116   6817.28456340
    1117   6829.50745829
    1118   6841.74130215
    1119   6853.98609254
    1120   6866.24183190
    1121   6878.50851778
    1122   6890.78615265
    1123   6903.07473403
    1124   6915.37426441
    1125   6927.68474128
    1126   6940.00616717
    1127   6952.33853955
    1128   6964.68186095
    1129   6977.03612884
    1130   6989.40134576
    1131   7001.77750915
    1132   7014.16462158
    1133   7026.56268049
    1134   7038.97168844
    1135   7051.39164286
    1136   7063.82254634
    1137   7076.26439627
    1138   7088.71719528
    1139   7101.18094073
    1140   7113.65563526
    1141   7126.14127623
    1142   7138.63786630
    1143   7151.14540279
    1144   7163.66388839
    1145   7176.19332041
    1146   7188.73370154
    1147   7201.28502909
    1148   7213.84730576
    1149   7226.42052884
    1150   7239.00470105
    1151   7251.59981967
    1152   7264.20588742
    1153   7276.82290157
    1154   7289.45086487
    1155   7302.08977456
    1156   7314.73963340
    1157   7327.40043863
    1158   7340.07219303
    1159   7352.75489380
    1160   7365.44854376
    1161   7378.15314007
    1162   7390.86868558
    1163   7403.59517745
    1164   7416.33261852
    1165   7429.08100593
    1166   7441.84034256
    1167   7454.61062553
    1168   7467.39185773
    1169   7480.18403625
    1170   7492.98716401
    1171   7505.80123810
    1172   7518.62626142
    1173   7531.46223107
    1174   7544.30914997
    1175   7557.16701518
    1176   7570.03582965
    1177   7582.91559043
    1178   7595.80630048
    1179   7608.70795682
    1180   7621.62056245
    1181   7634.54411437
    1182   7647.47861558
    1183   7660.42406307
    1184   7673.38045986
    1185   7686.34780293
    1186   7699.32609531
    1187   7712.31533395
    1188   7725.31552193
    1189   7738.32665615
    1190   7751.34873972
    1191   7764.38176952
    1192   7777.42574868
    1193   7790.48067408
    1194   7803.54654883
    1195   7816.62336982
    1196   7829.71114017
    1197   7842.80985675
    1198   7855.91952271
    1199   7869.04013487
    1200   7882.17169644
    1201   7895.31420420
    1202   7908.46766138
    1203   7921.63206474
    1204   7934.80741752
    1205   7947.99371649
    1206   7961.19096488
    1207   7974.39915945
    1208   7987.61830346
    1209   8000.84839363
    1210   8014.08943326
    1211   8027.34141905
    1212   8040.60435430
    1213   8053.87823569
    1214   8067.16306656
    1215   8080.45884357
    1216   8093.76557007
    1217   8107.08324269
    1218   8120.41186482
    1219   8133.75143306
    1220   8147.10195083
    1221   8160.46341469
    1222   8173.83582808
    1223   8187.21918757
    1224   8200.61349660
    1225   8214.01875171
    1226   8227.43495638
    1227   8240.86210712
    1228   8254.30020743
    1229   8267.74925381
    1230   8281.20924976
    1231   8294.68019177
    1232   8308.16208337
    1233   8321.65492101
    1234   8335.15870826
    1235   8348.67344154
    1236   8362.19912445
    1237   8375.73575337
    1238   8389.28333193
    1239   8402.84185649
    1240   8416.41133071
    1241   8429.99175092
    1242   8443.58312079
    1243   8457.18543665
    1244   8470.79870219
    1245   8484.42291370
    1246   8498.05807490
    1247   8511.70418207
    1248   8525.36123894
    1249   8539.02924176
    1250   8552.70819430
    1251   8566.39809278
    1252   8580.09894099
    1253   8593.81073513
    1254   8607.53347902
    1255   8621.26716882
    1256   8635.01180839
    1257   8648.76739386
    1258   8662.53392910
    1259   8676.31141024
    1260   8690.09984117
    1261   8703.89921798
    1262   8717.70954459
    1263   8731.53081707
    1264   8745.36303937
    1265   8759.20620753
    1266   8773.06032552
    1267   8786.92538936
    1268   8800.80140304
    1269   8814.68836256
    1270   8828.58627194
    1271   8842.49512714
    1272   8856.41493222
    1273   8870.34568311
    1274   8884.28738388
    1275   8898.24003046
    1276   8912.20362694
    1277   8926.17816921
    1278   8940.16366139
    1279   8954.16009935
    1280   8968.16748724
    1281   8982.18582090
    1282   8996.21510450
    1283   9010.25533386
    1284   9024.30651317
    1285   9038.36863823
    1286   9052.44171326
    1287   9066.52573402
    1288   9080.62070477
    1289   9094.72662123
    1290   9108.84348770
    1291   9122.97129987
    1292   9137.11006206
    1293   9151.25976994
    1294   9165.42042786
    1295   9179.59203145
    1296   9193.77458510
    1297   9207.96808441
    1298   9222.17253378
    1299   9236.38792881
    1300   9250.61427392
    1301   9264.85156466
    1302   9279.09980551
    1303   9293.35899198
    1304   9307.62912856
    1305   9321.91021075
    1306   9336.20224307
    1307   9350.50522099
    1308   9364.81914906
    1309   9379.14402270
    1310   9393.47984651
    1311   9407.82661589
    1312   9422.18433545
    1313   9436.55300056
    1314   9450.93261587
    1315   9465.32317672
    1316   9479.72468778
    1317   9494.13714437
    1318   9508.56055118
    1319   9522.99490351
    1320   9537.44020608
    1321   9551.89645416
    1322   9566.36365249
    1323   9580.84179630
    1324   9595.33089040
    1325   9609.83092996
    1326   9624.34191982
    1327   9638.86385514
    1328   9653.39674076
    1329   9667.94057183
    1330   9682.49535322
    1331   9697.06108004
    1332   9711.63775721
    1333   9726.22537979
    1334   9740.82395273
    1335   9755.43347107
    1336   9770.05393978
    1337   9784.68535388
    1338   9799.32771837
    1339   9813.98102824
    1340   9828.64528851
    1341   9843.32049414
    1342   9858.00665020
    1343   9872.70375160
    1344   9887.41180344
    1345   9902.13080061
    1346   9916.86074824
    1347   9931.60164118
    1348   9946.35348460
    1349   9961.11627331
    1350   9975.89001252
    1351   9990.67469702
    1352  10005.47033202
    1353  10020.27691230
    1354  10035.09444310
    1355  10049.92291915
    1356  10064.76234575
    1357  10079.61271759
    1358  10094.47403999
    1359  10109.34630762
    1360  10124.22952582
    1361  10139.12368923
    1362  10154.02880324
    1363  10168.94486245
    1364  10183.87187226
    1365  10198.80982726
    1366  10213.75873288
    1367  10228.71858367
    1368  10243.68938511
    1369  10258.67113170
    1370  10273.66382895
    1371  10288.66747133
    1372  10303.68206440
    1373  10318.70760259
    1374  10333.74409147
    1375  10348.79152546
    1376  10363.84991017
    1377  10378.91923996
    1378  10393.99952049
    1379  10409.09074609
    1380  10424.19292244
    1381  10439.30604385
    1382  10454.43011603
    1383  10469.56513325
    1384  10484.71110126
    1385  10499.86801429
    1386  10515.03587813
    1387  10530.21468697
    1388  10545.40444664
    1389  10560.60515131
    1390  10575.81680681
    1391  10591.03940730
    1392  10606.27295863
    1393  10621.51745494
    1394  10636.77290212
    1395  10652.03929425
    1396  10667.31663726
    1397  10682.60492522
    1398  10697.90416407
    1399  10713.21434786
    1400  10728.53548256
    1401  10743.86756217
    1402  10759.21059271
    1403  10774.56456816
    1404  10789.92949455
    1405  10805.30536583
    1406  10820.69218806
    1407  10836.08995518
    1408  10851.49867326
    1409  10866.91833621
    1410  10882.34895015
    1411  10897.79050894
    1412  10913.24301874
    1413  10928.70647337
    1414  10944.18087901
    1415  10959.66622949
    1416  10975.16253099
    1417  10990.66977731
    1418  11006.18797467
    1419  11021.71711684
    1420  11037.25721006
    1421  11052.80824807
    1422  11068.37023715
    1423  11083.94317102
    1424  11099.52705596
    1425  11115.12188568
    1426  11130.72766649
    1427  11146.34439206
    1428  11161.97206873
    1429  11177.61069016
    1430  11193.26026270
    1431  11208.92077998
    1432  11224.59224839
    1433  11240.27466154
    1434  11255.96802581
    1435  11271.67233482
    1436  11287.38759497
    1437  11303.11379983
    1438  11318.85095585
    1439  11334.59905659
    1440  11350.35810848
    1441  11366.12810508
    1442  11381.90905284
    1443  11397.70094531
    1444  11413.50378895
    1445  11429.31757729
    1446  11445.14231681
    1447  11460.97800102
    1448  11476.82463641
    1449  11492.68221650
    1450  11508.55074777
    1451  11524.43022373
    1452  11540.32065088
    1453  11556.22202272
    1454  11572.13434575
    1455  11588.05761347
    1456  11603.99183237
    1457  11619.93699598
    1458  11635.89311076
    1459  11651.86017025
    1460  11667.83818091
    1461  11683.82713628
    1462  11699.82704283
    1463  11715.83789409
    1464  11731.85969652
    1465  11747.89244366
    1466  11763.93614198
    1467  11779.99078501
    1468  11796.05637921
    1469  11812.13291814
    1470  11828.22040821
    1471  11844.31884304
    1472  11860.42822900
    1473  11876.54855972
    1474  11892.67984156
    1475  11908.82206817
    1476  11924.97524590
    1477  11941.13936842
    1478  11957.31444203
    1479  11973.50046044
    1480  11989.69742994
    1481  12005.90534426
    1482  12022.12420963
    1483  12038.35401986
    1484  12054.59478112
    1485  12070.84648725
    1486  12087.10914439
    1487  12103.38274643
    1488  12119.66729945
    1489  12135.96279740
    1490  12152.26924631
    1491  12168.58664017
    1492  12184.91498495
    1493  12201.25427473
    1494  12217.60451540
    1495  12233.96570109
    1496  12250.33783763
    1497  12266.72091925
    1498  12283.11495167
    1499  12299.51992920
    1500  12315.93585750
    1501  12332.36273096
    1502  12348.80055513
    1503  12365.24932451
    1504  12381.70904455
    1505  12398.17970986
    1506  12414.66132578
    1507  12431.15388702
    1508  12447.65739881
    1509  12464.17185598
    1510  12480.69726363
    1511  12497.23361674
    1512  12513.78092026
    1513  12530.33916931
    1514  12546.90836869
    1515  12563.48851368
    1516  12580.07960892
    1517  12596.68164985
    1518  12613.29464096
    1519  12629.91857782
    1520  12646.55346479
    1521  12663.19929760
    1522  12679.85608042
    1523  12696.52380919
    1524  12713.20248786
    1525  12729.89211258
    1526  12746.59268710
    1527  12763.30420777
    1528  12780.02667813
    1529  12796.76009476
    1530  12813.50446097
    1531  12830.25977356
    1532  12847.02603560
    1533  12863.80324416
    1534  12880.59140203
    1535  12897.39050656
    1536  12914.20056027
    1537  12931.02156076
    1538  12947.85351029
    1539  12964.69640676
    1540  12981.55025211
    1541  12998.41504456
    1542  13015.29078572
    1543  13032.17747415
    1544  13049.07511113
    1545  13065.98369554
    1546  13082.90322833
    1547  13099.83370873
    1548  13116.77513731
    1549  13133.72751371
    1550  13150.69083808
    1551  13167.66511048
    1552  13184.65033064
    1553  13201.64649904
    1554  13218.65361498
    1555  13235.67167939
    1556  13252.70069110
    1557  13269.74065152
    1558  13286.79155900
    1559  13303.85341544
    1560  13320.92621868
    1561  13338.00997114
    1562  13355.10467012
    1563  13372.21031861
    1564  13389.32691334
    1565  13406.45445787
    1566  13423.59294832
    1567  13440.74238889
    1568  13457.90277508
    1569  13475.07411169
    1570  13492.25639358
    1571  13509.44962625
    1572  13526.65380385
    1573  13543.86893258
    1574  13561.09500587
    1575  13578.33203067
    1576  13595.57999964
    1577  13612.83892052
    1578  13630.10878515
    1579  13647.38960212
    1580  13664.68136241
    1581  13681.98407546
    1582  13699.29773140
    1583  13716.62234056
    1584  13733.95789212
    1585  13751.30439740
    1586  13768.66184457
    1587  13786.03024597
    1588  13803.40958875
    1589  13820.79988627
    1590  13838.20112464
    1591  13855.61331831
    1592  13873.03645224
    1593  13890.47054207
    1594  13907.91557155
    1595  13925.37155754
    1596  13942.83848256
    1597  13960.31636473
    1598  13977.80518526
    1599  13995.30496362
    1600  14012.81567966
    1601  14030.33735422
    1602  14047.86996572
    1603  14065.41353651
    1604  14082.96804348
    1605  14100.53351050
    1606  14118.10991289
    1607  14135.69727616
    1608  14153.29557397
    1609  14170.90483351
    1610  14188.52502670
    1611  14206.15618252
    1612  14223.79827108
    1613  14241.45132320
    1614  14259.11530709
    1615  14276.79025554
    1616  14294.47613474
    1617  14312.17297952
    1618  14329.88075400
    1619  14347.59949515
    1620  14365.32916488
    1621  14383.06980241
    1622  14400.82136736
    1623  14418.58390130
    1624  14436.35736144
    1625  14454.14179181
    1626  14471.93714709
    1627  14489.74347393
    1628  14507.56072434
    1629  14525.38894765
    1630  14543.22809313
    1631  14561.07821296
    1632  14578.93925349
    1633  14596.81126985
    1634  14614.69420538
    1635  14632.58811832
    1636  14650.49294882
    1637  14668.40875836
    1638  14686.33548376
    1639  14704.27318995
    1640  14722.22181023
    1641  14740.18141308
    1642  14758.15192817
    1643  14776.13342775
    1644  14794.12583762
    1645  14812.12923394
    1646  14830.14353853
    1647  14848.16883165
    1648  14866.20503091
    1649  14884.25222085
    1650  14902.31031471
    1651  14920.37940155
    1652  14938.45938997
    1653  14956.55037372
    1654  14974.65225662
    1655  14992.76513736
    1656  15010.88891470
    1657  15029.02369246
    1658  15047.16936414
    1659  15065.32603900
    1660  15083.49360498
    1661  15101.67217696
    1662  15119.86163714
    1663  15138.06210634
    1664  15156.27346067
    1665  15174.49582713
    1666  15192.72907550
    1667  15210.97333930
    1668  15229.22848165
    1669  15247.49464284
    1670  15265.77167907
    1671  15284.05973775
    1672  15302.35866778
    1673  15320.66862399
    1674  15338.98944771
    1675  15357.32130157
    1676  15375.66401891
    1677  15394.01777047
    1678  15412.38238128
    1679  15430.75803066
    1680  15449.14453487
    1681  15467.54208213
    1682  15485.95047960
    1683  15504.36992487
    1684  15522.80021551
    1685  15541.24155886
    1686  15559.69374251
    1687  15578.15698408
    1688  15596.63106065
    1689  15615.11620052
    1690  15633.61216983
    1691  15652.11920815
    1692  15670.63707011
    1693  15689.16600696
    1694  15707.70576137
    1695  15726.25659693
    1696  15744.81824369
    1697  15763.39097804
    1698  15781.97451693
    1699  15800.56915027
    1700  15819.17458119
    1701  15837.79111360
    1702  15856.41843631
    1703  15875.05686802
    1704  15893.70608238
    1705  15912.36641349
    1706  15931.03751927
    1707  15949.71975001
    1708  15968.41274706
    1709  15987.11687755
    1710  16005.83176559
    1711  16024.55779608
    1712  16043.29457497
    1713  16062.04250559
    1714  16080.80117502
    1715  16099.57100605
    1716  16118.35156586
    1717  16137.14329744
    1718  16155.94574730
    1719  16174.75937974
    1720  16193.58371947
    1721  16212.41925292
    1722  16231.26548216
    1723  16250.12291696
    1724  16268.99103551
    1725  16287.87037183
    1726  16306.76037931
    1727  16325.66161751
    1728  16344.57351369
    1729  16363.49665398
    1730  16382.43043843
    1731  16401.37548120
    1732  16420.33115369
    1733  16439.29809916
    1734  16458.27565922
    1735  16477.26450782
    1736  16496.26395519
    1737  16515.27470716
    1738  16534.29604133
    1739  16553.32869715
    1740  16572.37191783
    1741  16591.42647777
    1742  16610.49158441
    1743  16629.56804898
    1744  16648.65504125
    1745  16667.75341075
    1746  16686.86228807
    1747  16705.98256306
    1748  16725.11332505
    1749  16744.25550588
    1750  16763.40815190
    1751  16782.57223918
    1752  16801.74676883
    1753  16820.93276292
    1754  16840.12917550
    1755  16859.33707708
    1756  16878.55537215
    1757  16897.78518162
    1758  16917.02535841
    1759  16936.27707652
    1760  16955.53913454
    1761  16974.81276174
    1762  16994.09670015
    1763  17013.39223725
    1764  17032.69805552
    1765  17052.01550302
    1766  17071.34320023
    1767  17090.68255901
    1768  17110.03213457
    1769  17129.39340519
    1770  17148.76485811
    1771  17168.14804152
    1772  17187.54137115
    1773  17206.94646798
    1774  17226.36167322
    1775  17245.78868453
    1776  17265.22576466
    1777  17284.67469113
    1778  17304.13364497
    1779  17323.60448775
    1780  17343.08531450
    1781  17362.57807435
    1782  17382.08077272
    1783  17401.59545090
    1784  17421.12002001
    1785  17440.65661736
    1786  17460.20305579
    1787  17479.76157370
    1788  17499.32988049
    1789  17518.91031988
    1790  17538.50049347
    1791  17558.10285586
    1792  17577.71489521
    1793  17597.33918161
    1794  17616.97308500
    1795  17636.61929709
    1796  17656.27506336
    1797  17675.94320227
    1798  17695.62082956
    1799  17715.31089711
    1800  17735.01038413
    1801  17754.72238157
    1802  17774.44372628
    1803  17794.17765561
    1804  17813.92085660
    1805  17833.67671921
    1806  17853.44177424
    1807  17873.21957232
    1808  17893.00647983
    1809  17912.80621490
    1810  17932.61497245
    1811  17952.43664694
    1812  17972.26725281
    1813  17992.11086837
    1814  18011.96331987
    1815  18031.82887918
    1816  18051.70317443
    1817  18071.59067933
    1818  18091.48681537
    1819  18111.39626879
    1820  18131.31424354
    1821  18151.24564751
    1822  18171.18545774
    1823  18191.13881547
    1824  18211.10045890
    1825  18231.07577264
    1826  18251.05924570
    1827  18271.05651899
    1828  18291.06181917
    1829  18311.08105448
    1830  18331.10817787
    1831  18351.14937910
    1832  18371.19832291
    1833  18391.26149280
    1834  18411.33225275
    1835  18431.41739558
    1836  18451.50996860
    1837  18471.61708738
    1838  18491.73146877
    1839  18511.86056821
    1840  18531.99675458
    1841  18552.14783803
    1842  18572.30582421
    1843  18592.47889683
    1844  18612.65867908
    1845  18632.85374459
    1846  18653.05531722
    1847  18673.27238130
    1848  18693.49574020
    1849  18713.73480693
    1850  18733.97994583
    1851  18754.24102150
    1852  18774.50793585
    1853  18794.79102497
    1854  18815.07970789
    1855  18835.38481737
    1856  18855.69526384
    1857  18876.02239866
    1858  18896.35460110
    1859  18916.70376889
    1860  18937.05772175
    1861  18957.42892802
    1862  18977.80462295
    1863  18998.19787611
    1864  19018.59530699
    1865  19039.01061313
    1866  19059.42977075
    1867  19079.86713914
    1868  19100.30801675
    1869  19120.76745413
    1870  19141.23004157
    1871  19161.71155818
    1872  19182.19584797
    1873  19202.69945127
    1874  19223.20543222
    1875  19243.73113350
    1876  19264.25879736
    1877  19284.80660487
    1878  19305.35593927
    1879  19325.92586550
    1880  19346.49686131
    1881  19367.08891539
    1882  19387.68155897
    1883  19408.29575468
    1884  19428.91003593
    1885  19449.54638338
    1886  19470.18228723
    1887  19490.84080168
    1888  19511.49831695
    1889  19532.17900959
    1890  19552.85811961
    1891  19573.56100731
    1892  19594.26169972
    1893  19614.98679488
    1894  19635.70905125
    1895  19656.45637254
    1896  19677.20017918
    1897  19697.96974035
    1898  19718.73507685
    1899  19739.52689857
    1900  19760.31374979
    1901  19781.12784729
    1902  19801.93619061
    1903  19822.77258681
    1904  19843.60240548
    1905  19864.46111725
    1906  19885.31238618
    1907  19906.19343895
    1908  19927.06613959
    1909  19947.96955205
    1910  19968.86365660
    1911  19989.78945696
    1912  20010.70494485
    1913  20031.65315385
    1914  20052.58999422
    1915  20073.56064318
    1916  20094.51881323
    1917  20115.51192514
    1918  20136.49139063
    1919  20157.50700029
    1920  20178.50773593
    1921  20199.54586886
    1922  20220.56783659
    1923  20241.62853145
    1924  20262.67170326
    1925  20283.75498835
    1926  20304.81932192
    1927  20325.92524027
    1928  20347.01070453
    1929  20368.13928753
    1930  20389.24583542
    1931  20410.39713092
    1932  20431.52472799
    1933  20452.69877083
    1934  20473.84736470
    1935  20495.04420816
    1936  20516.21376065
    1937  20537.43344336
    1938  20558.62389613
    1939  20579.86647743
    1940  20601.07778819
    1941  20622.34331089
    1942  20643.57541468
    1943  20664.86394488
    1944  20686.11679484
    1945  20707.42837997
    1946  20728.70190375
    1947  20750.03661745
    1948  20771.33076320
    1949  20792.68865795
    1950  20814.00334508
    1951  20835.38450290
    1952  20856.71967414
    1953  20878.12415300
    1954  20899.47971862
    1955  20920.90760983
    1956  20942.28350667
    1957  20963.73487414
    1958  20985.13100237
    1959  21006.60594765
    1960  21028.02223785
    1961  21049.52083116
    1962  21070.95717239
    1963  21092.47952650
    1964  21113.93584276
    1965  21135.48203448
    1966  21156.95820274
    1967  21178.52835700
    1968  21200.02429456
    1969  21221.61849485
    1970  21243.13406568
    1971  21264.75244993
    1972  21286.28756474
    1973  21307.93022288
    1974  21329.48473197
    1975  21351.15181549
    1976  21372.72562362
    1977  21394.41722813
    1978  21416.01017160
    1979  21437.72646228
    1980  21459.33844124
    1981  21481.07951781
    1982  21502.71035499
    1983  21524.47639554
    1984  21546.12598902
    1985  21567.91709451
    1986  21589.58525503
    1987  21611.40161441
    1988  21633.08824228
    1989  21654.92995291
    1990  21676.63485036
    1991  21698.50210775
    1992  21720.22518444
    1993  21742.11807442
    1994  21763.85913058
    1995  21785.77784756
    1996  21807.53681350
    1997  21829.48141922
    1998  21851.25810440
    1999  21873.22877912
    2000  21895.02315210
    2001  21917.01991401
    2002  21938.83181192
    2003  21960.85480597
    2004  21982.68426271
    2005  22004.73343370
    2006  22026.58034322
    2007  22048.65576769
    2008  22070.52026997
    2009  22092.62177461
    2010  22114.50386519
    2011  22136.63140776
    2012  22158.53139255
    2013  22180.68461647
    2014  22202.60265848
    2015  22224.78132943
    2016  22246.71798515
    2017  22268.92147226
    2018  22290.87716384
    2019  22313.10494051
    2020  22335.08058695
    2021  22357.33163056
    2022  22379.32802870
    2023  22401.60139782
    2024  22423.61995979
    2025  22445.91410983
    2026  22467.95612655
    2027  22490.26958332
    2028  22512.33707364
    2029  22534.66767343
    2030  22556.76248867
    2031  22579.10817882
    2032  22601.23296113
    2033  22623.59098705
    2034  22645.74805948
    2035  22668.11592064
    2036  22690.30836637
    2037  22712.68295602
    2038  22734.91327957
    2039  22757.29191705
    2040  22779.56343444
    2041  22801.94268376
    2042  22824.25847279
    2043  22846.63408267
    2044  22869.00104078
    2045  22891.36138181
    2046  22913.80285946
    2047  22936.08561309
    2048  22958.86770304
 ---------------------------------------
 
SCF converged! Final Ground-State Energy (Eh):             -14.0797772307482312
