 
     Two-Electron DVR    
 ------------------------
 x0     =      15.00000000
 m      =       1.00000000
 Z      =       4.00000000
 n      =              128
 dx     =       0.23622047
 
Soft-Coulomb Parameters:
 alpha  =       1.00000000
 beta   =       1.00000000
 
 
                       Hartree-Fock                      
 --------------------------------------------------------
 no. of orbitals        =              128
 no. of electrons       =                2
 scf_damping_switch     =        F
 scf_diis_switch        =        F
 damping_factor         =   0.00000000
 e_tolerance            = 0.0000000000100000
 maximum scf-iterations =              200
 
 
                       SCF iterations                      
 ----------------------------------------------------------
    S.No    Energy (hartree)        dE (hartree)
 ----------------------------------------------------------
       0     -6.418296506022
       1     -5.602862966463      0.815433539559
       2     -5.609170639977      0.006307673514
       3     -5.609440195041      0.000269555064
       4     -5.609451694605      0.000011499565
       5     -5.609452186991      0.000000492386
       6     -5.609452208133      0.000000021142
       7     -5.609452209042      0.000000000909
       8     -5.609452209081      0.000000000039
       9     -5.609452209083      0.000000000002
 ----------------------------------------------------------
  
 
 
 ---------------------------------------
     Molecular Orbital Energies (Eh)    
 ---------------------------------------
       1     -2.40384233
       2     -0.82800623
       3     -0.46436688
       4     -0.30809636
       5     -0.21489528
       6     -0.15462216
       7     -0.09756750
       8     -0.03244997
       9      0.04742315
      10      0.13885725
      11      0.24401897
      12      0.36007456
      13      0.48876617
      14      0.62825186
      15      0.77959976
      16      0.94181238
      17      1.11535342
      18      1.29983638
      19      1.49530410
      20      1.70175154
      21      1.91898047
      22      2.14718737
      23      2.38606749
      24      2.63589761
      25      2.89635178
      26      3.16771540
      27      3.44968757
      28      3.74252596
      29      4.04597456
      30      4.36024925
      31      4.68514319
      32      5.02082883
      33      5.36714471
      34      5.72422440
      35      6.09194465
      36      6.47040689
      37      6.85951829
      38      7.25935509
      39      7.66984770
      40      8.09105337
      41      8.52291967
      42      8.96549005
      43      9.41872438
      44      9.88265637
      45     10.35725443
      46     10.84254564
      47     11.33850418
      48     11.84515280
      49     12.36246932
      50     12.89047390
      51     13.42914652
      52     13.97850597
      53     14.53853324
      54     15.10924668
      55     15.69062752
      56     16.28269435
      57     16.88542791
      58     17.49884759
      59     18.12293336
      60     18.75770562
      61     19.40314309
      62     20.05926764
      63     20.72605669
      64     21.40353350
      65     22.09167389
      66     22.79050278
      67     23.49999472
      68     24.22017586
      69     24.95101927
      70     25.69255245
      71     26.44474796
      72     27.20763346
      73     27.98118114
      74     28.76541845
      75     29.56031958
      76     30.36590895
      77     31.18216386
      78     32.00910396
      79     32.84671512
      80     33.69500582
      81     34.55397415
      82     35.42361220
      83     36.30394269
      84     37.19492672
      85     38.09662182
      86     39.00894424
      87     39.93201440
      88     40.86567036
      89     41.81012214
      90     42.76509427
      91     43.73095023
      92     44.70722475
      93     45.69450208
      94     46.69203938
      95     47.70078812
      96     48.71955205
      97     49.74981618
      98     50.78971600
      99     51.84160865
     100     52.90255326
     101     53.97618476
     102     55.05796511
     103     56.15359432
     104     57.25598644
     105     58.37388434
     106     59.49640576
     107     60.63716635
     108     61.77928169
     109     62.94354992
     110     64.10415641
     111     65.29327788
     112     66.47115786
     113     67.68658040
     114     68.87929299
     115     70.12395558
     116     71.32898158
     117     72.60581601
     118     73.81800375
     119     75.13319832
     120     76.34799535
     121     77.70691248
     122     78.91276265
     123     80.33049817
     124     81.51916374
     125     83.00824613
     126     84.13766337
     127     85.77470278
     128     86.87236169
 ---------------------------------------
 
SCF converged! Final Ground-State Energy (Eh):              -5.6094522090828782
