 
     Two-Electron DVR    
 ------------------------
 x0     =      15.00000000
 m      =       1.00000000
 Z      =       4.00000000
 n      =              128
 dx     =       0.23622047
 
Soft-Coulomb Parameters:
 alpha  =       0.10000000
 beta   =       0.10000000
 
 
                       Hartree-Fock                      
 --------------------------------------------------------
 no. of orbitals        =              128
 no. of electrons       =                2
 scf_damping_switch     =        F
 scf_diis_switch        =        F
 damping_factor         =   0.00000000
 e_tolerance            = 0.0000000000100000
 maximum scf-iterations =              200
 
 
                       SCF iterations                      
 ----------------------------------------------------------
    S.No    Energy (hartree)        dE (hartree)
 ----------------------------------------------------------
       0    -17.580779080133
       1    -15.319366367713      2.261412712420
       2    -15.345037878692      0.025671510979
       3    -15.345389091075      0.000351212383
       4    -15.345393982380      0.000004891304
       5    -15.345394052219      0.000000069839
       6    -15.345394053231      0.000000001012
       7    -15.345394053246      0.000000000015
       8    -15.345394053246      0.000000000000
 ----------------------------------------------------------
  
 
 
 ---------------------------------------
     Molecular Orbital Energies (Eh)    
 ---------------------------------------
       1     -6.56886176
       2     -1.37223745
       3     -0.69955911
       4     -0.41444421
       5     -0.27832213
       6     -0.19502378
       7     -0.13817327
       8     -0.07726215
       9     -0.00803288
      10      0.07915351
      11      0.17434961
      12      0.28795245
      13      0.40717361
      14      0.54555799
      15      0.68775060
      16      0.84999652
      17      1.01462518
      18      1.20011908
      19      1.38690879
      20      1.59519052
      21      1.80400501
      22      2.03470403
      23      2.26548567
      24      2.51829820
      25      2.77102819
      26      3.04569934
      27      3.32038169
      28      3.61670225
      29      3.91334634
      30      4.23114028
      31      4.54976109
      32      4.88888721
      33      5.22949447
      34      5.58983317
      35      5.95243916
      36      6.33389751
      37      6.71850663
      38      7.12100318
      39      7.52762464
      40      7.95109840
      41      8.37973333
      42      8.82412576
      43      9.27478437
      44      9.74005306
      45     10.21273763
      46     10.69883440
      47     11.19356147
      48     11.70045177
      49     12.21722957
      50     12.74486524
      51     13.28372220
      52     13.83206786
      53     14.39302288
      54     14.96202145
      55     15.54512062
      56     16.13472847
      57     16.74000610
      58     17.35014897
      59     17.97767505
      60     18.60829428
      61     19.25812362
      62     19.90911922
      63     20.58135301
      64     21.25264440
      65     21.94736377
      66     22.63881581
      67     23.35616200
      68     24.06766458
      69     24.80775209
      70     25.53912363
      71     26.30214490
      72     27.05323701
      73     27.83934850
      74     28.60991926
      75     29.41937879
      76     30.20923115
      77     31.04224759
      78     31.85106206
      79     32.70797642
      80     33.53549531
      81     34.41658106
      82     35.26238622
      83     36.16808949
      84     37.03184973
      85     37.96252156
      86     38.84369510
      87     39.79991257
      88     40.69808314
      89     41.68028619
      90     42.59476058
      91     43.60368581
      92     44.53395664
      93     45.57013784
      94     46.51533192
      95     47.57969433
      96     48.53922016
      97     49.63238214
      98     50.60515936
      99     51.72826290
     100     52.71364576
     101     53.86736082
     102     54.86403206
     103     56.04975152
     104     57.05707076
     105     58.27545597
     106     59.29180867
     107     60.54458219
     108     61.56941146
     109     62.85716131
     110     63.88836664
     111     65.21339638
     112     66.25054657
     113     67.61338659
     114     68.65331264
     115     70.05761953
     116     71.09992798
     117     72.54643894
     118     73.58525060
     119     75.08119991
     120     76.11606957
     121     77.66302089
     122     78.68069815
     123     80.29653104
     124     81.29920907
     125     82.98616135
     126     83.93447216
     127     85.76669041
     128     86.74727329
 ---------------------------------------
 
SCF converged! Final Ground-State Energy (Eh):             -15.3453940532460926
