 
     Two-Electron DVR    
 ------------------------
 x0     =      15.00000000
 m      =       1.00000000
 Z      =       5.00000000
 n      =              256
 dx     =       0.11764706
 
Soft-Coulomb Parameters:
 alpha  =       0.01000000
 beta   =       0.10000000
 
 
                       Hartree-Fock                      
 --------------------------------------------------------
 no. of orbitals        =              256
 no. of electrons       =                2
 scf_damping_switch     =        F
 scf_diis_switch        =        F
 damping_factor         =   0.00000000
 e_tolerance            = 0.0000000000100000
 maximum scf-iterations =              200
 
 
                       SCF iterations                      
 ----------------------------------------------------------
    S.No    Energy (hartree)        dE (hartree)
 ----------------------------------------------------------
       0    -58.311953898927
       1    -55.552079161981      2.759874736946
       2    -55.555090876332      0.003011714351
       3    -55.555101635918      0.000010759586
       4    -55.555101675084      0.000000039166
       5    -55.555101675228      0.000000000144
       6    -55.555101675229      0.000000000001
 ----------------------------------------------------------
  
 
 
 ---------------------------------------
     Molecular Orbital Energies (Eh)    
 ---------------------------------------
       1    -26.40066713
       2     -5.12018300
       3     -2.19882623
       4     -1.17551837
       5     -0.75843609
       6     -0.51367842
       7     -0.38081988
       8     -0.28552620
       9     -0.21946129
      10     -0.14722385
      11     -0.07029711
      12      0.02932961
      13      0.13338285
      14      0.26175167
      15      0.39081492
      16      0.54592750
      17      0.69861325
      18      0.87937359
      19      1.05487676
      20      1.26062304
      21      1.45842866
      22      1.68871730
      23      1.90847879
      24      2.16298567
      25      2.40446575
      26      2.68293249
      27      2.94597377
      28      3.24818034
      29      3.53268455
      30      3.85843068
      31      4.16434781
      32      4.51344605
      33      4.84076197
      34      5.21303018
      35      5.56176152
      36      5.95702350
      37      6.32720804
      38      6.74528945
      39      7.13698409
      40      7.57771617
      41      7.99098863
      42      8.45420461
      43      8.88913383
      44      9.37467398
      45      9.83134254
      46     10.33904996
      47     10.81754652
      48     11.34727296
      49     11.84768490
      50     12.39928550
      51     12.92170322
      52     13.49504301
      53     14.03955237
      54     14.63449973
      55     15.20118808
      56     15.81762206
      57     16.40657011
      58     17.04437259
      59     17.65566202
      60     18.31472596
      61     18.94843051
      62     19.62865074
      63     20.28484535
      64     20.98612794
      65     21.66487881
      66     22.38713044
      67     23.08850569
      68     23.83164430
      69     24.55570278
      70     25.31964547
      71     26.06644906
      72     26.85112418
      73     27.62072508
      74     28.42605848
      75     29.21851324
      76     30.04444212
      77     30.85979725
      78     31.70625452
      79     32.54456242
      80     33.41149248
      81     34.27279508
      82     35.16013623
      83     36.04448301
      84     36.95218531
      85     37.85961477
      86     38.78762024
      87     39.71818023
      88     40.66644310
      89     41.62016983
      90     42.58863428
      91     43.56557524
      92     44.55419829
      93     45.55438853
      94     46.56311501
      95     47.58660289
      96     48.61539132
      97     49.66221178
      98     50.71100623
      99     51.78120973
     100     52.84996904
     101     53.94359137
     102     55.03225750
     103     56.14935242
     104     57.25788340
     105     58.39848854
     106     59.52682292
     107     60.69099646
     108     61.83909044
     109     63.02687275
     110     64.19466022
     111     65.40611506
     112     66.59354941
     113     67.82872073
     114     69.03572993
     115     70.29468827
     116     71.52122196
     117     72.80401569
     118     74.04999467
     119     75.35670227
     120     76.62207154
     121     77.95274666
     122     79.23741853
     123     80.59214881
     124     81.89606279
     125     83.27490798
     126     84.59796655
     127     86.00102479
     128     87.34316103
     129     88.77049900
     130     90.13160417
     131     91.58333190
     132     92.96333178
     133     94.43952374
     134     95.83829682
     135     97.33907646
     136     98.75654029
     137    100.28199078
     138    101.71800942
     139    103.26826929
     140    104.72275111
     141    106.29791318
     142    107.77070597
     143    109.37092570
     144    110.86192766
     145    112.48730850
     146    113.99634913
     147    115.64706554
     148    117.17403181
     149    118.85019893
     150    120.39489981
     151    122.09671339
     152    123.65902349
     153    125.38661151
     154    126.96631672
     155    128.71989883
     156    130.31686025
     157    132.09657841
     158    133.71055603
     159    135.51665674
     160    137.14749691
     161    138.98013738
     162    140.62757093
     163    142.48702783
     164    144.15088515
     165    146.03733223
     166    147.71731132
     167    149.63105921
     168    151.32697323
     169    153.26821351
     170    154.97972349
     171    156.94880506
     172    158.67570572
     173    160.67283928
     174    162.41474994
     175    164.44032756
     176    166.19702340
     177    168.25127606
     178    170.02232932
     179    172.10569789
     180    173.89086333
     181    176.00359998
     182    177.80239665
     183    179.94499745
     184    181.75715923
     185    183.92989810
     186    185.75488386
     187    187.95831938
     188    189.79584227
     189    192.03027004
     190    193.87972082
     191    196.14577028
     192    198.00684254
     193    200.30482990
     194    202.17683717
     195    204.50747234
     196    206.39009131
     197    208.75370855
     198    210.64616505
     199    213.04356591
     200    214.94552453
     201    217.37705658
     202    219.28764324
     203    221.75421277
     204    223.67308797
     205    226.17504796
     206    228.10122305
     207    230.63960040
     208    232.57274428
     209    235.14788507
     210    237.08687642
     211    239.69994795
     212    241.64448293
     213    244.29580579
     214    246.24460681
     215    248.93551497
     216    250.88833324
     217    253.61909450
     218    255.57446354
     219    258.34661529
     220    260.30438202
     221    263.11809971
     222    265.07656042
     223    267.93364010
     224    269.89279701
     225    272.79326440
     226    274.75110043
     227    277.69709850
     228    279.65386049
     229    282.64518053
     230    284.59841064
     231    287.63769233
     232    289.58802211
     233    292.67469203
     234    294.61899767
     235    297.75646195
     236    299.69599715
     237    302.88310206
     238    304.81365243
     239    308.05509225
     240    309.97898514
     241    313.27262747
     242    315.18368467
     243    318.53662864
     244    320.43926002
     245    323.84753642
     246    325.73154288
     247    329.20747017
     248    331.08219534
     249    334.61767334
     250    336.46276860
     251    340.08491037
     252    341.92678335
     253    345.61459745
     254    347.39286286
     255    351.25822172
     256    353.19635394
 ---------------------------------------
 
SCF converged! Final Ground-State Energy (Eh):             -55.5551016752292952
