 
     Two-Electron DVR    
 ------------------------
 x0     =      15.00000000
 m      =       1.00000000
 Z      =       2.00000000
 n      =             1024
 dx     =       0.02932551
 
Soft-Coulomb Parameters:
 alpha  =       0.01000000
 beta   =       1.00000000
 
 
                       Hartree-Fock                      
 --------------------------------------------------------
 no. of orbitals        =             1024
 no. of electrons       =                2
 scf_damping_switch     =        F
 scf_diis_switch        =        F
 damping_factor         =   0.00000000
 e_tolerance            = 0.0000000000100000
 maximum scf-iterations =              200
 
 
                       SCF iterations                      
 ----------------------------------------------------------
    S.No    Energy (hartree)        dE (hartree)
 ----------------------------------------------------------
       0    -18.841206593384
       1    -17.885455990692      0.955750602691
       2    -17.885649507377      0.000193516684
       3    -17.885650538574      0.000001031198
       4    -17.885650544263      0.000000005689
       5    -17.885650544295      0.000000000032
       6    -17.885650544295      0.000000000000
 ----------------------------------------------------------
  
 
 
 ---------------------------------------
     Molecular Orbital Energies (Eh)    
 ---------------------------------------
       1     -8.46514591
       2     -0.29601529
       3      0.00647422
       4      0.02518440
       5      0.06114676
       6      0.10533341
       7      0.16451652
       8      0.23689079
       9      0.31532785
      10      0.41681791
      11      0.51289024
      12      0.64342425
      13      0.75673858
      14      0.91578393
      15      1.04652188
      16      1.23335941
      17      1.38195701
      18      1.59581423
      19      1.76280631
      20      2.00292248
      21      2.18886535
      22      2.45452333
      23      2.65995582
      24      2.95049683
      25      3.17592099
      26      3.49075023
      27      3.73662261
      28      4.07520985
      29      4.34193857
      30      4.70381589
      31      4.99176102
      32      5.37651900
      33      5.68599485
      34      6.09327792
      35      6.42455621
      36      6.85405780
      37      7.20737133
      38      7.65882888
      39      8.03437535
      40      8.50756558
      41      8.90551129
      42      9.40024573
      43      9.82072917
      44     10.33684998
      45     10.77998509
      46     11.31736134
      47     11.78324059
      48     12.34176478
      49     12.83046190
      50     13.41004693
      51     13.92161938
      52     14.52219584
      53     15.05668703
      54     15.67820077
      55     16.23564199
      56     16.87805202
      57     17.45846419
      58     18.12174077
      59     18.72513596
      60     19.40925901
      61     20.03564173
      62     20.74059939
      63     21.38996780
      64     22.11575517
      65     22.78810208
      66     23.53472018
      67     24.23003389
      68     24.99748868
      69     25.71575381
      70     26.50405538
      71     27.24525348
      72     28.05441538
      73     28.81852554
      74     29.64856412
      75     30.43556343
      76     31.28649736
      77     32.09636135
      78     32.96821116
      79     33.80091418
      80     34.69370182
      81     35.54921733
      82     36.46296590
      83     37.34126675
      84     38.27600018
      85     39.17705885
      86     40.13280163
      87     41.05659040
      88     42.03336744
      89     42.97985857
      90     43.97769494
      91     44.94686080
      92     45.96578164
      93     46.95759486
      94     47.99762521
      95     49.01205871
      96     50.07322343
      97     51.11025059
      98     52.19257425
      99     53.25216888
     100     54.35567570
     101     55.43781217
     102     56.56252595
     103     57.66717920
     104     58.81312327
     105     59.94026884
     106     61.10746602
     107     62.25708009
     108     63.44555267
     109     64.61761207
     110     65.82738175
     111     67.02186397
     112     68.25295190
     113     69.46983510
     114     70.72226181
     115     71.96152483
     116     73.23531025
     117     74.49693261
     118     75.79209607
     119     77.07605794
     120     78.39261817
     121     79.69890040
     122     81.03687550
     123     82.36545959
     124     83.72486709
     125     85.07573519
     126     86.45659199
     127     87.82972687
     128     89.23204934
     129     90.62743440
     130     92.05123828
     131     93.46885753
     132     94.91415802
     133     96.35399606
     134     97.82080782
     135     99.28284982
     136    100.77118696
     137    102.25541865
     138    103.76529476
     139    105.27170242
     140    106.80313058
     141    108.33170101
     142    109.88469380
     143    111.43541433
     144    113.00998385
     145    114.58284229
     146    116.17900018
     147    117.77398483
     148    119.39174226
     149    121.00884187
     150    122.64820960
     151    124.28741338
     152    125.94840172
     153    127.60969931
     154    129.29231817
     155    130.97569963
     156    132.67995854
     157    134.38541432
     158    136.11132240
     159    137.83884336
     160    139.58640937
     161    141.33598673
     162    143.10521909
     163    144.87684443
     164    146.66775121
     165    148.46141645
     166    150.27400539
     167    152.08970279
     168    153.92398131
     169    155.76170345
     170    157.61767868
     171    159.47741845
     172    161.35509720
     173    163.23684779
     174    165.13623661
     175    167.03999148
     176    168.96109664
     177    170.88684953
     178    172.82967704
     179    174.77742196
     180    176.74197758
     181    178.71170878
     182    180.69799803
     183    182.68971001
     184    184.69773818
     185    186.71142566
     186    188.74119782
     187    190.77685576
     188    192.82837676
     189    194.88600032
     190    196.95927481
     191    199.03885936
     192    201.13389180
     193    203.23543291
     194    205.35222755
     195    207.47572097
     196    209.61428191
     197    211.75972357
     198    213.92005472
     199    216.08744074
     200    218.26954584
     201    220.45887248
     202    222.66275513
     203    224.87401883
     204    227.09968246
     205    229.33287979
     206    231.58032769
     207    233.83545539
     208    236.10469071
     209    238.38174565
     210    240.67277140
     211    242.97175059
     212    245.28456966
     213    247.60547023
     214    249.94008538
     215    252.28290458
     216    254.63931846
     217    257.00405367
     218    259.38226881
     219    261.76891750
     220    264.16893633
     221    266.57749611
     222    268.99932094
     223    271.42978950
     224    273.87342256
     225    276.32579770
     226    278.79124112
     227    281.26552072
     228    283.75277652
     229    286.24895858
     230    288.75802872
     231    291.27611129
     232    293.80699763
     233    296.34697888
     234    298.89968320
     235    301.46156135
     236    304.03608536
     237    306.61985872
     238    309.21620406
     239    311.82187100
     240    314.44003923
     241    317.06759822
     242    319.70759084
     243    322.35704039
     244    325.01885882
     245    327.69019751
     246    330.37384314
     247    333.06706961
     248    335.77254375
     249    338.48765670
     250    341.21496059
     251    343.95195879
     252    346.70109365
     253    349.45997589
     254    352.23094286
     255    355.01170802
     256    357.80450821
     257    360.60715520
     258    363.42178965
     259    366.24631742
     260    369.08278716
     261    371.92919472
     262    374.78750069
     263    377.65578709
     264    380.53593023
     265    383.42609456
     266    386.32807575
     267    389.24011712
     268    392.16393721
     269    395.09785481
     270    398.04351460
     271    400.99930762
     272    403.96680789
     273    406.94447556
     274    409.93381706
     275    412.93335866
     276    415.94454210
     277    418.96595692
     278    421.99898297
     279    425.04227035
     280    428.09713966
     281    431.16229897
     282    434.23901217
     283    437.32604278
     284    440.42460046
     285    443.53350180
     286    446.65390453
     287    449.78467603
     288    452.92692436
     289    456.07956549
     290    459.24365995
     291    462.41817019
     292    465.60411127
     293    468.80049015
     294    472.00827832
     295    475.22652536
     296    478.45616109
     297    481.69627584
     298    484.94775957
     299    488.20974160
     300    491.48307376
     301    494.76692266
     302    498.06210364
     303    501.36781902
     304    504.68484920
     305    508.01243069
     306    511.35131045
     307    514.70075769
     308    518.06148738
     309    521.43280003
     310    524.81537998
     311    528.20855771
     312    531.61298825
     313    535.02803074
     314    538.45431218
     315    541.89121914
     316    545.33935178
     317    548.79812292
     318    552.26810705
     319    555.74874209
     320    559.24057797
     321    562.74307666
     322    566.25676455
     323    569.78112664
     324    573.31666680
     325    576.86289204
     326    580.42028470
     327    583.98837287
     328    587.56761826
     329    591.15756914
     330    594.75866749
     331    598.37048086
     332    601.99343238
     333    605.62710805
     334    609.27191293
     335    612.92745072
     336    616.59410915
     337    620.27150887
     338    623.96002105
     339    627.65928252
     340    631.36964862
     341    635.09077167
     342    638.82299186
     343    642.56597635
     344    646.32005080
     345    650.08489656
     346    653.86082541
     347    657.64753230
     348    661.44531572
     349    665.25388361
     350    669.07352173
     351    672.90395047
     352    676.74544344
     353    680.59773292
     354    684.46108085
     355    688.33523095
     356    692.22043399
     357    696.11644458
     358    700.02350284
     359    703.94137382
     360    707.87028742
     361    711.81001869
     362    715.76078774
     363    719.72237919
     364    723.69500379
     365    727.67845534
     366    731.67293560
     367    735.67824714
     368    739.69458317
     369    743.72175462
     370    747.75994650
     371    751.80897778
     372    755.86902561
     373    759.93991664
     374    764.02182050
     375    768.11457121
     376    772.21833118
     377    776.33294149
     378    780.45855766
     379    784.59502751
     380    788.74249995
     381    792.90082927
     382    797.07015807
     383    801.25034680
     384    805.44153201
     385    809.64358009
     386    813.85662179
     387    818.08052917
     388    822.31542743
     389    826.56119404
     390    830.81794892
     391    835.08557472
     392    839.36418628
     393    843.65367123
     394    847.95413953
     395    852.26548357
     396    856.58780867
     397    860.92101176
     398    865.26519371
     399    869.62025582
     400    873.98629467
     401    878.36321575
     402    882.75111155
     403    887.14989157
     404    891.55964437
     405    895.98028329
     406    900.41189314
     407    904.85439093
     408    909.30785788
     409    913.77221451
     410    918.24753859
     411    922.73375402
     412    927.23093528
     413    931.73900950
     414    936.25804798
     415    940.78798095
     416    945.32887669
     417    949.88066838
     418    954.44342142
     419    959.01707182
     420    963.60168219
     421    968.19719127
     422    972.80365901
     423    977.42102676
     424    982.04935190
     425    986.68857829
     426    991.33876086
     427    995.99984587
     428   1000.67188591
     429   1005.35482954
     430   1010.04872707
     431   1014.75352929
     432   1019.46928435
     433   1024.19594514
     434   1028.93355776
     435   1033.68207711
     436   1038.44154731
     437   1043.21192522
     438   1047.99325303
     439   1052.78548948
     440   1057.58867492
     441   1062.40276990
     442   1067.22781301
     443   1072.06376650
     444   1076.91066729
     445   1081.76847930
     446   1086.63723780
     447   1091.51690830
     448   1096.40752454
     449   1101.30905354
     450   1106.22152752
     451   1111.14491501
     452   1116.07924677
     453   1121.02449274
     454   1125.98068230
     455   1130.94778675
     456   1135.92583413
     457   1140.91479705
     458   1145.91470226
     459   1150.92552365
     460   1155.94728672
     461   1160.97996657
     462   1166.02358751
     463   1171.07812583
     464   1176.14360467
     465   1181.22000145
     466   1186.30733819
     467   1191.40559344
     468   1196.51478811
     469   1201.63490181
     470   1206.76595443
     471   1211.90792659
     472   1217.06083717
     473   1222.22466779
     474   1227.39943634
     475   1232.58512543
     476   1237.78175197
     477   1242.98929952
     478   1248.20778406
     479   1253.43719008
     480   1258.67753265
     481   1263.92879713
     482   1269.19099773
     483   1274.46412068
     484   1279.74817933
     485   1285.04316076
     486   1290.34907747
     487   1295.66591738
     488   1300.99369216
     489   1306.33239055
     490   1311.68202342
     491   1317.04258030
     492   1322.41407127
     493   1327.79648664
     494   1333.18983572
     495   1338.59410959
     496   1344.00931679
     497   1349.43544916
     498   1354.87251450
     499   1360.32050538
     500   1365.77942886
     501   1371.24927827
     502   1376.73005990
     503   1382.22176783
     504   1387.72440763
     505   1393.23797409
     506   1398.76247206
     507   1404.29789707
     508   1409.84425323
     509   1415.40153678
     510   1420.96975113
     511   1426.54889325
     512   1432.13896580
     513   1437.73996648
     514   1443.35189725
     515   1448.97475651
     516   1454.60854549
     517   1460.25326334
     518   1465.90891055
     519   1471.57548700
     520   1477.25299245
     521   1482.94142750
     522   1488.64079119
     523   1494.35108487
     524   1500.07230681
     525   1505.80445912
     526   1511.54753931
     527   1517.30155027
     528   1523.06648872
     529   1528.84235834
     530   1534.62915506
     531   1540.42688335
     532   1546.23553834
     533   1552.05512531
     534   1557.88563858
     535   1563.72708425
     536   1569.57945581
     537   1575.44276019
     538   1581.31699003
     539   1587.20215314
     540   1593.09824127
     541   1599.00526313
     542   1604.92320955
     543   1610.85209017
     544   1616.79189489
     545   1622.74263428
     546   1628.70429730
     547   1634.67689549
     548   1640.66041681
     549   1646.65487380
     550   1652.66025343
     551   1658.67656925
     552   1664.70380718
     553   1670.74198185
     554   1676.79107808
     555   1682.85111162
     556   1688.92206616
     557   1695.00395857
     558   1701.09677142
     559   1707.20052274
     560   1713.31519390
     561   1719.44080414
     562   1725.57733359
     563   1731.72480279
     564   1737.88319055
     565   1744.05251871
     566   1750.23276476
     567   1756.42395192
     568   1762.62605626
     569   1768.83910244
     570   1775.06306507
     571   1781.29797028
     572   1787.54379120
     573   1793.80055548
     574   1800.06823467
     575   1806.34685805
     576   1812.63639552
     577   1818.93687801
     578   1825.24827374
     579   1831.57061538
     580   1837.90386937
     581   1844.24807018
     582   1850.60318241
     583   1856.96924243
     584   1863.34621291
     585   1869.73413216
     586   1876.13296085
     587   1882.54273937
     588   1888.96342629
     589   1895.39506410
     590   1901.83760922
     591   1908.29110637
     592   1914.75550968
     593   1921.23086619
     594   1927.71712766
     595   1934.21434358
     596   1940.72246321
     597   1947.24153857
     598   1953.77151633
     599   1960.31245117
     600   1966.86428706
     601   1973.42708142
     602   1980.00077540
     603   1986.58542932
     604   1993.18098138
     605   1999.78749490
     606   2006.40490501
     607   2013.03327818
     608   2019.67254632
     609   2026.32277918
     610   2032.98390531
     611   2039.65599792
     612   2046.33898203
     613   2053.03293442
     614   2059.73777647
     615   2066.45358871
     616   2073.18028868
     617   2079.91796080
     618   2086.66651863
     619   2093.42605072
     620   2100.19646640
     621   2106.97785849
     622   2113.77013196
     623   2120.57338412
     624   2127.38751536
     625   2134.21262764
     626   2141.04861659
     627   2147.89558907
     628   2154.75343570
     629   2161.62226843
     630   2168.50197267
     631   2175.39266575
     632   2182.29422757
     633   2189.20678104
     634   2196.13020037
     635   2203.06461432
     636   2210.00989113
     637   2216.96616562
     638   2223.93329981
     639   2230.91143495
     640   2237.90042650
     641   2244.90042235
     642   2251.91127115
     643   2258.93312782
     644   2265.96583385
     645   2273.00955140
     646   2280.06411454
     647   2287.12969310
     648   2294.20611330
     649   2301.29355294
     650   2308.39183010
     651   2315.50113094
     652   2322.62126500
     653   2329.75242713
     654   2336.89441797
     655   2344.04744153
     656   2351.21128909
     657   2358.38617416
     658   2365.57187830
     659   2372.76862504
     660   2379.97618569
     661   2387.19479419
     662   2394.42421120
     663   2401.66468164
     664   2408.91595494
     665   2416.17828739
     666   2423.45141682
     667   2430.73561149
     668   2438.03059695
     669   2445.33665394
     670   2452.65349526
     671   2459.98141477
     672   2467.32011186
     673   2474.66989400
     674   2482.03044666
     675   2489.40209165
     676   2496.78449977
     677   2504.17800774
     678   2511.58227111
     679   2518.99764230
     680   2526.42376080
     681   2533.86099534
     682   2541.30896874
     683   2548.76806689
     684   2556.23789506
     685   2563.71885697
     686   2571.21053964
     687   2578.71336560
     688   2586.22690263
     689   2593.75159279
     690   2601.28698391
     691   2608.83353859
     692   2616.39078362
     693   2623.95920299
     694   2631.53830163
     695   2639.12858603
     696   2646.72953811
     697   2654.34168773
     698   2661.96449290
     699   2669.59850811
     700   2677.24316618
     701   2684.89904719
     702   2692.56555778
     703   2700.24330499
     704   2707.93166789
     705   2715.63128154
     706   2723.34149633
     707   2731.06297685
     708   2738.79504330
     709   2746.53839094
     710   2754.29230861
     711   2762.05752385
     712   2769.83329246
     713   2777.62037559
     714   2785.41799466
     715   2793.22694618
     716   2801.04641542
     717   2808.87723565
     718   2816.71855451
     719   2824.57124401
     720   2832.43441219
     721   2840.30897129
     722   2848.19398819
     723   2856.09041752
     724   2863.99728278
     725   2871.91558271
     726   2879.84429569
     727   2887.78446688
     728   2895.73502719
     729   2903.69707007
     730   2911.66947700
     731   2919.65339228
     732   2927.64764540
     733   2935.65343355
     734   2943.66953209
     735   2951.69719390
     736   2959.73513738
     737   2967.78467335
     738   2975.84446093
     739   2983.91587192
     740   2991.99750307
     741   3000.09078965
     742   3008.19426343
     743   3016.30942654
     744   3024.43474238
     745   3032.57178263
     746   3040.71893952
     747   3048.87785794
     748   3057.04685524
     749   3065.22765249
     750   3073.41848909
     751   3081.62116632
     752   3089.83384150
     753   3098.05839944
     754   3106.29291200
     755   3114.53935188
     756   3122.79570102
     757   3131.06402367
     758   3139.34220807
     759   3147.63241483
     760   3155.93243363
     761   3164.24452539
     762   3172.56637713
     763   3180.90035538
     764   3189.24403910
     765   3197.59990482
     766   3205.96541894
     767   3214.34317375
     768   3222.73051720
     769   3231.13016219
     770   3239.53933324
     771   3247.96087018
     772   3256.39186765
     773   3264.83529773
     774   3273.28811973
     775   3281.75344489
     776   3290.22809011
     777   3298.71531169
     778   3307.21177805
     779   3315.72089816
     780   3324.23918423
     781   3332.77020432
     782   3341.31030782
     783   3349.86323023
     784   3358.42514957
     785   3366.99997590
     786   3375.58370859
     787   3384.18044139
     788   3392.78598568
     789   3401.40462672
     790   3410.03197986
     791   3418.67253194
     792   3427.32169202
     793   3435.98415709
     794   3444.65512107
     795   3453.33950220
     796   3462.03226799
     797   3470.73856733
     798   3479.45313159
     799   3488.18135251
     800   3496.91771293
     801   3505.66785780
     802   3514.42601072
     803   3523.19808324
     804   3531.97802609
     805   3540.77202888
     806   3549.57375766
     807   3558.38969478
     808   3567.21320666
     809   3576.05108098
     810   3584.89637156
     811   3593.75618756
     812   3602.62325370
     813   3611.50501456
     814   3620.39385143
     815   3629.29756206
     816   3638.20816620
     817   3647.13383011
     818   3656.06619620
     819   3665.01381879
     820   3673.96794302
     821   3682.93752815
     822   3691.91340467
     823   3700.90495830
     824   3709.90258290
     825   3718.91610928
     826   3727.93547552
     827   3736.97098121
     828   3746.01208444
     829   3755.06957415
     830   3764.13240728
     831   3773.21188822
     832   3782.29644611
     833   3791.39792347
     834   3800.50419832
     835   3809.62768005
     836   3818.75566618
     837   3827.90115803
     838   3837.05084684
     839   3846.21835756
     840   3855.38974277
     841   3864.57927871
     842   3873.77235084
     843   3882.98392166
     844   3892.19867379
     845   3901.43228649
     846   3910.66870813
     847   3919.92437338
     848   3929.18245690
     849   3938.46018244
     850   3947.73991626
     851   3957.03971387
     852   3966.34108954
     853   3975.66296778
     854   3984.98597252
     855   3994.32994441
     856   4003.67456887
     857   4013.04064387
     858   4022.40687393
     859   4031.79506642
     860   4041.18289174
     861   4050.59321221
     862   4060.00261716
     863   4069.43508151
     864   4078.86605466
     865   4088.32067449
     866   4097.77319855
     867   4107.24999148
     868   4116.72405377
     869   4126.22303263
     870   4135.71861402
     871   4145.23979833
     872   4154.75688478
     873   4164.30028876
     874   4173.83885905
     875   4183.40450434
     876   4192.96454291
     877   4202.55244528
     878   4212.13392861
     879   4221.74411205
     880   4231.34702290
     881   4240.97950490
     882   4250.60381713
     883   4260.25862435
     884   4269.90431885
     885   4279.58147068
     886   4289.24851841
     887   4298.94804448
     888   4308.63642422
     889   4318.35834607
     890   4328.06802552
     891   4337.81237611
     892   4347.54333173
     893   4357.31013497
     894   4367.06233077
     895   4376.85162340
     896   4386.62503322
     897   4396.43684181
     898   4406.23142555
     899   4416.06579105
     900   4425.88151962
     901   4435.73847159
     902   4445.57530024
     903   4455.45488441
     904   4465.31278076
     905   4475.21503003
     906   4485.09394407
     907   4495.01890956
     908   4504.91880524
     909   4514.86652360
     910   4524.78734495
     911   4534.75787342
     912   4544.69958027
     913   4554.69295970
     914   4564.65548931
     915   4574.67178389
     916   4584.65509146
     917   4594.69434677
     918   4604.69836186
     919   4614.76065001
     920   4624.78532259
     921   4634.87069449
     922   4644.91594532
     923   4655.02448213
     924   4665.09025532
     925   4675.22201396
     926   4685.30822018
     927   4695.46329218
     928   4705.56986888
     929   4715.74831795
     930   4725.87516426
     931   4736.07709385
     932   4746.22413968
     933   4756.44962122
     934   4766.61675235
     935   4776.86590304
     936   4787.05304083
     937   4797.32594085
     938   4807.53295564
     939   4817.82973813
     940   4828.05654157
     941   4838.37729669
     942   4848.62374111
     943   4858.96862059
     944   4869.23460656
     945   4879.60371194
     946   4889.88907077
     947   4900.28257551
     948   4910.58719508
     949   4921.00521378
     950   4931.32890066
     951   4941.77163241
     952   4952.11425992
     953   4962.58183430
     954   4972.94317972
     955   4983.43582621
     956   4993.81574607
     957   5004.33361156
     958   5014.73184821
     959   5025.27519849
     960   5035.69158904
     961   5046.26059107
     962   5056.69483582
     963   5067.28979915
     964   5077.74171269
     965   5088.36282765
     966   5098.83205917
     967   5109.47968860
     968   5119.96602639
     969   5130.64038798
     970   5141.14341847
     971   5151.84494068
     972   5162.36442126
     973   5173.09335404
     974   5183.62879309
     975   5194.38564674
     976   5204.93676518
     977   5215.72182790
     978   5226.28803556
     979   5237.10192130
     980   5247.68289582
     981   5258.52593847
     982   5269.12096318
     983   5279.99391014
     984   5290.60261113
     985   5301.50585119
     986   5312.12734623
     987   5323.06180202
     988   5333.69565592
     989   5344.66178211
     990   5355.30689144
     991   5366.30584565
     992   5376.96170339
     993   5387.99401834
     994   5398.65921881
     995   5409.72637408
     996   5420.40033074
     997   5431.50294663
     998   5442.18383141
     999   5453.32383772
    1000   5464.01099150
    1001   5475.18908967
    1002   5485.88008228
    1003   5497.09884176
    1004   5507.79299987
    1005   5519.05313860
    1006   5529.74716074
    1007   5541.05216325
    1008   5551.74558420
    1009   5563.09593225
    1010   5573.78417406
    1011   5585.18465476
    1012   5595.86820333
    1013   5607.31820584
    1014   5617.99055879
    1015   5629.49669404
    1016   5640.16186649
    1017   5651.71940016
    1018   5662.36759444
    1019   5673.98551908
    1020   5684.63610397
    1021   5696.29036667
    1022   5706.92579038
    1023   5718.61252888
    1024   5729.50764312
 ---------------------------------------
 
SCF converged! Final Ground-State Energy (Eh):             -17.8856505442948404
