 
 Imaginary Time Propagation
 --------------------------
 
               Imag. time (a.u.)               < psi_i | psi_i >               < psi_i | psi_0 >                Energy (hartree)
                                
              0.0000000000000000              0.9999999999999999              0.9999999999999999             -3.5660647071438412
              1.0000000000000007              1.0000000000000002              0.9781826793600780             -3.8946435702132081
              1.9999999999998905              0.9999999999999998              0.9754777233093608             -3.8956573077884631
              2.9999999999997806              1.0000000000000004              0.9749904954322303             -3.8957003097035501
              3.9999999999996705              1.0000000000000000              0.9748881697612024             -3.8957029279613180
              5.0000000000000044              0.9999999999999999              0.9748645532407023             -3.8957031253248022
              6.0000000000003384              1.0000000000000000              0.9748587032677299             -3.8957031425396926
              7.0000000000006724              1.0000000000000000              0.9748571682825968             -3.8957031441893033
              8.0000000000010054              1.0000000000000002              0.9748567456619537             -3.8957031443566206
              8.5600000000006951              1.0000000000000000              0.9748566604853353             -3.8957031443706449
 
 Summary of Imaginary time propagation
 -------------------------------------
n       =              256
dt      =       0.00100000
nstep   =             8560
E_conv  =   0.0000000000000000
Ei      =      -3.8957031443706449
 
