 
     Two-Electron DVR    
 ------------------------
 x0     =      15.00000000
 m      =       1.00000000
 Z      =       3.00000000
 n      =              256
 dx     =       0.11764706
 
Soft-Coulomb Parameters:
 alpha  =       1.00000000
 beta   =       1.00000000
 
 
                       Hartree-Fock                      
 --------------------------------------------------------
 no. of orbitals        =              256
 no. of electrons       =                2
 scf_damping_switch     =        F
 scf_diis_switch        =        F
 damping_factor         =   0.00000000
 e_tolerance            = 0.0000000000100000
 maximum scf-iterations =              200
 
 
                       SCF iterations                      
 ----------------------------------------------------------
    S.No    Energy (hartree)        dE (hartree)
 ----------------------------------------------------------
       0     -4.671397010573
       1     -3.877961637619      0.793435372954
       2     -3.887038902549      0.009077264930
       3     -3.887526731899      0.000487829350
       4     -3.887552868755      0.000026136857
       5     -3.887554278800      0.000001410044
       6     -3.887554355320      0.000000076521
       7     -3.887554359488      0.000000004168
       8     -3.887554359716      0.000000000227
       9     -3.887554359728      0.000000000012
      10     -3.887554359729      0.000000000001
 ----------------------------------------------------------
  
 
 
 ---------------------------------------
     Molecular Orbital Energies (Eh)    
 ---------------------------------------
       1     -1.55712999
       2     -0.30139749
       3     -0.15003037
       4     -0.09305818
       5     -0.04757323
       6      0.00078832
       7      0.06507906
       8      0.13903871
       9      0.22772859
      10      0.32625946
      11      0.43782116
      12      0.55988377
      13      0.69371371
      14      0.83859298
      15      0.99443716
      16      1.16164139
      17      1.33937921
      18      1.52858759
      19      1.72815080
      20      1.93916716
      21      2.16050910
      22      2.39322189
      23      2.63630655
      24      2.89065776
      25      3.15545632
      26      3.43141958
      27      3.71790924
      28      4.01547559
      29      4.32363888
      30      4.64280811
      31      4.97263209
      32      5.31340783
      33      5.66488327
      34      6.02727036
      35      6.40039090
      36      6.78439414
      37      7.17915552
      38      7.58477912
      39      8.00117859
      40      8.42842602
      41      8.86646190
      42      9.31533591
      43      9.77500718
      44     10.24550991
      45     10.72681602
      46     11.21894911
      47     11.72188979
      48     12.23565445
      49     12.76022960
      50     13.29562677
      51     13.84183638
      52     14.39886673
      53     14.96671085
      54     15.54537488
      55     16.13485357
      56     16.73515166
      57     17.34626500
      58     17.96819742
      59     18.60094547
      60     19.24451243
      61     19.89889525
      62     20.56409691
      63     21.24011455
      64     21.92695101
      65     22.62460352
      66     23.33307487
      67     24.05236229
      68     24.78246861
      69     25.52339098
      70     26.27513232
      71     27.03768967
      72     27.81106608
      73     28.59525846
      74     29.39026999
      75     30.19609742
      76     31.01274411
      77     31.84020663
      78     32.67848854
      79     33.52758619
      80     34.38750336
      81     35.25823619
      82     36.13978866
      83     37.03215671
      84     37.93534456
      85     38.84934788
      86     39.77417115
      87     40.70980980
      88     41.65626857
      89     42.61354260
      90     43.58163692
      91     44.56054641
      92     45.55027636
      93     46.55082136
      94     47.56218702
      95     48.58436762
      96     49.61736907
      97     50.66118534
      98     51.71582267
      99     52.78127468
     100     53.85754798
     101     54.94463583
     102     56.04254519
     103     57.15126897
     104     58.27081450
     105     59.40117430
     106     60.54235609
     107     61.69435201
     108     62.85717018
     109     64.03080231
     110     65.21525697
     111     66.41052543
     112     67.61661670
     113     68.83352158
     114     70.06124958
     115     71.29979100
     116     72.54915585
     117     73.80933393
     118     75.08033576
     119     76.36215061
     120     77.65478954
     121     78.95824129
     122     80.27251747
     123     81.59760623
     124     82.93351980
     125     84.28024570
     126     85.63779679
     127     87.00615996
     128     88.38534871
     129     89.77534928
     130     91.17617585
     131     92.58781395
     132     94.01027849
     133     95.44355425
     134     96.88765691
     135     98.34257047
     136     99.80831141
     137    101.28486290
     138    102.77224228
     139    104.27043184
     140    105.77944983
     141    107.29927759
     142    108.82993435
     143    110.37140046
     144    111.92369615
     145    113.48680075
     146    115.06073554
     147    116.64547877
     148    118.24105284
     149    119.84743483
     150    121.46464835
     151    123.09266925
     152    124.73152239
     153    126.38118234
     154    128.04167528
     155    129.71297441
     156    131.39510733
     157    133.08804578
     158    134.79181886
     159    136.50639675
     160    138.23181017
     161    139.96802763
     162    141.71508158
     163    143.47293874
     164    145.24163339
     165    147.02113037
     166    148.81146590
     167    150.61260282
     168    152.42457942
     169    154.24735637
     170    156.08097421
     171    157.92539131
     172    159.78065058
     173    161.64670790
     174    163.52360877
     175    165.41130640
     176    167.30984905
     177    169.21918706
     178    171.13937164
     179    173.07035009
     180    175.01217679
     181    176.96479570
     182    178.92826467
     183    180.90252407
     184    182.88763549
     185    184.88353536
     186    186.89028933
     187    188.90782969
     188    190.93622639
     189    192.97540714
     190    195.02544665
     191    197.08626777
     192    199.15795025
     193    201.24041157
     194    203.33373702
     195    205.43783850
     196    207.55280707
     197    209.67854844
     198    211.81515999
     199    213.96254124
     200    216.12079589
     201    218.28981660
     202    220.46971395
     203    222.66037426
     204    224.86191435
     205    227.07421372
     206    229.29739562
     207    231.53133461
     208    233.77615811
     209    236.03173615
     210    238.29819921
     211    240.57541795
     212    242.86351968
     213    245.16237895
     214    247.47211489
     215    249.79261894
     216    252.12398641
     217    254.46613667
     218    256.81912572
     219    259.18293274
     220    261.55753599
     221    263.94300618
     222    266.33920102
     223    268.74635997
     224    271.16412683
     225    273.59299485
     226    276.03228137
     227    278.48292022
     228    280.94367549
     229    283.41614263
     230    285.89824327
     231    288.39268777
     232    290.89600312
     233    293.41257893
     234    295.93681466
     235    298.47588159
     236    301.02070831
     237    303.58266190
     238    306.14737841
     239    308.73307548
     240    311.31688604
     241    313.92727898
     242    316.52857217
     243    319.16559323
     244    321.78265952
     245    324.44827440
     246    327.07780610
     247    329.77579445
     248    332.41511930
     249    335.14822611
     250    337.79162011
     251    340.56630952
     252    343.21186377
     253    346.03047096
     254    348.65922093
     255    351.55375848
     256    354.19398353
 ---------------------------------------
 
SCF converged! Final Ground-State Energy (Eh):              -3.8875543597288171
