 
     Two-Electron DVR    
 ------------------------
 x0     =      15.00000000
 m      =       1.00000000
 Z      =       4.00000000
 n      =              256
 dx     =       0.11764706
 
Soft-Coulomb Parameters:
 alpha  =       0.01000000
 beta   =       0.10000000
 
 
                       Hartree-Fock                      
 --------------------------------------------------------
 no. of orbitals        =              256
 no. of electrons       =                2
 scf_damping_switch     =        F
 scf_diis_switch        =        F
 damping_factor         =   0.00000000
 e_tolerance            = 0.0000000000100000
 maximum scf-iterations =              200
 
 
                       SCF iterations                      
 ----------------------------------------------------------
    S.No    Energy (hartree)        dE (hartree)
 ----------------------------------------------------------
       0    -44.478341644531
       1    -41.774144970987      2.704196673545
       2    -41.778679562744      0.004534591757
       3    -41.778701290883      0.000021728140
       4    -41.778701397192      0.000000106309
       5    -41.778701397718      0.000000000525
       6    -41.778701397720      0.000000000002
 ----------------------------------------------------------
  
 
 
 ---------------------------------------
     Molecular Orbital Energies (Eh)    
 ---------------------------------------
       1    -19.54187127
       2     -2.64355015
       3     -1.08607338
       4     -0.55810242
       5     -0.35857936
       6     -0.23815180
       7     -0.17360923
       8     -0.11199105
       9     -0.05171422
      10      0.03215093
      11      0.11786849
      12      0.23067546
      13      0.34024655
      14      0.48004688
      15      0.61207709
      16      0.77787044
      17      0.93156851
      18      1.12278672
      19      1.29766649
      20      1.51392901
      21      1.70969222
      22      1.95069867
      23      2.16717922
      24      2.43266188
      25      2.66978984
      26      2.95949137
      27      3.21726893
      28      3.53093583
      29      3.80941647
      30      4.14679596
      31      4.44607085
      32      4.80691371
      33      5.12709804
      34      5.51115882
      35      5.85238461
      36      6.25942605
      37      6.62183288
      38      7.05162545
      39      7.43535767
      40      7.88768380
      41      8.29288385
      42      8.76753612
      43      9.19434470
      44      9.69112973
      45     10.13968049
      46     10.65841585
      47     11.12883762
      48     11.66935567
      49     12.16176770
      50     12.72391130
      51     13.23842704
      52     13.82205371
      53     14.35877601
      54     14.96375259
      55     15.52277874
      56     16.14898603
      57     16.73040257
      58     17.37772909
      59     17.98161796
      60     18.64996528
      61     19.27639792
      62     19.96567349
      63     20.61471808
      64     21.32484144
      65     21.99655613
      66     22.72745078
      67     23.42189197
      68     24.17349260
      69     24.89070718
      70     25.66295050
      71     26.40298519
      72     27.19581838
      73     27.95871080
      74     28.77208115
      75     29.55787040
      76     30.39173509
      77     31.20045148
      78     32.05476595
      79     32.88644289
      80     33.76117211
      81     34.61583436
      82     35.51093975
      83     36.38861681
      84     37.30406914
      85     38.20478183
      86     39.14054657
      87     40.06432209
      88     41.02037408
      89     41.96723073
      90     42.94353775
      91     43.91350189
      92     44.91004135
      93     45.90313003
      94     46.91987049
      95     47.93611052
      96     48.97303062
      97     50.01243892
      98     51.06950664
      99     52.13211166
     100     53.20930572
     101     54.29512524
     102     55.39241179
     103     56.50147700
     104     57.61883380
     105     58.75116423
     106     59.88855445
     107     61.04418506
     108     62.20158460
     109     63.38053746
     110     64.55790544
     111     65.76022026
     112     66.95752987
     113     68.18323201
     114     69.40043731
     115     70.64957216
     116     71.88664287
     117     73.15923980
     118     74.41612386
     119     75.71223491
     120     76.98889786
     121     78.30855706
     122     79.60493972
     123     80.94820675
     124     82.26426974
     125     83.63118394
     126     84.96685994
     127     86.35748966
     128     87.71273366
     129     89.12712425
     130     90.50185965
     131     91.94008920
     132     93.33426465
     133     94.79638520
     134     96.20991367
     135     97.69601424
     136     99.12883730
     137    100.63897735
     138    102.09099620
     139    103.62527700
     140    105.09642537
     141    106.65491456
     142    108.14508045
     143    109.72789299
     144    111.23700150
     145    112.84421402
     146    114.37213833
     147    116.00388114
     148    117.55053680
     149    119.20689640
     150    120.77214001
     151    122.45326389
     152    124.03700053
     153    125.74298603
     154    127.34505363
     155    129.07606752
     156    130.69635968
     157    132.45251117
     158    134.09084485
     159    135.87232237
     160    137.52857859
     161    139.33550435
     162    141.00947647
     163    142.84206330
     164    144.53361856
     165    146.39200286
     166    148.10090800
     167    149.98533013
     168    151.71143742
     169    153.62204925
     170    155.36509530
     171    157.30216830
     172    159.06198916
     173    161.02569197
     174    162.80199016
     175    164.79262951
     176    166.58522357
     177    168.60298618
     178    170.41153999
     179    172.45677260
     180    174.28108601
     181    176.35399465
     182    178.19368767
     183    180.29466449
     184    182.14951732
     185    184.27878874
     186    186.14837152
     187    188.30638134
     188    190.19045401
     189    192.37744967
     190    194.27552569
     191    196.49200977
     192    198.40382889
     193    200.65006982
     194    202.57508104
     195    204.85164830
     196    206.78957235
     197    209.09675424
     198    211.04696679
     199    213.38540898
     200    215.34761458
     201    217.71762234
     202    219.69111326
     203    222.09341907
     204    224.07788915
     205    226.51280975
     206    228.50745619
     207    230.97582317
     208    232.98033840
     209    235.48247053
     210    237.49594296
     211    240.03278560
     212    242.05492116
     213    244.62678001
     214    246.65654134
     215    249.26449386
     216    251.30162332
     217    253.94593906
     218    255.98925095
     219    258.67116421
     220    260.72047164
     221    263.44018146
     222    265.49411756
     223    268.25305180
     224    270.31155106
     225    273.10978809
     226    275.17124990
     227    278.01047081
     228    280.07502593
     229    282.95511553
     230    285.02083830
     231    287.94383607
     232    290.01116735
     233    292.97665599
     234    295.04317599
     235    298.05375110
     236    300.12039568
     237    303.17516639
     238    305.23868893
     239    308.34120356
     240    310.40337322
     241    313.55196347
     242    315.60799916
     243    318.80803541
     244    320.86128184
     245    324.10967522
     246    326.15210875
     247    329.45826303
     248    331.49692035
     249    334.85457239
     250    336.87299057
     251    340.30305256
     252    342.32130728
     253    345.80709239
     254    347.77405274
     255    351.39991774
     256    353.50277522
 ---------------------------------------
 
SCF converged! Final Ground-State Energy (Eh):             -41.7787013977199990
