 
     Two-Electron DVR    
 ------------------------
 x0     =      15.00000000
 m      =       1.00000000
 Z      =       6.00000000
 n      =             1024
 dx     =       0.02932551
 
Soft-Coulomb Parameters:
 alpha  =       0.01000000
 beta   =       0.01000000
 
 
                       Hartree-Fock                      
 --------------------------------------------------------
 no. of orbitals        =             1024
 no. of electrons       =                2
 scf_damping_switch     =        F
 scf_diis_switch        =        F
 damping_factor         =   0.00000000
 e_tolerance            = 0.0000000000100000
 maximum scf-iterations =              200
 
 
                       SCF iterations                      
 ----------------------------------------------------------
    S.No    Energy (hartree)        dE (hartree)
 ----------------------------------------------------------
       0    -73.243937549181
       1    -66.906580419429      6.337357129752
       2    -66.965315736804      0.058735317375
       3    -66.965462889866      0.000147153062
       4    -66.965463291358      0.000000401492
       5    -66.965463292530      0.000000001172
       6    -66.965463292533      0.000000000004
 ----------------------------------------------------------
  
 
 
 ---------------------------------------
     Molecular Orbital Energies (Eh)    
 ---------------------------------------
       1    -30.37404742
       2     -6.14042665
       3     -3.16872825
       4     -1.76124598
       5     -1.19738143
       6     -0.81750838
       7     -0.62300615
       8     -0.46961860
       9     -0.37981208
      10     -0.29477158
      11     -0.22469051
      12     -0.12864389
      13     -0.03445680
      14      0.09358407
      15      0.21386979
      16      0.37150323
      17      0.51593421
      18      0.70131399
      19      0.86880279
      20      1.08082981
      21      1.27073792
      22      1.50868154
      23      1.72060993
      24      1.98393979
      25      2.21763281
      26      2.50593676
      27      2.76123258
      28      3.07417258
      29      3.35097477
      30      3.68826134
      31      3.98652105
      32      4.34789797
      33      4.66760172
      34      5.05283671
      35      5.39399759
      36      5.80287652
      37      6.16552740
      38      6.59785084
      39      6.98203908
      40      7.43762011
      41      7.84340335
      42      8.32206634
      43      8.74950907
      44      9.25108889
      45      9.70025968
      46     10.22460127
      47     10.69557060
      48     11.24252863
      49     11.73536717
      50     12.30480582
      51     12.81958302
      52     13.41137573
      53     13.94815881
      54     14.56218810
      55     15.12104127
      56     15.75719844
      57     16.33818229
      58     16.99636718
      59     17.59953836
      60     18.27965899
      61     18.90506992
      62     19.60704220
      63     20.25474096
      64     20.97848832
      65     21.64851858
      66     22.39397160
      67     23.08637272
      68     23.85346875
      69     24.56827582
      70     25.35695860
      71     26.09420258
      72     26.90442186
      73     27.66412976
      74     28.49584092
      75     29.27803601
      76     30.13119968
      77     30.93590164
      78     31.81048336
      79     32.63770853
      80     33.53367837
      81     34.38343996
      82     35.30077220
      83     36.17308050
      84     37.11175332
      85     38.00661593
      86     38.96661107
      87     39.88403310
      88     40.86533558
      89     41.80531985
      90     42.80791773
      91     43.77046496
      92     44.79434902
      93     45.77945804
      94     46.82462157
      95     47.83228948
      96     48.89872807
      97     49.92895040
      98     51.01666167
      99     52.06943258
     100     53.17841602
     101     54.25372839
     102     55.38398517
     103     56.48183078
     104     57.63336358
     105     58.75373323
     106     59.92654605
     107     61.06942969
     108     62.26352772
     109     63.42891453
     110     64.64430405
     111     65.83218258
     112     67.06887076
     113     68.27922902
     114     69.53722386
     115     70.77004937
     116     72.04935958
     117     73.30463950
     118     74.60527439
     119     75.88299557
     120     77.20496496
     121     78.50511402
     122     79.84842818
     123     81.17099153
     124     82.53566109
     125     83.88062505
     126     85.26666093
     127     86.63401172
     128     88.04142508
     129     89.43114891
     130     90.85995107
     131     92.27203416
     132     93.72223657
     133     95.15666520
     134     96.62827939
     135     98.08503991
     136     99.57807745
     137    101.05715632
     138    102.57162879
     139    104.07301262
     140    105.60893154
     141    107.13260711
     142    108.68998396
     143    110.23593821
     144    111.81478438
     145    113.38300446
     146    114.98333123
     147    116.57380450
     148    118.19562301
     149    119.80833707
     150    121.45165831
     151    123.08660099
     152    124.75143580
     153    126.40859517
     154    128.09495420
     155    129.77431859
     156    131.48221230
     157    133.18377031
     158    134.91320897
     159    136.63694945
     160    138.38794311
     161    140.13385519
     162    141.90641370
     163    143.67448677
     164    145.46861975
     165    147.25884349
     166    149.07456034
     167    150.88692468
     168    152.72423458
     169    154.55872973
     170    156.41764164
     171    158.27425808
     172    160.15478070
     173    162.03350919
     174    163.93565101
     175    165.83648257
     176    167.76025185
     177    169.68317775
     178    171.62858252
     179    173.57359432
     180    175.54064238
     181    177.50773187
     182    179.49643080
     183    181.48559002
     184    183.49594719
     185    185.50716844
     186    187.53919098
     187    189.57246680
     188    191.62616162
     189    193.68148481
     190    195.75685862
     191    197.83422217
     192    199.93128148
     193    202.03067864
     194    204.14942974
     195    206.27085396
     196    208.41130294
     197    210.55474792
     198    212.71690067
     199    214.88236031
     200    217.06622253
     201    219.25369092
     202    221.45926813
     203    223.66873957
     204    225.89603710
     205    228.12750610
     206    230.37652909
     207    232.62999035
     208    234.90074378
     209    237.17619216
     210    239.46868084
     211    241.76611140
     212    244.08033996
     213    246.39974795
     214    248.73572087
     215    251.07710167
     216    253.43482328
     217    255.79817247
     218    258.17764693
     219    260.56296024
     220    262.96419156
     221    265.37146487
     222    267.79445695
     223    270.22368629
     224    272.66844286
     225    275.11962441
     226    277.58614906
     227    280.05927914
     228    282.54757536
     229    285.04265043
     230    287.55272155
     231    290.06973819
     232    292.60158745
     233    295.14054237
     234    297.69417287
     235    300.25506291
     236    302.83047764
     237    305.41329975
     238    308.01050159
     239    310.61525285
     240    313.23424457
     241    315.86092216
     242    318.50170643
     243    321.15030763
     244    323.81288702
     245    326.48340922
     246    329.16778620
     247    331.86022690
     248    334.56640385
     249    337.28076063
     250    340.00873984
     251    342.74501038
     252    345.49479406
     253    348.25297613
     254    351.02456638
     255    353.80465783
     256    356.59805670
     257    359.40005547
     258    362.21526491
     259    365.03916903
     260    367.87619093
     261    370.72199848
     262    373.58083465
     263    376.44854381
     264    379.32919599
     265    382.21880499
     266    385.12127485
     267    388.03278200
     268    390.95707116
     269    393.89047485
     270    396.83658484
     271    399.79188350
     272    402.75981582
     273    405.73700795
     274    408.72676403
     275    411.72584819
     276    414.73742939
     277    417.75840420
     278    420.79181185
     279    423.83467598
     280    426.88991134
     281    429.95466352
     282    433.03172781
     283    436.11836681
     284    439.21726120
     285    442.32578585
     286    445.44651146
     287    448.57692063
     288    451.71947854
     289    454.87177115
     290    458.03616239
     291    461.21033739
     292    464.39656297
     293    467.59261937
     294    470.80068024
     295    474.01861707
     296    477.24851414
     297    480.48833050
     298    483.74006466
     299    487.00175965
     300    490.27533174
     301    493.55890453
     302    496.85431536
     303    500.15976512
     304    503.47701548
     305    506.80434144
     306    510.14343208
     307    513.49263348
     308    516.85356511
     309    520.22464125
     310    523.60741457
     311    527.00036475
     312    530.40498041
     313    533.81980397
     314    537.24626262
     315    540.68295893
     316    544.13126117
     317    547.58982962
     318    551.05997604
     319    554.54041605
     320    558.03240721
     321    561.53471821
     322    565.04855466
     323    568.57273613
     324    572.10841838
     325    575.65446979
     326    579.21199834
     327    582.77991921
     328    586.35929454
     329    589.94908439
     330    593.55030695
     331    597.16196533
     332    600.78503557
     333    604.41856204
     334    608.06348038
     335    611.71887453
     336    615.38564137
     337    619.06290280
     338    622.75151854
     339    626.45064686
     340    630.16111186
     341    633.88210671
     342    637.61442134
     343    641.35728236
     344    645.11144696
     345    648.87617382
     346    652.65218872
     347    656.43878110
     348    660.23664661
     349    664.04510419
     350    667.86482063
     351    671.69514312
     352    675.53671077
     353    679.38889788
     354    683.25231703
     355    687.12636849
     356    691.01163940
     357    694.90755496
     358    698.81467788
     359    702.73245728
     360    706.66143248
     361    710.60107548
     362    714.55190318
     363    718.51340955
     364    722.48608999
     365    726.46945952
     366    730.46399290
     367    734.46922537
     368    738.48561192
     369    742.51270714
     370    746.55094705
     371    750.59990482
     372    754.65999829
     373    758.73081843
     374    762.81276564
     375    766.90544797
     376    771.00924911
     377    775.12379345
     378    779.24944868
     379    783.38585489
     380    787.53336438
     381    791.69163229
     382    795.86099620
     383    800.04112566
     384    804.23234415
     385    808.43433502
     386    812.64740822
     387    816.87126038
     388    821.10618843
     389    825.35190174
     390    829.60868478
     391    833.87625912
     392    838.15489728
     393    842.44433253
     394    846.74482592
     395    851.05612197
     396    855.37847073
     397    859.71162746
     398    864.05583169
     399    868.41084902
     400    872.77690883
     401    877.15378665
     402    881.54170215
     403    885.94044036
     404    890.35021165
     405    894.77081016
     406    899.20243734
     407    903.64489608
     408    908.09837924
     409    912.56269811
     410    917.03803734
     411    921.52421627
     412    926.02141166
     413    930.52945058
     414    935.04850221
     415    939.57840105
     416    944.11930899
     417    948.67106768
     418    953.23383202
     419    957.80745049
     420    962.39207130
     421    966.98754950
     422    971.59402684
     423    976.21136471
     424    980.83969866
     425    985.47889614
     426    990.12908677
     427    994.79014381
     428    999.46219116
     429   1004.14510772
     430   1008.83901186
     431   1013.54378788
     432   1018.25954889
     433   1022.98618432
     434   1027.72380223
     435   1032.47229705
     436   1037.23177191
     437   1042.00212607
     438   1046.78345795
     439   1051.57567141
     440   1056.37886034
     441   1061.19293307
     442   1066.01797911
     443   1070.85391107
     444   1075.70081427
     445   1080.55860543
     446   1085.42736581
     447   1090.30701615
     448   1095.19763378
     449   1100.09914326
     450   1105.01161816
     451   1109.93498676
     452   1114.86931898
     453   1119.81454668
     454   1124.77073624
     455   1129.73782302
     456   1134.71586997
     457   1139.70481580
     458   1144.70472017
     459   1149.71552504
     460   1154.73728686
     461   1159.76995074
     462   1164.81357005
     463   1169.86809294
     464   1174.93356976
     465   1180.00995163
     466   1185.09728599
     467   1190.19552683
     468   1195.30471876
     469   1200.42481857
     470   1205.55586809
     471   1210.69782686
     472   1215.85073400
     473   1221.01455170
     474   1226.18931648
     475   1231.37499312
     476   1236.57161557
     477   1241.77915113
     478   1246.99763126
     479   1252.22702576
     480   1257.46736360
     481   1262.71861700
     482   1267.98081256
     483   1273.25392489
     484   1278.53797820
     485   1283.83294943
     486   1289.13886049
     487   1294.45569065
     488   1299.78345949
     489   1305.12214855
     490   1310.47177518
     491   1315.83232316
     492   1321.20380759
     493   1326.58621449
     494   1331.97955674
     495   1337.38382256
     496   1342.79902264
     497   1348.22514738
     498   1353.66220530
     499   1359.11018898
     500   1364.56910475
     501   1370.03894736
     502   1375.51972098
     503   1381.01142255
     504   1386.51405404
     505   1392.02761456
     506   1397.55210392
     507   1403.08752341
     508   1408.63387066
     509   1414.19114912
     510   1419.75935424
     511   1425.33849170
     512   1430.92855472
     513   1436.52955117
     514   1442.14147208
     515   1447.76432756
     516   1453.39810636
     517   1459.04282086
     518   1464.69845756
     519   1470.36503112
     520   1476.04252571
     521   1481.73095833
     522   1487.43031081
     523   1493.14060253
     524   1498.86181291
     525   1504.59396372
     526   1510.33703198
     527   1516.09104193
     528   1521.85596808
     529   1527.63183717
     530   1533.41862119
     531   1539.21634947
     532   1545.02499137
     533   1550.84457883
     534   1556.67507859
     535   1562.51652529
     536   1568.36888291
     537   1574.23218885
     538   1580.10640431
     539   1585.99156954
     540   1591.88764284
     541   1597.79466738
     542   1603.71259848
     543   1609.64148238
     544   1615.58127130
     545   1621.53201456
     546   1627.49366126
     547   1633.46626394
     548   1639.44976842
     549   1645.44423055
     550   1651.44959277
     551   1657.46591439
     552   1663.49313435
     553   1669.53131549
     554   1675.58039315
     555   1681.64043388
     556   1687.71136923
     557   1693.79326956
     558   1699.88606256
     559   1705.98982256
     560   1712.10447320
     561   1718.23009289
     562   1724.36660112
     563   1730.51408059
     564   1736.67244640
     565   1742.84178565
     566   1749.02200899
     567   1755.21320812
     568   1761.41528896
     569   1767.62834800
     570   1773.85228629
     571   1780.08720532
     572   1786.33300105
     573   1792.58978010
     574   1798.85743318
     575   1805.13607235
     576   1811.42558278
     577   1817.72608211
     578   1824.03744980
     579   1830.35980937
     580   1836.69303432
     581   1843.03725418
     582   1849.39233628
     583   1855.75841655
     584   1862.13535579
     585   1868.52329650
     586   1874.92209277
     587   1881.33189405
     588   1887.75254734
     589   1894.18420922
     590   1900.62671941
     591   1907.08024203
     592   1913.54460910
     593   1920.01999251
     594   1926.50621634
     595   1933.00346067
     596   1939.51154123
     597   1946.03064654
     598   1952.56058369
     599   1959.10155014
     600   1965.65334385
     601   1972.21617149
     602   1978.78982161
     603   1985.37451061
     604   1991.97001710
     605   1998.57656752
     606   2005.19393023
     607   2011.82234225
     608   2018.46156112
     609   2025.11183481
     610   2031.77290968
     611   2038.44504524
     612   2045.12797604
     613   2051.82197354
     614   2058.52676010
     615   2065.24261975
     616   2071.96926200
     617   2078.70698389
     618   2085.45548162
     619   2092.21506598
     620   2098.98541912
     621   2105.76686604
     622   2112.55907437
     623   2119.36238409
     624   2126.17644753
     625   2133.00162016
     626   2139.83753847
     627   2146.68457428
     628   2153.54234735
     629   2160.41124645
     630   2167.29087404
     631   2174.18163672
     632   2181.08311871
     633   2187.99574510
     634   2194.91908121
     635   2201.85357161
     636   2208.79876173
     637   2215.75511629
     638   2222.72216009
     639   2229.70037914
     640   2236.68927651
     641   2243.68936021
     642   2250.70011080
     643   2257.72205951
     644   2264.75466316
     645   2271.79847707
     646   2278.85293342
     647   2285.91861291
     648   2292.99492180
     649   2300.08246706
     650   2307.18062808
     651   2314.29003954
     652   2321.41005251
     653   2328.54133038
     654   2335.68319486
     655   2342.83633960
     656   2350.00005539
     657   2357.17506724
     658   2364.36063386
     659   2371.55751331
     660   2378.76493052
     661   2385.98367785
     662   2393.21294514
     663   2400.45356088
     664   2407.70467799
     665   2414.96716243
     666   2422.24012880
     667   2429.52448252
     668   2436.81929786
     669   2444.12552118
     670   2451.44218489
     671   2458.77027845
     672   2466.10879019
     673   2473.45875435
     674   2480.81911346
     675   2488.19094891
     676   2495.57315504
     677   2502.96686215
     678   2510.37091457
     679   2517.78649411
     680   2525.21239244
     681   2532.64984482
     682   2540.09758825
     683   2547.55691431
     684   2555.02650242
     685   2562.50770261
     686   2569.99913452
     687   2577.50220975
     688   2585.01548499
     689   2592.54043576
     690   2600.07555339
     691   2607.62238068
     692   2615.17934016
     693   2622.74804454
     694   2630.32684485
     695   2637.91742737
     696   2645.51806792
     697   2653.13052920
     698   2660.75300887
     699   2668.38735008
     700   2676.03166822
     701   2683.68789003
     702   2691.35404542
     703   2699.03214910
     704   2706.72014102
     705   2714.42012732
     706   2722.12995443
     707   2729.85182472
     708   2737.58348624
     709   2745.32724135
     710   2753.08073583
     711   2760.84637725
     712   2768.62170380
     713   2776.40923246
     714   2784.20638950
     715   2792.01580701
     716   2799.83479357
     717   2807.66610095
     718   2815.50691531
     719   2823.36011433
     720   2831.22275541
     721   2839.09784718
     722   2846.98231310
     723   2854.87929956
     724   2862.78558914
     725   2870.70447151
     726   2878.63258269
     727   2886.57336308
     728   2894.52329456
     729   2902.48597431
     730   2910.45772384
     731   2918.44230528
     732   2926.43587141
     733   2934.44235600
     734   2942.45773629
     735   2950.48612656
     736   2958.52331943
     737   2966.57361700
     738   2974.63261975
     739   2982.70482738
     740   2990.78563828
     741   2998.87975775
     742   3006.98237386
     743   3015.09840819
     744   3023.22282760
     745   3031.36077875
     746   3039.50699824
     747   3047.66686950
     748   3055.83488696
     749   3064.01668051
     750   3072.20649242
     751   3080.41021185
     752   3088.62181589
     753   3096.84746358
     754   3105.08085591
     755   3113.32843579
     756   3121.58361385
     757   3129.85312855
     758   3138.13008813
     759   3146.42154195
     760   3154.72028023
     761   3163.03367606
     762   3171.35418844
     763   3179.68953099
     764   3188.03181436
     765   3196.38910680
     766   3204.75315613
     767   3213.13240362
     768   3221.51821548
     769   3229.91942151
     770   3238.32699039
     771   3246.75016060
     772   3255.17948274
     773   3263.62462098
     774   3272.07569034
     775   3280.54280278
     776   3289.01561520
     777   3297.50470609
     778   3305.99925497
     779   3314.51033106
     780   3323.02661181
     781   3331.55967778
     782   3340.09768317
     783   3348.65274642
     784   3357.21247141
     785   3365.78953707
     786   3374.37097373
     787   3382.97004993
     788   3391.57319269
     789   3400.19428509
     790   3408.81912527
     791   3417.46224275
     792   3426.10877423
     793   3434.77392304
     794   3443.44213629
     795   3452.12932617
     796   3460.81921444
     797   3469.52845227
     798   3478.24000510
     799   3486.97130157
     800   3495.70451155
     801   3504.45787422
     802   3513.21272987
     803   3521.98817047
     804   3530.76466362
     805   3539.56219049
     806   3548.36030854
     807   3557.17993455
     808   3565.99966849
     809   3574.84140283
     810   3583.68273884
     811   3592.54659564
     812   3601.40952378
     813   3610.29551316
     814   3619.18001827
     815   3628.08815574
     816   3636.99422686
     817   3645.92452358
     818   3654.85214406
     819   3663.80461707
     820   3672.75377483
     821   3681.72843642
     822   3690.69911316
     823   3699.69598205
     824   3708.68816446
     825   3717.70725422
     826   3726.72092218
     827   3735.76225338
     828   3744.79739222
     829   3753.86097980
     830   3762.91756740
     831   3772.00343400
     832   3781.08145417
     833   3790.18961626
     834   3799.28904469
     835   3808.41952716
     836   3817.54034600
     837   3826.69316702
     838   3835.83534951
     839   3845.01053645
     840   3854.17406291
     841   3863.37163584
     842   3872.55647681
     843   3881.77646585
     844   3890.98259964
     845   3900.22502690
     846   3909.45242106
     847   3918.71731973
     848   3927.96595033
     849   3937.25334480
     850   3946.52317611
     851   3955.83310293
     852   3965.12410855
     853   3974.45659463
     854   3983.76873519
     855   3993.12382081
     856   4002.45706718
     857   4011.83478204
     858   4021.18909081
     859   4030.58947930
     860   4039.96481835
     861   4049.38791324
     862   4058.78423470
     863   4068.23008496
     864   4077.64735336
     865   4087.11599514
     866   4096.55415770
     867   4106.04564503
     868   4115.50466261
     869   4125.01903538
     870   4134.49884971
     871   4144.03616755
     872   4153.53673547
     873   4163.09704240
     874   4172.61829957
     875   4182.20166143
     876   4191.74356021
     877   4201.35002558
     878   4210.91249493
     879   4220.54213651
     880   4230.12512387
     881   4239.77799527
     882   4249.38142216
     883   4259.05760370
     884   4268.68141212
     885   4278.38096296
     886   4288.02506617
     887   4297.74807508
     888   4307.41240913
     889   4317.15894135
     890   4326.84341033
     891   4336.61356401
     892   4346.31809741
     893   4356.11194449
     894   4365.83643626
     895   4375.65408528
     896   4385.39845768
     897   4395.23998794
     898   4405.00412367
     899   4414.86965522
     900   4424.65346864
     901   4434.54308886
     902   4444.34645019
     903   4454.26029189
     904   4464.08310685
     905   4474.02126621
     906   4483.86339119
     907   4493.82601519
     908   4503.68734646
     909   4513.67454091
     910   4523.55491954
     911   4533.56684707
     912   4543.46615906
     913   4553.50293596
     914   4563.42100542
     915   4573.48281167
     916   4583.41951347
     917   4593.50647668
     918   4603.46161615
     919   4613.57393549
     920   4623.54737550
     921   4633.68519079
     922   4643.67671591
     923   4653.84024756
     924   4663.84970777
     925   4674.03910867
     926   4684.06626560
     927   4694.28177961
     928   4704.32646951
     929   4714.56826344
     930   4724.63022260
     931   4734.89856620
     932   4744.97761638
     933   4755.27269115
     934   4765.36854065
     935   4775.69064490
     936   4785.80310031
     937   4796.15243088
     938   4806.28116962
     939   4816.65805637
     940   4826.80286935
     941   4837.20752494
     942   4847.36805540
     943   4857.80084459
     944   4867.97686748
     945   4878.43801899
     946   4888.62913972
     947   4899.11905696
     948   4909.32503447
     949   4919.84396226
     950   4930.06435987
     951   4940.61274467
     952   4950.84730556
     953   4961.42540800
     954   4971.67364827
     955   4982.28196319
     956   4992.54361085
     957   5003.18241412
     958   5013.45693172
     959   5024.12677320
     960   5034.41387439
     961   5045.11504446
     962   5055.41412999
     963   5066.14724228
     964   5076.45801231
     965   5087.22337100
     966   5097.54515332
     967   5108.34344777
     968   5118.67592966
     969   5129.50747761
     970   5139.84989820
     971   5150.71548168
     972   5161.06751511
     973   5171.96746638
     974   5182.32824033
     975   5193.26345883
     976   5203.63263222
     977   5214.60346796
     978   5224.98002329
     979   5235.98752989
     980   5246.37110562
     981   5257.41565802
     982   5267.80504078
     983   5278.88790223
     984   5289.28269961
     985   5300.40428340
     986   5310.80300910
     987   5321.96487267
     988   5332.36708561
     989   5343.56970313
     990   5353.97352540
     991   5365.21887907
     992   5375.62379317
     993   5386.91245330
     994   5397.31600384
     995   5408.65058281
     996   5419.05213645
     997   5430.43335211
     998   5440.82957681
     999   5452.26100487
    1000   5462.65110200
    1001   5474.13367776
    1002   5484.51293546
    1003   5496.05176482
    1004   5506.41917247
    1005   5518.01549319
    1006   5528.36405230
    1007   5540.02554092
    1008   5550.35403644
    1009   5562.08230806
    1010   5572.37963755
    1011   5584.18708361
    1012   5594.45209707
    1013   5606.34065438
    1014   5616.55385518
    1015   5628.54592002
    1016   5638.70779446
    1017   5650.80477224
    1018   5660.87416362
    1019   5673.12613614
    1020   5683.11646134
    1021   5695.51639289
    1022   5705.29353699
    1023   5718.03451332
    1024   5727.97237279
 ---------------------------------------
 
SCF converged! Final Ground-State Energy (Eh):             -66.9654632925334852
