 
     Two-Electron DVR    
 ------------------------
 x0     =      15.00000000
 m      =       1.00000000
 Z      =       6.00000000
 n      =               64
 dx     =       0.47619048
 
Soft-Coulomb Parameters:
 alpha  =       0.01000000
 beta   =       0.10000000
 
 
                       Hartree-Fock                      
 --------------------------------------------------------
 no. of orbitals        =               64
 no. of electrons       =                2
 scf_damping_switch     =        F
 scf_diis_switch        =        F
 damping_factor         =   0.00000000
 e_tolerance            = 0.0000000000100000
 maximum scf-iterations =              200
 
 
                       SCF iterations                      
 ----------------------------------------------------------
    S.No    Energy (hartree)        dE (hartree)
 ----------------------------------------------------------
       0    -41.908714524002
       1    -39.513424518767      2.395290005234
       2    -39.516727469192      0.003302950425
       3    -39.516742520583      0.000015051391
       4    -39.516742590370      0.000000069786
       5    -39.516742590695      0.000000000326
       6    -39.516742590697      0.000000000002
 ----------------------------------------------------------
  
 
 
 ---------------------------------------
     Molecular Orbital Energies (Eh)    
 ---------------------------------------
       1    -18.56413103
       2    -10.00492580
       3     -2.46081965
       4     -2.05242047
       5     -1.01084369
       6     -0.89980918
       7     -0.54930830
       8     -0.50398290
       9     -0.34240761
      10     -0.31742325
      11     -0.19332891
      12     -0.16517358
      13     -0.00139038
      14      0.03620365
      15      0.24564524
      16      0.29200036
      17      0.54361701
      18      0.59807520
      19      0.89002283
      20      0.95238411
      21      1.28336181
      22      1.35321899
      23      1.72268698
      24      1.80008431
      25      2.20732469
      26      2.29184834
      27      2.73683477
      28      2.82868457
      29      3.31085774
      30      3.40952755
      31      3.92919079
      32      4.03503943
      33      4.59162777
      34      4.70399707
      35      5.29811714
      36      5.41756807
      37      6.04854541
      38      6.17419572
      39      6.84299705
      40      6.97569066
      41      7.68143254
      42      7.81994985
      43      8.56410847
      44      8.70971730
      45      9.49107000
      46      9.64201458
      47     10.46285824
      48     10.62109637
      49     11.47965610
      50     11.64251597
      51     12.54258495
      52     12.71328746
      53     13.65212873
      54     13.82626413
      55     14.81089689
      56     14.99444299
      57     16.02028567
      58     16.20489427
      59     17.28841196
      60     17.48827912
      61     18.62151135
      62     18.81546011
      63     20.08001128
      64     20.34863451
 ---------------------------------------
 
SCF converged! Final Ground-State Energy (Eh):             -39.5167425906968219
