 
     Two-Electron DVR    
 ------------------------
 x0     =      15.00000000
 m      =       1.00000000
 Z      =       5.00000000
 n      =              512
 dx     =       0.05870841
 
Soft-Coulomb Parameters:
 alpha  =       0.01000000
 beta   =       1.00000000
 
 
                       Hartree-Fock                      
 --------------------------------------------------------
 no. of orbitals        =              512
 no. of electrons       =                2
 scf_damping_switch     =        F
 scf_diis_switch        =        F
 damping_factor         =   0.00000000
 e_tolerance            = 0.0000000000100000
 maximum scf-iterations =              200
 
 
                       SCF iterations                      
 ----------------------------------------------------------
    S.No    Energy (hartree)        dE (hartree)
 ----------------------------------------------------------
       0    -58.807619474481
       1    -57.827632009472      0.979987465009
       2    -57.827648810480      0.000016801009
       3    -57.827648827126      0.000000016646
       4    -57.827648827143      0.000000000017
       5    -57.827648827143      0.000000000000
 ----------------------------------------------------------
  
 
 
 ---------------------------------------
     Molecular Orbital Energies (Eh)    
 ---------------------------------------
       1    -28.42384752
       2     -7.11971419
       3     -3.09961355
       4     -1.48726110
       5     -0.91789282
       6     -0.59194818
       7     -0.43172953
       8     -0.31669166
       9     -0.24621648
      10     -0.17358594
      11     -0.10211631
      12     -0.00492125
      13      0.09359545
      14      0.22102615
      15      0.34492389
      16      0.50023636
      17      0.64801959
      18      0.82986696
      19      1.00070493
      20      1.20825688
      21      1.40164013
      22      1.63432944
      23      1.84992285
      24      2.10733276
      25      2.34490658
      26      2.62671317
      27      2.88610737
      28      3.19204673
      29      3.47315101
      30      3.80299903
      31      4.10574069
      32      4.45930023
      33      4.78363604
      34      5.16072867
      35      5.50663891
      36      5.90709969
      37      6.27458351
      38      6.69825770
      39      7.08732924
      40      7.53407037
      41      7.94475548
      42      8.41442423
      43      8.84675770
      44      9.33922139
      45      9.79324452
      46     10.30837682
      47     10.78413539
      48     11.32181634
      49     11.81935888
      50     12.37947485
      51     12.89885121
      52     13.48129504
      53     14.02255520
      54     14.62722616
      55     15.19041935
      56     15.81722320
      57     16.40239706
      58     17.05124599
      59     17.65844608
      60     18.32925864
      61     18.95852795
      62     19.65122891
      63     20.30260763
      64     21.01712783
      65     21.69065305
      66     22.42692918
      67     23.12263489
      68     23.88060930
      69     24.59852624
      70     25.37814662
      71     26.11830240
      72     26.91952159
      73     27.68194064
      74     28.50471632
      75     29.28942006
      76     30.13371450
      77     30.94072139
      78     31.80650111
      79     32.63582685
      80     33.52306243
      81     34.37472006
      82     35.28338575
      83     36.15738585
      84     37.08745946
      85     37.98381024
      86     38.93527270
      87     39.85398028
      88     40.82681555
      89     41.76788397
      90     42.76207870
      91     43.72551023
      92     44.74105361
      93     45.72684877
      94     46.76373223
      95     47.77189007
      96     48.83010719
      97     49.86062530
      98     50.94017147
      99     51.99304625
     100     53.09391866
     101     54.16914531
     102     55.29134265
     103     56.38891543
     104     57.53243783
     105     58.65235004
     106     59.81719881
     107     60.95944303
     108     62.14562069
     109     63.31018874
     110     64.51769871
     111     65.70458188
     112     66.93342857
     113     68.14261755
     114     69.39280602
     115     70.62429118
     116     71.89582728
     117     73.14959851
     118     74.44248858
     119     75.71853558
     120     77.03278655
     121     78.33109869
     122     79.66671783
     123     80.98728439
     124     82.34427944
     125     83.68708948
     126     85.06546835
     127     86.43051095
     128     87.83028194
     129     89.21754601
     130     90.63871745
     131     92.04819205
     132     93.49077256
     133     94.92244662
     134     96.38644479
     135     97.84030744
     136     99.32573207
     137    100.80177240
     138    102.30863214
     139    103.80683949
     140    105.33514316
     141    106.85550685
     142    108.40526309
     143    109.94777275
     144    111.51899028
     145    113.08363555
     146    114.67632286
     147    116.26309373
     148    117.87725939
     149    119.48614586
     150    121.12179813
     151    122.75279061
     152    124.40993781
     153    126.06302671
     154    127.74167683
     155    129.41685301
     156    131.11701408
     157    132.81426840
     158    134.53594806
     159    136.25527185
     160    137.99847780
     161    139.73986239
     162    141.50460191
     163    143.26803913
     164    145.05431955
     165    146.83980120
     166    148.64762941
     167    150.45514783
     168    152.28453077
     169    154.11407826
     170    155.96502239
     171    157.81659179
     172    159.68910368
     173    161.56268777
     174    163.45677345
     175    165.35236558
     176    167.26803120
     177    169.18562465
     178    171.12287581
     179    173.06246444
     180    175.02130688
     181    176.98288444
     182    178.96332331
     183    180.94688418
     184    182.94892482
     185    184.95446321
     186    186.97811034
     187    189.00562112
     188    191.05087966
     189    193.10035752
     190    195.16723175
     191    197.23867206
     192    199.32716649
     193    201.42056438
     194    203.53068285
     195    205.64603417
     196    207.77778081
     197    209.91508114
     198    212.06845935
     199    214.22770502
     200    216.40271852
     201    218.58390554
     202    220.78055730
     203    222.98368248
     204    225.20197584
     205    227.42703560
     206    229.66697310
     207    231.91396472
     208    234.17554930
     209    236.44446963
     210    238.72770341
     211    241.01855018
     212    243.32343573
     213    245.63620618
     214    247.96274520
     215    250.29743753
     216    252.64563220
     217    255.00224406
     218    257.37209563
     219    259.75062567
     220    262.14213598
     221    264.54258225
     222    266.95575212
     223    269.37811371
     224    271.81294459
     225    274.25721996
     226    276.71371223
     227    279.17990094
     228    281.65805569
     229    284.14615657
     230    286.64597374
     231    289.15598682
     232    291.67746713
     233    294.20939163
     234    296.75253455
     235    299.30637099
     236    301.87117687
     237    304.44692486
     238    307.03339271
     239    309.63105324
     240    312.23918302
     241    314.85875611
     242    317.48854635
     243    320.13003351
     244    322.78148378
     245    325.44488541
     246    328.11799374
     247    330.80331187
     248    333.49807744
     249    336.20531291
     250    338.92173322
     251    341.65088857
     252    344.38896238
     253    347.14003890
     254    349.89976317
     255    352.67276397
     256    355.45413702
     257    358.24906383
     258    361.05208204
     259    363.86893857
     260    366.69359982
     261    369.53238827
     262    372.37868832
     263    375.23941302
     264    378.10734928
     265    380.99001292
     266    383.87958050
     267    386.78418811
     268    389.69538390
     269    392.62193866
     270    395.55475709
     271    398.50326475
     272    401.45770218
     273    404.42816648
     274    407.40421658
     275    410.39664403
     276    413.39430260
     277    416.40869753
     278    419.42795744
     279    422.46432718
     280    425.50518360
     281    428.56353312
     282    431.62597807
     283    434.70631559
     284    437.79034357
     285    440.89267473
     286    443.99827682
     287    447.12261082
     288    450.24978082
     289    453.39612401
     290    456.54485197
     291    459.71321460
     292    462.88349357
     293    466.07388277
     294    469.26570169
     295    472.47812886
     296    475.69147992
     297    478.92595306
     298    482.16082400
     299    485.41735574
     300    488.67373785
     301    491.95233711
     302    495.23021681
     303    498.53089758
     304    501.83026516
     305    505.15303739
     306    508.47387782
     307    511.81875696
     308    515.16105948
     309    518.52805659
     310    521.89180458
     311    525.28093674
     312    528.66611823
     313    532.07739772
     314    535.48399435
     315    538.91744003
     316    542.34543855
     317    545.80106402
     318    549.25044417
     319    552.72827024
     320    556.19901735
     321    559.69905908
     322    563.19115077
     323    566.71343114
     324    570.22685117
     325    573.77138683
     326    577.30611053
     327    580.87292682
     328    584.42893624
     329    588.01805157
     330    591.59531946
     331    595.20676182
     332    598.80526834
     333    602.43905804
     334    606.05877314
     335    609.71494106
     336    613.35584282
     337    617.03441141
     338    620.69646666
     339    624.39746999
     340    628.08065451
     341    631.80411738
     342    635.50839455
     343    639.25435457
     344    642.97969764
     345    646.74818219
     346    650.49455074
     347    654.28560134
     348    658.05296582
     349    661.86661273
     350    665.65492847
     351    669.49121753
     352    673.30045191
     353    677.15941654
     354    680.98952019
     355    684.87121106
     356    688.72214795
     357    692.62660196
     358    696.49831748
     359    700.42559068
     360    704.31804504
     361    708.26817817
     362    712.18131096
     363    716.15436603
     364    720.08813327
     365    724.08415531
     366    728.03849011
     367    732.05754778
     368    736.03240154
     369    740.07454458
     370    744.06984320
     371    748.13514768
     372    752.15083743
     373    756.23935836
     374    760.27535708
     375    764.38717881
     376    768.44342705
     377    772.57861041
     378    776.65501702
     379    780.81365562
     380    784.91015483
     381    789.09231596
     382    793.20880653
     383    797.41459418
     384    801.55100330
     385    805.78049196
     386    809.93670708
     387    814.19001237
     388    818.36595287
     389    822.64315728
     390    826.83869788
     391    831.13993011
     392    835.35498152
     393    839.68033296
     394    843.91475556
     395    848.26436966
     396    852.51806448
     397    856.89204254
     398    861.16485380
     399    865.56335590
     400    869.85517386
     401    874.27831236
     402    878.58896297
     403    883.03691676
     404    887.36627823
     405    891.83917202
     406    896.18704962
     407    900.68508362
     408    905.05134212
     409    909.57465483
     410    913.95907598
     411    918.50789185
     412    922.91032540
     413    927.48479836
     414    931.90499930
     415    936.50538142
     416    940.94318268
     417    945.56964518
     418    950.02477114
     419    954.67759768
     420    959.14986247
     421    963.82924361
     422    968.31833652
     423    973.02459220
     424    977.53030625
     425    982.26364876
     426    986.78563287
     427    991.54642390
     428    996.08444743
     429   1000.87292369
     430   1005.42658890
     431   1010.24316039
     432   1014.81221006
     433   1019.65714092
     434   1024.24112315
     435   1029.11487956
     436   1033.71350727
     437   1038.61638426
     438   1043.22914234
     439   1048.16167173
     440   1052.78823950
     441   1057.75075114
     442   1062.39053932
     443   1067.38364219
     444   1072.03629235
     445   1077.06035554
     446   1081.72519074
     447   1086.78091458
     448   1091.45753395
     449   1096.54533181
     450   1101.23295408
     451   1106.35363525
     452   1111.05181187
     453   1116.20583965
     454   1120.91366415
     455   1126.10197895
     456   1130.81894940
     457   1136.04207075
     458   1140.76712887
     459   1146.02615663
     460   1150.75874099
     461   1156.05425781
     462   1160.79312407
     463   1166.12642591
     464   1170.87094692
     465   1176.24268693
     466   1180.99138731
     467   1186.40310593
     468   1191.15528713
     469   1196.60771525
     470   1201.36161069
     471   1206.85659839
     472   1211.61143433
     473   1217.14979631
     474   1221.90343279
     475   1227.48741842
     476   1232.23900761
     477   1237.86951771
     478   1242.61643115
     479   1248.29624095
     480   1253.03756920
     481   1258.76765828
     482   1263.50011868
     483   1269.28397226
     484   1274.00663181
     485   1279.84527793
     486   1284.55395308
     487   1290.45186433
     488   1295.14569513
     489   1301.10386365
     490   1305.77738193
     491   1311.80170602
     492   1316.45435877
     493   1322.54558072
     494   1327.16997819
     495   1333.33616592
     496   1337.93263560
     497   1344.17374450
     498   1348.73179840
     499   1355.05948689
     500   1359.58182666
     501   1365.99385674
     502   1370.46428195
     503   1376.97923384
     504   1381.40728718
     505   1388.01659114
     506   1392.37240427
     507   1399.11272932
     508   1403.43143761
     509   1410.27130391
     510   1414.46591496
     511   1421.53956691
     512   1425.96052728
 ---------------------------------------
 
SCF converged! Final Ground-State Energy (Eh):             -57.8276488271430082
