 
     Two-Electron DVR    
 ------------------------
 x0     =      15.00000000
 m      =       1.00000000
 Z      =       6.00000000
 n      =              128
 dx     =       0.23622047
 
Soft-Coulomb Parameters:
 alpha  =       0.01000000
 beta   =       1.00000000
 
 
                       Hartree-Fock                      
 --------------------------------------------------------
 no. of orbitals        =              128
 no. of electrons       =                2
 scf_damping_switch     =        F
 scf_diis_switch        =        F
 damping_factor         =   0.00000000
 e_tolerance            = 0.0000000000100000
 maximum scf-iterations =              200
 
 
                       SCF iterations                      
 ----------------------------------------------------------
    S.No    Energy (hartree)        dE (hartree)
 ----------------------------------------------------------
       0    -63.240141035434
       1    -62.264362159109      0.975778876325
       2    -62.264379578228      0.000017419119
       3    -62.264379594104      0.000000015876
       4    -62.264379594119      0.000000000015
       5    -62.264379594119      0.000000000000
 ----------------------------------------------------------
  
 
 
 ---------------------------------------
     Molecular Orbital Energies (Eh)    
 ---------------------------------------
       1    -30.64431782
       2    -11.62610151
       3     -4.24663830
       4     -2.62709620
       5     -1.41305081
       6     -1.05251310
       7     -0.69505571
       8     -0.56397766
       9     -0.41295412
      10     -0.34912809
      11     -0.25476206
      12     -0.19603659
      13     -0.07864146
      14      0.00102051
      15      0.15496763
      16      0.25490670
      17      0.44256334
      18      0.56122742
      19      0.78086310
      20      0.91732875
      21      1.16794605
      22      1.32154927
      23      1.60257649
      24      1.77284461
      25      2.08389604
      26      2.27039236
      27      2.61127893
      28      2.81367455
      29      3.18424851
      30      3.40217678
      31      3.80243479
      32      4.03562389
      33      4.46554004
      34      4.71363813
      35      5.17332536
      36      5.43608428
      37      5.92559072
      38      6.20264823
      39      6.72217321
      40      7.01329046
      41      7.56293160
      42      7.86772285
      43      8.44775103
      44      8.76598128
      45      9.37652831
      46      9.70778078
      47     10.34918115
      48     10.69322393
      49     11.36563246
      50     11.72201266
      51     12.42582355
      52     12.79431412
      53     13.52969612
      54     13.90980375
      55     14.67720970
      56     15.06871566
      57     15.86832021
      58     16.27068621
      59     17.10300217
      60     17.51602254
      61     18.38122278
      62     18.80430886
      63     19.70296972
      64     20.13593498
      65     21.06821955
      66     21.51041838
      67     22.47697235
      68     22.92824516
      69     23.92921281
      70     24.38884879
      71     25.42495348
      72     25.89283016
      73     26.96418654
      74     27.43951751
      75     28.54693792
      76     29.02965132
      77     30.17320705
      78     30.66242765
      79     31.84303516
      80     32.33875987
      81     33.55642915
      82     34.05767683
      83     35.31344872
      84     35.82030989
      85     37.11410896
      86     37.62547399
      87     38.95849304
      88     39.47458083
      89     40.84662563
      90     41.36616734
      91     42.77862105
      92     43.30201375
      93     44.75451589
      94     45.28028859
      95     46.77446779
      96     47.30326916
      97     48.83852903
      98     49.36862349
      99     50.94692035
     100     51.47932055
     101     53.09971584
     102     53.63232657
     103     55.29723329
     104     55.83161136
     105     57.53957928
     106     58.07311570
     107     59.82723127
     108     60.36233362
     109     62.16034878
     110     62.69362272
     111     64.53969772
     112     65.07496671
     113     66.96553732
     114     67.49808598
     115     69.43923179
     116     69.97546969
     117     71.96127631
     118     72.49392962
     119     74.53457829
     120     75.07556966
     121     77.16042803
     122     77.69629347
     123     79.84757347
     124     80.40624364
     125     82.60209084
     126     83.14723505
     127     85.49025165
     128     86.18264309
 ---------------------------------------
 
SCF converged! Final Ground-State Energy (Eh):             -62.2643795941191200
