 
     Two-Electron DVR    
 ------------------------
 x0     =      15.00000000
 m      =       1.00000000
 Z      =       6.00000000
 n      =              512
 dx     =       0.05870841
 
Soft-Coulomb Parameters:
 alpha  =       1.00000000
 beta   =       1.00000000
 
 
                       Hartree-Fock                      
 --------------------------------------------------------
 no. of orbitals        =              512
 no. of electrons       =                2
 scf_damping_switch     =        F
 scf_diis_switch        =        F
 damping_factor         =   0.00000000
 e_tolerance            = 0.0000000000100000
 maximum scf-iterations =              200
 
 
                       SCF iterations                      
 ----------------------------------------------------------
    S.No    Energy (hartree)        dE (hartree)
 ----------------------------------------------------------
       0     -9.988194935464
       1     -9.145007564750      0.843187370714
       2     -9.148775239993      0.003767675243
       3     -9.148890380021      0.000115140028
       4     -9.148893896121      0.000003516100
       5     -9.148894003670      0.000000107549
       6     -9.148894006963      0.000000003293
       7     -9.148894007064      0.000000000101
       8     -9.148894007067      0.000000000003
 ----------------------------------------------------------
  
 
 
 ---------------------------------------
     Molecular Orbital Energies (Eh)    
 ---------------------------------------
       1     -4.15683617
       2     -2.08034408
       3     -1.33759074
       4     -0.94061763
       5     -0.69239819
       6     -0.53025213
       7     -0.41755548
       8     -0.33410282
       9     -0.26021327
      10     -0.18046643
      11     -0.08705484
      12      0.02046990
      13      0.14194779
      14      0.27633923
      15      0.42358125
      16      0.58300208
      17      0.75463024
      18      0.93804331
      19      1.13325895
      20      1.34002665
      21      1.55832745
      22      1.78802923
      23      2.02908037
      24      2.28142614
      25      2.54499493
      26      2.81977869
      27      3.10569831
      28      3.40277077
      29      3.71091869
      30      4.03016991
      31      4.36045440
      32      4.70180234
      33      5.05415362
      34      5.41753625
      35      5.79190059
      36      6.17727045
      37      6.57360600
      38      6.98092632
      39      7.39920015
      40      7.82844214
      41      8.26862812
      42      8.71976896
      43      9.18184618
      44      9.65486757
      45     10.13881915
      46     10.63370633
      47     11.13951853
      48     11.65625942
      49     12.18392099
      50     12.72250564
      51     13.27200730
      52     13.83242744
      53     14.40376146
      54     14.98601021
      55     15.57917012
      56     16.18324164
      57     16.79822200
      58     17.42411138
      59     18.06090757
      60     18.70861060
      61     19.36721869
      62     20.03673177
      63     20.71714839
      64     21.40846844
      65     22.11069068
      66     22.82381502
      67     23.54784038
      68     24.28276668
      69     25.02859297
      70     25.78531921
      71     26.55294454
      72     27.33146895
      73     28.12089165
      74     28.92121268
      75     29.73243129
      76     30.55454757
      77     31.38756080
      78     32.23147112
      79     33.08627784
      80     33.95198114
      81     34.82858034
      82     35.71607566
      83     36.61446644
      84     37.52375295
      85     38.44393452
      86     39.37501146
      87     40.31698311
      88     41.26984981
      89     42.23361090
      90     43.20826676
      91     44.19381672
      92     45.19026121
      93     46.19759953
      94     47.21583216
      95     48.24495838
      96     49.28497872
      97     50.33589243
      98     51.39770007
      99     52.47040090
     100     53.55399550
     101     54.64848311
     102     55.75386435
     103     56.87013844
     104     57.99730603
     105     59.13536632
     106     60.28431999
     107     61.44416623
     108     62.61490576
     109     63.79653772
     110     64.98906289
     111     66.19248037
     112     67.40679098
     113     68.63199379
     114     69.86808966
     115     71.11507764
     116     72.37295861
     117     73.64173160
     118     74.92139753
     119     76.21195539
     120     77.51340614
     121     78.82574874
     122     80.14898420
     123     81.48311142
     124     82.82813147
     125     84.18404322
     126     85.55084776
     127     86.92854394
     128     88.31713288
     129     89.71661340
     130     91.12698666
     131     92.54825144
     132     93.98040895
     133     95.42345791
     134     96.87739960
     135     98.34223268
     136     99.81795849
     137    101.30457564
     138    102.80208550
     139    104.31048667
     140    105.82978054
     141    107.35996567
     142    108.90104352
     143    110.45301257
     144    112.01587434
     145    113.58962727
     146    115.17427293
     147    116.76980972
     148    118.37623924
     149    119.99355984
     150    121.62177320
     151    123.26087759
     152    124.91087475
     153    126.57176292
     154    128.24354387
     155    129.92621578
     156    131.61978050
     157    133.32423615
     158    135.03958462
     159    136.76582398
     160    138.50295619
     161    140.25097926
     162    142.00989520
     163    143.77970197
     164    145.56040163
     165    147.35199208
     166    149.15447546
     167    150.96784960
     168    152.79211669
     169    154.62727450
     170    156.47332530
     171    158.33026680
     172    160.19810131
     173    162.07682648
     174    163.96644471
     175    165.86695356
     176    167.77835550
     177    169.70064804
     178    171.63383370
     179    173.57790993
     180    175.53287932
     181    177.49873924
     182    179.47549237
     183    181.46313599
     184    183.46167286
     185    185.47110019
     186    187.49142082
     187    189.52263187
     188    191.56473627
     189    193.61773105
     190    195.68161923
     191    197.75639776
     192    199.84206973
     193    201.93863202
     194    204.04608779
     195    206.16443385
     196    208.29367345
     197    210.43380330
     198    212.58482675
     199    214.74674040
     200    216.91954770
     201    219.10324518
     202    221.29783635
     203    223.50331767
     204    225.71969274
     205    227.94695792
     206    230.18511691
     207    232.43416596
     208    234.69410889
     209    236.96494185
     210    239.24666873
     211    241.53928561
     212    243.84279648
     213    246.15719729
     214    248.48249217
     215    250.81867695
     216    253.16575586
     217    255.52372462
     218    257.89258759
     219    260.27234036
     220    262.66298741
     221    265.06452422
     222    267.47695537
     223    269.90027624
     224    272.33449153
     225    274.77959649
     226    277.23559593
     227    279.70248500
     228    282.18026864
     229    284.66894185
     230    287.16850970
     231    289.67896707
     232    292.20031917
     233    294.73256074
     234    297.27569711
     235    299.82972290
     236    302.39464358
     237    304.97045362
     238    307.55715864
     239    310.15475296
     240    312.76324234
     241    315.38262097
     242    318.01289475
     243    320.65405773
     244    323.30611594
     245    325.96906328
     246    328.64290596
     247    331.32763770
     248    334.02326487
     249    336.72978105
     250    339.44719275
     251    342.17549339
     252    344.91468965
     253    347.66477479
     254    350.42575565
     255    353.19762532
     256    355.98039081
     257    358.77404504
     258    361.57859521
     259    364.39403402
     260    367.22036889
     261    370.05759234
     262    372.90571195
     263    375.76472006
     264    378.63462445
     265    381.51541725
     266    384.40710645
     267    387.30968398
     268    390.22315803
     269    393.14752033
     270    396.08277927
     271    399.02892637
     272    401.98597023
     273    404.95390216
     274    407.93273099
     275    410.92244779
     276    413.92306162
     277    416.93456333
     278    419.95696220
     279    422.99024884
     280    426.03443279
     281    429.08950442
     282    432.15547349
     283    435.23233012
     284    438.32008435
     285    441.41872604
     286    444.52826547
     287    447.64869224
     288    450.78001690
     289    453.92222879
     290    457.07533874
     291    460.23933579
     292    463.41423106
     293    466.60001330
     294    469.79669393
     295    473.00426141
     296    476.22272744
     297    479.45208018
     298    482.69233165
     299    485.94346970
     300    489.20550666
     301    492.47843005
     302    495.76225254
     303    499.05696131
     304    502.36256936
     305    505.67906354
     306    509.00645720
     307    512.34473684
     308    515.69391615
     309    519.05398128
     310    522.42494628
     311    525.80679693
     312    529.19954767
     313    532.60318388
     314    536.01772040
     315    539.44314220
     316    542.87946454
     317    546.32667198
     318    549.78478017
     319    553.25377328
     320    556.73366738
     321    560.22444618
     322    563.72612623
     323    567.23869077
     324    570.76215681
     325    574.29650712
     326    577.84175918
     327    581.39789530
     328    584.96493343
     329    588.54285538
     330    592.13167963
     331    595.73138745
     332    599.34199785
     333    602.96349158
     334    606.59588817
     335    610.23916783
     336    613.89335065
     337    617.55841627
     338    621.23438538
     339    624.92123699
     340    628.61899241
     341    632.32763004
     342    636.04717182
     343    639.77759550
     344    643.51892367
     345    647.27113343
     346    651.03424803
     347    654.80824389
     348    658.59314496
     349    662.38892695
     350    666.19561453
     351    670.01318267
     352    673.84165679
     353    677.68101110
     354    681.53127180
     355    685.39241230
     356    689.26445961
     357    693.14738633
     358    697.04122029
     359    700.94593323
     360    704.86155388
     361    708.78805306
     362    712.72546042
     363    716.67374586
     364    720.63293996
     365    724.60301166
     366    728.58399255
     367    732.57585052
     368    736.57861821
     369    740.59226246
     370    744.61681698
     371    748.65224752
     372    752.69858889
     373    756.75580571
     374    760.82393397
     375    764.90293706
     376    768.99285222
     377    773.09364159
     378    777.20534368
     379    781.32791931
     380    785.46140834
     381    789.60577022
     382    793.76104620
     383    797.92719432
     384    802.10425727
     385    806.29219159
     386    810.49104153
     387    814.70076204
     388    818.92139897
     389    823.15290562
     390    827.39532956
     391    831.64862232
     392    835.91283325
     393    840.18791208
     394    844.47391002
     395    848.77077487
     396    853.07855980
     397    857.39721061
     398    861.72678254
     399    866.06721924
     400    870.41857814
     401    874.78080067
     402    879.15394654
     403    883.53795480
     404    887.93288762
     405    892.33868153
     406    896.75540127
     407    901.18298073
     408    905.62148736
     409    910.07085226
     410    914.53114575
     411    919.00229596
     412    923.48437627
     413    927.97731166
     414    932.48117873
     415    936.99589915
     416    941.52155294
     417    946.05805821
     418    950.60549866
     419    955.16378862
     420    959.73301565
     421    964.31309009
     422    968.90410363
     423    973.50596233
     424    978.11876231
     425    982.74240502
     426    987.37699133
     427    992.02241781
     428    996.67879036
     429   1001.34600029
     430   1006.02415896
     431   1010.71315205
     432   1015.41309672
     433   1020.12387260
     434   1024.84560312
     435   1029.57816144
     436   1034.32167768
     437   1039.07601799
     438   1043.84131977
     439   1048.61744164
     440   1053.40452881
     441   1058.20243170
     442   1063.01130401
     443   1067.83098745
     444   1072.66164475
     445   1077.50310805
     446   1082.35555001
     447   1087.21879263
     448   1092.09301909
     449   1096.97804020
     450   1101.87405067
     451   1106.78084972
     452   1111.69864404
     453   1116.62721997
     454   1121.56679743
     455   1126.51714977
     456   1131.47851014
     457   1136.45063763
     458   1141.43377971
     459   1146.42768219
     460   1151.43260564
     461   1156.44828165
     462   1161.47498425
     463   1166.51243457
     464   1171.56091555
     465   1176.62013878
     466   1181.69039376
     467   1186.77139296
     468   1191.86341992
     469   1196.96619464
     470   1202.07998438
     471   1207.20454318
     472   1212.34009013
     473   1217.48643614
     474   1222.64372013
     475   1227.81187499
     476   1232.99088094
     477   1238.18085847
     478   1243.38154061
     479   1248.59339369
     480   1253.81571198
     481   1259.04948381
     482   1264.29333193
     483   1269.54915028
     484   1274.81442392
     485   1280.09240947
     486   1285.37885723
     487   1290.67931825
     488   1295.98667317
     489   1301.30992840
     490   1306.63758942
     491   1311.98438263
     492   1317.33168084
     493   1322.70282057
     494   1328.06831399
     495   1333.46558940
     496   1338.84765035
     497   1344.27303199
     498   1349.66820136
     499   1355.12598971
     500   1360.53043509
     501   1366.02527983
     502   1371.43049957
     503   1376.97315024
     504   1382.37009808
     505   1387.97188465
     506   1393.33668031
     507   1399.02983432
     508   1404.33884095
     509   1410.15689996
     510   1415.30917731
     511   1421.42195368
     512   1426.45958150
 ---------------------------------------
 
SCF converged! Final Ground-State Energy (Eh):              -9.1488940070673479
