 
     Two-Electron DVR    
 ------------------------
 x0     =      15.00000000
 m      =       1.00000000
 Z      =       3.00000000
 n      =             2048
 dx     =       0.01465559
 
Soft-Coulomb Parameters:
 alpha  =       0.01000000
 beta   =       0.10000000
 
 
                       Hartree-Fock                      
 --------------------------------------------------------
 no. of orbitals        =             2048
 no. of electrons       =                2
 scf_damping_switch     =        F
 scf_diis_switch        =        F
 damping_factor         =   0.00000000
 e_tolerance            = 0.0000000000100000
 maximum scf-iterations =              200
 
 
                       SCF iterations                      
 ----------------------------------------------------------
    S.No    Energy (hartree)        dE (hartree)
 ----------------------------------------------------------
       0    -31.412748628168
       1    -28.785880980936      2.626867647232
       2    -28.793406131542      0.007525150606
       3    -28.793457788013      0.000051656472
       4    -28.793458151515      0.000000363502
       5    -28.793458154104      0.000000002588
       6    -28.793458154123      0.000000000020
       7    -28.793458154123      0.000000000000
 ----------------------------------------------------------
  
 
 
 ---------------------------------------
     Molecular Orbital Energies (Eh)    
 ---------------------------------------
       1    -13.09102175
       2     -0.78454168
       3     -0.31845579
       4     -0.15106407
       5     -0.09598941
       6     -0.04440376
       7      0.00087646
       8      0.07510033
       9      0.14295560
      10      0.24675405
      11      0.33546543
      12      0.46742084
      13      0.57589786
      14      0.73529284
      15      0.86307640
      16      1.04936858
      17      1.19636065
      18      1.40904122
      19      1.57535035
      20      1.81391959
      21      1.99976727
      22      2.26373789
      23      2.46940193
      24      2.75830655
      25      2.98408715
      26      3.29748427
      27      3.54368385
      28      3.88116153
      29      4.14807293
      30      4.50925058
      31      4.79715036
      32      5.18167920
      33      5.49082411
      34      5.89838670
      35      6.22901208
      36      6.65932125
      37      7.01164063
      38      7.46443806
      39      7.83864352
      40      8.31369811
      41      8.70996108
      42      9.20706718
      43      9.62553950
      44     10.14451513
      45     10.58533031
      46     11.12601531
      47     11.58928980
      48     12.15154412
      49     12.63737861
      50     13.22108059
      51     13.72956133
      52     14.33460607
      53     14.86580611
      54     15.49210394
      55     16.04608431
      56     16.69355935
      57     17.27037025
      58     17.93895900
      59     18.53864085
      60     19.22829101
      61     19.85087543
      62     20.56154468
      63     21.20705545
      64     21.93871038
      65     22.60716428
      66     23.35977943
      67     24.05118706
      68     24.82474398
      69     25.53911046
      70     26.33359692
      71     27.07092256
      72     27.88633178
      73     28.64661270
      74     29.48294268
      75     30.26617132
      76     31.12342424
      77     31.92958991
      78     32.80777154
      79     33.63686083
      80     34.53598007
      81     35.38797725
      82     36.30804568
      83     37.18293309
      84     38.12396453
      85     39.02172289
      86     39.98373310
      87     40.90434178
      88     41.88734810
      89     42.83078542
      90     43.83480650
      91     44.80104990
      92     45.82610548
      93     46.81513177
      94     47.86124239
      95     48.87302792
      96     49.94021479
      97     50.97473558
      98     52.06302036
      99     53.12025228
     100     54.22965697
     101     55.30957582
     102     56.44012260
     103     57.54270421
     104     58.69441534
     105     59.81963572
     106     60.99253341
     107     62.14036876
     108     63.33447514
     109     64.50490195
     110     65.72023893
     111     66.91323404
     112     68.14982330
     113     69.36536393
     114     70.62322682
     115     71.86129062
     116     73.14044817
     117     74.40101324
     118     75.70148607
     119     76.98453101
     120     78.30633933
     121     79.61184325
     122     80.95500680
     123     82.28294932
     124     83.64748741
     125     84.99784869
     126     86.38378013
     127     87.75654088
     128     89.16388399
     129     90.55902546
     130     91.98779805
     131     93.40530204
     132     94.85552144
     133     96.29537031
     134     97.76705331
     135     99.22922996
     136    100.72239287
     137    102.20688074
     138    103.72153935
     139    105.22832242
     140    106.76449203
     141    108.29355480
     142    109.85125020
     143    111.40257771
     144    112.98181322
     145    114.55539101
     146    116.15618045
     147    117.75199455
     148    119.37435128
     149    120.99238823
     150    122.63632514
     151    124.27657195
     152    125.94210149
     153    127.60454563
     154    129.29167979
     155    130.97630919
     156    132.68505955
     157    134.39186258
     158    136.12224028
     159    137.85120575
     160    139.60322152
     161    141.35433865
     162    143.12800284
     163    144.90126125
     164    146.69658382
     165    148.49197353
     166    150.30896406
     167    152.12647546
     168    153.96514316
     169    155.80476702
     170    157.66512077
     171    159.52684822
     172    161.40889652
     173    163.29271903
     174    165.19647010
     175    167.10237945
     176    169.02784116
     177    170.95582948
     178    172.90300940
     179    174.85306912
     180    176.82197453
     181    178.79409838
     182    180.78473626
     183    182.77891726
     184    184.79129433
     185    186.80752576
     186    188.84164846
     187    190.87992390
     188    192.93579841
     189    194.99611168
     190    197.07374395
     191    199.15608911
     192    201.25548484
     193    203.35985620
     194    205.48102086
     195    207.60741296
     196    209.75035180
     197    211.89875941
     198    214.06347747
     199    216.23389554
     200    218.42039766
     201    220.61282139
     202    222.82111219
     203    225.03553695
     204    227.26562089
     205    229.50204224
     206    231.75392358
     207    234.01233726
     208    236.28602010
     209    238.56642204
     210    240.86191030
     211    243.16429658
     212    245.48159401
     213    247.80596089
     214    250.14507111
     215    252.49141498
     216    254.85234144
     217    257.22065886
     218    259.60340488
     219    261.99369255
     220    264.39826130
     221    266.81051605
     222    269.23691057
     223    271.67112936
     224    274.11935258
     225    276.57553251
     226    279.04558722
     227    281.52372549
     228    284.01561438
     229    286.51570832
     230    289.02943395
     231    291.55148100
     232    294.08704583
     233    296.63104354
     234    299.18844993
     235    301.75439595
     236    304.33364616
     237    306.92153823
     238    309.52263443
     239    312.13247039
     240    314.75541465
     241    317.38719244
     242    320.03198674
     243    322.68570437
     244    325.35235063
     245    328.02800620
     246    330.71650623
     247    333.41409793
     248    336.12445349
     249    338.84397957
     250    341.57619232
     251    344.31765111
     252    347.07172266
     253    349.83511257
     254    352.61104445
     255    355.39636394
     256    358.19415762
     257    361.00140523
     258    363.82106212
     259    366.65023644
     260    369.49175789
     261    372.34285758
     262    375.20624488
     263    378.07926864
     264    380.96452303
     265    383.85946963
     266    386.76659230
     267    389.68346056
     268    392.61245263
     269    395.55124141
     270    398.50210398
     271    401.46281220
     272    404.43554630
     273    407.41817292
     274    410.41277956
     275    413.41732358
     276    416.43380370
     277    419.46026418
     278    422.49861870
     279    425.54699471
     280    428.60722451
     281    431.67751519
     282    434.75962109
     283    437.85182560
     284    440.95580842
     285    444.06992595
     286    447.19578645
     287    450.33181624
     288    453.47955516
     289    456.63749647
     290    459.80711451
     291    462.98696664
     292    466.17846448
     293    469.38022675
     294    472.59360503
     295    475.81727680
     296    479.05253613
     297    482.29811678
     298    485.55525777
     299    488.82274671
     300    492.10176991
     301    495.39116657
     302    498.69207253
     303    502.00337637
     304    505.32616561
     305    508.65937610
     306    512.00404912
     307    515.35916577
     308    518.72572304
     309    522.10274538
     310    525.49118735
     311    528.89011492
     312    532.30044203
     313    535.72127439
     314    539.15348707
     315    542.59622379
     316    546.05032243
     317    549.51496313
     318    552.99094811
     319    556.47749239
     320    559.97536408
     321    563.48381158
     322    567.00357034
     323    570.53392070
     324    574.07556686
     325    577.62781975
     326    581.19135362
     327    584.76550872
     328    588.35093062
     329    591.94698762
     330    595.55429784
     331    599.17225644
     332    602.80145526
     333    606.44131519
     334    610.09240288
     335    613.75416385
     336    617.42714068
     337    621.11080244
     338    624.80566864
     339    628.51123094
     340    632.22798676
     341    635.95544936
     342    639.69409502
     343    643.44345770
     344    647.20399342
     345    650.97525595
     346    654.75768194
     347    658.55084412
     348    662.35516058
     349    666.17022220
     350    669.99642932
     351    673.83339019
     352    677.68148815
     353    681.54034809
     354    685.41033707
     355    689.29109591
     356    693.18297606
     357    697.08563363
     358    700.99940513
     359    704.92396126
     360    708.85962426
     361    712.80607880
     362    716.76363344
     363    720.73198624
     364    724.71143266
     365    728.70168359
     366    732.70302193
     367    736.71517085
     368    740.73840123
     369    744.77244800
     370    748.81757055
     371    752.87351506
     372    756.94052990
     373    761.01837202
     374    765.10727926
     375    769.20701889
     376    773.31781863
     377    777.43945565
     378    781.57214801
     379    785.71568231
     380    789.87026738
     381    794.03569887
     382    798.21217674
     383    802.39950533
     384    806.59787610
     385    810.80710169
     386    815.02736544
     387    819.25848794
     388    823.50064476
     389    827.75366409
     390    832.01771406
     391    836.29263013
     392    840.57857332
     393    844.87538608
     394    849.18322256
     395    853.50193191
     396    857.83166176
     397    862.17226764
     398    866.52389092
     399    870.88639326
     400    875.25991004
     401    879.64430878
     402    884.03971912
     403    888.44601419
     404    892.86331815
     405    897.29150949
     406    901.73070713
     407    906.18079469
     408    910.64188605
     409    915.11386978
     410    919.59685492
     411    924.09073476
     412    928.59561373
     413    933.11138963
     414    937.63816248
     415    942.17583440
     416    946.72450117
     417    951.28406906
     418    955.85462979
     419    960.43609361
     420    965.02854834
     421    969.63190805
     422    974.24625683
     423    978.87151238
     424    983.50775525
     425    988.15490660
     426    992.81304360
     427    997.48209072
     428   1002.16212187
     429   1006.85306473
     430   1011.55499007
     431   1016.26782863
     432   1020.99164820
     433   1025.72638243
     434   1030.47209625
     435   1035.22872611
     436   1039.99633422
     437   1044.77485969
     438   1049.56436211
     439   1054.36478317
     440   1059.17617992
     441   1063.99849654
     442   1068.83178765
     443   1073.67599980
     444   1078.53118530
     445   1083.39729295
     446   1088.27437287
     447   1093.16237600
     448   1098.06135036
     449   1102.97124895
     450   1107.89211777
     451   1112.82391179
     452   1117.76667509
     453   1122.72036453
     454   1127.68502233
     455   1132.66060717
     456   1137.64715948
     457   1142.64463970
     458   1147.65308655
     459   1152.67246213
     460   1157.70280354
     461   1162.74407446
     462   1167.79631044
     463   1172.85947669
     464   1177.93360726
     465   1183.01866882
     466   1188.11469399
     467   1193.22165085
     468   1198.33957064
     469   1203.46842279
     470   1208.60823721
     471   1213.75898462
     472   1218.92069369
     473   1224.09333636
     474   1229.27694010
     475   1234.47147800
     476   1239.67697641
     477   1244.89340955
     478   1250.12080265
     479   1255.35913100
     480   1260.60841880
     481   1265.86864237
     482   1271.13982487
     483   1276.42194364
     484   1281.71502086
     485   1287.01903481
     486   1292.33400677
     487   1297.65991590
     488   1302.99678260
     489   1308.34458690
     490   1313.70334835
     491   1319.07304781
     492   1324.45370402
     493   1329.84529864
     494   1335.24784961
     495   1340.66133938
     496   1346.08578513
     497   1351.52117003
     498   1356.96751057
     499   1362.42479060
     500   1367.89302594
     501   1373.37220109
     502   1378.86233123
     503   1384.36340150
     504   1389.87542645
     505   1395.39839183
     506   1400.93231159
     507   1406.47717209
     508   1412.03298667
     509   1417.59974226
     510   1423.17745167
     511   1428.76610236
     512   1434.36570661
     513   1439.97625239
     514   1445.59775147
     515   1451.23019234
     516   1456.87358627
     517   1462.52792222
     518   1468.19321101
     519   1473.86944203
     520   1479.55662568
     521   1485.25475177
     522   1490.96383029
     523   1496.68385145
     524   1502.41482483
     525   1508.15674106
     526   1513.90960932
     527   1519.67342061
     528   1525.44818374
     529   1531.23389009
     530   1537.03054811
     531   1542.83814952
     532   1548.65670242
     533   1554.48619888
     534   1560.32664668
     535   1566.17803819
     536   1572.04038088
     537   1577.91366744
     538   1583.79790504
     539   1589.69308664
     540   1595.59921914
     541   1601.51629579
     542   1607.44432319
     543   1613.38329488
     544   1619.33321720
     545   1625.29408392
     546   1631.26590116
     547   1637.24866292
     548   1643.24237508
     549   1649.24703188
     550   1655.26263895
     551   1661.28919078
     552   1667.32669279
     553   1673.37513965
     554   1679.43453658
     555   1685.50487848
     556   1691.58617034
     557   1697.67840727
     558   1703.78159406
     559   1709.89572602
     560   1716.02080775
     561   1722.15683474
     562   1728.30381141
     563   1734.46173342
     564   1740.63060504
     565   1746.81042208
     566   1753.00118864
     567   1759.20290070
     568   1765.41556222
     569   1771.63916930
     570   1777.87372577
     571   1784.11922788
     572   1790.37567930
     573   1796.64307643
     574   1802.92142281
     575   1809.21071496
     576   1815.51095630
     577   1821.82214348
     578   1828.14427977
     579   1834.47736197
     580   1840.82139323
     581   1847.17637045
     582   1853.54229668
     583   1859.91916892
     584   1866.30699012
     585   1872.70575738
     586   1879.11547355
     587   1885.53613584
     588   1891.96774698
     589   1898.41030428
     590   1904.86381040
     591   1911.32826272
     592   1917.80366381
     593   1924.29001116
     594   1930.78730723
     595   1937.29554960
     596   1943.81474066
     597   1950.34487805
     598   1956.88596408
     599   1963.43799650
     600   1970.00097752
     601   1976.57490495
     602   1983.15978096
     603   1989.75560342
     604   1996.36237441
     605   2002.98009189
     606   2009.60875788
     607   2016.24837039
     608   2022.89893137
     609   2029.56043889
     610   2036.23289487
     611   2042.91629742
     612   2049.61064839
     613   2056.31594597
     614   2063.03219194
     615   2069.75938454
     616   2076.49752551
     617   2083.24661314
     618   2090.00664911
     619   2096.77763176
     620   2103.55956274
     621   2110.35244042
     622   2117.15626640
     623   2123.97103911
     624   2130.79676010
     625   2137.63342783
     626   2144.48104383
     627   2151.33960660
     628   2158.20911760
     629   2165.08957540
     630   2171.98098142
     631   2178.88333425
     632   2185.79663528
     633   2192.72088314
     634   2199.65607919
     635   2206.60222208
     636   2213.55931315
     637   2220.52735107
     638   2227.50633716
     639   2234.49627012
     640   2241.49715122
     641   2248.50897922
     642   2255.53175534
     643   2262.56547838
     644   2269.61014953
     645   2276.66576760
     646   2283.73233377
     647   2290.80984688
     648   2297.89830808
     649   2304.99771623
     650   2312.10807246
     651   2319.22937565
     652   2326.36162691
     653   2333.50482513
     654   2340.65897143
     655   2347.82406470
     656   2355.00010602
     657   2362.18709434
     658   2369.38503070
     659   2376.59391406
     660   2383.81374545
     661   2391.04452386
     662   2398.28625029
     663   2405.53892375
     664   2412.80254522
     665   2420.07711372
     666   2427.36263024
     667   2434.65909379
     668   2441.96650535
     669   2449.28486394
     670   2456.61417055
     671   2463.95442420
     672   2471.30562585
     673   2478.66777455
     674   2486.04087125
     675   2493.42491501
     676   2500.81990675
     677   2508.22584556
     678   2515.64273236
     679   2523.07056623
     680   2530.50934808
     681   2537.95907701
     682   2545.41975391
     683   2552.89137790
     684   2560.37394985
     685   2567.86746890
     686   2575.37193592
     687   2582.88735002
     688   2590.41371210
     689   2597.95102127
     690   2605.49927840
     691   2613.05848264
     692   2620.62863483
     693   2628.20973413
     694   2635.80178139
     695   2643.40477576
     696   2651.01871809
     697   2658.64360752
     698   2666.27944491
     699   2673.92622942
     700   2681.58396188
     701   2689.25264145
     702   2696.93226898
     703   2704.62284363
     704   2712.32436623
     705   2720.03683596
     706   2727.76025363
     707   2735.49461843
     708   2743.23993117
     709   2750.99619105
     710   2758.76339887
     711   2766.54155383
     712   2774.33065673
     713   2782.13070676
     714   2789.94170474
     715   2797.76364986
     716   2805.59654292
     717   2813.44038312
     718   2821.29517126
     719   2829.16090654
     720   2837.03758977
     721   2844.92522014
     722   2852.82379845
     723   2860.73332390
     724   2868.65379731
     725   2876.58521785
     726   2884.52758634
     727   2892.48090197
     728   2900.44516555
     729   2908.42037627
     730   2916.40653495
     731   2924.40364076
     732   2932.41169453
     733   2940.43069544
     734   2948.46064431
     735   2956.50154031
     736   2964.55338428
     737   2972.61617538
     738   2980.68991444
     739   2988.77460064
     740   2996.87023480
     741   3004.97681611
     742   3013.09434537
     743   3021.22282178
     744   3029.36224615
     745   3037.51261766
     746   3045.67393713
     747   3053.84620375
     748   3062.02941833
     749   3070.22358005
     750   3078.42868974
     751   3086.64474657
     752   3094.87175137
     753   3103.10970331
     754   3111.35860322
     755   3119.61845028
     756   3127.88924530
     757   3136.17098747
     758   3144.46367761
     759   3152.76731490
     760   3161.08190016
     761   3169.40743256
     762   3177.74391294
     763   3186.09134045
     764   3194.44971595
     765   3202.81903859
     766   3211.19930921
     767   3219.59052697
     768   3227.99269272
     769   3236.40580561
     770   3244.82986648
     771   3253.26487449
     772   3261.71083049
     773   3270.16773362
     774   3278.63558475
     775   3287.11438302
     776   3295.60412928
     777   3304.10482267
     778   3312.61646407
     779   3321.13905259
     780   3329.67258912
     781   3338.21707278
     782   3346.77250445
     783   3355.33888324
     784   3363.91621005
     785   3372.50448398
     786   3381.10370592
     787   3389.71387499
     788   3398.33499208
     789   3406.96705629
     790   3415.61006852
     791   3424.26402787
     792   3432.92893525
     793   3441.60478975
     794   3450.29159227
     795   3458.98934191
     796   3467.69803958
     797   3476.41768437
     798   3485.14827720
     799   3493.88981714
     800   3502.64230511
     801   3511.40574020
     802   3520.18012333
     803   3528.96545358
     804   3537.76173186
     805   3546.56895726
     806   3555.38713070
     807   3564.21625126
     808   3573.05631986
     809   3581.90733557
     810   3590.76929934
     811   3599.64221021
     812   3608.52606914
     813   3617.42087517
     814   3626.32662927
     815   3635.24333046
     816   3644.17097972
     817   3653.10957609
     818   3662.05912052
     819   3671.01961205
     820   3679.99105165
     821   3688.97343835
     822   3697.96677312
     823   3706.97105499
     824   3715.98628494
     825   3725.01246199
     826   3734.04958711
     827   3743.09765933
     828   3752.15667963
     829   3761.22664703
     830   3770.30756251
     831   3779.39942508
     832   3788.50223575
     833   3797.61599350
     834   3806.74069935
     835   3815.87635228
     836   3825.02295332
     837   3834.18050144
     838   3843.34899766
     839   3852.52844096
     840   3861.71883238
     841   3870.92017087
     842   3880.13245747
     843   3889.35569116
     844   3898.58987295
     845   3907.83500183
     846   3917.09107882
     847   3926.35810289
     848   3935.63607508
     849   3944.92499434
     850   3954.22486173
     851   3963.53567619
     852   3972.85743878
     853   3982.19014844
     854   3991.53380623
     855   4000.88841109
     856   4010.25396409
     857   4019.63046415
     858   4029.01791236
     859   4038.41630762
     860   4047.82565104
     861   4057.24594151
     862   4066.67718014
     863   4076.11936582
     864   4085.57249966
     865   4095.03658055
     866   4104.51160961
     867   4113.99758571
     868   4123.49450999
     869   4133.00238131
     870   4142.52120080
     871   4152.05096733
     872   4161.59168204
     873   4171.14334380
     874   4180.70595373
     875   4190.27951071
     876   4199.86401587
     877   4209.45946807
     878   4219.06586845
     879   4228.68321588
     880   4238.31151149
     881   4247.95075414
     882   4257.60094499
     883   4267.26208286
     884   4276.93416894
     885   4286.61720205
     886   4296.31118336
     887   4306.01611170
     888   4315.73198826
     889   4325.45881183
     890   4335.19658362
     891   4344.94530243
     892   4354.70496946
     893   4364.47558351
     894   4374.25714579
     895   4384.04965508
     896   4393.85311260
     897   4403.66751713
     898   4413.49286990
     899   4423.32916967
     900   4433.17641769
     901   4443.03461271
     902   4452.90375598
     903   4462.78384625
     904   4472.67488478
     905   4482.57687030
     906   4492.48980408
     907   4502.41368485
     908   4512.34851389
     909   4522.29428992
     910   4532.25101421
     911   4542.21868550
     912   4552.19730505
     913   4562.18687160
     914   4572.18738642
     915   4582.19884823
     916   4592.22125831
     917   4602.25461538
     918   4612.29892074
     919   4622.35417307
     920   4632.42037370
     921   4642.49752130
     922   4652.58561720
     923   4662.68466007
     924   4672.79465124
     925   4682.91558939
     926   4693.04747583
     927   4703.19030925
     928   4713.34409098
     929   4723.50881967
     930   4733.68449668
     931   4743.87112065
     932   4754.06869294
     933   4764.27721219
     934   4774.49667977
     935   4784.72709430
     936   4794.96845716
     937   4805.22076698
     938   4815.48402513
     939   4825.75823023
     940   4836.04338368
     941   4846.33948407
     942   4856.64653281
     943   4866.96452849
     944   4877.29347253
     945   4887.63336350
     946   4897.98420283
     947   4908.34598910
     948   4918.71872373
     949   4929.10240530
     950   4939.49703524
     951   4949.90261210
     952   4960.31913734
     953   4970.74660951
     954   4981.18503005
     955   4991.63439752
     956   5002.09471338
     957   5012.56597616
     958   5023.04818732
     959   5033.54134541
     960   5044.04545189
     961   5054.56050528
     962   5065.08650708
     963   5075.62345578
     964   5086.17135290
     965   5096.73019692
     966   5107.29998936
     967   5117.88072869
     968   5128.47241645
     969   5139.07505110
     970   5149.68863419
     971   5160.31316416
     972   5170.94864257
     973   5181.59506787
     974   5192.25244161
     975   5202.92076223
     976   5213.60003130
     977   5224.29024726
     978   5234.99141166
     979   5245.70352294
     980   5256.42658268
     981   5267.16058929
     982   5277.90554437
     983   5288.66144632
     984   5299.42829674
     985   5310.20609402
     986   5320.99483979
     987   5331.79453241
     988   5342.60517352
     989   5353.42676148
     990   5364.25929793
     991   5375.10278124
     992   5385.95721304
     993   5396.82259170
     994   5407.69891885
     995   5418.58619285
     996   5429.48441536
     997   5440.39358471
     998   5451.31370258
     999   5462.24476728
    1000   5473.18678050
    1001   5484.13974056
    1002   5495.10364915
    1003   5506.07850456
    1004   5517.06430851
    1005   5528.06105928
    1006   5539.06875860
    1007   5550.08740473
    1008   5561.11699941
    1009   5572.15754091
    1010   5583.20903097
    1011   5594.27146783
    1012   5605.34485326
    1013   5616.42918549
    1014   5627.52446629
    1015   5638.63069389
    1016   5649.74787007
    1017   5660.87599304
    1018   5672.01506460
    1019   5683.16508295
    1020   5694.32604989
    1021   5705.49796362
    1022   5716.68082594
    1023   5727.87463505
    1024   5739.07939276
    1025   5750.29509725
    1026   5761.52175035
    1027   5772.75935022
    1028   5784.00789872
    1029   5795.26739398
    1030   5806.53783786
    1031   5817.81922851
    1032   5829.11156779
    1033   5840.41485383
    1034   5851.72908851
    1035   5863.05426995
    1036   5874.39040003
    1037   5885.73747686
    1038   5897.09550234
    1039   5908.46447457
    1040   5919.84439546
    1041   5931.23526309
    1042   5942.63707939
    1043   5954.04984242
    1044   5965.47355413
    1045   5976.90821257
    1046   5988.35381969
    1047   5999.81037353
    1048   6011.27787607
    1049   6022.75632533
    1050   6034.24572328
    1051   6045.74606795
    1052   6057.25736132
    1053   6068.77960141
    1054   6080.31279020
    1055   6091.85692570
    1056   6103.41200992
    1057   6114.97804084
    1058   6126.55502049
    1059   6138.14294683
    1060   6149.74182191
    1061   6161.35164368
    1062   6172.97241419
    1063   6184.60413138
    1064   6196.24679733
    1065   6207.90040995
    1066   6219.56497133
    1067   6231.24047939
    1068   6242.92693621
    1069   6254.62433970
    1070   6266.33269196
    1071   6278.05199088
    1072   6289.78223859
    1073   6301.52343295
    1074   6313.27557611
    1075   6325.03866591
    1076   6336.81270452
    1077   6348.59768976
    1078   6360.39362382
    1079   6372.20050451
    1080   6384.01833402
    1081   6395.84711016
    1082   6407.68683513
    1083   6419.53750672
    1084   6431.39912715
    1085   6443.27169419
    1086   6455.15521008
    1087   6467.04967258
    1088   6478.95508393
    1089   6490.87144189
    1090   6502.79874871
    1091   6514.73700213
    1092   6526.68620442
    1093   6538.64635330
    1094   6550.61745106
    1095   6562.59949541
    1096   6574.59248864
    1097   6586.59642845
    1098   6598.61131716
    1099   6610.63715245
    1100   6622.67393663
    1101   6634.72166739
    1102   6646.78034706
    1103   6658.84997330
    1104   6670.93054845
    1105   6683.02207016
    1106   6695.12454080
    1107   6707.23795799
    1108   6719.36232412
    1109   6731.49763679
    1110   6743.64389841
    1111   6755.80110657
    1112   6767.96926368
    1113   6780.14836733
    1114   6792.33841994
    1115   6804.53941907
    1116   6816.75136718
    1117   6828.97426181
    1118   6841.20810542
    1119   6853.45289554
    1120   6865.70863465
    1121   6877.97532028
    1122   6890.25295489
    1123   6902.54153602
    1124   6914.84106614
    1125   6927.15154277
    1126   6939.47296841
    1127   6951.80534054
    1128   6964.14866169
    1129   6976.50292933
    1130   6988.86814599
    1131   7001.24430914
    1132   7013.63142133
    1133   7026.02947999
    1134   7038.43848769
    1135   7050.85844187
    1136   7063.28934510
    1137   7075.73119479
    1138   7088.18399355
    1139   7100.64773876
    1140   7113.12243305
    1141   7125.60807378
    1142   7138.10466360
    1143   7150.61219986
    1144   7163.13068521
    1145   7175.66011700
    1146   7188.20049789
    1147   7200.75182520
    1148   7213.31410163
    1149   7225.88732448
    1150   7238.47149645
    1151   7251.06661483
    1152   7263.67268235
    1153   7276.28969627
    1154   7288.91765933
    1155   7301.55656879
    1156   7314.20642740
    1157   7326.86723240
    1158   7339.53898657
    1159   7352.22168711
    1160   7364.91533683
    1161   7377.61993292
    1162   7390.33547820
    1163   7403.06196984
    1164   7415.79941068
    1165   7428.54779787
    1166   7441.30713427
    1167   7454.07741702
    1168   7466.85864898
    1169   7479.65082728
    1170   7492.45395482
    1171   7505.26802868
    1172   7518.09305178
    1173   7530.92902121
    1174   7543.77593989
    1175   7556.63380487
    1176   7569.50261913
    1177   7582.38237968
    1178   7595.27308951
    1179   7608.17474564
    1180   7621.08735105
    1181   7634.01090274
    1182   7646.94540374
    1183   7659.89085101
    1184   7672.84724759
    1185   7685.81459044
    1186   7698.79288260
    1187   7711.78212103
    1188   7724.78230879
    1189   7737.79344280
    1190   7750.81552615
    1191   7763.84855575
    1192   7776.89253470
    1193   7789.94745988
    1194   7803.01333442
    1195   7816.09015520
    1196   7829.17792534
    1197   7842.27664171
    1198   7855.38630746
    1199   7868.50691942
    1200   7881.63848077
    1201   7894.78098833
    1202   7907.93444529
    1203   7921.09884845
    1204   7934.27420103
    1205   7947.46049978
    1206   7960.65774797
    1207   7973.86594234
    1208   7987.08508614
    1209   8000.31517611
    1210   8013.55621554
    1211   8026.80820112
    1212   8040.07113617
    1213   8053.34501736
    1214   8066.62984803
    1215   8079.92562484
    1216   8093.23235114
    1217   8106.55002356
    1218   8119.87864549
    1219   8133.21821353
    1220   8146.56873110
    1221   8159.93019476
    1222   8173.30260796
    1223   8186.68596725
    1224   8200.08027608
    1225   8213.48553100
    1226   8226.90173547
    1227   8240.32888602
    1228   8253.76698613
    1229   8267.21603231
    1230   8280.67602807
    1231   8294.14696989
    1232   8307.62886129
    1233   8321.12169874
    1234   8334.62548580
    1235   8348.14021889
    1236   8361.66590160
    1237   8375.20253034
    1238   8388.75010870
    1239   8402.30863308
    1240   8415.87810710
    1241   8429.45852713
    1242   8443.04989681
    1243   8456.65221249
    1244   8470.26547783
    1245   8483.88968916
    1246   8497.52485017
    1247   8511.17095716
    1248   8524.82801383
    1249   8538.49601647
    1250   8552.17496882
    1251   8565.86486712
    1252   8579.56571515
    1253   8593.27750911
    1254   8607.00025281
    1255   8620.73394243
    1256   8634.47858181
    1257   8648.23416710
    1258   8662.00070216
    1259   8675.77818312
    1260   8689.56661386
    1261   8703.36599050
    1262   8717.17631693
    1263   8730.99758924
    1264   8744.82981135
    1265   8758.67297934
    1266   8772.52709714
    1267   8786.39216081
    1268   8800.26817431
    1269   8814.15513366
    1270   8828.05304285
    1271   8841.96189788
    1272   8855.88170278
    1273   8869.81245350
    1274   8883.75415409
    1275   8897.70680050
    1276   8911.67039680
    1277   8925.64493890
    1278   8939.63043090
    1279   8953.62686870
    1280   8967.63425641
    1281   8981.65258990
    1282   8995.68187332
    1283   9009.72210251
    1284   9023.77328165
    1285   9037.83540654
    1286   9051.90848140
    1287   9065.99250199
    1288   9080.08747256
    1289   9094.19338886
    1290   9108.31025516
    1291   9122.43806717
    1292   9136.57682918
    1293   9150.72653690
    1294   9164.88719465
    1295   9179.05879808
    1296   9193.24135155
    1297   9207.43485070
    1298   9221.63929990
    1299   9235.85469477
    1300   9250.08103971
    1301   9264.31833029
    1302   9278.56657097
    1303   9292.82575728
    1304   9307.09589369
    1305   9321.37697572
    1306   9335.66900787
    1307   9349.97198564
    1308   9364.28591353
    1309   9378.61078703
    1310   9392.94661067
    1311   9407.29337989
    1312   9421.65109928
    1313   9436.01976424
    1314   9450.39937938
    1315   9464.78994008
    1316   9479.19145097
    1317   9493.60390741
    1318   9508.02731405
    1319   9522.46166624
    1320   9536.90696864
    1321   9551.36321656
    1322   9565.83041473
    1323   9580.30855840
    1324   9594.79765232
    1325   9609.29769174
    1326   9623.80868143
    1327   9638.33061660
    1328   9652.86350206
    1329   9667.40733299
    1330   9681.96211421
    1331   9696.52784089
    1332   9711.10451789
    1333   9725.69214033
    1334   9740.29071310
    1335   9754.90023130
    1336   9769.52069985
    1337   9784.15211381
    1338   9798.79447813
    1339   9813.44778786
    1340   9828.11204797
    1341   9842.78725346
    1342   9857.47340935
    1343   9872.17051062
    1344   9886.87856229
    1345   9901.59755933
    1346   9916.32750679
    1347   9931.06839960
    1348   9945.82024285
    1349   9960.58303144
    1350   9975.35677048
    1351   9990.14145485
    1352  10004.93708968
    1353  10019.74366983
    1354  10034.56120046
    1355  10049.38967639
    1356  10064.22910282
    1357  10079.07947454
    1358  10093.94079677
    1359  10108.81306427
    1360  10123.69628231
    1361  10138.59044560
    1362  10153.49555944
    1363  10168.41161852
    1364  10183.33862817
    1365  10198.27658305
    1366  10213.22548850
    1367  10228.18533918
    1368  10243.15614044
    1369  10258.13788692
    1370  10273.13058400
    1371  10288.13422627
    1372  10303.14881916
    1373  10318.17435724
    1374  10333.21084595
    1375  10348.25827984
    1376  10363.31666436
    1377  10378.38599405
    1378  10393.46627440
    1379  10408.55749990
    1380  10423.65967608
    1381  10438.77279739
    1382  10453.89686939
    1383  10469.03188651
    1384  10484.17785433
    1385  10499.33476727
    1386  10514.50263093
    1387  10529.68143969
    1388  10544.87119917
    1389  10560.07190375
    1390  10575.28355906
    1391  10590.50615946
    1392  10605.73971061
    1393  10620.98420684
    1394  10636.23965382
    1395  10651.50604587
    1396  10666.78338870
    1397  10682.07167658
    1398  10697.37091524
    1399  10712.68109895
    1400  10728.00223345
    1401  10743.33431300
    1402  10758.67734334
    1403  10774.03131872
    1404  10789.39624491
    1405  10804.77211612
    1406  10820.15893816
    1407  10835.55670521
    1408  10850.96542309
    1409  10866.38508599
    1410  10881.81569972
    1411  10897.25725846
    1412  10912.70976804
    1413  10928.17322262
    1414  10943.64762805
    1415  10959.13297848
    1416  10974.62927977
    1417  10990.13652605
    1418  11005.65472319
    1419  11021.18386532
    1420  11036.72395832
    1421  11052.27499630
    1422  11067.83698516
    1423  11083.40991899
    1424  11098.99380371
    1425  11114.58863340
    1426  11130.19441398
    1427  11145.81113953
    1428  11161.43881596
    1429  11177.07743738
    1430  11192.72700968
    1431  11208.38752696
    1432  11224.05899512
    1433  11239.74140826
    1434  11255.43477228
    1435  11271.13908130
    1436  11286.85434118
    1437  11302.58054607
    1438  11318.31770182
    1439  11334.06580258
    1440  11349.82485420
    1441  11365.59485083
    1442  11381.37579831
    1443  11397.16769082
    1444  11412.97053417
    1445  11428.78432256
    1446  11444.60906178
    1447  11460.44474604
    1448  11476.29138114
    1449  11492.14896128
    1450  11508.01749225
    1451  11523.89696828
    1452  11539.78739511
    1453  11555.68876703
    1454  11571.60108974
    1455  11587.52435754
    1456  11603.45857612
    1457  11619.40373981
    1458  11635.35985426
    1459  11651.32691385
    1460  11667.30492417
    1461  11683.29387966
    1462  11699.29378585
    1463  11715.30463723
    1464  11731.32643930
    1465  11747.35918658
    1466  11763.40288451
    1467  11779.45752770
    1468  11795.52312151
    1469  11811.59966059
    1470  11827.68715027
    1471  11843.78558527
    1472  11859.89497082
    1473  11876.01530172
    1474  11892.14658314
    1475  11908.28880996
    1476  11924.44198725
    1477  11940.60610998
    1478  11956.78118314
    1479  11972.96720178
    1480  11989.16417081
    1481  12005.37208538
    1482  12021.59095027
    1483  12037.82076076
    1484  12054.06152152
    1485  12070.31322793
    1486  12086.57588456
    1487  12102.84948690
    1488  12119.13403939
    1489  12135.42953766
    1490  12151.73598601
    1491  12168.05338021
    1492  12184.38172443
    1493  12200.72101456
    1494  12217.07125464
    1495  12233.43244071
    1496  12249.80457664
    1497  12266.18765865
    1498  12282.58169044
    1499  12298.98666840
    1500  12315.40259604
    1501  12331.82946995
    1502  12348.26729344
    1503  12364.71606329
    1504  12381.17578264
    1505  12397.64644844
    1506  12414.12806364
    1507  12430.62062540
    1508  12447.12413643
    1509  12463.63859416
    1510  12480.16400103
    1511  12496.70035472
    1512  12513.24765743
    1513  12529.80590708
    1514  12546.37510563
    1515  12562.95525126
    1516  12579.54634563
    1517  12596.14838723
    1518  12612.76137743
    1519  12629.38531502
    1520  12646.02020104
    1521  12662.66603460
    1522  12679.32281644
    1523  12695.99054600
    1524  12712.66922365
    1525  12729.35884920
    1526  12746.05942266
    1527  12762.77094420
    1528  12779.49341347
    1529  12796.22683101
    1530  12812.97119607
    1531  12829.72650962
    1532  12846.49277048
    1533  12863.26998004
    1534  12880.05813668
    1535  12896.85724226
    1536  12913.66729468
    1537  12930.48829628
    1538  12947.32024448
    1539  12964.16314211
    1540  12981.01698607
    1541  12997.88177973
    1542  13014.75751945
    1543  13031.64420916
    1544  13048.54184463
    1545  13065.45043038
    1546  13082.36996159
    1547  13099.30044340
    1548  13116.24187034
    1549  13133.19424821
    1550  13150.15757088
    1551  13167.13184482
    1552  13184.11706320
    1553  13201.11323322
    1554  13218.12034731
    1555  13235.13841341
    1556  13252.16742319
    1557  13269.20738539
    1558  13286.25829085
    1559  13303.32014915
    1560  13320.39295029
    1561  13337.47670470
    1562  13354.57140150
    1563  13371.67705203
    1564  13388.79364448
    1565  13405.92119114
    1566  13423.05967922
    1567  13440.20912203
    1568  13457.36950573
    1569  13474.54084468
    1570  13491.72312399
    1571  13508.91635911
    1572  13526.12053401
    1573  13543.33566531
    1574  13560.56173578
    1575  13577.79876327
    1576  13595.04672930
    1577  13612.30565299
    1578  13629.57551456
    1579  13646.85633447
    1580  13664.14809156
    1581  13681.45080770
    1582  13698.76446029
    1583  13716.08907268
    1584  13733.42462077
    1585  13750.77112940
    1586  13768.12857295
    1587  13785.49697787
    1588  13802.87631687
    1589  13820.26661808
    1590  13837.66785248
    1591  13855.08005001
    1592  13872.50317982
    1593  13889.93727368
    1594  13907.38229885
    1595  13924.83828907
    1596  13942.30520959
    1597  13959.78309617
    1598  13977.27191201
    1599  13994.77169499
    1600  14012.28240612
    1601  14029.80408551
    1602  14047.33669190
    1603  14064.88026774
    1604  14082.43476937
    1605  14100.00024166
    1606  14117.57663848
    1607  14135.16400727
    1608  14152.76229926
    1609  14170.37156457
    1610  14187.99175168
    1611  14205.62291354
    1612  14223.26499575
    1613  14240.91805419
    1614  14258.58203144
    1615  14276.25698649
    1616  14293.94285877
    1617  14311.63971046
    1618  14329.34747770
    1619  14347.06622607
    1620  14364.79588826
    1621  14382.53653333
    1622  14400.28809039
    1623  14418.05063222
    1624  14435.82408412
    1625  14453.60852274
    1626  14471.40386942
    1627  14489.21020488
    1628  14507.02744630
    1629  14524.85567863
    1630  14542.69481472
    1631  14560.54494398
    1632  14578.40597471
    1633  14596.27800092
    1634  14614.16092620
    1635  14632.05484945
    1636  14649.95966925
    1637  14667.87548956
    1638  14685.80220378
    1639  14703.73992123
    1640  14721.68852983
    1641  14739.64814446
    1642  14757.61864735
    1643  14775.60015923
    1644  14793.59255636
    1645  14811.59596555
    1646  14829.61025681
    1647  14847.63556338
    1648  14865.67174873
    1649  14883.71895274
    1650  14901.77703206
    1651  14919.84613360
    1652  14937.92610683
    1653  14956.01710595
    1654  14974.11897297
    1655  14992.23186978
    1656  15010.35563054
    1657  15028.49042509
    1658  15046.63607943
    1659  15064.79277186
    1660  15082.96031973
    1661  15101.13891007
    1662  15119.32835132
    1663  15137.52883972
    1664  15155.74017427
    1665  15173.96256078
    1666  15192.19578848
    1667  15210.44007326
    1668  15228.69519402
    1669  15246.96137713
    1670  15265.23839078
    1671  15283.52647239
    1672  15301.82537883
    1673  15320.13535901
    1674  15338.45615806
    1675  15356.78803699
    1676  15375.13072855
    1677  15393.48450631
    1678  15411.84909017
    1679  15430.22476696
    1680  15448.61124301
    1681  15467.00881891
    1682  15485.41718694
    1683  15503.83666216
    1684  15522.26692204
    1685  15540.70829669
    1686  15559.16044818
    1687  15577.62372248
    1688  15596.09776545
    1689  15614.58293953
    1690  15633.07887370
    1691  15651.58594780
    1692  15670.10377304
    1693  15688.63274729
    1694  15707.17246330
    1695  15725.72333798
    1696  15744.28494460
    1697  15762.85771985
    1698  15781.44121677
    1699  15800.03589288
    1700  15818.64127993
    1701  15837.25785706
    1702  15855.88513389
    1703  15874.52361236
    1704  15893.17277879
    1705  15911.83315878
    1706  15930.50421442
    1707  15949.18649628
    1708  15967.87944093
    1709  15986.58362486
    1710  16005.29845810
    1711  16024.02454449
    1712  16042.76126609
    1713  16061.50925515
    1714  16080.26786467
    1715  16099.03775683
    1716  16117.81825401
    1717  16136.61004950
    1718  16155.41243386
    1719  16174.22613314
    1720  16193.05040440
    1721  16211.88600773
    1722  16230.73216536
    1723  16249.58967325
    1724  16268.45771694
    1725  16287.33712968
    1726  16306.22705885
    1727  16325.12837700
    1728  16344.04019132
    1729  16362.96341519
    1730  16381.89711402
    1731  16400.84224422
    1732  16419.79782719
    1733  16438.76486408
    1734  16457.74233050
    1735  16476.73127473
    1736  16495.73062419
    1737  16514.74147616
    1738  16533.76270792
    1739  16552.79546835
    1740  16571.83858194
    1741  16590.89325126
    1742  16609.95824588
    1743  16629.03482489
    1744  16648.12170003
    1745  16667.22018920
    1746  16686.32894397
    1747  16705.44934417
    1748  16724.57997802
    1749  16743.72228978
    1750  16762.87480174
    1751  16782.03902600
    1752  16801.21341547
    1753  16820.39955281
    1754  16839.59581872
    1755  16858.80387019
    1756  16878.02201187
    1757  16897.25197810
    1758  16916.49199440
    1759  16935.74387654
    1760  16955.00576672
    1761  16974.27956546
    1762  16993.56332826
    1763  17012.85904486
    1764  17032.16467946
    1765  17051.48231470
    1766  17070.80981972
    1767  17090.14937496
    1768  17109.49874951
    1769  17128.86022561
    1770  17148.23146819
    1771  17167.61486664
    1772  17187.00797625
    1773  17206.41329801
    1774  17225.82827301
    1775  17245.25551972
    1776  17264.69235902
    1777  17284.14153171
    1778  17303.60023351
    1779  17323.07133400
    1780  17342.55189710
    1781  17362.04492653
    1782  17381.54734896
    1783  17401.06230929
    1784  17420.58658974
    1785  17440.12348227
    1786  17459.66961857
    1787  17479.22844543
    1788  17498.79643614
    1789  17518.37719876
    1790  17537.96704152
    1791  17557.56974224
    1792  17577.18143544
    1793  17596.80607585
    1794  17616.43961691
    1795  17636.08619956
    1796  17655.74158672
    1797  17675.41011336
    1798  17695.08734379
    1799  17714.77781724
    1800  17734.47688900
    1801  17754.18931117
    1802  17773.91022116
    1803  17793.64459514
    1804  17813.38734122
    1805  17833.14366913
    1806  17852.90824791
    1807  17872.68653315
    1808  17892.47294225
    1809  17912.27318715
    1810  17932.08142287
    1811  17951.90363116
    1812  17971.73369089
    1813  17991.57786514
    1814  18011.42974480
    1815  18031.29588910
    1816  18051.16958583
    1817  18071.05770302
    1818  18090.95321234
    1819  18110.86330692
    1820  18130.78062567
    1821  18150.71270078
    1822  18170.65182404
    1823  18190.60588461
    1824  18210.56680891
    1825  18230.54285840
    1826  18250.52557835
    1827  18270.52362219
    1828  18290.52813393
    1829  18310.54817595
    1830  18330.57447357
    1831  18350.61651972
    1832  18370.66459899
    1833  18390.72865349
    1834  18410.79850790
    1835  18430.88457732
    1836  18450.97620220
    1837  18471.08429119
    1838  18491.19767938
    1839  18511.32779516
    1840  18531.46294152
    1841  18551.61508923
    1842  18571.77198589
    1843  18591.94617348
    1844  18612.12481476
    1845  18632.32104790
    1846  18652.52142515
    1847  18672.73971259
    1848  18692.96181953
    1849  18713.20216755
    1850  18733.44599466
    1851  18753.70841289
    1852  18773.97395326
    1853  18794.25844862
    1854  18814.54569176
    1855  18834.85227486
    1856  18855.16121314
    1857  18875.48989165
    1858  18895.82051351
    1859  18916.17129913
    1860  18936.52359614
    1861  18956.89649733
    1862  18977.27045675
    1863  18997.66548641
    1864  19018.06109894
    1865  19038.47826644
    1866  19058.89551802
    1867  19079.33483759
    1868  19099.77371796
    1869  19120.23519994
    1870  19140.69569358
    1871  19161.17935370
    1872  19181.66144926
    1873  19202.16729895
    1874  19222.67097933
    1875  19243.19903596
    1876  19263.72428858
    1877  19284.27456481
    1878  19304.82137078
    1879  19325.39388581
    1880  19345.96223123
    1881  19366.55699906
    1882  19387.14686305
    1883  19407.76390492
    1884  19428.37527211
    1885  19449.01460351
    1886  19469.64745080
    1887  19490.30909522
    1888  19510.96340560
    1889  19531.64738023
    1890  19552.32312814
    1891  19573.02945898
    1892  19593.72662558
    1893  19614.45533166
    1894  19635.17388864
    1895  19655.92499879
    1896  19676.66492528
    1897  19697.43846059
    1898  19718.19972521
    1899  19738.99571764
    1900  19759.77829729
    1901  19780.59677023
    1902  19801.40063008
    1903  19822.24161900
    1904  19843.06673343
    1905  19863.93026429
    1906  19884.77659463
    1907  19905.66270683
    1908  19926.53022467
    1909  19947.43894701
    1910  19968.32760938
    1911  19989.25898569
    1912  20010.16876104
    1913  20031.12282329
    1914  20052.05366384
    1915  20073.03046080
    1916  20093.98233151
    1917  20114.98189871
    1918  20135.95474637
    1919  20156.97713816
    1920  20177.97092384
    1921  20199.01617972
    1922  20220.03084407
    1923  20241.09902466
    1924  20262.13452442
    1925  20283.22567366
    1926  20304.28194259
    1927  20325.39612818
    1928  20346.47311812
    1929  20367.61038899
    1930  20388.70802592
    1931  20409.86845777
    1932  20430.98668806
    1933  20452.17033541
    1934  20473.30907622
    1935  20494.51602383
    1936  20515.67521538
    1937  20536.90552405
    1938  20558.08507351
    1939  20579.33883827
    1940  20600.53867894
    1941  20621.81596770
    1942  20643.03599536
    1943  20664.33691483
    1944  20685.57705503
    1945  20706.90168106
    1946  20728.16181660
    1947  20749.51026927
    1948  20770.79031693
    1949  20792.16268108
    1950  20813.46250884
    1951  20834.85891980
    1952  20856.17843454
    1953  20877.59898729
    1954  20898.93804001
    1955  20920.38288740
    1956  20941.74137378
    1957  20963.21062226
    1958  20984.58837378
    1959  21006.08219632
    1960  21027.47909602
    1961  21048.99761206
    1962  21070.41346890
    1963  21091.95687464
    1964  21113.39155734
    1965  21134.95998692
    1966  21156.41327840
    1967  21178.00695489
    1968  21199.47870768
    1969  21221.09778187
    1970  21242.58774868
    1971  21264.23247483
    1972  21285.74048985
    1973  21307.41103760
    1974  21328.93681842
    1975  21350.63347829
    1976  21372.17683843
    1977  21393.89980134
    1978  21415.46041739
    1979  21437.21001619
    1980  21458.78767844
    1981  21480.56412792
    1982  21502.15846507
    1983  21523.96214755
    1984  21545.57292398
    1985  21567.40408087
    1986  21589.03086919
    1987  21610.88994069
    1988  21632.53247678
    1989  21654.41973351
    1990  21676.07752422
    1991  21697.99347420
    1992  21719.66622473
    1993  21741.61116989
    1994  21763.29831007
    1995  21785.27283773
    1996  21806.97404087
    1997  21828.97848530
    1998  21850.69309108
    1999  21872.72813220
    2000  21894.45578286
    2001  21916.52178606
    2002  21938.26171596
    2003  21960.35946895
    2004  21982.11129372
    2005  22004.24118780
    2006  22026.00401906
    2007  22048.16696714
    2008  22069.94040435
    2009  22092.13681192
    2010  22113.91982355
    2011  22136.15074889
    2012  22157.94293859
    2013  22180.20877921
    2014  22202.00894692
    2015  22224.31093168
    2016  22246.11872079
    2017  22268.45720117
    2018  22290.27120770
    2019  22312.64761904
    2020  22334.46758465
    2021  22356.88217092
    2022  22378.70642955
    2023  22401.16089343
    2024  22422.98937841
    2025  22445.48376042
    2026  22467.31443188
    2027  22489.85082238
    2028  22511.68395511
    2029  22534.26204068
    2030  22556.09498178
    2031  22578.71750251
    2032  22600.55112825
    2033  22623.21715978
    2034  22645.04764965
    2035  22667.76119359
    2036  22689.59057860
    2037  22712.34954685
    2038  22734.17142418
    2039  22756.98263491
    2040  22778.80189982
    2041  22801.66026885
    2042  22823.46367492
    2043  22846.38326680
    2044  22868.18844459
    2045  22891.14805608
    2046  22912.91922846
    2047  22935.93493718
    2048  22958.06451815
 ---------------------------------------
 
SCF converged! Final Ground-State Energy (Eh):             -28.7934581541232077
