 
     Two-Electron DVR    
 ------------------------
 x0     =      15.00000000
 m      =       1.00000000
 Z      =       4.00000000
 n      =               64
 dx     =       0.47619048
 
Soft-Coulomb Parameters:
 alpha  =       0.01000000
 beta   =       0.10000000
 
 
                       Hartree-Fock                      
 --------------------------------------------------------
 no. of orbitals        =               64
 no. of electrons       =                2
 scf_damping_switch     =        F
 scf_diis_switch        =        F
 damping_factor         =   0.00000000
 e_tolerance            = 0.0000000000100000
 maximum scf-iterations =              200
 
 
                       SCF iterations                      
 ----------------------------------------------------------
    S.No    Energy (hartree)        dE (hartree)
 ----------------------------------------------------------
       0    -26.800914658582
       1    -24.452829613088      2.348085045494
       2    -24.460633346165      0.007803733077
       3    -24.460693715598      0.000060369433
       4    -24.460694190703      0.000000475105
       5    -24.460694194479      0.000000003777
       6    -24.460694194510      0.000000000030
       7    -24.460694194510      0.000000000000
 ----------------------------------------------------------
  
 
 
 ---------------------------------------
     Molecular Orbital Energies (Eh)    
 ---------------------------------------
       1    -11.06443736
       2     -3.71288558
       3     -0.81028024
       4     -0.61367186
       5     -0.30198878
       6     -0.25338986
       7     -0.15039560
       8     -0.12443130
       9     -0.02763994
      10      0.00843317
      11      0.14497557
      12      0.19345779
      13      0.36773268
      14      0.42781205
      15      0.63778695
      16      0.70915228
      17      0.95362717
      18      1.03595529
      19      1.31437114
      20      1.40758966
      21      1.71944206
      22      1.82321302
      23      2.16845648
      24      2.28275107
      25      2.66112221
      26      2.78550013
      27      3.19724065
      28      3.33172545
      29      3.77663553
      30      3.92068522
      31      4.39920007
      32      4.55295076
      33      5.06481558
      34      5.22763066
      35      5.77343613
      36      5.94563974
      37      6.52497718
      38      6.70582026
      39      7.31944940
      40      7.50953099
      41      8.15679541
      42      8.35518575
      43      9.03710182
      44      9.24478700
      45      9.96034698
      46     10.17605601
      47     10.92675382
      48     11.15204102
      49     11.93637248
      50     12.16928127
      51     12.98972438
      52     13.23276292
      53     14.08703813
      54     14.33679044
      55     15.22963063
      56     15.49065215
      57     16.41827972
      58     16.68361026
      59     17.65729027
      60     17.93804366
      61     18.95020485
      62     19.22711138
      63     20.32998416
      64     20.67633085
 ---------------------------------------
 
SCF converged! Final Ground-State Energy (Eh):             -24.4606941945098129
