 
     Two-Electron DVR    
 ------------------------
 x0     =      15.00000000
 m      =       1.00000000
 Z      =       3.00000000
 n      =               64
 dx     =       0.47619048
 
Soft-Coulomb Parameters:
 alpha  =       0.01000000
 beta   =       0.10000000
 
 
                       Hartree-Fock                      
 --------------------------------------------------------
 no. of orbitals        =               64
 no. of electrons       =                2
 scf_damping_switch     =        F
 scf_diis_switch        =        F
 damping_factor         =   0.00000000
 e_tolerance            = 0.0000000000100000
 maximum scf-iterations =              200
 
 
                       SCF iterations                      
 ----------------------------------------------------------
    S.No    Energy (hartree)        dE (hartree)
 ----------------------------------------------------------
       0    -19.367150581079
       1    -17.067313260440      2.299837320639
       2    -17.080862108335      0.013548847895
       3    -17.081006120893      0.000144012558
       4    -17.081007684359      0.000001563466
       5    -17.081007701632      0.000000017273
       6    -17.081007701825      0.000000000192
       7    -17.081007701827      0.000000000002
 ----------------------------------------------------------
  
 
 
 ---------------------------------------
     Molecular Orbital Energies (Eh)    
 ---------------------------------------
       1     -7.40483827
       2     -1.23451916
       3     -0.25026206
       4     -0.17346107
       5     -0.08205905
       6     -0.05742513
       7      0.01311573
       8      0.04926299
       9      0.15445711
      10      0.20561412
      11      0.34341962
      12      0.40928649
      13      0.57793670
      14      0.65835802
      15      0.85702684
      16      0.95189282
      17      1.18012597
      18      1.28906772
      19      1.54686835
      20      1.66960461
      21      1.95698298
      22      2.09294491
      23      2.41027052
      24      2.55912887
      25      2.90656138
      26      3.06765361
      27      3.44573074
      28      3.61879170
      29      4.02765929
      30      4.21199903
      31      4.65226685
      32      4.84777180
      33      5.31946215
      34      5.52545245
      35      6.02919490
      36      6.24579260
      37      6.78138691
      38      7.00793824
      39      7.57600946
      40      7.81296637
      41      8.41298638
      42      8.65970388
      43      9.29231130
      44      9.54968501
      45     10.21390636
      46     10.48121106
      47     11.17781039
      48     11.45653675
      49     12.18395983
      50     12.47304860
      51     13.23252241
      52     13.53431600
      53     14.32351867
      54     14.63596057
      55     15.45752241
      56     15.78448876
      57     16.63487822
      58     16.97141342
      59     17.85774927
      60     18.21243441
      61     19.12801941
      62     19.48478874
      63     20.46266356
      64     20.88277003
 ---------------------------------------
 
SCF converged! Final Ground-State Energy (Eh):             -17.0810077018269482
