 
     Two-Electron DVR    
 ------------------------
 x0     =      15.00000000
 m      =       1.00000000
 Z      =       6.00000000
 n      =               32
 dx     =       0.96774194
 
Soft-Coulomb Parameters:
 alpha  =       0.01000000
 beta   =       0.01000000
 
 
                       Hartree-Fock                      
 --------------------------------------------------------
 no. of orbitals        =               32
 no. of electrons       =                2
 scf_damping_switch     =        F
 scf_diis_switch        =        F
 damping_factor         =   0.00000000
 e_tolerance            = 0.0000000000100000
 maximum scf-iterations =              200
 
 
                       SCF iterations                      
 ----------------------------------------------------------
    S.No    Energy (hartree)        dE (hartree)
 ----------------------------------------------------------
       0    -23.052185296678
       1    -17.610820090337      5.441365206342
       2    -17.680161895460      0.069341805123
       3    -17.680555312480      0.000393417020
       4    -17.680556472278      0.000001159799
       5    -17.680556476399      0.000000004121
       6    -17.680556476418      0.000000000019
       7    -17.680556476418      0.000000000000
 ----------------------------------------------------------
  
 
 
 ---------------------------------------
     Molecular Orbital Energies (Eh)    
 ---------------------------------------
       1     -6.21847244
       2     -3.56906545
       3     -1.48279624
       4     -1.27911710
       5     -0.72612144
       6     -0.65576181
       7     -0.42875437
       8     -0.39662768
       9     -0.27255001
      10     -0.24933697
      11     -0.11822995
      12     -0.08768912
      13      0.08783088
      14      0.12605130
      15      0.34505611
      16      0.39029342
      17      0.65048479
      18      0.70071562
      19      1.00327641
      20      1.05882559
      21      1.40296752
      22      1.46091758
      23      1.85122157
      24      1.91353440
      25      2.34904239
      26      2.41093088
      27      2.90323241
      28      2.97121929
      29      3.51913075
      30      3.58277047
      31      4.24720204
      32      4.34394490
 ---------------------------------------
 
SCF converged! Final Ground-State Energy (Eh):             -17.6805564764182392
