 
     Two-Electron DVR    
 ------------------------
 x0     =      15.00000000
 m      =       1.00000000
 Z      =       3.00000000
 n      =             1024
 dx     =       0.02932551
 
Soft-Coulomb Parameters:
 alpha  =       1.00000000
 beta   =       0.10000000
 
 
                       Hartree-Fock                      
 --------------------------------------------------------
 no. of orbitals        =             1024
 no. of electrons       =                2
 scf_damping_switch     =        F
 scf_diis_switch        =        F
 damping_factor         =   0.00000000
 e_tolerance            = 0.0000000000100000
 maximum scf-iterations =              200
 
 
                       SCF iterations                      
 ----------------------------------------------------------
    S.No    Energy (hartree)        dE (hartree)
 ----------------------------------------------------------
       0     -4.671397010573
       1     -3.094220812832      1.577176197740
       2     -3.221185803976      0.126964991143
       3     -3.221921561780      0.000735757804
       4     -3.221941220209      0.000019658429
       5     -3.221942153366      0.000000933157
       6     -3.221942202684      0.000000049318
       7     -3.221942205435      0.000000002751
       8     -3.221942205593      0.000000000158
       9     -3.221942205601      0.000000000009
 ----------------------------------------------------------
  
 
 
 ---------------------------------------
     Molecular Orbital Energies (Eh)    
 ---------------------------------------
       1     -0.95623061
       2     -0.13499219
       3     -0.10685859
       4     -0.04605951
       5     -0.01664813
       6      0.05916106
       7      0.11156766
       8      0.21065735
       9      0.28900050
      10      0.40813388
      11      0.51271525
      12      0.65100673
      13      0.78111421
      14      0.93864937
      15      1.09335367
      16      1.27053983
      17      1.44901428
      18      1.64631393
      19      1.84791513
      20      2.06574290
      21      2.29000363
      22      2.52869490
      23      2.77529125
      24      3.03510211
      25      3.30381760
      26      3.58493699
      27      3.87563162
      28      4.17819618
      29      4.49078242
      30      4.81489012
      31      5.14931534
      32      5.49503638
      33      5.85127069
      34      6.21865571
      35      6.59668359
      36      6.98576957
      37      7.38558447
      38      7.79639886
      39      8.21799959
      40      8.65056315
      41      9.09395169
      42      9.54828045
      43     10.01346044
      44     10.48956706
      45     10.97654297
      46     11.47443764
      47     11.98321423
      48     12.50290531
      49     13.03348731
      50     13.57498178
      51     14.12737372
      52     14.69067748
      53     15.26488359
      54     15.85000170
      55     16.44602591
      56     17.05296275
      57     17.67080863
      58     18.29956803
      59     18.93923882
      60     19.58982415
      61     20.25132280
      62     20.92373703
      63     21.60706621
      64     22.30131199
      65     23.00647410
      66     23.72255378
      67     24.44955099
      68     25.18746668
      69     25.93630096
      70     26.69605457
      71     27.46672767
      72     28.24832090
      73     29.04083444
      74     29.84426882
      75     30.65862425
      76     31.48390118
      77     32.32009981
      78     33.16722054
      79     34.02526356
      80     34.89422924
      81     35.77411774
      82     36.66492938
      83     37.56666434
      84     38.47932291
      85     39.40290522
      86     40.33741155
      87     41.28284204
      88     42.23919692
      89     43.20647631
      90     44.18468046
      91     45.17380944
      92     46.17386349
      93     47.18484268
      94     48.20674723
      95     49.23957720
      96     50.28333279
      97     51.33801405
      98     52.40362117
      99     53.48015419
     100     54.56761331
     101     55.66599853
     102     56.77531004
     103     57.89554786
     104     59.02671216
     105     60.16880294
     106     61.32182037
     107     62.48576445
     108     63.66063534
     109     64.84643302
     110     66.04315765
     111     67.25080922
     112     68.46938788
     113     69.69889359
     114     70.93932651
     115     72.19068661
     116     73.45297404
     117     74.72618874
     118     76.01033087
     119     77.30540038
     120     78.61139742
     121     79.92832193
     122     81.25617405
     123     82.59495372
     124     83.94466110
     125     85.30529609
     126     86.67685887
     127     88.05934934
     128     89.45276767
     129     90.85711374
     130     92.27238774
     131     93.69858955
     132     95.13571934
     133     96.58377700
     134     98.04276270
     135     99.51267631
     136    100.99351801
     137    102.48528768
     138    103.98798549
     139    105.50161131
     140    107.02616531
     141    108.56164736
     142    110.10805763
     143    111.66539599
     144    113.23366261
     145    114.81285735
     146    116.40298040
     147    118.00403159
     148    119.61601112
     149    121.23891882
     150    122.87275490
     151    124.51751917
     152    126.17321185
     153    127.83983275
     154    129.51738208
     155    131.20585966
     156    132.90526569
     157    134.61559999
     158    136.33686277
     159    138.06905384
     160    139.81217341
     161    141.56622128
     162    143.33119768
     163    145.10710240
     164    146.89393566
     165    148.69169726
     166    150.50038743
     167    152.32000594
     168    154.15055303
     169    155.99202849
     170    157.84443255
     171    159.70776497
     172    161.58202602
     173    163.46721545
     174    165.36333351
     175    167.27037996
     176    169.18835506
     177    171.11725856
     178    173.05709073
     179    175.00785129
     180    176.96954054
     181    178.94215820
     182    180.92570456
     183    182.92017932
     184    184.92558280
     185    186.94191470
     186    188.96917532
     187    191.00736436
     188    193.05648214
     189    195.11652835
     190    197.18750330
     191    199.26940668
     192    201.36223882
     193    203.46599940
     194    205.58068874
     195    207.70630653
     196    209.84285309
     197    211.99032809
     198    214.14873188
     199    216.31806412
     200    218.49832515
     201    220.68951463
     202    222.89163291
     203    225.10467965
     204    227.32865520
     205    229.56355920
     206    231.80939203
     207    234.06615330
     208    236.33384341
     209    238.61246198
     210    240.90200938
     211    243.20248524
     212    245.51388995
     213    247.83622311
     214    250.16948513
     215    252.51367561
     216    254.86879495
     217    257.23484275
     218    259.61181943
     219    261.99972456
     220    264.39855857
     221    266.80832103
     222    269.22901239
     223    271.66063220
     224    274.10318091
     225    276.55665808
     226    279.02106415
     227    281.49639867
     228    283.98266211
     229    286.47985401
     230    288.98797482
     231    291.50702408
     232    294.03700228
     233    296.57790892
     234    299.12974451
     235    301.69250854
     236    304.26620152
     237    306.85082294
     238    309.44637332
     239    312.05285215
     240    314.67025993
     241    317.29859616
     242    319.93786136
     243    322.58805500
     244    325.24917762
     245    327.92122868
     246    330.60420872
     247    333.29811721
     248    336.00295468
     249    338.71872059
     250    341.44541551
     251    344.18303885
     252    346.93159121
     253    349.69107199
     254    352.46148180
     255    355.24282003
     256    358.03508729
     257    360.83828297
     258    363.65240769
     259    366.47746083
     260    369.31344302
     261    372.16035362
     262    375.01819328
     263    377.88696135
     264    380.76665848
     265    383.65728403
     266    386.55883864
     267    389.47132167
     268    392.39473377
     269    395.32907428
     270    398.27434387
     271    401.23054187
     272    404.19766897
     273    407.17572446
     274    410.16470906
     275    413.16462205
     276    416.17546416
     277    419.19723466
     278    422.22993428
     279    425.27356230
     280    428.32811944
     281    431.39360497
     282    434.47001964
     283    437.55736269
     284    440.65563489
     285    443.76483547
     286    446.88496521
     287    450.01602333
     288    453.15801060
     289    456.31092626
     290    459.47477108
     291    462.64954428
     292    465.83524666
     293    469.03187741
     294    472.23943735
     295    475.45792565
     296    478.68734316
     297    481.92768902
     298    485.17896409
     299    488.44116752
     300    491.71430017
     301    494.99836118
     302    498.29335141
     303    501.59926999
     304    504.91611780
     305    508.24389397
     306    511.58259938
     307    514.93223313
     308    518.29279614
     309    521.66428749
     310    525.04670810
     311    528.44005705
     312    531.84433527
     313    535.25954182
     314    538.68567766
     315    542.12274183
     316    545.57073529
     317    549.02965707
     318    552.49950816
     319    555.98028756
     320    559.47199628
     321    562.97463332
     322    566.48819968
     323    570.01269435
     324    573.54811835
     325    577.09447066
     326    580.65175232
     327    584.21996227
     328    587.79910159
     329    591.38916920
     330    594.99016618
     331    598.60209144
     332    602.22494609
     333    605.85872902
     334    609.50344135
     335    613.15908195
     336    616.82565195
     337    620.50315023
     338    624.19157793
     339    627.89093389
     340    631.60121928
     341    635.32243293
     342    639.05457602
     343    642.79764736
     344    646.55164816
     345    650.31657720
     346    654.09243571
     347    657.87922247
     348    661.67693870
     349    665.48558317
     350    669.30515712
     351    673.13565931
     352    676.97709100
     353    680.82945091
     354    684.69274034
     355    688.56695799
     356    692.45210516
     357    696.34818055
     358    700.25518547
     359    704.17311860
     360    708.10198129
     361    712.04177217
     362    715.99249262
     363    719.95414127
     364    723.92671949
     365    727.91022590
     366    731.90466190
     367    735.91002608
     368    739.92631986
     369    743.95354183
     370    747.99169340
     371    752.04077315
     372    756.10078253
     373    760.17172007
     374    764.25358725
     375    768.34638259
     376    772.45010758
     377    776.56476073
     378    780.69034354
     379    784.82685450
     380    788.97429514
     381    793.13266392
     382    797.30196240
     383    801.48218900
     384    805.67334532
     385    809.87542976
     386    814.08844392
     387    818.31238620
     388    822.54725822
     389    826.79305835
     390    831.04978823
     391    835.31744621
     392    839.59603396
     393    843.88554981
     394    848.18599543
     395    852.49736915
     396    856.81967266
     397    861.15290425
     398    865.49706565
     399    869.85215513
     400    874.21817443
     401    878.59512179
     402    882.98299900
     403    887.38180427
     404    891.79153939
     405    896.21220256
     406    900.64379560
     407    905.08631668
     408    909.53976765
     409    914.00414665
     410    918.47945556
     411    922.96569249
     412    927.46285934
     413    931.97095421
     414    936.48997901
     415    941.01993182
     416    945.56081458
     417    950.11262534
     418    954.67536607
     419    959.24903479
     420    963.83363349
     421    968.42916018
     422    973.03561686
     423    977.65300152
     424    982.28131620
     425    986.92055883
     426    991.57073151
     427    996.23183214
     428   1000.90386282
     429   1005.58682144
     430   1010.28071014
     431   1014.98552677
     432   1019.70127349
     433   1024.42794812
     434   1029.16555287
     435   1033.91408553
     436   1038.67354832
     437   1043.44393901
     438   1048.22525984
     439   1053.01750857
     440   1057.82068746
     441   1062.63479423
     442   1067.45983118
     443   1072.29579600
     444   1077.14269102
     445   1082.00051390
     446   1086.86926701
     447   1091.74894796
     448   1096.63955915
     449   1101.54109817
     450   1106.45356746
     451   1111.37696457
     452   1116.31129196
     453   1121.25654717
     454   1126.21273267
     455   1131.17984598
     456   1136.15788961
     457   1141.14686102
     458   1146.14676278
     459   1151.15759231
     460   1156.17935221
     461   1161.21203986
     462   1166.25565791
     463   1171.31020370
     464   1176.37567990
     465   1181.45208384
     466   1186.53941820
     467   1191.63768029
     468   1196.74687283
     469   1201.86699308
     470   1206.99804380
     471   1212.14002221
     472   1217.29293112
     473   1222.45676772
     474   1227.63153483
     475   1232.81722961
     476   1238.01385493
     477   1243.22140790
     478   1248.43989144
     479   1253.66930262
     480   1258.90964438
     481   1264.16091377
     482   1269.42311377
     483   1274.69624138
     484   1279.98029962
     485   1285.27528546
     486   1290.58120196
     487   1295.89804604
     488   1301.22582079
     489   1306.56452312
     490   1311.91415615
     491   1317.27471673
     492   1322.64620804
     493   1328.02862689
     494   1333.42197649
     495   1338.82625361
     496   1344.24146151
     497   1349.66759692
     498   1355.10466312
     499   1360.55265682
     500   1366.01158135
     501   1371.48143334
     502   1376.96221620
     503   1382.45392650
     504   1387.95656769
     505   1393.47013632
     506   1398.99463586
     507   1404.53006281
     508   1410.07642070
     509   1415.63370599
     510   1421.20192225
     511   1426.78106589
     512   1432.37114052
     513   1437.97214251
     514   1443.58407552
     515   1449.20693589
     516   1454.84072729
     517   1460.48544603
     518   1466.14109583
     519   1471.80767295
     520   1477.48518117
     521   1483.17361669
     522   1488.87298333
     523   1494.58327725
     524   1500.30450232
     525   1506.03665465
     526   1511.77973816
     527   1517.53374891
     528   1523.29869088
     529   1529.07456006
     530   1534.86136048
     531   1540.65908810
     532   1546.46774700
     533   1552.28733307
     534   1558.11785045
     535   1563.95929498
     536   1569.81167085
     537   1575.67497385
     538   1581.54920822
     539   1587.43436969
     540   1593.33046257
     541   1599.23748254
     542   1605.15543394
     543   1611.08431240
     544   1617.02412233
     545   1622.97485930
     546   1628.93652777
     547   1634.90912326
     548   1640.89265028
     549   1646.88710429
     550   1652.89248987
     551   1658.90880242
     552   1664.93604657
     553   1670.97421766
     554   1677.02332040
     555   1683.08335005
     556   1689.15431137
     557   1695.23619958
     558   1701.32901951
     559   1707.43276630
     560   1713.54744483
     561   1719.67305021
     562   1725.80958736
     563   1731.95705133
     564   1738.11544712
     565   1744.28476969
     566   1750.46502412
     567   1756.65620531
     568   1762.85831839
     569   1769.07135821
     570   1775.29532995
     571   1781.53022839
     572   1787.77605881
     573   1794.03281590
     574   1800.30050500
     575   1806.57912074
     576   1812.86866854
     577   1819.16914294
     578   1825.48054944
     579   1831.80288252
     580   1838.13614773
     581   1844.48033949
     582   1850.83546342
     583   1857.20151388
     584   1863.57849655
     585   1869.96640571
     586   1876.36524712
     587   1882.77501499
     588   1889.19571516
     589   1895.62734176
     590   1902.06990069
     591   1908.52338602
     592   1914.98780373
     593   1921.46314780
     594   1927.94942430
     595   1934.44662712
     596   1940.95476242
     597   1947.47382400
     598   1954.00381811
     599   1960.54473846
     600   1967.09659139
     601   1973.65937052
     602   1980.23308228
     603   1986.81772021
     604   1993.41329080
     605   2000.01978753
     606   2006.63721697
     607   2013.26557251
     608   2019.90486082
     609   2026.55507518
     610   2033.21622236
     611   2039.88829555
     612   2046.57130161
     613   2053.26523364
     614   2059.97009859
     615   2066.68588948
     616   2073.41261333
     617   2080.15026307
     618   2086.89884584
     619   2093.65835445
     620   2100.42879614
     621   2107.21016364
     622   2114.00246426
     623   2120.80569065
     624   2127.61985021
     625   2134.44493550
     626   2141.28095402
     627   2148.12789822
     628   2154.98577570
     629   2161.85457882
     630   2168.73431528
     631   2175.62497733
     632   2182.52657277
     633   2189.43909376
     634   2196.36254820
     635   2203.29692813
     636   2210.24224158
     637   2217.19848047
     638   2224.16565294
     639   2231.14375079
     640   2238.13278229
     641   2245.13273912
     642   2252.14362966
     643   2259.16544547
     644   2266.19819506
     645   2273.24186987
     646   2280.29647851
     647   2287.36201232
     648   2294.43848004
     649   2301.52587286
     650   2308.62419966
     651   2315.73345150
     652   2322.85363739
     653   2329.98474827
     654   2337.12679325
     655   2344.27976317
     656   2351.44366726
     657   2358.61849623
     658   2365.80425944
     659   2373.00094748
     660   2380.20856982
     661   2387.42711691
     662   2394.65659839
     663   2401.89700457
     664   2409.14834520
     665   2416.41061046
     666   2423.68381025
     667   2430.96793460
     668   2438.26299356
     669   2445.56897702
     670   2452.88589516
     671   2460.21373772
     672   2467.55251505
     673   2474.90221674
     674   2482.26285326
     675   2489.63441408
     676   2497.01690981
     677   2504.41032976
     678   2511.81468471
     679   2519.22996381
     680   2526.65617799
     681   2534.09331623
     682   2541.54138965
     683   2549.00038705
     684   2556.47031971
     685   2563.95117628
     686   2571.44296820
     687   2578.94568395
     688   2586.45933513
     689   2593.98391006
     690   2601.51942052
     691   2609.06585463
     692   2616.62322437
     693   2624.19151769
     694   2631.77074672
     695   2639.36089924
     696   2646.96198757
     697   2654.57399930
     698   2662.19694694
     699   2669.83081788
     700   2677.47562484
     701   2685.13135501
     702   2692.79802129
     703   2700.47561070
     704   2708.16413631
     705   2715.86358496
     706   2723.57396991
     707   2731.29527780
     708   2739.02752211
     709   2746.77068924
     710   2754.52479291
     711   2762.28981930
     712   2770.06578233
     713   2777.85266798
     714   2785.65049038
     715   2793.45923530
     716   2801.27891709
     717   2809.10952128
     718   2816.95106245
     719   2824.80352592
     720   2832.66692648
     721   2840.54124923
     722   2848.42650920
     723   2856.32269124
     724   2864.22981062
     725   2872.14785194
     726   2880.07683074
     727   2888.01673136
     728   2895.96756957
     729   2903.92932949
     730   2911.90202714
     731   2919.88564635
     732   2927.88020343
     733   2935.88568195
     734   2943.90209848
     735   2951.92943630
     736   2959.96771227
     737   2968.01690941
     738   2976.07704483
     739   2984.14810128
     740   2992.23009616
     741   3000.32301192
     742   3008.42686626
     743   3016.54164134
     744   3024.66735514
     745   3032.80398954
     746   3040.95156282
     747   3049.11005653
     748   3057.27948928
     749   3065.45984232
     750   3073.65113454
     751   3081.85334690
     752   3090.06649861
     753   3098.29057028
     754   3106.52558147
     755   3114.77151246
     756   3123.02838315
     757   3131.29617346
     758   3139.57490363
     759   3147.86455325
     760   3156.16514292
     761   3164.47665186
     762   3172.79910102
     763   3181.13246927
     764   3189.47677793
     765   3197.83200549
     766   3206.19817364
     767   3214.57526051
     768   3222.96328816
     769   3231.36223433
     770   3239.77212148
     771   3248.19292694
     772   3256.62467360
     773   3265.06733835
     774   3273.52094451
     775   3281.98546854
     776   3290.46093420
     777   3298.94731751
     778   3307.44464266
     779   3315.95288525
     780   3324.47206990
     781   3333.00217175
     782   3341.54321589
     783   3350.09517700
     784   3358.65808064
     785   3367.23190099
     786   3375.81666411
     787   3384.41234371
     788   3393.01896632
     789   3401.63650514
     790   3410.26498722
     791   3418.90438526
     792   3427.55472682
     793   3436.21598406
     794   3444.88818510
     795   3453.57130153
     796   3462.26536203
     797   3470.97033764
     798   3479.68625759
     799   3488.41309236
     800   3497.15087177
     801   3505.89956569
     802   3514.65920453
     803   3523.42975759
     804   3532.21125586
     805   3541.00366803
     806   3549.80702573
     807   3558.62129699
     808   3567.44651411
     809   3576.28264444
     810   3585.12972096
     811   3593.98771035
     812   3602.85664626
     813   3611.73649468
     814   3620.62728997
     815   3629.52899740
     816   3638.44165205
     817   3647.36521847
     818   3656.29973247
     819   3665.24515785
     820   3674.20153118
     821   3683.16881549
     822   3692.14704815
     823   3701.13619135
     824   3710.13628331
     825   3719.14728539
     826   3728.16923663
     827   3737.20209755
     828   3746.24590806
     829   3755.30062779
     830   3764.36629754
     831   3773.44287603
     832   3782.53040501
     833   3791.62884224
     834   3800.73823041
     835   3809.85852634
     836   3818.98977369
     837   3828.13192828
     838   3837.28503477
     839   3846.44904797
     840   3855.62401359
     841   3864.80988536
     842   3874.00671008
     843   3883.21444037
     844   3892.43312415
     845   3901.66271291
     846   3910.90325573
     847   3920.15470291
     848   3929.41710473
     849   3938.69041028
     850   3947.97467107
     851   3957.26983493
     852   3966.57595465
     853   3975.89297676
     854   3985.22095538
     855   3994.55983568
     856   4003.90967316
     857   4013.27041158
     858   4022.64210787
     859   4032.02470436
     860   4041.41825941
     861   4050.82271388
     862   4060.23812767
     863   4069.66444005
     864   4079.10171252
     865   4088.54988273
     866   4098.00901383
     867   4107.47904179
     868   4116.96003147
     869   4126.45191710
     870   4135.95476530
     871   4145.46850851
     872   4154.99321518
     873   4164.52881586
     874   4174.07538095
     875   4183.63283901
     876   4193.20126245
     877   4202.78057779
     878   4212.37085951
     879   4221.97203202
     880   4231.58417196
     881   4241.20720153
     882   4250.84119962
     883   4260.48608612
     884   4270.14194229
     885   4279.80868560
     886   4289.48639977
     887   4299.17499977
     888   4308.87457185
     889   4318.58502839
     890   4328.30645832
     891   4338.03877125
     892   4347.78205894
     893   4357.53622811
     894   4367.30137346
     895   4377.07739872
     896   4386.86440164
     897   4396.66228282
     898   4406.47114321
     899   4416.29088013
     900   4426.12159788
     901   4435.96319036
     902   4445.81576538
     903   4455.67921322
     904   4465.55364539
     905   4475.43894838
     906   4485.33523760
     907   4495.24239552
     908   4505.16054166
     909   4515.08955428
     910   4525.02955722
     911   4534.98042431
     912   4544.94228391
     913   4554.91500521
     914   4564.89872134
     915   4574.89329658
     916   4584.89886910
     917   4594.91529800
     918   4604.94272676
     919   4614.98100901
     920   4625.03029387
     921   4635.09042916
     922   4645.16156994
     923   4655.24355793
     924   4665.33655448
     925   4675.44039481
     926   4685.55524696
     927   4695.68093925
     928   4705.81764683
     929   4715.96519067
     930   4726.12375348
     931   4736.29314845
     932   4746.47356630
     933   4756.66481194
     934   4766.86708464
     935   4777.08018046
     936   4787.30430781
     937   4797.53925328
     938   4807.78523506
     939   4818.04202964
     940   4828.30986563
     941   4838.58850871
     942   4848.87819868
     943   4859.17868964
     944   4869.49023337
     945   4879.81257150
     946   4890.14596875
     947   4900.49015333
     948   4910.84540385
     949   4921.21143407
     950   4931.58853761
     951   4941.97641263
     952   4952.37536894
     953   4962.78508781
     954   4973.20589663
     955   4983.63745837
     956   4994.08011945
     957   5004.53352294
     958   5014.99803599
     959   5025.47328009
     960   5035.95964489
     961   5046.45672825
     962   5056.96494448
     963   5067.48386578
     964   5078.01393324
     965   5088.55469085
     966   5099.10660916
     967   5109.66920157
     968   5120.24297059
     969   5130.82739581
     970   5141.42301503
     971   5152.02927138
     972   5162.64674071
     973   5173.27482578
     974   5183.91414445
     975   5194.56405649
     976   5205.22522438
     977   5215.89696054
     978   5226.57997626
     979   5237.27353510
     980   5247.97839826
     981   5258.69377669
     982   5269.42048438
     983   5280.15768220
     984   5290.90623301
     985   5301.66524767
     986   5312.43563514
     987   5323.21647002
     988   5334.00868960
     989   5344.81134509
     990   5355.62538198
     991   5366.44987065
     992   5377.28571179
     993   5388.13204327
     994   5398.98965473
     995   5409.85786337
     996   5420.73721075
     997   5431.62733070
     998   5442.52833795
     999   5453.44045152
    1000   5464.36303534
    1001   5475.29723325
    1002   5486.24123337
    1003   5497.19768949
    1004   5508.16292859
    1005   5519.14183664
    1006   5530.12803033
    1007   5541.12966962
    1008   5552.13654920
    1009   5563.16116332
    1010   5574.18851771
    1011   5585.23608792
    1012   5596.28413164
    1013   5607.35397884
    1014   5618.42443921
    1015   5629.51330216
    1016   5640.61066285
    1017   5651.71148139
    1018   5662.84799421
    1019   5673.94358966
    1020   5685.13699261
    1021   5696.20685073
    1022   5707.48665018
    1023   5718.50407757
    1024   5729.93036559
 ---------------------------------------
 
SCF converged! Final Ground-State Energy (Eh):              -3.2219422056013274
