 
     Two-Electron DVR    
 ------------------------
 x0     =      15.00000000
 m      =       1.00000000
 Z      =       1.00000000
 n      =             2048
 dx     =       0.01465559
 
Soft-Coulomb Parameters:
 alpha  =       0.01000000
 beta   =       0.10000000
 
 
                       Hartree-Fock                      
 --------------------------------------------------------
 no. of orbitals        =             2048
 no. of electrons       =                2
 scf_damping_switch     =        F
 scf_diis_switch        =        F
 damping_factor         =   0.00000000
 e_tolerance            = 0.0000000000100000
 maximum scf-iterations =              200
 
 
                       SCF iterations                      
 ----------------------------------------------------------
    S.No    Energy (hartree)        dE (hartree)
 ----------------------------------------------------------
       0     -7.637232346632
       1     -5.428364054386      2.208868292246
       2     -5.477006003158      0.048641948772
       3     -5.478104813311      0.001098810153
       4     -5.478131839455      0.000027026143
       5     -5.478132580003      0.000000740548
       6     -5.478132601791      0.000000021788
       7     -5.478132602456      0.000000000665
       8     -5.478132602478      0.000000000022
       9     -5.478132602476      0.000000000002
 ----------------------------------------------------------
  
 
 
 ---------------------------------------
     Molecular Orbital Energies (Eh)    
 ---------------------------------------
       1     -1.68859173
       2      0.14426052
       3      0.14426963
       4      0.25474696
       5      0.25493742
       6      0.39809582
       7      0.39934610
       8      0.57775640
       9      0.58230197
      10      0.79484952
      11      0.80648632
      12      1.04961122
      13      1.07333156
      14      1.34231313
      15      1.38352188
      16      1.67377889
      17      1.73734428
      18      2.04537397
      19      2.13489605
      20      2.45860403
      21      2.57619257
      22      2.91470219
      23      3.06121885
      24      3.41446330
      25      3.58995245
      26      3.95829774
      27      4.16237277
      28      4.54636299
      29      4.77846403
      30      5.17867957
      31      5.43821567
      32      5.85520604
      33      6.14162168
      34      6.57587992
      35      6.88867969
      36      7.34063741
      37      7.67939007
      38      8.14942146
      39      8.51375517
      40      9.00218422
      41      9.39177875
      42      9.89888692
      43     10.31346549
      44     10.83949877
      45     11.27882064
      46     11.82399562
      47     12.28784981
      48     12.85235862
      49     13.34055874
      50     13.92457316
      51     14.43695317
      52     15.04062789
      53     15.57703880
      54     16.20051402
      55     16.76082114
      56     17.40422473
      57     17.98830555
      58     18.65175471
      59     19.25949714
      60     19.94309981
      61     20.57440083
      62     21.27825680
      63     21.93302126
      64     22.65722312
      65     23.33536284
      66     24.07999674
      67     24.78142975
      68     25.54657605
      69     26.27122593
      70     27.05695974
      71     27.80475508
      72     28.61114675
      73     29.38202068
      74     30.20913621
      75     31.00302603
      76     31.85092739
      77     32.66777418
      78     33.53651966
      79     34.37626803
      80     35.26591250
      81     36.12851029
      82     37.03910543
      83     37.92450349
      84     38.85609804
      85     39.76425000
      86     40.71688995
      87     41.64775206
      88     42.62148083
      89     43.57501175
      90     44.56987034
      91     45.54603102
      92     46.56205820
      93     47.56081170
      94     48.59804413
      95     49.61935550
      96     50.67782784
      97     51.72166403
      98     52.80140908
      99     53.86773878
     100     54.96878760
     101     56.05758116
     102     57.17996317
     103     58.29119249
     104     59.43493553
     105     60.56857401
     106     61.73370448
     107     62.88972686
     108     64.07626977
     109     65.25465214
     110     66.46263120
     111     67.66335085
     112     68.89278855
     113     70.11582396
     114     71.36674161
     115     72.61207234
     116     73.88449019
     117     75.15209685
     118     76.44603407
     119     77.73589826
     120     79.05137309
     121     80.36347731
     122     81.70050703
     123     83.03483470
     124     84.39343573
     125     85.74997107
     126     87.13015899
     127     88.50888703
     128     89.91067666
     129     91.31158316
     130     92.73498855
     131     94.15806000
     132     95.60309451
     133     97.04831804
     134     98.51499438
     135     99.98235777
     136    101.47068799
     137    102.96017963
     138    104.47017520
     139    105.98178405
     140    107.51345587
     141    109.04717141
     142    110.60052985
     143    112.15634209
     144    113.73139701
     145    115.30929644
     146    116.90605720
     147    118.50603479
     148    120.12451031
     149    121.74655746
     150    123.38675621
     151    125.03086472
     152    126.69279478
     153    128.35895686
     154    130.04262591
     155    131.73083414
     156    133.43624947
     157    135.14649680
     158    136.87366537
     159    138.60594507
     160    140.35487349
     161    142.10917918
     162    143.87987374
     163    145.65619931
     164    147.44866602
     165    149.24700568
     166    151.06125024
     167    152.88159845
     168    154.71762630
     169    156.55997781
     170    158.41779412
     171    160.28214391
     172    162.16175362
     173    164.04809692
     174    165.94950471
     175    167.85783696
     176    169.78104731
     177    171.71136419
     178    173.65638136
     179    175.60867873
     180    177.57550677
     181    179.54978070
     182    181.53842349
     183    183.53467022
     184    185.54513144
     185    187.56334740
     186    189.59563055
     187    191.63581234
     188    193.68992078
     189    195.75206514
     190    197.82800205
     191    199.91210590
     192    202.00987431
     193    204.11593469
     194    206.23553751
     195    208.36355160
     196    210.50499160
     197    212.65495672
     198    214.81823651
     199    216.99015011
     200    219.17527222
     201    221.36913185
     202    223.57609866
     203    225.79190200
     204    228.02071580
     205    230.25846063
     206    232.50912359
     207    234.76880779
     208    237.04132199
     209    239.32294355
     210    241.61731096
     211    243.92086795
     212    246.23709047
     213    248.56258105
     214    250.90066048
     215    253.24808289
     216    255.60802094
     217    257.97737353
     218    260.35917184
     219    262.75045300
     220    265.15411314
     221    267.56732135
     222    269.99284480
     223    272.42797862
     224    274.87536681
     225    277.33242484
     226    279.80167912
     227    282.28066005
     228    284.77178172
     229    287.27268428
     230    289.78567458
     231    292.30849756
     232    294.84335767
     233    297.38809993
     234    299.94483097
     235    302.51149142
     236    305.09009446
     237    307.67867204
     238    310.27914811
     239    312.88964184
     240    315.51199191
     241    318.14440082
     242    320.78862584
     243    323.44294902
     244    326.10904987
     245    328.78528646
     246    331.47326399
     247    334.17141316
     248    336.88126819
     249    339.60132914
     250    342.33306244
     251    345.07503442
     252    347.82864673
     253    350.59252901
     254    353.36802105
     255    356.15381294
     256    358.95118537
     257    361.75888623
     258    364.57813969
     259    367.40774888
     260    370.24888400
     261    373.10040092
     262    375.96341828
     263    378.83684235
     264    381.72174252
     265    384.61707320
     266    387.52385670
     267    390.44109347
     268    393.36976083
     269    396.30890318
     270    399.25945487
     271    402.22050234
     272    405.19293884
     273    408.17589097
     274    411.17021272
     275    414.17506906
     276    417.19127649
     277    420.21803664
     278    423.25613015
     279    426.30479371
     280    429.36477370
     281    432.43534029
     282    435.51720712
     283    438.60967638
     284    441.71343041
     285    444.82780199
     286    447.95344355
     287    451.08971713
     288    454.23724655
     289    457.39542181
     290    460.56483940
     291    463.74491603
     292    466.93622209
     293    470.13819981
     294    473.35139462
     295    476.57527315
     296    479.81035697
     297    483.05613606
     298    486.31310915
     299    489.58078854
     300    492.85965116
     301    496.14923060
     302    499.44998297
     303    502.76146225
     304    506.08410460
     305    509.41748349
     306    512.76201604
     307    516.11729433
     308    519.48371728
     309    522.86089477
     310    526.24920832
     311    529.64828483
     312    533.05848916
     313    536.47946450
     314    539.91155979
     315    543.35443378
     316    546.80842022
     317    550.27319269
     318    553.74907043
     319    557.23574123
     320    560.73351042
     321    564.24207941
     322    567.76174020
     323    571.29220722
     324    574.83375976
     325    578.38612467
     326    581.94956910
     327    585.52383177
     328    589.10916821
     329    592.70532852
     330    596.31255710
     331    599.93061492
     332    603.55973576
     333    607.19969098
     334    610.85070420
     335    614.51255670
     336    618.18546240
     337    621.86921208
     338    625.56401037
     339    629.26965714
     340    632.98634811
     341    636.71389186
     342    640.45247562
     343    644.20191626
     344    647.96239289
     345    651.73373033
     346    655.51609993
     347    659.30933409
     348    663.11359673
     349    666.92872753
     350    670.75488330
     351    674.59191065
     352    678.43995963
     353    682.29888347
     354    686.16882572
     355    690.04964598
     356    693.94148157
     357    697.84419818
     358    701.75792718
     359    705.68254008
     360    709.61816256
     361    713.56467168
     362    717.52218770
     363    721.49059299
     364    725.47000260
     365    729.46030400
     366    733.46160726
     367    737.47380471
     368    741.49700168
     369    745.53109514
     370    749.57618587
     371    753.63217529
     372    757.69915982
     373    761.77704514
     374    765.86592353
     375    769.96570472
     376    774.07647700
     377    778.19815402
     378    782.33082024
     379    786.47439304
     380    790.62895324
     381    794.79442178
     382    798.97087601
     383    803.15824025
     384    807.35658854
     385    811.56584845
     386    815.78609083
     387    820.01724639
     388    824.25938289
     389    828.51243405
     390    832.77646472
     391    837.05141146
     392    841.33733632
     393    845.63417860
     394    849.94199769
     395    854.26073548
     396    858.59044882
     397    862.93108211
     398    867.28268973
     399    871.64521848
     400    876.01872041
     401    880.40314459
     402    884.79854086
     403    889.20486046
     404    893.62215109
     405    898.05036608
     406    902.48955109
     407    906.93966145
     408    911.40074086
     409    915.87274658
     410    920.35572041
     411    924.84962146
     412    929.35448975
     413    933.87028610
     414    938.39704886
     415    942.93474051
     416    947.48339775
     417    952.04298468
     418    956.61353642
     419    961.19501861
     420    965.78746488
     421    970.39084232
     422    975.00518312
     423    979.63045579
     424    984.26669114
     425    988.91385904
     426    993.57198896
     427    998.24105206
     428   1002.92107656
     429   1007.61203485
     430   1012.31395395
     431   1017.02680742
     432   1021.75062114
     433   1026.48536978
     434   1031.23107812
     435   1035.98772191
     436   1040.75532489
     437   1045.53386383
     438   1050.32336146
     439   1055.12379554
     440   1059.93518783
     441   1064.75751704
     442   1069.59080399
     443   1074.43502832
     444   1079.29020996
     445   1084.15632940
     446   1089.03340573
     447   1093.92142027
     448   1098.82039131
     449   1103.73030094
     450   1108.65116669
     451   1113.58297141
     452   1118.52573188
     453   1123.47943168
     454   1128.44408688
     455   1133.41968175
     456   1138.40623169
     457   1143.40372162
     458   1148.41216631
     459   1153.43155131
     460   1158.46189075
     461   1163.50317080
     462   1168.55540500
     463   1173.61858010
     464   1178.69270907
     465   1183.77777922
     466   1188.87380297
     467   1193.98076815
     468   1199.09868668
     469   1204.22754690
     470   1209.36736022
     471   1214.51811547
     472   1219.67982359
     473   1224.85247386
     474   1230.03607678
     475   1235.23062208
     476   1240.43611980
     477   1245.65256012
     478   1250.87995265
     479   1256.11828798
     480   1261.36757534
     481   1266.62780568
     482   1271.89898786
     483   1277.18111321
     484   1282.47419022
     485   1287.77821058
     486   1293.09318242
     487   1298.41909778
     488   1303.75596446
     489   1309.10377482
     490   1314.46253635
     491   1319.83224171
     492   1325.21289808
     493   1330.60449843
     494   1336.00704965
     495   1341.42054500
     496   1346.84499108
     497   1352.28038142
     498   1357.72672236
     499   1363.18400769
     500   1368.65224349
     501   1374.13142381
     502   1379.62155448
     503   1385.12262979
     504   1390.63465533
     505   1396.15762562
     506   1401.69154603
     507   1407.23641131
     508   1412.79222660
     509   1418.35898686
     510   1423.93669703
     511   1429.52535227
     512   1435.12495733
     513   1440.73550755
     514   1446.35700750
     515   1451.98945270
     516   1457.63284754
     517   1463.28718772
     518   1468.95247745
     519   1474.62871261
     520   1480.31589724
     521   1486.01402737
     522   1491.72310691
     523   1497.44313202
     524   1503.17410645
     525   1508.91602654
     526   1514.66889588
     527   1520.43271094
     528   1526.20747519
     529   1531.99318523
     530   1537.78984439
     531   1543.59744940
     532   1549.41600348
     533   1555.24550347
     534   1561.08595246
     535   1566.93734742
     536   1572.79969133
     537   1578.67298127
     538   1584.55722010
     539   1590.45240501
     540   1596.35853876
     541   1602.27561865
     542   1608.20364733
     543   1614.14262219
     544   1620.09254580
     545   1626.05341564
     546   1632.02523418
     547   1638.00799899
     548   1644.00171246
     549   1650.00637225
     550   1656.02198065
     551   1662.04853542
     552   1668.08603876
     553   1674.13448850
     554   1680.19388678
     555   1686.26423150
     556   1692.34552472
     557   1698.43776441
     558   1704.54095258
     559   1710.65508725
     560   1716.78017036
     561   1722.91620001
     562   1729.06317806
     563   1735.22110269
     564   1741.38997570
     565   1747.56979530
     566   1753.76056326
     567   1759.96227784
     568   1766.17494075
     569   1772.39855032
     570   1778.63310818
     571   1784.87861273
     572   1791.13506555
     573   1797.40246507
     574   1803.68081285
     575   1809.97010736
     576   1816.27035010
     577   1822.58153959
     578   1828.90367729
     579   1835.23676177
     580   1841.58079443
     581   1847.93577389
     582   1854.30170152
     583   1860.67857597
     584   1867.06639857
     585   1873.46516800
     586   1879.87488556
     587   1886.29554998
     588   1892.72716252
     589   1899.16972193
     590   1905.62322944
     591   1912.08768383
     592   1918.56308632
     593   1925.04943570
     594   1931.54673316
     595   1938.05497754
     596   1944.57416997
     597   1951.10430934
     598   1957.64539676
     599   1964.19743112
     600   1970.76041351
     601   1977.33434287
     602   1983.91922025
     603   1990.51504460
     604   1997.12181696
     605   2003.73953631
     606   2010.36820365
     607   2017.00781800
     608   2023.65838033
     609   2030.31988967
     610   2036.99234700
     611   2043.67575134
     612   2050.37010365
     613   2057.07540299
     614   2063.79165030
     615   2070.51884464
     616   2077.25698695
     617   2084.00607629
     618   2090.76611359
     619   2097.53709793
     620   2104.31903023
     621   2111.11190958
     622   2117.91573687
     623   2124.73051123
     624   2131.55623353
     625   2138.39290289
     626   2145.24052019
     627   2152.09908456
     628   2158.96859686
     629   2165.84905625
     630   2172.74046355
     631   2179.64281794
     632   2186.55612025
     633   2193.48036966
     634   2200.41556698
     635   2207.36171140
     636   2214.31880373
     637   2221.28684317
     638   2228.26583051
     639   2235.25576496
     640   2242.25664731
     641   2249.26847678
     642   2256.29125415
     643   2263.32497864
     644   2270.36965102
     645   2277.42527053
     646   2284.49183793
     647   2291.56935246
     648   2298.65781488
     649   2305.75722443
     650   2312.86758187
     651   2319.98888645
     652   2327.12113891
     653   2334.26433851
     654   2341.41848600
     655   2348.58358063
     656   2355.75962314
     657   2362.94661280
     658   2370.14455034
     659   2377.35343503
     660   2384.57326759
     661   2391.80404731
     662   2399.04577491
     663   2406.29844966
     664   2413.56207229
     665   2420.83664208
     666   2428.12215974
     667   2435.41862456
     668   2442.72603726
     669   2450.04439712
     670   2457.37370485
     671   2464.71395975
     672   2472.06516252
     673   2479.42731246
     674   2486.80041027
     675   2494.18445525
     676   2501.57944810
     677   2508.98538812
     678   2516.40227601
     679   2523.83011108
     680   2531.26889402
     681   2538.71862413
     682   2546.17930211
     683   2553.65092727
     684   2561.13350030
     685   2568.62702051
     686   2576.13148859
     687   2583.64690385
     688   2591.17326698
     689   2598.71057729
     690   2606.25883548
     691   2613.81804084
     692   2621.38819408
     693   2628.96929449
     694   2636.56134279
     695   2644.16433826
     696   2651.77828162
     697   2659.40317215
     698   2667.03901056
     699   2674.68579615
     700   2682.34352962
     701   2690.01221027
     702   2697.69183880
     703   2705.38241452
     704   2713.08393812
     705   2720.79640889
     706   2728.51982756
     707   2736.25419340
     708   2743.99950713
     709   2751.75576804
     710   2759.52297684
     711   2767.30113282
     712   2775.09023669
     713   2782.89028774
     714   2790.70128668
     715   2798.52323280
     716   2806.35612682
     717   2814.19996801
     718   2822.05475710
     719   2829.92049337
     720   2837.79717754
     721   2845.68480888
     722   2853.58338813
     723   2861.49291456
     724   2869.41338888
     725   2877.34481039
     726   2885.28717980
     727   2893.24049638
     728   2901.20476088
     729   2909.17997255
     730   2917.16613213
     731   2925.16323888
     732   2933.17129355
     733   2941.19029539
     734   2949.22024514
     735   2957.26114207
     736   2965.31298692
     737   2973.37577893
     738   2981.44951887
     739   2989.53420598
     740   2997.62984102
     741   3005.73642322
     742   3013.85395335
     743   3021.98243064
     744   3030.12185587
     745   3038.27222826
     746   3046.43354859
     747   3054.60581608
     748   3062.78903151
     749   3070.98319410
     750   3079.18830463
     751   3087.40436232
     752   3095.63136795
     753   3103.86932075
     754   3112.11822149
     755   3120.37806939
     756   3128.64886524
     757   3136.93060824
     758   3145.22329920
     759   3153.52693732
     760   3161.84152339
     761   3170.16705661
     762   3178.50353780
     763   3186.85096613
     764   3195.20934243
     765   3203.57866588
     766   3211.95893729
     767   3220.35015586
     768   3228.75232239
     769   3237.16543608
     770   3245.58949773
     771   3254.02450653
     772   3262.47046331
     773   3270.92736723
     774   3279.39521913
     775   3287.87401817
     776   3296.36376520
     777   3304.86445937
     778   3313.37610152
     779   3321.89869081
     780   3330.43222809
     781   3338.97671252
     782   3347.53214493
     783   3356.09852448
     784   3364.67585203
     785   3373.26412671
     786   3381.86334939
     787   3390.47351920
     788   3399.09463702
     789   3407.72670197
     790   3416.36971492
     791   3425.02367501
     792   3433.68858311
     793   3442.36443833
     794   3451.05124157
     795   3459.74899193
     796   3468.45769031
     797   3477.17733582
     798   3485.90792935
     799   3494.64947000
     800   3503.40195867
     801   3512.16539447
     802   3520.93977829
     803   3529.72510924
     804   3538.52138821
     805   3547.32861431
     806   3556.14678843
     807   3564.97590968
     808   3573.81597896
     809   3582.66699536
     810   3591.52895980
     811   3600.40187135
     812   3609.28573095
     813   3618.18053766
     814   3627.08629242
     815   3636.00299429
     816   3644.93064421
     817   3653.86924124
     818   3662.81878632
     819   3671.77927851
     820   3680.75071876
     821   3689.73310612
     822   3698.72644154
     823   3707.73072406
     824   3716.74595465
     825   3725.77213234
     826   3734.80925810
     827   3743.85733096
     828   3752.91635190
     829   3761.98631993
     830   3771.06723604
     831   3780.15909924
     832   3789.26191053
     833   3798.37566891
     834   3807.50037538
     835   3816.63602894
     836   3825.78263059
     837   3834.94017933
     838   3844.10867616
     839   3853.28812008
     840   3862.47851210
     841   3871.67985120
     842   3880.89213841
     843   3890.11537270
     844   3899.34955509
     845   3908.59468457
     846   3917.85076216
     847   3927.11778682
     848   3936.39575960
     849   3945.68467945
     850   3954.98454743
     851   3964.29536248
     852   3973.61712565
     853   3982.94983589
     854   3992.29349427
     855   4001.64809971
     856   4011.01365328
     857   4020.39015392
     858   4029.77760270
     859   4039.17599854
     860   4048.58534252
     861   4058.00563356
     862   4067.43687275
     863   4076.87905900
     864   4086.33219340
     865   4095.79627485
     866   4105.27130446
     867   4114.75728112
     868   4124.25420594
     869   4133.76207782
     870   4143.28089786
     871   4152.81066494
     872   4162.35138020
     873   4171.90304250
     874   4181.46565297
     875   4191.03921049
     876   4200.62371619
     877   4210.21916892
     878   4219.82556984
     879   4229.44291780
     880   4239.07121395
     881   4248.71045713
     882   4258.36064850
     883   4268.02178690
     884   4277.69387351
     885   4287.37690714
     886   4297.07088897
     887   4306.77581783
     888   4316.49169490
     889   4326.21851899
     890   4335.95629129
     891   4345.70501062
     892   4355.46467816
     893   4365.23529272
     894   4375.01685550
     895   4384.80936530
     896   4394.61282332
     897   4404.42722836
     898   4414.25258162
     899   4424.08888190
     900   4433.93613041
     901   4443.79432593
     902   4453.66346970
     903   4463.54356046
     904   4473.43459947
     905   4483.33658548
     906   4493.24951975
     907   4503.17340101
     908   4513.10823053
     909   4523.05400704
     910   4533.01073182
     911   4542.97840359
     912   4552.95702362
     913   4562.94659065
     914   4572.94710594
     915   4582.95856822
     916   4592.98097878
     917   4603.01433632
     918   4613.05864215
     919   4623.11389495
     920   4633.18009604
     921   4643.25724411
     922   4653.34534047
     923   4663.44438380
     924   4673.55437544
     925   4683.67531404
     926   4693.80720094
     927   4703.95003482
     928   4714.10381700
     929   4724.26854614
     930   4734.44422360
     931   4744.63084802
     932   4754.82842077
     933   4765.03694046
     934   4775.25640849
     935   4785.48682346
     936   4795.72818677
     937   4805.98049703
     938   4816.24375562
     939   4826.51796116
     940   4836.80311505
     941   4847.09921587
     942   4857.40626505
     943   4867.72426116
     944   4878.05320563
     945   4888.39309703
     946   4898.74393680
     947   4909.10572349
     948   4919.47845856
     949   4929.86214055
     950   4940.25677091
     951   4950.66234819
     952   4961.07887386
     953   4971.50634644
     954   4981.94476741
     955   4992.39413530
     956   5002.85445157
     957   5013.32571476
     958   5023.80792635
     959   5034.30108484
     960   5044.80519174
     961   5055.32024554
     962   5065.84624775
     963   5076.38319686
     964   5086.93109438
     965   5097.48993881
     966   5108.05973165
     967   5118.64047139
     968   5129.23215955
     969   5139.83479460
     970   5150.44837808
     971   5161.07290846
     972   5171.70838726
     973   5182.35481296
     974   5193.01218709
     975   5203.68050811
     976   5214.35977757
     977   5225.04999392
     978   5235.75115871
     979   5246.46327038
     980   5257.18633051
     981   5267.92033751
     982   5278.66529297
     983   5289.42119530
     984   5300.18804611
     985   5310.96584377
     986   5321.75458992
     987   5332.55428292
     988   5343.36492440
     989   5354.18651274
     990   5365.01904958
     991   5375.86253326
     992   5386.71696544
     993   5397.58234446
     994   5408.45867199
     995   5419.34594636
     996   5430.24416924
     997   5441.15333896
     998   5452.07345719
     999   5463.00452226
    1000   5473.94653585
    1001   5484.89949627
    1002   5495.86340522
    1003   5506.83826100
    1004   5517.82406531
    1005   5528.82081644
    1006   5539.82851612
    1007   5550.84716261
    1008   5561.87675765
    1009   5572.91729950
    1010   5583.96878991
    1011   5595.03122713
    1012   5606.10461291
    1013   5617.18894549
    1014   5628.28422664
    1015   5639.39045460
    1016   5650.50763112
    1017   5661.63575445
    1018   5672.77482635
    1019   5683.92484505
    1020   5695.08581233
    1021   5706.25772641
    1022   5717.44058907
    1023   5728.63439852
    1024   5739.83915657
    1025   5751.05486140
    1026   5762.28151484
    1027   5773.51911506
    1028   5784.76766388
    1029   5796.02715948
    1030   5807.29760370
    1031   5818.57899469
    1032   5829.87133430
    1033   5841.17462067
    1034   5852.48885569
    1035   5863.81403745
    1036   5875.15016786
    1037   5886.49724502
    1038   5897.85527083
    1039   5909.22424339
    1040   5920.60416461
    1041   5931.99503256
    1042   5943.39684918
    1043   5954.80961254
    1044   5966.23332457
    1045   5977.66798333
    1046   5989.11359077
    1047   6000.57014494
    1048   6012.03764779
    1049   6023.51609737
    1050   6035.00549564
    1051   6046.50584062
    1052   6058.01713431
    1053   6069.53937471
    1054   6081.07256382
    1055   6092.61669964
    1056   6104.17178417
    1057   6115.73781540
    1058   6127.31479536
    1059   6138.90272201
    1060   6150.50159740
    1061   6162.11141947
    1062   6173.73219029
    1063   6185.36390779
    1064   6197.00657404
    1065   6208.66018697
    1066   6220.32474865
    1067   6232.00025701
    1068   6243.68671413
    1069   6255.38411792
    1070   6267.09247049
    1071   6278.81176971
    1072   6290.54201772
    1073   6302.28321238
    1074   6314.03535583
    1075   6325.79844593
    1076   6337.57248483
    1077   6349.35747037
    1078   6361.15340472
    1079   6372.96028571
    1080   6384.77811551
    1081   6396.60689195
    1082   6408.44661720
    1083   6420.29728909
    1084   6432.15890980
    1085   6444.03147714
    1086   6455.91499331
    1087   6467.80945610
    1088   6479.71486774
    1089   6491.63122598
    1090   6503.55853308
    1091   6515.49678679
    1092   6527.44598936
    1093   6539.40613852
    1094   6551.37723656
    1095   6563.35928119
    1096   6575.35227470
    1097   6587.35621480
    1098   6599.37110379
    1099   6611.39693935
    1100   6623.43372382
    1101   6635.48145485
    1102   6647.54013480
    1103   6659.60976131
    1104   6671.69033673
    1105   6683.78185872
    1106   6695.88432963
    1107   6707.99774710
    1108   6720.12211349
    1109   6732.25742644
    1110   6744.40368833
    1111   6756.56089676
    1112   6768.72905414
    1113   6780.90815806
    1114   6793.09821093
    1115   6805.29921034
    1116   6817.51115871
    1117   6829.73405360
    1118   6841.96789748
    1119   6854.21268787
    1120   6866.46842724
    1121   6878.73511313
    1122   6891.01274801
    1123   6903.30132939
    1124   6915.60085978
    1125   6927.91133666
    1126   6940.23276256
    1127   6952.56513495
    1128   6964.90845636
    1129   6977.26272425
    1130   6989.62794118
    1131   7002.00410458
    1132   7014.39121703
    1133   7026.78927594
    1134   7039.19828390
    1135   7051.61823833
    1136   7064.04914182
    1137   7076.49099176
    1138   7088.94379077
    1139   7101.40753623
    1140   7113.88223077
    1141   7126.36787175
    1142   7138.86446182
    1143   7151.37199833
    1144   7163.89048393
    1145   7176.41991596
    1146   7188.96029710
    1147   7201.51162466
    1148   7214.07390134
    1149   7226.64712443
    1150   7239.23129665
    1151   7251.82641527
    1152   7264.43248303
    1153   7277.04949719
    1154   7289.67746050
    1155   7302.31637019
    1156   7314.96622905
    1157   7327.62703429
    1158   7340.29878870
    1159   7352.98148948
    1160   7365.67513944
    1161   7378.37973576
    1162   7391.09528128
    1163   7403.82177316
    1164   7416.55921423
    1165   7429.30760166
    1166   7442.06693830
    1167   7454.83722127
    1168   7467.61845348
    1169   7480.41063201
    1170   7493.21375978
    1171   7506.02783387
    1172   7518.85285721
    1173   7531.68882686
    1174   7544.53574577
    1175   7557.39361099
    1176   7570.26242547
    1177   7583.14218625
    1178   7596.03289631
    1179   7608.93455267
    1180   7621.84715830
    1181   7634.77071023
    1182   7647.70521145
    1183   7660.65065894
    1184   7673.60705575
    1185   7686.57439882
    1186   7699.55269121
    1187   7712.54192986
    1188   7725.54211785
    1189   7738.55325208
    1190   7751.57533565
    1191   7764.60836547
    1192   7777.65234464
    1193   7790.70727004
    1194   7803.77314480
    1195   7816.84996579
    1196   7829.93773616
    1197   7843.03645274
    1198   7856.14611871
    1199   7869.26673089
    1200   7882.39829246
    1201   7895.54080023
    1202   7908.69425741
    1203   7921.85866078
    1204   7935.03401358
    1205   7948.22031255
    1206   7961.41756095
    1207   7974.62575553
    1208   7987.84489955
    1209   8001.07498973
    1210   8014.31602937
    1211   8027.56801516
    1212   8040.83095042
    1213   8054.10483182
    1214   8067.38966270
    1215   8080.68543972
    1216   8093.99216623
    1217   8107.30983885
    1218   8120.63846099
    1219   8133.97802924
    1220   8147.32854701
    1221   8160.69001088
    1222   8174.06242429
    1223   8187.44578378
    1224   8200.84009282
    1225   8214.24534794
    1226   8227.66155262
    1227   8241.08870337
    1228   8254.52680369
    1229   8267.97585007
    1230   8281.43584603
    1231   8294.90678804
    1232   8308.38867965
    1233   8321.88151730
    1234   8335.38530456
    1235   8348.90003785
    1236   8362.42572076
    1237   8375.96234969
    1238   8389.50992826
    1239   8403.06845283
    1240   8416.63792706
    1241   8430.21834728
    1242   8443.80971716
    1243   8457.41203303
    1244   8471.02529857
    1245   8484.64951009
    1246   8498.28467130
    1247   8511.93077848
    1248   8525.58783535
    1249   8539.25583818
    1250   8552.93479073
    1251   8566.62468922
    1252   8580.32553744
    1253   8594.03733158
    1254   8607.76007548
    1255   8621.49376529
    1256   8635.23840486
    1257   8648.99399034
    1258   8662.76052560
    1259   8676.53800674
    1260   8690.32643768
    1261   8704.12581449
    1262   8717.93614112
    1263   8731.75741361
    1264   8745.58963592
    1265   8759.43280408
    1266   8773.28692208
    1267   8787.15198593
    1268   8801.02799962
    1269   8814.91495914
    1270   8828.81286853
    1271   8842.72172374
    1272   8856.64152882
    1273   8870.57227972
    1274   8884.51398051
    1275   8898.46662709
    1276   8912.43022358
    1277   8926.40476585
    1278   8940.39025804
    1279   8954.38669601
    1280   8968.39408391
    1281   8982.41241757
    1282   8996.44170119
    1283   9010.48193055
    1284   9024.53310987
    1285   9038.59523493
    1286   9052.66830998
    1287   9066.75233074
    1288   9080.84730150
    1289   9094.95321796
    1290   9109.07008445
    1291   9123.19789662
    1292   9137.33665883
    1293   9151.48636671
    1294   9165.64702464
    1295   9179.81862824
    1296   9194.00118189
    1297   9208.19468120
    1298   9222.39913059
    1299   9236.61452562
    1300   9250.84087074
    1301   9265.07816149
    1302   9279.32640235
    1303   9293.58558882
    1304   9307.85572541
    1305   9322.13680761
    1306   9336.42883994
    1307   9350.73181786
    1308   9365.04574594
    1309   9379.37061959
    1310   9393.70644342
    1311   9408.05321279
    1312   9422.41093237
    1313   9436.77959748
    1314   9451.15921280
    1315   9465.54977365
    1316   9479.95128473
    1317   9494.36374131
    1318   9508.78714815
    1319   9523.22150047
    1320   9537.66680306
    1321   9552.12305113
    1322   9566.59024948
    1323   9581.06839329
    1324   9595.55748741
    1325   9610.05752697
    1326   9624.56851684
    1327   9639.09045216
    1328   9653.62333780
    1329   9668.16716886
    1330   9682.72195028
    1331   9697.28767709
    1332   9711.86435428
    1333   9726.45197685
    1334   9741.05054981
    1335   9755.66006814
    1336   9770.28053688
    1337   9784.91195097
    1338   9799.55431549
    1339   9814.20762534
    1340   9828.87188564
    1341   9843.54709126
    1342   9858.23324734
    1343   9872.93034873
    1344   9887.63840060
    1345   9902.35739775
    1346   9917.08734541
    1347   9931.82823834
    1348   9946.58008179
    1349   9961.34287049
    1350   9976.11660973
    1351   9990.90129421
    1352  10005.69692924
    1353  10020.50350950
    1354  10035.32104033
    1355  10050.14951637
    1356  10064.98894300
    1357  10079.83931482
    1358  10094.70063726
    1359  10109.57290486
    1360  10124.45612310
    1361  10139.35028649
    1362  10154.25540054
    1363  10169.17145972
    1364  10184.09846957
    1365  10199.03642454
    1366  10213.98533021
    1367  10228.94518097
    1368  10243.91598245
    1369  10258.89772901
    1370  10273.89042630
    1371  10288.89406866
    1372  10303.90866177
    1373  10318.93419993
    1374  10333.97068885
    1375  10349.01812282
    1376  10364.07650756
    1377  10379.14583733
    1378  10394.22611790
    1379  10409.31734347
    1380  10424.41951987
    1381  10439.53264124
    1382  10454.65671347
    1383  10469.79173066
    1384  10484.93769871
    1385  10500.09461171
    1386  10515.26247560
    1387  10530.44128441
    1388  10545.63104413
    1389  10560.83174875
    1390  10576.04340431
    1391  10591.26600476
    1392  10606.49955615
    1393  10621.74405241
    1394  10636.99949965
    1395  10652.26589173
    1396  10667.54323481
    1397  10682.83152271
    1398  10698.13076163
    1399  10713.44094537
    1400  10728.76208013
    1401  10744.09415969
    1402  10759.43719030
    1403  10774.79116569
    1404  10790.15609215
    1405  10805.53196337
    1406  10820.91878568
    1407  10836.31655273
    1408  10851.72527090
    1409  10867.14493378
    1410  10882.57554780
    1411  10898.01710652
    1412  10913.46961640
    1413  10928.93307096
    1414  10944.40747669
    1415  10959.89282709
    1416  10975.38912868
    1417  10990.89637493
    1418  11006.41457238
    1419  11021.94371446
    1420  11037.48380778
    1421  11053.03484571
    1422  11068.59683489
    1423  11084.16976867
    1424  11099.75365372
    1425  11115.34848334
    1426  11130.95426426
    1427  11146.57098973
    1428  11162.19866652
    1429  11177.83728784
    1430  11193.48686050
    1431  11209.14737768
    1432  11224.81884621
    1433  11240.50125924
    1434  11256.19462364
    1435  11271.89893253
    1436  11287.61419281
    1437  11303.34039756
    1438  11319.07755372
    1439  11334.82565432
    1440  11350.58470636
    1441  11366.35470282
    1442  11382.13565074
    1443  11397.92754307
    1444  11413.73038686
    1445  11429.54417506
    1446  11445.36891474
    1447  11461.20459879
    1448  11477.05123436
    1449  11492.90881428
    1450  11508.77734573
    1451  11524.65682152
    1452  11540.54724886
    1453  11556.44862052
    1454  11572.36094374
    1455  11588.28421127
    1456  11604.21843038
    1457  11620.16359379
    1458  11636.11970879
    1459  11652.08676807
    1460  11668.06477896
    1461  11684.05373411
    1462  11700.05364089
    1463  11716.06449193
    1464  11732.08629460
    1465  11748.11904151
    1466  11764.16274007
    1467  11780.21738287
    1468  11796.28297732
    1469  11812.35951600
    1470  11828.44700634
    1471  11844.54544090
    1472  11860.65482715
    1473  11876.77515759
    1474  11892.90643973
    1475  11909.04866605
    1476  11925.20184409
    1477  11941.36596630
    1478  11957.54104023
    1479  11973.72705833
    1480  11989.92402816
    1481  12006.13194215
    1482  12022.35080788
    1483  12038.58061776
    1484  12054.82137938
    1485  12071.07308515
    1486  12087.33574267
    1487  12103.60934433
    1488  12119.89389776
    1489  12136.18939531
    1490  12152.49584463
    1491  12168.81323808
    1492  12185.14158330
    1493  12201.48087265
    1494  12217.83111376
    1495  12234.19229901
    1496  12250.56443602
    1497  12266.94751717
    1498  12283.34155008
    1499  12299.74652712
    1500  12316.16245593
    1501  12332.58932887
    1502  12349.02715358
    1503  12365.47592243
    1504  12381.93564303
    1505  12398.40630778
    1506  12414.88792429
    1507  12431.38048494
    1508  12447.88399734
    1509  12464.39845390
    1510  12480.92386219
    1511  12497.46021465
    1512  12514.00751884
    1513  12530.56576722
    1514  12547.13496730
    1515  12563.71511158
    1516  12580.30620756
    1517  12596.90824775
    1518  12613.52123962
    1519  12630.14517572
    1520  12646.78006348
    1521  12663.42589549
    1522  12680.08267914
    1523  12696.75040707
    1524  12713.42908661
    1525  12730.11871045
    1526  12746.81928587
    1527  12763.53080563
    1528  12780.25327694
    1529  12796.98669262
    1530  12813.73105981
    1531  12830.48637140
    1532  12847.25263448
    1533  12864.02984199
    1534  12880.81800094
    1535  12897.61710438
    1536  12914.42715921
    1537  12931.24815856
    1538  12948.08010927
    1539  12964.92300455
    1540  12981.77685113
    1541  12998.64164233
    1542  13015.51738478
    1543  13032.40407191
    1544  13049.30171023
    1545  13066.21029328
    1546  13083.12982746
    1547  13100.06030645
    1548  13117.00173649
    1549  13133.95411141
    1550  13150.91743731
    1551  13167.89170816
    1552  13184.87692991
    1553  13201.87309669
    1554  13218.88021429
    1555  13235.89827701
    1556  13252.92729046
    1557  13269.96724912
    1558  13287.01815841
    1559  13304.08001301
    1560  13321.15281814
    1561  13338.23656867
    1562  13355.33126964
    1563  13372.43691612
    1564  13389.55351291
    1565  13406.68105533
    1566  13423.81954795
    1567  13440.96898632
    1568  13458.12937476
    1569  13475.30070908
    1570  13492.48299333
    1571  13509.67622360
    1572  13526.88040366
    1573  13544.09552988
    1574  13561.32160574
    1575  13578.55862793
    1576  13595.80659958
    1577  13613.06551772
    1578  13630.33538516
    1579  13647.61619927
    1580  13664.90796249
    1581  13682.21067256
    1582  13699.52433156
    1583  13716.84893760
    1584  13734.18449237
    1585  13751.53099437
    1586  13768.88844490
    1587  13786.25684288
    1588  13803.63618916
    1589  13821.02648312
    1590  13838.42772514
    1591  13855.83991508
    1592  13873.26305283
    1593  13890.69713877
    1594  13908.14217224
    1595  13925.59815416
    1596  13943.06508335
    1597  13960.54296127
    1598  13978.03178615
    1599  13995.53156007
    1600  14013.04228066
    1601  14030.56395058
    1602  14048.09656684
    1603  14065.64013278
    1604  14083.19464471
    1605  14100.76010666
    1606  14118.33651424
    1607  14135.92387222
    1608  14153.52217545
    1609  14171.13142945
    1610  14188.75162831
    1611  14206.38277835
    1612  14224.02487283
    1613  14241.67791891
    1614  14259.34190898
    1615  14277.01685111
    1616  14294.70273678
    1617  14312.39957496
    1618  14330.10735620
    1619  14347.82609045
    1620  14365.55576724
    1621  14383.29639756
    1622  14401.04796989
    1623  14418.81049629
    1624  14436.58396414
    1625  14454.36838664
    1626  14472.16374998
    1627  14489.97006859
    1628  14507.78732742
    1629  14525.61554212
    1630  14543.45469641
    1631  14561.30480725
    1632  14579.16585698
    1633  14597.03786395
    1634  14614.92080909
    1635  14632.81471221
    1636  14650.71955275
    1637  14668.63535203
    1638  14686.56208793
    1639  14704.49978339
    1640  14722.44841465
    1641  14740.40800629
    1642  14758.37853285
    1643  14776.36002071
    1644  14794.35244257
    1645  14812.35582664
    1646  14830.37014376
    1647  14848.39542407
    1648  14866.43163643
    1649  14884.47881299
    1650  14902.53692055
    1651  14920.60599339
    1652  14938.68599612
    1653  14956.77696525
    1654  14974.87886311
    1655  14992.99172856
    1656  15011.11552153
    1657  15029.25028332
    1658  15047.39597134
    1659  15065.55262949
    1660  15083.72021256
    1661  15101.89876708
    1662  15120.08824513
    1663  15138.28869607
    1664  15156.50006907
    1665  15174.72241644
    1666  15192.95568433
    1667  15211.19992818
    1668  15229.45509094
    1669  15247.72123128
    1670  15265.99828883
    1671  15284.28632571
    1672  15302.58527803
    1673  15320.89521146
    1674  15339.21605849
    1675  15357.54788853
    1676  15375.89063022
    1677  15394.24435688
    1678  15412.60899316
    1679  15430.98461651
    1680  15449.37114734
    1681  15467.76866739
    1682  15486.17709269
    1683  15504.59650951
    1684  15523.02682924
    1685  15541.46814285
    1686  15559.92035692
    1687  15578.38356739
    1688  15596.85767576
    1689  15615.34278312
    1690  15633.83878569
    1691  15652.34579000
    1692  15670.86368672
    1693  15689.39258804
    1694  15707.93237880
    1695  15726.48317719
    1696  15745.04486195
    1697  15763.61755745
    1698  15782.20113609
    1699  15800.79572880
    1700  15819.40120125
    1701  15838.01769120
    1702  15856.64505735
    1703  15875.28344464
    1704  15893.93270442
    1705  15912.59298910
    1706  15931.26414237
    1707  15949.94632455
    1708  15968.63937124
    1709  15987.34345097
    1710  16006.05839094
    1711  16024.78436833
    1712  16043.52120150
    1713  16062.26907662
    1714  16081.02780283
    1715  16099.79757580
    1716  16118.57819497
    1717  16137.36986585
    1718  16156.17237781
    1719  16174.98594675
    1720  16193.81035139
    1721  16212.64581846
    1722  16231.49211561
    1723  16250.34948097
    1724  16269.21767052
    1725  16288.09693424
    1726  16306.98701598
    1727  16325.88817824
    1728  16344.80015207
    1729  16363.72321296
    1730  16382.65707864
    1731  16401.60203834
    1732  16420.55779576
    1733  16439.52465438
    1734  16458.50230329
    1735  16477.49106103
    1736  16496.49060129
    1737  16515.50125826
    1738  16534.52268963
    1739  16553.55524605
    1740  16572.59856835
    1741  16591.65302436
    1742  16610.71823732
    1743  16629.79459315
    1744  16648.88169661
    1745  16667.97995240
    1746  16687.08894604
    1747  16706.20910207
    1748  16725.33998571
    1749  16744.48204212
    1750  16763.63481543
    1751  16782.79877252
    1752  16801.97343529
    1753  16821.15929324
    1754  16840.35584510
    1755  16859.56360423
    1756  16878.78204495
    1757  16898.01170545
    1758  16917.25203465
    1759  16936.50359687
    1760  16955.76581430
    1761  16975.03927846
    1762  16994.32338368
    1763  17013.61875016
    1764  17032.92474290
    1765  17052.24201194
    1766  17071.56989174
    1767  17090.90906376
    1768  17110.25883030
    1769  17129.61990557
    1770  17148.99155835
    1771  17168.37453734
    1772  17187.76807602
    1773  17207.17295901
    1774  17226.58838304
    1775  17246.01517055
    1776  17265.45247956
    1777  17284.90117190
    1778  17304.36036529
    1779  17323.83096303
    1780  17343.31204038
    1781  17362.80454388
    1782  17382.30750454
    1783  17401.82191441
    1784  17421.34675793
    1785  17440.88307457
    1786  17460.42980023
    1787  17479.98802431
    1788  17499.55663161
    1789  17519.13676358
    1790  17538.72725174
    1791  17558.32929233
    1792  17577.94166080
    1793  17597.56561050
    1794  17617.19985842
    1795  17636.84571805
    1796  17656.50184483
    1797  17676.16961492
    1798  17695.84761961
    1799  17715.53730105
    1800  17735.23718300
    1801  17754.94877639
    1802  17774.67053457
    1803  17794.40404089
    1804  17814.14767457
    1805  17833.90309449
    1806  17853.66860254
    1807  17873.44593712
    1808  17893.23331875
    1809  17913.03256874
    1810  17932.84182271
    1811  17952.66298928
    1812  17972.49411471
    1813  17992.33719867
    1814  18012.19019422
    1815  18032.05519687
    1816  18051.93006156
    1817  18071.81698381
    1818  18091.71371616
    1819  18111.62255942
    1820  18131.54115837
    1821  18151.47192364
    1822  18171.41238756
    1823  18191.36507640
    1824  18211.32740413
    1825  18231.30201765
    1826  18251.28620739
    1827  18271.28274731
    1828  18291.28879778
    1829  18311.30726532
    1830  18331.33517455
    1831  18351.37557161
    1832  18371.42533819
    1833  18391.48766610
    1834  18411.55928788
    1835  18431.64354874
    1836  18451.73702416
    1837  18471.84321945
    1838  18491.95854613
    1839  18512.08667817
    1840  18532.22385440
    1841  18552.37392480
    1842  18572.53294797
    1843  18592.70495931
    1844  18612.88582753
    1845  18633.07978159
    1846  18653.28249199
    1847  18673.49839158
    1848  18693.72294210
    1849  18713.96078921
    1850  18734.20717667
    1851  18754.46697442
    1852  18774.73519653
    1853  18795.01694710
    1854  18815.30700039
    1855  18835.61070721
    1856  18855.92258914
    1857  18876.24825465
    1858  18896.58196140
    1859  18916.92958937
    1860  18937.28511814
    1861  18957.65471126
    1862  18978.03205784
    1863  18998.42362028
    1864  19018.82278159
    1865  19039.23631633
    1866  19059.65728772
    1867  19080.09279936
    1868  19100.53557741
    1869  19120.99306926
    1870  19141.45764886
    1871  19161.93712599
    1872  19182.42350338
    1873  19202.92496945
    1874  19223.43313897
    1875  19243.95659960
    1876  19264.48655708
    1877  19285.03201632
    1878  19305.58375553
    1879  19326.15121958
    1880  19346.72473592
    1881  19367.31420929
    1882  19387.90949585
    1883  19408.52098539
    1884  19429.13803710
    1885  19449.77154780
    1886  19470.41035702
    1887  19491.06589647
    1888  19511.72645759
    1889  19532.40403131
    1890  19553.08633588
    1891  19573.78595231
    1892  19594.48999409
    1893  19615.21165935
    1894  19635.93742900
    1895  19656.68115242
    1896  19677.42864305
    1897  19698.19443143
    1898  19718.96363268
    1899  19739.75149637
    1900  19760.54240060
    1901  19781.35234715
    1902  19802.16494287
    1903  19822.99698378
    1904  19843.83126252
    1905  19864.68540617
    1906  19885.54135517
    1907  19906.41761435
    1908  19927.29522422
    1909  19948.19360822
    1910  19969.09286479
    1911  19990.01338784
    1912  20010.93428068
    1913  20031.87695312
    1914  20052.81946646
    1915  20073.78430413
    1916  20094.74842641
    1917  20115.73544080
    1918  20136.72115445
    1919  20157.73036323
    1920  20178.73765539
    1921  20199.76907134
    1922  20220.79792243
    1923  20241.85156528
    1924  20262.90196101
    1925  20283.97784497
    1926  20305.04976348
    1927  20326.14791060
    1928  20347.24133598
    1929  20368.36176210
    1930  20389.47666994
    1931  20410.61939972
    1932  20431.75577228
    1933  20452.92082340
    1934  20474.07863335
    1935  20495.26603343
    1936  20516.44526102
    1937  20537.65502978
    1938  20558.85564436
    1939  20580.08781280
    1940  20601.30979233
    1941  20622.56438250
    1942  20643.80769256
    1943  20665.08473928
    1944  20686.34935527
    1945  20707.64888319
    1946  20728.93476639
    1947  20750.25681472
    1948  20771.56393761
    1949  20792.90853395
    1950  20814.23685290
    1951  20835.60404149
    1952  20856.95352569
    1953  20878.34333744
    1954  20899.71393763
    1955  20921.12642254
    1956  20942.51810418
    1957  20963.95329695
    1958  20985.36600428
    1959  21006.82396157
    1960  21028.25765581
    1961  21049.73841661
    1962  21071.19303450
    1963  21092.69666313
    1964  21114.17216110
    1965  21135.69870143
    1966  21157.19500751
    1967  21178.74453279
    1968  21200.26159794
    1969  21221.83415759
    1970  21243.37189971
    1971  21264.96757736
    1972  21286.52594119
    1973  21308.14479259
    1974  21329.72368420
    1975  21351.36580512
    1976  21372.96516213
    1977  21394.63061554
    1978  21416.25033019
    1979  21437.93922607
    1980  21459.57922789
    1981  21481.29163742
    1982  21502.95180238
    1983  21524.68785221
    1984  21546.36810071
    1985  21568.12787133
    1986  21589.82806019
    1987  21611.61169784
    1988  21633.33173722
    1989  21655.13933277
    1990  21676.87905701
    1991  21698.71077968
    1992  21720.47008765
    1993  21742.32603967
    1994  21764.10473946
    1995  21785.98511674
    1996  21807.78309531
    1997  21829.68801196
    1998  21851.50504709
    1999  21873.43472953
    2000  21895.27069662
    2001  21917.22527018
    2002  21939.07991298
    2003  21961.05963775
    2004  21982.93282263
    2005  22004.93783188
    2006  22026.82926657
    2007  22048.85985481
    2008  22070.76940387
    2009  22092.82570354
    2010  22114.75304141
    2011  22136.83537594
    2012  22158.78038238
    2013  22180.88886308
    2014  22202.85119325
    2015  22224.98615271
    2016  22246.96573865
    2017  22269.12722322
    2018  22291.12373987
    2019  22313.31204020
    2020  22335.32554966
    2021  22357.54055553
    2022  22379.57084518
    2023  22401.81268816
    2024  22423.86010953
    2025  22446.12833564
    2026  22468.19299216
    2027  22490.48732103
    2028  22512.57017305
    2029  22534.88943396
    2030  22556.99132595
    2031  22579.33430554
    2032  22601.45742492
    2033  22623.82152194
    2034  22645.96830041
    2035  22668.35033994
    2036  22690.52532763
    2037  22712.91998475
    2038  22735.12886001
    2039  22757.52893658
    2040  22779.78070526
    2041  22802.17563885
    2042  22824.48351360
    2043  22846.85573875
    2044  22869.24022576
    2045  22891.56138748
    2046  22914.08082856
    2047  22936.23335316
    2048  22959.18021332
 ---------------------------------------
 
SCF converged! Final Ground-State Energy (Eh):              -5.4781326024760979
