 
     Two-Electron DVR    
 ------------------------
 x0     =      15.00000000
 m      =       1.00000000
 Z      =       3.00000000
 n      =             2048
 dx     =       0.01465559
 
Soft-Coulomb Parameters:
 alpha  =       1.00000000
 beta   =       0.10000000
 
 
                       Hartree-Fock                      
 --------------------------------------------------------
 no. of orbitals        =             2048
 no. of electrons       =                2
 scf_damping_switch     =        F
 scf_diis_switch        =        F
 damping_factor         =   0.00000000
 e_tolerance            = 0.0000000000100000
 maximum scf-iterations =              200
 
 
                       SCF iterations                      
 ----------------------------------------------------------
    S.No    Energy (hartree)        dE (hartree)
 ----------------------------------------------------------
       0     -4.671397010573
       1     -3.094220812828      1.577176197744
       2     -3.221185803975      0.126964991146
       3     -3.221921561780      0.000735757806
       4     -3.221941220207      0.000019658427
       5     -3.221942153364      0.000000933157
       6     -3.221942202683      0.000000049318
       7     -3.221942205434      0.000000002751
       8     -3.221942205591      0.000000000157
       9     -3.221942205599      0.000000000009
 ----------------------------------------------------------
  
 
 
 ---------------------------------------
     Molecular Orbital Energies (Eh)    
 ---------------------------------------
       1     -0.95623061
       2     -0.13499052
       3     -0.10685067
       4     -0.04598803
       5     -0.01651648
       6      0.05942439
       7      0.11194323
       8      0.21119108
       9      0.28969658
      10      0.40901601
      11      0.51380483
      12      0.65231377
      13      0.78266915
      14      0.94045608
      15      1.09544588
      16      1.27292005
      17      1.45171618
      18      1.64934124
      19      1.85129978
      20      2.06949095
      21      2.29414467
      22      2.53323754
      23      2.78026273
      24      3.04051342
      25      3.30969391
      26      3.59129127
      27      3.88248736
      28      4.18556793
      29      4.49869235
      30      4.82335397
      31      5.15835433
      32      5.50466712
      33      5.86151367
      34      6.22952820
      35      6.60820556
      36      6.99795876
      37      7.39846047
      38      7.80997973
      39      8.23230470
      40      8.66561076
      41      9.10976099
      42      9.56486987
      43     10.03084905
      44     10.50777340
      45     10.99558602
      46     11.49433601
      47     12.00398686
      48     12.52457086
      49     13.05606467
      50     13.59848965
      51     14.15183097
      52     14.71610283
      53     15.29129590
      54     15.87741971
      55     16.47446845
      56     17.08244858
      57     17.70135657
      58     18.33119686
      59     18.97196736
      60     19.62367116
      61     20.28630711
      62     20.95987740
      63     21.64438147
      64     22.33982090
      65     23.04619549
      66     23.76350642
      67     24.49175370
      68     25.23093824
      69     25.98106017
      70     26.74212022
      71     27.51411857
      72     28.29705583
      73     29.09093221
      74     29.89574821
      75     30.71150407
      76     31.53820021
      77     32.37583686
      78     33.22441439
      79     34.08393302
      80     34.95439308
      81     35.83579478
      82     36.72813840
      83     37.63142414
      84     38.54565226
      85     39.47082295
      86     40.40693642
      87     41.35399286
      88     42.31199247
      89     43.28093541
      90     44.26082185
      91     45.25165196
      92     46.25342590
      93     47.26614379
      94     48.28980581
      95     49.32441206
      96     50.36996269
      97     51.42645781
      98     52.49389755
      99     53.57228201
     100     54.66161131
     101     55.76188554
     102     56.87310482
     103     57.99526923
     104     59.12837886
     105     60.27243379
     106     61.42743413
     107     62.59337993
     108     63.77027129
     109     64.95810826
     110     66.15689093
     111     67.36661936
     112     68.58729361
     113     69.81891374
     114     71.06147983
     115     72.31499191
     116     73.57945006
     117     74.85485431
     118     76.14120472
     119     77.43850133
     120     78.74674421
     121     80.06593337
     122     81.39606888
     123     82.73715077
     124     84.08917908
     125     85.45215385
     126     86.82607512
     127     88.21094290
     128     89.60675726
     129     91.01351821
     130     92.43122579
     131     93.85988001
     132     95.29948093
     133     96.75002854
     134     98.21152291
     135     99.68396402
     136    101.16735193
     137    102.66168664
     138    104.16696820
     139    105.68319659
     140    107.21037187
     141    108.74849403
     142    110.29756312
     143    111.85757912
     144    113.42854209
     145    115.01045201
     146    116.60330892
     147    118.20711282
     148    119.82186374
     149    121.44756168
     150    123.08420667
     151    124.73179871
     152    126.39033782
     153    128.05982400
     154    129.74025729
     155    131.43163767
     156    133.13396517
     157    134.84723979
     158    136.57146155
     159    138.30663045
     160    140.05274652
     161    141.80980974
     162    143.57782014
     163    145.35677771
     164    147.14668249
     165    148.94753445
     166    150.75933363
     167    152.58208000
     168    154.41577361
     169    156.26041443
     170    158.11600250
     171    159.98253780
     172    161.86002035
     173    163.74845014
     174    165.64782720
     175    167.55815151
     176    169.47942310
     177    171.41164195
     178    173.35480809
     179    175.30892150
     180    177.27398221
     181    179.24999019
     182    181.23694549
     183    183.23484806
     184    185.24369796
     185    187.26349514
     186    189.29423966
     187    191.33593147
     188    193.38857061
     189    195.45215706
     190    197.52669084
     191    199.61217194
     192    201.70860038
     193    203.81597614
     194    205.93429925
     195    208.06356968
     196    210.20378747
     197    212.35495258
     198    214.51706505
     199    216.69012485
     200    218.87413203
     201    221.06908653
     202    223.27498841
     203    225.49183762
     204    227.71963421
     205    229.95837813
     206    232.20806944
     207    234.46870809
     208    236.74029413
     209    239.02282751
     210    241.31630828
     211    243.62073639
     212    245.93611190
     213    248.26243476
     214    250.59970501
     215    252.94792262
     216    255.30708762
     217    257.67719998
     218    260.05825974
     219    262.45026685
     220    264.85322137
     221    267.26712325
     222    269.69197253
     223    272.12776917
     224    274.57451323
     225    277.03220464
     226    279.50084346
     227    281.98042965
     228    284.47096325
     229    286.97244421
     230    289.48487258
     231    292.00824833
     232    294.54257149
     233    297.08784201
     234    299.64405996
     235    302.21122527
     236    304.78933800
     237    307.37839810
     238    309.97840562
     239    312.58936051
     240    315.21126283
     241    317.84411251
     242    320.48790962
     243    323.14265410
     244    325.80834601
     245    328.48498529
     246    331.17257200
     247    333.87110608
     248    336.58058759
     249    339.30101647
     250    342.03239278
     251    344.77471647
     252    347.52798759
     253    350.29220608
     254    353.06737200
     255    355.85348530
     256    358.65054604
     257    361.45855414
     258    364.27750969
     259    367.10741261
     260    369.94826297
     261    372.80006069
     262    375.66280587
     263    378.53649841
     264    381.42113840
     265    384.31672575
     266    387.22326056
     267    390.14074273
     268    393.06917235
     269    396.00854934
     270    398.95887378
     271    401.92014559
     272    404.89236485
     273    407.87553148
     274    410.86964556
     275    413.87470701
     276    416.89071591
     277    419.91767219
     278    422.95557591
     279    426.00442701
     280    429.06422556
     281    432.13497148
     282    435.21666485
     283    438.30930560
     284    441.41289380
     285    444.52742937
     286    447.65291240
     287    450.78934280
     288    453.93672066
     289    457.09504589
     290    460.26431857
     291    463.44453863
     292    466.63570615
     293    469.83782103
     294    473.05088338
     295    476.27489310
     296    479.50985028
     297    482.75575483
     298    486.01260684
     299    489.28040622
     300    492.55915307
     301    495.84884729
     302    499.14948897
     303    502.46107802
     304    505.78361454
     305    509.11709842
     306    512.46152978
     307    515.81690850
     308    519.18323469
     309    522.56050825
     310    525.94872928
     311    529.34789767
     312    532.75801354
     313    536.17907678
     314    539.61108748
     315    543.05404556
     316    546.50795110
     317    549.97280402
     318    553.44860441
     319    556.93535216
     320    560.43304739
     321    563.94168999
     322    567.46128007
     323    570.99181751
     324    574.53330242
     325    578.08573471
     326    581.64911447
     327    585.22344160
     328    588.80871620
     329    592.40493818
     330    596.01210763
     331    599.63022445
     332    603.25928875
     333    606.89930041
     334    610.55025956
     335    614.21216607
     336    617.88502007
     337    621.56882143
     338    625.26357027
     339    628.96926648
     340    632.68591018
     341    636.41350124
     342    640.15203978
     343    643.90152569
     344    647.66195909
     345    651.43333985
     346    655.21566810
     347    659.00894371
     348    662.81316682
     349    666.62833728
     350    670.45445524
     351    674.29152056
     352    678.13953337
     353    681.99849354
     354    685.86840121
     355    689.74925624
     356    693.64105876
     357    697.54380865
     358    701.45750603
     359    705.38215077
     360    709.31774301
     361    713.26428261
     362    717.22176971
     363    721.19020417
     364    725.16958612
     365    729.15991544
     366    733.16119226
     367    737.17341644
     368    741.19658812
     369    745.23070715
     370    749.27577369
     371    753.33178759
     372    757.39874900
     373    761.47665776
     374    765.56551403
     375    769.66531765
     376    773.77606879
     377    777.89776728
     378    782.03041328
     379    786.17400663
     380    790.32854750
     381    794.49403571
     382    798.67047145
     383    802.85785453
     384    807.05618513
     385    811.26546309
     386    815.48568856
     387    819.71686138
     388    823.95898172
     389    828.21204941
     390    832.47606462
     391    836.75102718
     392    841.03693727
     393    845.33379470
     394    849.64159965
     395    853.96035196
     396    858.29005178
     397    862.63069896
     398    866.98229366
     399    871.34483571
     400    875.71832529
     401    880.10276221
     402    884.49814667
     403    888.90447847
     404    893.32175780
     405    897.74998447
     406    902.18915868
     407    906.63928023
     408    911.10034932
     409    915.57236575
     410    920.05532972
     411    924.54924103
     412    929.05409987
     413    933.56990606
     414    938.09665979
     415    942.63436086
     416    947.18300947
     417    951.74260542
     418    956.31314892
     419    960.89463975
     420    965.48707813
     421    970.09046385
     422    974.70479711
     423    979.33007771
     424    983.96630586
     425    988.61348135
     426    993.27160438
     427    997.94067476
     428   1002.62069268
     429   1007.31165794
     430   1012.01357075
     431   1016.72643090
     432   1021.45023860
     433   1026.18499364
     434   1030.93069624
     435   1035.68734617
     436   1040.45494365
     437   1045.23348847
     438   1050.02298085
     439   1054.82342056
     440   1059.63480783
     441   1064.45714243
     442   1069.29042460
     443   1074.13465410
     444   1078.98983116
     445   1083.85595555
     446   1088.73302751
     447   1093.62104680
     448   1098.52001365
     449   1103.42992784
     450   1108.35078959
     451   1113.28259868
     452   1118.22535533
     453   1123.17905932
     454   1128.14371087
     455   1133.11930976
     456   1138.10585621
     457   1143.10335000
     458   1148.11179135
     459   1153.13118004
     460   1158.16151630
     461   1163.20279989
     462   1168.25503106
     463   1173.31820955
     464   1178.39233562
     465   1183.47740902
     466   1188.57343000
     467   1193.68039831
     468   1198.79831419
     469   1203.92717740
     470   1209.06698820
     471   1214.21774632
     472   1219.37945202
     473   1224.55210505
     474   1229.73570567
     475   1234.93025361
     476   1240.13574913
     477   1245.35219199
     478   1250.57958243
     479   1255.81792019
     480   1261.06720554
     481   1266.32743822
     482   1271.59861849
     483   1276.88074608
     484   1282.17382127
     485   1287.47784378
     486   1292.79281388
     487   1298.11873130
     488   1303.45559632
     489   1308.80340867
     490   1314.16216861
     491   1319.53187587
     492   1324.91253073
     493   1330.30413291
     494   1335.70668269
     495   1341.12017979
     496   1346.54462450
     497   1351.98001652
     498   1357.42635615
     499   1362.88364310
     500   1368.35187765
     501   1373.83105952
     502   1379.32118900
     503   1384.82226580
     504   1390.33429021
     505   1395.85726193
     506   1401.39118127
     507   1406.93604792
     508   1412.49186218
     509   1418.05862376
     510   1423.63633296
     511   1429.22498947
     512   1434.82459360
     513   1440.43514504
     514   1446.05664410
     515   1451.68909047
     516   1457.33248447
     517   1462.98682578
     518   1468.65211471
     519   1474.32835095
     520   1480.01553481
     521   1485.71366599
     522   1491.42274479
     523   1497.14277091
     524   1502.87374465
     525   1508.61566570
     526   1514.36853439
     527   1520.13235038
     528   1525.90711400
     529   1531.69282493
     530   1537.48948350
     531   1543.29708937
     532   1549.11564288
     533   1554.94514370
     534   1560.78559215
     535   1566.63698791
     536   1572.49933131
     537   1578.37262202
     538   1584.25686036
     539   1590.15204601
     540   1596.05817931
     541   1601.97525991
     542   1607.90328815
     543   1613.84226370
     544   1619.79218690
     545   1625.75305739
     546   1631.72487554
     547   1637.70764099
     548   1643.70135409
     549   1649.70601449
     550   1655.72162255
     551   1661.74817790
     552   1667.78568091
     553   1673.83413122
     554   1679.89352919
     555   1685.96387446
     556   1692.04516738
     557   1698.13740761
     558   1704.24059549
     559   1710.35473067
     560   1716.47981352
     561   1722.61584366
     562   1728.76282147
     563   1734.92074657
     564   1741.08961934
     565   1747.26943941
     566   1753.46020714
     567   1759.66192217
     568   1765.87458487
     569   1772.09819487
     570   1778.33275254
     571   1784.57825749
     572   1790.83471013
     573   1797.10211006
     574   1803.38045767
     575   1809.66975256
     576   1815.96999514
     577   1822.28118500
     578   1828.60332255
     579   1834.93640739
     580   1841.28043991
     581   1847.63541972
     582   1854.00134722
     583   1860.37822201
     584   1866.76604448
     585   1873.16481424
     586   1879.57453169
     587   1885.99519643
     588   1892.42680886
     589   1898.86936857
     590   1905.32287598
     591   1911.78733067
     592   1918.26273307
     593   1924.74908274
     594   1931.24638011
     595   1937.75462477
     596   1944.27381713
     597   1950.80395677
     598   1957.34504411
     599   1963.89707873
     600   1970.46006107
     601   1977.03399067
     602   1983.61886799
     603   1990.21469259
     604   1996.82146490
     605   2003.43918448
     606   2010.06785179
     607   2016.70746636
     608   2023.35802865
     609   2030.01953822
     610   2036.69199550
     611   2043.37540006
     612   2050.06975235
     613   2056.77505190
     614   2063.49129918
     615   2070.21849372
     616   2076.95663600
     617   2083.70572554
     618   2090.46576282
     619   2097.23674736
     620   2104.01867964
     621   2110.81155918
     622   2117.61538646
     623   2124.43016100
     624   2131.25588329
     625   2138.09255283
     626   2144.94017012
     627   2151.79873467
     628   2158.66824696
     629   2165.54870652
     630   2172.44011382
     631   2179.34246838
     632   2186.25577069
     633   2193.18002026
     634   2200.11521758
     635   2207.06136216
     636   2214.01845449
     637   2220.98649408
     638   2227.96548143
     639   2234.95541603
     640   2241.95629840
     641   2248.96812801
     642   2255.99090539
     643   2263.02463002
     644   2270.06930242
     645   2277.12492207
     646   2284.19148949
     647   2291.26900415
     648   2298.35746659
     649   2305.45687627
     650   2312.56723373
     651   2319.68853844
     652   2326.82079093
     653   2333.96399066
     654   2341.11813816
     655   2348.28323292
     656   2355.45927545
     657   2362.64626523
     658   2369.84420280
     659   2377.05308760
     660   2384.27292020
     661   2391.50370003
     662   2398.74542766
     663   2405.99810252
     664   2413.26172518
     665   2420.53629508
     666   2427.82181277
     667   2435.11827770
     668   2442.42569043
     669   2449.74405039
     670   2457.07335816
     671   2464.41361316
     672   2471.76481597
     673   2479.12696600
     674   2486.50006385
     675   2493.88410893
     676   2501.27910181
     677   2508.68504193
     678   2516.10192986
     679   2523.52976502
     680   2530.96854800
     681   2538.41827820
     682   2545.87895623
     683   2553.35058148
     684   2560.83315455
     685   2568.32667484
     686   2575.83114297
     687   2583.34655831
     688   2590.87292148
     689   2598.41023188
     690   2605.95849010
     691   2613.51769555
     692   2621.08784883
     693   2628.66894933
     694   2636.26099767
     695   2643.86399322
     696   2651.47793661
     697   2659.10282722
     698   2666.73866568
     699   2674.38545135
     700   2682.04318486
     701   2689.71186559
     702   2697.39149416
     703   2705.08206995
     704   2712.78359359
     705   2720.49606445
     706   2728.21948315
     707   2735.95384907
     708   2743.69916284
     709   2751.45542382
     710   2759.22263267
     711   2767.00078872
     712   2774.78989263
     713   2782.58994375
     714   2790.40094273
     715   2798.22288892
     716   2806.05578298
     717   2813.89962424
     718   2821.75441338
     719   2829.62014971
     720   2837.49683393
     721   2845.38446534
     722   2853.28304463
     723   2861.19257112
     724   2869.11304549
     725   2877.04446706
     726   2884.98683651
     727   2892.94015316
     728   2900.90441770
     729   2908.87962943
     730   2916.86578905
     731   2924.86289587
     732   2932.87095058
     733   2940.88995248
     734   2948.91990228
     735   2956.96079926
     736   2965.01264415
     737   2973.07543623
     738   2981.14917621
     739   2989.23386338
     740   2997.32949846
     741   3005.43608071
     742   3013.55361089
     743   3021.68208824
     744   3029.82151351
     745   3037.97188596
     746   3046.13320633
     747   3054.30547387
     748   3062.48868934
     749   3070.68285199
     750   3078.88796256
     751   3087.10402031
     752   3095.33102598
     753   3103.56897883
     754   3111.81787961
     755   3120.07772757
     756   3128.34852346
     757   3136.63026652
     758   3144.92295752
     759   3153.22659568
     760   3161.54118179
     761   3169.86671507
     762   3178.20319629
     763   3186.55062468
     764   3194.90900102
     765   3203.27832452
     766   3211.65859598
     767   3220.04981459
     768   3228.45198116
     769   3236.86509490
     770   3245.28915659
     771   3253.72416544
     772   3262.17012226
     773   3270.62702623
     774   3279.09487816
     775   3287.57367726
     776   3296.06342432
     777   3304.56411854
     778   3313.07576073
     779   3321.59835007
     780   3330.13188739
     781   3338.67637186
     782   3347.23180431
     783   3355.79818391
     784   3364.37551149
     785   3372.96378622
     786   3381.56300894
     787   3390.17317880
     788   3398.79429665
     789   3407.42636164
     790   3416.06937464
     791   3424.72333477
     792   3433.38824290
     793   3442.06409817
     794   3450.75090144
     795   3459.44865185
     796   3468.15735027
     797   3476.87699582
     798   3485.60758938
     799   3494.34913008
     800   3503.10161879
     801   3511.86505463
     802   3520.63943849
     803   3529.42476947
     804   3538.22104848
     805   3547.02827462
     806   3555.84644878
     807   3564.67557007
     808   3573.51563939
     809   3582.36665582
     810   3591.22862030
     811   3600.10153189
     812   3608.98539153
     813   3617.88019827
     814   3626.78595307
     815   3635.70265498
     816   3644.63030493
     817   3653.56890200
     818   3662.51844712
     819   3671.47893935
     820   3680.45037963
     821   3689.43276703
     822   3698.42610248
     823   3707.43038504
     824   3716.44561567
     825   3725.47179339
     826   3734.50891919
     827   3743.55699208
     828   3752.61601305
     829   3761.68598112
     830   3770.76689727
     831   3779.85876051
     832   3788.96157183
     833   3798.07533025
     834   3807.20003675
     835   3816.33569034
     836   3825.48229203
     837   3834.63984080
     838   3843.80833766
     839   3852.98778162
     840   3862.17817367
     841   3871.37951281
     842   3880.59180005
     843   3889.81503437
     844   3899.04921680
     845   3908.29434631
     846   3917.55042392
     847   3926.81744862
     848   3936.09542143
     849   3945.38434132
     850   3954.68420933
     851   3963.99502441
     852   3973.31678762
     853   3982.64949789
     854   3991.99315630
     855   4001.34776177
     856   4010.71331537
     857   4020.08981604
     858   4029.47726485
     859   4038.87566072
     860   4048.28500474
     861   4057.70529581
     862   4067.13653503
     863   4076.57872131
     864   4086.03185574
     865   4095.49593722
     866   4104.97096686
     867   4114.45694355
     868   4123.95386841
     869   4133.46174031
     870   4142.98056038
     871   4152.51032750
     872   4162.05104278
     873   4171.60270511
     874   4181.16531562
     875   4190.73887316
     876   4200.32337889
     877   4209.91883165
     878   4219.52523260
     879   4229.14258059
     880   4238.77087676
     881   4248.41011997
     882   4258.06031137
     883   4267.72144981
     884   4277.39353644
     885   4287.07657010
     886   4296.77055196
     887   4306.47548085
     888   4316.19135794
     889   4325.91818206
     890   4335.65595440
     891   4345.40467375
     892   4355.16434132
     893   4364.93495590
     894   4374.71651871
     895   4384.50902854
     896   4394.31248659
     897   4404.12689165
     898   4413.95224494
     899   4423.78854525
     900   4433.63579379
     901   4443.49398933
     902   4453.36313312
     903   4463.24322391
     904   4473.13426295
     905   4483.03624899
     906   4492.94918328
     907   4502.87306457
     908   4512.80789412
     909   4522.75367066
     910   4532.71039546
     911   4542.67806725
     912   4552.65668731
     913   4562.64625436
     914   4572.64676968
     915   4582.65823199
     916   4592.68064257
     917   4602.71400014
     918   4612.75830599
     919   4622.81355882
     920   4632.87975993
     921   4642.95690803
     922   4653.04500441
     923   4663.14404777
     924   4673.25403943
     925   4683.37497805
     926   4693.50686498
     927   4703.64969888
     928   4713.80348109
     929   4723.96821026
     930   4734.14388774
     931   4744.33051219
     932   4754.52808495
     933   4764.73660467
     934   4774.95607272
     935   4785.18648772
     936   4795.42785105
     937   4805.68016133
     938   4815.94341995
     939   4826.21762551
     940   4836.50277942
     941   4846.79888027
     942   4857.10592947
     943   4867.42392560
     944   4877.75287010
     945   4888.09276152
     946   4898.44360131
     947   4908.80538803
     948   4919.17812311
     949   4929.56180513
     950   4939.95643551
     951   4950.36201282
     952   4960.77853850
     953   4971.20601111
     954   4981.64443210
     955   4992.09380001
     956   5002.55411631
     957   5013.02537952
     958   5023.50759112
     959   5034.00074964
     960   5044.50485656
     961   5055.01991038
     962   5065.54591261
     963   5076.08286174
     964   5086.63075929
     965   5097.18960373
     966   5107.75939660
     967   5118.34013636
     968   5128.93182454
     969   5139.53445961
     970   5150.14804312
     971   5160.77257351
     972   5171.40805234
     973   5182.05447806
     974   5192.71185221
     975   5203.38017325
     976   5214.05944273
     977   5224.74965909
     978   5235.45082391
     979   5246.16293560
     980   5256.88599575
     981   5267.62000277
     982   5278.36495825
     983   5289.12086060
     984   5299.88771143
     985   5310.66550911
     986   5321.45425527
     987   5332.25394830
     988   5343.06458980
     989   5353.88617816
     990   5364.71871501
     991   5375.56219871
     992   5386.41663091
     993   5397.28200996
     994   5408.15833750
     995   5419.04561189
     996   5429.94383479
     997   5440.85300453
     998   5451.77312278
     999   5462.70418787
    1000   5473.64620148
    1001   5484.59916192
    1002   5495.56307089
    1003   5506.53792668
    1004   5517.52373101
    1005   5528.52048216
    1006   5539.52818186
    1007   5550.54682837
    1008   5561.57642343
    1009   5572.61696530
    1010   5583.66845572
    1011   5594.73089296
    1012   5605.80427876
    1013   5616.88861136
    1014   5627.98389253
    1015   5639.09012050
    1016   5650.20729704
    1017   5661.33542039
    1018   5672.47449231
    1019   5683.62451102
    1020   5694.78547832
    1021   5705.95739241
    1022   5717.14025510
    1023   5728.33406457
    1024   5739.53882264
    1025   5750.75452748
    1026   5761.98118094
    1027   5773.21878117
    1028   5784.46733001
    1029   5795.72682563
    1030   5806.99726987
    1031   5818.27866087
    1032   5829.57100050
    1033   5840.87428689
    1034   5852.18852192
    1035   5863.51370370
    1036   5874.84983413
    1037   5886.19691130
    1038   5897.55493713
    1039   5908.92390970
    1040   5920.30383094
    1041   5931.69469891
    1042   5943.09651555
    1043   5954.50927892
    1044   5965.93299097
    1045   5977.36764974
    1046   5988.81325720
    1047   6000.26981138
    1048   6011.73731425
    1049   6023.21576384
    1050   6034.70516213
    1051   6046.20550713
    1052   6057.71680084
    1053   6069.23904125
    1054   6080.77223038
    1055   6092.31636621
    1056   6103.87145075
    1057   6115.43748200
    1058   6127.01446198
    1059   6138.60238864
    1060   6150.20126405
    1061   6161.81108614
    1062   6173.43185697
    1063   6185.06357448
    1064   6196.70624075
    1065   6208.35985369
    1066   6220.02441539
    1067   6231.69992376
    1068   6243.38638090
    1069   6255.08378471
    1070   6266.79213728
    1071   6278.51143652
    1072   6290.24168454
    1073   6301.98287922
    1074   6313.73502269
    1075   6325.49811280
    1076   6337.27215172
    1077   6349.05713727
    1078   6360.85307164
    1079   6372.65995264
    1080   6384.47778245
    1081   6396.30655890
    1082   6408.14628417
    1083   6419.99695607
    1084   6431.85857680
    1085   6443.73114415
    1086   6455.61466034
    1087   6467.50912314
    1088   6479.41453479
    1089   6491.33089305
    1090   6503.25820017
    1091   6515.19645389
    1092   6527.14565647
    1093   6539.10580565
    1094   6551.07690370
    1095   6563.05894835
    1096   6575.05194187
    1097   6587.05588198
    1098   6599.07077098
    1099   6611.09660656
    1100   6623.13339104
    1101   6635.18112209
    1102   6647.23980204
    1103   6659.30942857
    1104   6671.39000401
    1105   6683.48152601
    1106   6695.58399693
    1107   6707.69741441
    1108   6719.82178082
    1109   6731.95709378
    1110   6744.10335568
    1111   6756.26056412
    1112   6768.42872152
    1113   6780.60782544
    1114   6792.79787833
    1115   6804.99887775
    1116   6817.21082614
    1117   6829.43372104
    1118   6841.66756493
    1119   6853.91235533
    1120   6866.16809472
    1121   6878.43478062
    1122   6890.71241551
    1123   6903.00099691
    1124   6915.30052731
    1125   6927.61100420
    1126   6939.93243011
    1127   6952.26480251
    1128   6964.60812394
    1129   6976.96239184
    1130   6989.32760878
    1131   7001.70377219
    1132   7014.09088465
    1133   7026.48894358
    1134   7038.89795155
    1135   7051.31790599
    1136   7063.74880949
    1137   7076.19065944
    1138   7088.64345847
    1139   7101.10720394
    1140   7113.58189849
    1141   7126.06753948
    1142   7138.56412957
    1143   7151.07166608
    1144   7163.59015170
    1145   7176.11958374
    1146   7188.65996489
    1147   7201.21129246
    1148   7213.77356915
    1149   7226.34679225
    1150   7238.93096448
    1151   7251.52608311
    1152   7264.13215089
    1153   7276.74916506
    1154   7289.37712838
    1155   7302.01603808
    1156   7314.66589695
    1157   7327.32670220
    1158   7339.99845662
    1159   7352.68115741
    1160   7365.37480738
    1161   7378.07940372
    1162   7390.79494925
    1163   7403.52144113
    1164   7416.25888222
    1165   7429.00726966
    1166   7441.76660630
    1167   7454.53688929
    1168   7467.31812151
    1169   7480.11030005
    1170   7492.91342783
    1171   7505.72750193
    1172   7518.55252528
    1173   7531.38849494
    1174   7544.23541386
    1175   7557.09327909
    1176   7569.96209358
    1177   7582.84185438
    1178   7595.73256445
    1179   7608.63422081
    1180   7621.54682646
    1181   7634.47037839
    1182   7647.40487962
    1183   7660.35032713
    1184   7673.30672394
    1185   7686.27406703
    1186   7699.25235943
    1187   7712.24159809
    1188   7725.24178608
    1189   7738.25292032
    1190   7751.27500391
    1191   7764.30803373
    1192   7777.35201291
    1193   7790.40693832
    1194   7803.47281310
    1195   7816.54963410
    1196   7829.63740448
    1197   7842.73612107
    1198   7855.84578705
    1199   7868.96639923
    1200   7882.09796081
    1201   7895.24046859
    1202   7908.39392579
    1203   7921.55832916
    1204   7934.73368197
    1205   7947.91998095
    1206   7961.11722936
    1207   7974.32542394
    1208   7987.54456798
    1209   8000.77465816
    1210   8014.01569782
    1211   8027.26768361
    1212   8040.53061888
    1213   8053.80450029
    1214   8067.08933119
    1215   8080.38510821
    1216   8093.69183473
    1217   8107.00950736
    1218   8120.33812951
    1219   8133.67769777
    1220   8147.02821555
    1221   8160.38967943
    1222   8173.76209284
    1223   8187.14545234
    1224   8200.53976139
    1225   8213.94501652
    1226   8227.36122121
    1227   8240.78837196
    1228   8254.22647229
    1229   8267.67551868
    1230   8281.13551466
    1231   8294.60645668
    1232   8308.08834830
    1233   8321.58118595
    1234   8335.08497322
    1235   8348.59970652
    1236   8362.12538944
    1237   8375.66201838
    1238   8389.20959695
    1239   8402.76812153
    1240   8416.33759577
    1241   8429.91801599
    1242   8443.50938589
    1243   8457.11170176
    1244   8470.72496732
    1245   8484.34917884
    1246   8497.98434006
    1247   8511.63044724
    1248   8525.28750413
    1249   8538.95550696
    1250   8552.63445952
    1251   8566.32435801
    1252   8580.02520625
    1253   8593.73700040
    1254   8607.45974431
    1255   8621.19343412
    1256   8634.93807371
    1257   8648.69365919
    1258   8662.46019445
    1259   8676.23767560
    1260   8690.02610655
    1261   8703.82548337
    1262   8717.63581000
    1263   8731.45708250
    1264   8745.28930482
    1265   8759.13247299
    1266   8772.98659100
    1267   8786.85165485
    1268   8800.72766855
    1269   8814.61462808
    1270   8828.51253748
    1271   8842.42139269
    1272   8856.34119779
    1273   8870.27194869
    1274   8884.21364948
    1275   8898.16629607
    1276   8912.12989257
    1277   8926.10443485
    1278   8940.08992705
    1279   8954.08636502
    1280   8968.09375294
    1281   8982.11208660
    1282   8996.14137023
    1283   9010.18159959
    1284   9024.23277893
    1285   9038.29490399
    1286   9052.36797904
    1287   9066.45199981
    1288   9080.54697058
    1289   9094.65288705
    1290   9108.76975354
    1291   9122.89756572
    1292   9137.03632794
    1293   9151.18603582
    1294   9165.34669376
    1295   9179.51829736
    1296   9193.70085103
    1297   9207.89435034
    1298   9222.09879975
    1299   9236.31419477
    1300   9250.54053991
    1301   9264.77783066
    1302   9279.02607153
    1303   9293.28525800
    1304   9307.55539461
    1305   9321.83647680
    1306   9336.12850915
    1307   9350.43148707
    1308   9364.74541516
    1309   9379.07028881
    1310   9393.40611265
    1311   9407.75288203
    1312   9422.11060162
    1313   9436.47926672
    1314   9450.85888206
    1315   9465.24944291
    1316   9479.65095400
    1317   9494.06341058
    1318   9508.48681743
    1319   9522.92116976
    1320   9537.36647236
    1321   9551.82272043
    1322   9566.28991879
    1323   9580.76806260
    1324   9595.25715673
    1325   9609.75719629
    1326   9624.26818618
    1327   9638.79012149
    1328   9653.32300715
    1329   9667.86683821
    1330   9682.42161964
    1331   9696.98734645
    1332   9711.56402365
    1333   9726.15164622
    1334   9740.75021920
    1335   9755.35973752
    1336   9769.98020628
    1337   9784.61162036
    1338   9799.25398490
    1339   9813.90729475
    1340   9828.57155507
    1341   9843.24676068
    1342   9857.93291678
    1343   9872.63001816
    1344   9887.33807005
    1345   9902.05706719
    1346   9916.78701487
    1347   9931.52790779
    1348   9946.27975126
    1349   9961.04253995
    1350   9975.81627921
    1351   9990.60096368
    1352  10005.39659874
    1353  10020.20317898
    1354  10035.02070984
    1355  10049.84918586
    1356  10064.68861252
    1357  10079.53898433
    1358  10094.40030679
    1359  10109.27257438
    1360  10124.15579264
    1361  10139.04995602
    1362  10153.95507009
    1363  10168.87112926
    1364  10183.79813914
    1365  10198.73609409
    1366  10213.68499979
    1367  10228.64485053
    1368  10243.61565204
    1369  10258.59739858
    1370  10273.59009590
    1371  10288.59373824
    1372  10303.60833138
    1373  10318.63386952
    1374  10333.67035848
    1375  10348.71779241
    1376  10363.77617720
    1377  10378.84550694
    1378  10393.92578755
    1379  10409.01701309
    1380  10424.11918953
    1381  10439.23231087
    1382  10454.35638314
    1383  10469.49140029
    1384  10484.63736839
    1385  10499.79428136
    1386  10514.96214529
    1387  10530.14095406
    1388  10545.33071383
    1389  10560.53141842
    1390  10575.74307403
    1391  10590.96567443
    1392  10606.19922588
    1393  10621.44372210
    1394  10636.69916938
    1395  10651.96556142
    1396  10667.24290455
    1397  10682.53119241
    1398  10697.83043139
    1399  10713.14061508
    1400  10728.46174990
    1401  10743.79382941
    1402  10759.13686008
    1403  10774.49083542
    1404  10789.85576194
    1405  10805.23163310
    1406  10820.61845549
    1407  10836.01622248
    1408  10851.42494071
    1409  10866.84460353
    1410  10882.27521763
    1411  10897.71677628
    1412  10913.16928624
    1413  10928.63274073
    1414  10944.10714654
    1415  10959.59249687
    1416  10975.08879854
    1417  10990.59604471
    1418  11006.11424225
    1419  11021.64338425
    1420  11037.18347766
    1421  11052.73451551
    1422  11068.29650479
    1423  11083.86943847
    1424  11099.45332362
    1425  11115.04815315
    1426  11130.65393417
    1427  11146.27065955
    1428  11161.89833644
    1429  11177.53695766
    1430  11193.18653044
    1431  11208.84704751
    1432  11224.51851616
    1433  11240.20092908
    1434  11255.89429360
    1435  11271.59860237
    1436  11287.31386278
    1437  11303.04006741
    1438  11318.77722370
    1439  11334.52532418
    1440  11350.28437635
    1441  11366.05437268
    1442  11381.83532075
    1443  11397.62721293
    1444  11413.43005688
    1445  11429.24384493
    1446  11445.06858477
    1447  11460.90426867
    1448  11476.75090440
    1449  11492.60848416
    1450  11508.47701578
    1451  11524.35649141
    1452  11540.24691892
    1453  11556.14829041
    1454  11572.06061382
    1455  11587.98388117
    1456  11603.91810047
    1457  11619.86326369
    1458  11635.81937889
    1459  11651.78643797
    1460  11667.76444907
    1461  11683.75340402
    1462  11699.75331102
    1463  11715.76416184
    1464  11731.78596474
    1465  11747.81871142
    1466  11763.86241023
    1467  11779.91705278
    1468  11795.98264749
    1469  11812.05918591
    1470  11828.14667653
    1471  11844.24511082
    1472  11860.35449734
    1473  11876.47482751
    1474  11892.60610994
    1475  11908.74833598
    1476  11924.90151431
    1477  11941.06563623
    1478  11957.24071047
    1479  11973.42672826
    1480  11989.62369842
    1481  12005.83161208
    1482  12022.05047815
    1483  12038.28028768
    1484  12054.52104966
    1485  12070.77275508
    1486  12087.03541297
    1487  12103.30901426
    1488  12119.59356807
    1489  12135.88906524
    1490  12152.19551496
    1491  12168.51290801
    1492  12184.84125365
    1493  12201.18054257
    1494  12217.53078413
    1495  12233.89196893
    1496  12250.26410641
    1497  12266.64718708
    1498  12283.04122048
    1499  12299.44619703
    1500  12315.86212635
    1501  12332.28899879
    1502  12348.72682402
    1503  12365.17559233
    1504  12381.63531349
    1505  12398.10597768
    1506  12414.58759476
    1507  12431.08015483
    1508  12447.58366783
    1509  12464.09812379
    1510  12480.62353271
    1511  12497.15988454
    1512  12513.70718938
    1513  12530.26543709
    1514  12546.83463786
    1515  12563.41478145
    1516  12580.00587814
    1517  12596.60791761
    1518  12613.22091022
    1519  12629.84484557
    1520  12646.47973411
    1521  12663.12556533
    1522  12679.78234980
    1523  12696.45007690
    1524  12713.12875729
    1525  12729.81838027
    1526  12746.51895658
    1527  12763.23047544
    1528  12779.95294768
    1529  12796.68636241
    1530  12813.43073057
    1531  12830.18604118
    1532  12846.95230527
    1533  12863.72951175
    1534  12880.51767176
    1535  12897.31677412
    1536  12914.12683006
    1537  12930.94782829
    1538  12947.77978015
    1539  12964.62267426
    1540  12981.47652204
    1541  12998.34131202
    1542  13015.21705573
    1543  13032.10374158
    1544  13049.00138121
    1545  13065.90996293
    1546  13082.82949848
    1547  13099.75997607
    1548  13116.70140755
    1549  13133.65378101
    1550  13150.61710840
    1551  13167.59137773
    1552  13184.57660105
    1553  13201.57276623
    1554  13218.57988548
    1555  13235.59794653
    1556  13252.62696169
    1557  13269.66691860
    1558  13286.71782968
    1559  13303.77968246
    1560  13320.85248946
    1561  13337.93623809
    1562  13355.03094100
    1563  13372.13658550
    1564  13389.25318433
    1565  13406.38072467
    1566  13423.51921942
    1567  13440.66865562
    1568  13457.82904628
    1569  13475.00037834
    1570  13492.18266491
    1571  13509.37589281
    1572  13526.58007530
    1573  13543.79519905
    1574  13561.02127745
    1575  13578.25829704
    1576  13595.50627135
    1577  13612.76518679
    1578  13630.03505700
    1579  13647.31586828
    1580  13664.60763440
    1581  13681.91034151
    1582  13699.22400354
    1583  13716.54860649
    1584  13733.88416441
    1585  13751.23066320
    1586  13768.58811703
    1587  13785.95651164
    1588  13803.33586137
    1589  13820.72615181
    1590  13838.12739743
    1591  13855.53958370
    1592  13872.96272521
    1593  13890.39680731
    1594  13907.84184471
    1595  13925.29782262
    1596  13942.76475592
    1597  13960.24262964
    1598  13977.73145882
    1599  13995.23122836
    1600  14012.74195343
    1601  14030.26361877
    1602  14047.79623972
    1603  14065.33980087
    1604  14082.89431770
    1605  14100.45977465
    1606  14118.03618736
    1607  14135.62354010
    1608  14153.22184869
    1609  14170.83109722
    1610  14188.45130168
    1611  14206.08244600
    1612  14223.72454633
    1613  14241.37758644
    1614  14259.04158262
    1615  14276.71651851
    1616  14294.40241056
    1617  14312.09924223
    1618  14329.80703014
    1619  14347.52575757
    1620  14365.25544134
    1621  14382.99606454
    1622  14400.74764415
    1623  14418.51016312
    1624  14436.28363858
    1625  14454.06805330
    1626  14471.86342460
    1627  14489.66973507
    1628  14507.48700222
    1629  14525.31520843
    1630  14543.15437141
    1631  14561.00447337
    1632  14578.86553218
    1633  14596.73752987
    1634  14614.62048451
    1635  14632.51437793
    1636  14650.41922839
    1637  14668.33501753
    1638  14686.26176381
    1639  14704.19944867
    1640  14722.14809076
    1641  14740.10767133
    1642  14758.07820923
    1643  14776.05968550
    1644  14794.05211921
    1645  14812.05549118
    1646  14830.06982068
    1647  14848.09508834
    1648  14866.13131364
    1649  14884.17847698
    1650  14902.23659806
    1651  14920.30565708
    1652  14938.38567395
    1653  14956.47662863
    1654  14974.57854128
    1655  14992.69139162
    1656  15010.81520004
    1657  15028.94994604
    1658  15047.09565021
    1659  15065.25229186
    1660  15083.41989180
    1661  15101.59842908
    1662  15119.78792477
    1663  15137.98835768
    1664  15156.19974911
    1665  15174.42207764
    1666  15192.65536481
    1667  15210.89958896
    1668  15229.15477186
    1669  15247.42089161
    1670  15265.69797023
    1671  15283.98598558
    1672  15302.28495992
    1673  15320.59487084
    1674  15338.91574090
    1675  15357.24754740
    1676  15375.59031315
    1677  15393.94401522
    1678  15412.30867667
    1679  15430.68427428
    1680  15449.07083142
    1681  15467.46832458
    1682  15485.87677740
    1683  15504.29616609
    1684  15522.72651458
    1685  15541.16779879
    1686  15559.62004294
    1687  15578.08322267
    1688  15596.55736246
    1689  15615.04243769
    1690  15633.53847313
    1691  15652.04544385
    1692  15670.56337492
    1693  15689.09224112
    1694  15707.63206782
    1695  15726.18282947
    1696  15744.74455179
    1697  15763.31720890
    1698  15781.90082681
    1699  15800.49537936
    1700  15819.10089287
    1701  15837.71734084
    1702  15856.34474994
    1703  15874.98309333
    1704  15893.63239799
    1705  15912.29263678
    1706  15930.96383701
    1707  15949.64597118
    1708  15968.33906696
    1709  15987.04309650
    1710  16005.75808782
    1711  16024.48401271
    1712  16043.22089956
    1713  16061.96871979
    1714  16080.72750215
    1715  16099.49721771
    1716  16118.27789558
    1717  16137.06950645
    1718  16155.87207981
    1719  16174.68558596
    1720  16193.51005480
    1721  16212.34545624
    1722  16231.19182054
    1723  16250.04911723
    1724  16268.91737698
    1725  16287.79656892
    1726  16306.68672411
    1727  16325.58781127
    1728  16344.49986188
    1729  16363.42284425
    1730  16382.35679027
    1731  16401.30166782
    1732  16420.25750924
    1733  16439.22428196
    1734  16458.20201876
    1735  16477.19068662
    1736  16496.19031878
    1737  16515.20088178
    1738  16534.22240929
    1739  16553.25486740
    1740  16572.29829024
    1741  16591.35264343
    1742  16610.41796158
    1743  16629.49420984
    1744  16648.58142330
    1745  16667.67956660
    1746  16686.78867534
    1747  16705.90871366
    1748  16725.03971766
    1749  16744.18165098
    1750  16763.33455023
    1751  16782.49837853
    1752  16801.67317300
    1753  16820.85889625
    1754  16840.05558593
    1755  16859.26320411
    1756  16878.48178897
    1757  16897.71130205
    1758  16916.95178209
    1759  16936.20319005
    1760  16955.46556523
    1761  16974.73886804
    1762  16994.02313835
    1763  17013.31833598
    1764  17032.62450140
    1765  17051.94159383
    1766  17071.26965434
    1767  17090.60864152
    1768  17109.95859710
    1769  17129.31947902
    1770  17148.69132964
    1771  17168.07410627
    1772  17187.46785191
    1773  17206.87252322
    1774  17226.28816384
    1775  17245.71472980
    1776  17265.15226540
    1777  17284.60072597
    1778  17304.06015652
    1779  17323.53051167
    1780  17343.01183714
    1781  17362.50408684
    1782  17382.00730720
    1783  17401.52145142
    1784  17421.04656665
    1785  17440.58260535
    1786  17460.12961542
    1787  17479.68754856
    1788  17499.25645345
    1789  17518.83628100
    1790  17538.42708067
    1791  17558.02880259
    1792  17577.64149702
    1793  17597.26511326
    1794  17616.89970242
    1795  17636.54521296
    1796  17656.20169682
    1797  17675.86910160
    1798  17695.54748013
    1799  17715.23677912
    1800  17734.93705228
    1801  17754.64824545
    1802  17774.37041321
    1803  17794.10350049
    1804  17813.84756283
    1805  17833.60254419
    1806  17853.36850106
    1807  17873.14537645
    1808  17892.93322783
    1809  17912.73199721
    1810  17932.54174305
    1811  17952.36240636
    1812  17972.19404664
    1813  17992.03660383
    1814  18011.89013850
    1815  18031.75458954
    1816  18051.63001856
    1817  18071.51636338
    1818  18091.41368672
    1819  18111.32192527
    1820  18131.24114289
    1821  18151.17127512
    1822  18171.11238698
    1823  18191.06441282
    1824  18211.02741888
    1825  18231.00133828
    1826  18250.98623849
    1827  18270.98205139
    1828  18290.98884572
    1829  18311.00655206
    1830  18331.03524045
    1831  18351.07484017
    1832  18371.12542259
    1833  18391.18691561
    1834  18411.25939201
    1835  18431.34277828
    1836  18451.43714860
    1837  18471.54242806
    1838  18491.65869226
    1839  18511.78586482
    1840  18531.92402285
    1841  18552.07308845
    1842  18572.23314026
    1843  18592.40409882
    1844  18612.58604436
    1845  18632.77889581
    1846  18652.98273503
    1847  18673.19747928
    1848  18693.42321212
    1849  18713.65984910
    1850  18733.90747550
    1851  18754.16600512
    1852  18774.43552503
    1853  18794.71594722
    1854  18815.00736057
    1855  18835.30967523
    1856  18855.62298198
    1857  18875.94718902
    1858  18896.28238909
    1859  18916.62848842
    1860  18936.98558176
    1861  18957.35357327
    1862  18977.73255981
    1863  18998.12244343
    1864  19018.52332310
    1865  19038.93509871
    1866  19059.35787145
    1867  19079.79153894
    1868  19100.23620468
    1869  19120.69176395
    1870  19141.15832262
    1871  19161.63577356
    1872  19182.12422509
    1873  19202.62356758
    1874  19223.13391188
    1875  19243.65514581
    1876  19264.18738282
    1877  19284.73050805
    1878  19305.28463769
    1879  19325.84965411
    1880  19346.42567630
    1881  19367.01258376
    1882  19387.61049842
    1883  19408.21929680
    1884  19428.83910384
    1885  19449.46979300
    1886  19470.11149234
    1887  19490.76407213
    1888  19511.42766368
    1889  19532.10213395
    1890  19552.78761762
    1891  19573.48397822
    1892  19594.19135392
    1893  19614.90960468
    1894  19635.63887231
    1895  19656.37901308
    1896  19677.13017255
    1897  19697.89220314
    1898  19718.66525435
    1899  19739.44917459
    1900  19760.24411743
    1901  19781.04992713
    1902  19801.86676151
    1903  19822.69446048
    1904  19843.53318629
    1905  19864.38277433
    1906  19885.24339146
    1907  19906.11486836
    1908  19926.99737670
    1909  19947.89074224
    1910  19968.79514167
    1911  19989.71039564
    1912  20010.63668605
    1913  20031.57382821
    1914  20052.52200948
    1915  20073.48103958
    1916  20094.45111158
    1917  20115.43202938
    1918  20136.42399199
    1919  20157.42679721
    1920  20178.44065031
    1921  20199.46534268
    1922  20220.50108613
    1923  20241.54766537
    1924  20262.60529904
    1925  20283.67376484
    1926  20304.75328860
    1927  20325.84364065
    1928  20346.94505436
    1929  20368.05729232
    1930  20389.18059584
    1931  20410.31471938
    1932  20431.45991255
    1933  20452.61592131
    1934  20473.78300400
    1935  20494.96089759
    1936  20516.14986965
    1937  20537.34964768
    1938  20558.56050895
    1939  20579.78217100
    1940  20601.01492133
    1941  20622.25846697
    1942  20643.51310621
    1943  20664.77853496
    1944  20686.05506295
    1945  20707.34237433
    1946  20728.64079091
    1947  20749.94998440
    1948  20771.27028942
    1949  20792.60136449
    1950  20813.94355778
    1951  20835.29651383
    1952  20856.66059524
    1953  20878.03543168
    1954  20899.42140104
    1955  20920.81811722
    1956  20942.22597438
    1957  20963.64456961
    1958  20985.07431441
    1959  21006.51478795
    1960  21027.96642025
    1961  21049.42877133
    1962  21070.90229097
    1963  21092.38651876
    1964  21113.88192560
    1965  21135.38802920
    1966  21156.90532313
    1967  21178.43330159
    1968  21199.97248247
    1969  21221.52233476
    1970  21243.08340249
    1971  21264.65512752
    1972  21286.23808202
    1973  21307.83167858
    1974  21329.43651977
    1975  21351.05198659
    1976  21372.67871444
    1977  21394.31605012
    1978  21415.96466459
    1979  21437.62386764
    1980  21459.29436879
    1981  21480.97543752
    1982  21502.66782538
    1983  21524.37075806
    1984  21546.08503279
    1985  21567.80982738
    1986  21589.54598910
    1987  21611.29264355
    1988  21633.05069258
    1989  21654.81920443
    1990  21676.59914098
    1991  21698.38950777
    1992  21720.19133242
    1993  21742.00355112
    1994  21763.82726417
    1995  21785.66133191
    1996  21807.50693423
    1997  21829.36284724
    1998  21851.23033919
    1999  21873.10809418
    2000  21894.99747698
    2001  21916.89706932
    2002  21938.80834317
    2003  21960.72976933
    2004  21982.66293572
    2005  22004.60619019
    2006  22026.56124850
    2007  22048.52632821
    2008  22070.50327977
    2009  22092.49017876
    2010  22114.48902045
    2011  22136.49773802
    2012  22158.51846938
    2013  22180.54900095
    2014  22202.59161225
    2015  22224.64396430
    2016  22246.70844879
    2017  22268.78262341
    2018  22290.86895519
    2019  22312.96497720
    2020  22335.07313205
    2021  22357.19102351
    2022  22379.32093867
    2023  22401.46076612
    2024  22423.61237581
    2025  22445.77420911
    2026  22467.94737680
    2027  22490.13136137
    2028  22512.32594255
    2029  22534.53223237
    2030  22556.74798979
    2031  22578.97680626
    2032  22601.21354128
    2033  22623.46504023
    2034  22645.72265111
    2035  22667.99667384
    2036  22690.27555452
    2037  22712.57118606
    2038  22734.87337772
    2039  22757.18693089
    2040  22779.51751201
    2041  22801.84107811
    2042  22824.21357575
    2043  22846.52798637
    2044  22868.96348415
    2045  22891.24208540
    2046  22913.78295237
    2047  22935.96643260
    2048  22958.80840458
 ---------------------------------------
 
SCF converged! Final Ground-State Energy (Eh):              -3.2219422055994977
