 
     Two-Electron DVR    
 ------------------------
 x0     =      15.00000000
 m      =       1.00000000
 Z      =       6.00000000
 n      =             2048
 dx     =       0.01465559
 
Soft-Coulomb Parameters:
 alpha  =       1.00000000
 beta   =       0.01000000
 
 
                       Hartree-Fock                      
 --------------------------------------------------------
 no. of orbitals        =             2048
 no. of electrons       =                2
 scf_damping_switch     =        F
 scf_diis_switch        =        F
 damping_factor         =   0.00000000
 e_tolerance            = 0.0000000000100000
 maximum scf-iterations =              200
 
 
                       SCF iterations                      
 ----------------------------------------------------------
    S.No    Energy (hartree)        dE (hartree)
 ----------------------------------------------------------
       0     -9.988194935462
       1     -7.072449782388      2.915745153074
       2     -7.393954542994      0.321504760605
       3     -7.413455253393      0.019500710399
       4     -7.414912897916      0.001457644523
       5     -7.415020801556      0.000107903640
       6     -7.415028819021      0.000008017466
       7     -7.415029414124      0.000000595103
       8     -7.415029458309      0.000000044184
       9     -7.415029461589      0.000000003281
      10     -7.415029461834      0.000000000245
      11     -7.415029461851      0.000000000017
      12     -7.415029461853      0.000000000002
 ----------------------------------------------------------
  
 
 
 ---------------------------------------
     Molecular Orbital Energies (Eh)    
 ---------------------------------------
       1     -2.58361996
       2     -1.24972521
       3     -0.94165130
       4     -0.69107067
       5     -0.53992293
       6     -0.42252989
       7     -0.34193775
       8     -0.26628911
       9     -0.19092336
      10     -0.09764106
      11      0.00422698
      12      0.12504691
      13      0.25326104
      14      0.39913806
      15      0.55212783
      16      0.72158190
      17      0.89846149
      18      1.09069813
      19      1.29090618
      20      1.50548795
      21      1.72863297
      22      1.96531933
      23      2.21111436
      24      2.46977581
      25      2.73800650
      26      3.01857577
      27      3.30908175
      28      3.61152563
      29      3.92418779
      30      4.24849105
      31      4.58322188
      32      4.92937836
      33      5.28611432
      34      5.65412216
      35      6.03281773
      36      6.42267695
      37      6.82329990
      38      7.23501124
      39      7.65753909
      40      8.09110351
      41      8.53552080
      42      8.99093933
      43      9.45723561
      44      9.93450928
      45     10.42267769
      46     10.92180752
      47     11.43184370
      48     11.95283077
      49     12.48473214
      50     13.02757752
      51     13.58134272
      52     14.14604755
      53     14.72167607
      54     15.30824150
      55     15.90573341
      56     16.51416063
      57     17.13351637
      58     17.76380659
      59     18.40502689
      60     19.05718129
      61     19.72026702
      62     20.39428682
      63     21.07923895
      64     21.77512532
      65     22.48194488
      66     23.19969897
      67     23.92838701
      68     24.66800996
      69     25.41856753
      70     26.18006043
      71     26.95248854
      72     27.73585245
      73     28.53015213
      74     29.33538805
      75     30.15156028
      76     30.97866918
      77     31.81671489
      78     32.66569772
      79     33.52561782
      80     34.39647547
      81     35.27827082
      82     36.17100413
      83     37.07467556
      84     37.98928534
      85     38.91483364
      86     39.85132067
      87     40.79874660
      88     41.75711161
      89     42.72641588
      90     43.70665957
      91     44.69784286
      92     45.69996591
      93     46.71302887
      94     47.73703190
      95     48.77197515
      96     49.81785878
      97     50.87468291
      98     51.94244769
      99     53.02115326
     100     54.11079975
     101     55.21138730
     102     56.32291602
     103     57.44538604
     104     58.57879749
     105     59.72315048
     106     60.87844513
     107     62.04468154
     108     63.22185983
     109     64.40998010
     110     65.60904247
     111     66.81904703
     112     68.03999389
     113     69.27188313
     114     70.51471486
     115     71.76848916
     116     73.03320613
     117     74.30886586
     118     75.59546844
     119     76.89301394
     120     78.20150246
     121     79.52093407
     122     80.85130885
     123     82.19262688
     124     83.54488825
     125     84.90809300
     126     86.28224123
     127     87.66733300
     128     89.06336839
     129     90.47034746
     130     91.88827027
     131     93.31713689
     132     94.75694740
     133     96.20770183
     134     97.66940027
     135     99.14204276
     136    100.62562938
     137    102.12016016
     138    103.62563517
     139    105.14205447
     140    106.66941811
     141    108.20772613
     142    109.75697860
     143    111.31717556
     144    112.88831706
     145    114.47040315
     146    116.06343389
     147    117.66740930
     148    119.28232945
     149    120.90819436
     150    122.54500410
     151    124.19275870
     152    125.85145821
     153    127.52110265
     154    129.20169209
     155    130.89322654
     156    132.59570607
     157    134.30913068
     158    136.03350045
     159    137.76881539
     160    139.51507554
     161    141.27228094
     162    143.04043163
     163    144.81952762
     164    146.60956897
     165    148.41055570
     166    150.22248785
     167    152.04536544
     168    153.87918851
     169    155.72395709
     170    157.57967121
     171    159.44633089
     172    161.32393617
     173    163.21248707
     174    165.11198364
     175    167.02242586
     176    168.94381381
     177    170.87614748
     178    172.81942692
     179    174.77365213
     180    176.73882317
     181    178.71494002
     182    180.70200275
     183    182.70001134
     184    184.70896585
     185    186.72886627
     186    188.75971266
     187    190.80150500
     188    192.85424336
     189    194.91792771
     190    196.99255812
     191    199.07813456
     192    201.17465710
     193    203.28212572
     194    205.40054047
     195    207.52990134
     196    209.67020839
     197    211.82146158
     198    213.98366099
     199    216.15680659
     200    218.34089843
     201    220.53593650
     202    222.74192086
     203    224.95885146
     204    227.18672839
     205    229.42555161
     206    231.67532117
     207    233.93603706
     208    236.20769933
     209    238.49030794
     210    240.78386298
     211    243.08836439
     212    245.40381224
     213    247.73020651
     214    250.06754724
     215    252.41583441
     216    254.77506808
     217    257.14524821
     218    259.52637487
     219    261.91844802
     220    264.32146772
     221    266.73543393
     222    269.16034672
     223    271.59620605
     224    274.04301199
     225    276.50076448
     226    278.96946360
     227    281.44910931
     228    283.93970166
     229    286.44124062
     230    288.95372625
     231    291.47715852
     232    294.01153747
     233    296.55686307
     234    299.11313539
     235    301.68035438
     236    304.25852010
     237    306.84763251
     238    309.44769168
     239    312.05869755
     240    314.68065020
     241    317.31354958
     242    319.95739575
     243    322.61218866
     244    325.27792838
     245    327.95461487
     246    330.64224818
     247    333.34082827
     248    336.05035521
     249    338.77082894
     250    341.50224954
     251    344.24461694
     252    346.99793123
     253    349.76219234
     254    352.53740034
     255    355.32355519
     256    358.12065694
     257    360.92870555
     258    363.74770109
     259    366.57764349
     260    369.41853284
     261    372.27036906
     262    375.13315224
     263    378.00688232
     264    380.89155936
     265    383.78718331
     266    386.69375425
     267    389.61127210
     268    392.53973695
     269    395.47914873
     270    398.42950752
     271    401.39081325
     272    404.36306600
     273    407.34626571
     274    410.34041245
     275    413.34550615
     276    416.36154690
     277    419.38853463
     278    422.42646941
     279    425.47535118
     280    428.53518001
     281    431.60595584
     282    434.68767875
     283    437.78034867
     284    440.88396567
     285    443.99852969
     286    447.12404081
     287    450.26049895
     288    453.40790421
     289    456.56625649
     290    459.73555590
     291    462.91580235
     292    466.10699593
     293    469.30913655
     294    472.52222432
     295    475.74625914
     296    478.98124112
     297    482.22717016
     298    485.48404635
     299    488.75186962
     300    492.03064006
     301    495.32035757
     302    498.62102227
     303    501.93263405
     304    505.25519301
     305    508.58869907
     306    511.93315232
     307    515.28855267
     308    518.65490022
     309    522.03219487
     310    525.42043674
     311    528.81962572
     312    532.22976192
     313    535.65084523
     314    539.08287578
     315    542.52585344
     316    545.97977834
     317    549.44465037
     318    552.92046963
     319    556.40723604
     320    559.90494969
     321    563.41361048
     322    566.93321852
     323    570.46377371
     324    574.00527616
     325    577.55772577
     326    581.12112264
     327    584.69546666
     328    588.28075797
     329    591.87699643
     330    595.48418217
     331    599.10231508
     332    602.73139527
     333    606.37142264
     334    610.02239729
     335    613.68431913
     336    617.35718826
     337    621.04100457
     338    624.73576818
     339    628.44147898
     340    632.15813709
     341    635.88574238
     342    639.62429500
     343    643.37379480
     344    647.13424192
     345    650.90563624
     346    654.68797789
     347    658.48126673
     348    662.28550291
     349    666.10068628
     350    669.92681700
     351    673.76389492
     352    677.61192019
     353    681.47089266
     354    685.34081248
     355    689.22167951
     356    693.11349390
     357    697.01625550
     358    700.92996446
     359    704.85462064
     360    708.79022417
     361    712.73677493
     362    716.69427306
     363    720.66271841
     364    724.64211114
     365    728.63245109
     366    732.63373841
     367    736.64597297
     368    740.66915490
     369    744.70328407
     370    748.74836063
     371    752.80438441
     372    756.87135559
     373    760.94927401
     374    765.03813981
     375    769.13795286
     376    773.24871331
     377    777.37042099
     378    781.50307608
     379    785.64667842
     380    789.80122816
     381    793.96672514
     382    798.14316954
     383    802.33056118
     384    806.52890024
     385    810.73818654
     386    814.95842027
     387    819.18960125
     388    823.43172964
     389    827.68480530
     390    831.94882838
     391    836.22379871
     392    840.50971647
     393    844.80658149
     394    849.11439395
     395    853.43315366
     396    857.76286081
     397    862.10351522
     398    866.45511707
     399    870.81766618
     400    875.19116273
     401    879.57560655
     402    883.97099782
     403    888.37733635
     404    892.79462233
     405    897.22285558
     406    901.66203628
     407    906.11216425
     408    910.57323968
     409    915.04526238
     410    919.52823253
     411    924.02214996
     412    928.52701485
     413    933.04282702
     414    937.56958664
     415    942.10729355
     416    946.65594792
     417    951.21554957
     418    955.78609869
     419    960.36759508
     420    964.96003895
     421    969.56343010
     422    974.17776873
     423    978.80305464
     424    983.43928802
     425    988.08646869
     426    992.74459684
     427    997.41367227
     428   1002.09369519
     429   1006.78466539
     430   1011.48658307
     431   1016.19944805
     432   1020.92326051
     433   1025.65802026
     434   1030.40372750
     435   1035.16038203
     436   1039.92798405
     437   1044.70653336
     438   1049.49603017
     439   1054.29647427
     440   1059.10786587
     441   1063.93020476
     442   1068.76349115
     443   1073.60772483
     444   1078.46290602
     445   1083.32903450
     446   1088.20611049
     447   1093.09413377
     448   1097.99310456
     449   1102.90302264
     450   1107.82388824
     451   1112.75570113
     452   1117.69846154
     453   1122.65216924
     454   1127.61682446
     455   1132.59242697
     456   1137.57897701
     457   1142.57647434
     458   1147.58491919
     459   1152.60431134
     460   1157.63465102
     461   1162.67593799
     462   1167.72817249
     463   1172.79135429
     464   1177.86548362
     465   1182.95056024
     466   1188.04658440
     467   1193.15355585
     468   1198.27147485
     469   1203.40034113
     470   1208.54015496
     471   1213.69091609
     472   1218.85262476
     473   1224.02528072
     474   1229.20888423
     475   1234.40343503
     476   1239.60893339
     477   1244.82537904
     478   1250.05277224
     479   1255.29111274
     480   1260.54040079
     481   1265.80063613
     482   1271.07181904
     483   1276.35394924
     484   1281.64702699
     485   1286.95105205
     486   1292.26602466
     487   1297.59194457
     488   1302.92881205
     489   1308.27662682
     490   1313.63538916
     491   1319.00509879
     492   1324.38575600
     493   1329.77736049
     494   1335.17991256
     495   1340.59341193
     496   1346.01785887
     497   1351.45325310
     498   1356.89959491
     499   1362.35688402
     500   1367.82512070
     501   1373.30430468
     502   1378.79443625
     503   1384.29551510
     504   1389.80754154
     505   1395.33051528
     506   1400.86443660
     507   1406.40930522
     508   1411.96512142
     509   1417.53188492
     510   1423.10959601
     511   1428.69825440
     512   1434.29786038
     513   1439.90841365
     514   1445.52991452
     515   1451.16236268
     516   1456.80575844
     517   1462.46010149
     518   1468.12539215
     519   1473.80163010
     520   1479.48881565
     521   1485.18694849
     522   1490.89602894
     523   1496.61605668
     524   1502.34703203
     525   1508.08895468
     526   1513.84182493
     527   1519.60564247
     528   1525.38040763
     529   1531.16612008
     530   1536.96278014
     531   1542.77038750
     532   1548.58894247
     533   1554.41844474
     534   1560.25889462
     535   1566.11029179
     536   1571.97263659
     537   1577.84592868
     538   1583.73016839
     539   1589.62535539
     540   1595.53149001
     541   1601.44857193
     542   1607.37660148
     543   1613.31557831
     544   1619.26550278
     545   1625.22637453
     546   1631.19819392
     547   1637.18096060
     548   1643.17467491
     549   1649.17933651
     550   1655.19494575
     551   1661.22150228
     552   1667.25900645
     553   1673.30745790
     554   1679.36685700
     555   1685.43720338
     556   1691.51849741
     557   1697.61073873
     558   1703.71392769
     559   1709.82806394
     560   1715.95314784
     561   1722.08917902
     562   1728.23615786
     563   1734.39408398
     564   1740.56295776
     565   1746.74277881
     566   1752.93354753
     567   1759.13526353
     568   1765.34792719
     569   1771.57153813
     570   1777.80609674
     571   1784.05160262
     572   1790.30805618
     573   1796.57545701
     574   1802.85380551
     575   1809.14310129
     576   1815.44334474
     577   1821.75453547
     578   1828.07667387
     579   1834.40975955
     580   1840.75379291
     581   1847.10877354
     582   1853.47470185
     583   1859.85157744
     584   1866.23940071
     585   1872.63817125
     586   1879.04788948
     587   1885.46855498
     588   1891.90016817
     589   1898.34272863
     590   1904.79623678
     591   1911.26069221
     592   1917.73609532
     593   1924.22244571
     594   1930.71974379
     595   1937.22798915
     596   1943.74718220
     597   1950.27732251
     598   1956.81841053
     599   1963.37044582
     600   1969.93342881
     601   1976.50735907
     602   1983.09223703
     603   1989.68806226
     604   1996.29483520
     605   2002.91255541
     606   2009.54122332
     607   2016.18083850
     608   2022.83140139
     609   2029.49291155
     610   2036.16536942
     611   2042.84877456
     612   2049.54312741
     613   2056.24842753
     614   2062.96467536
     615   2069.69187046
     616   2076.43001329
     617   2083.17910337
     618   2089.93914118
     619   2096.71012624
     620   2103.49205904
     621   2110.28493910
     622   2117.08876688
     623   2123.90354193
     624   2130.72926471
     625   2137.56593474
     626   2144.41355251
     627   2151.27211754
     628   2158.14163031
     629   2165.02209033
     630   2171.91349809
     631   2178.81585311
     632   2185.72915587
     633   2192.65340588
     634   2199.58860365
     635   2206.53474866
     636   2213.49184142
     637   2220.45988144
     638   2227.43886921
     639   2234.42880422
     640   2241.42968700
     641   2248.44151702
     642   2255.46429480
     643   2262.49801982
     644   2269.54269261
     645   2276.59831264
     646   2283.66488044
     647   2290.74239549
     648   2297.83085830
     649   2304.93026835
     650   2312.04062617
     651   2319.16193124
     652   2326.29418408
     653   2333.43738416
     654   2340.59153202
     655   2347.75662711
     656   2354.93266999
     657   2362.11966010
     658   2369.31759800
     659   2376.52648313
     660   2383.74631605
     661   2390.97709620
     662   2398.21882414
     663   2405.47149932
     664   2412.73512228
     665   2420.00969248
     666   2427.29521048
     667   2434.59167570
     668   2441.89908873
     669   2449.21744898
     670   2456.54675703
     671   2463.88701232
     672   2471.23821540
     673   2478.60036571
     674   2485.97346383
     675   2493.35750918
     676   2500.75250233
     677   2508.15844271
     678   2515.57533091
     679   2523.00316632
     680   2530.44194955
     681   2537.89168001
     682   2545.35235828
     683   2552.82398377
     684   2560.30655708
     685   2567.80007762
     686   2575.30454598
     687   2582.81996156
     688   2590.34632496
     689   2597.88363558
     690   2605.43189403
     691   2612.99109970
     692   2620.56125320
     693   2628.14235391
     694   2635.73440246
     695   2643.33739823
     696   2650.95134183
     697   2658.57623265
     698   2666.21207131
     699   2673.85885718
     700   2681.51659089
     701   2689.18527181
     702   2696.86490058
     703   2704.55547657
     704   2712.25700039
     705   2719.96947143
     706   2727.69289032
     707   2735.42725642
     708   2743.17257038
     709   2750.92883154
     710   2758.69604056
     711   2766.47419678
     712   2774.26330086
     713   2782.06335215
     714   2789.87435131
     715   2797.69629766
     716   2805.52919188
     717   2813.37303331
     718   2821.22782260
     719   2829.09355909
     720   2836.97024346
     721   2844.85787503
     722   2852.75645447
     723   2860.66598111
     724   2868.58645563
     725   2876.51787734
     726   2884.46024694
     727   2892.41356373
     728   2900.37782841
     729   2908.35304028
     730   2916.33920004
     731   2924.33630699
     732   2932.34436183
     733   2940.36336386
     734   2948.39331379
     735   2956.43421091
     736   2964.48605593
     737   2972.54884813
     738   2980.62258824
     739   2988.70727553
     740   2996.80291072
     741   3004.90949310
     742   3013.02702339
     743   3021.15550086
     744   3029.29492624
     745   3037.44529881
     746   3045.60661929
     747   3053.77888695
     748   3061.96210252
     749   3070.15626528
     750   3078.36137595
     751   3086.57743381
     752   3094.80443959
     753   3103.04239254
     754   3111.29129342
     755   3119.55114147
     756   3127.82193746
     757   3136.10368062
     758   3144.39637171
     759   3152.70000998
     760   3161.01459618
     761   3169.34012955
     762   3177.67661086
     763   3186.02403934
     764   3194.38241577
     765   3202.75173936
     766   3211.13201090
     767   3219.52322960
     768   3227.92539626
     769   3236.33851007
     770   3244.76257185
     771   3253.19758078
     772   3261.64353767
     773   3270.10044172
     774   3278.56829374
     775   3287.04709291
     776   3295.53684005
     777   3304.03753434
     778   3312.54917660
     779   3321.07176602
     780   3329.60530341
     781   3338.14978795
     782   3346.70522047
     783   3355.27160014
     784   3363.84892779
     785   3372.43720258
     786   3381.03642537
     787   3389.64659529
     788   3398.26771321
     789   3406.89977827
     790   3415.54279133
     791   3424.19675152
     792   3432.86165971
     793   3441.53751504
     794   3450.22431837
     795   3458.92206884
     796   3467.63076732
     797   3476.35041292
     798   3485.08100654
     799   3493.82254729
     800   3502.57503606
     801   3511.33847195
     802   3520.11285586
     803   3528.89818690
     804   3537.69446596
     805   3546.50169215
     806   3555.31986636
     807   3564.14898770
     808   3572.98905706
     809   3581.84007355
     810   3590.70203807
     811   3599.57494971
     812   3608.45880939
     813   3617.35361619
     814   3626.25937102
     815   3635.17607298
     816   3644.10372298
     817   3653.04232009
     818   3661.99186525
     819   3670.95235752
     820   3679.92379785
     821   3688.90618528
     822   3697.89952077
     823   3706.90380337
     824   3715.91903403
     825   3724.94521180
     826   3733.98233763
     827   3743.03041057
     828   3752.08943157
     829   3761.15939967
     830   3770.24031586
     831   3779.33217913
     832   3788.43499049
     833   3797.54874894
     834   3806.67345547
     835   3815.80910910
     836   3824.95571081
     837   3834.11325962
     838   3843.28175652
     839   3852.46120050
     840   3861.65159258
     841   3870.85293175
     842   3880.06521902
     843   3889.28845337
     844   3898.52263582
     845   3907.76776536
     846   3917.02384301
     847   3926.29086773
     848   3935.56884057
     849   3944.85776048
     850   3954.15762852
     851   3963.46844362
     852   3972.79020685
     853   3982.12291715
     854   3991.46657558
     855   4000.82118108
     856   4010.18673470
     857   4019.56323540
     858   4028.95068423
     859   4038.34908012
     860   4047.75842416
     861   4057.17871525
     862   4066.60995449
     863   4076.05214079
     864   4085.50527524
     865   4094.96935674
     866   4104.44438640
     867   4113.93036312
     868   4123.42728799
     869   4132.93515991
     870   4142.45398000
     871   4151.98374713
     872   4161.52446243
     873   4171.07612478
     874   4180.63873530
     875   4190.21229286
     876   4199.79679861
     877   4209.39225139
     878   4218.99865235
     879   4228.61600035
     880   4238.24429654
     881   4247.88353976
     882   4257.53373118
     883   4267.19486963
     884   4276.86695627
     885   4286.54998995
     886   4296.24397182
     887   4305.94890072
     888   4315.66477783
     889   4325.39160196
     890   4335.12937431
     891   4344.87809367
     892   4354.63776125
     893   4364.40837585
     894   4374.18993867
     895   4383.98244850
     896   4393.78590656
     897   4403.60031164
     898   4413.42566494
     899   4423.26196525
     900   4433.10921380
     901   4442.96740936
     902   4452.83655316
     903   4462.71664396
     904   4472.60768300
     905   4482.50966905
     906   4492.42260335
     907   4502.34648465
     908   4512.28131420
     909   4522.22709075
     910   4532.18381556
     911   4542.15148736
     912   4552.13010742
     913   4562.11967448
     914   4572.12018981
     915   4582.13165212
     916   4592.15406271
     917   4602.18742028
     918   4612.23172614
     919   4622.28697897
     920   4632.35318009
     921   4642.43032819
     922   4652.51842458
     923   4662.61746794
     924   4672.72745960
     925   4682.84839824
     926   4692.98028517
     927   4703.12311907
     928   4713.27690128
     929   4723.44163046
     930   4733.61730794
     931   4743.80393239
     932   4754.00150516
     933   4764.21002488
     934   4774.42949293
     935   4784.65990794
     936   4794.90127127
     937   4805.15358155
     938   4815.41684017
     939   4825.69104574
     940   4835.97619965
     941   4846.27230050
     942   4856.57934970
     943   4866.89734584
     944   4877.22629033
     945   4887.56618176
     946   4897.91702155
     947   4908.27880827
     948   4918.65154335
     949   4929.03522537
     950   4939.42985575
     951   4949.83543306
     952   4960.25195875
     953   4970.67943135
     954   4981.11785234
     955   4991.56722025
     956   5002.02753655
     957   5012.49879976
     958   5022.98101137
     959   5033.47416988
     960   5043.97827680
     961   5054.49333062
     962   5065.01933285
     963   5075.55628198
     964   5086.10417952
     965   5096.66302397
     966   5107.23281683
     967   5117.81355659
     968   5128.40524477
     969   5139.00787984
     970   5149.62146335
     971   5160.24599374
     972   5170.88147256
     973   5181.52789828
     974   5192.18527243
     975   5202.85359346
     976   5213.53286295
     977   5224.22307931
     978   5234.92424412
     979   5245.63635581
     980   5256.35941595
     981   5267.09342297
     982   5277.83837845
     983   5288.59428080
     984   5299.36113162
     985   5310.13892930
     986   5320.92767546
     987   5331.72736848
     988   5342.53800998
     989   5353.35959834
     990   5364.19213519
     991   5375.03561888
     992   5385.89005108
     993   5396.75543012
     994   5407.63175766
     995   5418.51903205
     996   5429.41725494
     997   5440.32642468
     998   5451.24654293
     999   5462.17760801
    1000   5473.11962161
    1001   5484.07258205
    1002   5495.03649101
    1003   5506.01134680
    1004   5516.99715113
    1005   5527.99390228
    1006   5539.00160196
    1007   5550.02024847
    1008   5561.04984352
    1009   5572.09038539
    1010   5583.14187581
    1011   5594.20431304
    1012   5605.27769884
    1013   5616.36203143
    1014   5627.45731260
    1015   5638.56354056
    1016   5649.68071710
    1017   5660.80884044
    1018   5671.94791236
    1019   5683.09793106
    1020   5694.25889836
    1021   5705.43081245
    1022   5716.61367513
    1023   5727.80748459
    1024   5739.01224265
    1025   5750.22794749
    1026   5761.45460094
    1027   5772.69220117
    1028   5783.94075001
    1029   5795.20024561
    1030   5806.47068985
    1031   5817.75208084
    1032   5829.04442047
    1033   5840.34770685
    1034   5851.66194187
    1035   5862.98712365
    1036   5874.32325407
    1037   5885.67033124
    1038   5897.02835706
    1039   5908.39732963
    1040   5919.77725085
    1041   5931.16811882
    1042   5942.56993545
    1043   5953.98269882
    1044   5965.40641086
    1045   5976.84106963
    1046   5988.28667708
    1047   5999.74323125
    1048   6011.21073412
    1049   6022.68918370
    1050   6034.17858198
    1051   6045.67892698
    1052   6057.19022068
    1053   6068.71246108
    1054   6080.24565020
    1055   6091.78978602
    1056   6103.34487057
    1057   6114.91090181
    1058   6126.48788177
    1059   6138.07580843
    1060   6149.67468383
    1061   6161.28450591
    1062   6172.90527674
    1063   6184.53699425
    1064   6196.17966050
    1065   6207.83327344
    1066   6219.49783513
    1067   6231.17334350
    1068   6242.85980063
    1069   6254.55720442
    1070   6266.26555700
    1071   6277.98485623
    1072   6289.71510424
    1073   6301.45629891
    1074   6313.20844237
    1075   6324.97153248
    1076   6336.74557138
    1077   6348.53055693
    1078   6360.32649129
    1079   6372.13337228
    1080   6383.95120209
    1081   6395.77997853
    1082   6407.61970379
    1083   6419.47037569
    1084   6431.33199641
    1085   6443.20456375
    1086   6455.08807993
    1087   6466.98254272
    1088   6478.88795437
    1089   6490.80431262
    1090   6502.73161973
    1091   6514.66987344
    1092   6526.61907601
    1093   6538.57922518
    1094   6550.55032323
    1095   6562.53236786
    1096   6574.52536138
    1097   6586.52930148
    1098   6598.54419047
    1099   6610.57002605
    1100   6622.60681051
    1101   6634.65454156
    1102   6646.71322151
    1103   6658.78284802
    1104   6670.86342345
    1105   6682.95494544
    1106   6695.05741636
    1107   6707.17083383
    1108   6719.29520023
    1109   6731.43051319
    1110   6743.57677508
    1111   6755.73398351
    1112   6767.90214090
    1113   6780.08124482
    1114   6792.27129770
    1115   6804.47229711
    1116   6816.68424548
    1117   6828.90714039
    1118   6841.14098426
    1119   6853.38577466
    1120   6865.64151403
    1121   6877.90819992
    1122   6890.18583481
    1123   6902.47441620
    1124   6914.77394659
    1125   6927.08442348
    1126   6939.40584938
    1127   6951.73822177
    1128   6964.08154319
    1129   6976.43581108
    1130   6988.80102801
    1131   7001.17719142
    1132   7013.56430387
    1133   7025.96236278
    1134   7038.37137075
    1135   7050.79132518
    1136   7063.22222867
    1137   7075.66407862
    1138   7088.11687763
    1139   7100.58062309
    1140   7113.05531764
    1141   7125.54095862
    1142   7138.03754870
    1143   7150.54508520
    1144   7163.06357081
    1145   7175.59300284
    1146   7188.13338399
    1147   7200.68471155
    1148   7213.24698823
    1149   7225.82021132
    1150   7238.40438354
    1151   7250.99950217
    1152   7263.60556993
    1153   7276.22258409
    1154   7288.85054740
    1155   7301.48945710
    1156   7314.13931596
    1157   7326.80012120
    1158   7339.47187561
    1159   7352.15457639
    1160   7364.84822636
    1161   7377.55282269
    1162   7390.26836821
    1163   7402.99486008
    1164   7415.73230116
    1165   7428.48068859
    1166   7441.24002523
    1167   7454.01030821
    1168   7466.79154041
    1169   7479.58371895
    1170   7492.38684672
    1171   7505.20092081
    1172   7518.02594415
    1173   7530.86191381
    1174   7543.70883272
    1175   7556.56669794
    1176   7569.43551242
    1177   7582.31527321
    1178   7595.20598327
    1179   7608.10763962
    1180   7621.02024526
    1181   7633.94379718
    1182   7646.87829841
    1183   7659.82374590
    1184   7672.78014271
    1185   7685.74748578
    1186   7698.72577818
    1187   7711.71501683
    1188   7724.71520481
    1189   7737.72633905
    1190   7750.74842262
    1191   7763.78145244
    1192   7776.82543161
    1193   7789.88035701
    1194   7802.94623178
    1195   7816.02305277
    1196   7829.11082314
    1197   7842.20953972
    1198   7855.31920569
    1199   7868.43981786
    1200   7881.57137944
    1201   7894.71388721
    1202   7907.86734440
    1203   7921.03174776
    1204   7934.20710056
    1205   7947.39339953
    1206   7960.59064794
    1207   7973.79884251
    1208   7987.01798653
    1209   8000.24807671
    1210   8013.48911635
    1211   8026.74110214
    1212   8040.00403740
    1213   8053.27791880
    1214   8066.56274969
    1215   8079.85852670
    1216   8093.16525321
    1217   8106.48292584
    1218   8119.81154798
    1219   8133.15111623
    1220   8146.50163400
    1221   8159.86309787
    1222   8173.23551127
    1223   8186.61887077
    1224   8200.01317981
    1225   8213.41843493
    1226   8226.83463961
    1227   8240.26179035
    1228   8253.69989067
    1229   8267.14893705
    1230   8280.60893302
    1231   8294.07987503
    1232   8307.56176664
    1233   8321.05460429
    1234   8334.55839155
    1235   8348.07312484
    1236   8361.59880775
    1237   8375.13543668
    1238   8388.68301525
    1239   8402.24153982
    1240   8415.81101404
    1241   8429.39143426
    1242   8442.98280414
    1243   8456.58512001
    1244   8470.19838556
    1245   8483.82259707
    1246   8497.45775829
    1247   8511.10386545
    1248   8524.76092233
    1249   8538.42892516
    1250   8552.10787771
    1251   8565.79777619
    1252   8579.49862442
    1253   8593.21041856
    1254   8606.93316246
    1255   8620.66685227
    1256   8634.41149184
    1257   8648.16707731
    1258   8661.93361257
    1259   8675.71109371
    1260   8689.49952465
    1261   8703.29890146
    1262   8717.10922809
    1263   8730.93050057
    1264   8744.76272288
    1265   8758.60589104
    1266   8772.46000905
    1267   8786.32507289
    1268   8800.20108658
    1269   8814.08804610
    1270   8827.98595549
    1271   8841.89481070
    1272   8855.81461578
    1273   8869.74536667
    1274   8883.68706746
    1275   8897.63971404
    1276   8911.60331053
    1277   8925.57785280
    1278   8939.56334500
    1279   8953.55978296
    1280   8967.56717086
    1281   8981.58550452
    1282   8995.61478813
    1283   9009.65501749
    1284   9023.70619682
    1285   9037.76832187
    1286   9051.84139692
    1287   9065.92541767
    1288   9080.02038843
    1289   9094.12630489
    1290   9108.24317138
    1291   9122.37098355
    1292   9136.50974576
    1293   9150.65945363
    1294   9164.82011157
    1295   9178.99171516
    1296   9193.17426882
    1297   9207.36776812
    1298   9221.57221751
    1299   9235.78761253
    1300   9250.01395766
    1301   9264.25124840
    1302   9278.49948926
    1303   9292.75867572
    1304   9307.02881232
    1305   9321.30989451
    1306   9335.60192685
    1307   9349.90490476
    1308   9364.21883285
    1309   9378.54370648
    1310   9392.87953031
    1311   9407.22629968
    1312   9421.58401926
    1313   9435.95268436
    1314   9450.33229969
    1315   9464.72286053
    1316   9479.12437162
    1317   9493.53682819
    1318   9507.96023503
    1319   9522.39458734
    1320   9536.83988994
    1321   9551.29613800
    1322   9565.76333635
    1323   9580.24148016
    1324   9594.73057428
    1325   9609.23061382
    1326   9623.74160371
    1327   9638.26353901
    1328   9652.79642466
    1329   9667.34025571
    1330   9681.89503713
    1331   9696.46076393
    1332   9711.03744113
    1333   9725.62506369
    1334   9740.22363666
    1335   9754.83315497
    1336   9769.45362372
    1337   9784.08503780
    1338   9798.72740233
    1339   9813.38071216
    1340   9828.04497247
    1341   9842.72017808
    1342   9857.40633417
    1343   9872.10343554
    1344   9886.81148742
    1345   9901.53048456
    1346   9916.26043223
    1347   9931.00132514
    1348   9945.75316860
    1349   9960.51595728
    1350   9975.28969654
    1351   9990.07438100
    1352  10004.87001605
    1353  10019.67659628
    1354  10034.49412713
    1355  10049.32260315
    1356  10064.16202980
    1357  10079.01240159
    1358  10093.87372405
    1359  10108.74599163
    1360  10123.62920988
    1361  10138.52337325
    1362  10153.42848732
    1363  10168.34454647
    1364  10183.27155635
    1365  10198.20951129
    1366  10213.15841698
    1367  10228.11826771
    1368  10243.08906921
    1369  10258.07081574
    1370  10273.06351306
    1371  10288.06715539
    1372  10303.08174852
    1373  10318.10728665
    1374  10333.14377560
    1375  10348.19120953
    1376  10363.24959431
    1377  10378.31892403
    1378  10393.39920464
    1379  10408.49043017
    1380  10423.59260660
    1381  10438.70572794
    1382  10453.82980020
    1383  10468.96481734
    1384  10484.11078543
    1385  10499.26769839
    1386  10514.43556231
    1387  10529.61437108
    1388  10544.80413084
    1389  10560.00483542
    1390  10575.21649102
    1391  10590.43909141
    1392  10605.67264285
    1393  10620.91713906
    1394  10636.17258634
    1395  10651.43897837
    1396  10666.71632150
    1397  10682.00460935
    1398  10697.30384832
    1399  10712.61403199
    1400  10727.93516681
    1401  10743.26724631
    1402  10758.61027698
    1403  10773.96425230
    1404  10789.32917882
    1405  10804.70504997
    1406  10820.09187235
    1407  10835.48963933
    1408  10850.89835756
    1409  10866.31802037
    1410  10881.74863446
    1411  10897.19019310
    1412  10912.64270305
    1413  10928.10615753
    1414  10943.58056334
    1415  10959.06591365
    1416  10974.56221532
    1417  10990.06946148
    1418  11005.58765901
    1419  11021.11680101
    1420  11036.65689441
    1421  11052.20793225
    1422  11067.76992152
    1423  11083.34285520
    1424  11098.92674034
    1425  11114.52156986
    1426  11130.12735087
    1427  11145.74407624
    1428  11161.37175313
    1429  11177.01037434
    1430  11192.65994710
    1431  11208.32046417
    1432  11223.99193281
    1433  11239.67434572
    1434  11255.36771024
    1435  11271.07201900
    1436  11286.78727940
    1437  11302.51348402
    1438  11318.25064030
    1439  11333.99874077
    1440  11349.75779294
    1441  11365.52778927
    1442  11381.30873732
    1443  11397.10062950
    1444  11412.90347344
    1445  11428.71726148
    1446  11444.54200131
    1447  11460.37768521
    1448  11476.22432093
    1449  11492.08190068
    1450  11507.95043229
    1451  11523.82990791
    1452  11539.72033542
    1453  11555.62170690
    1454  11571.53403030
    1455  11587.45729764
    1456  11603.39151694
    1457  11619.33668015
    1458  11635.29279534
    1459  11651.25985441
    1460  11667.23786551
    1461  11683.22682045
    1462  11699.22672744
    1463  11715.23757825
    1464  11731.25938114
    1465  11747.29212782
    1466  11763.33582662
    1467  11779.39046916
    1468  11795.45606386
    1469  11811.53260228
    1470  11827.62009289
    1471  11843.71852717
    1472  11859.82791369
    1473  11875.94824384
    1474  11892.07952626
    1475  11908.22175230
    1476  11924.37493063
    1477  11940.53905253
    1478  11956.71412677
    1479  11972.90014455
    1480  11989.09711470
    1481  12005.30502835
    1482  12021.52389441
    1483  12037.75370394
    1484  12053.99446592
    1485  12070.24617132
    1486  12086.50882921
    1487  12102.78243049
    1488  12119.06698430
    1489  12135.36248145
    1490  12151.66893117
    1491  12167.98632421
    1492  12184.31466984
    1493  12200.65395876
    1494  12217.00420031
    1495  12233.36538510
    1496  12249.73752257
    1497  12266.12060324
    1498  12282.51463663
    1499  12298.91961318
    1500  12315.33554249
    1501  12331.76241491
    1502  12348.20024014
    1503  12364.64900845
    1504  12381.10872960
    1505  12397.57939378
    1506  12414.06101086
    1507  12430.55357092
    1508  12447.05708391
    1509  12463.57153986
    1510  12480.09694877
    1511  12496.63330060
    1512  12513.18060543
    1513  12529.73885314
    1514  12546.30805390
    1515  12562.88819748
    1516  12579.47929416
    1517  12596.08133362
    1518  12612.69432623
    1519  12629.31826157
    1520  12645.95315010
    1521  12662.59898132
    1522  12679.25576578
    1523  12695.92349287
    1524  12712.60217325
    1525  12729.29179623
    1526  12745.99237253
    1527  12762.70389138
    1528  12779.42636361
    1529  12796.15977834
    1530  12812.90414650
    1531  12829.65945710
    1532  12846.42572118
    1533  12863.20292766
    1534  12879.99108766
    1535  12896.79019001
    1536  12913.60024594
    1537  12930.42124417
    1538  12947.25319602
    1539  12964.09609012
    1540  12980.94993790
    1541  12997.81472787
    1542  13014.69047157
    1543  13031.57715742
    1544  13048.47479704
    1545  13065.38337875
    1546  13082.30291430
    1547  13099.23339188
    1548  13116.17482335
    1549  13133.12719680
    1550  13150.09052420
    1551  13167.06479351
    1552  13184.05001683
    1553  13201.04618201
    1554  13218.05330124
    1555  13235.07136229
    1556  13252.10037744
    1557  13269.14033435
    1558  13286.19124542
    1559  13303.25309819
    1560  13320.32590518
    1561  13337.40965381
    1562  13354.50435672
    1563  13371.61000120
    1564  13388.72660003
    1565  13405.85414037
    1566  13422.99263511
    1567  13440.14207131
    1568  13457.30246196
    1569  13474.47379401
    1570  13491.65608058
    1571  13508.84930847
    1572  13526.05349095
    1573  13543.26861470
    1574  13560.49469309
    1575  13577.73171268
    1576  13594.97968697
    1577  13612.23860241
    1578  13629.50847261
    1579  13646.78928389
    1580  13664.08105000
    1581  13681.38375711
    1582  13698.69741913
    1583  13716.02202208
    1584  13733.35757999
    1585  13750.70407878
    1586  13768.06153259
    1587  13785.42992721
    1588  13802.80927692
    1589  13820.19956736
    1590  13837.60081298
    1591  13855.01299924
    1592  13872.43614075
    1593  13889.87022283
    1594  13907.31526023
    1595  13924.77123814
    1596  13942.23817143
    1597  13959.71604515
    1598  13977.20487433
    1599  13994.70464386
    1600  14012.21536892
    1601  14029.73703426
    1602  14047.26965520
    1603  14064.81321634
    1604  14082.36773317
    1605  14099.93319011
    1606  14117.50960282
    1607  14135.09695556
    1608  14152.69526413
    1609  14170.30451267
    1610  14187.92471711
    1611  14205.55586143
    1612  14223.19796175
    1613  14240.85100186
    1614  14258.51499804
    1615  14276.18993392
    1616  14293.87582597
    1617  14311.57265763
    1618  14329.28044553
    1619  14346.99917296
    1620  14364.72885672
    1621  14382.46947992
    1622  14400.22105953
    1623  14417.98357849
    1624  14435.75705394
    1625  14453.54146866
    1626  14471.33683996
    1627  14489.14315042
    1628  14506.96041756
    1629  14524.78862377
    1630  14542.62778675
    1631  14560.47788870
    1632  14578.33894751
    1633  14596.21094519
    1634  14614.09389983
    1635  14631.98779324
    1636  14649.89264370
    1637  14667.80843284
    1638  14685.73517911
    1639  14703.67286397
    1640  14721.62150605
    1641  14739.58108662
    1642  14757.55162452
    1643  14775.53310078
    1644  14793.52553448
    1645  14811.52890645
    1646  14829.54323595
    1647  14847.56850360
    1648  14865.60472889
    1649  14883.65189223
    1650  14901.71001331
    1651  14919.77907233
    1652  14937.85908919
    1653  14955.95004387
    1654  14974.05195651
    1655  14992.16480685
    1656  15010.28861526
    1657  15028.42336126
    1658  15046.56906543
    1659  15064.72570708
    1660  15082.89330701
    1661  15101.07184429
    1662  15119.26133997
    1663  15137.46177288
    1664  15155.67316431
    1665  15173.89549284
    1666  15192.12878001
    1667  15210.37300415
    1668  15228.62818705
    1669  15246.89430679
    1670  15265.17138541
    1671  15283.45940075
    1672  15301.75837509
    1673  15320.06828601
    1674  15338.38915606
    1675  15356.72096256
    1676  15375.06372831
    1677  15393.41743037
    1678  15411.78209182
    1679  15430.15768944
    1680  15448.54424657
    1681  15466.94173973
    1682  15485.35019254
    1683  15503.76958123
    1684  15522.19992971
    1685  15540.64121393
    1686  15559.09345807
    1687  15577.55663780
    1688  15596.03077759
    1689  15614.51585282
    1690  15633.01188826
    1691  15651.51885897
    1692  15670.03679004
    1693  15688.56565624
    1694  15707.10548293
    1695  15725.65624459
    1696  15744.21796690
    1697  15762.79062401
    1698  15781.37424192
    1699  15799.96879447
    1700  15818.57430797
    1701  15837.19075595
    1702  15855.81816504
    1703  15874.45650843
    1704  15893.10581309
    1705  15911.76605187
    1706  15930.43725210
    1707  15949.11938627
    1708  15967.81248205
    1709  15986.51651159
    1710  16005.23150291
    1711  16023.95742780
    1712  16042.69431464
    1713  16061.44213488
    1714  16080.20091724
    1715  16098.97063280
    1716  16117.75131066
    1717  16136.54292153
    1718  16155.34549489
    1719  16174.15900105
    1720  16192.98346988
    1721  16211.81887132
    1722  16230.66523562
    1723  16249.52253231
    1724  16268.39079206
    1725  16287.26998400
    1726  16306.16013919
    1727  16325.06122635
    1728  16343.97327696
    1729  16362.89625933
    1730  16381.83020535
    1731  16400.77508290
    1732  16419.73092432
    1733  16438.69769704
    1734  16457.67543384
    1735  16476.66410171
    1736  16495.66373387
    1737  16514.67429687
    1738  16533.69582437
    1739  16552.72828248
    1740  16571.77170532
    1741  16590.82605852
    1742  16609.89137667
    1743  16628.96762493
    1744  16648.05483839
    1745  16667.15298169
    1746  16686.26209043
    1747  16705.38212876
    1748  16724.51313276
    1749  16743.65506608
    1750  16762.80796533
    1751  16781.97179363
    1752  16801.14658810
    1753  16820.33231135
    1754  16839.52900104
    1755  16858.73661922
    1756  16877.95520409
    1757  16897.18471717
    1758  16916.42519721
    1759  16935.67660517
    1760  16954.93898036
    1761  16974.21228316
    1762  16993.49655348
    1763  17012.79175111
    1764  17032.09791654
    1765  17051.41500896
    1766  17070.74306948
    1767  17090.08205667
    1768  17109.43201224
    1769  17128.79289417
    1770  17148.16474479
    1771  17167.54752143
    1772  17186.94126707
    1773  17206.34593838
    1774  17225.76157901
    1775  17245.18814498
    1776  17264.62568058
    1777  17284.07414116
    1778  17303.53357171
    1779  17323.00392687
    1780  17342.48525234
    1781  17361.97750205
    1782  17381.48072241
    1783  17400.99486664
    1784  17420.51998187
    1785  17440.05602057
    1786  17459.60303065
    1787  17479.16096380
    1788  17498.72986869
    1789  17518.30969624
    1790  17537.90049592
    1791  17557.50221784
    1792  17577.11491228
    1793  17596.73852853
    1794  17616.37311770
    1795  17636.01862824
    1796  17655.67511211
    1797  17675.34251690
    1798  17695.02089543
    1799  17714.71019444
    1800  17734.41046760
    1801  17754.12166077
    1802  17773.84382854
    1803  17793.57691584
    1804  17813.32097818
    1805  17833.07595955
    1806  17852.84191643
    1807  17872.61879183
    1808  17892.40664321
    1809  17912.20541260
    1810  17932.01515845
    1811  17951.83582177
    1812  17971.66746205
    1813  17991.51001927
    1814  18011.36355394
    1815  18031.22800499
    1816  18051.10343402
    1817  18070.98977885
    1818  18090.88710220
    1819  18110.79534076
    1820  18130.71455839
    1821  18150.64469063
    1822  18170.58580250
    1823  18190.53782835
    1824  18210.50083442
    1825  18230.47475383
    1826  18250.45965406
    1827  18270.45546697
    1828  18290.46226131
    1829  18310.47996766
    1830  18330.50865607
    1831  18350.54825580
    1832  18370.59883823
    1833  18390.66033127
    1834  18410.73280768
    1835  18430.81619397
    1836  18450.91056430
    1837  18471.01584377
    1838  18491.13210798
    1839  18511.25928056
    1840  18531.39743861
    1841  18551.54650422
    1842  18571.70655605
    1843  18591.87751463
    1844  18612.05946018
    1845  18632.25231164
    1846  18652.45615087
    1847  18672.67089515
    1848  18692.89662799
    1849  18713.13326500
    1850  18733.38089141
    1851  18753.63942106
    1852  18773.90894098
    1853  18794.18936319
    1854  18814.48077656
    1855  18834.78309124
    1856  18855.09639800
    1857  18875.42060506
    1858  18895.75580515
    1859  18916.10190450
    1860  18936.45899785
    1861  18956.82698940
    1862  18977.20597595
    1863  18997.59585959
    1864  19017.99673928
    1865  19038.40851491
    1866  19058.83128767
    1867  19079.26495519
    1868  19099.70962095
    1869  19120.16518025
    1870  19140.63173894
    1871  19161.10918990
    1872  19181.59764145
    1873  19202.09698397
    1874  19222.60732829
    1875  19243.12856224
    1876  19263.66079928
    1877  19284.20392454
    1878  19304.75805420
    1879  19325.32307065
    1880  19345.89909286
    1881  19366.48600036
    1882  19387.08391504
    1883  19407.69271345
    1884  19428.31252052
    1885  19448.94320971
    1886  19469.58490907
    1887  19490.23748890
    1888  19510.90108047
    1889  19531.57555078
    1890  19552.26103447
    1891  19572.95739511
    1892  19593.66477083
    1893  19614.38302163
    1894  19635.11228929
    1895  19655.85243010
    1896  19676.60358959
    1897  19697.36562022
    1898  19718.13867146
    1899  19738.92259174
    1900  19759.71753461
    1901  19780.52334436
    1902  19801.34017877
    1903  19822.16787778
    1904  19843.00660362
    1905  19863.85619171
    1906  19884.71680886
    1907  19905.58828582
    1908  19926.47079418
    1909  19947.36415978
    1910  19968.26855924
    1911  19989.18381326
    1912  20010.11010370
    1913  20031.04724592
    1914  20051.99542721
    1915  20072.95445737
    1916  20093.92452941
    1917  20114.90544726
    1918  20135.89740991
    1919  20156.90021519
    1920  20177.91406832
    1921  20198.93876076
    1922  20219.97450425
    1923  20241.02108355
    1924  20262.07871726
    1925  20283.14718312
    1926  20304.22670692
    1927  20325.31705904
    1928  20346.41847278
    1929  20367.53071082
    1930  20388.65401437
    1931  20409.78813799
    1932  20430.93333120
    1933  20452.08934003
    1934  20473.25642277
    1935  20494.43431644
    1936  20515.62328854
    1937  20536.82306665
    1938  20558.03392796
    1939  20579.25559010
    1940  20600.48834048
    1941  20621.73188620
    1942  20642.98652549
    1943  20664.25195433
    1944  20685.52848237
    1945  20706.81579384
    1946  20728.11421047
    1947  20749.42340406
    1948  20770.74370913
    1949  20792.07478430
    1950  20813.41697764
    1951  20834.76993380
    1952  20856.13401526
    1953  20877.50885181
    1954  20898.89482122
    1955  20920.29153752
    1956  20941.69939473
    1957  20963.11799008
    1958  20984.54773493
    1959  21005.98820861
    1960  21027.43984096
    1961  21048.90219217
    1962  21070.37571187
    1963  21091.85993980
    1964  21113.35534670
    1965  21134.86145045
    1966  21156.37874443
    1967  21177.90672304
    1968  21199.44590398
    1969  21220.99575644
    1970  21242.55682422
    1971  21264.12854942
    1972  21285.71150398
    1973  21307.30510072
    1974  21328.90994195
    1975  21350.52540899
    1976  21372.15213687
    1977  21393.78947278
    1978  21415.43808727
    1979  21437.09729058
    1980  21458.76779173
    1981  21480.44886076
    1982  21502.14124858
    1983  21523.84418161
    1984  21545.55845626
    1985  21567.28325128
    1986  21589.01941283
    1987  21610.76606781
    1988  21632.52411658
    1989  21654.29262910
    1990  21676.07256522
    1991  21697.86293291
    1992  21719.66475689
    1993  21741.47697680
    1994  21763.30068879
    1995  21785.13475822
    1996  21806.98035895
    1997  21828.83627433
    1998  21850.70376387
    1999  21872.58152224
    2000  21894.47090144
    2001  21916.37049865
    2002  21938.28176716
    2003  21960.20320027
    2004  21982.13635874
    2005  22004.07962334
    2006  22026.03467025
    2007  22047.99976415
    2008  22069.97669903
    2009  22091.96361860
    2010  22113.96243713
    2011  22135.97118256
    2012  22157.99188091
    2013  22180.02245192
    2014  22202.06502009
    2015  22224.11742184
    2016  22246.18184812
    2017  22268.25608899
    2018  22290.34235418
    2019  22312.43844614
    2020  22334.54652370
    2021  22356.66449118
    2022  22378.79435626
    2023  22400.93420607
    2024  22423.08581860
    2025  22445.24758256
    2026  22467.42096934
    2027  22489.60455008
    2028  22511.79975297
    2029  22534.00502843
    2030  22556.22249076
    2031  22578.44869674
    2032  22600.68921182
    2033  22622.93506383
    2034  22645.20122376
    2035  22667.46288848
    2036  22689.75901374
    2037  22712.03045148
    2038  22734.36622097
    2039  22756.63519968
    2040  22779.02247204
    2041  22801.27591488
    2042  22823.73076191
    2043  22845.95713408
    2044  22868.47678102
    2045  22890.69302350
    2046  22913.23324611
    2047  22935.53814153
    2048  22958.13153751
 ---------------------------------------
 
SCF converged! Final Ground-State Energy (Eh):              -7.4150294618532353
