 
     Two-Electron DVR    
 ------------------------
 x0     =      15.00000000
 m      =       1.00000000
 Z      =       4.00000000
 n      =             2048
 dx     =       0.01465559
 
Soft-Coulomb Parameters:
 alpha  =       0.10000000
 beta   =       0.01000000
 
 
                       Hartree-Fock                      
 --------------------------------------------------------
 no. of orbitals        =             2048
 no. of electrons       =                2
 scf_damping_switch     =        F
 scf_diis_switch        =        F
 damping_factor         =   0.00000000
 e_tolerance            = 0.0000000000100000
 maximum scf-iterations =              200
 
 
                       SCF iterations                      
 ----------------------------------------------------------
    S.No    Energy (hartree)        dE (hartree)
 ----------------------------------------------------------
       0    -17.591775007818
       1    -13.416399715265      4.175375292553
       2    -13.640811515753      0.224411800488
       3    -13.641117613953      0.000306098199
       4    -13.641120353153      0.000002739200
       5    -13.641120385347      0.000000032194
       6    -13.641120385762      0.000000000415
       7    -13.641120385767      0.000000000006
 ----------------------------------------------------------
  
 
 
 ---------------------------------------
     Molecular Orbital Energies (Eh)    
 ---------------------------------------
       1     -4.96453603
       2     -0.94405941
       3     -0.60390719
       4     -0.34580223
       5     -0.25372375
       6     -0.17009746
       7     -0.12274059
       8     -0.04765532
       9      0.01709618
      10      0.12281159
      11      0.21108315
      12      0.34513766
      13      0.45610014
      14      0.61614121
      15      0.74966949
      16      0.93417638
      17      1.09041569
      18      1.29831162
      19      1.47747327
      20      1.70796880
      21      1.91024699
      22      2.16276201
      23      2.38830307
      24      2.66241784
      25      2.91131357
      26      3.20673296
      27      3.47902487
      28      3.79555051
      29      4.09123815
      30      4.42874607
      31      4.74779631
      32      5.10621904
      33      5.44857468
      34      5.82788692
      35      6.19347413
      36      6.59368141
      37      6.98241585
      38      7.40354560
      39      7.81533716
      40      8.25743181
      41      8.69218837
      42      9.15530001
      43      9.61293011
      44     10.09711645
      45     10.57753132
      46     11.08285265
      47     11.58596753
      48     12.11248457
      49     12.63821961
      50     13.18599187
      51     13.73427263
      52     14.30335734
      53     14.87411506
      54     15.46456644
      55     16.05773801
      56     16.66960685
      57     17.28513475
      58     17.91846819
      59     18.55630023
      60     19.21114167
      61     19.87123074
      62     20.54761992
      63     21.22992363
      64     21.92789671
      65     22.63237706
      66     23.35196682
      67     24.07858984
      68     24.81982590
      69     25.56856130
      70     26.33147031
      71     27.10229117
      72     27.88689705
      73     28.67977944
      74     29.48610363
      75     30.30102638
      76     31.12908802
      77     31.96603241
      78     32.81584859
      79     33.67479806
      80     34.54638403
      81     35.42732399
      82     36.32069329
      83     37.22361091
      84     38.13877558
      85     39.06365956
      86     40.00063031
      87     40.94747074
      88     41.90625705
      89     42.87504523
      90     43.85565553
      91     44.84638383
      92     45.84882559
      93     46.86148733
      94     47.88576717
      95     48.92035654
      96     49.96648031
      97     51.02299220
      98     52.09096512
      99     53.16939509
     100     54.25922175
     101     55.35956594
     102     56.47125041
     103     57.59350546
     104     58.72705137
     105     59.87121435
     106     61.02662490
     107     62.19269327
     108     63.36997131
     109     64.55794289
     110     65.75709093
     111     66.96696383
     112     68.18798412
     113     69.41975669
     114     70.66265122
     115     71.91632205
     116     73.18109261
     117     74.45666050
     118     75.74330864
     119     77.04077255
     120     78.34929970
     121     79.66865875
     122     80.99906615
     123     82.34031960
     124     83.69260837
     125     85.05575557
     126     86.42992673
     127     87.81496715
     128     89.21102159
     129     90.61795478
     130     92.03589330
     131     93.46471890
     132     94.90454223
     133     96.35525993
     134     97.81696873
     135     99.28957826
     136    100.77317312
     137    102.26767430
     138    103.77315576
     139    105.28954842
     140    106.81691695
     141    108.35520098
     142    109.90445703
     143    111.46463233
     144    113.03577629
     145    114.61784281
     146    116.21087505
     147    117.81483273
     148    119.42975360
     149    121.05560243
     150    122.69241223
     151    124.34015220
     152    125.99885120
     153    127.66848233
     154    129.34907081
     155    131.04059311
     156    132.74307129
     157    134.45648481
     158    136.18085293
     159    137.91615769
     160    139.66241595
     161    141.41961201
     162    143.18776061
     163    144.96684802
     164    146.75688713
     165    148.55786595
     166    150.36979574
     167    152.19266603
     168    154.02648667
     169    155.87124849
     170    157.72696011
     171    159.59361354
     172    161.47121630
     173    163.35976139
     174    165.25925541
     175    167.16969224
     176    169.09107765
     177    171.02340629
     178    172.96668320
     179    174.92090371
     180    176.88607225
     181    178.86218471
     182    180.84924497
     183    182.84724945
     184    184.85620154
     185    186.87609810
     186    188.90694212
     187    190.94873084
     188    193.00146687
     189    195.06514781
     190    197.13977595
     191    199.22534918
     192    201.32186951
     193    203.42933509
     194    205.54774769
     195    207.67710570
     196    209.81741065
     197    211.96866114
     198    214.13085851
     199    216.30400154
     200    218.48809142
     201    220.68312705
     202    222.88910949
     203    225.10603779
     204    227.33391286
     205    229.57273388
     206    231.82250166
     207    234.08321545
     208    236.35487598
     209    238.63748261
     210    240.93103596
     211    243.23553548
     212    245.55098171
     213    247.87737416
     214    250.21471333
     215    252.56299876
     216    254.92223092
     217    257.29240939
     218    259.67353459
     219    262.06560615
     220    264.46862444
     221    266.88258913
     222    269.30750056
     223    271.74335843
     224    274.19016305
     225    276.64791415
     226    279.11661199
     227    281.59625636
     228    284.08684748
     229    286.58838516
     230    289.10086960
     231    291.62430062
     232    294.15867843
     233    296.70400285
     234    299.26027405
     235    301.82749190
     236    304.40565655
     237    306.99476786
     238    309.59482599
     239    312.20583080
     240    314.82778245
     241    317.46068080
     242    320.10452600
     243    322.75931792
     244    325.42505671
     245    328.10174224
     246    330.78937465
     247    333.48795383
     248    336.19747989
     249    338.91795273
     250    341.64937248
     251    344.39173903
     252    347.14505249
     253    349.90931277
     254    352.68451998
     255    355.47067403
     256    358.26777501
     257    361.07582285
     258    363.89481764
     259    366.72475929
     260    369.56564792
     261    372.41748342
     262    375.28026590
     263    378.15399527
     264    381.03867164
     265    383.93429491
     266    386.84086518
     267    389.75838238
     268    392.68684659
     269    395.62625773
     270    398.57661590
     271    401.53792101
     272    404.51017316
     273    407.49337227
     274    410.48751842
     275    413.49261154
     276    416.50865173
     277    419.53563889
     278    422.57357312
     279    425.62245434
     280    428.68228263
     281    431.75305793
     282    434.83478032
     283    437.92744972
     284    441.03106622
     285    444.14562973
     286    447.27114036
     287    450.40759802
     288    453.55500279
     289    456.71335460
     290    459.88265354
     291    463.06289953
     292    466.25409265
     293    469.45623283
     294    472.66932015
     295    475.89335454
     296    479.12833608
     297    482.37426469
     298    485.63114047
     299    488.89896333
     300    492.17773335
     301    495.46745047
     302    498.76811476
     303    502.07972615
     304    505.40228472
     305    508.73579039
     306    512.08024327
     307    515.43564324
     308    518.80199042
     309    522.17928472
     310    525.56752622
     311    528.96671485
     312    532.37685069
     313    535.79793366
     314    539.22996386
     315    542.67294119
     316    546.12686575
     317    549.59173745
     318    553.06755639
     319    556.55432247
     320    560.05203580
     321    563.56069627
     322    567.08030401
     323    570.61085889
     324    574.15236104
     325    577.70481034
     326    581.26820691
     327    584.84255064
     328    588.42784165
     329    592.02407983
     330    595.63126528
     331    599.24939791
     332    602.87847783
     333    606.51850492
     334    610.16947930
     335    613.83140086
     336    617.50426973
     337    621.18808578
     338    624.88284913
     339    628.58855967
     340    632.30521752
     341    636.03282257
     342    639.77137493
     343    643.52087448
     344    647.28132136
     345    651.05271544
     346    654.83505684
     347    658.62834545
     348    662.43258139
     349    666.24776454
     350    670.07389502
     351    673.91097272
     352    677.75899776
     353    681.61797001
     354    685.48788961
     355    689.36875642
     356    693.26057059
     357    697.16333198
     358    701.07704072
     359    705.00169669
     360    708.93730002
     361    712.88385057
     362    716.84134849
     363    720.80979364
     364    724.78918617
     365    728.77952592
     366    732.78081305
     367    736.79304741
     368    740.81622915
     369    744.85035813
     370    748.89543449
     371    752.95145809
     372    757.01842908
     373    761.09634731
     374    765.18521294
     375    769.28502580
     376    773.39578607
     377    777.51749358
     378    781.65014849
     379    785.79375065
     380    789.94830022
     381    794.11379703
     382    798.29024125
     383    802.47763273
     384    806.67597162
     385    810.88525776
     386    815.10549132
     387    819.33667213
     388    823.57880037
     389    827.83187586
     390    832.09589878
     391    836.37086896
     392    840.65678656
     393    844.95365143
     394    849.26146373
     395    853.58022329
     396    857.90993028
     397    862.25058455
     398    866.60218624
     399    870.96473521
     400    875.33823162
     401    879.72267529
     402    884.11806641
     403    888.52440480
     404    892.94169064
     405    897.36992375
     406    901.80910431
     407    906.25923214
     408    910.72030743
     409    915.19232999
     410    919.67530001
     411    924.16921731
     412    928.67408206
     413    933.18989410
     414    937.71665359
     415    942.25436037
     416    946.80301461
     417    951.36261613
     418    955.93316512
     419    960.51466139
     420    965.10710514
     421    969.71049616
     422    974.32483466
     423    978.95012045
     424    983.58635371
     425    988.23353426
     426    992.89166228
     427    997.56073760
     428   1002.24076040
     429   1006.93173048
     430   1011.63364805
     431   1016.34651290
     432   1021.07032525
     433   1025.80508489
     434   1030.55079202
     435   1035.30744643
     436   1040.07504834
     437   1044.85359754
     438   1049.64309424
     439   1054.44353823
     440   1059.25492972
     441   1064.07726850
     442   1068.91055479
     443   1073.75478836
     444   1078.60996945
     445   1083.47609782
     446   1088.35317370
     447   1093.24119688
     448   1098.14016757
     449   1103.05008555
     450   1107.97095104
     451   1112.90276383
     452   1117.84552414
     453   1122.79923174
     454   1127.76388686
     455   1132.73948928
     456   1137.72603921
     457   1142.72353645
     458   1147.73198120
     459   1152.75137326
     460   1157.78171284
     461   1162.82299971
     462   1167.87523412
     463   1172.93841582
     464   1178.01254506
     465   1183.09762159
     466   1188.19364566
     467   1193.30061702
     468   1198.41853592
     469   1203.54740212
     470   1208.68721586
     471   1213.83797690
     472   1218.99968548
     473   1224.17234135
     474   1229.35594477
     475   1234.55049549
     476   1239.75599376
     477   1244.97243932
     478   1250.19983244
     479   1255.43817285
     480   1260.68746082
     481   1265.94769608
     482   1271.21887890
     483   1276.50100902
     484   1281.79408670
     485   1287.09811167
     486   1292.41308420
     487   1297.73900403
     488   1303.07587143
     489   1308.42368612
     490   1313.78244838
     491   1319.15215793
     492   1324.53281506
     493   1329.92441948
     494   1335.32697147
     495   1340.74047076
     496   1346.16491762
     497   1351.60031178
     498   1357.04665351
     499   1362.50394254
     500   1367.97217916
     501   1373.45136306
     502   1378.94149455
     503   1384.44257333
     504   1389.95459970
     505   1395.47757336
     506   1401.01149461
     507   1406.55636316
     508   1412.11217929
     509   1417.67894272
     510   1423.25665374
     511   1428.84531205
     512   1434.44491796
     513   1440.05547117
     514   1445.67697197
     515   1451.30942006
     516   1456.95281575
     517   1462.60715874
     518   1468.27244932
     519   1473.94868720
     520   1479.63587269
     521   1485.33400547
     522   1491.04308585
     523   1496.76311353
     524   1502.49408881
     525   1508.23601139
     526   1513.98888158
     527   1519.75269906
     528   1525.52746415
     529   1531.31317653
     530   1537.10983654
     531   1542.91744383
     532   1548.73599874
     533   1554.56550094
     534   1560.40595076
     535   1566.25734787
     536   1572.11969261
     537   1577.99298463
     538   1583.87722428
     539   1589.77241122
     540   1595.67854579
     541   1601.59562765
     542   1607.52365713
     543   1613.46263391
     544   1619.41255832
     545   1625.37343001
     546   1631.34524934
     547   1637.32801596
     548   1643.32173022
     549   1649.32639176
     550   1655.34200094
     551   1661.36855741
     552   1667.40606153
     553   1673.45451292
     554   1679.51391197
     555   1685.58425829
     556   1691.66555227
     557   1697.75779353
     558   1703.86098244
     559   1709.97511863
     560   1716.10020248
     561   1722.23623360
     562   1728.38321239
     563   1734.54113845
     564   1740.71001218
     565   1746.88983318
     566   1753.08060185
     567   1759.28231779
     568   1765.49498140
     569   1771.71859229
     570   1777.95315085
     571   1784.19865668
     572   1790.45511018
     573   1796.72251096
     574   1803.00085941
     575   1809.29015514
     576   1815.59039854
     577   1821.90158922
     578   1828.22372757
     579   1834.55681320
     580   1840.90084651
     581   1847.25582709
     582   1853.62175536
     583   1859.99863090
     584   1866.38645412
     585   1872.78522461
     586   1879.19494279
     587   1885.61560825
     588   1892.04722139
     589   1898.48978180
     590   1904.94328991
     591   1911.40774529
     592   1917.88314836
     593   1924.36949870
     594   1930.86679673
     595   1937.37504204
     596   1943.89423504
     597   1950.42437532
     598   1956.96546329
     599   1963.51749854
     600   1970.08048148
     601   1976.65441170
     602   1983.23928961
     603   1989.83511480
     604   1996.44188769
     605   2003.05960786
     606   2009.68827573
     607   2016.32789086
     608   2022.97845371
     609   2029.63996383
     610   2036.31242166
     611   2042.99582675
     612   2049.69017956
     613   2056.39547963
     614   2063.11172743
     615   2069.83892249
     616   2076.57706527
     617   2083.32615531
     618   2090.08619307
     619   2096.85717810
     620   2103.63911086
     621   2110.43199087
     622   2117.23581862
     623   2124.05059362
     624   2130.87631636
     625   2137.71298636
     626   2144.56060409
     627   2151.41916908
     628   2158.28868180
     629   2165.16914179
     630   2172.06054951
     631   2178.96290449
     632   2185.87620721
     633   2192.80045719
     634   2199.73565491
     635   2206.68179989
     636   2213.63889261
     637   2220.60693259
     638   2227.58592032
     639   2234.57585530
     640   2241.57673803
     641   2248.58856802
     642   2255.61134576
     643   2262.64507075
     644   2269.68974350
     645   2276.74536350
     646   2283.81193126
     647   2290.88944627
     648   2297.97790904
     649   2305.07731906
     650   2312.18767685
     651   2319.30898188
     652   2326.44123468
     653   2333.58443473
     654   2340.73858255
     655   2347.90367761
     656   2355.07972045
     657   2362.26671053
     658   2369.46464839
     659   2376.67353349
     660   2383.89336637
     661   2391.12414649
     662   2398.36587440
     663   2405.61854954
     664   2412.88217247
     665   2420.15674264
     666   2427.44226060
     667   2434.73872579
     668   2442.04613878
     669   2449.36449900
     670   2456.69380702
     671   2464.03406227
     672   2471.38526533
     673   2478.74741561
     674   2486.12051369
     675   2493.50455901
     676   2500.89955213
     677   2508.30549248
     678   2515.72238064
     679   2523.15021602
     680   2530.58899922
     681   2538.03872965
     682   2545.49940789
     683   2552.97103335
     684   2560.45360663
     685   2567.94712714
     686   2575.45159546
     687   2582.96701101
     688   2590.49337438
     689   2598.03068497
     690   2605.57894339
     691   2613.13814903
     692   2620.70830250
     693   2628.28940319
     694   2635.88145171
     695   2643.48444744
     696   2651.09839102
     697   2658.72328181
     698   2666.35912043
     699   2674.00590627
     700   2681.66363996
     701   2689.33232085
     702   2697.01194960
     703   2704.70252555
     704   2712.40404935
     705   2720.11652036
     706   2727.83993922
     707   2735.57430529
     708   2743.31961922
     709   2751.07588035
     710   2758.84308934
     711   2766.62124554
     712   2774.41034959
     713   2782.21040086
     714   2790.02139998
     715   2797.84334631
     716   2805.67624050
     717   2813.52008190
     718   2821.37487117
     719   2829.24060763
     720   2837.11729198
     721   2845.00492351
     722   2852.90350293
     723   2860.81302954
     724   2868.73350404
     725   2876.66492572
     726   2884.60729529
     727   2892.56061206
     728   2900.52487671
     729   2908.50008856
     730   2916.48624829
     731   2924.48335522
     732   2932.49141003
     733   2940.51041204
     734   2948.54036195
     735   2956.58125904
     736   2964.63310403
     737   2972.69589621
     738   2980.76963629
     739   2988.85432355
     740   2996.94995872
     741   3005.05654108
     742   3013.17407134
     743   3021.30254879
     744   3029.44197415
     745   3037.59234669
     746   3045.75366714
     747   3053.92593478
     748   3062.10915033
     749   3070.30331306
     750   3078.50842371
     751   3086.72448154
     752   3094.95148730
     753   3103.18944023
     754   3111.43834109
     755   3119.69818912
     756   3127.96898508
     757   3136.25072822
     758   3144.54341929
     759   3152.84705753
     760   3161.16164371
     761   3169.48717705
     762   3177.82365835
     763   3186.17108680
     764   3194.52946321
     765   3202.89878677
     766   3211.27905829
     767   3219.67027697
     768   3228.07244360
     769   3236.48555740
     770   3244.90961915
     771   3253.34462806
     772   3261.79058493
     773   3270.24748896
     774   3278.71534096
     775   3287.19414010
     776   3295.68388722
     777   3304.18458149
     778   3312.69622373
     779   3321.21881313
     780   3329.75235050
     781   3338.29683502
     782   3346.85226752
     783   3355.41864716
     784   3363.99597479
     785   3372.58424957
     786   3381.18347233
     787   3389.79364223
     788   3398.41476013
     789   3407.04682517
     790   3415.68983821
     791   3424.34379838
     792   3433.00870655
     793   3441.68456186
     794   3450.37136517
     795   3459.06911562
     796   3467.77781408
     797   3476.49745966
     798   3485.22805326
     799   3493.96959399
     800   3502.72208274
     801   3511.48551861
     802   3520.25990250
     803   3529.04523352
     804   3537.84151257
     805   3546.64873873
     806   3555.46691293
     807   3564.29603424
     808   3573.13610359
     809   3581.98712006
     810   3590.84908456
     811   3599.72199618
     812   3608.60585584
     813   3617.50066262
     814   3626.40641744
     815   3635.32311937
     816   3644.25076935
     817   3653.18936644
     818   3662.13891159
     819   3671.09940384
     820   3680.07084415
     821   3689.05323156
     822   3698.04656704
     823   3707.05084962
     824   3716.06608026
     825   3725.09225801
     826   3734.12938383
     827   3743.17745674
     828   3752.23647773
     829   3761.30644581
     830   3770.38736198
     831   3779.47922524
     832   3788.58203657
     833   3797.69579501
     834   3806.82050152
     835   3815.95615513
     836   3825.10275683
     837   3834.26030562
     838   3843.42880250
     839   3852.60824647
     840   3861.79863853
     841   3870.99997768
     842   3880.21226493
     843   3889.43549927
     844   3898.66968171
     845   3907.91481123
     846   3917.17088886
     847   3926.43791356
     848   3935.71588639
     849   3945.00480628
     850   3954.30467430
     851   3963.61548939
     852   3972.93725260
     853   3982.26996289
     854   3991.61362130
     855   4000.96822678
     856   4010.33378039
     857   4019.71028107
     858   4029.09772988
     859   4038.49612576
     860   4047.90546978
     861   4057.32576085
     862   4066.75700008
     863   4076.19918636
     864   4085.65232080
     865   4095.11640229
     866   4104.59143193
     867   4114.07740863
     868   4123.57433348
     869   4133.08220539
     870   4142.60102546
     871   4152.13079258
     872   4161.67150787
     873   4171.22317020
     874   4180.78578070
     875   4190.35933825
     876   4199.94384398
     877   4209.53929675
     878   4219.14569769
     879   4228.76304568
     880   4238.39134186
     881   4248.03058506
     882   4257.68077646
     883   4267.34191490
     884   4277.01400153
     885   4286.69703519
     886   4296.39101705
     887   4306.09594593
     888   4315.81182303
     889   4325.53864714
     890   4335.27641947
     891   4345.02513882
     892   4354.78480639
     893   4364.55542097
     894   4374.33698378
     895   4384.12949360
     896   4393.93295165
     897   4403.74735670
     898   4413.57270999
     899   4423.40901029
     900   4433.25625883
     901   4443.11445437
     902   4452.98359816
     903   4462.86368894
     904   4472.75472798
     905   4482.65671401
     906   4492.56964830
     907   4502.49352958
     908   4512.42835912
     909   4522.37413565
     910   4532.33086045
     911   4542.29853223
     912   4552.27715229
     913   4562.26671933
     914   4572.26723464
     915   4582.27869694
     916   4592.30110752
     917   4602.33446508
     918   4612.37877092
     919   4622.43402374
     920   4632.50022485
     921   4642.57737293
     922   4652.66546931
     923   4662.76451266
     924   4672.87450431
     925   4682.99544293
     926   4693.12732985
     927   4703.27016374
     928   4713.42394594
     929   4723.58867510
     930   4733.76435257
     931   4743.95097701
     932   4754.14854976
     933   4764.35706948
     934   4774.57653751
     935   4784.80695250
     936   4795.04831582
     937   4805.30062610
     938   4815.56388470
     939   4825.83809026
     940   4836.12324415
     941   4846.41934499
     942   4856.72639418
     943   4867.04439031
     944   4877.37333479
     945   4887.71322620
     946   4898.06406598
     947   4908.42585269
     948   4918.79858776
     949   4929.18226976
     950   4939.57690014
     951   4949.98247743
     952   4960.39900311
     953   4970.82647571
     954   4981.26489668
     955   4991.71426458
     956   5002.17458087
     957   5012.64584407
     958   5023.12805566
     959   5033.62121416
     960   5044.12532107
     961   5054.64037488
     962   5065.16637710
     963   5075.70332622
     964   5086.25122375
     965   5096.81006818
     966   5107.37986103
     967   5117.96060078
     968   5128.55228895
     969   5139.15492401
     970   5149.76850750
     971   5160.39303788
     972   5171.02851670
     973   5181.67494240
     974   5192.33231654
     975   5203.00063757
     976   5213.67990704
     977   5224.37012339
     978   5235.07128819
     979   5245.78339987
     980   5256.50646000
     981   5267.24046701
     982   5277.98542248
     983   5288.74132482
     984   5299.50817563
     985   5310.28597330
     986   5321.07471945
     987   5331.87441246
     988   5342.68505395
     989   5353.50664229
     990   5364.33917913
     991   5375.18266282
     992   5386.03709500
     993   5396.90247403
     994   5407.77880156
     995   5418.66607594
     996   5429.56429883
     997   5440.47346855
     998   5451.39358679
     999   5462.32465186
    1000   5473.26666546
    1001   5484.21962588
    1002   5495.18353484
    1003   5506.15839062
    1004   5517.14419493
    1005   5528.14094607
    1006   5539.14864575
    1007   5550.16729224
    1008   5561.19688729
    1009   5572.23742914
    1010   5583.28891955
    1011   5594.35135678
    1012   5605.42474256
    1013   5616.50907515
    1014   5627.60435630
    1015   5638.71058426
    1016   5649.82776079
    1017   5660.95588411
    1018   5672.09495602
    1019   5683.24497472
    1020   5694.40594201
    1021   5705.57785608
    1022   5716.76071875
    1023   5727.95452820
    1024   5739.15928626
    1025   5750.37499109
    1026   5761.60164453
    1027   5772.83924475
    1028   5784.08779358
    1029   5795.34728917
    1030   5806.61773340
    1031   5817.89912438
    1032   5829.19146400
    1033   5840.49475038
    1034   5851.80898539
    1035   5863.13416715
    1036   5874.47029757
    1037   5885.81737473
    1038   5897.17540054
    1039   5908.54437310
    1040   5919.92429432
    1041   5931.31516227
    1042   5942.71697889
    1043   5954.12974225
    1044   5965.55345428
    1045   5976.98811304
    1046   5988.43372049
    1047   5999.89027465
    1048   6011.35777751
    1049   6022.83622708
    1050   6034.32562535
    1051   6045.82597034
    1052   6057.33726403
    1053   6068.85950443
    1054   6080.39269354
    1055   6091.93682935
    1056   6103.49191389
    1057   6115.05794512
    1058   6126.63492508
    1059   6138.22285173
    1060   6149.82172711
    1061   6161.43154919
    1062   6173.05232001
    1063   6184.68403751
    1064   6196.32670376
    1065   6207.98031668
    1066   6219.64487837
    1067   6231.32038672
    1068   6243.00684385
    1069   6254.70424764
    1070   6266.41260020
    1071   6278.13189942
    1072   6289.86214743
    1073   6301.60334209
    1074   6313.35548554
    1075   6325.11857564
    1076   6336.89261454
    1077   6348.67760008
    1078   6360.47353443
    1079   6372.28041541
    1080   6384.09824521
    1081   6395.92702165
    1082   6407.76674690
    1083   6419.61741878
    1084   6431.47903950
    1085   6443.35160683
    1086   6455.23512300
    1087   6467.12958579
    1088   6479.03499743
    1089   6490.95135567
    1090   6502.87866277
    1091   6514.81691647
    1092   6526.76611904
    1093   6538.72626820
    1094   6550.69736624
    1095   6562.67941087
    1096   6574.67240438
    1097   6586.67634447
    1098   6598.69123346
    1099   6610.71706902
    1100   6622.75385348
    1101   6634.80158452
    1102   6646.86026446
    1103   6658.92989097
    1104   6671.01046639
    1105   6683.10198837
    1106   6695.20445928
    1107   6707.31787675
    1108   6719.44224314
    1109   6731.57755609
    1110   6743.72381797
    1111   6755.88102640
    1112   6768.04918378
    1113   6780.22828769
    1114   6792.41834056
    1115   6804.61933996
    1116   6816.83128833
    1117   6829.05418323
    1118   6841.28802710
    1119   6853.53281748
    1120   6865.78855686
    1121   6878.05524274
    1122   6890.33287762
    1123   6902.62145900
    1124   6914.92098938
    1125   6927.23146626
    1126   6939.55289216
    1127   6951.88526454
    1128   6964.22858595
    1129   6976.58285384
    1130   6988.94807076
    1131   7001.32423416
    1132   7013.71134660
    1133   7026.10940551
    1134   7038.51841347
    1135   7050.93836790
    1136   7063.36927138
    1137   7075.81112132
    1138   7088.26392033
    1139   7100.72766578
    1140   7113.20236032
    1141   7125.68800130
    1142   7138.18459137
    1143   7150.69212787
    1144   7163.21061347
    1145   7175.74004549
    1146   7188.28042663
    1147   7200.83175418
    1148   7213.39403086
    1149   7225.96725394
    1150   7238.55142616
    1151   7251.14654478
    1152   7263.75261253
    1153   7276.36962669
    1154   7288.99758999
    1155   7301.63649969
    1156   7314.28635854
    1157   7326.94716377
    1158   7339.61891818
    1159   7352.30161895
    1160   7364.99526891
    1161   7377.69986523
    1162   7390.41541074
    1163   7403.14190261
    1164   7415.87934369
    1165   7428.62773111
    1166   7441.38706774
    1167   7454.15735072
    1168   7466.93858291
    1169   7479.73076144
    1170   7492.53388921
    1171   7505.34796329
    1172   7518.17298663
    1173   7531.00895628
    1174   7543.85587518
    1175   7556.71374039
    1176   7569.58255487
    1177   7582.46231565
    1178   7595.35302571
    1179   7608.25468205
    1180   7621.16728769
    1181   7634.09083961
    1182   7647.02534082
    1183   7659.97078831
    1184   7672.92718511
    1185   7685.89452818
    1186   7698.87282057
    1187   7711.86205921
    1188   7724.86224719
    1189   7737.87338142
    1190   7750.89546499
    1191   7763.92849480
    1192   7776.97247396
    1193   7790.02739936
    1194   7803.09327412
    1195   7816.17009511
    1196   7829.25786547
    1197   7842.35658204
    1198   7855.46624801
    1199   7868.58686018
    1200   7881.71842175
    1201   7894.86092951
    1202   7908.01438669
    1203   7921.17879006
    1204   7934.35414284
    1205   7947.54044181
    1206   7960.73769021
    1207   7973.94588478
    1208   7987.16502880
    1209   8000.39511897
    1210   8013.63615861
    1211   8026.88814439
    1212   8040.15107964
    1213   8053.42496104
    1214   8066.70979192
    1215   8080.00556893
    1216   8093.31229543
    1217   8106.62996805
    1218   8119.95859019
    1219   8133.29815843
    1220   8146.64867620
    1221   8160.01014006
    1222   8173.38255346
    1223   8186.76591295
    1224   8200.16022198
    1225   8213.56547709
    1226   8226.98168177
    1227   8240.40883251
    1228   8253.84693283
    1229   8267.29597920
    1230   8280.75597516
    1231   8294.22691717
    1232   8307.70880877
    1233   8321.20164642
    1234   8334.70543367
    1235   8348.22016695
    1236   8361.74584986
    1237   8375.28247878
    1238   8388.83005735
    1239   8402.38858191
    1240   8415.95805613
    1241   8429.53847634
    1242   8443.12984622
    1243   8456.73216208
    1244   8470.34542763
    1245   8483.96963914
    1246   8497.60480034
    1247   8511.25090751
    1248   8524.90796438
    1249   8538.57596720
    1250   8552.25491975
    1251   8565.94481823
    1252   8579.64566644
    1253   8593.35746058
    1254   8607.08020448
    1255   8620.81389428
    1256   8634.55853385
    1257   8648.31411932
    1258   8662.08065457
    1259   8675.85813571
    1260   8689.64656664
    1261   8703.44594345
    1262   8717.25627006
    1263   8731.07754255
    1264   8744.90976485
    1265   8758.75293301
    1266   8772.60705101
    1267   8786.47211484
    1268   8800.34812853
    1269   8814.23508805
    1270   8828.13299743
    1271   8842.04185263
    1272   8855.96165771
    1273   8869.89240860
    1274   8883.83410938
    1275   8897.78675595
    1276   8911.75035244
    1277   8925.72489470
    1278   8939.71038690
    1279   8953.70682485
    1280   8967.71421275
    1281   8981.73254641
    1282   8995.76183002
    1283   9009.80205937
    1284   9023.85323869
    1285   9037.91536374
    1286   9051.98843878
    1287   9066.07245953
    1288   9080.16743029
    1289   9094.27334675
    1290   9108.39021323
    1291   9122.51802539
    1292   9136.65678759
    1293   9150.80649546
    1294   9164.96715339
    1295   9179.13875698
    1296   9193.32131064
    1297   9207.51480994
    1298   9221.71925932
    1299   9235.93465434
    1300   9250.16099946
    1301   9264.39829020
    1302   9278.64653106
    1303   9292.90571751
    1304   9307.17585411
    1305   9321.45693629
    1306   9335.74896862
    1307   9350.05194653
    1308   9364.36587461
    1309   9378.69074824
    1310   9393.02657207
    1311   9407.37334144
    1312   9421.73106101
    1313   9436.09972611
    1314   9450.47934143
    1315   9464.86990227
    1316   9479.27141335
    1317   9493.68386992
    1318   9508.10727675
    1319   9522.54162906
    1320   9536.98693165
    1321   9551.44317971
    1322   9565.91037806
    1323   9580.38852186
    1324   9594.87761597
    1325   9609.37765552
    1326   9623.88864540
    1327   9638.41058069
    1328   9652.94346634
    1329   9667.48729739
    1330   9682.04207880
    1331   9696.60780560
    1332   9711.18448279
    1333   9725.77210535
    1334   9740.37067831
    1335   9754.98019663
    1336   9769.60066537
    1337   9784.23207944
    1338   9798.87444397
    1339   9813.52775380
    1340   9828.19201411
    1341   9842.86721970
    1342   9857.55337579
    1343   9872.25047716
    1344   9886.95852904
    1345   9901.67752617
    1346   9916.40747384
    1347   9931.14836674
    1348   9945.90021020
    1349   9960.66299888
    1350   9975.43673813
    1351   9990.22142258
    1352  10005.01705763
    1353  10019.82363786
    1354  10034.64116871
    1355  10049.46964472
    1356  10064.30907136
    1357  10079.15944316
    1358  10094.02076561
    1359  10108.89303318
    1360  10123.77625144
    1361  10138.67041480
    1362  10153.57552886
    1363  10168.49158801
    1364  10183.41859788
    1365  10198.35655282
    1366  10213.30545851
    1367  10228.26530924
    1368  10243.23611073
    1369  10258.21785726
    1370  10273.21055457
    1371  10288.21419690
    1372  10303.22879003
    1373  10318.25432815
    1374  10333.29081710
    1375  10348.33825102
    1376  10363.39663580
    1377  10378.46596552
    1378  10393.54624612
    1379  10408.63747165
    1380  10423.73964808
    1381  10438.85276941
    1382  10453.97684167
    1383  10469.11185881
    1384  10484.25782689
    1385  10499.41473985
    1386  10514.58260377
    1387  10529.76141253
    1388  10544.95117229
    1389  10560.15187686
    1390  10575.36353246
    1391  10590.58613285
    1392  10605.81968428
    1393  10621.06418049
    1394  10636.31962777
    1395  10651.58601980
    1396  10666.86336292
    1397  10682.15165076
    1398  10697.45088973
    1399  10712.76107340
    1400  10728.08220821
    1401  10743.41428771
    1402  10758.75731837
    1403  10774.11129370
    1404  10789.47622021
    1405  10804.85209136
    1406  10820.23891373
    1407  10835.63668071
    1408  10851.04539893
    1409  10866.46506174
    1410  10881.89567583
    1411  10897.33723447
    1412  10912.78974441
    1413  10928.25319889
    1414  10943.72760469
    1415  10959.21295501
    1416  10974.70925667
    1417  10990.21650282
    1418  11005.73470036
    1419  11021.26384235
    1420  11036.80393575
    1421  11052.35497358
    1422  11067.91696285
    1423  11083.48989652
    1424  11099.07378166
    1425  11114.66861118
    1426  11130.27439219
    1427  11145.89111755
    1428  11161.51879444
    1429  11177.15741565
    1430  11192.80698841
    1431  11208.46750547
    1432  11224.13897410
    1433  11239.82138701
    1434  11255.51475153
    1435  11271.21906029
    1436  11286.93432069
    1437  11302.66052530
    1438  11318.39768158
    1439  11334.14578205
    1440  11349.90483421
    1441  11365.67483053
    1442  11381.45577858
    1443  11397.24767076
    1444  11413.05051470
    1445  11428.86430273
    1446  11444.68904256
    1447  11460.52472645
    1448  11476.37136217
    1449  11492.22894192
    1450  11508.09747353
    1451  11523.97694915
    1452  11539.86737665
    1453  11555.76874813
    1454  11571.68107152
    1455  11587.60433886
    1456  11603.53855816
    1457  11619.48372136
    1458  11635.43983655
    1459  11651.40689562
    1460  11667.38490671
    1461  11683.37386165
    1462  11699.37376864
    1463  11715.38461945
    1464  11731.40642234
    1465  11747.43916901
    1466  11763.48286780
    1467  11779.53751035
    1468  11795.60310504
    1469  11811.67964346
    1470  11827.76713406
    1471  11843.86556835
    1472  11859.97495485
    1473  11876.09528501
    1474  11892.22656743
    1475  11908.36879346
    1476  11924.52197178
    1477  11940.68609369
    1478  11956.86116792
    1479  11973.04718570
    1480  11989.24415584
    1481  12005.45206949
    1482  12021.67093555
    1483  12037.90074508
    1484  12054.14150705
    1485  12070.39321245
    1486  12086.65587034
    1487  12102.92947162
    1488  12119.21402542
    1489  12135.50952257
    1490  12151.81597229
    1491  12168.13336532
    1492  12184.46171095
    1493  12200.80099986
    1494  12217.15124141
    1495  12233.51242620
    1496  12249.88456367
    1497  12266.26764434
    1498  12282.66167772
    1499  12299.06665427
    1500  12315.48258357
    1501  12331.90945600
    1502  12348.34728122
    1503  12364.79604953
    1504  12381.25577068
    1505  12397.72643486
    1506  12414.20805193
    1507  12430.70061199
    1508  12447.20412498
    1509  12463.71858092
    1510  12480.24398983
    1511  12496.78034165
    1512  12513.32764649
    1513  12529.88589419
    1514  12546.45509495
    1515  12563.03523852
    1516  12579.62633521
    1517  12596.22837466
    1518  12612.84136727
    1519  12629.46530261
    1520  12646.10019114
    1521  12662.74602235
    1522  12679.40280680
    1523  12696.07053390
    1524  12712.74921428
    1525  12729.43883725
    1526  12746.13941355
    1527  12762.85093240
    1528  12779.57340462
    1529  12796.30681935
    1530  12813.05118750
    1531  12829.80649810
    1532  12846.57276218
    1533  12863.34996865
    1534  12880.13812866
    1535  12896.93723101
    1536  12913.74728693
    1537  12930.56828516
    1538  12947.40023701
    1539  12964.24313110
    1540  12981.09697888
    1541  12997.96176885
    1542  13014.83751255
    1543  13031.72419839
    1544  13048.62183801
    1545  13065.53041972
    1546  13082.44995526
    1547  13099.38043284
    1548  13116.32186431
    1549  13133.27423776
    1550  13150.23756515
    1551  13167.21183446
    1552  13184.19705777
    1553  13201.19322295
    1554  13218.20034218
    1555  13235.21840323
    1556  13252.24741838
    1557  13269.28737528
    1558  13286.33828635
    1559  13303.40013912
    1560  13320.47294611
    1561  13337.55669473
    1562  13354.65139764
    1563  13371.75704212
    1564  13388.87364095
    1565  13406.00118128
    1566  13423.13967602
    1567  13440.28911222
    1568  13457.44950287
    1569  13474.62083491
    1570  13491.80312148
    1571  13508.99634937
    1572  13526.20053185
    1573  13543.41565559
    1574  13560.64173398
    1575  13577.87875357
    1576  13595.12672786
    1577  13612.38564329
    1578  13629.65551350
    1579  13646.93632477
    1580  13664.22809088
    1581  13681.53079799
    1582  13698.84446000
    1583  13716.16906295
    1584  13733.50462086
    1585  13750.85111964
    1586  13768.20857346
    1587  13785.57696807
    1588  13802.95631778
    1589  13820.34660822
    1590  13837.74785383
    1591  13855.16004009
    1592  13872.58318160
    1593  13890.01726368
    1594  13907.46230108
    1595  13924.91827898
    1596  13942.38521227
    1597  13959.86308598
    1598  13977.35191516
    1599  13994.85168469
    1600  14012.36240975
    1601  14029.88407508
    1602  14047.41669603
    1603  14064.96025717
    1604  14082.51477399
    1605  14100.08023093
    1606  14117.65664363
    1607  14135.24399637
    1608  14152.84230494
    1609  14170.45155347
    1610  14188.07175792
    1611  14205.70290224
    1612  14223.34500255
    1613  14240.99804266
    1614  14258.66203883
    1615  14276.33697472
    1616  14294.02286676
    1617  14311.71969842
    1618  14329.42748632
    1619  14347.14621375
    1620  14364.87589750
    1621  14382.61652070
    1622  14400.36810030
    1623  14418.13061926
    1624  14435.90409471
    1625  14453.68850943
    1626  14471.48388073
    1627  14489.29019119
    1628  14507.10745833
    1629  14524.93566454
    1630  14542.77482751
    1631  14560.62492946
    1632  14578.48598826
    1633  14596.35798595
    1634  14614.24094058
    1635  14632.13483399
    1636  14650.03968445
    1637  14667.95547358
    1638  14685.88221985
    1639  14703.81990470
    1640  14721.76854679
    1641  14739.72812735
    1642  14757.69866525
    1643  14775.68014151
    1644  14793.67257521
    1645  14811.67594717
    1646  14829.69027667
    1647  14847.71554432
    1648  14865.75176961
    1649  14883.79893295
    1650  14901.85705403
    1651  14919.92611304
    1652  14938.00612990
    1653  14956.09708458
    1654  14974.19899722
    1655  14992.31184756
    1656  15010.43565596
    1657  15028.57040196
    1658  15046.71610613
    1659  15064.87274777
    1660  15083.04034770
    1661  15101.21888498
    1662  15119.40838066
    1663  15137.60881357
    1664  15155.82020499
    1665  15174.04253352
    1666  15192.27582069
    1667  15210.52004482
    1668  15228.77522772
    1669  15247.04134746
    1670  15265.31842608
    1671  15283.60644142
    1672  15301.90541576
    1673  15320.21532668
    1674  15338.53619673
    1675  15356.86800322
    1676  15375.21076897
    1677  15393.56447103
    1678  15411.92913247
    1679  15430.30473009
    1680  15448.69128722
    1681  15467.08878038
    1682  15485.49723318
    1683  15503.91662188
    1684  15522.34697035
    1685  15540.78825457
    1686  15559.24049871
    1687  15577.70367843
    1688  15596.17781822
    1689  15614.66289345
    1690  15633.15892888
    1691  15651.66589960
    1692  15670.18383067
    1693  15688.71269686
    1694  15707.25252355
    1695  15725.80328520
    1696  15744.36500751
    1697  15762.93766462
    1698  15781.52128253
    1699  15800.11583508
    1700  15818.72134858
    1701  15837.33779655
    1702  15855.96520564
    1703  15874.60354903
    1704  15893.25285369
    1705  15911.91309247
    1706  15930.58429270
    1707  15949.26642686
    1708  15967.95952264
    1709  15986.66355217
    1710  16005.37854349
    1711  16024.10446838
    1712  16042.84135523
    1713  16061.58917546
    1714  16080.34795782
    1715  16099.11767337
    1716  16117.89835124
    1717  16136.68996210
    1718  16155.49253546
    1719  16174.30604161
    1720  16193.13051045
    1721  16211.96591188
    1722  16230.81227618
    1723  16249.66957287
    1724  16268.53783262
    1725  16287.41702455
    1726  16306.30717974
    1727  16325.20826690
    1728  16344.12031751
    1729  16363.04329987
    1730  16381.97724589
    1731  16400.92212345
    1732  16419.87796486
    1733  16438.84473758
    1734  16457.82247437
    1735  16476.81114224
    1736  16495.81077440
    1737  16514.82133740
    1738  16533.84286490
    1739  16552.87532301
    1740  16571.91874584
    1741  16590.97309904
    1742  16610.03841719
    1743  16629.11466545
    1744  16648.20187890
    1745  16667.30002221
    1746  16686.40913094
    1747  16705.52916926
    1748  16724.66017326
    1749  16743.80210659
    1750  16762.95500583
    1751  16782.11883413
    1752  16801.29362860
    1753  16820.47935185
    1754  16839.67604153
    1755  16858.88365971
    1756  16878.10224458
    1757  16897.33175766
    1758  16916.57223769
    1759  16935.82364565
    1760  16955.08602084
    1761  16974.35932364
    1762  16993.64359396
    1763  17012.93879159
    1764  17032.24495701
    1765  17051.56204943
    1766  17070.89010994
    1767  17090.22909713
    1768  17109.57905271
    1769  17128.93993464
    1770  17148.31178525
    1771  17167.69456189
    1772  17187.08830752
    1773  17206.49297884
    1774  17225.90861946
    1775  17245.33518543
    1776  17264.77272103
    1777  17284.22118160
    1778  17303.68061215
    1779  17323.15096731
    1780  17342.63229277
    1781  17362.12454248
    1782  17381.62776284
    1783  17401.14190707
    1784  17420.66702230
    1785  17440.20306100
    1786  17459.75007107
    1787  17479.30800422
    1788  17498.87690911
    1789  17518.45673666
    1790  17538.04753634
    1791  17557.64925826
    1792  17577.26195269
    1793  17596.88556895
    1794  17616.52015810
    1795  17636.16566865
    1796  17655.82215251
    1797  17675.48955731
    1798  17695.16793583
    1799  17714.85723484
    1800  17734.55750799
    1801  17754.26870117
    1802  17773.99086893
    1803  17793.72395623
    1804  17813.46801856
    1805  17833.22299994
    1806  17852.98895680
    1807  17872.76583222
    1808  17892.55368358
    1809  17912.35245299
    1810  17932.16219881
    1811  17951.98286216
    1812  17971.81450241
    1813  17991.65705965
    1814  18011.51059429
    1815  18031.37504537
    1816  18051.25047436
    1817  18071.13681923
    1818  18091.03414254
    1819  18110.94238114
    1820  18130.86159872
    1821  18150.79173100
    1822  18170.73284282
    1823  18190.68486872
    1824  18210.64787473
    1825  18230.62179421
    1826  18250.60669436
    1827  18270.60250734
    1828  18290.60930160
    1829  18310.62700804
    1830  18330.65569635
    1831  18350.69529617
    1832  18370.74587850
    1833  18390.80737165
    1834  18410.87984793
    1835  18430.96323435
    1836  18451.05760455
    1837  18471.16288415
    1838  18491.27914821
    1839  18511.40632095
    1840  18531.54447882
    1841  18551.69354462
    1842  18571.85359624
    1843  18592.02455503
    1844  18612.20650035
    1845  18632.39935206
    1846  18652.60319102
    1847  18672.81793558
    1848  18693.04366812
    1849  18713.28030545
    1850  18733.52793150
    1851  18753.78646153
    1852  18774.05598105
    1853  18794.33640368
    1854  18814.62781658
    1855  18834.93013176
    1856  18855.24343799
    1857  18875.56764561
    1858  18895.90284509
    1859  18916.24894509
    1860  18936.60603775
    1861  18956.97403003
    1862  18977.35301578
    1863  18997.74290028
    1864  19018.14377906
    1865  19038.55555566
    1866  19058.97832736
    1867  19079.41199601
    1868  19099.85666057
    1869  19120.31222114
    1870  19140.77877844
    1871  19161.25623089
    1872  19181.74468086
    1873  19202.24402506
    1874  19222.75436756
    1875  19243.27560346
    1876  19263.80783842
    1877  19284.35096590
    1878  19304.90509316
    1879  19325.47011217
    1880  19346.04613165
    1881  19366.63304207
    1882  19387.23095358
    1883  19407.83975539
    1884  19428.45955885
    1885  19449.09025190
    1886  19469.73194708
    1887  19490.38453138
    1888  19511.04811819
    1889  19531.72259359
    1890  19552.40807178
    1891  19573.10443831
    1892  19593.81180776
    1893  19614.53006528
    1894  19635.25932568
    1895  19655.99947426
    1896  19676.75062547
    1897  19697.51266497
    1898  19718.28570664
    1899  19739.06963717
    1900  19759.86456912
    1901  19780.67039056
    1902  19801.48721235
    1903  19822.31492489
    1904  19843.15363631
    1905  19864.00323984
    1906  19884.86384034
    1907  19905.73533514
    1908  19926.61782447
    1909  19947.51121047
    1910  19968.41558794
    1911  19989.33086553
    1912  20010.25713082
    1913  20031.19429998
    1914  20052.14245225
    1915  20073.10151352
    1916  20094.07155234
    1917  20115.05250580
    1918  20136.04443010
    1919  20157.04727649
    1920  20178.06108572
    1921  20199.08582522
    1922  20220.12151803
    1923  20241.16815166
    1924  20262.22572733
    1925  20283.29425542
    1926  20304.37371223
    1927  20325.46413618
    1928  20346.56547316
    1929  20367.67779351
    1930  20388.80100847
    1931  20409.93522709
    1932  20431.08031874
    1933  20452.23643648
    1934  20473.40340203
    1935  20494.58142138
    1936  20515.77025908
    1937  20536.97018133
    1938  20558.18088757
    1939  20579.40271604
    1940  20600.63528849
    1941  20621.87902506
    1942  20643.13345905
    1943  20664.39910811
    1944  20685.67540051
    1945  20706.96296475
    1946  20728.26110951
    1947  20749.57059476
    1948  20770.89058768
    1949  20792.22199771
    1950  20813.56383091
    1951  20834.91717346
    1952  20856.28084128
    1953  20877.65612162
    1954  20899.04161379
    1955  20920.43884213
    1956  20941.84615108
    1957  20963.26533469
    1958  20984.69444699
    1959  21006.13559939
    1960  21027.58650487
    1961  21049.04963601
    1962  21070.52231714
    1963  21092.00744488
    1964  21113.50188799
    1965  21135.00902591
    1966  21156.52520808
    1967  21178.05437970
    1968  21199.59228266
    1969  21221.14350640
    1970  21242.70310016
    1971  21264.27640699
    1972  21285.85766714
    1973  21307.45308191
    1974  21329.05596924
    1975  21350.67353263
    1976  21372.29801468
    1977  21393.93775999
    1978  21415.58378557
    1979  21437.24576610
    1980  21458.91329225
    1981  21480.59755234
    1982  21502.28651242
    1983  21523.99312158
    1984  21545.70345904
    1985  21567.43247587
    1986  21589.16410441
    1987  21610.91561901
    1988  21632.66846485
    1989  21654.44255380
    1990  21676.21650598
    1991  21698.01328506
    1992  21719.80824848
    1993  21741.62781639
    1994  21763.44364997
    1995  21785.28615350
    1996  21807.12273688
    1997  21828.98830062
    1998  21850.84545748
    1999  21872.73426388
    2000  21894.61184596
    2001  21916.52404746
    2002  21938.42184027
    2003  21960.35765663
    2004  21982.27548548
    2005  22004.23509389
    2006  22026.17270907
    2007  22048.15636088
    2008  22070.11357201
    2009  22092.12145488
    2010  22114.09799307
    2011  22136.13036850
    2012  22158.12605715
    2013  22180.18308702
    2014  22202.19767940
    2015  22224.27958441
    2016  22246.31298134
    2017  22268.41982240
    2018  22290.47188373
    2019  22312.60374159
    2020  22334.67456279
    2021  22356.83126408
    2022  22378.92095526
    2023  22401.10228113
    2024  22423.21131138
    2025  22445.41666299
    2026  22467.54557722
    2027  22489.77425442
    2028  22511.92407863
    2029  22534.17489749
    2030  22556.34668843
    2031  22578.61847267
    2032  22600.81374674
    2033  22623.10493165
    2034  22645.32474089
    2035  22667.63448655
    2036  22689.87986169
    2037  22712.20757519
    2038  22734.47728243
    2039  22756.82549955
    2040  22779.11704530
    2041  22801.48985140
    2042  22823.79301873
    2043  22846.20487993
    2044  22868.50871017
    2045  22890.97228533
    2046  22913.23804020
    2047  22935.79449296
    2048  22958.24653190
 ---------------------------------------
 
SCF converged! Final Ground-State Energy (Eh):             -13.6411203857674437
