 
     Two-Electron DVR    
 ------------------------
 x0     =      15.00000000
 m      =       1.00000000
 Z      =       4.00000000
 n      =             1024
 dx     =       0.02932551
 
Soft-Coulomb Parameters:
 alpha  =       0.10000000
 beta   =       0.10000000
 
 
                       Hartree-Fock                      
 --------------------------------------------------------
 no. of orbitals        =             1024
 no. of electrons       =                2
 scf_damping_switch     =        F
 scf_diis_switch        =        F
 damping_factor         =   0.00000000
 e_tolerance            = 0.0000000000100000
 maximum scf-iterations =              200
 
 
                       SCF iterations                      
 ----------------------------------------------------------
    S.No    Energy (hartree)        dE (hartree)
 ----------------------------------------------------------
       0    -17.591775007818
       1    -15.329648540535      2.262126467283
       2    -15.355318320776      0.025669780241
       3    -15.355669959603      0.000351638826
       4    -15.355674860377      0.000004900775
       5    -15.355674930385      0.000000070007
       6    -15.355674931400      0.000000001015
       7    -15.355674931414      0.000000000015
       8    -15.355674931414      0.000000000000
 ----------------------------------------------------------
  
 
 
 ---------------------------------------
     Molecular Orbital Energies (Eh)    
 ---------------------------------------
       1     -6.57364321
       2     -1.37087611
       3     -0.69998651
       4     -0.41423426
       5     -0.27842416
       6     -0.19476341
       7     -0.13728644
       8     -0.07461663
       9     -0.00352192
      10      0.08631684
      11      0.18387739
      12      0.30075550
      13      0.42280813
      14      0.56507988
      15      0.71057036
      16      0.87730684
      17      1.04570016
      18      1.23628118
      19      1.42730116
      20      1.64126098
      21      1.85477013
      22      2.09173711
      23      2.32767281
      24      2.58734317
      25      2.84568147
      26      3.12780575
      27      3.40854058
      28      3.71291513
      29      4.01604655
      30      4.34250696
      31      4.66803482
      32      5.01645032
      33      5.36437110
      34      5.73463962
      35      6.10494517
      36      6.49698883
      37      6.88966622
      38      7.30342734
      39      7.71845931
      40      8.15389680
      41      8.59126248
      42      9.04834877
      43      9.50802447
      44      9.98674285
      45     10.46870290
      46     10.96904518
      47     11.47326272
      48     11.99522734
      49     12.52167494
      50     13.06526536
      51     13.61391560
      52     14.17913897
      53     14.74996490
      54     15.33683101
      55     15.92980649
      56     16.53832688
      57     17.15342686
      58     17.78361416
      59     18.42081488
      60     19.07268227
      61     19.73196135
      62     20.40552214
      63     21.08685867
      64     21.78212602
      65     22.48550061
      66     23.20248728
      67     23.92788200
      68     24.66660020
      69     25.41399861
      70     26.17445988
      71     26.94384692
      72     27.72606212
      73     28.51742406
      74     29.32140326
      75     30.13472767
      76     30.96048019
      77     31.79575578
      78     32.64329020
      79     33.50050680
      80     34.36983096
      81     35.24897940
      82     36.14010046
      83     37.04117250
      84     37.95409694
      85     38.87708521
      86     39.81181891
      87     40.75671681
      88     41.71326505
      89     42.68006668
      90     43.65843425
      91     44.64713434
      92     45.64732552
      93     46.65791938
      94     47.67993802
      95     48.71242148
      96     49.75627101
      97     50.81064037
      98     51.87632385
      99     52.95257581
     100     54.04009598
     101     55.13822764
     102     56.24758694
     103     57.36759570
     104     58.49879629
     105     59.64067986
     106     60.79372368
     107     61.95748004
     108     63.13236878
     109     64.31799615
     110     65.51473133
     111     66.72222812
     112     67.94081108
     113     69.17017590
     114     70.41060782
     115     71.66183943
     116     72.92412136
     117     74.19721868
     118     75.48135156
     119     76.77631362
     120     78.08229825
     121     79.39912422
     122     80.72696133
     123     82.06565046
     124     83.41534068
     125     84.77589231
     126     86.14743620
     127     87.52984975
     128     88.92324781
     129     90.32752277
     130     91.74277543
     131     93.16891136
     132     94.60601900
     133     96.05401550
     134     97.51297845
     135     98.98283517
     136    100.46365373
     137    101.95537037
     138    103.45804479
     139    104.97162108
     140    106.49615159
     141    108.03158728
     142    109.57797409
     143    111.13526898
     144    112.70351225
     145    114.28266615
     146    115.87276604
     147    117.47377879
     148    119.08573542
     149    120.70860688
     150    122.34242037
     151    123.98715042
     152    125.64282087
     153    127.30940938
     154    128.98693688
     155    130.67538377
     156    132.37476840
     157    134.08507356
     158    135.80631539
     159    137.53847876
     160    139.28157783
     161    141.03559934
     162    142.80055572
     163    144.57643530
     164    146.36324902
     165    148.16098663
     166    149.96965773
     167    151.78925332
     168    153.61978183
     169    155.46123535
     170    157.31362130
     171    159.17693272
     172    161.05117614
     173    162.93634542
     174    164.83244632
     175    166.73947343
     176    168.65743183
     177    170.58631675
     178    172.52613267
     179    174.47687537
     180    176.43854882
     181    178.41114928
     182    180.39468026
     183    182.38913847
     184    184.39452700
     185    186.41084293
     186    188.43808902
     187    190.47626265
     188    192.52536631
     189    194.58539764
     190    196.65635886
     191    198.73824787
     192    200.83106666
     193    202.93481334
     194    205.04948971
     195    207.17509405
     196    209.31162799
     197    211.45908999
     198    213.61748151
     199    215.78680115
     200    217.96705025
     201    220.15822753
     202    222.36033420
     203    224.57336912
     204    226.79733337
     205    229.03222591
     206    231.27804775
     207    233.53479790
     208    235.80247732
     209    238.08108509
     210    240.37062209
     211    242.67108747
     212    244.98248205
     213    247.30480504
     214    249.63805720
     215    251.98223779
     216    254.33734754
     217    256.70338572
     218    259.08035305
     219    261.46824883
     220    263.86707374
     221    266.27682712
     222    268.69750961
     223    271.12912057
     224    273.57166065
     225    276.02512920
     226    278.48952686
     227    280.96485300
     228    283.45110824
     229    285.94829197
     230    288.45640478
     231    290.97544610
     232    293.50541650
     233    296.04631539
     234    298.59814338
     235    301.16089986
     236    303.73458542
     237    306.31919949
     238    308.91474263
     239    311.52121428
     240    314.13861501
     241    316.76694424
     242    319.40620255
     243    322.05638936
     244    324.71750526
     245    327.38954966
     246    330.07252314
     247    332.76642512
     248    335.47125619
     249    338.18701575
     250    340.91370440
     251    343.65132155
     252    346.39986780
     253    349.15934253
     254    351.92974636
     255    354.71107869
     256    357.50334011
     257    360.30653002
     258    363.12064904
     259    365.94569653
     260    368.78167315
     261    371.62857823
     262    374.48641244
     263    377.35517512
     264    380.23486693
     265    383.12548720
     266    386.02703661
     267    388.93951448
     268    391.86292149
     269    394.79725696
     270    397.74252157
     271    400.69871464
     272    403.66583686
     273    406.64388753
     274    409.63286735
     275    412.63277563
     276    415.64361307
     277    418.66537895
     278    421.69807400
     279    424.74169749
     280    427.79625016
     281    430.86173127
     282    433.93814155
     283    437.02548027
     284    440.12374818
     285    443.23294452
     286    446.35307006
     287    449.48412401
     288    452.62610718
     289    455.77901876
     290    458.94285955
     291    462.11762876
     292    465.30332719
     293    468.49995403
     294    471.70751010
     295    474.92599457
     296    478.15540828
     297    481.39575039
     298    484.64702175
     299    487.90922150
     300    491.18235050
     301    494.46640789
     302    497.76139455
     303    501.06730959
     304    504.38415390
     305    507.71192660
     306    511.05062857
     307    514.40025892
     308    517.76081856
     309    521.13230657
     310    524.51472387
     311    527.90806954
     312    531.31234452
     313    534.72754786
     314    538.15368052
     315    541.59074153
     316    545.03873187
     317    548.49765055
     318    551.96749857
     319    555.44827494
     320    558.93998065
     321    562.44261471
     322    565.95617811
     323    569.48066985
     324    573.01609096
     325    576.56244039
     326    580.11971920
     327    583.68792634
     328    587.26706286
     329    590.85712769
     330    594.45812192
     331    598.07004447
     332    601.69289642
     333    605.32667668
     334    608.97138635
     335    612.62702433
     336    616.29359173
     337    619.97108742
     338    623.65951256
     339    627.35886599
     340    631.06914886
     341    634.79036002
     342    638.52250063
     343    642.26556953
     344    646.01956790
     345    649.78449454
     346    653.56035066
     347    657.34713505
     348    661.14484893
     349    664.95349107
     350    668.77306272
     351    672.60356262
     352    676.44499204
     353    680.29734970
     354    684.16063690
     355    688.03485233
     356    691.91999731
     357    695.81607052
     358    699.72307329
     359    703.64100428
     360    707.56986484
     361    711.50965363
     362    715.46037198
     363    719.42201856
     364    723.39459472
     365    727.37809910
     366    731.37253308
     367    735.37789525
     368    739.39418705
     369    743.42140704
     370    747.45955666
     371    751.50863446
     372    755.56864191
     373    759.63957754
     374    763.72144283
     375    767.81423629
     376    771.91795941
     377    776.03261071
     378    780.15819168
     379    784.29470082
     380    788.44213965
     381    792.60050664
     382    796.76980333
     383    800.95002817
     384    805.14118273
     385    809.34326543
     386    813.55627786
     387    817.78021843
     388    822.01508875
     389    826.26088719
     390    830.51761539
     391    834.78527171
     392    839.06385781
     393    843.35337202
     394    847.65381602
     395    851.96518812
     396    856.28749003
     397    860.62072003
     398    864.96487985
     399    869.31996776
     400    873.68598551
     401    878.06293133
     402    882.45080701
     403    886.84961075
     404    891.25934436
     405    895.68000603
     406    900.11159758
     407    904.55411719
     408    909.00756669
     409    913.47194424
     410    917.94725170
     411    922.43348719
     412    926.93065262
     413    931.43874607
     414    935.95776947
     415    940.48772088
     416    945.02860226
     417    949.58041164
     418    954.14315100
     419    958.71681836
     420    963.30141572
     421    967.89694106
     422    972.50339642
     423    977.12077976
     424    981.74909312
     425    986.38833446
     426    991.03850584
     427    995.69960519
     428   1000.37163459
     429   1005.05459195
     430   1009.74847939
     431   1014.45329477
     432   1019.16904025
     433   1023.89571365
     434   1028.63331718
     435   1033.38184862
     436   1038.14131020
     437   1042.91169969
     438   1047.69301933
     439   1052.48526687
     440   1057.28844459
     441   1062.10255019
     442   1066.92758598
     443   1071.76354965
     444   1076.61044353
     445   1081.46826527
     446   1086.33701724
     447   1091.21669707
     448   1096.10730714
     449   1101.00884506
     450   1105.92131325
     451   1110.84470926
     452   1115.77903557
     453   1120.72428969
     454   1125.68047413
     455   1130.64758636
     456   1135.62562893
     457   1140.61459929
     458   1145.61450001
     459   1150.62532850
     460   1155.64708736
     461   1160.67977399
     462   1165.72339102
     463   1170.77793580
     464   1175.84341099
     465   1180.91981393
     466   1186.00714729
     467   1191.10540839
     468   1196.21459995
     469   1201.33471922
     470   1206.46576897
     471   1211.60774642
     472   1216.76065438
     473   1221.92449002
     474   1227.09925618
     475   1232.28495002
     476   1237.48157440
     477   1242.68912645
     478   1247.90760906
     479   1253.13701932
     480   1258.37736017
     481   1263.62862865
     482   1268.89082775
     483   1274.16395446
     484   1279.44801181
     485   1284.74299677
     486   1290.04891238
     487   1295.36575559
     488   1300.69352948
     489   1306.03223094
     490   1311.38186311
     491   1316.74242283
     492   1322.11391329
     493   1327.49633130
     494   1332.88968006
     495   1338.29395634
     496   1343.70916341
     497   1349.13529799
     498   1354.57236338
     499   1360.02035626
     500   1365.47927997
     501   1370.94913116
     502   1376.42991321
     503   1381.92162272
     504   1387.42426312
     505   1392.93783096
     506   1398.46232971
     507   1403.99775589
     508   1409.54411300
     509   1415.10139752
     510   1420.66961301
     511   1426.24875589
     512   1431.83882976
     513   1437.43983100
     514   1443.05176326
     515   1448.67462288
     516   1454.30841354
     517   1459.95313154
     518   1465.60878061
     519   1471.27535701
     520   1476.95286450
     521   1482.64129929
     522   1488.34066522
     523   1494.05095842
     524   1499.77218278
     525   1505.50433441
     526   1511.24741722
     527   1517.00142727
     528   1522.76636854
     529   1528.54223703
     530   1534.32903677
     531   1540.12676371
     532   1545.93542193
     533   1551.75500732
     534   1557.58552403
     535   1563.42696789
     536   1569.27934309
     537   1575.14264543
     538   1581.01687914
     539   1586.90203996
     540   1592.79813219
     541   1598.70515151
     542   1604.62310226
     543   1610.55198008
     544   1616.49178938
     545   1622.44252571
     546   1628.40419355
     547   1634.37678841
     548   1640.36031480
     549   1646.35476820
     550   1652.36015316
     551   1658.37646509
     552   1664.40370863
     553   1670.44187912
     554   1676.49098124
     555   1682.55101029
     556   1688.62197101
     557   1694.70385863
     558   1700.79667796
     559   1706.90042416
     560   1713.01510211
     561   1719.14070690
     562   1725.27724347
     563   1731.42470687
     564   1737.58310208
     565   1743.75242408
     566   1749.93267794
     567   1756.12385856
     568   1762.32597107
     569   1768.53901032
     570   1774.76298151
     571   1780.99787940
     572   1787.24370926
     573   1793.50046580
     574   1799.76815435
     575   1806.04676955
     576   1812.33631680
     577   1818.63679066
     578   1824.94819662
     579   1831.27052917
     580   1837.60379384
     581   1843.94798508
     582   1850.30310848
     583   1856.66915841
     584   1863.04614056
     585   1869.43404920
     586   1875.83289010
     587   1882.24265745
     588   1888.66335711
     589   1895.09498319
     590   1901.53754162
     591   1907.99102644
     592   1914.45544365
     593   1920.93078722
     594   1927.41706322
     595   1933.91426555
     596   1940.42240035
     597   1946.94146144
     598   1953.47145506
     599   1960.01237493
     600   1966.56422737
     601   1973.12700602
     602   1979.70071730
     603   1986.28535475
     604   1992.88092486
     605   1999.48742112
     606   2006.10485009
     607   2012.73320517
     608   2019.37249300
     609   2026.02270690
     610   2032.68385361
     611   2039.35592635
     612   2046.03893194
     613   2052.73286352
     614   2059.43772802
     615   2066.15351845
     616   2072.88024185
     617   2079.61789115
     618   2086.36647347
     619   2093.12598164
     620   2099.89642288
     621   2106.67778994
     622   2113.47009012
     623   2120.27331607
     624   2127.08747521
     625   2133.91256006
     626   2140.74857815
     627   2147.59552192
     628   2154.45339898
     629   2161.32220167
     630   2168.20193770
     631   2175.09259933
     632   2181.99419436
     633   2188.90671492
     634   2195.83016895
     635   2202.76454846
     636   2209.70986150
     637   2216.66609998
     638   2223.63327204
     639   2230.61136949
     640   2237.60040058
     641   2244.60035700
     642   2251.61124714
     643   2258.63306255
     644   2265.66581174
     645   2272.70948615
     646   2279.76409440
     647   2286.82962782
     648   2293.90609514
     649   2300.99348758
     650   2308.09181398
     651   2315.20106544
     652   2322.32125094
     653   2329.45236144
     654   2336.59440604
     655   2343.74737558
     656   2350.91127929
     657   2358.08610788
     658   2365.27187072
     659   2372.46855838
     660   2379.67618034
     661   2386.89472707
     662   2394.12420818
     663   2401.36461399
     664   2408.61595425
     665   2415.87821915
     666   2423.15141857
     667   2430.43554256
     668   2437.73060116
     669   2445.03658426
     670   2452.35350204
     671   2459.68134425
     672   2467.02012122
     673   2474.36982255
     674   2481.73045873
     675   2489.10201919
     676   2496.48451458
     677   2503.87793418
     678   2511.28228878
     679   2518.69756753
     680   2526.12378137
     681   2533.56091927
     682   2541.00899235
     683   2548.46798941
     684   2555.93792173
     685   2563.41877797
     686   2570.91056955
     687   2578.41328496
     688   2585.92693581
     689   2593.45151041
     690   2600.98702054
     691   2608.53345433
     692   2616.09082374
     693   2623.65911673
     694   2631.23834543
     695   2638.82849763
     696   2646.42958563
     697   2654.04159704
     698   2661.66454436
     699   2669.29841499
     700   2676.94322163
     701   2684.59895149
     702   2692.26561745
     703   2699.94320654
     704   2707.63173185
     705   2715.33118018
     706   2723.04156482
     707   2730.76287240
     708   2738.49511640
     709   2746.23828323
     710   2753.99238659
     711   2761.75741268
     712   2769.53337540
     713   2777.32026075
     714   2785.11808286
     715   2792.92682748
     716   2800.74650896
     717   2808.57711286
     718   2816.41865373
     719   2824.27111691
     720   2832.13451718
     721   2840.00883964
     722   2847.89409931
     723   2855.79028106
     724   2863.69740015
     725   2871.61544119
     726   2879.54441969
     727   2887.48432003
     728   2895.43515796
     729   2903.39691759
     730   2911.36961495
     731   2919.35323389
     732   2927.34779069
     733   2935.35326894
     734   2943.36968518
     735   2951.39702273
     736   2959.43529842
     737   2967.48449529
     738   2975.54463043
     739   2983.61568661
     740   2991.69768121
     741   2999.79059671
     742   3007.89445077
     743   3016.00922559
     744   3024.13493912
     745   3032.27157326
     746   3040.41914626
     747   3048.57763972
     748   3056.74707220
     749   3064.92742497
     750   3073.11871694
     751   3081.32092903
     752   3089.53408048
     753   3097.75815190
     754   3105.99316283
     755   3114.23909357
     756   3122.49596399
     757   3130.76375405
     758   3139.04248397
     759   3147.33213334
     760   3155.63272275
     761   3163.94423145
     762   3172.26668035
     763   3180.60004836
     764   3188.94435677
     765   3197.29958409
     766   3205.66575199
     767   3214.04283862
     768   3222.43086602
     769   3230.82981195
     770   3239.23969886
     771   3247.66050408
     772   3256.09225049
     773   3264.53491501
     774   3272.98852092
     775   3281.45304473
     776   3289.92851014
     777   3298.41489323
     778   3306.91221814
     779   3315.42046051
     780   3323.93964491
     781   3332.46974655
     782   3341.01079044
     783   3349.56275134
     784   3358.12565472
     785   3366.69947488
     786   3375.28423775
     787   3383.87991714
     788   3392.48653950
     789   3401.10407813
     790   3409.73255996
     791   3418.37195781
     792   3427.02229911
     793   3435.68355618
     794   3444.35575694
     795   3453.03887321
     796   3461.73293344
     797   3470.43790889
     798   3479.15382857
     799   3487.88066319
     800   3496.61844231
     801   3505.36713609
     802   3514.12677465
     803   3522.89732758
     804   3531.67882556
     805   3540.47123761
     806   3549.27459500
     807   3558.08886617
     808   3566.91408297
     809   3575.75021322
     810   3584.59728940
     811   3593.45527873
     812   3602.32421429
     813   3611.20406267
     814   3620.09485759
     815   3628.99656500
     816   3637.90921927
     817   3646.83278569
     818   3655.76729927
     819   3664.71272469
     820   3673.66909759
     821   3682.63638196
     822   3691.61461414
     823   3700.60375747
     824   3709.60384891
     825   3718.61485115
     826   3727.63680182
     827   3736.66966297
     828   3745.71347286
     829   3754.76819286
     830   3763.83386193
     831   3772.91044078
     832   3781.99796901
     833   3791.09640666
     834   3800.20579400
     835   3809.32609046
     836   3818.45733688
     837   3827.59949209
     838   3836.75259755
     839   3845.91661150
     840   3855.09157597
     841   3864.27744861
     842   3873.47427202
     843   3882.68200336
     844   3891.90068569
     845   3901.13027566
     846   3910.37081682
     847   3919.62226543
     848   3928.88466540
     849   3938.15797260
     850   3947.44223126
     851   3956.73739706
     852   3966.04351440
     853   3975.36053874
     854   3984.68851462
     855   3994.02739753
     856   4003.37723192
     857   4012.73797333
     858   4022.10966607
     859   4031.49226604
     860   4040.88581709
     861   4050.29027555
     862   4059.70568472
     863   4069.13200174
     864   4078.56926898
     865   4088.01744449
     866   4097.47656957
     867   4106.94660369
     868   4116.42758654
     869   4125.91947920
     870   4135.42231953
     871   4144.93607089
     872   4154.46076860
     873   4163.99637861
     874   4173.54293336
     875   4183.10040223
     876   4192.66881389
     877   4202.24814159
     878   4211.83840973
     879   4221.43959654
     880   4231.05172099
     881   4240.67476691
     882   4250.30874713
     883   4259.95365254
     884   4269.60948831
     885   4279.27625325
     886   4288.95394388
     887   4298.64256887
     888   4308.34211407
     889   4318.05259921
     890   4327.77399811
     891   4337.50634409
     892   4347.24959630
     893   4357.00380329
     894   4366.76890771
     895   4376.54497665
     896   4386.33193274
     897   4396.12986393
     898   4405.93867028
     899   4415.75846496
     900   4425.58912085
     901   4435.43077949
     902   4445.28328311
     903   4455.14680735
     904   4465.02115772
     905   4474.90654827
     906   4484.80274308
     907   4494.71000211
     908   4504.62804004
     909   4514.55716858
     910   4524.49704662
     911   4534.44804755
     912   4544.40976391
     913   4554.38263874
     914   4564.36618953
     915   4574.36094204
     916   4584.36632485
     917   4594.38295717
     918   4604.41016692
     919   4614.44868409
     920   4624.49771750
     921   4634.55812251
     922   4644.62897297
     923   4654.71127245
     924   4664.80393555
     925   4674.90813368
     926   4685.02260072
     927   4695.14870633
     928   4705.28497134
     929   4715.43299019
     930   4725.59104176
     931   4735.76098554
     932   4745.94081560
     933   4756.13269228
     934   4766.33428579
     935   4776.54811089
     936   4786.77145692
     937   4797.00724139
     938   4807.25232010
     939   4817.51008458
     940   4827.77688115
     941   4838.05664065
     942   4848.34512881
     943   4858.64691082
     944   4868.95707051
     945   4879.28089556
     946   4889.61269190
     947   4899.95859666
     948   4910.31200248
     949   4920.68001500
     950   4931.05498389
     951   4941.44515317
     952   4951.84164829
     953   4962.25401261
     954   4972.67197205
     955   4983.10659700
     956   4993.54597081
     957   5004.00290859
     958   5014.46361400
     959   5024.94295253
     960   5035.42492184
     961   5045.92673222
     962   5056.42985451
     963   5066.95425484
     964   5077.47843834
     965   5088.02552534
     966   5098.57062117
     967   5109.14055362
     968   5119.70643754
     969   5130.29934678
     970   5140.88581873
     971   5151.50191840
     972   5162.10881047
     973   5172.74827838
     974   5183.37532169
     975   5194.03844518
     976   5204.68541374
     977   5215.37243235
     978   5226.03896517
     979   5236.75026462
     980   5247.43605961
     981   5258.17196003
     982   5268.87653406
     983   5279.63755114
     984   5290.36050489
     985   5301.14706100
     986   5311.88775178
     987   5322.70053145
     988   5333.45844073
     989   5344.29799021
     990   5355.07227123
     991   5365.93948932
     992   5376.72948693
     993   5387.62505905
     994   5398.42967226
     995   5409.35476178
     996   5420.17319584
     997   5431.12862578
     998   5441.95946885
     999   5452.94672467
    1000   5463.78906597
    1001   5474.80907924
    1002   5485.66111516
    1003   5496.71578426
    1004   5507.57653859
    1005   5518.66685648
    1006   5529.53394413
    1007   5540.66245942
    1008   5551.53486480
    1009   5562.70264918
    1010   5573.57681431
    1011   5584.78782756
    1012   5595.66251843
    1013   5606.91825199
    1014   5617.78681598
    1015   5629.09511751
    1016   5639.95538781
    1017   5651.31935731
    1018   5662.15490619
    1019   5673.59510753
    1020   5684.40281918
    1021   5695.92496652
    1022   5706.64436890
    1023   5718.32950589
    1024   5729.13588644
 ---------------------------------------
 
SCF converged! Final Ground-State Energy (Eh):             -15.3556749314144518
