 
     Two-Electron DVR    
 ------------------------
 x0     =      15.00000000
 m      =       1.00000000
 Z      =       3.00000000
 n      =               64
 dx     =       0.47619048
 
Soft-Coulomb Parameters:
 alpha  =       0.01000000
 beta   =       1.00000000
 
 
                       Hartree-Fock                      
 --------------------------------------------------------
 no. of orbitals        =               64
 no. of electrons       =                2
 scf_damping_switch     =        F
 scf_diis_switch        =        F
 damping_factor         =   0.00000000
 e_tolerance            = 0.0000000000100000
 maximum scf-iterations =              200
 
 
                       SCF iterations                      
 ----------------------------------------------------------
    S.No    Energy (hartree)        dE (hartree)
 ----------------------------------------------------------
       0    -19.367150581079
       1    -18.436455439384      0.930695141695
       2    -18.436714438408      0.000258999024
       3    -18.436715888160      0.000001449752
       4    -18.436715896535      0.000000008375
       5    -18.436715896584      0.000000000049
       6    -18.436715896584      0.000000000000
 ----------------------------------------------------------
  
 
 
 ---------------------------------------
     Molecular Orbital Energies (Eh)    
 ---------------------------------------
       1     -8.75327289
       2     -2.65437456
       3     -0.42615813
       4     -0.25395587
       5     -0.11013426
       6     -0.08060790
       7     -0.01632607
       8      0.01732126
       9      0.11456078
      10      0.16329161
      11      0.29549753
      12      0.35806959
      13      0.52351178
      14      0.59921866
      15      0.79710851
      16      0.88562892
      17      1.11544386
      18      1.21635694
      19      1.47799560
      20      1.59107719
      21      1.88439505
      22      2.00911807
      23      2.33438842
      24      2.47051167
      25      2.82776699
      26      2.97462287
      27      3.36439352
      28      3.52176631
      29      3.94413737
      30      4.11123387
      31      4.56693518
      32      4.74362933
      33      5.23270644
      34      5.41808102
      35      5.94144989
      36      6.13553937
      37      6.69312328
      38      6.89486555
      39      7.48778931
      40      7.69747405
      41      8.32543809
      42      8.54181307
      43      9.20620964
      44      9.42997461
      45     10.13012240
      46     10.35975564
      47     11.09742448
      48     11.33432406
      49     12.10815739
      50     12.35038132
      51     13.16274864
      52     13.41299268
      53     14.26125503
      54     14.51679941
      55     15.40449417
      56     15.67080631
      57     16.59255808
      58     16.86498466
      59     17.82763845
      60     18.11953014
      61     19.11042022
      62     19.40897527
      63     20.45700256
      64     20.83897332
 ---------------------------------------
 
SCF converged! Final Ground-State Energy (Eh):             -18.4367158965839053
