 
     Two-Electron DVR    
 ------------------------
 x0     =      15.00000000
 m      =       1.00000000
 Z      =       3.00000000
 n      =               64
 dx     =       0.47619048
 
Soft-Coulomb Parameters:
 alpha  =       1.00000000
 beta   =       0.10000000
 
 
                       Hartree-Fock                      
 --------------------------------------------------------
 no. of orbitals        =               64
 no. of electrons       =                2
 scf_damping_switch     =        F
 scf_diis_switch        =        F
 damping_factor         =   0.00000000
 e_tolerance            = 0.0000000000100000
 maximum scf-iterations =              200
 
 
                       SCF iterations                      
 ----------------------------------------------------------
    S.No    Energy (hartree)        dE (hartree)
 ----------------------------------------------------------
       0     -4.671345975059
       1     -3.077677317397      1.593668657661
       2     -3.209840888525      0.132163571127
       3     -3.210460979904      0.000620091380
       4     -3.210479712554      0.000018732649
       5     -3.210480591985      0.000000879432
       6     -3.210480638348      0.000000046362
       7     -3.210480640936      0.000000002588
       8     -3.210480641084      0.000000000148
       9     -3.210480641093      0.000000000009
 ----------------------------------------------------------
  
 
 
 ---------------------------------------
     Molecular Orbital Energies (Eh)    
 ---------------------------------------
       1     -0.94720173
       2     -0.13438351
       3     -0.10665155
       4     -0.04772927
       5     -0.02005020
       6      0.05200289
       7      0.10119633
       8      0.19569417
       9      0.26938135
      10      0.38306537
      11      0.48167451
      12      0.61357064
      13      0.73651439
      14      0.88663429
      15      1.03306329
      16      1.20176540
      17      1.37089411
      18      1.55861137
      19      1.74981498
      20      1.95694778
      21      2.16976337
      22      2.39663927
      23      2.63074434
      24      2.87761771
      25      3.13279356
      26      3.39984832
      27      3.67595980
      28      3.96332966
      29      4.26029321
      30      4.56806165
      31      4.88584431
      32      5.21406772
      33      5.55265891
      34      5.90135001
      35      6.26078387
      36      6.62994013
      37      7.01026173
      38      7.39982262
      39      7.80114131
      40      8.21103130
      41      8.63346996
      42      9.06351429
      43      9.50730757
      44      9.95730495
      45     10.42271791
      46     10.89230174
      47     11.37976911
      48     11.86854636
      49     12.37852788
      50     12.88596949
      51     13.41893919
      52     13.94476013
      53     14.50077453
      54     15.04560894
      55     15.62288175
      56     16.18966411
      57     16.78300775
      58     17.38108516
      59     17.97671861
      60     18.62051062
      61     19.20381550
      62     19.91121890
      63     20.48701146
      64     21.19598347
 ---------------------------------------
 
SCF converged! Final Ground-State Energy (Eh):              -3.2104806410926083
