nohup: ignoring input
 
     Two-electron DVR    
 ------------------------
x0     =      10.00000000
m      =       1.00000000
Z      =       2.00000000
n      =             1024
ndim   =          1048576
dx     =       0.01955034
 
Soft-Coulomb Parameters:
alpha  =       0.00100000
beta   =       0.00100000
 
 Generating Hamiltonian Matrix......
 
 Completed generating Hamiltonian Matrix!
 
 Using Imaginary time propagation (ITP) to get ground state......
 
 Completed Imaginary time propagation (ITP).
 
 ITP Summary:
 ------------
 dt      =   1.000000000000000E-004
 nstep   =         7923
 E_conv  =   9.999999717180685E-010
 Ei      =   -31.1193040139758     
 
