 
     Two-electron DVR    
 ------------------------
x0     =      10.00000000
n      =               16
ndim   =              256
dx     =       1.33333333
 
Soft-Coulomb Parameters:
alpha  =       1.00000000
beta   =       1.00000000
 
 Generating Hamiltonian Matrix......
 
 Diagonalising the Hamiltonian......
 
 Completed Diagonalisation!
 Ground state Energy:   -2.16425783463635     
 
 Using Imaginary time propagation (ITP) to get ground state......
 
 Completed Imaginary time propagation (ITP).
 
 ITP Summary:
 ------------
 dt      =   1.000000000000000E-002
 nstep   =          948
 E_conv  =   9.999999717180685E-010
 Ei      =   -2.16425775327223     
 
