 
     Two-Electron DVR    
 ------------------------
 x0     =      15.00000000
 m      =       1.00000000
 Z      =       6.00000000
 n      =              512
 dx     =       0.05870841
 
Soft-Coulomb Parameters:
 alpha  =       0.10000000
 beta   =       0.01000000
 
 
                       Hartree-Fock                      
 --------------------------------------------------------
 no. of orbitals        =              512
 no. of electrons       =                2
 scf_damping_switch     =        F
 scf_diis_switch        =        F
 damping_factor         =   0.00000000
 e_tolerance            = 0.0000000000100000
 maximum scf-iterations =              200
 
 
                       SCF iterations                      
 ----------------------------------------------------------
    S.No    Energy (hartree)        dE (hartree)
 ----------------------------------------------------------
       0    -27.953493991552
       1    -23.394443248351      4.559050743201
       2    -23.561152713189      0.166709464838
       3    -23.561401259664      0.000248546475
       4    -23.561402755181      0.000001495517
       5    -23.561402766361      0.000000011179
       6    -23.561402766448      0.000000000088
       7    -23.561402766449      0.000000000001
 ----------------------------------------------------------
  
 
 
 ---------------------------------------
     Molecular Orbital Energies (Eh)    
 ---------------------------------------
       1     -9.67172257
       2     -3.23542586
       3     -1.97590105
       4     -1.25732416
       5     -0.89493457
       6     -0.65063937
       7     -0.50473485
       8     -0.39443754
       9     -0.31730848
      10     -0.23904894
      11     -0.15824392
      12     -0.05566544
      13      0.05312883
      14      0.18510794
      15      0.32028303
      16      0.47916151
      17      0.63914805
      18      0.82342136
      19      1.00737127
      20      1.21608674
      21      1.42350603
      22      1.65600123
      23      1.88658445
      24      2.14236959
      25      2.39591915
      26      2.67461803
      27      2.95100050
      28      3.25231765
      29      3.55143834
      30      3.87513910
      31      4.19692659
      32      4.54282396
      33      4.88722061
      34      5.25516589
      35      5.62212200
      36      6.01199777
      37      6.40146803
      38      6.81318259
      39      7.22512406
      40      7.65860684
      41      8.09297790
      42      8.54817572
      43      9.00493558
      44      9.48180943
      45      9.96091801
      46     10.45944037
      47     10.96085838
      48     11.48101100
      49     12.00470012
      50     12.54647205
      51     13.09239514
      52     13.65578121
      53     14.22390254
      54     14.80890201
      55     15.39918741
      56     16.00580289
      57     16.61821991
      58     17.24645648
      59     17.88097450
      60     18.53083899
      61     19.18742926
      62     19.85892971
      63     20.53756540
      64     21.23071053
      65     21.93136672
      66     22.64616565
      67     23.36881926
      68     24.10528121
      69     24.84991101
      70     25.60804508
      71     26.37463156
      72     27.15444660
      73     27.94297193
      74     28.74447642
      75     29.55492430
      76     30.37812631
      77     31.21048194
      78     32.05538901
      79     32.90963897
      80     33.77625816
      81     34.65239028
      82     35.54072814
      83     36.43873144
      84     37.34879400
      85     38.26865858
      86     39.20045137
      87     40.14216832
      88     41.09569641
      89     42.05925774
      90     43.03452571
      91     44.01992425
      92     45.01693631
      93     46.02416562
      94     47.04292555
      95     48.07197989
      96     49.11249111
      97     50.16336536
      98     51.22563095
      99     52.29832053
     100     53.38234326
     101     54.47684411
     102     55.58262647
     103     56.69893495
     104     57.82647918
     105     58.96459207
     106     60.11390017
     107     61.27381461
     108     62.44488838
     109     63.62660183
     110     64.81944286
     111     66.02295309
     112     67.23756281
     113     68.46286782
     114     69.69924750
     115     70.94634554
     116     72.20449634
     117     73.47338586
     118     74.75330879
     119     76.04398842
     120     77.34568439
     121     78.65815292
     122     79.98162275
     123     81.31587914
     124     82.66112354
     125     84.01716685
     126     85.38418649
     127     86.76201591
     128     88.15081135
     129     89.55042617
     130     90.96099795
     131     92.38239755
     132     93.81474612
     133     95.25792996
     134     96.71205575
     135     98.17702336
     136     99.65292674
     137    101.13967771
     138    102.63735904
     139    104.14589302
     140    105.66535260
     141    107.19566929
     142    108.73690739
     143    110.28900654
     144    111.85202342
     145    113.42590480
     146    115.01070070
     147    116.60636413
     148    118.21293925
     149    119.83038458
     150    121.45873912
     151    123.09796622
     152    124.74810036
     153    126.40910912
     154    128.08102303
     155    129.76381337
     156    131.45750721
     157    133.16207905
     158    134.87755296
     159    136.60390627
     160    138.34116037
     161    140.08929511
     162    141.84832955
     163    143.61824569
     164    145.39906057
     165    147.19075811
     166    148.99335356
     167    150.80683248
     168    152.63120860
     169    154.46646892
     170    156.31262581
     171    158.16966754
     172    160.03760530
     173    161.91642846
     174    163.80614719
     175    165.70675180
     176    167.61825159
     177    169.54063769
     178    171.47391861
     179    173.41808624
     180    175.37314839
     181    177.33909757
     182    179.31594105
     183    181.30367183
     184    183.30229669
     185    185.31180912
     186    187.33221546
     187    189.36350957
     188    191.40569746
     189    193.45877332
     190    195.52274284
     191    197.59760048
     192    199.68335170
     193    201.77999119
     194    203.88752419
     195    206.00594557
     196    208.13526041
     197    210.27546375
     198    212.42656051
     199    214.58854585
     200    216.76142460
     201    218.94519200
     202    221.13985280
     203    223.34540232
     204    225.56184525
     205    227.78917695
     206    230.02740207
     207    232.27651600
     208    234.53652338
     209    236.80741961
     210    239.08920931
     211    241.38188789
     212    243.68545998
     213    245.99992097
     214    248.32527552
     215    250.66151897
     216    253.00865604
     217    255.36668202
     218    257.73560167
     219    260.11541024
     220    262.50611254
     221    264.90770375
     222    267.32018876
     223    269.74356267
     224    272.17783046
     225    274.62298713
     226    277.07903775
     227    279.54597724
     228    282.02381076
     229    284.51253313
     230    287.01214960
     231    289.52265490
     232    292.04405440
     233    294.57634270
     234    297.11952527
     235    299.67359662
     236    302.23856233
     237    304.81441679
     238    307.40116571
     239    309.99880334
     240    312.60733551
     241    315.22675636
     242    317.85707185
     243    320.49827599
     244    323.15037486
     245    325.81336233
     246    328.48724464
     247    331.17201551
     248    333.86768131
     249    336.57423563
     250    339.29168499
     251    342.02002281
     252    344.75925579
     253    347.50937718
     254    350.27039383
     255    353.04229883
     256    355.82509921
     257    358.61878789
     258    361.42337206
     259    364.23884447
     260    367.06521248
     261    369.90246867
     262    372.75062059
     263    375.60966062
     264    378.47959649
     265    381.36042042
     266    384.25214031
     267    387.15474819
     268    390.06825215
     269    392.99264404
     270    395.92793213
     271    398.87410807
     272    401.83118035
     273    404.79914040
     274    407.77799691
     275    410.76774114
     276    413.76838195
     277    416.77991039
     278    419.80233555
     279    422.83564828
     280    425.87985784
     281    428.93495489
     282    432.00094892
     283    435.07783035
     284    438.16560890
     285    441.26427476
     286    444.37383787
     287    447.49428823
     288    450.62563597
     289    453.76787087
     290    456.92100328
     291    460.08502278
     292    463.25993992
     293    466.44574406
     294    469.64244598
     295    472.85003483
     296    476.06852159
     297    479.29789519
     298    482.53816683
     299    485.78932525
     300    489.05138182
     301    492.32432510
     302    495.60816665
     303    498.90289486
     304    502.20852145
     305    505.52503462
     306    508.85244629
     307    512.19074449
     308    515.53994129
     309    518.90002457
     310    522.27100654
     311    525.65287497
     312    529.04564216
     313    532.44929578
     314    535.86384822
     315    539.28928710
     316    542.72562485
     317    546.17284903
     318    549.63097211
     319    553.09998168
     320    556.57989014
     321    560.07068513
     322    563.57237899
     323    567.08495950
     324    570.60843881
     325    574.14280486
     326    577.68806963
     327    581.24422133
     328    584.81127160
     329    588.38920899
     330    591.97804475
     331    595.57776794
     332    599.18838924
     333    602.80989827
     334    606.44230508
     335    610.08560007
     336    613.73979244
     337    617.40487343
     338    621.08085130
     339    624.76771845
     340    628.46548186
     341    632.17413521
     342    635.89368407
     343    639.62412379
     344    643.36545815
     345    647.11768429
     346    650.88080401
     347    654.65481680
     348    658.43972190
     349    662.23552138
     350    666.04221170
     351    669.85979813
     352    673.68827368
     353    677.52764713
     354    681.37790766
     355    685.23906846
     356    689.11111396
     357    692.99406219
     358    696.88789235
     359    700.79262841
     360    704.70824318
     361    708.63476719
     362    712.57216615
     363    716.52047862
     364    720.47966168
     365    724.44976276
     366    728.43072936
     367    732.42261969
     368    736.42536970
     369    740.43904948
     370    744.46358217
     371    748.49905223
     372    752.54536736
     373    756.60262798
     374    760.67072462
     375    764.74977684
     376    768.83965463
     377    772.94049885
     378    777.05215660
     379    781.17479414
     380    785.30823130
     381    789.45266274
     382    793.60787777
     383    797.77410478
     384    801.95109692
     385    806.13912032
     386    810.33788755
     387    814.54770949
     388    818.76825076
     389    822.99987235
     390    827.24218505
     391    831.49560908
     392    835.75969174
     393    840.03491973
     394    844.32076896
     395    848.61780451
     396    852.92541830
     397    857.24426351
     398    861.57363746
     399    865.91429699
     400    870.26542834
     401    874.62790505
     402    879.00078809
     403    883.38508803
     404    887.77971901
     405    892.18584607
     406    896.60221757
     407    901.03017960
     408    905.46828654
     409    909.91808883
     410    914.37792157
     411    918.84957431
     412    923.33112599
     413    927.82463633
     414    932.32789441
     415    936.84327561
     416    941.36823088
     417    945.90549257
     418    950.45212870
     419    955.01128815
     420    959.57959280
     421    964.16066292
     422    968.75061487
     423    973.35361812
     424    977.96520087
     425    982.59015455
     426    987.22334052
     427    991.87027381
     428    996.52504105
     429   1001.19397700
     430   1005.87028969
     431   1010.56126621
     432   1015.25909528
     433   1019.97214293
     434   1024.69144192
     435   1029.42660985
     436   1034.16734045
     437   1038.92466896
     438   1043.68677108
     439   1048.46632371
     440   1053.24974715
     441   1058.05157669
     442   1062.85624407
     443   1067.68043229
     444   1072.50627832
     445   1077.35289382
     446   1082.19981934
     447   1087.06896673
     448   1091.93688772
     449   1096.82865517
     450   1101.71744552
     451   1106.63196573
     452   1111.54151870
     453   1116.47890337
     454   1121.40906028
     455   1126.36947586
     456   1131.32010351
     457   1136.30368875
     458   1141.27459030
     459   1146.28155072
     460   1151.27256401
     461   1156.30306739
     462   1161.31395295
     463   1166.36824777
     464   1171.39881482
     465   1176.47709640
     466   1181.52706114
     467   1186.62962157
     468   1191.69877028
     469   1196.82582494
     470   1201.91383223
     471   1207.06571260
     472   1212.17235552
     473   1217.34928097
     474   1222.47420036
     475   1227.67653288
     476   1232.81951887
     477   1238.04745768
     478   1243.20812492
     479   1248.46205711
     480   1253.64023248
     481   1258.92031565
     482   1264.11557294
     483   1269.42224614
     484   1274.63444564
     485   1279.96784271
     486   1285.19641943
     487   1290.55716670
     488   1295.80191057
     489   1301.19026496
     490   1306.45014916
     491   1311.86733934
     492   1317.14172479
     493   1322.58858826
     494   1327.87514160
     495   1333.35455620
     496   1338.65131914
     497   1344.16578949
     498   1349.46714549
     499   1355.02361347
     500   1360.32442899
     501   1365.92930314
     502   1371.21610261
     503   1376.88609610
     504   1382.14717049
     505   1387.89695082
     506   1393.09851055
     507   1398.97167177
     508   1404.09143223
     509   1410.11952888
     510   1415.04525043
     511   1421.40877981
     512   1426.26415771
 ---------------------------------------
 
SCF converged! Final Ground-State Energy (Eh):             -23.5614027664491203
