 
     Two-Electron DVR    
 ------------------------
 x0     =      15.00000000
 m      =       1.00000000
 Z      =       3.00000000
 n      =               32
 dx     =       0.96774194
 
Soft-Coulomb Parameters:
 alpha  =       1.00000000
 beta   =       0.10000000
 
 
                       Hartree-Fock                      
 --------------------------------------------------------
 no. of orbitals        =               32
 no. of electrons       =                2
 scf_damping_switch     =        F
 scf_diis_switch        =        F
 damping_factor         =   0.00000000
 e_tolerance            = 0.0000000000100000
 maximum scf-iterations =              200
 
 
                       SCF iterations                      
 ----------------------------------------------------------
    S.No    Energy (hartree)        dE (hartree)
 ----------------------------------------------------------
       0     -4.630810459006
       1     -2.894043279772      1.736767179234
       2     -3.064214851648      0.170171571876
       3     -3.065567730771      0.001352879123
       4     -3.065596386281      0.000028655510
       5     -3.065597134449      0.000000748168
       6     -3.065597161561      0.000000027112
       7     -3.065597162853      0.000000001292
       8     -3.065597162924      0.000000000071
       9     -3.065597162928      0.000000000004
 ----------------------------------------------------------
  
 
 
 ---------------------------------------
     Molecular Orbital Energies (Eh)    
 ---------------------------------------
       1     -0.84563691
       2     -0.12662084
       3     -0.10157133
       4     -0.04542269
       5     -0.01908308
       6      0.04980577
       7      0.09700253
       8      0.18634015
       9      0.25744201
      10      0.36384796
      11      0.45950611
      12      0.58183262
      13      0.70173298
      14      0.83961544
      15      0.98341677
      16      1.13678615
      17      1.30427393
      18      1.47279796
      19      1.66424857
      20      1.84764846
      21      2.06332928
      22      2.26136603
      23      2.50098516
      24      2.71513166
      25      2.97555675
      26      3.21180230
      27      3.48260701
      28      3.75360304
      29      4.02021289
      30      4.34077113
      31      4.61035105
      32      4.92940790
 ---------------------------------------
 
SCF converged! Final Ground-State Energy (Eh):              -3.0655971629281962
