 
     Two-Electron DVR    
 ------------------------
 x0     =      15.00000000
 m      =       1.00000000
 Z      =       3.00000000
 n      =              128
 dx     =       0.23622047
 
Soft-Coulomb Parameters:
 alpha  =       0.01000000
 beta   =       1.00000000
 
 
                       Hartree-Fock                      
 --------------------------------------------------------
 no. of orbitals        =              128
 no. of electrons       =                2
 scf_damping_switch     =        F
 scf_diis_switch        =        F
 damping_factor         =   0.00000000
 e_tolerance            = 0.0000000000100000
 maximum scf-iterations =              200
 
 
                       SCF iterations                      
 ----------------------------------------------------------
    S.No    Energy (hartree)        dE (hartree)
 ----------------------------------------------------------
       0    -27.950198209151
       1    -26.988142958975      0.962055250175
       2    -26.988237699421      0.000094740445
       3    -26.988237993492      0.000000294071
       4    -26.988237994438      0.000000000946
       5    -26.988237994441      0.000000000003
 ----------------------------------------------------------
  
 
 
 ---------------------------------------
     Molecular Orbital Energies (Eh)    
 ---------------------------------------
       1    -13.01318679
       2     -2.17461115
       3     -0.57121599
       4     -0.23518876
       5     -0.12753300
       6     -0.07536044
       7     -0.02880879
       8      0.02754344
       9      0.09882518
      10      0.18106723
      11      0.27835192
      12      0.38449112
      13      0.50649386
      14      0.63550115
      15      0.78150587
      16      0.93284959
      17      1.10239576
      18      1.27571667
      19      1.46854002
      20      1.66354015
      21      1.87951337
      22      2.09587683
      23      2.33500679
      24      2.57241689
      25      2.83478270
      26      3.09288280
      27      3.37865210
      28      3.65709655
      29      3.96645861
      30      4.26486644
      31      4.59807167
      32      4.91609295
      33      5.27337853
      34      5.61062999
      35      5.99228318
      36      6.34842927
      37      6.75470054
      38      7.12936761
      39      7.56055799
      40      7.95343365
      41      8.40979002
      42      8.82051313
      43      9.30234140
      44      9.73062429
      45     10.23816138
      46     10.68365239
      47     11.21720836
      48     11.67964207
      49     12.23944317
      50     12.71847092
      51     13.30483530
      52     13.80020952
      53     14.41335489
      54     14.92472157
      55     15.56498073
      56     16.09210510
      57     16.75969059
      58     17.30220384
      59     17.99747126
      60     18.55514658
      61     19.27830691
      62     19.85075054
      63     20.60219152
      64     21.18918035
      65     21.96911469
      66     22.57021906
      67     23.37907720
      68     23.99407444
      69     24.83207342
      70     25.46048600
      71     26.32811082
      72     26.96971452
      73     27.86718820
      74     28.52144417
      75     29.44932009
      76     30.11600219
      77     31.07450952
      78     31.75300202
      79     32.74277893
      80     33.43285572
      81     34.45413570
      82     35.15508552
      83     36.20861164
      84     36.92021379
      85     38.00621890
      86     38.72764360
      87     39.84700099
      88     40.57804355
      89     41.73097561
      90     42.47065874
      91     43.65820159
      92     44.40635591
      93     45.62870339
      94     46.38416654
      95     47.64256073
      96     48.40523303
      97     49.69980663
      98     50.46829103
      99     51.80055026
     100     52.57487851
     101     53.94483558
     102     54.72330895
     103     56.13281468
     104     56.91571003
     105     58.36454512
     106     59.14976836
     107     60.64024383
     108     61.42853416
     109     62.95998376
     110     63.74871085
     111     65.32408511
     112     66.11488748
     113     67.73263386
     114     68.52209753
     115     70.18613202
     116     70.97774660
     117     72.68466593
     118     73.47366665
     119     75.22913377
     120     76.02326866
     121     77.81960602
     122     78.61088855
     123     80.45833968
     124     81.26729461
     125     83.14569637
     126     83.95038482
     127     85.89714691
     128     86.82938343
 ---------------------------------------
 
SCF converged! Final Ground-State Energy (Eh):             -26.9882379944408726
