 
 Imaginary Time Propagation
 --------------------------
 
               Imag. time (a.u.)               < psi_i | psi_i >               < psi_i | psi_0 >                Energy (hartree)
                                
              0.0000000000000000              0.9999999999999999              0.9999999999999999             -0.9412580615912327
              1.0000000000000007              1.0000000000000004              0.8879310531642611             -1.8094206379768056
              1.9999999999998905              0.9999999999999997              0.8282041100733432             -1.8595174106395347
              2.9999999999997806              0.9999999999999998              0.7974312713726053             -1.8719844677887729
              3.9999999999996705              1.0000000000000000              0.7802141142493311             -1.8762308696938568
              5.0000000000000044              1.0000000000000000              0.7699276215473501             -1.8779498958011129
              6.0000000000003384              1.0000000000000002              0.7634707679429074             -1.8787220551184416
              7.0000000000006724              0.9999999999999994              0.7592663400419132             -1.8790920365419672
              8.0000000000010054              1.0000000000000000              0.7564530221189740             -1.8792768395902932
              9.0000000000004512              0.9999999999999999              0.7545318326209043             -1.8793717626697466
              9.9999999999998970              1.0000000000000000              0.7531994969082343             -1.8794214835005751
             10.9999999999993427              1.0000000000000002              0.7522645038630640             -1.8794479005873688
             11.9999999999987885              0.9999999999999998              0.7516022216748683             -1.8794620864578031
             12.9999999999982343              1.0000000000000004              0.7511296065277770             -1.8794697665857596
             13.9999999999976801              0.9999999999999998              0.7507902919069855             -1.8794739510777092
             14.9999999999971259              1.0000000000000000              0.7505454553574492             -1.8794762424847160
             15.9999999999965716              1.0000000000000000              0.7503680438790769             -1.8794775023114099
             16.9999999999977938              0.9999999999999997              0.7502390268407533             -1.8794781972273611
             17.9999999999990159              1.0000000000000002              0.7501449126576847             -1.8794785815566484
             19.0000000000002380              0.9999999999999998              0.7500760745298702             -1.8794787945743137
             20.0000000000014602              1.0000000000000000              0.7500256057323342             -1.8794789128515754
             21.0000000000026823              1.0000000000000002              0.7499885278931693             -1.8794789786211334
             22.0000000000039044              1.0000000000000000              0.7499612381377858             -1.8794790152375764
             23.0000000000051266              1.0000000000000002              0.7499411199089377             -1.8794790356438855
             24.0000000000063487              1.0000000000000000              0.7499262671221967             -1.8794790470258111
             25.0000000000075708              0.9999999999999998              0.7499152874979618             -1.8794790533786470
             26.0000000000087930              0.9999999999999998              0.7499071616268245             -1.8794790569265334
             27.0000000000100151              1.0000000000000000              0.7499011415232936             -1.8794790589088890
             28.0000000000112372              1.0000000000000000              0.7498966773172003             -1.8794790600169542
             29.0000000000124594              1.0000000000000002              0.7498933640947582             -1.8794790606365301
             30.0000000000136815              1.0000000000000004              0.7498909032323340             -1.8794790609830594
             31.0000000000149036              1.0000000000000004              0.7498890741947341             -1.8794790611769165
             32.0000000000161222              0.9999999999999997              0.7498877139155593             -1.8794790612853804
             33.0000000000137916              1.0000000000000000              0.7498867016881159             -1.8794790613460899
             34.0000000000114611              1.0000000000000000              0.7498859480724051             -1.8794790613800654
             35.0000000000091305              1.0000000000000000              0.7498853867362747             -1.8794790613990782
             35.6180000000076902              0.9999999999999998              0.7498851139120898             -1.8794790614063659
 
 Summary of Imaginary time propagation
 -------------------------------------
n       =              256
dt      =       0.00100000
nstep   =            35618
E_conv  =   0.0000000000000000
Ei      =      -1.8794790614063659
 
