 
     Two-Electron DVR    
 ------------------------
 x0     =      15.00000000
 m      =       1.00000000
 Z      =       2.00000000
 n      =              256
 dx     =       0.11764706
 
Soft-Coulomb Parameters:
 alpha  =       1.00000000
 beta   =       0.10000000
 
 
                       Hartree-Fock                      
 --------------------------------------------------------
 no. of orbitals        =              256
 no. of electrons       =                2
 scf_damping_switch     =        F
 scf_diis_switch        =        F
 damping_factor         =   0.00000000
 e_tolerance            = 0.0000000000100000
 maximum scf-iterations =              200
 
 
                       SCF iterations                      
 ----------------------------------------------------------
    S.No    Energy (hartree)        dE (hartree)
 ----------------------------------------------------------
       0     -2.966871954641
       1     -1.509497175849      1.457374778792
       2     -1.683997416089      0.174500240240
       3     -1.686046344953      0.002048928864
       4     -1.686110897675      0.000064552722
       5     -1.686113536832      0.000002639157
       6     -1.686113727359      0.000000190527
       7     -1.686113747199      0.000000019841
       8     -1.686113749534      0.000000002335
       9     -1.686113749817      0.000000000283
      10     -1.686113749852      0.000000000034
      11     -1.686113749856      0.000000000004
 ----------------------------------------------------------
  
 
 
 ---------------------------------------
     Molecular Orbital Energies (Eh)    
 ---------------------------------------
       1     -0.30453387
       2      0.04219721
       3      0.04453653
       4      0.13222056
       5      0.14509587
       6      0.25810438
       7      0.29233233
       8      0.41894527
       9      0.48236962
      10      0.61924491
      11      0.71372745
      12      0.86227971
      13      0.98604606
      14      1.14885413
      15      1.29946789
      16      1.47880172
      17      1.65431996
      18      1.85184966
      19      2.05095387
      20      2.26782344
      21      2.48967789
      22      2.72664524
      23      2.97073906
      24      3.22829888
      25      3.49432728
      26      3.77280138
      27      4.06058637
      28      4.36018509
      29      4.66962532
      30      4.99048767
      31      5.32152757
      32      5.66374685
      33      6.01635786
      34      6.37999791
      35      6.75416725
      36      7.13927279
      37      7.53499669
      38      7.94159976
      39      8.35887947
      40      8.78700367
      41      9.22584306
      42      9.67550622
      43     10.13591042
      44     10.60712633
      45     11.08910091
      46     11.58188051
      47     12.08543102
      48     12.59978320
      49     13.12491496
      50     13.66084703
      51     14.20756499
      52     14.76508311
      53     15.33339181
      54     15.91250122
      55     16.50240478
      56     17.10310999
      57     17.71461216
      58     18.33691710
      59     18.97002124
      60     19.61392934
      61     20.26863850
      62     20.93415280
      63     21.61046970
      64     22.29759291
      65     22.99552002
      66     23.70425455
      67     24.42379409
      68     25.15414209
      69     25.89529608
      70     26.64725950
      71     27.41002976
      72     28.18361034
      73     28.96799852
      74     29.76319787
      75     30.56920546
      76     31.38602502
      77     32.21365339
      78     33.05209447
      79     33.90134487
      80     34.76140867
      81     35.63228225
      82     36.51396987
      83     37.40646766
      84     38.30978011
      85     39.22390309
      86     40.14884130
      87     41.08459033
      88     42.03115516
      89     42.98853107
      90     43.95672330
      91     44.93572685
      92     45.92554721
      93     46.92617910
      94     47.93762828
      95     48.95988915
      96     49.99296778
      97     51.03685824
      98     52.09156692
      99     53.15708753
     100     54.23342680
     101     55.32057810
     102     56.41854849
     103     57.52733096
     104     58.64693295
     105     59.77734706
     106     60.91858112
     107     62.07062732
     108     63.23349388
     109     64.40717256
     110     65.59167204
     111     66.78698362
     112     67.99311640
     113     69.21006123
     114     70.43782770
     115     71.67640614
     116     72.92580665
     117     74.18601904
     118     75.45705393
     119     76.73890060
     120     78.03157019
     121     79.33505145
     122     80.64935607
     123     81.97447220
     124     83.31041215
     125     84.65716346
     126     86.01473904
     127     87.38312578
     128     88.76233727
     129     90.15235973
     130     91.55320742
     131     92.96486583
     132     94.38734999
     133     95.82064462
     134     97.26476551
     135     98.71969660
     136    100.18545448
     137    101.66202226
     138    103.14941740
     139    104.64762210
     140    106.15665473
     141    107.67649658
     142    109.20716695
     143    110.74864616
     144    112.30095452
     145    113.86407131
     146    115.43801789
     147    117.02277246
     148    118.61835750
     149    120.22475005
     150    121.84197379
     151    123.47000452
     152    125.10886719
     153    126.75853628
     154    128.41903810
     155    130.09034575
     156    131.77248694
     157    133.46543332
     158    135.16921412
     159    136.88379941
     160    138.60922003
     161    140.34544439
     162    142.09250505
     163    143.85036864
     164    145.61906956
     165    147.39857254
     166    149.18891393
     167    150.99005644
     168    152.80203851
     169    154.62482068
     170    156.45844364
     171    158.30286560
     172    160.15812966
     173    162.02419152
     174    163.90109687
     175    165.78879873
     176    167.68734557
     177    169.59668753
     178    171.51687605
     179    173.44785817
     180    175.38968856
     181    177.34231089
     182    179.30578333
     183    181.28004592
     184    183.26516058
     185    185.26106342
     186    187.26782045
     187    189.28536355
     188    191.31376314
     189    193.35294643
     190    195.40298868
     191    197.46381211
     192    199.53549719
     193    201.61796063
     194    203.71128859
     195    205.81539194
     196    207.93036293
     197    210.05610593
     198    212.19271992
     199    214.34010247
     200    216.49835957
     201    218.66738125
     202    220.84728128
     203    223.03794199
     204    225.23948499
     205    227.45178418
     206    229.67496966
     207    231.90890735
     208    234.15373521
     209    236.40931074
     210    238.67577985
     211    240.95299367
     212    243.24110353
     213    245.53995505
     214    247.84970323
     215    250.17019410
     216    252.50157906
     217    254.84370938
     218    257.19672577
     219    259.56050019
     220    261.93514386
     221    264.32056492
     222    266.71682397
     223    269.12390354
     224    271.54176721
     225    273.97051490
     226    276.40995643
     227    278.86040111
     228    281.32139350
     229    283.79356323
     230    286.27604636
     231    288.77000864
     232    291.27391713
     233    293.78974464
     234    296.31494643
     235    298.85278877
     236    301.39913542
     237    303.95916055
     238    306.52638332
     239    309.10888483
     240    311.69669541
     241    314.30198407
     242    316.90996610
     243    319.53840419
     244    322.16627392
     245    324.81800889
     246    327.46597223
     247    330.13998938
     248    332.80971497
     249    335.50274132
     250    338.20195299
     251    340.89970482
     252    343.64705378
     253    346.31882097
     254    349.18044286
     255    351.73566389
     256    354.75608822
 ---------------------------------------
 
SCF converged! Final Ground-State Energy (Eh):              -1.6861137498559746
