 
     Two-Electron DVR    
 ------------------------
 x0     =      15.00000000
 m      =       1.00000000
 Z      =       6.00000000
 n      =               64
 dx     =       0.47619048
 
Soft-Coulomb Parameters:
 alpha  =       1.00000000
 beta   =       0.01000000
 
 
                       Hartree-Fock                      
 --------------------------------------------------------
 no. of orbitals        =               64
 no. of electrons       =                2
 scf_damping_switch     =        F
 scf_diis_switch        =        F
 damping_factor         =   0.00000000
 e_tolerance            = 0.0000000000100000
 maximum scf-iterations =              200
 
 
                       SCF iterations                      
 ----------------------------------------------------------
    S.No    Energy (hartree)        dE (hartree)
 ----------------------------------------------------------
       0     -9.987908947919
       1     -6.350922490481      3.636986457438
       2     -6.705330431395      0.354407940914
       3     -6.869428365296      0.164097933901
       4     -6.921886089706      0.052457724410
       5     -6.944269422922      0.022383333217
       6     -6.952321084206      0.008051661284
       7     -6.955548712553      0.003227628347
       8     -6.956759685286      0.001210972733
       9     -6.957233244588      0.000473559302
      10     -6.957413760226      0.000180515638
      11     -6.957483674358      0.000069914132
      12     -6.957510486841      0.000026812483
      13     -6.957520832707      0.000010345866
      14     -6.957524809646      0.000003976940
      15     -6.957526341982      0.000001532336
      16     -6.957526931537      0.000000589555
      17     -6.957527158570      0.000000227033
      18     -6.957527245950      0.000000087379
      19     -6.957527279591      0.000000033642
      20     -6.957527292541      0.000000012950
      21     -6.957527297526      0.000000004985
      22     -6.957527299445      0.000000001919
      23     -6.957527300184      0.000000000739
      24     -6.957527300469      0.000000000284
      25     -6.957527300578      0.000000000109
      26     -6.957527300620      0.000000000042
      27     -6.957527300636      0.000000000016
      28     -6.957527300643      0.000000000006
 ----------------------------------------------------------
  
 
 
 ---------------------------------------
     Molecular Orbital Energies (Eh)    
 ---------------------------------------
       1     -2.22785403
       2     -1.12176730
       3     -0.87131158
       4     -0.64267709
       5     -0.50995498
       6     -0.40016871
       7     -0.32650445
       8     -0.25327595
       9     -0.18171557
      10     -0.09068461
      11      0.00601366
      12      0.12285124
      13      0.24438225
      14      0.38457407
      15      0.52957923
      16      0.69172348
      17      0.85941326
      18      1.04279231
      19      1.23264498
      20      1.43689784
      21      1.64853370
      22      1.87348440
      23      2.10662394
      24      2.35219677
      25      2.60663023
      26      2.87279028
      27      3.14837443
      28      3.43511028
      29      3.73174405
      30      4.03903615
      31      4.35667219
      32      4.68450366
      33      5.02311898
      34      5.37144060
      35      5.73106821
      36      6.09982532
      37      6.48051835
      38      6.86959441
      39      7.27148385
      40      7.68073885
      41      8.10399745
      42      8.53318612
      43      8.97809480
      44      9.42691167
      45      9.89383418
      46     10.36190641
      47     10.85116596
      48     11.33821799
      49     11.84990480
      50     12.35648618
      51     12.88919575
      52     13.41746298
      53     13.96744224
      54     14.52377999
      55     15.08220207
      56     15.67613130
      57     16.23313701
      58     16.87421494
      59     17.42999761
      60     18.10183245
      61     18.69501067
      62     19.30423682
      63     20.10129596
      64     20.56213147
 ---------------------------------------
 
SCF converged! Final Ground-State Energy (Eh):              -6.9575273006427345
