 
     Two-Electron DVR    
 ------------------------
 x0     =      15.00000000
 m      =       1.00000000
 Z      =       4.00000000
 n      =              512
 dx     =       0.05870841
 
Soft-Coulomb Parameters:
 alpha  =       1.00000000
 beta   =       0.10000000
 
 
                       Hartree-Fock                      
 --------------------------------------------------------
 no. of orbitals        =              512
 no. of electrons       =                2
 scf_damping_switch     =        F
 scf_diis_switch        =        F
 damping_factor         =   0.00000000
 e_tolerance            = 0.0000000000100000
 maximum scf-iterations =              200
 
 
                       SCF iterations                      
 ----------------------------------------------------------
    S.No    Energy (hartree)        dE (hartree)
 ----------------------------------------------------------
       0     -6.418296506144
       1     -4.757455843271      1.660840662873
       2     -4.858688271998      0.101232428726
       3     -4.859781992524      0.001093720526
       4     -4.859801880664      0.000019888140
       5     -4.859802534311      0.000000653647
       6     -4.859802558907      0.000000024597
       7     -4.859802559870      0.000000000962
       8     -4.859802559908      0.000000000038
       9     -4.859802559910      0.000000000001
 ----------------------------------------------------------
  
 
 
 ---------------------------------------
     Molecular Orbital Energies (Eh)    
 ---------------------------------------
       1     -1.70563834
       2     -0.49365314
       3     -0.34943433
       4     -0.23526173
       5     -0.17501964
       6     -0.11508410
       7     -0.05769878
       8      0.02137192
       9      0.10415793
      10      0.20878768
      11      0.31649349
      12      0.44445062
      13      0.57619135
      14      0.72638840
      15      0.88158249
      16      1.05351851
      17      1.23172026
      18      1.42518397
      19      1.62604216
      20      1.84096720
      21      2.06421003
      22      2.30059904
      23      2.54602219
      24      2.80390670
      25      3.07136101
      26      3.35078095
      27      3.64016065
      28      3.94115475
      29      4.25238688
      30      4.57498892
      31      4.90802465
      32      5.25226256
      33      5.60707033
      34      5.97296663
      35      6.34952687
      36      6.73709958
      37      7.13540098
      38      7.54466449
      39      7.96470124
      40      8.39566718
      41      8.83743706
      42      9.29011494
      43      9.75361802
      44     10.22801574
      45     10.71325351
      46     11.20937770
      47     11.71635247
      48     12.23420882
      49     12.76292330
      50     13.30251673
      51     13.85297383
      52     14.41430864
      53     14.98651128
      54     15.56959128
      55     16.16354228
      56     16.76837086
      57     17.38407294
      58     18.01065311
      59     18.64810880
      60     19.29644329
      61     19.95565496
      62     20.62574622
      63     21.30671605
      64     21.99856629
      65     22.70129630
      66     23.41490752
      67     24.13939956
      68     24.87477358
      69     25.62102934
      70     26.37816783
      71     27.14618886
      72     27.92509331
      73     28.71488103
      74     29.51555283
      75     30.32710853
      76     31.14954891
      77     31.98287380
      78     32.82708391
      79     33.68217905
      80     34.54815994
      81     35.42502634
      82     36.31277895
      83     37.21141751
      84     38.12094272
      85     39.04135429
      86     39.97265289
      87     40.91483822
      88     41.86791096
      89     42.83187075
      90     43.80671829
      91     44.79245319
      92     45.78907615
      93     46.79658675
      94     47.81498570
      95     48.84427253
      96     49.88444799
      97     50.93551157
      98     51.99746402
      99     53.07030479
     100     54.15403467
     101     55.24865307
     102     56.35416079
     103     57.47055720
     104     58.59784313
     105     59.73601792
     106     60.88508241
     107     62.04503590
     108     63.21587927
     109     64.39761178
     110     65.59023433
     111     66.79374613
     112     68.00814813
     113     69.23343950
     114     70.46962120
     115     71.71669238
     116     72.97465402
     117     74.24350523
     118     75.52324703
     119     76.81387849
     120     78.11540065
     121     79.42781255
     122     80.75111526
     123     82.08530777
     124     83.43039121
     125     84.78636452
     126     86.15322885
     127     87.53098310
     128     88.91962848
     129     90.31916382
     130     91.72959038
     131     93.15090697
     132     94.58311485
     133     96.02621279
     134     97.48020211
     135     98.94508154
     136    100.42085243
     137    101.90751345
     138    103.40506601
     139    104.91350874
     140    106.43284308
     141    107.96306760
     142    109.50418382
     143    111.05619024
     144    112.61908842
     145    114.19287683
     146    115.77755706
     147    117.37312755
     148    118.97958992
     149    120.59694255
     150    122.22518713
     151    123.86432199
     152    125.51434886
     153    127.17526602
     154    128.84707525
     155    130.52977477
     156    132.22336644
     157    133.92784839
     158    135.64322254
     159    137.36948699
     160    139.10664370
     161    140.85469070
     162    142.61363002
     163    144.38345963
     164    146.16418162
     165    147.95579390
     166    149.75829861
     167    151.57169361
     168    153.39598110
     169    155.23115887
     170    157.07722919
     171    158.93418977
     172    160.80204297
     173    162.68078642
     174    164.57042255
     175    166.47094891
     176    168.38236801
     177    170.30467734
     178    172.23787945
     179    174.18197178
     180    176.13695696
     181    178.10283233
     182    180.07960061
     183    182.06725908
     184    184.06581051
     185    186.07525210
     186    188.09558672
     187    190.12681149
     188    192.16892933
     189    194.22193731
     190    196.28583843
     191    198.36062965
     192    200.44631408
     193    202.54288859
     194    204.65035637
     195    206.76871421
     196    208.89796537
     197    211.03810657
     198    213.18914116
     199    215.35106576
     200    217.52388382
     201    219.70759186
     202    221.90219341
     203    224.10768493
     204    226.32407002
     205    228.55134505
     206    230.78951372
     207    233.03857229
     208    235.29852457
     209    237.56936672
     210    239.85110266
     211    242.14372843
     212    244.44724805
     213    246.76165748
     214    249.08696083
     215    251.42315393
     216    253.77024105
     217    256.12821788
     218    258.49708879
     219    260.87684938
     220    263.26750413
     221    265.66904851
     222    268.08148713
     223    270.50481535
     224    272.93903787
     225    275.38414996
     226    277.84015643
     227    280.30705241
     228    282.78484286
     229    285.27352279
     230    287.77309726
     231    290.28356115
     232    292.80491968
     233    295.33716758
     234    297.88031020
     235    300.43434215
     236    302.99926890
     237    305.57508493
     238    308.16179585
     239    310.75939600
     240    313.36789112
     241    315.98727542
     242    318.61755479
     243    321.25872327
     244    323.91078693
     245    326.57373964
     246    329.24758761
     247    331.93232458
     248    334.62795691
     249    337.33447818
     250    340.05189491
     251    342.78020051
     252    345.51940168
     253    348.26949165
     254    351.03047729
     255    353.80235167
     256    356.58512183
     257    359.37878066
     258    362.18333537
     259    364.99877868
     260    367.82511798
     261    370.66234581
     262    373.51046975
     263    376.36948213
     264    379.23939075
     265    382.12018773
     266    385.01188106
     267    387.91446267
     268    390.82794075
     269    393.75230703
     270    396.68756991
     271    399.63372090
     272    402.59076862
     273    405.55870436
     274    408.53753695
     275    411.52725747
     276    414.52787498
     277    417.53938033
     278    420.56178280
     279    423.59507300
     280    426.63926048
     281    429.69433558
     282    432.76030810
     283    435.83716814
     284    438.92492575
     285    442.02357077
     286    445.13311350
     287    448.25354354
     288    451.38487144
     289    454.52708653
     290    457.68019964
     291    460.84419982
     292    464.01909820
     293    467.20488351
     294    470.40156718
     295    473.60913766
     296    476.82760667
     297    480.05696236
     298    483.29721676
     299    486.54835769
     300    489.81039751
     301    493.08332373
     302    496.36714903
     303    499.66186057
     304    502.96747138
     305    506.28396828
     306    509.61136465
     307    512.94964695
     308    516.29882892
     309    519.65889666
     310    523.02986427
     311    526.41171748
     312    529.80447078
     313    533.20810951
     314    536.62264853
     315    540.04807281
     316    543.48439761
     317    546.93160748
     318    550.38971809
     319    553.85871358
     320    557.33861005
     321    560.82939120
     322    564.33107358
     323    567.84364042
     324    571.36710874
     325    574.90146131
     326    578.44671563
     327    582.00285396
     328    585.56989431
     329    589.14781844
     330    592.73664486
     331    596.33635482
     332    599.94696736
     333    603.56846319
     334    607.20086188
     335    610.84414361
     336    614.49832850
     337    618.16339615
     338    621.83936729
     339    625.52622090
     340    629.22397831
     341    632.93261791
     342    636.65216165
     343    640.38258727
     344    644.12391737
     345    647.87612903
     346    651.63924553
     347    655.41324326
     348    659.19814620
     349    662.99393002
     350    666.80061944
     351    670.61818938
     352    674.44666532
     353    678.28602140
     354    682.13628389
     355    685.99742614
     356    689.86947521
     357    693.75240364
     358    697.64623933
     359    701.55095396
     360    705.46657631
     361    709.39307715
     362    713.33048619
     363    717.27877326
     364    721.23796901
     365    725.20804232
     366    729.18902483
     367    733.18088439
     368    737.18365367
     369    741.19729949
     370    745.22185558
     371    749.25728765
     372    753.30363057
     373    757.36084890
     374    761.42897868
     375    765.50798326
     376    769.59789992
     377    773.69869075
     378    777.81039432
     379    781.93297139
     380    786.06646187
     381    790.21082516
     382    794.36610258
     383    798.53225209
     384    802.70931646
     385    806.89725214
     386    811.09610348
     387    815.30582532
     388    819.52646363
     389    823.75797160
     390    828.00039689
     391    832.25369095
     392    836.51790321
     393    840.79298332
     394    845.07898256
     395    849.37584866
     396    853.68363489
     397    858.00228692
     398    862.33186012
     399    866.67229803
     400    871.02365819
     401    875.38588189
     402    879.75902900
     403    884.14303842
     404    888.53797245
     405    892.94376751
     406    897.36048844
     407    901.78806902
     408    906.22657682
     409    910.67594282
     410    915.13623746
     411    919.60738874
     412    924.08947018
     413    928.58240662
     414    933.08627481
     415    937.60099625
     416    942.12665114
     417    946.66315742
     418    951.21059895
     419    955.76888988
     420    960.33811798
     421    964.91819336
     422    969.50920795
     423    974.11106757
     424    978.72386858
     425    983.34751219
     426    987.98209951
     427    992.62752685
     428    997.28390039
     429   1001.95111116
     430   1006.62927080
     431   1011.31826470
     432   1016.01821032
     433   1020.72898698
     434   1025.45071844
     435   1030.18327750
     436   1034.92679466
     437   1039.68113567
     438   1044.44643836
     439   1049.22256089
     440   1054.00964895
     441   1058.80755247
     442   1063.61642568
     443   1068.43610966
     444   1073.26676785
     445   1078.10823164
     446   1082.96067453
     447   1087.82391752
     448   1092.69814492
     449   1097.58316631
     450   1102.47917785
     451   1107.38597695
     452   1112.30377241
     453   1117.23234822
     454   1122.17192710
     455   1127.12227889
     456   1132.08364092
     457   1137.05576746
     458   1142.03891186
     459   1147.03281248
     460   1152.03773890
     461   1157.05341214
     462   1162.08011926
     463   1167.11756474
     464   1172.16605195
     465   1177.22526813
     466   1182.29553299
     467   1187.37652040
     468   1192.46856155
     469   1197.57131904
     470   1202.68513162
     471   1207.80966210
     472   1212.94524275
     473   1218.09154685
     474   1223.24888540
     475   1228.41697178
     476   1233.59605966
     477   1238.78593445
     478   1243.98674973
     479   1249.19843485
     480   1254.42095616
     481   1259.65447232
     482   1264.89865211
     483   1270.15405049
     484   1275.41983751
     485   1280.69717360
     486   1285.98446727
     487   1291.28385189
     488   1296.59253799
     489   1301.91409870
     490   1307.24398131
     491   1312.58792796
     492   1317.93879051
     493   1323.30535391
     494   1328.67690357
     495   1334.06634496
     496   1339.45835253
     497   1344.87081690
     498   1350.28328902
     499   1355.71843457
     500   1361.15201707
     501   1366.60858989
     502   1372.06558738
     503   1377.54003761
     504   1383.02477796
     505   1388.51145201
     506   1394.03120446
     507   1399.52315964
     508   1405.08108017
     509   1410.58096505
     510   1416.15767874
     511   1421.72001488
     512   1427.27691043
 ---------------------------------------
 
SCF converged! Final Ground-State Energy (Eh):              -4.8598025599098165
