 
     Two-Electron DVR    
 ------------------------
 x0     =      15.00000000
 m      =       1.00000000
 Z      =       2.00000000
 n      =              512
 dx     =       0.05870841
 
Soft-Coulomb Parameters:
 alpha  =       0.10000000
 beta   =       1.00000000
 
 
                       Hartree-Fock                      
 --------------------------------------------------------
 no. of orbitals        =              512
 no. of electrons       =                2
 scf_damping_switch     =        F
 scf_diis_switch        =        F
 damping_factor         =   0.00000000
 e_tolerance            = 0.0000000000100000
 maximum scf-iterations =              200
 
 
                       SCF iterations                      
 ----------------------------------------------------------
    S.No    Energy (hartree)        dE (hartree)
 ----------------------------------------------------------
       0     -7.800794490592
       1     -6.909601000093      0.891193490499
       2     -6.911538308036      0.001937307943
       3     -6.911581443612      0.000043135576
       4     -6.911582424208      0.000000980596
       5     -6.911582446728      0.000000022521
       6     -6.911582447248      0.000000000520
       7     -6.911582447260      0.000000000012
       8     -6.911582447260      0.000000000000
 ----------------------------------------------------------
  
 
 
 ---------------------------------------
     Molecular Orbital Energies (Eh)    
 ---------------------------------------
       1     -3.01222650
       2     -0.07336774
       3      0.01847699
       4      0.03309970
       5      0.08232830
       6      0.12391021
       7      0.19373199
       8      0.26360720
       9      0.35235527
      10      0.44975895
      11      0.55765902
      12      0.68145244
      13      0.80911331
      14      0.95817910
      15      1.10623809
      16      1.27959483
      17      1.44861591
      18      1.64544897
      19      1.83589477
      20      2.05555456
      21      2.26778516
      22      2.50977105
      23      2.74405380
      24      3.00799245
      25      3.26451571
      26      3.55013831
      27      3.82902611
      28      4.13614703
      29      4.43747278
      30      4.76597084
      31      5.08976943
      32      5.43957216
      33      5.78584999
      34      6.15692089
      35      6.52566415
      36      6.91799259
      37      7.30917360
      38      7.72276703
      39      8.13634927
      40      8.57122727
      41      9.00716905
      42      9.46335895
      43      9.92161614
      44     10.39914972
      45     10.87967774
      46     11.37858892
      47     11.88134408
      48     12.40166727
      49     12.92660764
      50     13.46837663
      51     14.01546267
      52     14.57870984
      53     15.14790469
      54     15.73266059
      55     16.32393023
      56     16.93022327
      57     17.54353655
      58     18.17139293
      59     18.80672151
      60     19.45616516
      61     20.11348338
      62     20.78453606
      63     21.46382077
      64     22.15650214
      65     22.85773256
      66     23.57206029
      67     24.29521782
      68     25.03120775
      69     25.77627576
      70     26.53394205
      71     27.30090574
      72     28.08026101
      73     28.86910720
      74     29.67016266
      75     30.48087965
      76     31.30364525
      77     32.13622266
      78     32.98070722
      79     33.83513587
      80     34.70134718
      81     35.57761895
      82     36.46556389
      83     37.36367159
      84     38.27335624
      85     39.19329353
      86     40.12472323
      87     41.06648453
      88     42.01966399
      89     42.98324435
      90     43.95817772
      91     44.94357279
      92     45.94026371
      93     46.94746967
      94     47.96592133
      95     48.99493481
      96     50.03515001
      97     51.08596805
      98     52.14794926
      99     53.22056925
     100     54.30431862
     101     55.39873826
     102     56.50425769
     103     57.62047496
     104     58.74776610
     105     59.88577924
     106     61.03484353
     107     62.19465098
     108     63.36548970
     109     64.54709009
     110     65.73970434
     111     66.94309647
     112     68.15748723
     113     69.38267005
     114     70.61883816
     115     71.86581074
     116     73.12375695
     117     74.39251848
     118     75.67224343
     119     76.96279320
     120     78.26429746
     121     79.57663485
     122     80.89991892
     123     82.23404337
     124     83.57910768
     125     84.93501872
     126     86.30186365
     127     87.67956086
     128     89.06818674
     129     90.46766975
     130     91.87807687
     131     93.29934537
     132     94.73153398
     133     96.17458767
     134     97.62855800
     135     99.09339665
     136    100.56914889
     137    102.05577228
     138    103.55330660
     139    105.06171454
     140    106.58103110
     141    108.11122343
     142    109.65232236
     143    111.20429894
     144    112.76718036
     145    114.34094107
     146    115.92560507
     147    117.52114980
     148    119.12759649
     149    120.74492515
     150    122.37315460
     151    124.01226711
     152    125.66227940
     153    127.32317570
     154    128.99497089
     155    130.67765093
     156    132.37122908
     157    134.07569280
     158    135.79105397
     159    137.51730133
     160    139.25444557
     161    141.00247654
     162    142.76140389
     163    144.53121844
     164    146.31192895
     165    148.10352706
     166    149.90602076
     167    151.71940242
     168    153.54367935
     169    155.37884455
     170    157.22490474
     171    159.08185347
     172    160.94969695
     173    162.82842920
     174    164.71805602
     175    166.61857179
     176    168.52998196
     177    170.45228126
     178    172.38547482
     179    174.32955764
     180    176.28453462
     181    178.25040098
     182    180.22716140
     183    182.21481130
     184    184.21335519
     185    186.22278864
     186    188.24311603
     187    190.27433305
     188    192.31644396
     189    194.36944456
     190    196.43333902
     191    198.50812322
     192    200.59380126
     193    202.69036907
     194    204.79783071
     195    206.91618215
     196    209.04542742
     197    211.18556250
     198    213.33659143
     199    215.49851019
     200    217.67132280
     201    219.85502524
     202    222.04962156
     203    224.25510772
     204    226.47148778
     205    228.69875767
     206    230.93692150
     207    233.18597514
     208    235.44592276
     209    237.71676019
     210    239.99849163
     211    242.29111286
     212    244.59462816
     213    246.90903322
     214    249.23433240
     215    251.57052131
     216    253.91760440
     217    256.27557719
     218    258.64444422
     219    261.02420093
     220    263.41485193
     221    265.81639257
     222    268.22882757
     223    270.65215218
     224    273.08637121
     225    275.53147981
     226    277.98748290
     227    280.45437553
     228    282.93216272
     229    285.42083939
     230    287.92041071
     231    290.43087146
     232    292.95222694
     233    295.48447181
     234    298.02761147
     235    300.58164049
     236    303.14656438
     237    305.72237757
     238    308.30908571
     239    310.90668311
     240    313.51517555
     241    316.13455718
     242    318.76483394
     243    321.40599985
     244    324.05806097
     245    326.72101118
     246    329.39485670
     247    332.07959124
     248    334.77522120
     249    337.48174011
     250    340.19915453
     251    342.92745784
     252    345.66665676
     253    348.41674452
     254    351.17772798
     255    353.94960020
     256    356.73236824
     257    359.52602497
     258    362.33057761
     259    365.14601888
     260    367.97235618
     261    370.80958203
     262    373.65770401
     263    376.51671447
     264    379.38662118
     265    382.26741629
     266    385.15910776
     267    388.06168755
     268    390.97516382
     269    393.89952833
     270    396.83478944
     271    399.78093870
     272    402.73798470
     273    405.70591875
     274    408.68474967
     275    411.67446855
     276    414.67508442
     277    417.68658817
     278    420.70898904
     279    423.74227769
     280    426.78646360
     281    429.84153719
     282    432.90750817
     283    435.98436674
     284    439.07212285
     285    442.17076643
     286    445.28030769
     287    448.40073633
     288    451.53206280
     289    454.67427653
     290    457.82738823
     291    460.99138709
     292    464.16628407
     293    467.35206810
     294    470.54875040
     295    473.75631964
     296    476.97478731
     297    480.20414179
     298    483.44439486
     299    486.69553462
     300    489.95757314
     301    493.23049822
     302    496.51432222
     303    499.80903267
     304    503.11464220
     305    506.43113805
     306    509.75853314
     307    513.09681443
     308    516.44599514
     309    519.80606190
     310    523.17702825
     311    526.55888054
     312    529.95163258
     313    533.35527042
     314    536.76980818
     315    540.19523163
     316    543.63155516
     317    547.07876424
     318    550.53687358
     319    554.00586834
     320    557.48576352
     321    560.97654399
     322    564.47822505
     323    567.99079129
     324    571.51425827
     325    575.04861030
     326    578.59386323
     327    582.15000111
     328    585.71704002
     329    589.29496379
     330    592.88378871
     331    596.48349841
     332    600.09410939
     333    603.71560506
     334    607.34800210
     335    610.99128380
     336    614.64546695
     337    618.31053471
     338    621.98650398
     339    625.67335785
     340    629.37111328
     341    633.07975331
     342    636.79929489
     343    640.52972115
     344    644.27104893
     345    648.02326144
     346    651.78637539
     347    655.56037424
     348    659.34527440
     349    663.14105963
     350    666.94774596
     351    670.76531766
     352    674.59379020
     353    678.43314839
     354    682.28340708
     355    686.14455190
     356    690.01659676
     357    693.89952823
     358    697.79335918
     359    701.69807744
     360    705.61369449
     361    709.54019959
     362    713.47760263
     363    717.42589472
     364    721.38508375
     365    725.35516289
     366    729.33613774
     367    733.32800415
     368    737.33076480
     369    741.34441854
     370    745.36896477
     371    749.40440610
     372    753.45073786
     373    757.50796686
     374    761.57608386
     375    765.65510088
     376    769.74500303
     377    773.84580816
     378    777.95749508
     379    782.08008877
     380    786.21356031
     381    790.35794270
     382    794.51319837
     383    798.67937000
     384    802.85640957
     385    807.04437067
     386    811.24319349
     387    815.45294475
     388    819.67355051
     389    823.90509224
     390    828.14748006
     391    832.40081317
     392    836.66498262
     393    840.94010753
     394    845.22605747
     395    849.52297536
     396    853.83070517
     397    858.14941664
     398    862.47892483
     399    866.81943140
     400    871.17071711
     401    875.53301963
     402    879.90608091
     403    884.29018137
     404    888.68501704
     405    893.09091658
     406    897.50752409
     407    901.93522536
     408    906.37360308
     409    910.82310764
     410    915.28325222
     411    919.75456355
     412    924.23647277
     413    928.72959304
     414    933.23326249
     415    937.74819627
     416    942.27362293
     417    946.81037321
     418    951.35755126
     419    955.91612407
     420    960.48504943
     421    965.06544886
     422    969.65611383
     423    974.25834789
     424    978.87074693
     425    983.49482121
     426    988.12894413
     427    992.77486926
     428    997.43070855
     429   1002.09849216
     430   1006.77603430
     431   1011.46569056
     432   1016.16492536
     433   1020.87646467
     434   1025.59737416
     435   1030.33081544
     436   1035.07338578
     437   1039.82874323
     438   1044.59295046
     439   1049.37024937
     440   1054.15607472
     441   1058.95533448
     442   1063.76274587
     443   1068.58400043
     444   1073.41297240
     445   1078.25624821
     446   1083.10673765
     447   1087.97208044
     448   1092.84405274
     449   1097.73149862
     450   1102.62489571
     451   1107.53450648
     452   1112.44928118
     453   1117.38110625
     454   1122.31718000
     455   1127.27130318
     456   1132.22861160
     457   1137.20510061
     458   1142.18353686
     459   1147.18250594
     460   1152.18198193
     461   1157.20352405
     462   1162.22389374
     463   1167.26816550
     464   1172.30930796
     465   1177.37643739
     466   1182.43815172
     467   1187.52835480
     468   1192.61047438
     469   1197.72392810
     470   1202.82617450
     471   1207.96317898
     472   1213.08532160
     473   1218.24612263
     474   1223.38777220
     475   1228.57279053
     476   1233.73362617
     477   1238.94320502
     478   1244.12267686
     479   1249.35741233
     480   1254.55507131
     481   1259.81544547
     482   1265.03050545
     483   1270.31737311
     484   1275.54920254
     485   1280.86324410
     486   1286.11070428
     487   1291.45316105
     488   1296.71536373
     489   1302.08719505
     490   1307.36247141
     491   1312.76549790
     492   1318.05261832
     493   1323.48816553
     494   1328.78467400
     495   1334.25541068
     496   1339.55971028
     497   1345.06733111
     498   1350.37586305
     499   1355.92417616
     500   1361.23529432
     501   1366.82592476
     502   1372.13473994
     503   1377.77270119
     504   1383.07917992
     505   1388.76393359
     506   1394.06195305
     507   1399.79896170
     508   1405.09741046
     509   1410.87456145
     510   1416.16571673
     511   1421.97906572
     512   1427.40344291
 ---------------------------------------
 
SCF converged! Final Ground-State Energy (Eh):              -6.9115824472601464
