 
     Two-Electron DVR    
 ------------------------
 x0     =      15.00000000
 m      =       1.00000000
 Z      =       2.00000000
 n      =               32
 dx     =       0.96774194
 
Soft-Coulomb Parameters:
 alpha  =       0.01000000
 beta   =       0.01000000
 
 
                       Hartree-Fock                      
 --------------------------------------------------------
 no. of orbitals        =               32
 no. of electrons       =                2
 scf_damping_switch     =        T
 scf_diis_switch        =        F
 damping_factor         =   0.80000000
 e_tolerance            = 0.0000000000100000
 maximum scf-iterations =              200
 
 
                       SCF iterations                      
 ----------------------------------------------------------
    S.No    Energy (hartree)        dE (hartree)
 ----------------------------------------------------------
       0     -7.058602901236
       1     -1.948949382992      5.109653518243
       2     -2.359844036180      0.410894653188
       3     -2.480577967706      0.120733931526
       4     -2.572499475714      0.091921508008
       5     -2.643529657017      0.071030181303
       6     -2.699700996255      0.056171339238
       7     -2.744716957532      0.045015961277
       8     -2.781047550606      0.036330593073
       9     -2.810455306062      0.029407755456
      10     -2.834273756352      0.023818450291
      11     -2.853553417927      0.019279661575
      12     -2.869141099872      0.015587681944
      13     -2.881726928355      0.012585828483
      14     -2.891875515113      0.010148586758
      15     -2.900048828040      0.008173312927
      16     -2.906624207082      0.006575379043
      17     -2.911909123331      0.005284916249
      18     -2.916153475638      0.004244352306
      19     -2.919559878527      0.003406402889
      20     -2.922292252224      0.002732373697
      21     -2.924482962283      0.002190710059
      22     -2.926238722448      0.001755760165
      23     -2.927645449993      0.001406727544
      24     -2.928772241018      0.001126791026
      25     -2.929674612232      0.000902371214
      26     -2.930397135605      0.000722523373
      27     -2.930975573588      0.000578437983
      28     -2.931438605509      0.000463031921
      29     -2.931809220759      0.000370615249
      30     -2.932105841299      0.000296620540
      31     -2.932343224925      0.000237383626
      32     -2.932533191338      0.000189966413
      33     -2.932685205285      0.000152013948
      34     -2.932806844583      0.000121639297
      35     -2.932904175523      0.000097330940
      36     -2.932982053867      0.000077878344
      37     -2.933044366067      0.000062312200
      38     -2.933094222541      0.000049856474
      39     -2.933134112478      0.000039889937
      40     -2.933166027819      0.000031915341
      41     -2.933191562523      0.000025534703
      42     -2.933211992037      0.000020429514
      43     -2.933228336916      0.000016344879
      44     -2.933241413742      0.000013076826
      45     -2.933251875878      0.000010462136
      46     -2.933260246082      0.000008370204
      47     -2.933266942611      0.000006696528
      48     -2.933272300104      0.000005357493
      49     -2.933276586299      0.000004286195
      50     -2.933280015405      0.000003429106
      51     -2.933282758801      0.000002743396
      52     -2.933284953602      0.000002194801
      53     -2.933286709506      0.000001755904
      54     -2.933288114276      0.000001404770
      55     -2.933289238128      0.000001123852
      56     -2.933290137236      0.000000899108
      57     -2.933290856543      0.000000719307
      58     -2.933291432005      0.000000575461
      59     -2.933291892385      0.000000460381
      60     -2.933292260699      0.000000368314
      61     -2.933292555357      0.000000294658
      62     -2.933292791088      0.000000235731
      63     -2.933292979677      0.000000188589
      64     -2.933293130551      0.000000150874
      65     -2.933293251253      0.000000120702
      66     -2.933293347816      0.000000096563
      67     -2.933293425068      0.000000077252
      68     -2.933293486870      0.000000061802
      69     -2.933293536313      0.000000049443
      70     -2.933293575868      0.000000039555
      71     -2.933293607512      0.000000031644
      72     -2.933293632828      0.000000025316
      73     -2.933293653081      0.000000020253
      74     -2.933293669283      0.000000016203
      75     -2.933293682245      0.000000012962
      76     -2.933293692615      0.000000010370
      77     -2.933293700911      0.000000008296
      78     -2.933293707548      0.000000006637
      79     -2.933293712858      0.000000005310
      80     -2.933293717105      0.000000004248
      81     -2.933293720503      0.000000003398
      82     -2.933293723222      0.000000002719
      83     -2.933293725397      0.000000002175
      84     -2.933293727137      0.000000001740
      85     -2.933293728529      0.000000001392
      86     -2.933293729642      0.000000001114
      87     -2.933293730533      0.000000000891
      88     -2.933293731246      0.000000000713
      89     -2.933293731816      0.000000000570
      90     -2.933293732272      0.000000000456
      91     -2.933293732637      0.000000000365
      92     -2.933293732929      0.000000000292
      93     -2.933293733162      0.000000000234
      94     -2.933293733349      0.000000000187
      95     -2.933293733499      0.000000000149
      96     -2.933293733618      0.000000000120
      97     -2.933293733714      0.000000000096
      98     -2.933293733790      0.000000000077
      99     -2.933293733852      0.000000000061
     100     -2.933293733901      0.000000000049
     101     -2.933293733940      0.000000000039
     102     -2.933293733971      0.000000000031
     103     -2.933293733996      0.000000000025
     104     -2.933293734016      0.000000000020
     105     -2.933293734032      0.000000000016
     106     -2.933293734045      0.000000000013
     107     -2.933293734056      0.000000000010
     108     -2.933293734064      0.000000000008
 ----------------------------------------------------------
  
 
 
 ---------------------------------------
     Molecular Orbital Energies (Eh)    
 ---------------------------------------
       1     -0.12381785
       2      0.05237761
       3      0.05483680
       4      0.15272683
       5      0.16033381
       6      0.28752388
       7      0.30273925
       8      0.45486726
       9      0.48144799
      10      0.65370073
      11      0.69716896
      12      0.88296232
      13      0.95054508
      14      1.14196649
      15      1.24212419
      16      1.43220249
      17      1.57254864
      18      1.75629588
      19      1.94190371
      20      2.11989817
      21      2.34938236
      22      2.52612875
      23      2.79401767
      24      2.97688720
      25      3.27451927
      26      3.47258308
      27      3.78673597
      28      4.01461407
      29      4.32223154
      30      4.62310342
      31      4.82214577
      32      5.41829442
 ---------------------------------------
 
SCF converged! Final Ground-State Energy (Eh):              -2.9332937340637253
