 
     Two-Electron DVR    
 ------------------------
 x0     =      15.00000000
 m      =       1.00000000
 Z      =       3.00000000
 n      =              512
 dx     =       0.05870841
 
Soft-Coulomb Parameters:
 alpha  =       0.01000000
 beta   =       1.00000000
 
 
                       Hartree-Fock                      
 --------------------------------------------------------
 no. of orbitals        =              512
 no. of electrons       =                2
 scf_damping_switch     =        F
 scf_diis_switch        =        F
 damping_factor         =   0.00000000
 e_tolerance            = 0.0000000000100000
 maximum scf-iterations =              200
 
 
                       SCF iterations                      
 ----------------------------------------------------------
    S.No    Energy (hartree)        dE (hartree)
 ----------------------------------------------------------
       0    -31.412022573381
       1    -30.443095784140      0.968926789240
       2    -30.443161574304      0.000065790164
       3    -30.443161741957      0.000000167652
       4    -30.443161742400      0.000000000443
       5    -30.443161742401      0.000000000001
 ----------------------------------------------------------
  
 
 
 ---------------------------------------
     Molecular Orbital Energies (Eh)    
 ---------------------------------------
       1    -14.73718366
       2     -2.01085508
       3     -0.62291830
       4     -0.22697292
       5     -0.13292587
       6     -0.07263480
       7     -0.03138234
       8      0.03370162
       9      0.09722704
      10      0.19220965
      11      0.27888092
      12      0.40154001
      13      0.51021233
      14      0.65940372
      15      0.78940324
      16      0.96453892
      17      1.11541507
      18      1.31612584
      19      1.48759409
      20      1.71358401
      21      1.90549598
      22      2.15648375
      23      2.36879887
      24      2.64449857
      25      2.87725707
      26      3.17737578
      27      3.43067505
      28      3.75491680
      29      4.02889212
      30      4.37696347
      31      4.67177287
      32      5.04338827
      33      5.35920115
      34      5.75408719
      35      6.09107589
      36      6.50897443
      37      6.86730833
      38      7.30797855
      39      7.68781991
      40      8.15103946
      41      8.55254076
      42      9.03810617
      43      9.46140846
      44      9.96913511
      45     10.41436713
      46     10.94408872
      47     11.41136663
      48     11.96293440
      49     12.45236188
      50     13.02564368
      51     13.53731232
      52     14.13219157
      53     14.66618143
      54     15.28255598
      55     15.83893630
      56     16.47671727
      57     17.05554722
      58     17.71465793
      59     18.31598741
      60     18.99636228
      61     19.62023267
      62     20.32181617
      63     20.96826116
      64     21.69100684
      65     22.36005313
      66     23.10392269
      67     23.79559072
      68     24.56055319
      69     25.27485778
      70     26.06088870
      71     26.79783969
      72     27.60492042
      73     28.36452320
      74     29.19264025
      75     29.97489633
      76     30.82404076
      77     31.62894821
      78     32.49911506
      79     33.32666898
      80     34.21785682
      81     35.06804968
      82     35.98026013
      83     36.85308220
      84     37.78631957
      85     38.68175917
      86     39.63603004
      87     40.55407389
      88     41.52938684
      89     42.47002025
      90     43.46638553
      91     44.42959273
      92     45.44702205
      93     46.43278628
      94     47.47129252
      95     48.47959630
      96     49.53919337
      97     50.57001863
      98     51.65072120
      99     52.70404944
     100     53.80587290
     101     54.88168527
     102     56.00464545
     103     57.10292296
     104     58.24703611
     105     59.36775961
     106     60.53304223
     107     61.67619260
     108     62.86266137
     109     64.02821951
     110     65.23589118
     111     66.42383815
     112     67.65272951
     113     68.86304652
     114     70.11317426
     115     71.34584277
     116     72.61722352
     117     73.87222525
     118     75.16487541
     119     76.44219241
     120     77.75612825
     121     79.05574287
     122     80.39098034
     123     81.71287533
     124     83.06943020
     125     84.41358863
     126     85.79147628
     127     87.15788170
     128     88.55711728
     129     89.94575356
     130     91.36635182
     131     92.77720331
     132     94.21917871
     133     95.65223014
     134     97.11559671
     135     98.57083330
     136    100.05560478
     137    101.53301211
     138    103.03920178
     139    104.53876593
     140    106.06638679
     141    107.58809420
     142    109.13715878
     143    110.68099639
     144    112.25151693
     145    113.81747203
     146    115.40946030
     147    116.99752067
     148    118.61098817
     149    120.22114193
     150    121.85609967
     151    123.48833544
     152    125.14479417
     153    126.79910086
     154    128.47707087
     155    130.15343790
     156    131.85292923
     157    133.55134629
     158    135.27236849
     159    136.99282577
     160    138.73538820
     161    140.47787612
     162    142.24198765
     163    144.00649714
     164    145.79216645
     165    147.57868863
     166    149.38592394
     167    151.19445045
     168    153.02325980
     169    154.85378243
     170    156.70417340
     171    158.55668445
     172    160.42866447
     173    162.30315638
     174    164.19673242
     175    166.09319811
     176    168.00837705
     177    169.92680957
     178    171.86359779
     179    173.80399065
     180    175.76239449
     181    177.72474130
     182    179.70476659
     183    181.68906145
     184    183.69071399
     185    185.69695105
     186    187.72023617
     187    189.74841006
     188    191.79333307
     189    193.84343843
     190    195.91000418
     191    197.98203616
     192    200.07024948
     193    202.16420320
     194    204.27406846
     195    206.38993955
     196    208.52146117
     197    210.65924521
     198    212.81242710
     199    214.97212017
     200    217.14696633
     201    219.32856443
     202    221.52507835
     203    223.72857801
     204    225.94676330
     205    228.17216091
     206    230.41202066
     207    232.65931317
     208    234.92085061
     209    237.19003479
     210    239.47325262
     211    241.76432582
     212    244.06922691
     213    246.38218628
     214    248.70877295
     215    251.04361621
     216    253.39189101
     217    255.74861565
     218    258.11858054
     219    260.49718465
     220    262.88884183
     221    265.28932325
     222    267.70267434
     223    270.12503150
     224    272.56007840
     225    275.00430946
     226    277.46105343
     227    279.92715719
     228    282.40559984
     229    284.89357474
     230    287.39371699
     231    289.90356219
     232    292.42540535
     233    294.95711960
     234    297.50066426
     235    300.05424705
     236    302.61949423
     237    305.19494460
     238    307.78189456
     239    310.37921234
     240    312.98786582
     241    315.60705035
     242    318.23740727
     243    320.87845871
     244    323.53051953
     245    326.19343751
     246    328.86720181
     247    331.55198684
     248    334.24745481
     249    336.95410680
     250    339.67127766
     251    342.39979748
     252    345.13867114
     253    347.88905898
     254    350.64963433
     255    353.42189142
     256    356.20416806
     257    358.99829488
     258    361.80227134
     259    364.61826950
     260    367.44394509
     261    370.28181538
     262    373.12918825
     263    375.98893265
     264    378.85800180
     265    381.73962142
     266    384.63038460
     267    387.53388183
     268    390.44633775
     269    393.37171399
     270    396.30585997
     271    399.25311807
     272    402.20895248
     273    405.17809417
     274    408.15561389
     275    411.14664247
     276    414.14584553
     277    417.15876309
     278    420.17964590
     279    423.21445621
     280    426.25701643
     281    429.31372197
     282    432.37795549
     283    435.45656055
     284    438.54246465
     285    441.64297209
     286    444.75054214
     287    447.87295680
     288    451.00218965
     289    454.14651484
     290    457.29740525
     291    460.46364641
     292    463.63619080
     293    466.82435168
     294    470.01854418
     295    473.22863088
     296    476.44446743
     297    479.67648419
     298    482.91395822
     299    486.16791186
     300    489.42701877
     301    492.70291406
     302    495.98364656
     303    499.28149106
     304    502.58384399
     305    505.90364308
     306    509.22760829
     307    512.56937038
     308    515.91494212
     309    519.27867318
     310    522.64584241
     311    526.03155179
     312    529.42031207
     313    532.82800644
     314    536.23834776
     315    539.66803747
     316    543.09995263
     317    546.55164510
     318    550.00512303
     319    553.47882971
     320    556.95386241
     321    560.44959155
     322    563.94616674
     323    567.46393101
     324    570.98203983
     325    574.52184838
     326    578.06147723
     327    581.62334407
     328    585.18448311
     329    588.76841838
     330    592.35105259
     331    595.95707179
     332    599.56119024
     333    603.18930460
     334    606.81489067
     335    610.46511732
     336    614.11215892
     337    617.78451030
     338    621.45298904
     339    625.14748408
     340    628.83738657
     341    632.55403904
     342    636.26534495
     343    640.00417577
     344    643.73687027
     345    647.49789469
     346    651.25195528
     347    655.03519644
     348    658.81060671
     349    662.61608146
     350    666.41281651
     351    670.24055048
     352    674.05859213
     353    677.90860396
     354    681.74792467
     355    685.62024269
     356    689.48082233
     357    693.37546719
     358    697.25727525
     359    701.17427833
     360    705.07729253
     361    709.01667667
     362    712.94086319
     363    716.90266316
     364    720.84799734
     365    724.83223842
     366    728.79868276
     367    732.80540350
     368    736.79293069
     369    740.82215908
     370    744.83072750
     371    748.88250631
     372    752.91208570
     373    756.98644594
     374    761.03699009
     375    765.13397924
     376    769.20545462
     377    773.32510705
     378    777.41746230
     379    781.55983077
     380    785.67302871
     381    789.83815132
     382    793.97213481
     383    798.16007027
     384    802.31479806
     385    806.52558861
     386    810.70099709
     387    814.93470812
     388    819.13075151
     389    823.38742988
     390    827.60403725
     391    831.88375587
     392    836.12087640
     393    840.42368730
     394    844.68124182
     395    849.00722639
     396    853.28515842
     397    857.63437448
     398    861.93259553
     399    866.30513405
     400    870.62358134
     401    875.01950662
     402    879.35808109
     403    883.77749495
     404    888.13612676
     405    892.57910076
     406    896.95767885
     407    901.42432717
     408    905.82277376
     409    910.31317607
     410    914.73136648
     411    919.24565104
     412    923.68349857
     413    928.22175420
     414    932.67911855
     415    937.24148958
     416    941.71827404
     417    946.30485960
     418    950.80090601
     419    955.41186886
     420    959.92706922
     421    964.56252008
     422    969.09669568
     423    973.75681856
     424    978.30984865
     425    982.99476735
     426    987.56644950
     427    992.27637257
     428    996.86657163
     429   1001.60163771
     430   1006.21012372
     431   1010.97056984
     432   1015.59719134
     433   1020.38317294
     434   1025.02766789
     435   1029.83945526
     436   1034.50165369
     437   1039.33942137
     438   1044.01902365
     439   1048.88308093
     440   1053.57989603
     441   1058.47043924
     442   1063.18412317
     443   1068.10150769
     444   1072.83184542
     445   1077.77629244
     446   1082.52288732
     447   1087.49480705
     448   1092.25741661
     449   1097.25705874
     450   1102.03522328
     451   1107.06306378
     452   1111.85650943
     453   1116.91283074
     454   1121.72102157
     455   1126.80637931
     456   1131.62900542
     457   1136.74371975
     458   1141.58015219
     459   1146.72487623
     460   1151.57476366
     461   1156.74986114
     462   1161.61245966
     463   1166.81870454
     464   1171.69361518
     465   1176.93142166
     466   1181.81775649
     467   1187.08805039
     468   1191.98535580
     469   1197.28860975
     470   1202.19581452
     471   1207.53314841
     472   1212.44973669
     473   1217.82169049
     474   1222.74635359
     475   1228.15429974
     476   1233.08645232
     477   1238.53100733
     478   1243.46902670
     479   1248.95189856
     480   1253.89512569
     481   1259.41701444
     482   1264.36340199
     483   1269.92647172
     484   1274.87529282
     485   1280.48032504
     486   1285.42894373
     487   1291.07873809
     488   1296.02639440
     489   1301.72178354
     490   1306.66500284
     491   1312.40969677
     492   1317.34779952
     493   1323.14257168
     494   1328.07084687
     495   1333.92075642
     496   1338.83893478
     497   1344.74436163
     498   1349.64581081
     499   1355.61392454
     500   1360.49973965
     501   1366.52954086
     502   1371.38976353
     503   1377.49212193
     504   1382.33223598
     505   1388.50162970
     506   1393.30423251
     507   1399.56008978
     508   1404.34797579
     509   1410.66663994
     510   1415.39137250
     511   1421.82973829
     512   1426.74320058
 ---------------------------------------
 
SCF converged! Final Ground-State Energy (Eh):             -30.4431617424007470
