 
 Imaginary Time Propagation
 --------------------------
 
               Imag. time (a.u.)               < psi_i | psi_i >               < psi_i | psi_0 >                Energy (hartree)
              0.0000000000000000              0.9999999999999998              0.9999999999999998             -3.0528811526282489
              0.1000000000000000              1.0000000000000000              0.9947471866148321             -3.2646903309950517
              0.2000000000000000              1.0000000000000002              0.9838120037444804             -3.3870053451741180
              0.3000000000000001              1.0000000000000000              0.9716578896879392             -3.4574087964618778
              0.4000000000000002              1.0000000000000002              0.9602703736417478             -3.4984890449813548
              0.5000000000000002              1.0000000000000000              0.9503503783427000             -3.5229698069049711
              0.6000000000000003              0.9999999999999998              0.9420104836793683             -3.5378957378061413
              0.7000000000000004              1.0000000000000002              0.9351252125853093             -3.5471952170311516
              0.8000000000000005              1.0000000000000000              0.9294930463920170             -3.5531012320636961
              0.9000000000000006              1.0000000000000004              0.9249059980820886             -3.5569139660000855
              1.0000000000000007              1.0000000000000000              0.9211762832862207             -3.5594094705171311
              1.1000000000000008              0.9999999999999997              0.9181439802533462             -3.5610618464163397
              1.2000000000000008              0.9999999999999996              0.9156767806727146             -3.5621667632187419
              1.3000000000000009              1.0000000000000000              0.9136668433959968             -3.5629119074093469
              1.4000000000000010              1.0000000000000002              0.9120269313876888             -3.5634182130455203
              1.5000000000000011              0.9999999999999998              0.9106867183169497             -3.5637645852773296
              1.6000000000000012              1.0000000000000002              0.9095895727923977             -3.5640030518783892
              1.7000000000000013              1.0000000000000000              0.9086898795197472             -3.5641682262244250
              1.8000000000000014              1.0000000000000004              0.9079508579879487             -3.5642833137577492
              1.9000000000000015              0.9999999999999999              0.9073428073730502             -3.5643639769194593
              2.0000000000000013              1.0000000000000000              0.9068417028053738             -3.5644208508807642
              2.0999999999999992              1.0000000000000000              0.9064280755097698             -3.5644611970763380
              2.1999999999999971              1.0000000000000000              0.9060861198663130             -3.5644899990799201
              2.2999999999999949              1.0000000000000004              0.9058029809124351             -3.5645106940953970
              2.3999999999999928              0.9999999999999999              0.9055681850254670             -3.5645256642741643
              2.4999999999999907              1.0000000000000002              0.9053731841947141             -3.5645365685438977
              2.5999999999999885              1.0000000000000000              0.9052109904910279             -3.5645445678405130
              2.6999999999999864              1.0000000000000002              0.9050758822732997             -3.5645504786884894
              2.7999999999999843              1.0000000000000002              0.9049631675619975             -3.5645548783741123
              2.8999999999999821              1.0000000000000002              0.9048689930673706             -3.5645581772653401
              2.9999999999999800              0.9999999999999998              0.9047901897595532             -3.5645606687400697
              3.0999999999999779              1.0000000000000004              0.9047241477517989             -3.5645625637927951
              3.1999999999999758              1.0000000000000000              0.9046687147492425             -3.5645640151177256
              3.2999999999999736              0.9999999999999999              0.9046221134823884             -3.5645651339374691
              3.3999999999999715              0.9999999999999999              0.9045828744657647             -3.5645660018125516
              3.4999999999999694              0.9999999999999998              0.9045497811514016             -3.5645666789657899
              3.5999999999999672              1.0000000000000000              0.9045218251254359             -3.5645672101776036
              3.6999999999999651              1.0000000000000004              0.9044981694564808             -3.5645676289818260
              3.7999999999999630              1.0000000000000000              0.9044781186715172             -3.5645679606676497
              3.8999999999999608              0.9999999999999996              0.9044610941285490             -3.5645682244394141
              3.9999999999999587              0.9999999999999998              0.9044466137903772             -3.5645684349795750
              4.0999999999999570              1.0000000000000000              0.9044342755926688             -3.5645686035867308
              4.1999999999999549              1.0000000000000000              0.9044237437513980             -3.5645687390096144
              4.2999999999999527              1.0000000000000002              0.9044147374772118             -3.5645688480622648
              4.3999999999999506              0.9999999999999997              0.9044070216631800             -3.5645689360808994
              4.4999999999999485              0.9999999999999998              0.9044003991924409             -3.5645690072655745
              4.5999999999999464              1.0000000000000000              0.9043947045771012             -3.5645690649373867
              4.6999999999999442              0.9999999999999998              0.9043897986924181             -3.5645691117334950
              4.7999999999999421              1.0000000000000000              0.9043855644130976             -3.5645691497559255
              4.8999999999999400              1.0000000000000000              0.9043819029933876             -3.5645691806858752
              4.9999999999999378              1.0000000000000004              0.9043787310610741             -3.5645692058720444
              5.0999999999999357              1.0000000000000002              0.9043759781186731             -3.5645692263993265
              5.1999999999999336              0.9999999999999998              0.9043735844640810             -3.5645692431424840
              5.2999999999999314              0.9999999999999998              0.9043714994584567             -3.5645692568083356
              5.3999999999999293              0.9999999999999998              0.9043696800818237             -3.5645692679690448
              5.4099999999999291              1.0000000000000002              0.9043695112945502             -3.5645692689660109
 
 Summary of Imaginary time propagation
 -------------------------------------
ndim    =               16
dt      =       0.01000000
nstep   =              541
E_conv  =       0.00000000
Ei      =      -3.56456927
 
