 
     Two-Electron DVR    
 ------------------------
 x0     =      15.00000000
 m      =       1.00000000
 Z      =       6.00000000
 n      =              256
 dx     =       0.11764706
 
Soft-Coulomb Parameters:
 alpha  =       0.01000000
 beta   =       0.10000000
 
 
                       Hartree-Fock                      
 --------------------------------------------------------
 no. of orbitals        =              256
 no. of electrons       =                2
 scf_damping_switch     =        F
 scf_diis_switch        =        F
 damping_factor         =   0.00000000
 e_tolerance            = 0.0000000000100000
 maximum scf-iterations =              200
 
 
                       SCF iterations                      
 ----------------------------------------------------------
    S.No    Energy (hartree)        dE (hartree)
 ----------------------------------------------------------
       0    -72.563145020403
       1    -69.762520532168      2.800624488236
       2    -69.764666441054      0.002145908886
       3    -69.764672440780      0.000005999726
       4    -69.764672457850      0.000000017070
       5    -69.764672457898      0.000000000049
       6    -69.764672457899      0.000000000001
 ----------------------------------------------------------
  
 
 
 ---------------------------------------
     Molecular Orbital Energies (Eh)    
 ---------------------------------------
       1    -33.48419344
       2     -8.06033921
       3     -3.59865545
       4     -1.98142383
       5     -1.28424118
       6     -0.88181016
       7     -0.65405242
       8     -0.49674212
       9     -0.39475799
      10     -0.31200486
      11     -0.23918113
      12     -0.15201650
      13     -0.05594710
      14      0.06128106
      15      0.18508970
      16      0.33050899
      17      0.47985275
      18      0.65165655
      19      0.82526222
      20      1.02240816
      21      1.21950766
      22      1.44132913
      23      1.66141889
      24      1.90745353
      25      2.15018393
      26      2.42008773
      27      2.68521038
      28      2.97871447
      29      3.26604978
      30      3.58293088
      31      3.89235279
      32      4.23241970
      33      4.56384086
      34      4.92692041
      35      5.28028764
      36      5.66622181
      37      6.04150602
      38      6.45014333
      39      6.84733919
      40      7.27853689
      41      7.69765393
      42      8.15127114
      43      8.59233593
      44      9.06823862
      45      9.53128597
      46     10.02934022
      47     10.51441734
      48     11.03449617
      49     11.54165352
      50     12.08362940
      51     12.61292667
      52     13.17667979
      53     13.72817614
      54     14.31358577
      55     14.88734762
      56     15.49430171
      57     16.09039205
      58     16.71877709
      59     17.33726518
      60     17.98697724
      61     18.62792669
      62     19.29885966
      63     19.96234010
      64     20.65439822
      65     21.34047192
      66     22.05355623
      67     22.76229177
      68     23.49631435
      69     24.22777162
      70     24.98264006
      71     25.73688604
      72     26.51251964
      73     27.28961144
      74     28.08592350
      75     28.88592645
      76     29.70284261
      77     30.52581115
      78     31.36324933
      79     32.20924757
      80     33.06713878
      81     33.93621885
      82     34.81448445
      83     35.70670988
      84     36.60528514
      85     37.52070640
      86     38.43951486
      87     39.37819573
      88     40.31717578
      89     41.27916583
      90     42.23824187
      91     43.22360611
      92     44.20271851
      93     45.21150641
      94     46.21057912
      95     47.24285796
      96     48.26183222
      97     49.31765224
      98     50.35645017
      99     51.43588206
     100     52.49444468
     101     53.59754030
     102     54.67578659
     103     55.80262119
     104     56.90049087
     105     58.05111884
     106     59.16852639
     107     60.34302871
     108     61.47991150
     109     62.67834601
     110     63.83461267
     111     65.05706731
     112     66.23265187
     113     67.47918878
     114     68.67399261
     115     69.94470802
     116     71.15866079
     117     72.45362206
     118     73.68661646
     119     75.00592942
     120     76.25788977
     121     77.60162793
     122     78.87243675
     123     80.24071699
     124     81.53029225
     125     82.92319512
     126     84.23140760
     127     85.64906258
     128     86.97582291
     129     88.41831855
     130     89.76348405
     131     91.23096410
     132     92.59443705
     133     94.08699903
     134     95.46862151
     135     96.98642523
     136     98.38609008
     137     99.92924307
     138    101.34677516
     139    102.91545527
     140    104.35073696
     141    105.94506278
     142    107.39789952
     143    109.01806915
     144    110.48833171
     145    112.13447590
     146    113.62194794
     147    115.29428748
     148    116.79882700
     149    118.49750595
     150    120.01887218
     151    121.74413671
     152    123.28217371
     153    125.03418243
     154    126.58862198
     155    128.36764949
     156    129.93832053
     157    131.74454116
     158    133.33114475
     159    135.16486497
     160    136.76721367
     161    138.62862481
     162    140.24638525
     163    142.13582945
     164    143.76879662
     165    145.68648345
     166    147.33428536
     167    149.28059697
     168    150.94300996
     169    152.91817532
     170    154.59478407
     171    156.59923022
     172    158.28979146
     173    160.32376777
     174    162.02781756
     175    164.09180153
     176    165.80907627
     177    167.90333843
     178    169.63331959
     179    171.75839414
     180    173.50079753
     181    175.65697654
     182    177.41122228
     183    179.59910374
     184    181.36488742
     185    183.58478467
     186    185.36145739
     187    187.61404032
     188    189.40127876
     189    191.68688080
     190    193.48395833
     191    195.80333051
     192    197.60990761
     193    199.96340085
     194    201.77866316
     195    204.16712039
     196    205.99071685
     197    208.41450196
     198    210.24551888
     199    212.70557922
     200    214.54366141
     201    217.04036665
     202    218.88448733
     203    221.41890424
     204    223.26871540
     205    225.84120844
     206    227.69555341
     207    230.30732731
     208    232.16588186
     209    234.81727966
     210    236.67873595
     211    239.37112419
     212    241.23520588
     213    243.96888274
     214    245.83410240
     215    248.61062847
     216    250.47679221
     217    253.29638737
     218    255.16178829
     219    258.02625304
     220    259.89082949
     221    262.80025763
     222    264.66202396
     223    267.61852498
     224    269.47762448
     225    272.48109702
     226    274.33517267
     227    277.38814465
     228    279.23765429
     229    282.33972653
     230    284.18178951
     231    287.33609122
     232    289.17165410
     233    292.37732796
     234    294.20272253
     235    297.46382300
     236    299.28078351
     237    302.59572586
     238    304.39930848
     239    307.77369038
     240    309.56698914
     241    312.99799746
     242    314.77380483
     243    318.26989289
     244    320.03393369
     245    323.58998953
     246    325.33049595
     247    328.96113273
     248    330.68998309
     249    334.38501060
     250    336.07913269
     251    339.87065420
     252    341.56254629
     253    345.42541051
     254    347.04869120
     255    351.11843158
     256    352.92465431
 ---------------------------------------
 
SCF converged! Final Ground-State Energy (Eh):             -69.7646724578991950
