 
     Two-Electron DVR    
 ------------------------
 x0     =      15.00000000
 m      =       1.00000000
 Z      =       6.00000000
 n      =              256
 dx     =       0.11764706
 
Soft-Coulomb Parameters:
 alpha  =       1.00000000
 beta   =       0.01000000
 
 
                       Hartree-Fock                      
 --------------------------------------------------------
 no. of orbitals        =              256
 no. of electrons       =                2
 scf_damping_switch     =        F
 scf_diis_switch        =        F
 damping_factor         =   0.00000000
 e_tolerance            = 0.0000000000100000
 maximum scf-iterations =              200
 
 
                       SCF iterations                      
 ----------------------------------------------------------
    S.No    Energy (hartree)        dE (hartree)
 ----------------------------------------------------------
       0     -9.988194935463
       1     -7.067049418440      2.921145517024
       2     -7.389758212971      0.322708794532
       3     -7.409742957144      0.019984744172
       4     -7.411263006156      0.001520049012
       5     -7.411377519924      0.000114513768
       6     -7.411386178088      0.000008658164
       7     -7.411386832051      0.000000653962
       8     -7.411386881459      0.000000049408
       9     -7.411386885192      0.000000003733
      10     -7.411386885473      0.000000000282
      11     -7.411386885495      0.000000000021
      12     -7.411386885496      0.000000000002
 ----------------------------------------------------------
  
 
 
 ---------------------------------------
     Molecular Orbital Energies (Eh)    
 ---------------------------------------
       1     -2.58069907
       2     -1.24873887
       3     -0.94111478
       4     -0.69070609
       5     -0.53969815
       6     -0.42238830
       7     -0.34202523
       8     -0.26700321
       9     -0.19266122
      10     -0.10070336
      11     -0.00026583
      12      0.11896354
      13      0.24548351
      14      0.38952717
      15      0.54055994
      16      0.70793400
      17      0.88259494
      18      1.07250137
      19      1.27023106
      20      1.48222925
      21      1.70263785
      22      1.93648464
      23      2.17928622
      24      2.43485015
      25      2.69983077
      26      2.97704320
      27      3.26404245
      28      3.56286932
      29      3.87176772
      30      4.19219331
      31      4.52290283
      32      4.86492074
      33      5.21737728
      34      5.58098554
      35      5.95514304
      36      6.34034164
      37      6.73616741
      38      7.14295709
      39      7.56042821
      40      7.98880999
      41      8.42791067
      42      8.87788558
      43      9.33860511
      44      9.81017422
      45     10.29250552
      46     10.78566988
      47     11.28960845
      48     11.80436914
      49     12.32991229
      50     12.86627041
      51     13.41341669
      52     13.97137340
      53     14.54012225
      54     15.11967872
      55     15.71003019
      56     16.31118763
      57     16.92314215
      58     17.54590180
      59     18.17946008
      60     18.82382317
      61     19.47898611
      62     20.14495387
      63     20.82172247
      64     21.50929613
      65     22.20767144
      66     22.91685220
      67     23.63683531
      68     24.36762434
      69     25.10921635
      70     25.86161481
      71     26.62481679
      72     27.39882579
      73     28.18363882
      74     28.97925943
      75     29.78568454
      76     30.60291781
      77     31.43095600
      78     32.26980294
      79     33.11945518
      80     33.97991675
      81     34.85118399
      82     35.73326111
      83     36.62614425
      84     37.52983783
      85     38.44433773
      86     39.36964862
      87     40.30576612
      88     41.25269514
      89     42.21043104
      90     43.17897899
      91     44.15833407
      92     45.14850171
      93     46.14947670
      94     47.16126476
      95     48.18386037
      96     49.21726957
      97     50.26148649
      98     51.31651749
      99     52.38235638
     100     53.45900984
     101     54.54647133
     102     55.64474789
     103     56.75383259
     104     57.87373286
     105     59.00444136
     106     60.14596592
     107     61.29829879
     108     62.46144821
     109     63.63540601
     110     64.82018084
     111     66.01576410
     112     67.22216487
     113     68.43937410
     114     69.66740134
     115     70.90623704
     116     72.15589124
     117     73.41635389
     118     74.68763555
     119     75.96972563
     120     77.26263522
     121     78.56635317
     122     79.88089115
     123     81.20623743
     124     82.54240426
     125     83.88937928
     126     85.24717540
     127     86.61577959
     128     87.99520542
     129     89.38543920
     130     90.78649516
     131     92.19835892
     132     93.62104543
     133     95.05453955
     134     96.49885701
     135     97.95398188
     136     99.41993068
     137    100.89668666
     138    102.38426720
     139    103.88265465
     140    105.39186730
     141    106.91188658
     142    108.44273171
     143    109.98438315
     144    111.53686114
     145    113.10014508
     146    114.67425628
     147    116.25917306
     148    117.85491782
     149    119.46146774
     150    121.07884642
     151    122.70702980
     152    124.34604273
     153    125.99585988
     154    127.65650741
     155    129.32795861
     156    131.01024106
     157    132.70332660
     158    134.40724431
     159    136.12196447
     160    137.84751776
     161    139.58387280
     162    141.33106198
     163    143.08905217
     164    144.85787756
     165    146.63750313
     166    148.42796503
     167    150.22922623
     168    152.04132495
     169    153.86422199
     170    155.69795781
     171    157.54249092
     172    159.39786415
     173    161.26403351
     174    163.14104442
     175    165.02885023
     176    166.92749909
     177    168.83694151
     178    170.75722859
     179    172.68830778
     180    174.63023335
     181    176.58294942
     182    178.54651370
     183    180.52086679
     184    182.50607006
     185    184.50206021
     186    186.50890266
     187    188.52652999
     188    190.55501186
     189    192.59427635
     190    194.64439778
     191    196.70529951
     192    198.77706073
     193    200.85959959
     194    202.95300064
     195    205.05717671
     196    207.17221780
     197    209.29803088
     198    211.43471187
     199    213.58216209
     200    215.74048311
     201    217.90957017
     202    220.08953079
     203    222.28025500
     204    224.48185517
     205    226.69421622
     206    228.91745491
     207    231.15145357
     208    233.39633028
     209    235.65196650
     210    237.91847902
     211    240.19575465
     212    242.48390141
     213    244.78281733
     214    247.09259367
     215    249.41315417
     216    251.74455601
     217    254.08676456
     218    256.43978236
     219    258.80364830
     220    261.17827224
     221    263.56380545
     222    265.96001657
     223    268.36723615
     224    270.78501223
     225    273.21394242
     226    275.65324781
     227    278.10392409
     228    280.56471193
     229    283.03718721
     230    285.51939917
     231    288.01372544
     232    290.51727719
     233    293.03354533
     234    295.55838959
     235    298.09659767
     236    300.64267606
     237    303.20282803
     238    305.77042617
     239    308.35194690
     240    310.94166227
     241    313.54348885
     242    316.15763786
     243    318.77623719
     244    321.41882923
     245    324.04850628
     246    326.72866998
     247    329.35798860
     248    332.08655738
     249    334.70433346
     250    337.49428497
     251    340.09488006
     252    342.93493643
     253    345.55019601
     254    348.36449494
     255    351.15497806
     256    353.76357609
 ---------------------------------------
 
SCF converged! Final Ground-State Energy (Eh):              -7.4113868854963707
