 
     Two-Electron DVR    
 ------------------------
 x0     =      15.00000000
 m      =       1.00000000
 Z      =       6.00000000
 n      =              128
 dx     =       0.23622047
 
Soft-Coulomb Parameters:
 alpha  =       1.00000000
 beta   =       1.00000000
 
 
                       Hartree-Fock                      
 --------------------------------------------------------
 no. of orbitals        =              128
 no. of electrons       =                2
 scf_damping_switch     =        F
 scf_diis_switch        =        F
 damping_factor         =   0.00000000
 e_tolerance            = 0.0000000000100000
 maximum scf-iterations =              200
 
 
                       SCF iterations                      
 ----------------------------------------------------------
    S.No    Energy (hartree)        dE (hartree)
 ----------------------------------------------------------
       0     -9.988194935090
       1     -9.145007564430      0.843187370660
       2     -9.148775239669      0.003767675240
       3     -9.148890379697      0.000115140028
       4     -9.148893895797      0.000003516100
       5     -9.148894003347      0.000000107549
       6     -9.148894006640      0.000000003293
       7     -9.148894006741      0.000000000101
       8     -9.148894006744      0.000000000003
 ----------------------------------------------------------
  
 
 
 ---------------------------------------
     Molecular Orbital Energies (Eh)    
 ---------------------------------------
       1     -4.15683617
       2     -2.08034408
       3     -1.33759074
       4     -0.94061763
       5     -0.69239821
       6     -0.53025407
       7     -0.41760645
       8     -0.33452518
       9     -0.26176981
      10     -0.18393200
      11     -0.09287227
      12      0.01204993
      13      0.13070015
      14      0.26204448
      15      0.40601817
      16      0.56194836
      17      0.72986605
      18      0.90934539
      19      1.10040849
      20      1.30280056
      21      1.51650711
      22      1.74139228
      23      1.97740775
      24      2.22449644
      25      2.48258831
      26      2.75167469
      27      3.03167623
      28      3.32261099
      29      3.62439971
      30      3.93707281
      31      4.26055698
      32      4.59488626
      33      4.93999613
      34      5.29591947
      35      5.66260134
      36      6.04007126
      37      6.42828331
      38      6.82726308
      39      7.23697250
      40      7.65743343
      41      8.08861419
      42      8.53053362
      43      8.98316499
      44      9.44652487
      45      9.92059016
      46     10.40537594
      47     10.90086168
      48     11.40706162
      49     11.92395683
      50     12.45156129
      51     12.98985702
      52     13.53885818
      53     14.09854702
      54     14.66893831
      55     15.25001424
      56     15.84179035
      57     16.44424827
      58     17.05740462
      59     17.68124050
      60     18.31577347
      61     18.96098373
      62     19.61689002
      63     20.28347207
      64     20.96074921
      65     21.64870052
      66     22.34734598
      67     23.05666511
      68     23.77667721
      69     24.50736242
      70     25.24873888
      71     26.00078991
      72     26.76352953
      73     27.53694531
      74     28.32104538
      75     29.11582727
      76     29.92128663
      77     30.73743438
      78     31.56424878
      79     32.40176647
      80     33.24993391
      81     34.10882292
      82     34.97833531
      83     35.85860506
      84     36.74945758
      85     37.65111320
      86     38.56328906
      87     39.48635120
      88     40.41983805
      89     41.36432109
      90     42.31908261
      91     43.28503161
      92     44.26103674
      93     45.24848865
      94     46.24565728
      95     47.25471137
      96     48.27296718
      97     49.30371490
      98     50.34287909
      99     51.39554125
     100     52.45543006
     101     53.53022733
     102     54.61043892
     103     55.70786570
     104     56.80796648
     105     57.92854278
     106     59.04762848
     107     60.19246146
     108     61.32953494
     109     62.49981453
     110     63.65285206
     111     64.85104253
     112     66.01783234
     113     67.24655486
     114     68.42260538
     115     69.68732453
     116     70.86794668
     117     72.17422952
     118     73.34935305
     119     74.70970843
     120     75.86984230
     121     77.29606169
     122     78.41704659
     123     79.94181374
     124     81.00774483
     125     82.65645473
     126     83.60176081
     127     85.50807605
     128     86.41250488
 ---------------------------------------
 
SCF converged! Final Ground-State Energy (Eh):              -9.1488940067438911
