 
     Two-Electron DVR    
 ------------------------
 x0     =      15.00000000
 m      =       1.00000000
 Z      =       5.00000000
 n      =              512
 dx     =       0.05870841
 
Soft-Coulomb Parameters:
 alpha  =       1.00000000
 beta   =       0.10000000
 
 
                       Hartree-Fock                      
 --------------------------------------------------------
 no. of orbitals        =              512
 no. of electrons       =                2
 scf_damping_switch     =        F
 scf_diis_switch        =        F
 damping_factor         =   0.00000000
 e_tolerance            = 0.0000000000100000
 maximum scf-iterations =              200
 
 
                       SCF iterations                      
 ----------------------------------------------------------
    S.No    Energy (hartree)        dE (hartree)
 ----------------------------------------------------------
       0     -8.193126433537
       1     -6.468351736764      1.724774696773
       2     -6.553608046198      0.085256309434
       3     -6.554731643995      0.001123597797
       4     -6.554750178389      0.000018534394
       5     -6.554750640209      0.000000461820
       6     -6.554750653754      0.000000013545
       7     -6.554750654172      0.000000000417
       8     -6.554750654185      0.000000000013
       9     -6.554750654185      0.000000000000
 ----------------------------------------------------------
  
 
 
 ---------------------------------------
     Molecular Orbital Energies (Eh)    
 ---------------------------------------
       1     -2.50410843
       2     -0.97806030
       3     -0.68201291
       4     -0.48346970
       5     -0.36374247
       6     -0.27782952
       7     -0.21264141
       8     -0.14353350
       9     -0.06549388
      10      0.02909533
      11      0.13403771
      12      0.25462730
      13      0.38461844
      14      0.52932788
      15      0.68319760
      16      0.85102480
      17      1.02810549
      18      1.21848738
      19      1.41835135
      20      1.63095820
      21      1.85331099
      22      2.08794656
      23      2.33257786
      24      2.58912498
      25      2.85588233
      26      3.13427125
      27      3.42304388
      28      3.72323336
      29      4.03394115
      30      4.35590705
      31      4.68849259
      32      5.03222098
      33      5.38664359
      34      5.75212665
      35      6.12835790
      36      6.51559152
      37      6.91361188
      38      7.32259418
      39      7.74239053
      40      8.17312101
      41      8.61468478
      42      9.06716380
      43      9.53048965
      44     10.00471810
      45     10.48980296
      46     10.98578208
      47     11.49262441
      48     12.01035564
      49     12.53895498
      50     13.07843988
      51     13.62879647
      52     14.19003665
      53     14.76215121
      54     15.34514829
      55     15.93902181
      56     16.54377740
      57     17.15941106
      58     17.78592673
      59     18.42332177
      60     19.07159902
      61     19.73075675
      62     20.40079702
      63     21.08171871
      64     21.77352338
      65     22.47621027
      66     23.18978063
      67     23.91423393
      68     24.64957120
      69     25.39579205
      70     26.15289737
      71     26.92088685
      72     27.69976129
      73     28.48952042
      74     29.29016497
      75     30.10169470
      76     30.92411030
      77     31.75741151
      78     32.60159901
      79     33.45667255
      80     34.32263275
      81     35.19947937
      82     36.08721303
      83     36.98583344
      84     37.89534124
      85     38.81573611
      86     39.74701869
      87     40.68918863
      88     41.64224659
      89     42.60619217
      90     43.58102605
      91     44.56674780
      92     45.56335811
      93     46.57085652
      94     47.58924373
      95     48.61851925
      96     49.65868380
      97     50.70973685
      98     51.77167914
      99     52.84451010
     100     53.92823051
     101     55.02283975
     102     56.12833862
     103     57.24472647
     104     58.37200412
     105     59.51017089
     106     60.65922763
     107     61.81917361
     108     62.99000970
     109     64.17173515
     110     65.36435086
     111     66.56785604
     112     67.78225160
     113     69.00753673
     114     70.24371237
     115     71.49077766
     116     72.74873359
     117     74.01757924
     118     75.29731564
     119     76.58794185
     120     77.88945891
     121     79.20186584
     122     80.52516372
     123     81.85935153
     124     83.20443040
     125     84.56039924
     126     85.92725923
     127     87.30500925
     128     88.69365051
     129     90.09318184
     130     91.50360448
     131     92.92491724
     132     94.35712139
     133     95.80021570
     134     97.25420147
     135     98.71907743
     136    100.19484494
     137    101.68150266
     138    103.17905199
     139    104.68749156
     140    106.20682282
     141    107.73704434
     142    109.27815761
     143    110.83016115
     144    112.39305652
     145    113.96684217
     146    115.55151971
     147    117.14708756
     148    118.75354735
     149    120.37089746
     150    121.99913957
     151    123.63827201
     152    125.28829651
     153    126.94921134
     154    128.62101830
     155    130.30371559
     156    131.99730507
     157    133.70178488
     158    135.41715693
     159    137.14341932
     160    138.88057401
     161    140.62861903
     162    142.38755641
     163    144.15738412
     164    145.93810424
     165    147.72971468
     166    149.53221759
     167    151.34561082
     168    153.16989658
     169    155.00507264
     170    156.85114128
     171    158.70810023
     172    160.57595181
     173    162.45469368
     174    164.34432824
     175    166.24485308
     176    168.15627067
     177    170.07857852
     178    172.01177918
     179    173.95587008
     180    175.91085385
     181    177.87672784
     182    179.85349476
     183    181.84115189
     184    183.83970200
     185    185.84914231
     186    187.86947565
     187    189.90069916
     188    191.94281578
     189    193.99582254
     190    196.05972246
     191    198.13451251
     192    200.22019578
     193    202.31676916
     194    204.42423581
     195    206.54259254
     196    208.67184262
     197    210.81198275
     198    212.96301628
     199    215.12493984
     200    217.29775687
     201    219.48146390
     202    221.67606446
     203    223.88155499
     204    226.09793912
     205    228.32521319
     206    230.56338092
     207    232.81243856
     208    235.07238994
     209    237.34323119
     210    239.62496623
     211    241.91759113
     212    244.22110989
     213    246.53551846
     214    248.86082096
     215    251.19701325
     216    253.54409954
     217    255.90207556
     218    258.27094567
     219    260.65070548
     220    263.04135945
     221    265.44290307
     222    267.85534093
     223    270.27866840
     224    272.71289019
     225    275.15800155
     226    277.61400730
     227    280.08090257
     228    282.55869232
     229    285.04737156
     230    287.54694534
     231    290.05740856
     232    292.57876642
     233    295.11101367
     234    297.65415564
     235    300.20818694
     236    302.77311306
     237    305.34892846
     238    307.93563876
     239    310.53323829
     240    313.14173281
     241    315.76111651
     242    318.39139529
     243    321.03256318
     244    323.68462626
     245    326.34757840
     246    329.02142580
     247    331.70616221
     248    334.40179399
     249    337.10831471
     250    339.82573090
     251    342.55403597
     252    345.29323661
     253    348.04332606
     254    350.80431118
     255    353.57618505
     256    356.35895470
     257    359.15261303
     258    361.95716724
     259    364.77261006
     260    367.59894888
     261    370.43617623
     262    373.28429969
     263    376.14331161
     264    379.01321976
     265    381.89401627
     266    384.78570915
     267    387.68829031
     268    390.60176794
     269    393.52613378
     270    396.46139622
     271    399.40754678
     272    402.36459406
     273    405.33252937
     274    408.31136155
     275    411.30108165
     276    414.30169875
     277    417.31320368
     278    420.33560575
     279    423.36889555
     280    426.41308263
     281    429.46815734
     282    432.53412947
     283    435.61098913
     284    438.69874635
     285    441.79739099
     286    444.90693334
     287    448.02736301
     288    451.15869054
     289    454.30090526
     290    457.45401801
     291    460.61801784
     292    463.79291585
     293    466.97870081
     294    470.17538413
     295    473.38295426
     296    476.60142293
     297    479.83077828
     298    483.07103233
     299    486.32217294
     300    489.58421242
     301    492.85713832
     302    496.14096328
     303    499.43567450
     304    502.74128499
     305    506.05778157
     306    509.38517762
     307    512.72345961
     308    516.07264126
     309    519.43270870
     310    522.80367600
     311    526.18552892
     312    529.57828191
     313    532.98192034
     314    536.39645907
     315    539.82188305
     316    543.25820756
     317    546.70541714
     318    550.16352746
     319    553.63252267
     320    557.11241886
     321    560.60319973
     322    564.10488183
     323    567.61744839
     324    571.14091644
     325    574.67526874
     326    578.22052278
     327    581.77666085
     328    585.34370093
     329    588.92162480
     330    592.51045096
     331    596.11016066
     332    599.72077294
     333    603.34226851
     334    606.97466695
     335    610.61794842
     336    614.27213307
     337    617.93720047
     338    621.61317136
     339    625.30002473
     340    628.99778190
     341    632.70642126
     342    636.42596475
     343    640.15639013
     344    643.89771999
     345    647.64993142
     346    651.41304769
     347    655.18704519
     348    658.97194789
     349    662.76773150
     350    666.57442068
     351    670.39199041
     352    674.22046611
     353    678.05982198
     354    681.91008424
     355    685.77122628
     356    689.64327513
     357    693.52620335
     358    697.42003882
     359    701.32475324
     360    705.24037538
     361    709.16687602
     362    713.10428484
     363    717.05257171
     364    721.01176726
     365    724.98184037
     366    728.96282267
     367    732.95468203
     368    736.95745111
     369    740.97109673
     370    744.99565262
     371    749.03108450
     372    753.07742723
     373    757.13464537
     374    761.20277496
     375    765.28177936
     376    769.37169583
     377    773.47248648
     378    777.58418985
     379    781.70676674
     380    785.84025704
     381    789.98462016
     382    794.13989740
     383    798.30604673
     384    802.48311092
     385    806.67104644
     386    810.86989759
     387    815.07961927
     388    819.30025740
     389    823.53176521
     390    827.77419032
     391    832.02748422
     392    836.29169632
     393    840.56677627
     394    844.85277535
     395    849.14964129
     396    853.45742735
     397    857.77607924
     398    862.10565228
     399    866.44609004
     400    870.79745004
     401    875.15967360
     402    879.53282055
     403    883.91682984
     404    888.31176371
     405    892.71755863
     406    897.13427941
     407    901.56185986
     408    906.00036752
     409    910.44973339
     410    914.91002788
     411    919.38117904
     412    923.86326034
     413    928.35619666
     414    932.86006471
     415    937.37478604
     416    941.90044079
     417    946.43694696
     418    950.98438835
     419    955.54267918
     420    960.11190715
     421    964.69198244
     422    969.28299690
     423    973.88485643
     424    978.49765730
     425    983.12130083
     426    987.75588802
     427    992.40131529
     428    997.05768870
     429   1001.72489941
     430   1006.40305893
     431   1011.09205276
     432   1015.79199827
     433   1020.50277488
     434   1025.22450622
     435   1029.95706523
     436   1034.70058229
     437   1039.45492326
     438   1044.22022584
     439   1048.99634835
     440   1053.78343631
     441   1058.58133981
     442   1063.39021291
     443   1068.20989690
     444   1073.04055498
     445   1077.88201879
     446   1082.73446156
     447   1087.59770461
     448   1092.47193188
     449   1097.35695336
     450   1102.25296472
     451   1107.15976399
     452   1112.07755924
     453   1117.00613528
     454   1121.94571385
     455   1126.89606601
     456   1131.85742765
     457   1136.82955470
     458   1141.81269849
     459   1146.80659991
     460   1151.81152547
     461   1156.82719986
     462   1161.85390563
     463   1166.89135289
     464   1171.93983813
     465   1176.99905690
     466   1182.06931866
     467   1187.15031009
     468   1192.24234665
     469   1197.34511005
     470   1202.45891549
     471   1207.58345507
     472   1212.71902502
     473   1217.86534266
     474   1223.02266475
     475   1228.19077176
     476   1233.36983498
     477   1238.55974055
     478   1243.76051848
     479   1248.97224979
     480   1254.19471552
     481   1259.42830007
     482   1264.67239753
     483   1269.92789614
     484   1275.19356316
     485   1280.47104405
     486   1285.75816673
     487   1291.05775421
     488   1296.36620330
     489   1301.68803918
     490   1307.01761129
     491   1312.36190556
     492   1317.71239127
     493   1323.07934923
     494   1328.45051136
     495   1333.84030719
     496   1339.23204794
     497   1344.64463640
     498   1350.05717939
     499   1355.49200293
     500   1360.92624361
     501   1366.38189228
     502   1371.83975414
     503   1377.31383529
     504   1382.79787806
     505   1388.28800247
     506   1393.79839534
     507   1399.30879433
     508   1404.83624725
     509   1410.38644519
     510   1415.87509113
     511   1421.57572260
     512   1426.97284933
 ---------------------------------------
 
SCF converged! Final Ground-State Energy (Eh):              -6.5547506541850202
