 
     Two-Electron DVR    
 ------------------------
 x0     =      15.00000000
 m      =       1.00000000
 Z      =       1.00000000
 n      =               64
 dx     =       0.47619048
 
Soft-Coulomb Parameters:
 alpha  =       1.00000000
 beta   =       0.01000000
 
 
                       Hartree-Fock                      
 --------------------------------------------------------
 no. of orbitals        =               64
 no. of electrons       =                2
 scf_damping_switch     =        T
 scf_diis_switch        =        F
 damping_factor         =   0.70000000
 e_tolerance            = 0.0000000000100000
 maximum scf-iterations =              200
 
 
                       SCF iterations                      
 ----------------------------------------------------------
    S.No    Energy (hartree)        dE (hartree)
 ----------------------------------------------------------
       0     -1.339549394914
       1      0.895474573787      2.235023968701
       2      0.267920762250      0.627553811538
       3      0.060263626065      0.207657136185
       4     -0.006533768937      0.066797395001
       5     -0.047822364614      0.041288595678
       6     -0.074200266433      0.026377901819
       7     -0.095860729710      0.021660463276
       8     -0.111439943361      0.015579213652
       9     -0.124982161373      0.013542218012
      10     -0.135250563443      0.010268402070
      11     -0.143718424724      0.008467861281
      12     -0.150159961161      0.006441536437
      13     -0.155246840317      0.005086879156
      14     -0.159084766673      0.003837926356
      15     -0.162013752789      0.002928986116
      16     -0.164191067124      0.002177314335
      17     -0.165808702484      0.001617635360
      18     -0.166991926312      0.001183223828
      19     -0.167853653652      0.000861727340
      20     -0.168475332655      0.000621679003
      21     -0.168921842712      0.000446510056
      22     -0.169240688380      0.000318845669
      23     -0.169467585492      0.000226897112
      24     -0.169628475002      0.000160889511
      25     -0.169742284857      0.000113809855
      26     -0.169822613787      0.000080328929
      27     -0.169879220634      0.000056606847
      28     -0.169919055846      0.000039835212
      29     -0.169947059433      0.000028003587
      30     -0.169966728511      0.000019669078
      31     -0.169980534374      0.000013805863
      32     -0.169990219499      0.000009685125
      33     -0.169997010914      0.000006791415
      34     -0.170001771540      0.000004760626
      35     -0.170005107710      0.000003336169
      36     -0.170007445123      0.000002337413
      37     -0.170009082490      0.000001637367
      38     -0.170010229309      0.000001146819
      39     -0.170011032454      0.000000803145
      40     -0.170011594865      0.000000562411
      41     -0.170011988670      0.000000393805
      42     -0.170012264399      0.000000275730
      43     -0.170012457447      0.000000193048
      44     -0.170012592602      0.000000135154
      45     -0.170012687221      0.000000094620
      46     -0.170012753462      0.000000066241
      47     -0.170012799834      0.000000046372
      48     -0.170012832296      0.000000032463
      49     -0.170012855021      0.000000022725
      50     -0.170012870930      0.000000015908
      51     -0.170012882066      0.000000011136
      52     -0.170012889861      0.000000007795
      53     -0.170012895318      0.000000005457
      54     -0.170012899138      0.000000003820
      55     -0.170012901812      0.000000002674
      56     -0.170012903684      0.000000001872
      57     -0.170012904994      0.000000001310
      58     -0.170012905911      0.000000000917
      59     -0.170012906553      0.000000000642
      60     -0.170012907003      0.000000000449
      61     -0.170012907317      0.000000000315
      62     -0.170012907538      0.000000000220
      63     -0.170012907692      0.000000000154
      64     -0.170012907800      0.000000000108
      65     -0.170012907875      0.000000000076
      66     -0.170012907928      0.000000000053
      67     -0.170012907965      0.000000000037
      68     -0.170012907991      0.000000000026
      69     -0.170012908009      0.000000000018
      70     -0.170012908022      0.000000000013
      71     -0.170012908031      0.000000000009
 ----------------------------------------------------------
  
 
 
 ---------------------------------------
     Molecular Orbital Energies (Eh)    
 ---------------------------------------
       1      0.21007382
       2      0.30839858
       3      0.33721424
       4      0.42758886
       5      0.46392711
       6      0.56153728
       7      0.61604307
       8      0.72307154
       9      0.80181065
      10      0.92090647
      11      1.02444455
      12      1.15811951
      13      1.28546129
      14      1.43576828
      15      1.58580296
      16      1.75413592
      17      1.92607106
      18      2.11334491
      19      2.30666865
      20      2.51347014
      21      2.72786958
      22      2.95457698
      23      3.18986583
      24      3.43672493
      25      3.69279482
      26      3.95996592
      27      4.23675828
      28      4.52434850
      29      4.82183279
      30      5.12991080
      31      5.44807848
      32      5.77669141
      33      6.11554815
      34      6.46472681
      35      6.82428809
      36      7.19404071
      37      7.57432550
      38      7.96464355
      39      8.36569596
      40      8.77656401
      41      9.19842987
      42      9.62979069
      43     10.07256214
      44     10.52434932
      45     10.98812381
      46     11.46018842
      47     11.94515508
      48     12.43733178
      49     12.94368733
      50     13.45565523
      51     13.98374710
      52     14.51518893
      53     15.06531870
      54     15.61575087
      55     16.18825609
      56     16.75758615
      57     17.35233765
      58     17.94171986
      59     18.55677634
      60     19.17200349
      61     19.80173645
      62     20.47041142
      63     21.06915831
      64     21.86220940
 ---------------------------------------
 
SCF converged! Final Ground-State Energy (Eh):              -0.1700129080306348
