 
     Two-Electron DVR    
 ------------------------
 x0     =      15.00000000
 m      =       1.00000000
 Z      =       1.00000000
 n      =             2048
 dx     =       0.01465559
 
Soft-Coulomb Parameters:
 alpha  =       0.10000000
 beta   =       0.10000000
 
 
                       Hartree-Fock                      
 --------------------------------------------------------
 no. of orbitals        =             2048
 no. of electrons       =                2
 scf_damping_switch     =        F
 scf_diis_switch        =        F
 damping_factor         =   0.00000000
 e_tolerance            = 0.0000000000100000
 maximum scf-iterations =              200
 
 
                       SCF iterations                      
 ----------------------------------------------------------
    S.No    Energy (hartree)        dE (hartree)
 ----------------------------------------------------------
       0     -3.353996955138
       1     -1.598742853702      1.755254101435
       2     -1.741596943624      0.142854089922
       3     -1.742938275607      0.001341331983
       4     -1.742965839232      0.000027563625
       5     -1.742967513314      0.000001674082
       6     -1.742967641486      0.000000128172
       7     -1.742967653004      0.000000011518
       8     -1.742967654176      0.000000001172
       9     -1.742967654309      0.000000000133
      10     -1.742967654325      0.000000000016
      11     -1.742967654328      0.000000000004
 ----------------------------------------------------------
  
 
 
 ---------------------------------------
     Molecular Orbital Energies (Eh)    
 ---------------------------------------
       1     -0.16443744
       2      0.14712559
       3      0.14732661
       4      0.26282525
       5      0.26484261
       6      0.41228309
       7      0.42002168
       8      0.59602583
       9      0.61544757
      10      0.81343237
      11      0.85181188
      12      1.06520167
      13      1.12946222
      14      1.35397116
      15      1.44870501
      16      1.68304790
      17      1.80984296
      18      2.05483814
      19      2.21316362
      20      2.47048782
      21      2.65892597
      22      2.93033608
      23      3.14735361
      24      3.43437843
      25      3.67863418
      26      3.98251170
      27      4.25292234
      28      4.57462827
      29      4.87034444
      30      5.21064255
      31      5.53100345
      32      5.89049331
      33      6.23498336
      34      6.61413908
      35      6.98235302
      36      7.38155294
      37      7.77316922
      38      8.19271808
      39      8.60747911
      40      9.04762459
      41      9.48532208
      42      9.94626718
      43     10.40673132
      44     10.88864364
      45     11.37173495
      46     11.87475373
      47     12.38035691
      48     12.90459853
      49     13.43261772
      50     13.97817989
      51     14.52853506
      52     15.09550017
      53     15.66812420
      54     16.25656196
      55     16.85139839
      56     17.46136800
      57     18.07836919
      58     18.70992102
      59     19.34904670
      60     20.00222374
      61     20.66343976
      62     21.33827878
      63     22.02155617
      64     22.71808864
      65     23.42340277
      66     24.14165571
      67     24.86898564
      68     25.60898227
      69     26.35831013
      70     27.12007044
      71     27.89138100
      72     28.67492221
      73     29.46820250
      74     30.27353947
      75     31.08877839
      76     31.91592395
      77     32.75311204
      78     33.60207729
      79     34.46120645
      80     35.33200101
      81     36.21306434
      82     37.10569652
      83     38.00868811
      84     38.92316513
      85     39.84807993
      86     40.78440806
      87     41.73124176
      88     42.68942645
      89     43.65817537
      90     44.63822134
      91     45.62888233
      92     46.63079371
      93     47.64336408
      94     48.66714447
      95     49.70162193
      96     50.74727444
      97     51.80365703
      98     52.87118441
      99     53.94947047
     100     55.03887508
     101     56.13906319
     102     57.25034714
     103     58.37243609
     104     59.50560119
     105     60.64958995
     106     61.80463780
     107     62.97052550
     108     64.14745750
     109     65.33524340
     110     66.53406079
     111     67.74374426
     112     68.96444810
     113     70.19602863
     114     71.43861987
     115     72.69209699
     116     73.95657647
     117     75.23194982
     118     76.51831827
     119     77.81558753
     120     79.12384560
     121     80.44301051
     122     81.77315876
     123     83.11421911
     124     84.46625805
     125     85.82921364
     126     87.20314371
     127     88.58799440
     128     89.98381600
     129     91.39056166
     130     92.80827514
     131     94.23691568
     132     95.67652134
     133     97.12705667
     134     98.58855479
     135    100.06098485
     136    101.54437566
     137    103.03870040
     138    104.54398414
     139    106.06020351
     140    107.58738036
     141    109.12549434
     142    110.67456447
     143    112.23457304
     144    113.80553660
     145    115.38743974
     146    116.98029687
     147    118.58409457
     148    120.19884539
     149    121.82453765
     150    123.46118227
     151    125.10876908
     152    126.76730760
     153    128.43678897
     154    130.11722147
     155    131.80859740
     156    133.51092397
     157    135.22419446
     158    136.94841517
     159    138.68358023
     160    140.42969514
     161    142.18675478
     162    143.95476394
     163    145.73371817
     164    147.52362164
     165    149.32447047
     166    151.13626830
     167    152.95901173
     168    154.79270395
     169    156.63734201
     170    158.49292866
     171    160.35946135
     172    162.23694247
     173    164.12536979
     174    166.02474542
     175    167.93506738
     176    169.85633754
     177    171.78855416
     178    173.73171887
     179    175.68583016
     180    177.65088945
     181    179.62689542
     182    181.61384930
     183    183.61174996
     184    185.62059846
     185    187.64039381
     186    189.67113694
     187    191.71282699
     188    193.76546478
     189    195.82904954
     190    197.90358200
     191    199.98906147
     192    202.08548861
     193    204.19286281
     194    206.31118463
     195    208.44045356
     196    210.58067009
     197    212.73183376
     198    214.89394500
     199    217.06700341
     200    219.25100938
     201    221.44596254
     202    223.65186324
     203    225.86871115
     204    228.09650658
     205    230.33524926
     206    232.58493944
     207    234.84557687
     208    237.11716181
     209    239.39969401
     210    241.69317371
     211    243.99760069
     212    246.31297515
     213    248.63929690
     214    250.97656613
     215    253.32478266
     216    255.68394667
     217    258.05405798
     218    260.43511677
     219    262.82712287
     220    265.23007644
     221    267.64397734
     222    270.06882569
     223    272.50462138
     224    274.95136452
     225    277.40905501
     226    279.87769295
     227    282.35727823
     228    284.84781096
     229    287.34929105
     230    289.86171858
     231    292.38509347
     232    294.91941581
     233    297.46468550
     234    300.02090264
     235    302.58806714
     236    305.16617909
     237    307.75523840
     238    310.35524516
     239    312.96619928
     240    315.58810085
     241    318.22094979
     242    320.86474617
     243    323.51948992
     244    326.18518112
     245    328.86181968
     246    331.54940569
     247    334.24793908
     248    336.95741991
     249    339.67784811
     250    342.40922376
     251    345.15154678
     252    347.90481726
     253    350.66903510
     254    353.44420039
     255    356.23031306
     256    359.02737318
     257    361.83538067
     258    364.65433561
     259    367.48423792
     260    370.32508769
     261    373.17688483
     262    376.03962942
     263    378.91332139
     264    381.79796081
     265    384.69354761
     266    387.60008186
     267    390.51756348
     268    393.44599256
     269    396.38536902
     270    399.33569293
     271    402.29696421
     272    405.26918295
     273    408.25234907
     274    411.24646264
     275    414.25152359
     276    417.26753200
     277    420.29448778
     278    423.33239102
     279    426.38124163
     280    429.44103971
     281    432.51178516
     282    435.59347807
     283    438.68611835
     284    441.78970610
     285    444.90424122
     286    448.02972381
     287    451.16615376
     288    454.31353118
     289    457.47185598
     290    460.64112824
     291    463.82134787
     292    467.01251497
     293    470.21462944
     294    473.42769138
     295    476.65170069
     296    479.88665747
     297    483.13256162
     298    486.38941324
     299    489.65721223
     300    492.93595869
     301    496.22565252
     302    499.52629383
     303    502.83788250
     304    506.16041865
     305    509.49390216
     306    512.83833315
     307    516.19371152
     308    519.56003735
     309    522.93731055
     310    526.32553123
     311    529.72469928
     312    533.13481481
     313    536.55587770
     314    539.98788807
     315    543.43084581
     316    546.88475103
     317    550.34960362
     318    553.82540368
     319    557.31215112
     320    560.80984603
     321    564.31848831
     322    567.83807807
     323    571.36861520
     324    574.91009981
     325    578.46253179
     326    582.02591125
     327    585.60023808
     328    589.18551240
     329    592.78173408
     330    596.38890324
     331    600.00701977
     332    603.63608378
     333    607.27609517
     334    610.92705404
     335    614.58896027
     336    618.26181399
     337    621.94561508
     338    625.64036365
     339    629.34605960
     340    633.06270303
     341    636.79029382
     342    640.52883211
     343    644.27831776
     344    648.03875090
     345    651.81013141
     346    655.59245941
     347    659.38573477
     348    663.18995763
     349    667.00512785
     350    670.83124556
     351    674.66831064
     352    678.51632321
     353    682.37528315
     354    686.24519058
     355    690.12604538
     356    694.01784767
     357    697.92059733
     358    701.83429448
     359    705.75893900
     360    709.69453101
     361    713.64107039
     362    717.59855727
     363    721.56699151
     364    725.54637325
     365    729.53670236
     366    733.53797896
     367    737.55020293
     368    741.57337440
     369    745.60749323
     370    749.65255957
     371    753.70857326
     372    757.77553447
     373    761.85344303
     374    765.94229910
     375    770.04210252
     376    774.15285346
     377    778.27455176
     378    782.40719756
     379    786.55079073
     380    790.70533140
     381    794.87081944
     382    799.04725498
     383    803.23463788
     384    807.43296830
     385    811.64224607
     386    815.86247136
     387    820.09364400
     388    824.33576417
     389    828.58883168
     390    832.85284672
     391    837.12780910
     392    841.41371901
     393    845.71057628
     394    850.01838106
     395    854.33713320
     396    858.66683286
     397    863.00747987
     398    867.35907440
     399    871.72161629
     400    876.09510571
     401    880.47954247
     402    884.87492676
     403    889.28125841
     404    893.69853758
     405    898.12676410
     406    902.56593815
     407    907.01605955
     408    911.47712848
     409    915.94914476
     410    920.43210858
     411    924.92601974
     412    929.43087844
     413    933.94668448
     414    938.47343806
     415    943.01113899
     416    947.55978745
     417    952.11938326
     418    956.68992661
     419    961.27141731
     420    965.86385554
     421    970.46724112
     422    975.08157425
     423    979.70685472
     424    984.34308273
     425    988.99025808
     426    993.64838098
     427    998.31745122
     428   1002.99746901
     429   1007.68843415
     430   1012.39034683
     431   1017.10320685
     432   1021.82701442
     433   1026.56176933
     434   1031.30747180
     435   1036.06412160
     436   1040.83171896
     437   1045.61026366
     438   1050.39975591
     439   1055.20019550
     440   1060.01158265
     441   1064.83391714
     442   1069.66719918
     443   1074.51142856
     444   1079.36660550
     445   1084.23272978
     446   1089.10980162
     447   1093.99782080
     448   1098.89678753
     449   1103.80670161
     450   1108.72756325
     451   1113.65937222
     452   1118.60212876
     453   1123.55583264
     454   1128.52048408
     455   1133.49608285
     456   1138.48262920
     457   1143.48012288
     458   1148.48856413
     459   1153.50795271
     460   1158.53828886
     461   1163.57957235
     462   1168.63180341
     463   1173.69498180
     464   1178.76910777
     465   1183.85418106
     466   1188.95020194
     467   1194.05717015
     468   1199.17508593
     469   1204.30394904
     470   1209.44375974
     471   1214.59451776
     472   1219.75622337
     473   1224.92887630
     474   1230.11247682
     475   1235.30702466
     476   1240.51252009
     477   1245.72896285
     478   1250.95635320
     479   1256.19469087
     480   1261.44397613
     481   1266.70420871
     482   1271.97538889
     483   1277.25751639
     484   1282.55059148
     485   1287.85461390
     486   1293.16958392
     487   1298.49550125
     488   1303.83236618
     489   1309.18017844
     490   1314.53893829
     491   1319.90864547
     492   1325.28930024
     493   1330.68090234
     494   1336.08345203
     495   1341.49694905
     496   1346.92139367
     497   1352.35678561
     498   1357.80312516
     499   1363.26041202
     500   1368.72864649
     501   1374.20782829
     502   1379.69795768
     503   1385.19903440
     504   1390.71105873
     505   1396.23403037
     506   1401.76794963
     507   1407.31281620
     508   1412.86863039
     509   1418.43539189
     510   1424.01310101
     511   1429.60175744
     512   1435.20136150
     513   1440.81191286
     514   1446.43341185
     515   1452.06585815
     516   1457.70925207
     517   1463.36359330
     518   1469.02888215
     519   1474.70511832
     520   1480.39230212
     521   1486.09043322
     522   1491.79951195
     523   1497.51953800
     524   1503.25051167
     525   1508.99243265
     526   1514.74530126
     527   1520.50911718
     528   1526.28388074
     529   1532.06959160
     530   1537.86625010
     531   1543.67385590
     532   1549.49240935
     533   1555.32191009
     534   1561.16235848
     535   1567.01375417
     536   1572.87609751
     537   1578.74938815
     538   1584.63362643
     539   1590.52881202
     540   1596.43494525
     541   1602.35202578
     542   1608.28005396
     543   1614.21902945
     544   1620.16895258
     545   1626.12982301
     546   1632.10164110
     547   1638.08440649
     548   1644.07811952
     549   1650.08277986
     550   1656.09838786
     551   1662.12494315
     552   1668.16244610
     553   1674.21089635
     554   1680.27029426
     555   1686.34063947
     556   1692.42193233
     557   1698.51417250
     558   1704.61736033
     559   1710.73149545
     560   1716.85657824
     561   1722.99260832
     562   1729.13958607
     563   1735.29751112
     564   1741.46638383
     565   1747.64620384
     566   1753.83697152
     567   1760.03868650
     568   1766.25134914
     569   1772.47495908
     570   1778.70951670
     571   1784.95502160
     572   1791.21147418
     573   1797.47887406
     574   1803.75722161
     575   1810.04651645
     576   1816.34675898
     577   1822.65794879
     578   1828.98008629
     579   1835.31317107
     580   1841.65720355
     581   1848.01218330
     582   1854.37811075
     583   1860.75498548
     584   1867.14280791
     585   1873.54157762
     586   1879.95129502
     587   1886.37195970
     588   1892.80357208
     589   1899.24613175
     590   1905.69963911
     591   1912.16409375
     592   1918.63949610
     593   1925.12584572
     594   1931.62314305
     595   1938.13138766
     596   1944.65057997
     597   1951.18071956
     598   1957.72180686
     599   1964.27384143
     600   1970.83682372
     601   1977.41075328
     602   1983.99563056
     603   1990.59145511
     604   1997.19822737
     605   2003.81594691
     606   2010.44461416
     607   2017.08422869
     608   2023.73479094
     609   2030.39630046
     610   2037.06875771
     611   2043.75216222
     612   2050.44651446
     613   2057.15181397
     614   2063.86806120
     615   2070.59525571
     616   2077.33339794
     617   2084.08248744
     618   2090.84252468
     619   2097.61350918
     620   2104.39544141
     621   2111.18832091
     622   2117.99214815
     623   2124.80692265
     624   2131.63264489
     625   2138.46931440
     626   2145.31693165
     627   2152.17549615
     628   2159.04500841
     629   2165.92546792
     630   2172.81687519
     631   2179.71922971
     632   2186.63253198
     633   2193.55678151
     634   2200.49197879
     635   2207.43812333
     636   2214.39521563
     637   2221.36325518
     638   2228.34224249
     639   2235.33217705
     640   2242.33305938
     641   2249.34488896
     642   2256.36766630
     643   2263.40139089
     644   2270.44606325
     645   2277.50168286
     646   2284.56825024
     647   2291.64576487
     648   2298.73422727
     649   2305.83363692
     650   2312.94399435
     651   2320.06529902
     652   2327.19755147
     653   2334.34075116
     654   2341.49489863
     655   2348.65999335
     656   2355.83603585
     657   2363.02302560
     658   2370.22096313
     659   2377.42984790
     660   2384.64968046
     661   2391.88046026
     662   2399.12218785
     663   2406.37486268
     664   2413.63848531
     665   2420.91305517
     666   2428.19857283
     667   2435.49503773
     668   2442.80245042
     669   2450.12081036
     670   2457.45011809
     671   2464.79037306
     672   2472.14157583
     673   2479.50372584
     674   2486.87682365
     675   2494.26086870
     676   2501.65586155
     677   2509.06180164
     678   2516.47868954
     679   2523.90652467
     680   2531.34530761
     681   2538.79503779
     682   2546.25571578
     683   2553.72734100
     684   2561.20991404
     685   2568.70343430
     686   2576.20790239
     687   2583.72331771
     688   2591.24968085
     689   2598.78699122
     690   2606.33524941
     691   2613.89445483
     692   2621.46460808
     693   2629.04570855
     694   2636.63775686
     695   2644.24075238
     696   2651.85469575
     697   2659.47958633
     698   2667.11542476
     699   2674.76221040
     700   2682.41994388
     701   2690.08862458
     702   2697.76825313
     703   2705.45882889
     704   2713.16035250
     705   2720.87282333
     706   2728.59624201
     707   2736.33060790
     708   2744.07592164
     709   2751.83218260
     710   2759.59939141
     711   2767.37754744
     712   2775.16665132
     713   2782.96670241
     714   2790.77770137
     715   2798.59964754
     716   2806.43254157
     717   2814.27638281
     718   2822.13117192
     719   2829.99690823
     720   2837.87359241
     721   2845.76122380
     722   2853.65980306
     723   2861.56932953
     724   2869.48980387
     725   2877.42122542
     726   2885.36359484
     727   2893.31691147
     728   2901.28117598
     729   2909.25638769
     730   2917.24254729
     731   2925.23965408
     732   2933.24770876
     733   2941.26671064
     734   2949.29666041
     735   2957.33755738
     736   2965.38940224
     737   2973.45219430
     738   2981.52593425
     739   2989.61062140
     740   2997.70625645
     741   3005.81283869
     742   3013.93036884
     743   3022.05884617
     744   3030.19827141
     745   3038.34864384
     746   3046.50996418
     747   3054.68223171
     748   3062.86544715
     749   3071.05960978
     750   3079.26472033
     751   3087.48077805
     752   3095.70778371
     753   3103.94573653
     754   3112.19463729
     755   3120.45448522
     756   3128.72528109
     757   3137.00702413
     758   3145.29971511
     759   3153.60335325
     760   3161.91793934
     761   3170.24347260
     762   3178.57995380
     763   3186.92738217
     764   3195.28575848
     765   3203.65508196
     766   3212.03535340
     767   3220.42657199
     768   3228.82873855
     769   3237.24185226
     770   3245.66591393
     771   3254.10092276
     772   3262.54687956
     773   3271.00378351
     774   3279.47163542
     775   3287.95043450
     776   3296.44018154
     777   3304.94087574
     778   3313.45251791
     779   3321.97510723
     780   3330.50864453
     781   3339.05312898
     782   3347.60856141
     783   3356.17494099
     784   3364.75226855
     785   3373.34054326
     786   3381.93976596
     787   3390.54993580
     788   3399.17105364
     789   3407.80311862
     790   3416.44613159
     791   3425.10009170
     792   3433.76499982
     793   3442.44085507
     794   3451.12765832
     795   3459.82540871
     796   3468.53410711
     797   3477.25375264
     798   3485.98434619
     799   3494.72588687
     800   3503.47837556
     801   3512.24181138
     802   3521.01619522
     803   3529.80152619
     804   3538.59780518
     805   3547.40503130
     806   3556.22320545
     807   3565.05232671
     808   3573.89239602
     809   3582.74341244
     810   3591.60537689
     811   3600.47828847
     812   3609.36214809
     813   3618.25695482
     814   3627.16270960
     815   3636.07941149
     816   3645.00706143
     817   3653.94565848
     818   3662.89520358
     819   3671.85569579
     820   3680.82713606
     821   3689.80952344
     822   3698.80285888
     823   3707.80714142
     824   3716.82237203
     825   3725.84854974
     826   3734.88567552
     827   3743.93374840
     828   3752.99276936
     829   3762.06273741
     830   3771.14365354
     831   3780.23551676
     832   3789.33832807
     833   3798.45208647
     834   3807.57679296
     835   3816.71244654
     836   3825.85904820
     837   3835.01659696
     838   3844.18509381
     839   3853.36453775
     840   3862.55492979
     841   3871.75626891
     842   3880.96855614
     843   3890.19179044
     844   3899.42597286
     845   3908.67110235
     846   3917.92717996
     847   3927.19420464
     848   3936.47217744
     849   3945.76109731
     850   3955.06096530
     851   3964.37178037
     852   3973.69354356
     853   3983.02625382
     854   3992.36991221
     855   4001.72451767
     856   4011.09007126
     857   4020.46657192
     858   4029.85402071
     859   4039.25241657
     860   4048.66176057
     861   4058.08205163
     862   4067.51329084
     863   4076.95547710
     864   4086.40861152
     865   4095.87269299
     866   4105.34772261
     867   4114.83369929
     868   4124.33062413
     869   4133.83849602
     870   4143.35731608
     871   4152.88708318
     872   4162.42779846
     873   4171.97946077
     874   4181.54207126
     875   4191.11562880
     876   4200.70013451
     877   4210.29558726
     878   4219.90198820
     879   4229.51933617
     880   4239.14763234
     881   4248.78687553
     882   4258.43706692
     883   4268.09820534
     884   4277.77029196
     885   4287.45332561
     886   4297.14730746
     887   4306.85223634
     888   4316.56811342
     889   4326.29493753
     890   4336.03270985
     891   4345.78142919
     892   4355.54109674
     893   4365.31171132
     894   4375.09327412
     895   4384.88578393
     896   4394.68924197
     897   4404.50364702
     898   4414.32900030
     899   4424.16530059
     900   4434.01254912
     901   4443.87074466
     902   4453.73988843
     903   4463.61997921
     904   4473.51101824
     905   4483.41300427
     906   4493.32593855
     907   4503.24981983
     908   4513.18464936
     909   4523.13042589
     910   4533.08715068
     911   4543.05482246
     912   4553.03344251
     913   4563.02300955
     914   4573.02352486
     915   4583.03498716
     916   4593.05739773
     917   4603.09075529
     918   4613.13506113
     919   4623.19031394
     920   4633.25651505
     921   4643.33366313
     922   4653.42175951
     923   4663.52080285
     924   4673.63079450
     925   4683.75173312
     926   4693.88362004
     927   4704.02645393
     928   4714.18023612
     929   4724.34496528
     930   4734.52064276
     931   4744.70726719
     932   4754.90483994
     933   4765.11335966
     934   4775.33282769
     935   4785.56324268
     936   4795.80460600
     937   4806.05691628
     938   4816.32017488
     939   4826.59438044
     940   4836.87953434
     941   4847.17563518
     942   4857.48268436
     943   4867.80068049
     944   4878.12962497
     945   4888.46951639
     946   4898.82035617
     947   4909.18214288
     948   4919.55487795
     949   4929.93855996
     950   4940.33319033
     951   4950.73876763
     952   4961.15529331
     953   4971.58276591
     954   4982.02118689
     955   4992.47055479
     956   5002.93087108
     957   5013.40213428
     958   5023.88434588
     959   5034.37750439
     960   5044.88161129
     961   5055.39666511
     962   5065.92266733
     963   5076.45961645
     964   5087.00751399
     965   5097.56635843
     966   5108.13615128
     967   5118.71689103
     968   5129.30857920
     969   5139.91121427
     970   5150.52479777
     971   5161.14932815
     972   5171.78480697
     973   5182.43123268
     974   5193.08860683
     975   5203.75692786
     976   5214.43619733
     977   5225.12641369
     978   5235.82757849
     979   5246.53969018
     980   5257.26275032
     981   5267.99675733
     982   5278.74171281
     983   5289.49761515
     984   5300.26446596
     985   5311.04226364
     986   5321.83100980
     987   5332.63070281
     988   5343.44134431
     989   5354.26293266
     990   5365.09546950
     991   5375.93895320
     992   5386.79338539
     993   5397.65876443
     994   5408.53509196
     995   5419.42236635
     996   5430.32058924
     997   5441.22975897
     998   5452.14987722
     999   5463.08094230
    1000   5474.02295590
    1001   5484.97591633
    1002   5495.93982529
    1003   5506.91468108
    1004   5517.90048540
    1005   5528.89723655
    1006   5539.90493623
    1007   5550.92358273
    1008   5561.95317779
    1009   5572.99371965
    1010   5584.04521007
    1011   5595.10764730
    1012   5606.18103309
    1013   5617.26536569
    1014   5628.36064685
    1015   5639.46687481
    1016   5650.58405135
    1017   5661.71217469
    1018   5672.85124660
    1019   5684.00126531
    1020   5695.16223261
    1021   5706.33414669
    1022   5717.51700937
    1023   5728.71081883
    1024   5739.91557689
    1025   5751.13128173
    1026   5762.35793518
    1027   5773.59553540
    1028   5784.84408424
    1029   5796.10357985
    1030   5807.37402408
    1031   5818.65541508
    1032   5829.94775470
    1033   5841.25104109
    1034   5852.56527611
    1035   5863.89045789
    1036   5875.22658831
    1037   5886.57366548
    1038   5897.93169130
    1039   5909.30066387
    1040   5920.68058509
    1041   5932.07145306
    1042   5943.47326969
    1043   5954.88603306
    1044   5966.30974510
    1045   5977.74440387
    1046   5989.19001132
    1047   6000.64656550
    1048   6012.11406836
    1049   6023.59251795
    1050   6035.08191623
    1051   6046.58226122
    1052   6058.09355492
    1053   6069.61579533
    1054   6081.14898445
    1055   6092.69312028
    1056   6104.24820482
    1057   6115.81423606
    1058   6127.39121603
    1059   6138.97914269
    1060   6150.57801809
    1061   6162.18784017
    1062   6173.80861100
    1063   6185.44032851
    1064   6197.08299477
    1065   6208.73660771
    1066   6220.40116940
    1067   6232.07667777
    1068   6243.76313490
    1069   6255.46053870
    1070   6267.16889128
    1071   6278.88819051
    1072   6290.61843853
    1073   6302.35963320
    1074   6314.11177666
    1075   6325.87486677
    1076   6337.64890568
    1077   6349.43389123
    1078   6361.22982559
    1079   6373.03670659
    1080   6384.85453640
    1081   6396.68331284
    1082   6408.52303811
    1083   6420.37371000
    1084   6432.23533072
    1085   6444.10789807
    1086   6455.99141425
    1087   6467.88587705
    1088   6479.79128870
    1089   6491.70764695
    1090   6503.63495406
    1091   6515.57320778
    1092   6527.52241035
    1093   6539.48255953
    1094   6551.45365758
    1095   6563.43570222
    1096   6575.42869574
    1097   6587.43263584
    1098   6599.44752484
    1099   6611.47336041
    1100   6623.51014489
    1101   6635.55787593
    1102   6647.61655588
    1103   6659.68618240
    1104   6671.76675784
    1105   6683.85827984
    1106   6695.96075075
    1107   6708.07416823
    1108   6720.19853464
    1109   6732.33384759
    1110   6744.48010949
    1111   6756.63731793
    1112   6768.80547532
    1113   6780.98457924
    1114   6793.17463213
    1115   6805.37563154
    1116   6817.58757992
    1117   6829.81047483
    1118   6842.04431871
    1119   6854.28910910
    1120   6866.54484849
    1121   6878.81153438
    1122   6891.08916927
    1123   6903.37775066
    1124   6915.67728106
    1125   6927.98775795
    1126   6940.30918386
    1127   6952.64155626
    1128   6964.98487768
    1129   6977.33914558
    1130   6989.70436251
    1131   7002.08052592
    1132   7014.46763838
    1133   7026.86569730
    1134   7039.27470527
    1135   7051.69465970
    1136   7064.12556320
    1137   7076.56741315
    1138   7089.02021217
    1139   7101.48395764
    1140   7113.95865219
    1141   7126.44429318
    1142   7138.94088326
    1143   7151.44841977
    1144   7163.96690538
    1145   7176.49633742
    1146   7189.03671857
    1147   7201.58804613
    1148   7214.15032282
    1149   7226.72354592
    1150   7239.30771814
    1151   7251.90283678
    1152   7264.50890455
    1153   7277.12591871
    1154   7289.75388203
    1155   7302.39279173
    1156   7315.04265060
    1157   7327.70345584
    1158   7340.37521026
    1159   7353.05791105
    1160   7365.75156102
    1161   7378.45615735
    1162   7391.17170288
    1163   7403.89819476
    1164   7416.63563584
    1165   7429.38402327
    1166   7442.14335992
    1167   7454.91364291
    1168   7467.69487512
    1169   7480.48705366
    1170   7493.29018143
    1171   7506.10425553
    1172   7518.92927888
    1173   7531.76524854
    1174   7544.61216746
    1175   7557.47003268
    1176   7570.33884717
    1177   7583.21860796
    1178   7596.10931803
    1179   7609.01097439
    1180   7621.92358004
    1181   7634.84713197
    1182   7647.78163320
    1183   7660.72708070
    1184   7673.68347751
    1185   7686.65082059
    1186   7699.62911299
    1187   7712.61835165
    1188   7725.61853964
    1189   7738.62967388
    1190   7751.65175746
    1191   7764.68478728
    1192   7777.72876646
    1193   7790.78369187
    1194   7803.84956664
    1195   7816.92638764
    1196   7830.01415801
    1197   7843.11287460
    1198   7856.22254058
    1199   7869.34315276
    1200   7882.47471434
    1201   7895.61722212
    1202   7908.77067931
    1203   7921.93508269
    1204   7935.11043549
    1205   7948.29673446
    1206   7961.49398288
    1207   7974.70217746
    1208   7987.92132149
    1209   8001.15141167
    1210   8014.39245132
    1211   8027.64443712
    1212   8040.90737239
    1213   8054.18125379
    1214   8067.46608469
    1215   8080.76186170
    1216   8094.06858822
    1217   8107.38626086
    1218   8120.71488301
    1219   8134.05445126
    1220   8147.40496904
    1221   8160.76643291
    1222   8174.13884633
    1223   8187.52220582
    1224   8200.91651487
    1225   8214.32177000
    1226   8227.73797468
    1227   8241.16512544
    1228   8254.60322577
    1229   8268.05227215
    1230   8281.51226813
    1231   8294.98321014
    1232   8308.46510176
    1233   8321.95793942
    1234   8335.46172669
    1235   8348.97645998
    1236   8362.50214290
    1237   8376.03877184
    1238   8389.58635041
    1239   8403.14487499
    1240   8416.71434922
    1241   8430.29476945
    1242   8443.88613934
    1243   8457.48845521
    1244   8471.10172076
    1245   8484.72593229
    1246   8498.36109351
    1247   8512.00720068
    1248   8525.66425757
    1249   8539.33226040
    1250   8553.01121296
    1251   8566.70111145
    1252   8580.40195968
    1253   8594.11375383
    1254   8607.83649774
    1255   8621.57018755
    1256   8635.31482714
    1257   8649.07041262
    1258   8662.83694788
    1259   8676.61442903
    1260   8690.40285997
    1261   8704.20223679
    1262   8718.01256343
    1263   8731.83383592
    1264   8745.66605824
    1265   8759.50922641
    1266   8773.36334442
    1267   8787.22840826
    1268   8801.10442197
    1269   8814.99138149
    1270   8828.88929089
    1271   8842.79814610
    1272   8856.71795120
    1273   8870.64870210
    1274   8884.59040289
    1275   8898.54304948
    1276   8912.50664598
    1277   8926.48118825
    1278   8940.46668046
    1279   8954.46311842
    1280   8968.47050634
    1281   8982.48884000
    1282   8996.51812363
    1283   9010.55835299
    1284   9024.60953232
    1285   9038.67165738
    1286   9052.74473244
    1287   9066.82875320
    1288   9080.92372397
    1289   9095.02964044
    1290   9109.14650693
    1291   9123.27431911
    1292   9137.41308133
    1293   9151.56278921
    1294   9165.72344715
    1295   9179.89505075
    1296   9194.07760442
    1297   9208.27110373
    1298   9222.47555313
    1299   9236.69094816
    1300   9250.91729329
    1301   9265.15458404
    1302   9279.40282491
    1303   9293.66201138
    1304   9307.93214799
    1305   9322.21323018
    1306   9336.50526253
    1307   9350.80824045
    1308   9365.12216854
    1309   9379.44704219
    1310   9393.78286603
    1311   9408.12963540
    1312   9422.48735499
    1313   9436.85602010
    1314   9451.23563544
    1315   9465.62619628
    1316   9480.02770737
    1317   9494.44016396
    1318   9508.86357080
    1319   9523.29792313
    1320   9537.74322573
    1321   9552.19947380
    1322   9566.66667216
    1323   9581.14481597
    1324   9595.63391010
    1325   9610.13394966
    1326   9624.64493955
    1327   9639.16687486
    1328   9653.69976052
    1329   9668.24359157
    1330   9682.79837301
    1331   9697.36409981
    1332   9711.94077702
    1333   9726.52839958
    1334   9741.12697256
    1335   9755.73649089
    1336   9770.35695964
    1337   9784.98837373
    1338   9799.63073826
    1339   9814.28404811
    1340   9828.94830843
    1341   9843.62351404
    1342   9858.30967014
    1343   9873.00677152
    1344   9887.71482341
    1345   9902.43382055
    1346   9917.16376823
    1347   9931.90466115
    1348   9946.65650462
    1349   9961.41929331
    1350   9976.19303257
    1351   9990.97771704
    1352  10005.77335210
    1353  10020.57993234
    1354  10035.39746320
    1355  10050.22593922
    1356  10065.06536588
    1357  10079.91573769
    1358  10094.77706015
    1359  10109.64932774
    1360  10124.53254600
    1361  10139.42670938
    1362  10154.33182345
    1363  10169.24788261
    1364  10184.17489250
    1365  10199.11284745
    1366  10214.06175314
    1367  10229.02160389
    1368  10243.99240540
    1369  10258.97415194
    1370  10273.96684926
    1371  10288.97049160
    1372  10303.98508474
    1373  10319.01062287
    1374  10334.04711184
    1375  10349.09454577
    1376  10364.15293056
    1377  10379.22226029
    1378  10394.30254091
    1379  10409.39376644
    1380  10424.49594288
    1381  10439.60906423
    1382  10454.73313650
    1383  10469.86815365
    1384  10485.01412175
    1385  10500.17103471
    1386  10515.33889865
    1387  10530.51770742
    1388  10545.70746719
    1389  10560.90817178
    1390  10576.11982738
    1391  10591.34242779
    1392  10606.57597923
    1393  10621.82047545
    1394  10637.07592274
    1395  10652.34231478
    1396  10667.61965791
    1397  10682.90794577
    1398  10698.20718475
    1399  10713.51736843
    1400  10728.83850326
    1401  10744.17058277
    1402  10759.51361344
    1403  10774.86758878
    1404  10790.23251530
    1405  10805.60838647
    1406  10820.99520885
    1407  10836.39297584
    1408  10851.80169407
    1409  10867.22135690
    1410  10882.65197099
    1411  10898.09352964
    1412  10913.54603960
    1413  10929.00949409
    1414  10944.48389990
    1415  10959.96925023
    1416  10975.46555191
    1417  10990.97279807
    1418  11006.49099561
    1419  11022.02013762
    1420  11037.56023103
    1421  11053.11126887
    1422  11068.67325815
    1423  11084.24619184
    1424  11099.83007699
    1425  11115.42490652
    1426  11131.03068754
    1427  11146.64741291
    1428  11162.27508981
    1429  11177.91371103
    1430  11193.56328380
    1431  11209.22380088
    1432  11224.89526952
    1433  11240.57768244
    1434  11256.27104697
    1435  11271.97535574
    1436  11287.69061615
    1437  11303.41682078
    1438  11319.15397707
    1439  11334.90207755
    1440  11350.66112972
    1441  11366.43112606
    1442  11382.21207412
    1443  11398.00396631
    1444  11413.80681026
    1445  11429.62059830
    1446  11445.44533814
    1447  11461.28102205
    1448  11477.12765777
    1449  11492.98523754
    1450  11508.85376916
    1451  11524.73324479
    1452  11540.62367230
    1453  11556.52504379
    1454  11572.43736720
    1455  11588.36063455
    1456  11604.29485385
    1457  11620.24001707
    1458  11636.19613227
    1459  11652.16319135
    1460  11668.14120245
    1461  11684.13015740
    1462  11700.13006440
    1463  11716.14091522
    1464  11732.16271812
    1465  11748.19546481
    1466  11764.23916361
    1467  11780.29380617
    1468  11796.35940088
    1469  11812.43593930
    1470  11828.52342991
    1471  11844.62186421
    1472  11860.73125073
    1473  11876.85158090
    1474  11892.98286333
    1475  11909.12508937
    1476  11925.27826770
    1477  11941.44238962
    1478  11957.61746386
    1479  11973.80348165
    1480  11990.00045181
    1481  12006.20836547
    1482  12022.42723154
    1483  12038.65704108
    1484  12054.89780306
    1485  12071.14950847
    1486  12087.41216637
    1487  12103.68576766
    1488  12119.97032147
    1489  12136.26581863
    1490  12152.57226836
    1491  12168.88966140
    1492  12185.21800705
    1493  12201.55729597
    1494  12217.90753753
    1495  12234.26872233
    1496  12250.64085981
    1497  12267.02394048
    1498  12283.41797388
    1499  12299.82295044
    1500  12316.23887976
    1501  12332.66575219
    1502  12349.10357743
    1503  12365.55234574
    1504  12382.01206690
    1505  12398.48273109
    1506  12414.96434817
    1507  12431.45690824
    1508  12447.96042124
    1509  12464.47487719
    1510  12481.00028612
    1511  12497.53663795
    1512  12514.08394279
    1513  12530.64219050
    1514  12547.21139127
    1515  12563.79153486
    1516  12580.38263156
    1517  12596.98467102
    1518  12613.59766364
    1519  12630.22159898
    1520  12646.85648753
    1521  12663.50231875
    1522  12680.15910322
    1523  12696.82683032
    1524  12713.50551071
    1525  12730.19513369
    1526  12746.89571000
    1527  12763.60722886
    1528  12780.32970110
    1529  12797.06311583
    1530  12813.80748399
    1531  12830.56279460
    1532  12847.32905869
    1533  12864.10626518
    1534  12880.89442519
    1535  12897.69352755
    1536  12914.50358348
    1537  12931.32458172
    1538  12948.15653358
    1539  12964.99942769
    1540  12981.85327547
    1541  12998.71806545
    1542  13015.59380916
    1543  13032.48049501
    1544  13049.37813464
    1545  13066.28671636
    1546  13083.20625191
    1547  13100.13672950
    1548  13117.07816098
    1549  13134.03053444
    1550  13150.99386184
    1551  13167.96813116
    1552  13184.95335448
    1553  13201.94951967
    1554  13218.95663891
    1555  13235.97469996
    1556  13253.00371512
    1557  13270.04367204
    1558  13287.09458312
    1559  13304.15643589
    1560  13321.22924289
    1561  13338.31299153
    1562  13355.40769444
    1563  13372.51333893
    1564  13389.62993777
    1565  13406.75747811
    1566  13423.89597286
    1567  13441.04540906
    1568  13458.20579972
    1569  13475.37713178
    1570  13492.55941835
    1571  13509.75264625
    1572  13526.95682874
    1573  13544.17195249
    1574  13561.39803089
    1575  13578.63505048
    1576  13595.88302479
    1577  13613.14194023
    1578  13630.41181044
    1579  13647.69262172
    1580  13664.98438784
    1581  13682.28709496
    1582  13699.60075698
    1583  13716.92535994
    1584  13734.26091786
    1585  13751.60741665
    1586  13768.96487047
    1587  13786.33326509
    1588  13803.71261481
    1589  13821.10290526
    1590  13838.50415088
    1591  13855.91633715
    1592  13873.33947866
    1593  13890.77356075
    1594  13908.21859816
    1595  13925.67457607
    1596  13943.14150936
    1597  13960.61938309
    1598  13978.10821227
    1599  13995.60798181
    1600  14013.11870688
    1601  14030.64037222
    1602  14048.17299317
    1603  14065.71655432
    1604  14083.27107115
    1605  14100.83652810
    1606  14118.41294081
    1607  14136.00029355
    1608  14153.59860214
    1609  14171.20785067
    1610  14188.82805513
    1611  14206.45919945
    1612  14224.10129977
    1613  14241.75433989
    1614  14259.41833607
    1615  14277.09327196
    1616  14294.77916401
    1617  14312.47599568
    1618  14330.18378358
    1619  14347.90251102
    1620  14365.63219478
    1621  14383.37281799
    1622  14401.12439760
    1623  14418.88691656
    1624  14436.66039202
    1625  14454.44480674
    1626  14472.24017805
    1627  14490.04648852
    1628  14507.86375566
    1629  14525.69196188
    1630  14543.53112486
    1631  14561.38122681
    1632  14579.24228563
    1633  14597.11428332
    1634  14614.99723795
    1635  14632.89113137
    1636  14650.79598183
    1637  14668.71177097
    1638  14686.63851726
    1639  14704.57620211
    1640  14722.52484421
    1641  14740.48442477
    1642  14758.45496267
    1643  14776.43643894
    1644  14794.42887265
    1645  14812.43224462
    1646  14830.44657412
    1647  14848.47184178
    1648  14866.50806707
    1649  14884.55523041
    1650  14902.61335150
    1651  14920.68241051
    1652  14938.76242738
    1653  14956.85338207
    1654  14974.95529471
    1655  14993.06814505
    1656  15011.19195347
    1657  15029.32669947
    1658  15047.47240364
    1659  15065.62904529
    1660  15083.79664522
    1661  15101.97518251
    1662  15120.16467819
    1663  15138.36511110
    1664  15156.57650254
    1665  15174.79883107
    1666  15193.03211824
    1667  15211.27634238
    1668  15229.53152528
    1669  15247.79764503
    1670  15266.07472365
    1671  15284.36273899
    1672  15302.66171334
    1673  15320.97162426
    1674  15339.29249431
    1675  15357.62430081
    1676  15375.96706656
    1677  15394.32076863
    1678  15412.68543007
    1679  15431.06102769
    1680  15449.44758483
    1681  15467.84507799
    1682  15486.25353080
    1683  15504.67291949
    1684  15523.10326798
    1685  15541.54455219
    1686  15559.99679633
    1687  15578.45997606
    1688  15596.93411586
    1689  15615.41919108
    1690  15633.91522652
    1691  15652.42219724
    1692  15670.94012831
    1693  15689.46899450
    1694  15708.00882120
    1695  15726.55958285
    1696  15745.12130517
    1697  15763.69396227
    1698  15782.27758019
    1699  15800.87213273
    1700  15819.47764624
    1701  15838.09409421
    1702  15856.72150331
    1703  15875.35984669
    1704  15894.00915136
    1705  15912.66939014
    1706  15931.34059037
    1707  15950.02272453
    1708  15968.71582031
    1709  15987.41984985
    1710  16006.13484117
    1711  16024.86076606
    1712  16043.59765290
    1713  16062.34547313
    1714  16081.10425549
    1715  16099.87397105
    1716  16118.65464891
    1717  16137.44625978
    1718  16156.24883313
    1719  16175.06233929
    1720  16193.88680812
    1721  16212.72220956
    1722  16231.56857385
    1723  16250.42587054
    1724  16269.29413029
    1725  16288.17332223
    1726  16307.06347741
    1727  16325.96456457
    1728  16344.87661518
    1729  16363.79959754
    1730  16382.73354356
    1731  16401.67842111
    1732  16420.63426253
    1733  16439.60103524
    1734  16458.57877203
    1735  16477.56743990
    1736  16496.56707206
    1737  16515.57763505
    1738  16534.59916255
    1739  16553.63162066
    1740  16572.67504349
    1741  16591.72939668
    1742  16610.79471483
    1743  16629.87096309
    1744  16648.95817654
    1745  16668.05631984
    1746  16687.16542857
    1747  16706.28546689
    1748  16725.41647088
    1749  16744.55840420
    1750  16763.71130344
    1751  16782.87513174
    1752  16802.04992621
    1753  16821.23564945
    1754  16840.43233913
    1755  16859.63995730
    1756  16878.85854216
    1757  16898.08805524
    1758  16917.32853527
    1759  16936.57994322
    1760  16955.84231840
    1761  16975.11562120
    1762  16994.39989151
    1763  17013.69508913
    1764  17033.00125455
    1765  17052.31834697
    1766  17071.64640747
    1767  17090.98539466
    1768  17110.33535022
    1769  17129.69623214
    1770  17149.06808275
    1771  17168.45085938
    1772  17187.84460501
    1773  17207.24927631
    1774  17226.66491694
    1775  17246.09148289
    1776  17265.52901848
    1777  17284.97747905
    1778  17304.43690959
    1779  17323.90726473
    1780  17343.38859019
    1781  17362.88083989
    1782  17382.38406025
    1783  17401.89820446
    1784  17421.42331968
    1785  17440.95935837
    1786  17460.50636844
    1787  17480.06430157
    1788  17499.63320645
    1789  17519.21303399
    1790  17538.80383365
    1791  17558.40555556
    1792  17578.01824999
    1793  17597.64186622
    1794  17617.27645538
    1795  17636.92196591
    1796  17656.57844975
    1797  17676.24585453
    1798  17695.92423305
    1799  17715.61353204
    1800  17735.31380519
    1801  17755.02499834
    1802  17774.74716610
    1803  17794.48025338
    1804  17814.22431570
    1805  17833.97929705
    1806  17853.74525391
    1807  17873.52212930
    1808  17893.30998066
    1809  17913.10875003
    1810  17932.91849586
    1811  17952.73915917
    1812  17972.57079943
    1813  17992.41335662
    1814  18012.26689128
    1815  18032.13134231
    1816  18052.00677132
    1817  18071.89311613
    1818  18091.79043946
    1819  18111.69867800
    1820  18131.61789561
    1821  18151.54802783
    1822  18171.48913967
    1823  18191.44116551
    1824  18211.40417154
    1825  18231.37809094
    1826  18251.36299113
    1827  18271.35880404
    1828  18291.36559834
    1829  18311.38330468
    1830  18331.41199304
    1831  18351.45159277
    1832  18371.50217515
    1833  18391.56366819
    1834  18411.63614455
    1835  18431.71953084
    1836  18451.81390112
    1837  18471.91918059
    1838  18492.03544474
    1839  18512.16261733
    1840  18532.30077531
    1841  18552.44984093
    1842  18572.60989269
    1843  18592.78085128
    1844  18612.96279675
    1845  18633.15564824
    1846  18653.35948738
    1847  18673.57423169
    1848  18693.79996444
    1849  18714.03660148
    1850  18734.28422778
    1851  18754.54275748
    1852  18774.81227728
    1853  18795.09269955
    1854  18815.38411278
    1855  18835.68642754
    1856  18855.99973414
    1857  18876.32394130
    1858  18896.65914121
    1859  18917.00524068
    1860  18937.36233383
    1861  18957.73032551
    1862  18978.10931184
    1863  18998.49919565
    1864  19018.90007508
    1865  19039.31185090
    1866  19059.73462337
    1867  19080.16829112
    1868  19100.61295655
    1869  19121.06851611
    1870  19141.53507443
    1871  19162.01252571
    1872  19182.50097683
    1873  19203.00031971
    1874  19223.51066355
    1875  19244.03189793
    1876  19264.56413441
    1877  19285.10726017
    1878  19305.66138920
    1879  19326.22640622
    1880  19346.80242772
    1881  19367.38933588
    1882  19387.98724974
    1883  19408.59604893
    1884  19429.21585506
    1885  19449.84654515
    1886  19470.48824344
    1887  19491.14082430
    1888  19511.80441466
    1889  19532.47888616
    1890  19553.16436845
    1891  19573.86073047
    1892  19594.56810460
    1893  19615.28635699
    1894  19636.01562281
    1895  19656.75576546
    1896  19677.50692287
    1897  19698.26895561
    1898  19719.04200444
    1899  19739.82592717
    1900  19760.62086730
    1901  19781.42667985
    1902  19802.24351109
    1903  19823.07121337
    1904  19843.90993559
    1905  19864.75952741
    1906  19885.62014040
    1907  19906.49162167
    1908  19927.37412528
    1909  19948.26749583
    1910  19969.17188980
    1911  19990.08714956
    1912  20011.01343372
    1913  20031.95058250
    1914  20052.89875656
    1915  20073.85779432
    1916  20094.82785808
    1917  20115.80878464
    1918  20136.80073773
    1919  20157.80355309
    1920  20178.81739529
    1921  20199.84209927
    1922  20220.87783014
    1923  20241.92442279
    1924  20262.98204205
    1925  20284.05052322
    1926  20305.13003034
    1927  20326.22040015
    1928  20347.32179479
    1929  20368.43405312
    1930  20389.55733461
    1931  20410.69148169
    1932  20431.83664961
    1933  20452.99268537
    1934  20474.15973889
    1935  20495.33766368
    1936  20516.52660228
    1937  20537.72641611
    1938  20558.93723874
    1939  20580.15894215
    1940  20601.39164813
    1941  20622.63524125
    1942  20643.88982926
    1943  20665.15531289
    1944  20686.43178204
    1945  20707.71915646
    1946  20729.01750506
    1947  20750.32677141
    1948  20771.64699832
    1949  20792.97815711
    1950  20814.32026014
    1951  20835.67331299
    1952  20857.03729062
    1953  20878.41223835
    1954  20899.79808777
    1955  20921.19493262
    1956  20942.60265181
    1957  20964.02139506
    1958  20985.45098035
    1959  21006.89162508
    1960  21028.34307379
    1961  21049.80562193
    1962  21071.27892923
    1963  21092.76338498
    1964  21114.25854731
    1965  21135.76491347
    1966  21157.28192446
    1967  21178.81020679
    1968  21200.34906166
    1969  21221.89926415
    1970  21243.45995449
    1971  21265.03208499
    1972  21286.61460436
    1973  21308.20866850
    1974  21329.81300574
    1975  21351.42901423
    1976  21373.05516061
    1977  21394.69312136
    1978  21416.34106202
    1979  21438.00098959
    1980  21459.67071272
    1981  21481.35261816
    1982  21503.04410386
    1983  21524.74800698
    1984  21546.46123922
    1985  21568.18715541
    1986  21589.92210745
    1987  21611.67006369
    1988  21633.42671375
    1989  21655.19673136
    1990  21676.97504336
    1991  21698.76715919
    1992  21720.56710343
    1993  21742.38134701
    1994  21764.20287463
    1995  21786.03929630
    1996  21807.88236679
    1997  21829.74100740
    1998  21851.60555435
    1999  21873.48648282
    2000  21895.37245088
    2001  21917.27572359
    2002  21939.18302226
    2003  21961.10873366
    2004  21983.03728736
    2005  22004.98551509
    2006  22026.93520031
    2007  22048.90607372
    2008  22070.87678757
    2009  22092.87041294
    2010  22114.86198714
    2011  22136.87854090
    2012  22158.89083665
    2013  22180.93046246
    2014  22202.96325224
    2015  22225.02618790
    2016  22247.07928853
    2017  22269.16572289
    2018  22291.23883316
    2019  22313.34907756
    2020  22335.44196785
    2021  22357.57625486
    2022  22379.68854697
    2023  22401.84725574
    2024  22423.97869835
    2025  22446.16206794
    2026  22468.31225099
    2027  22490.52065350
    2028  22512.68941818
    2029  22534.92294468
    2030  22557.11006157
    2031  22579.36877061
    2032  22601.57456940
    2033  22623.85788051
    2034  22646.08307674
    2035  22668.38966772
    2036  22690.63636394
    2037  22712.96328176
    2038  22735.23577959
    2039  22757.57663014
    2040  22779.88302485
    2041  22802.22676782
    2042  22824.58483499
    2043  22846.90575847
    2044  22869.34482190
    2045  22891.60116716
    2046  22914.20843854
    2047  22936.24900560
    2048  22959.30755131
 ---------------------------------------
 
SCF converged! Final Ground-State Energy (Eh):              -1.7429676543284407
