 
     Two-Electron DVR    
 ------------------------
 x0     =      15.00000000
 m      =       1.00000000
 Z      =       4.00000000
 n      =               64
 dx     =       0.47619048
 
Soft-Coulomb Parameters:
 alpha  =       0.10000000
 beta   =       1.00000000
 
 
                       Hartree-Fock                      
 --------------------------------------------------------
 no. of orbitals        =               64
 no. of electrons       =                2
 scf_damping_switch     =        F
 scf_diis_switch        =        F
 damping_factor         =   0.00000000
 e_tolerance            = 0.0000000000100000
 maximum scf-iterations =              200
 
 
                       SCF iterations                      
 ----------------------------------------------------------
    S.No    Energy (hartree)        dE (hartree)
 ----------------------------------------------------------
       0    -16.811443613607
       1    -15.893110611847      0.918333001760
       2    -15.893652460202      0.000541848355
       3    -15.893657366189      0.000004905987
       4    -15.893657411437      0.000000045249
       5    -15.893657411858      0.000000000420
       6    -15.893657411862      0.000000000004
 ----------------------------------------------------------
  
 
 
 ---------------------------------------
     Molecular Orbital Energies (Eh)    
 ---------------------------------------
       1     -7.48821489
       2     -2.59007840
       3     -0.95597164
       4     -0.57208117
       5     -0.32871287
       6     -0.24098826
       7     -0.16137551
       8     -0.11590643
       9     -0.04082388
      10      0.02143652
      11      0.12821171
      12      0.21131523
      13      0.34824504
      14      0.45032025
      15      0.61612026
      16      0.73604103
      17      0.93012032
      18      1.06691751
      19      1.28922297
      20      1.44217705
      21      1.69275046
      22      1.86095896
      23      2.14025123
      24      2.32303852
      25      2.63138714
      26      2.82772744
      27      3.16593952
      28      3.37513602
      29      3.74372645
      30      3.96456317
      31      4.36466114
      32      4.59642897
      33      5.02865347
      34      5.26990230
      35      5.73571551
      36      5.98577521
      37      6.48582238
      38      6.74296971
      39      7.27908124
      40      7.54279505
      41      8.11552154
      42      8.38376745
      43      8.99536436
      44      9.26797789
      45      9.91869167
      46     10.19327211
      47     10.88589185
      48     11.16300446
      49     11.89710854
      50     12.17384152
      51     12.95303649
      52     13.23137427
      53     14.05392534
      54     14.32997344
      55     15.20121827
      56     15.47989271
      57     16.39550447
      58     16.67024842
      59     17.64105139
      60     17.92475898
      61     18.94066685
      62     19.21588413
      63     20.32682674
      64     20.67073922
 ---------------------------------------
 
SCF converged! Final Ground-State Energy (Eh):             -15.8936574118615006
