 
     Two-Electron DVR    
 ------------------------
 x0     =      15.00000000
 m      =       1.00000000
 Z      =       6.00000000
 n      =              128
 dx     =       0.23622047
 
Soft-Coulomb Parameters:
 alpha  =       1.00000000
 beta   =       0.10000000
 
 
                       Hartree-Fock                      
 --------------------------------------------------------
 no. of orbitals        =              128
 no. of electrons       =                2
 scf_damping_switch     =        F
 scf_diis_switch        =        F
 damping_factor         =   0.00000000
 e_tolerance            = 0.0000000000100000
 maximum scf-iterations =              200
 
 
                       SCF iterations                      
 ----------------------------------------------------------
    S.No    Energy (hartree)        dE (hartree)
 ----------------------------------------------------------
       0     -9.988194935090
       1     -8.211670498012      1.776524437078
       2     -8.285929908310      0.074259410298
       3     -8.286990778913      0.001060870603
       4     -8.287007681071      0.000016902158
       5     -8.287008035552      0.000000354481
       6     -8.287008044172      0.000000008620
       7     -8.287008044394      0.000000000222
       8     -8.287008044400      0.000000000006
 ----------------------------------------------------------
  
 
 
 ---------------------------------------
     Molecular Orbital Energies (Eh)    
 ---------------------------------------
       1     -3.33267632
       2     -1.53470530
       3     -1.08108223
       4     -0.78752220
       5     -0.59787204
       6     -0.46591177
       7     -0.37253438
       8     -0.29721985
       9     -0.22452888
      10     -0.14086534
      11     -0.04434971
      12      0.06674411
      13      0.18982121
      14      0.32636452
      15      0.47401029
      16      0.63442162
      17      0.80551914
      18      0.98890707
      19      1.18279735
      20      1.38861939
      21      1.60487958
      22      1.83278755
      23      2.07113037
      24      2.32089343
      25      2.58111636
      26      2.85257823
      27      3.13453519
      28      3.42758843
      29      3.73117256
      30      4.04574243
      31      4.37087497
      32      4.70690889
      33      5.05353161
      34      5.41099222
      35      5.77906204
      36      6.15792262
      37      6.54740768
      38      6.94764896
      39      7.35852581
      40      7.78013386
      41      8.21238528
      42      8.65534999
      43      9.10896346
      44      9.57327756
      45     10.04824400
      46     10.53390230
      47     11.03021526
      48     11.53721413
      49     12.05486907
      50     12.58320602
      51     13.12219989
      52     13.67187337
      53     14.23220413
      54     14.80321319
      55     15.38487970
      56     15.97722398
      57     16.58022560
      58     17.19390504
      59     17.81824169
      60     18.45325663
      61     19.09892845
      62     19.75527927
      63     20.42228684
      64     21.09997432
      65     21.78831817
      66     22.48734287
      67     23.19702404
      68     23.91738695
      69     24.64840618
      70     25.39010781
      71     26.14246660
      72     26.90550798
      73     27.67920726
      74     28.46358849
      75     29.25863041
      76     30.06435235
      77     30.88073815
      78     31.70779992
      79     32.54553300
      80     33.39393476
      81     34.25301717
      82     35.12275591
      83     36.00319362
      84     36.89426764
      85     37.79606487
      86     38.70846657
      87     39.63163469
      88     40.56535782
      89     41.50990647
      90     42.46493369
      91     43.43088566
      92     44.40720002
      93     45.39457768
      94     46.39214177
      95     47.40099130
      96     48.41976476
      97     49.45013608
      98     50.49004226
      99     51.54202610
     100     52.60297911
     101     53.67667691
     102     54.75853385
     103     55.85410659
     104     56.95671428
     105     58.07432992
     106     59.19747407
     107     60.33734929
     108     61.48085324
     109     62.64313741
     110     63.80684747
     111     64.99161845
     112     66.17561383
     113     67.38263515
     114     68.58720335
     115     69.81605217
     116     71.04187585
     117     72.29180321
     118     73.53883747
     119     74.81094082
     120     76.07725669
     121     77.37590586
     122     78.64900431
     123     79.99601058
     124     81.24894387
     125     82.68536585
     126     83.82934896
     127     85.51627001
     128     86.53459424
 ---------------------------------------
 
SCF converged! Final Ground-State Energy (Eh):              -8.2870080443995260
