 
     Two-Electron DVR    
 ------------------------
 x0     =      15.00000000
 m      =       1.00000000
 Z      =       3.00000000
 n      =              256
 dx     =       0.11764706
 
Soft-Coulomb Parameters:
 alpha  =       1.00000000
 beta   =       0.10000000
 
 
                       Hartree-Fock                      
 --------------------------------------------------------
 no. of orbitals        =              256
 no. of electrons       =                2
 scf_damping_switch     =        F
 scf_diis_switch        =        F
 damping_factor         =   0.00000000
 e_tolerance            = 0.0000000000100000
 maximum scf-iterations =              200
 
 
                       SCF iterations                      
 ----------------------------------------------------------
    S.No    Energy (hartree)        dE (hartree)
 ----------------------------------------------------------
       0     -4.671397010573
       1     -3.094220788229      1.577176222344
       2     -3.221185787002      0.126964998773
       3     -3.221921544619      0.000735757617
       4     -3.221941203046      0.000019658427
       5     -3.221942136203      0.000000933157
       6     -3.221942185521      0.000000049318
       7     -3.221942188272      0.000000002751
       8     -3.221942188430      0.000000000157
       9     -3.221942188439      0.000000000009
 ----------------------------------------------------------
  
 
 
 ---------------------------------------
     Molecular Orbital Energies (Eh)    
 ---------------------------------------
       1     -0.95623059
       2     -0.13500194
       3     -0.10690505
       4     -0.04648346
       5     -0.01743013
       6      0.05759265
       7      0.10933063
       8      0.20747575
       9      0.28485109
      10      0.40287381
      11      0.50621786
      12      0.64321152
      13      0.77183999
      14      0.92787295
      15      1.08087369
      16      1.25634164
      17      1.43289655
      18      1.62825503
      19      1.82772392
      20      2.04338403
      21      2.26529989
      22      2.50159564
      23      2.74563333
      24      3.00282072
      25      3.26876200
      26      3.54703046
      27      3.83473354
      28      4.13422042
      29      4.44359620
      30      4.76440015
      31      5.09539475
      32      5.43758656
      33      5.79016907
      34      6.15379986
      35      6.52795403
      36      6.91306114
      37      7.30877987
      38      7.71539102
      39      8.13267274
      40      8.56080889
      41      8.99965529
      42      9.44933262
      43      9.90974717
      44     10.38097844
      45     10.86296549
      46     11.35576099
      47     11.85932521
      48     12.37369336
      49     12.89883946
      50     13.43478730
      51     13.98151977
      52     14.53905327
      53     15.10737637
      54     15.68650064
      55     16.27641829
      56     16.87713778
      57     17.48865358
      58     18.11097216
      59     18.74408941
      60     19.38801052
      61     20.04273220
      62     20.70825886
      63     21.38458770
      64     22.07172262
      65     22.76966107
      66     23.47840669
      67     24.19795698
      68     24.92831547
      69     25.66947963
      70     26.42145296
      71     27.18423284
      72     27.95782279
      73     28.74222005
      74     29.53742824
      75     30.34344442
      76     31.16027232
      77     31.98790881
      78     32.82635776
      79     33.67561582
      80     34.53568706
      81     35.40656787
      82     36.28826252
      83     37.18076714
      84     38.08408622
      85     38.99821565
      86     39.92316013
      87     40.85891526
      88     41.80548601
      89     42.76286769
      90     43.73106551
      91     44.71007452
      92     45.69990018
      93     46.70053722
      94     47.71199141
      95     48.73425716
      96     49.76734054
      97     50.81123562
      98     51.86594878
      99     52.93147377
     100     54.00781730
     101     55.09497274
     102     56.19294716
     103     57.30173357
     104     58.42133939
     105     59.55175723
     106     60.69299492
     107     61.84504465
     108     63.00791465
     109     64.18159670
     110     65.36609945
     111     66.56141421
     112     67.76755010
     113     68.98449796
     114     70.21226738
     115     71.45084871
     116     72.70025201
     117     73.96046715
     118     75.23150470
     119     76.51335398
     120     77.80602611
     121     79.10950985
     122     80.42381688
     123     81.74893538
     124     83.08487763
     125     84.43163118
     126     85.78920895
     127     87.15759783
     128     88.53681141
     129     89.92683591
     130     91.32768558
     131     92.73934595
     132     94.16183200
     133     95.59512849
     134     97.03925118
     135     98.49418404
     136     99.95994365
     137    101.43651312
     138    102.92390989
     139    104.42211621
     140    105.93115040
     141    107.45099380
     142    108.98166566
     143    110.52314635
     144    112.07545613
     145    113.63857433
     146    115.21252227
     147    116.79727819
     148    118.39286453
     149    119.99925837
     150    121.61648335
     151    123.24451531
     152    124.88337916
     153    126.53304943
     154    128.19355238
     155    129.86486116
     156    131.54700343
     157    133.23995089
     158    134.94373272
     159    136.65831905
     160    138.38374065
     161    140.11996601
     162    141.86702761
     163    143.62489215
     164    145.39359397
     165    147.17309786
     166    148.96344011
     167    150.76458349
     168    152.57656639
     169    154.39934940
     170    156.23297314
     171    158.07739591
     172    159.93266072
     173    161.79872336
     174    163.67562942
     175    165.56333204
     176    167.46187956
     177    169.37122224
     178    171.29141141
     179    173.22239424
     180    175.16422525
     181    177.11684826
     182    179.08032129
     183    181.05458454
     184    183.03969976
     185    185.03560325
     186    187.04236081
     187    189.05990455
     188    191.08830464
     189    193.12748855
     190    195.17753126
     191    197.23835534
     192    199.31004084
     193    201.39250492
     194    203.48583325
     195    205.58993729
     196    207.70490859
     197    209.83065232
     198    211.96726650
     199    214.11464989
     200    216.27290708
     201    218.44192972
     202    220.62182960
     203    222.81249154
     204    225.01403415
     205    227.22633487
     206    229.44951944
     207    231.68345929
     208    233.92828564
     209    236.18386406
     210    238.45033054
     211    240.72754867
     212    243.01565446
     213    245.31451208
     214    247.62425359
     215    249.94475380
     216    252.27612865
     217    254.61827261
     218    256.97127293
     219    259.33506839
     220    261.70968779
     221    264.09514010
     222    266.49136122
     223    268.89848891
     224    271.31629540
     225    273.74511502
     226    276.18446853
     227    278.63502289
     228    281.09588331
     229    283.56821664
     230    286.05050021
     231    288.54470755
     232    291.04832088
     233    293.56450877
     234    296.08927733
     235    298.62764105
     236    301.17336740
     237    303.73413006
     238    306.30049847
     239    308.88398450
     240    311.47067591
     241    314.07720073
     242    316.68391620
     243    319.31358520
     244    321.94038410
     245    324.59273348
     246    327.24106104
     247    329.91320907
     248    332.58703764
     249    335.27260573
     250    337.98319124
     251    340.66646237
     252    343.42922013
     253    346.09415721
     254    348.92967503
     255    351.57375677
     256    354.44003654
 ---------------------------------------
 
SCF converged! Final Ground-State Energy (Eh):              -3.2219421884386863
