 -1.084491307943523E-006
  3.583858014112982E-006
 -4.816213578037460E-006
  7.335822210934885E-006
 -1.319312764189056E-005
  9.797091496167000E-006
 -2.689613563675906E-004
 -8.597565917118462E-004
  9.996967647148340E-004
  3.201462709145242E-004
  1.270033720775294E-006
  1.536887624928666E-005
 -7.149999066141444E-006
  5.013354892063448E-006
 -3.554534400342351E-006
  3.143839799519194E-006
  3.583858014112982E-006
 -1.384217888791329E-006
  5.709379916895262E-006
 -8.353102127456219E-006
  1.477187930119001E-005
 -1.337925009460765E-005
  2.976714265867873E-004
  9.918819719859702E-004
 -1.116250164487161E-003
 -3.570849168337651E-004
 -1.524511581979506E-006
 -1.752126700820733E-005
  8.061556724118677E-006
 -5.682323181012095E-006
  4.025898068790716E-006
 -3.554534400342350E-006
 -4.816213578037460E-006
  5.709379916895262E-006
 -2.628232195999360E-006
  1.212428819969277E-005
 -1.982559934568252E-005
  2.081610347171447E-005
 -3.879448805031955E-004
 -1.241905926810056E-003
  1.708427605585179E-003
  5.296761594003184E-004
  4.693279572365923E-006
  2.524564726669119E-005
 -1.136400334528337E-005
  8.042119970875516E-006
 -5.682323181012097E-006
  5.013354892063450E-006
  7.335822210934888E-006
 -8.353102127456219E-006
  1.212428819969277E-005
 -6.085134959622806E-006
  3.146726220353508E-005
 -3.369171966667346E-005
  6.650066532633134E-004
  2.524723831749940E-003
 -1.779151136810615E-003
 -6.583099391180499E-004
 -6.061705933870728E-006
 -3.529179499397488E-005
  1.579297292576652E-005
 -1.136400334528334E-005
  8.061556724118662E-006
 -7.149999066141426E-006
 -1.319312764189056E-005
  1.477187930119001E-005
 -1.982559934568251E-005
  3.146726220353507E-005
 -1.486339835604537E-005
  7.754441177508193E-005
 -5.484069350455515E-004
 -1.026632631184488E-004
  8.436079905079526E-003
  2.209541303247251E-003
  5.936702079021579E-005
  8.755521620169515E-005
 -3.529179499397518E-005
  2.524564726669131E-005
 -1.752126700820743E-005
  1.536887624928675E-005
  9.797091496167000E-006
 -1.337925009460765E-005
  2.081610347171448E-005
 -3.369171966667345E-005
  7.754441177508189E-005
 -2.232933149249554E-005
  3.078547905402744E-003
  2.154280648905970E-002
  1.931558833036880E-002
  3.570467847458614E-003
  2.448561849378592E-004
  5.936702079021856E-005
 -6.061705933871998E-006
  4.693279572366756E-006
 -1.524511581980111E-006
  1.270033720775789E-006
 -2.689613563675906E-004
  2.976714265867873E-004
 -3.879448805031955E-004
  6.650066532633133E-004
 -5.484069350455508E-004
  3.078547905402746E-003
 -6.716402315189142E-004
  3.222428313109859E-002
  0.199306250710762     
  5.592986558493846E-002
  3.570467847458548E-003
  2.209541303247248E-003
 -6.583099391180565E-004
  5.296761594003206E-004
 -3.570849168337672E-004
  3.201462709145256E-004
 -8.597565917118462E-004
  9.918819719859702E-004
 -1.241905926810056E-003
  2.524723831749940E-003
 -1.026632631184457E-004
  2.154280648905971E-002
  3.222428313109859E-002
  7.149040650854574E-002
  0.639004516539611     
  0.199306250710761     
  1.931558833036849E-002
  8.436079905079471E-003
 -1.779151136810626E-003
  1.708427605585178E-003
 -1.116250164487162E-003
  9.996967647148342E-004
  9.996967647148342E-004
 -1.116250164487161E-003
  1.708427605585179E-003
 -1.779151136810613E-003
  8.436079905079533E-003
  1.931558833036881E-002
  0.199306250710762     
  0.639004516539611     
  7.149040650854581E-002
  3.222428313109849E-002
  2.154280648905968E-002
 -1.026632631184522E-004
  2.524723831749938E-003
 -1.241905926810057E-003
  9.918819719859702E-004
 -8.597565917118464E-004
  3.201462709145242E-004
 -3.570849168337652E-004
  5.296761594003185E-004
 -6.583099391180499E-004
  2.209541303247253E-003
  3.570467847458614E-003
  5.592986558493847E-002
  0.199306250710761     
  3.222428313109850E-002
 -6.716402315189061E-004
  3.078547905402744E-003
 -5.484069350455459E-004
  6.650066532633118E-004
 -3.879448805031941E-004
  2.976714265867866E-004
 -2.689613563675895E-004
  1.270033720775299E-006
 -1.524511581979512E-006
  4.693279572365936E-006
 -6.061705933870768E-006
  5.936702079021579E-005
  2.448561849378589E-004
  3.570467847458548E-003
  1.931558833036850E-002
  2.154280648905968E-002
  3.078547905402743E-003
 -2.232933149249745E-005
  7.754441177508327E-005
 -3.369171966667449E-005
  2.081610347171513E-005
 -1.337925009460811E-005
  9.797091496167428E-006
  1.536887624928666E-005
 -1.752126700820733E-005
  2.524564726669119E-005
 -3.529179499397487E-005
  8.755521620169515E-005
  5.936702079021861E-005
  2.209541303247248E-003
  8.436079905079467E-003
 -1.026632631184518E-004
 -5.484069350455452E-004
  7.754441177508331E-005
 -1.486339835604519E-005
  3.146726220353498E-005
 -1.982559934568242E-005
  1.477187930118993E-005
 -1.319312764189050E-005
 -7.149999066141442E-006
  8.061556724118677E-006
 -1.136400334528337E-005
  1.579297292576650E-005
 -3.529179499397518E-005
 -6.061705933872039E-006
 -6.583099391180565E-004
 -1.779151136810626E-003
  2.524723831749938E-003
  6.650066532633117E-004
 -3.369171966667447E-005
  3.146726220353498E-005
 -6.085134959622826E-006
  1.212428819969278E-005
 -8.353102127456234E-006
  7.335822210934904E-006
  5.013354892063450E-006
 -5.682323181012096E-006
  8.042119970875516E-006
 -1.136400334528335E-005
  2.524564726669132E-005
  4.693279572366753E-006
  5.296761594003207E-004
  1.708427605585178E-003
 -1.241905926810057E-003
 -3.879448805031939E-004
  2.081610347171514E-005
 -1.982559934568241E-005
  1.212428819969279E-005
 -2.628232195999361E-006
  5.709379916895262E-006
 -4.816213578037461E-006
 -3.554534400342351E-006
  4.025898068790716E-006
 -5.682323181012096E-006
  8.061556724118662E-006
 -1.752126700820743E-005
 -1.524511581980128E-006
 -3.570849168337672E-004
 -1.116250164487162E-003
  9.918819719859702E-004
  2.976714265867866E-004
 -1.337925009460810E-005
  1.477187930118993E-005
 -8.353102127456233E-006
  5.709379916895262E-006
 -1.384217888791329E-006
  3.583858014112982E-006
  3.143839799519195E-006
 -3.554534400342352E-006
  5.013354892063452E-006
 -7.149999066141427E-006
  1.536887624928675E-005
  1.270033720775780E-006
  3.201462709145256E-004
  9.996967647148344E-004
 -8.597565917118464E-004
 -2.689613563675894E-004
  9.797091496167442E-006
 -1.319312764189050E-005
  7.335822210934906E-006
 -4.816213578037461E-006
  3.583858014112983E-006
 -1.084491307943524E-006
