 
     Two-Electron DVR    
 ------------------------
 x0     =      15.00000000
 m      =       1.00000000
 Z      =       2.00000000
 n      =               64
 dx     =       0.47619048
 
Soft-Coulomb Parameters:
 alpha  =       0.10000000
 beta   =       1.00000000
 
 
                       Hartree-Fock                      
 --------------------------------------------------------
 no. of orbitals        =               64
 no. of electrons       =                2
 scf_damping_switch     =        F
 scf_diis_switch        =        F
 damping_factor         =   0.00000000
 e_tolerance            = 0.0000000000100000
 maximum scf-iterations =              200
 
 
                       SCF iterations                      
 ----------------------------------------------------------
    S.No    Energy (hartree)        dE (hartree)
 ----------------------------------------------------------
       0     -7.552756062744
       1     -6.668682935218      0.884073127526
       2     -6.670732758992      0.002049823774
       3     -6.670779791957      0.000047032964
       4     -6.670780895298      0.000001103341
       5     -6.670780921463      0.000000026165
       6     -6.670780922087      0.000000000624
       7     -6.670780922102      0.000000000015
       8     -6.670780922102      0.000000000000
 ----------------------------------------------------------
  
 
 
 ---------------------------------------
     Molecular Orbital Energies (Eh)    
 ---------------------------------------
       1     -2.89550764
       2     -0.08860031
       3      0.01808997
       4      0.03021094
       5      0.07948708
       6      0.11521352
       7      0.18611610
       8      0.24728670
       9      0.33773180
      10      0.42380480
      11      0.53386901
      12      0.64377255
      13      0.77405319
      14      0.90661111
      15      1.05785136
      16      1.21199224
      17      1.38488339
      18      1.55960228
      19      1.75483475
      20      1.94930250
      21      2.16744574
      22      2.38086062
      23      2.62251941
      24      2.85425074
      25      3.11989917
      26      3.36925353
      27      3.65948187
      28      3.92593252
      29      4.24118693
      30      4.52403203
      31      4.86498117
      32      5.16370893
      33      5.53083738
      34      5.84462468
      35      6.23877686
      36      6.56706071
      37      6.98881118
      38      7.33054055
      39      7.78101004
      40      8.13553981
      41      8.61541557
      42      8.98136778
      43      9.49214731
      44      9.86883242
      45     10.41127020
      46     10.79691225
      47     11.37295597
      48     11.76702367
      49     12.37726932
      50     12.77760913
      51     13.42441781
      52     13.83126043
      53     14.51438423
      54     14.92540811
      55     15.64732513
      56     16.06508384
      57     16.82288582
      58     17.24520015
      59     18.04087371
      60     18.47717893
      61     19.29970698
      62     19.74653388
      63     20.59676664
      64     21.11352926
 ---------------------------------------
 
SCF converged! Final Ground-State Energy (Eh):              -6.6707809221020531
