 
     Two-Electron DVR    
 ------------------------
 x0     =      15.00000000
 m      =       1.00000000
 Z      =       1.00000000
 n      =              128
 dx     =       0.23622047
 
Soft-Coulomb Parameters:
 alpha  =       0.10000000
 beta   =       0.10000000
 
 
                       Hartree-Fock                      
 --------------------------------------------------------
 no. of orbitals        =              128
 no. of electrons       =                2
 scf_damping_switch     =        F
 scf_diis_switch        =        F
 damping_factor         =   0.00000000
 e_tolerance            = 0.0000000000100000
 maximum scf-iterations =              200
 
 
                       SCF iterations                      
 ----------------------------------------------------------
    S.No    Energy (hartree)        dE (hartree)
 ----------------------------------------------------------
       0     -3.353117041424
       1     -1.597891384368      1.755225657056
       2     -1.740834834684      0.142943450316
       3     -1.742171200586      0.001336365902
       4     -1.742198680411      0.000027479825
       5     -1.742200348099      0.000001667688
       6     -1.742200475542      0.000000127444
       7     -1.742200486954      0.000000011412
       8     -1.742200488111      0.000000001156
       9     -1.742200488241      0.000000000130
      10     -1.742200488257      0.000000000016
      11     -1.742200488259      0.000000000002
 ----------------------------------------------------------
  
 
 
 ---------------------------------------
     Molecular Orbital Energies (Eh)    
 ---------------------------------------
       1     -0.16417260
       2      0.14465857
       3      0.14484174
       4      0.25778282
       5      0.25965054
       6      0.40384257
       7      0.41107385
       8      0.58344920
       9      0.60170386
      10      0.79598057
      11      0.83223594
      12      1.04197219
      13      1.10300828
      14      1.32382148
      15      1.41431338
      16      1.64470504
      17      1.76644033
      18      2.00704472
      19      2.15966547
      20      2.41205234
      21      2.59423932
      22      2.86011698
      23      3.07037963
      24      3.35125989
      25      3.58827011
      26      3.88538764
      27      4.14806304
      28      4.46239584
      29      4.74988328
      30      5.08219836
      31      5.39383307
      32      5.74473356
      33      6.07999605
      34      6.44995821
      35      6.80844116
      36      7.19784525
      37      7.57922536
      38      7.98837621
      39      8.39239632
      40      8.82154183
      41      9.24799398
      42      9.69733519
      43     10.14605233
      44     10.61575544
      45     11.08660030
      46     11.57680052
      47     12.06966292
      48     12.58047354
      49     13.09526176
      50     13.62677405
      51     14.16341590
      52     14.71570717
      53     15.27414187
      54     15.84727240
      55     16.42745469
      56     17.02147611
      57     17.62336746
      58     18.23831678
      59     18.86189241
      60     19.49780182
      61     20.14304027
      62     20.79992799
      63     21.46682145
      64     22.14470382
      65     22.83324508
      66     23.53212365
      67     24.24232049
      68     24.96219749
      69     25.69405581
      70     26.43491636
      71     27.18845987
      72     27.95029234
      73     28.72554030
      74     29.50831201
      75     30.30530599
      76     31.10899029
      77     31.92776453
      78     32.75230775
      79     33.59292542
      80     34.43828329
      81     35.30079670
      82     36.16688927
      83     37.05138912
      84     37.93815023
      85     38.84471161
      86     39.75202722
      87     40.68077683
      88     41.60855284
      89     42.55959515
      90     43.50767259
      91     44.48118181
      92     45.44943084
      93     46.44554907
      94     47.43375187
      95     48.45271509
      96     49.46069757
      97     50.50269406
      98     51.53016415
      99     52.59550612
     100     53.64224064
     101     54.73116574
     102     55.79678901
     103     56.90968970
     104     57.99394251
     105     59.13108545
     106     60.23353139
     107     61.39534673
     108     62.51576598
     109     63.70244819
     110     64.84048455
     111     66.05229367
     112     67.20804254
     113     68.44473581
     114     69.61846520
     115     70.87935506
     116     72.07239901
     117     73.35555776
     118     74.57077674
     119     75.87170374
     120     77.11482219
     121     78.42545096
     122     79.70970329
     123     81.01001329
     124     82.35719781
     125     83.61666342
     126     85.09463519
     127     86.21536447
     128     87.90454838
 ---------------------------------------
 
SCF converged! Final Ground-State Energy (Eh):              -1.7422004882589905
