 
     Two-Electron DVR    
 ------------------------
 x0     =      15.00000000
 m      =       1.00000000
 Z      =       1.00000000
 n      =              256
 dx     =       0.11764706
 
Soft-Coulomb Parameters:
 alpha  =       0.10000000
 beta   =       0.01000000
 
 
                       Hartree-Fock                      
 --------------------------------------------------------
 no. of orbitals        =              256
 no. of electrons       =                2
 scf_damping_switch     =        T
 scf_diis_switch        =        F
 damping_factor         =   0.60000000
 e_tolerance            = 0.0000000000100000
 maximum scf-iterations =              200
 
 
                       SCF iterations                      
 ----------------------------------------------------------
    S.No    Energy (hartree)        dE (hartree)
 ----------------------------------------------------------
       0     -3.353996824317
       1     -0.465786790445      2.888210033873
       2     -0.830931617918      0.365144827473
       3     -0.963882952865      0.132951334947
       4     -1.038054103235      0.074171150370
       5     -1.083787181660      0.045733078426
       6     -1.112697803500      0.028910621840
       7     -1.130880108943      0.018182305443
       8     -1.142180849456      0.011300740513
       9     -1.149130462898      0.006949613441
      10     -1.153370289543      0.004239826645
      11     -1.155942609015      0.002572319472
      12     -1.157497388782      0.001554779767
      13     -1.158434799693      0.000937410911
      14     -1.158999056405      0.000564256712
      15     -1.159338333672      0.000339277268
      16     -1.159542190305      0.000203856633
      17     -1.159664621566      0.000122431261
      18     -1.159738128080      0.000073506514
      19     -1.159782251610      0.000044123530
      20     -1.159808733868      0.000026482257
      21     -1.159824626632      0.000015892765
      22     -1.159834163735      0.000009537102
      23     -1.159839886613      0.000005722879
      24     -1.159843320607      0.000003433994
      25     -1.159845381119      0.000002060512
      26     -1.159846617478      0.000001236358
      27     -1.159847359315      0.000000741838
      28     -1.159847804428      0.000000445113
      29     -1.159848071500      0.000000267072
      30     -1.159848231745      0.000000160245
      31     -1.159848327893      0.000000096148
      32     -1.159848385583      0.000000057689
      33     -1.159848420196      0.000000034614
      34     -1.159848440965      0.000000020768
      35     -1.159848453426      0.000000012461
      36     -1.159848460903      0.000000007477
      37     -1.159848465389      0.000000004486
      38     -1.159848468080      0.000000002692
      39     -1.159848469695      0.000000001615
      40     -1.159848470664      0.000000000969
      41     -1.159848471245      0.000000000581
      42     -1.159848471594      0.000000000349
      43     -1.159848471804      0.000000000209
      44     -1.159848471929      0.000000000126
      45     -1.159848472005      0.000000000075
      46     -1.159848472050      0.000000000045
      47     -1.159848472077      0.000000000027
      48     -1.159848472093      0.000000000016
      49     -1.159848472103      0.000000000010
 ----------------------------------------------------------
  
 
 
 ---------------------------------------
     Molecular Orbital Energies (Eh)    
 ---------------------------------------
       1      0.06651723
       2      0.19043292
       3      0.19849318
       4      0.31711310
       5      0.32865492
       6      0.46930742
       7      0.48864386
       8      0.65241287
       9      0.68526062
      10      0.86873185
      11      0.92083144
      12      1.12016813
      13      1.19649811
      14      1.40928634
      15      1.51299506
      16      1.73846194
      17      1.87082930
      18      2.10938543
      19      2.27037703
      20      2.52298199
      21      2.71192328
      22      2.97967883
      23      3.19568983
      24      3.47963373
      25      3.72185089
      26      4.02288761
      27      4.29054533
      28      4.60943410
      29      4.90188467
      30      5.23925357
      31      5.55595945
      32      5.91232484
      33      6.25284368
      34      6.62863013
      35      6.99259843
      36      7.38815569
      37      7.77527445
      38      8.19089166
      39      8.60091418
      40      9.03683130
      41      9.46955342
      42      9.92597039
      43     10.38122251
      44     10.85830654
      45     11.33594731
      46     11.83383881
      47     12.33375005
      48     12.85256725
      49     13.37464988
      50     13.91449268
      51     14.45866338
      52     15.01961646
      53     15.58580504
      54     16.16794030
      55     16.75608749
      56     17.35946619
      57     17.96952187
      58     18.59419629
      59     19.22611800
      60     19.87213285
      61     20.52588457
      62     21.19327817
      63     21.86882933
      64     22.55763458
      65     23.25495920
      66     23.96520438
      67     24.68428037
      68     25.41598987
      69     26.15679844
      70     26.90999327
      71     27.67251843
      72     28.44721678
      73     29.23144492
      74     30.02766252
      75     30.83358207
      76     31.65133255
      77     32.47893365
      78     33.31822885
      79     34.16750315
      80     35.02835337
      81     35.89929375
      82     36.78170794
      83     37.67430839
      84     38.57829438
      85     39.49254977
      86     40.41811439
      87     41.35402042
      88     42.30116965
      89     43.25872266
      90     44.22746174
      91     45.20665869
      92     46.19699223
      93     47.19783054
      94     48.20976257
      95     49.23224011
      96     50.26577423
      97     51.30988921
      98     52.36502854
      99     53.43077952
     100     54.50752687
     101     55.59491264
     102     56.69327048
     103     57.80229009
     104     58.92226062
     105     60.05291331
     106     61.19449846
     107     62.34678365
     108     63.50998521
     109     64.68390243
     110     65.86872191
     111     67.06427089
     112     68.27070971
     113     69.48789023
     114     70.71594960
     115     71.95476158
     116     73.20444265
     117     74.46488605
     118     75.73618978
     119     77.01826470
     120     78.31119202
     121     79.61489855
     122     80.92945021
     123     82.25478860
     124     83.59096535
     125     84.93793579
     126     86.29573819
     127     87.66434107
     128     89.04376973
     129     90.43400533
     130     91.83506063
     131     93.24692947
     132     94.66961188
     133     96.10311432
     134     97.54742405
     135     99.00256074
     136    100.46849815
     137    101.94526955
     138    103.43283464
     139    104.93124154
     140    106.44043454
     141    107.96047751
     142    109.49129822
     143    111.03297825
     144    112.58542673
     145    114.14874449
     146    115.72282030
     147    117.30777703
     148    118.90348005
     149    120.51007657
     150    122.12740605
     151    123.75564389
     152    125.39459949
     153    127.04447969
     154    128.70506026
     155    130.37658474
     156    132.05878965
     157    133.75195973
     158    135.45578733
     159    137.17060544
     160    138.89605470
     161    140.63252254
     162    142.37959116
     163    144.13771183
     164    145.90639829
     165    147.68617401
     166    149.47647513
     167    151.27790989
     168    153.08982347
     169    154.91292018
     170    156.74644190
     171    158.59120574
     172    160.44633249
     173    162.31276731
     174    164.18949326
     175    166.07760584
     176    167.97592664
     177    169.88572209
     178    171.80562990
     179    173.73711712
     180    175.67860594
     181    177.63179175
     182    179.59485107
     183    181.56974720
     184    183.55436877
     185    185.55098438
     186    187.55715411
     187    189.57550471
     188    191.60321134
     189    193.64330925
     190    195.69253389
     191    197.75439968
     192    199.82512702
     193    201.90877727
     194    204.00098201
     195    206.10644407
     196    208.22010543
     197    210.34740161
     198    212.48248571
     199    214.63165245
     200    216.78813121
     201    218.95919849
     202    221.13702654
     203    223.33004294
     204    225.52918244
     205    227.74418818
     206    229.96457853
     207    232.20163827
     208    234.44322874
     209    236.70239619
     210    238.96510607
     211    241.24646697
     212    243.53022888
     213    245.83385434
     214    248.13856148
     215    250.46456437
     216    252.79012842
     217    255.13860144
     218    257.48488290
     219    259.85597238
     220    262.22285832
     221    264.61668173
     222    267.00399427
     223    269.42073576
     224    271.82833721
     225    274.26813757
     226    276.69581181
     227    279.15888890
     228    281.60648453
     229    284.09298668
     230    286.56026883
     231    289.07041742
     232    291.55726312
     233    294.09115914
     234    296.59738948
     235    299.15515424
     236    301.68079971
     237    304.26232727
     238    306.80749405
     239    309.41249644
     240    311.97771639
     241    314.60543531
     242    317.19177325
     243    319.84059922
     244    322.45006219
     245    325.11731167
     246    327.75399617
     247    330.43385200
     248    333.10413025
     249    335.78802328
     250    338.50649363
     251    341.17334592
     252    343.96071698
     253    346.58162522
     254    349.51269777
     255    351.97982695
     256    355.15339086
 ---------------------------------------
 
SCF converged! Final Ground-State Energy (Eh):              -1.1598484721029205
