 
     Two-Electron DVR    
 ------------------------
 x0     =      15.00000000
 m      =       1.00000000
 Z      =       6.00000000
 n      =              128
 dx     =       0.23622047
 
Soft-Coulomb Parameters:
 alpha  =       0.10000000
 beta   =       0.10000000
 
 
                       Hartree-Fock                      
 --------------------------------------------------------
 no. of orbitals        =              128
 no. of electrons       =                2
 scf_damping_switch     =        F
 scf_diis_switch        =        F
 damping_factor         =   0.00000000
 e_tolerance            = 0.0000000000100000
 maximum scf-iterations =              200
 
 
                       SCF iterations                      
 ----------------------------------------------------------
    S.No    Energy (hartree)        dE (hartree)
 ----------------------------------------------------------
       0    -27.928846360084
       1    -25.545132853030      2.383713507054
       2    -25.560790974204      0.015658121174
       3    -25.560948369150      0.000157394947
       4    -25.560949965262      0.000001596112
       5    -25.560949981616      0.000000016354
       6    -25.560949981784      0.000000000168
       7    -25.560949981786      0.000000000002
 ----------------------------------------------------------
  
 
 
 ---------------------------------------
     Molecular Orbital Energies (Eh)    
 ---------------------------------------
       1    -11.60478134
       2     -4.08948089
       3     -2.22891859
       4     -1.41012325
       5     -0.96650431
       6     -0.70350792
       7     -0.53409842
       8     -0.41905611
       9     -0.33441931
      10     -0.26076854
      11     -0.18132471
      12     -0.08852763
      13      0.01885930
      14      0.14004820
      15      0.27455265
      16      0.42182123
      17      0.58153872
      18      0.75346885
      19      0.93732101
      20      1.13306234
      21      1.34038376
      22      1.55936540
      23      1.78972269
      24      2.03153375
      25      2.28462916
      26      2.54894792
      27      2.82458080
      28      3.11115123
      29      3.40917864
      30      3.71777915
      31      4.03811089
      32      4.36855665
      33      4.71112793
      34      5.06324696
      35      5.42802795
      36      5.80167487
      37      6.18864443
      38      6.58367467
      39      6.99284034
      40      7.40913214
      41      7.84050031
      42      8.27792311
      43      8.73152891
      44      9.18997381
      45      9.66584460
      46     10.14518431
      47     10.64338048
      48     11.14350980
      49     11.66407858
      50     12.18486331
      51     12.72789257
      52     13.26922249
      53     13.83478169
      54     14.39650510
      55     14.98471512
      56     15.56670789
      57     16.17766508
      58     16.77974654
      59     17.41361310
      60     18.03563577
      61     18.69254159
      62     19.33428279
      63     20.01444243
      64     20.67572099
      65     21.37930642
      66     22.05984238
      67     22.78713471
      68     23.48670158
      69     24.23792541
      70     24.95616763
      71     25.73168854
      72     26.46832110
      73     27.26842893
      74     28.02299844
      75     28.84816577
      76     29.62031383
      77     30.47091036
      78     31.26005861
      79     32.13669196
      80     32.94239254
      81     33.84552838
      82     34.66704498
      83     35.59746056
      84     36.43423951
      85     37.39251310
      86     38.24362002
      87     39.23074119
      88     40.09550207
      89     41.11217687
      90     41.98940987
      91     43.03689386
      92     43.92579469
      93     45.00493304
      94     45.90400907
      95     47.01639438
      96     47.92470906
      97     49.07133095
      98     49.98699240
      99     51.16988383
     100     52.09183224
     101     53.31212641
     102     54.23793197
     103     55.49827108
     104     56.42677409
     105     57.72843051
     106     58.65642262
     107     60.00295188
     108     60.92922539
     109     62.32202952
     110     63.24215696
     111     64.68628539
     112     65.59916324
     113     67.09609043
     114     67.99524695
     115     69.55268080
     116     70.43766790
     117     72.05683850
     118     72.91751032
     119     74.61142012
     120     75.45010699
     121     77.21838635
     122     78.01727658
     123     79.88664411
     124     80.66037073
     125     82.62387860
     126     83.32981274
     127     85.49713577
     128     86.27563424
 ---------------------------------------
 
SCF converged! Final Ground-State Energy (Eh):             -25.5609499817862691
