 
     Two-Electron DVR    
 ------------------------
 x0     =      15.00000000
 m      =       1.00000000
 Z      =       4.00000000
 n      =             1024
 dx     =       0.02932551
 
Soft-Coulomb Parameters:
 alpha  =       0.01000000
 beta   =       0.01000000
 
 
                       Hartree-Fock                      
 --------------------------------------------------------
 no. of orbitals        =             1024
 no. of electrons       =                2
 scf_damping_switch     =        F
 scf_diis_switch        =        F
 damping_factor         =   0.00000000
 e_tolerance            = 0.0000000000100000
 maximum scf-iterations =              200
 
 
                       SCF iterations                      
 ----------------------------------------------------------
    S.No    Energy (hartree)        dE (hartree)
 ----------------------------------------------------------
       0    -44.818282778407
       1    -38.971591136776      5.846691641631
       2    -39.063749678373      0.092158541597
       3    -39.064020276411      0.000270598037
       4    -39.064021249887      0.000000973477
       5    -39.064021254000      0.000000004112
       6    -39.064021254019      0.000000000019
       7    -39.064021254019      0.000000000001
 ----------------------------------------------------------
  
 
 
 ---------------------------------------
     Molecular Orbital Energies (Eh)    
 ---------------------------------------
       1    -16.70366086
       2     -1.69333585
       3     -0.93472380
       4     -0.46540390
       5     -0.33041325
       6     -0.21142733
       7     -0.16208243
       8     -0.09024879
       9     -0.03644820
      10      0.06439305
      11      0.14007059
      12      0.27309985
      13      0.36927582
      14      0.53209452
      15      0.64802415
      16      0.83921455
      17      0.97464217
      18      1.19321916
      19      1.34814174
      20      1.59332420
      21      1.76788433
      22      2.03900267
      23      2.23342829
      24      2.52988536
      25      2.74445104
      26      3.06570524
      27      3.30070623
      28      3.64626395
      29      3.90199867
      30      4.27141054
      31      4.54816911
      32      4.94102754
      33      5.23908443
      34      5.65502153
      35      5.97463134
      36      6.41331673
      37      6.75471191
      38      7.21585050
      39      7.57924063
      40      8.06257017
      41      8.44814211
      42      8.95343078
      43      9.36134951
      44      9.88839346
      45     10.31880323
      46     10.86742419
      47     11.32044996
      48     11.89049292
      49     12.36624188
      50     12.95757291
      51     13.45613599
      52     14.06864020
      53     14.59009360
      54     15.22367322
      55     15.76807981
      56     16.42265243
      57     16.99006317
      58     17.66556012
      59     18.25601528
      60     18.95238015
      61     19.56591050
      62     20.28309780
      63     20.91972568
      64     21.65769962
      65     22.31743990
      66     23.07617327
      67     23.75903427
      68     24.53850744
      69     25.24449171
      70     26.04469176
      71     26.77379682
      72     27.59471668
      73     28.34693565
      74     29.18857340
      75     29.96389563
      76     30.82625382
      77     31.62466538
      78     32.50775050
      79     33.32923465
      80     34.23305652
      81     35.07759415
      82     36.00216552
      83     36.86973552
      84     37.81507162
      85     38.70565120
      86     39.67176936
      87     40.58533438
      88     41.57225370
      89     42.50877890
      90     43.51651996
      91     44.47597922
      92     45.50456380
      93     46.48693033
      94     47.53638119
      95     48.54162771
      96     49.61196838
      97     50.64006732
      98     51.73132189
      99     52.78224549
     100     53.89443849
     101     54.96815893
     102     56.10131515
     103     57.19780469
     104     58.35194906
     105     59.47118010
     106     60.64633761
     107     61.78828277
     108     62.98447833
     109     64.14911056
     110     65.36636895
     111     66.55366156
     112     67.79200734
     113     69.00193404
     114     70.26139149
     115     71.49392647
     116     72.77451954
     117     74.02963747
     118     75.33138974
     119     76.60906583
     120     77.93200045
     121     79.23221046
     122     80.57635013
     123     81.89907039
     124     83.26443735
     125     84.60964477
     126     85.99626076
     127     87.36393284
     128     88.77181909
     129     90.16193394
     130     91.59111115
     131     93.00364748
     132     94.45413583
     133     95.88907296
     134     97.36089207
     135     98.81820993
     136    100.31137888
     137    101.79105801
     138    103.30559535
     139    104.80761687
     140    106.34354059
     141    107.86788622
     142    109.42521378
     143    110.97186584
     144    112.55061415
     145    114.11955552
     146    115.71974098
     147    117.31095510
     148    118.93259357
     149    120.54606444
     150    122.18917128
     151    123.82488346
     152    125.48947351
     153    127.14741206
     154    128.83349967
     155    130.51365020
     156    132.22124923
     157    133.92359784
     158    135.65272168
     159    137.37725497
     160    139.12791654
     161    140.87462158
     162    142.64683335
     163    144.41569769
     164    146.20947168
     165    148.00048334
     166    149.81583115
     167    151.62897854
     168    153.46591135
     169    155.30118337
     170    157.15971194
     171    159.01709786
     172    160.89723257
     173    162.77672209
     174    164.67847294
     175    166.58005612
     176    168.50343273
     177    170.42710004
     178    172.37211166
     179    174.31785392
     180    176.28450947
     181    178.25231784
     182    180.24062590
     183    182.23049190
     184    184.24046072
     185    186.25237619
     186    188.28401369
     187    190.31797080
     188    192.37128462
     189    194.42727582
     190    196.50227329
     191    198.58029134
     192    200.67697952
     193    202.77701748
     194    204.89540314
     195    207.01745432
     196    209.15754398
     197    211.30160197
     198    213.46340187
     199    215.62946051
     200    217.81297668
     201    220.00103005
     202    222.20626826
     203    224.41631069
     204    226.64327648
     205    228.87530253
     206    231.12400122
     207    233.37800565
     208    235.64844236
     209    237.92442015
     210    240.21659979
     211    242.51454613
     212    244.82847341
     213    247.14838369
     214    249.48406314
     215    251.82593290
     216    254.18336886
     217    256.54719387
     218    258.92639051
     219    261.31216668
     220    263.71312799
     221    266.12085142
     222    268.54358125
     223    270.97324818
     224    273.41775020
     225    275.86935703
     226    278.33563479
     227    280.80917807
     228    283.29723495
     229    285.79271138
     230    288.30255063
     231    290.81995703
     232    293.35158177
     233    295.89091510
     234    298.44432833
     235    301.00558568
     236    303.58079026
     237    306.16396883
     238    308.76096751
     239    311.36606462
     240    313.98486006
     241    316.61187315
     242    319.25246785
     243    321.90139446
     244    324.56379087
     245    327.23462863
     246    329.91882908
     247    332.61157574
     248    335.31758245
     249    338.03223584
     250    340.76005095
     251    343.49660900
     252    346.24623457
     253    349.00469529
     254    351.77613328
     255    354.55649476
     256    357.34974706
     257    360.15200747
     258    362.96707589
     259    365.79123350
     260    368.62811976
     261    371.47417288
     262    374.33287866
     263    377.20082569
     264    380.08135257
     265    382.97119197
     266    385.87354149
     267    388.78527178
     268    391.70944540
     269    394.64306518
     270    397.58906429
     271    400.54457221
     272    403.51239816
     273    406.48979293
     274    409.47944701
     275    412.47872738
     276    415.49021083
     277    418.51137561
     278    421.54468962
     279    424.58773768
     280    427.64288337
     281    430.70781362
     282    433.78479209
     283    436.87160348
     284    439.97041577
     285    443.07910732
     286    446.19975442
     287    449.33032516
     288    452.47280804
     289    455.62525706
     290    458.78957663
     291    461.96390305
     292    465.15006019
     293    468.34626317
     294    471.55425874
     295    474.77233748
     296    478.00217227
     297    481.24212600
     298    484.49380079
     299    487.75562877
     300    491.02914430
     301    494.31284583
     302    497.60820282
     303    500.91377723
     304    504.23097635
     305    507.55842299
     306    510.89746490
     307    514.24678314
     308    517.60766848
     309    520.97885774
     310    524.36158709
     311    527.75464680
     312    531.15922074
     313    534.57415037
     314    538.00056946
     315    541.43736847
     316    544.88563323
     317    548.34430114
     318    551.81441209
     319    555.29494842
     320    558.78690603
     321    562.28931032
     322    565.80311507
     323    569.32738689
     324    572.86303922
     325    576.40917815
     326    579.96667849
     327    583.53468414
     328    587.11403289
     329    590.70390488
     330    594.30510244
     331    597.91684040
     332    601.53988715
     333    605.17349073
     334    608.81838703
     335    612.47385590
     336    616.14060210
     337    619.81793594
     338    623.50653237
     339    627.20573087
     340    630.91617785
     341    634.63724072
     342    638.36953855
     343    642.11246552
     344    645.86661450
     345    649.63140529
     346    653.40740570
     347    657.19406007
     348    660.99191217
     349    664.80042986
     350    668.62013393
     351    672.45051471
     352    676.29207098
     353    680.14431463
     354    684.00772334
     355    687.88182966
     356    691.76709104
     357    695.66305980
     358    699.57017407
     359    703.48800510
     360    707.41697247
     361    711.35666557
     362    715.30748624
     363    719.26904123
     364    723.24171540
     365    727.22513212
     366    731.21965996
     367    735.22493825
     368    739.24131994
     369    743.26845964
     370    747.30669536
     371    751.35569632
     372    755.41578624
     373    759.48664832
     374    763.56859258
     375    767.66131565
     376    771.76511441
     377    775.87969833
     378    780.00535174
     379    784.14179639
     380    788.28930458
     381    792.44760985
     382    796.61697296
     383    800.79713874
     384    804.98835689
     385    809.19038306
     386    813.40345638
     387    817.62734285
     388    821.86227146
     389    826.10801813
     390    830.36480213
     391    834.63240891
     392    838.91104842
     393    843.20051522
     394    847.50101035
     395    851.81233708
     396    856.13468792
     397    860.46787451
     398    864.81208116
     399    869.16712753
     400    873.53319009
     401    877.91009617
     402    882.29801471
     403    886.69678043
     404    891.10655506
     405    895.52718034
     406    899.95881113
     407    904.40129593
     408    908.85478296
     409    913.31912721
     410    917.79447056
     411    922.28067420
     412    926.77787394
     413    931.28593693
     414    935.80499313
     415    940.33491541
     416    944.87582814
     417    949.42760966
     418    953.99037898
     419    958.56401970
     420    963.14864568
     421    967.74414556
     422    972.35062826
     423    976.96798725
     424    981.59632672
     425    986.23554479
     426    990.88574109
     427    995.54681820
     428   1000.21887139
     429   1004.90180750
     430   1009.59571763
     431   1014.30051272
     432   1019.01627984
     433   1023.74293386
     434   1028.48055802
     435   1033.22907096
     436   1037.98855220
     437   1042.75892402
     438   1047.54026239
     439   1052.33249308
     440   1057.13568862
     441   1061.94977814
     442   1066.77483089
     443   1071.61077923
     444   1076.45768924
     445   1081.31549637
     446   1086.18426367
     447   1091.06392958
     448   1095.95455420
     449   1100.85607887
     450   1105.76856086
     451   1110.69194427
     452   1115.62628366
     453   1120.57152580
     454   1125.52772261
     455   1130.49482347
     456   1135.47287774
     457   1140.46183730
     458   1145.46174907
     459   1150.47256732
     460   1155.49433662
     461   1160.52701354
     462   1165.57064039
     463   1170.62517599
     464   1175.69066041
     465   1180.76705468
     466   1185.85439670
     467   1190.95264962
     468   1196.06184929
     469   1201.18196085
     470   1206.31301817
     471   1211.45498838
     472   1216.60790338
     473   1221.77173223
     474   1226.94650493
     475   1232.13219242
     476   1237.32882285
     477   1242.53636897
     478   1247.75485714
     479   1252.98426190
     480   1258.22460783
     481   1263.47587123
     482   1268.73807494
     483   1274.01119697
     484   1279.29525849
     485   1284.59023915
     486   1289.89615849
     487   1295.21299779
     488   1300.54077496
     489   1305.87947290
     490   1311.22910793
     491   1316.58966451
     492   1321.96115741
     493   1327.34357264
     494   1332.73692342
     495   1338.14119730
     496   1343.55640598
     497   1348.98253852
     498   1354.41960511
     499   1359.86759631
     500   1365.32652083
     501   1370.79637070
     502   1376.27715315
     503   1381.76886170
     504   1387.27150211
     505   1392.78506934
     506   1398.30956770
     507   1403.84499363
     508   1409.39134996
     509   1414.94863460
     510   1420.51684890
     511   1426.09599226
     512   1431.68606455
     513   1437.28706663
     514   1442.89899692
     515   1448.52185774
     516   1454.15564604
     517   1459.80036561
     518   1465.45601190
     519   1471.12259025
     520   1476.80009456
     521   1482.48853169
     522   1488.18789401
     523   1493.89818994
     524   1499.61941029
     525   1505.35156503
     526   1511.09464340
     527   1516.84865697
     528   1522.61359337
     529   1528.38946579
     530   1534.17626022
     531   1539.97399151
     532   1545.78264397
     533   1551.60223414
     534   1557.43274463
     535   1563.27419371
     536   1569.12656224
     537   1574.98987024
     538   1580.86409679
     539   1586.74926375
     540   1592.64534833
     541   1598.55237425
     542   1604.47031686
     543   1610.39920178
     544   1616.33900241
     545   1622.28974634
     546   1628.25140499
     547   1634.22400797
     548   1640.20752463
     549   1646.20198668
     550   1652.20736134
     551   1658.22368250
     552   1664.25091515
     553   1670.28909543
     554   1676.33818606
     555   1682.39822551
     556   1688.46917413
     557   1694.55107276
     558   1700.64387933
     559   1706.74763719
     560   1712.86230172
     561   1718.98791883
     562   1725.12444129
     563   1731.27191770
     564   1737.43029809
     565   1743.59963382
     566   1749.77987211
     567   1755.97106721
     568   1762.17316339
     569   1768.38621789
     570   1774.61017193
     571   1780.84508589
     572   1787.09089779
     573   1793.34767121
     574   1799.61534093
     575   1805.89397390
     576   1812.18350143
     577   1818.48399396
     578   1824.79537926
     579   1831.11773143
     580   1837.45097448
     581   1843.79518631
     582   1850.15028707
     583   1856.51635863
     584   1862.89331709
     585   1869.28124842
     586   1875.68006452
     587   1882.08985569
     588   1888.51052942
     589   1894.94218047
     590   1901.38471177
     591   1907.83822278
     592   1914.30261163
     593   1920.77798264
     594   1927.26422897
     595   1933.76146007
     596   1940.26956387
     597   1946.78865510
     598   1953.31861629
     599   1959.85956774
     600   1966.41138630
     601   1972.97419802
     602   1979.54787387
     603   1986.13254596
     604   1992.72807907
     605   1999.33461159
     606   2005.95200186
     607   2012.58039491
     608   2019.21964233
     609   2025.86989597
     610   2032.53100042
     611   2039.20311477
     612   2045.88607623
     613   2052.58005135
     614   2059.28486971
     615   2066.00070572
     616   2072.72738093
     617   2079.46507790
     618   2086.21360985
     619   2092.97316793
     620   2099.74355657
     621   2106.52497581
     622   2113.31722102
     623   2120.12050159
     624   2126.93460330
     625   2133.75974526
     626   2140.59570334
     627   2147.44270687
     628   2154.30052125
     629   2161.16938643
     630   2168.04905696
     631   2174.93978396
     632   2181.84131058
     633   2188.75389950
     634   2195.67728202
     635   2202.61173305
     636   2209.55697141
     637   2216.51328465
     638   2223.48037866
     639   2230.45855432
     640   2237.44750389
     641   2244.44754208
     642   2251.45834701
     643   2258.48024795
     644   2265.51290814
     645   2272.55667196
     646   2279.61118719
     647   2286.67681413
     648   2293.75318430
     649   2300.84067449
     650   2307.93889935
     651   2315.04825306
     652   2322.16833249
     653   2329.29954986
     654   2336.44148359
     655   2343.59456492
     656   2350.75835282
     657   2357.93329826
     658   2365.11894004
     659   2372.31574990
     660   2379.52324542
     661   2386.74191987
     662   2393.97126881
     663   2401.21180820
     664   2408.46301039
     665   2415.72541491
     666   2422.99846999
     667   2430.28274002
     668   2437.57764783
     669   2444.88378355
     670   2452.20054370
     671   2459.52854554
     672   2466.86715784
     673   2474.21702601
     674   2481.57749003
     675   2488.94922499
     676   2496.33154050
     677   2503.72514249
     678   2511.12930905
     679   2518.54477855
     680   2525.97079591
     681   2533.40813318
     682   2540.85600085
     683   2548.31520643
     684   2555.78492412
     685   2563.26599831
     686   2570.75756549
     687   2578.26050885
     688   2585.77392521
     689   2593.29873807
     690   2600.83400303
     691   2608.38068601
     692   2615.93779923
     693   2623.50635269
     694   2631.08531352
     695   2638.67573815
     696   2646.27654621
     697   2653.88884239
     698   2661.51149699
     699   2669.14566546
     700   2676.79016618
     701   2684.44620739
     702   2692.11255346
     703   2699.79046820
     704   2707.47865917
     705   2715.17844791
     706   2722.88848294
     707   2730.61014658
     708   2738.34202516
     709   2746.08556421
     710   2753.83928543
     711   2761.60470084
     712   2769.38026414
     713   2777.16755651
     714   2784.96496089
     715   2792.77413124
     716   2800.59337609
     717   2808.42442506
     718   2816.26550928
     719   2824.11843802
     720   2831.98136093
     721   2839.85617014
     722   2847.74093054
     723   2855.63762145
     724   2863.54421861
     725   2871.46279199
     726   2879.39122459
     727   2887.33168180
     728   2895.28194902
     729   2903.24429091
     730   2911.21639131
     731   2919.20061936
     732   2927.19455203
     733   2935.20066717
     734   2943.21643056
     735   2951.24443440
     736   2959.28202751
     737   2967.33192108
     738   2975.39134219
     739   2983.46312726
     740   2991.54437526
     741   2999.63805296
     742   3007.74112598
     743   3015.85669824
     744   3023.98159507
     745   3032.11906313
     746   3040.26578172
     747   3048.42514769
     748   3056.59368670
     749   3064.77495195
     750   3072.96530914
     751   3081.16847596
     752   3089.38064985
     753   3097.60571977
     754   3105.83970791
     755   3114.08668344
     756   3122.34248420
     757   3130.61136700
     758   3138.88897769
     759   3147.17977053
     760   3155.47918936
     761   3163.79189405
     762   3172.11311808
     763   3180.44773765
     764   3188.79076490
     765   3197.14730135
     766   3205.51212861
     767   3213.89058525
     768   3222.27721033
     769   3230.67758939
     770   3239.08600877
     771   3247.50831384
     772   3255.93852512
     773   3264.38275866
     774   3272.83475797
     775   3281.30092394
     776   3289.77470863
     777   3298.26280971
     778   3306.75837556
     779   3315.26841610
     780   3323.78576018
     781   3332.31774313
     782   3340.85686082
     783   3349.41079093
     784   3357.97167900
     785   3366.54755955
     786   3375.13021292
     787   3383.72804911
     788   3392.33246422
     789   3400.95225966
     790   3409.57843095
     791   3418.22019133
     792   3426.86811489
     793   3435.53184419
     794   3444.20151391
     795   3452.88721837
     796   3461.57862994
     797   3470.28631396
     798   3478.99946066
     799   3487.72913109
     800   3496.46400818
     801   3505.21566985
     802   3513.97226997
     803   3522.74593040
     804   3531.52424830
     805   3540.31991282
     806   3549.11994043
     807   3557.93761730
     808   3566.75934884
     809   3575.59904393
     810   3584.44247052
     811   3593.30419291
     812   3602.16930818
     813   3611.05306433
     814   3619.93985854
     815   3628.84565842
     816   3637.75412454
     817   3646.68197529
     818   3655.61210260
     819   3664.56201517
     820   3673.51379593
     821   3682.48577819
     822   3691.45920062
     823   3700.45326461
     824   3709.44832016
     825   3718.46447457
     826   3727.48115029
     827   3736.51940836
     828   3745.55769481
     829   3754.61806612
     830   3763.67794906
     831   3772.76044817
     832   3781.84191721
     833   3790.94655469
     834   3800.04959413
     835   3809.17638602
     836   3818.30098438
     837   3827.44994235
     838   3836.59608236
     839   3845.76722405
     840   3854.93489306
     841   3864.12823135
     842   3873.31741033
     843   3882.53296466
     844   3891.74363963
     845   3900.98142422
     846   3910.21357421
     847   3919.47361049
     848   3928.72722008
     849   3938.00952373
     850   3947.28456980
     851   3956.58916446
     852   3965.88562998
     853   3975.21253297
     854   3984.53039245
     855   3993.87962982
     856   4003.21886446
     857   4012.59045535
     858   4021.95103701
     859   4031.34501017
     860   4040.72691809
     861   4050.14329467
     862   4059.54649779
     863   4068.98530951
     864   4078.40978489
     865   4087.87105512
     866   4097.31676848
     867   4106.80053226
     868   4116.26745824
     869   4125.77374138
     870   4135.26184213
     871   4144.79068334
     872   4154.29993082
     873   4163.85135865
     874   4173.38171101
     875   4182.95576824
     876   4192.50719451
     877   4202.10391268
     878   4211.67636660
     879   4221.29579301
     880   4230.88924036
     881   4240.53140988
     882   4250.14579946
     883   4259.81076443
     884   4269.44605842
     885   4279.13385738
     886   4288.78999913
     887   4298.50069000
     888   4308.17763771
     889   4317.91126308
     890   4327.60895405
     891   4337.36557804
     892   4347.08396606
     893   4356.86363577
     894   4366.60265140
     895   4376.40543783
     896   4386.16503003
     897   4395.99098521
     898   4405.77107704
     899   4415.62027964
     900   4425.42081472
     901   4435.29332222
     902   4445.11421530
     903   4455.01011487
     904   4464.85130371
     905   4474.77065878
     906   4484.63204890
     907   4494.57495612
     908   4504.45647882
     909   4514.42300818
     910   4524.32455874
     911   4534.31481733
     912   4544.23632004
     913   4554.25038504
     914   4564.19172380
     915   4574.22971389
     916   4584.19080534
     917   4594.25280549
     918   4604.23352095
     919   4614.31966269
     920   4624.31991052
     921   4634.43028722
     922   4644.44992485
     923   4654.58468222
     924   4664.62360909
     925   4674.78284955
     926   4684.84090779
     927   4695.02479264
     928   4705.10187219
     929   4715.31051345
     930   4725.40643964
     931   4735.64001572
     932   4745.75466849
     933   4756.01330150
     934   4766.14648782
     935   4776.43037482
     936   4786.58196429
     937   4796.89123779
     938   4807.06101739
     939   4817.39589470
     940   4827.58372360
     941   4837.94434765
     942   4848.14999126
     943   4858.53660117
     944   4868.75990845
     945   4879.17265725
     946   4889.41337053
     947   4899.85252058
     948   4910.11047942
     949   4920.57619294
     950   4930.85111518
     951   4941.34367908
     952   4951.63539636
     953   4962.15498036
     954   4972.46318493
     955   4983.01010148
     956   4993.33461950
     957   5003.90904315
     958   5014.24954048
     959   5024.85180984
     960   5035.20811090
     961   5045.83840131
     962   5056.21014511
     963   5066.86882162
     964   5077.25583616
     965   5087.94306921
     966   5098.34496650
     967   5109.06114757
     968   5119.47776634
     969   5130.22305346
     970   5140.65397847
     971   5151.42878966
     972   5161.87387956
     973   5172.67835092
     974   5183.13716209
     975   5193.97173952
     976   5204.44416148
     977   5215.30894805
     978   5225.79450493
     979   5236.68997889
     980   5247.18860313
     981   5258.11482286
     982   5268.62599629
     983   5279.58348409
     984   5290.10719322
     985   5301.09595281
     986   5311.63161486
     987   5322.65223835
     988   5333.19990081
     989   5344.25233316
     990   5354.81130329
     991   5365.89625823
     992   5376.46664164
     993   5387.58401364
     994   5398.16492095
     995   5409.31564365
     996   5419.90721812
     997   5431.09116547
     998   5441.69216166
     999   5452.91066714
    1000   5463.52121858
    1001   5474.77419881
    1002   5485.39241465
    1003   5496.68192934
    1004   5507.30785191
    1005   5518.63396840
    1006   5529.26452590
    1007   5540.63063776
    1008   5551.26567342
    1009   5562.67215496
    1010   5573.30635393
    1011   5584.75915841
    1012   5595.39210568
    1013   5606.89207849
    1014   5617.51377727
    1015   5629.07234254
    1016   5639.68257438
    1017   5651.30088372
    1018   5661.87761588
    1019   5673.58186266
    1020   5684.13043308
    1021   5695.91728911
    1022   5706.36505622
    1023   5718.32714549
    1024   5728.92002615
 ---------------------------------------
 
SCF converged! Final Ground-State Energy (Eh):             -39.0640212540192380
