 
     Two-Electron DVR    
 ------------------------
 x0     =      15.00000000
 m      =       1.00000000
 Z      =       4.00000000
 n      =               32
 dx     =       0.96774194
 
Soft-Coulomb Parameters:
 alpha  =       1.00000000
 beta   =       0.10000000
 
 
                       Hartree-Fock                      
 --------------------------------------------------------
 no. of orbitals        =               32
 no. of electrons       =                2
 scf_damping_switch     =        F
 scf_diis_switch        =        F
 damping_factor         =   0.00000000
 e_tolerance            = 0.0000000000100000
 maximum scf-iterations =              200
 
 
                       SCF iterations                      
 ----------------------------------------------------------
    S.No    Energy (hartree)        dE (hartree)
 ----------------------------------------------------------
       0     -6.347975463773
       1     -4.531613656369      1.816361807404
       2     -4.659725952929      0.128112296560
       3     -4.660086539212      0.000360586283
       4     -4.660097712699      0.000011173487
       5     -4.660098117501      0.000000404802
       6     -4.660098132998      0.000000015497
       7     -4.660098133607      0.000000000609
       8     -4.660098133632      0.000000000024
       9     -4.660098133633      0.000000000001
 ----------------------------------------------------------
  
 
 
 ---------------------------------------
     Molecular Orbital Energies (Eh)    
 ---------------------------------------
       1     -1.56009768
       2     -0.47801759
       3     -0.33548120
       4     -0.23081062
       5     -0.17072566
       6     -0.11772188
       7     -0.06368378
       8      0.00415817
       9      0.08208274
      10      0.17182768
      11      0.27378207
      12      0.38307299
      13      0.50851707
      14      0.63579957
      15      0.78475242
      16      0.92907017
      17      1.10160382
      18      1.26215712
      19      1.45844559
      20      1.63518884
      21      1.85461048
      22      2.04810807
      23      2.28932034
      24      2.50170868
      25      2.76201050
      26      2.99409737
      27      3.27525632
      28      3.52225964
      29      3.83669115
      30      4.06553510
      31      4.48114920
      32      4.67778050
 ---------------------------------------
 
SCF converged! Final Ground-State Energy (Eh):              -4.6600981336326210
