 
     Two-Electron DVR    
 ------------------------
 x0     =      15.00000000
 m      =       1.00000000
 Z      =       4.00000000
 n      =               32
 dx     =       0.96774194
 
Soft-Coulomb Parameters:
 alpha  =       1.00000000
 beta   =       1.00000000
 
 
                       Hartree-Fock                      
 --------------------------------------------------------
 no. of orbitals        =               32
 no. of electrons       =                2
 scf_damping_switch     =        F
 scf_diis_switch        =        F
 damping_factor         =   0.00000000
 e_tolerance            = 0.0000000000100000
 maximum scf-iterations =              200
 
 
                       SCF iterations                      
 ----------------------------------------------------------
    S.No    Energy (hartree)        dE (hartree)
 ----------------------------------------------------------
       0     -6.347975463773
       1     -5.543066255552      0.804909208221
       2     -5.548575390370      0.005509134819
       3     -5.548804937807      0.000229547437
       4     -5.548814492221      0.000009554414
       5     -5.548814891320      0.000000399099
       6     -5.548814908032      0.000000016712
       7     -5.548814908733      0.000000000701
       8     -5.548814908762      0.000000000029
       9     -5.548814908763      0.000000000001
 ----------------------------------------------------------
  
 
 
 ---------------------------------------
     Molecular Orbital Energies (Eh)    
 ---------------------------------------
       1     -2.37797468
       2     -0.86084174
       3     -0.45344753
       4     -0.31563233
       5     -0.21108381
       6     -0.16000637
       7     -0.10012088
       8     -0.04918582
       9      0.03319653
      10      0.10425040
      11      0.21477306
      12      0.30388496
      13      0.44158036
      14      0.54626622
      15      0.71187735
      16      0.83024860
      17      1.02474570
      18      1.15395858
      19      1.37994495
      20      1.51819232
      21      1.77732573
      22      1.92075259
      23      2.21757447
      24      2.36505221
      25      2.70122708
      26      2.84666028
      27      3.23171565
      28      3.37662477
      29      3.81276860
      30      3.94347831
      31      4.47413002
      32      4.62299721
 ---------------------------------------
 
SCF converged! Final Ground-State Energy (Eh):              -5.5488149087634469
