 
     Two-Electron DVR    
 ------------------------
 x0     =      15.00000000
 m      =       1.00000000
 Z      =       3.00000000
 n      =               64
 dx     =       0.47619048
 
Soft-Coulomb Parameters:
 alpha  =       0.10000000
 beta   =       0.10000000
 
 
                       Hartree-Fock                      
 --------------------------------------------------------
 no. of orbitals        =               64
 no. of electrons       =                2
 scf_damping_switch     =        F
 scf_diis_switch        =        F
 damping_factor         =   0.00000000
 e_tolerance            = 0.0000000000100000
 maximum scf-iterations =              200
 
 
                       SCF iterations                      
 ----------------------------------------------------------
    S.No    Energy (hartree)        dE (hartree)
 ----------------------------------------------------------
       0    -12.110717100344
       1     -9.973538335037      2.137178765307
       2    -10.010358088921      0.036819753884
       3    -10.010950894346      0.000592805425
       4    -10.010960804322      0.000009909976
       5    -10.010960980382      0.000000176061
       6    -10.010960983633      0.000000003251
       7    -10.010960983695      0.000000000061
       8    -10.010960983696      0.000000000001
 ----------------------------------------------------------
  
 
 
 ---------------------------------------
     Molecular Orbital Energies (Eh)    
 ---------------------------------------
       1     -3.97619506
       2     -0.42119593
       3     -0.20523854
       4     -0.11630433
       5     -0.07006422
       6     -0.02474949
       7      0.02916845
       8      0.09783178
       9      0.17628624
      10      0.26836454
      11      0.37037215
      12      0.48417421
      13      0.60960037
      14      0.74392230
      15      0.89302370
      16      1.04695680
      17      1.22004518
      18      1.39277659
      19      1.59024992
      20      1.78114569
      21      2.00332633
      22      2.21172572
      23      2.45904436
      24      2.68443844
      25      2.95722263
      26      3.19897968
      27      3.49773385
      28      3.75538913
      29      4.08047497
      30      4.35335127
      31      4.70538507
      32      4.99303186
      33      5.37240914
      34      5.67407217
      35      6.08152709
      36      6.39679842
      37      6.83270630
      38      7.16077334
      39      7.62594449
      40      7.96654431
      41      8.46120572
      42      8.81353577
      43      9.33848415
      44      9.70260834
      45     10.25771528
      46     10.63291859
      47     11.21888111
      48     11.60578149
      49     12.22188414
      50     12.61977580
      51     13.26675796
      52     13.67694348
      53     14.35347320
      54     14.77451177
      55     15.48245996
      56     15.91610299
      57     16.65419329
      58     17.09540755
      59     17.87092673
      60     18.32198915
      61     19.13527213
      62     19.57647994
      63     20.46480850
      64     20.93619140
 ---------------------------------------
 
SCF converged! Final Ground-State Energy (Eh):             -10.0109609836959113
