 
     Two-Electron DVR    
 ------------------------
 x0     =      15.00000000
 m      =       1.00000000
 Z      =       2.00000000
 n      =             1024
 dx     =       0.02932551
 
Soft-Coulomb Parameters:
 alpha  =       0.10000000
 beta   =       0.10000000
 
 
                       Hartree-Fock                      
 --------------------------------------------------------
 no. of orbitals        =             1024
 no. of electrons       =                2
 scf_damping_switch     =        F
 scf_diis_switch        =        F
 damping_factor         =   0.00000000
 e_tolerance            = 0.0000000000100000
 maximum scf-iterations =              200
 
 
                       SCF iterations                      
 ----------------------------------------------------------
    S.No    Energy (hartree)        dE (hartree)
 ----------------------------------------------------------
       0     -7.800794490593
       1     -5.777280864431      2.023513626161
       2     -5.836423119259      0.059142254828
       3     -5.837633988942      0.001210869683
       4     -5.837660735380      0.000026746439
       5     -5.837661418378      0.000000682997
       6     -5.837661437586      0.000000019209
       7     -5.837661438155      0.000000000569
       8     -5.837661438172      0.000000000017
       9     -5.837661438173      0.000000000001
 ----------------------------------------------------------
  
 
 
 ---------------------------------------
     Molecular Orbital Energies (Eh)    
 ---------------------------------------
       1     -1.97153923
       2      0.02556769
       3      0.02704726
       4      0.09615798
       5      0.10328609
       6      0.20839921
       7      0.22699455
       8      0.36092694
       9      0.39734002
      10      0.55415687
      11      0.61365367
      12      0.78960041
      13      0.87536817
      14      1.06871161
      15      1.18201358
      16      1.39230592
      17      1.53321433
      18      1.76063406
      19      1.92868012
      20      2.17364416
      21      2.36819294
      22      2.63117345
      23      2.85159315
      24      3.13304354
      25      3.37876674
      26      3.67909704
      27      3.94963434
      28      4.26920687
      29      4.56414250
      30      4.90327477
      31      5.22225675
      32      5.58122657
      33      5.92395639
      34      6.30300703
      35      6.66923052
      36      7.06857538
      37      7.45807516
      38      7.87790173
      39      8.29049104
      40      8.73096431
      41      9.16648209
      42      9.62774738
      43     10.08605428
      44     10.56823964
      45     11.04921482
      46     11.55243313
      47     12.05597156
      48     12.58032234
      49     13.10633260
      50     13.65190356
      51     14.20030604
      52     14.76717443
      53     15.33789972
      54     15.92613360
      55     16.51912118
      56     17.12878045
      57     17.74397754
      58     18.37511488
      59     19.01247546
      60     19.66513721
      61     20.32462115
      62     20.99884803
      63     21.68042035
      64     22.37624812
      65     23.07987834
      66     23.79733842
      67     24.52299998
      68     25.26211993
      69     26.00978972
      70     26.77059373
      71     27.54025162
      72     28.32276091
      73     29.11438939
      74     29.91862256
      75     30.73220641
      76     31.55817978
      77     32.39370577
      78     33.24143363
      79     34.09889026
      80     34.96838515
      81     35.84776243
      82     36.73903534
      83     37.64032461
      84     38.55338516
      85     39.47657890
      86     40.41143554
      87     41.35652723
      88     42.31318736
      89     43.28017134
      90     44.25864144
      91     45.24751283
      92     46.24779858
      93     47.25855313
      94     48.28065952
      95     49.31329357
      96     50.35722498
      97     51.41173535
      98     52.47749561
      99     53.55387957
     100     54.64147204
     101     55.73972722
     102     56.84915487
     103     57.96927921
     104     59.10054463
     105     60.24253638
     106     61.39564185
     107     62.55949949
     108     63.73444702
     109     64.92016924
     110     66.11696057
     111     67.32454625
     112     68.54318295
     113     69.77263112
     114     71.01311455
     115     72.26442438
     116     73.52675573
     117     74.79992651
     118     76.08410684
     119     77.37913796
     120     78.68516821
     121     80.00205915
     122     81.32994013
     123     82.66869044
     124     84.01842289
     125     85.37903220
     126     86.75061676
     127     88.13308474
     128     89.52652196
     129     90.93084835
     130     92.34613874
     131     93.77232330
     132     95.20946731
     133     96.65750984
     134     98.11650786
     135     99.58640820
     136    101.06726057
     137    102.55901859
     138    104.06172563
     139    105.57534121
     140    107.09990318
     141    108.63537623
     142    110.18179339
     143    111.73912383
     144    113.30739639
     145    114.88658415
     146    116.47671230
     147    118.07775734
     148    119.68974126
     149    121.31264353
     150    122.94648337
     151    124.59124284
     152    126.24693874
     153    127.91355539
     154    129.59110747
     155    131.27958128
     156    132.97898965
     157    134.68932060
     158    136.41058537
     159    138.14277345
     160    139.88589470
     161    141.63993992
     162    143.40491772
     163    145.18082007
     164    146.96765451
     165    148.76541398
     166    150.57410512
     167    152.39372172
     168    154.22426962
     169    156.06574336
     170    157.91814806
     171    159.78147894
     172    161.65574051
     173    163.54092854
     174    165.43704700
     175    167.34409219
     176    169.26206759
     177    171.19096994
     178    173.13080233
     179    175.08156185
     180    177.04325125
     181    179.01586795
     182    180.99941439
     183    182.99388828
     184    184.99929179
     185    187.01562288
     186    189.04288348
     187    191.08107178
     188    193.13018951
     189    195.19023503
     190    197.26120989
     191    199.34311264
     192    201.43594467
     193    203.53970465
     194    205.65439386
     195    207.78001108
     196    209.91655749
     197    212.06403197
     198    214.22243559
     199    216.39176734
     200    218.57202818
     201    220.76321720
     202    222.96533529
     203    225.17838159
     204    227.40235694
     205    229.63726053
     206    231.88309314
     207    234.13985402
     208    236.40754392
     209    238.68616211
     210    240.97570930
     211    243.27618480
     212    245.58758929
     213    247.90992211
     214    250.24318391
     215    252.58737406
     216    254.94249318
     217    257.30854066
     218    259.68551712
     219    262.07342194
     220    264.47225573
     221    266.88201791
     222    269.30270905
     223    271.73432858
     224    274.17687707
     225    276.63035396
     226    279.09475982
     227    281.57009408
     228    284.05635731
     229    286.55354894
     230    289.06166955
     231    291.58071856
     232    294.11069655
     233    296.65160296
     234    299.20343834
     235    301.76620214
     236    304.33989491
     237    306.92451611
     238    309.52006629
     239    312.12654490
     240    314.74395249
     241    317.37228851
     242    320.01155351
     243    322.66174695
     244    325.32286938
     245    327.99492023
     246    330.67790009
     247    333.37180838
     248    336.07664567
     249    338.79241139
     250    341.51910612
     251    344.25672928
     252    347.00528146
     253    349.76476207
     254    352.53517170
     255    355.31650975
     256    358.10877684
     257    360.91197235
     258    363.72609691
     259    366.55114988
     260    369.38713190
     261    372.23404234
     262    375.09188183
     263    377.96064974
     264    380.84034672
     265    383.73097211
     266    386.63252657
     267    389.54500944
     268    392.46842139
     269    395.40276175
     270    398.34803119
     271    401.30422905
     272    404.27135599
     273    407.24941135
     274    410.23839580
     275    413.23830866
     276    416.24915062
     277    419.27092099
     278    422.30362047
     279    425.34724835
     280    428.40180536
     281    431.46729076
     282    434.54370529
     283    437.63104822
     284    440.72932029
     285    443.83852074
     286    446.95865035
     287    450.08970834
     288    453.23169550
     289    456.38461103
     290    459.54845573
     291    462.72322881
     292    465.90893107
     293    469.10556170
     294    472.31312153
     295    475.53160971
     296    478.76102710
     297    482.00137285
     298    485.25264782
     299    488.51485114
     300    491.78798367
     301    495.07204457
     302    498.36703469
     303    501.67295317
     304    504.98980088
     305    508.31757694
     306    511.65628224
     307    515.00591589
     308    518.36647880
     309    521.73797005
     310    525.12039056
     311    528.51373941
     312    531.91801753
     313    535.33322399
     314    538.75935973
     315    542.19642380
     316    545.64441717
     317    549.10333885
     318    552.57318985
     319    556.05396916
     320    559.54567779
     321    563.04831474
     322    566.56188101
     323    570.08637559
     324    573.62179951
     325    577.16815173
     326    580.72543330
     327    584.29364317
     328    587.87278240
     329    591.46284993
     330    595.06384682
     331    598.67577201
     332    602.29862657
     333    605.93240942
     334    609.57712167
     335    613.23276219
     336    616.89933212
     337    620.57683032
     338    624.26525794
     339    627.96461382
     340    631.67489913
     341    635.39611271
     342    639.12825572
     343    642.87132699
     344    646.62532772
     345    650.39025669
     346    654.16611513
     347    657.95290181
     348    661.75061797
     349    665.55926237
     350    669.37883625
     351    673.20933837
     352    677.05076999
     353    680.90312984
     354    684.76641920
     355    688.64063678
     356    692.52578388
     357    696.42185921
     358    700.32886406
     359    704.24679713
     360    708.17565975
     361    712.11545058
     362    716.06617096
     363    720.02781954
     364    724.00039770
     365    727.98390405
     366    731.97833999
     367    735.98370411
     368    739.99999784
     369    744.02721974
     370    748.06537126
     371    752.11445095
     372    756.17446026
     373    760.24539775
     374    764.32726487
     375    768.42006016
     376    772.52378509
     377    776.63843818
     378    780.76402094
     379    784.90053185
     380    789.04797243
     381    793.20634116
     382    797.37563958
     383    801.55586613
     384    805.74702239
     385    809.94910678
     386    814.16212089
     387    818.38606312
     388    822.62093509
     389    826.86673517
     390    831.12346500
     391    835.39112293
     392    839.66971063
     393    843.95922643
     394    848.25967201
     395    852.57104567
     396    856.89334914
     397    861.22658068
     398    865.57074203
     399    869.92583146
     400    874.29185072
     401    878.66879803
     402    883.05667520
     403    887.45548041
     404    891.86521549
     405    896.28587862
     406    900.71747161
     407    905.15999265
     408    909.61344358
     409    914.07782254
     410    918.55313140
     411    923.03936829
     412    927.53653510
     413    932.04462992
     414    936.56365468
     415    941.09360745
     416    945.63449017
     417    950.18630089
     418    954.74904158
     419    959.32271025
     420    963.90730892
     421    968.50283556
     422    973.10929221
     423    977.72667682
     424    982.35499146
     425    986.99423406
     426    991.64440670
     427    996.30550729
     428   1000.97753793
     429   1005.66049652
     430   1010.35438518
     431   1015.05920177
     432   1019.77494845
     433   1024.50162305
     434   1029.23922776
     435   1033.98776039
     436   1038.74722314
     437   1043.51761379
     438   1048.29893459
     439   1053.09118328
     440   1057.89436214
     441   1062.70846887
     442   1067.53350579
     443   1072.36947057
     444   1077.21636556
     445   1082.07418841
     446   1086.94294148
     447   1091.82262240
     448   1096.71323355
     449   1101.61477255
     450   1106.52724180
     451   1111.45063888
     452   1116.38496624
     453   1121.33022141
     454   1126.28640689
     455   1131.25352016
     456   1136.23156376
     457   1141.22053514
     458   1146.22043687
     459   1151.23126637
     460   1156.25302623
     461   1161.28571386
     462   1166.32933187
     463   1171.38387764
     464   1176.44935381
     465   1181.52575771
     466   1186.61309205
     467   1191.71135411
     468   1196.82054662
     469   1201.94066684
     470   1207.07171753
     471   1212.21369592
     472   1217.36660480
     473   1222.53044137
     474   1227.70520845
     475   1232.89090320
     476   1238.08752849
     477   1243.29508144
     478   1248.51356495
     479   1253.74297610
     480   1258.98331784
     481   1264.23458720
     482   1269.49678717
     483   1274.76991476
     484   1280.05397297
     485   1285.34895879
     486   1290.65487526
     487   1295.97171931
     488   1301.29949404
     489   1306.63819634
     490   1311.98782935
     491   1317.34838991
     492   1322.71988119
     493   1328.10230002
     494   1333.49564959
     495   1338.89992669
     496   1344.31513456
     497   1349.74126994
     498   1355.17833613
     499   1360.62632980
     500   1366.08525430
     501   1371.55510628
     502   1377.03588911
     503   1382.52759939
     504   1388.03024056
     505   1393.54380916
     506   1399.06830867
     507   1404.60373561
     508   1410.15009347
     509   1415.70737874
     510   1421.27559498
     511   1426.85473859
     512   1432.44481320
     513   1438.04581518
     514   1443.65774817
     515   1449.28060851
     516   1454.91439989
     517   1460.55911860
     518   1466.21476839
     519   1471.88134549
     520   1477.55885369
     521   1483.24728918
     522   1488.94665580
     523   1494.65694970
     524   1500.37817475
     525   1506.11032706
     526   1511.85341055
     527   1517.60742128
     528   1523.37236323
     529   1529.14823239
     530   1534.93503280
     531   1540.73276040
     532   1546.54141928
     533   1552.36100533
     534   1558.19152269
     535   1564.03296719
     536   1569.88534305
     537   1575.74864602
     538   1581.62288038
     539   1587.50804183
     540   1593.40413469
     541   1599.31115464
     542   1605.22910602
     543   1611.15798446
     544   1617.09779438
     545   1623.04853133
     546   1629.01019978
     547   1634.98279525
     548   1640.96632225
     549   1646.96077625
     550   1652.96616181
     551   1658.98247434
     552   1665.00971848
     553   1671.04788955
     554   1677.09699227
     555   1683.15702190
     556   1689.22798321
     557   1695.30987140
     558   1701.40269131
     559   1707.50643808
     560   1713.62111660
     561   1719.74672196
     562   1725.88325910
     563   1732.03072305
     564   1738.18911883
     565   1744.35844138
     566   1750.53869580
     567   1756.72987697
     568   1762.93199003
     569   1769.14502983
     570   1775.36900156
     571   1781.60389999
     572   1787.84973039
     573   1794.10648746
     574   1800.37417655
     575   1806.65279227
     576   1812.94234005
     577   1819.24281444
     578   1825.55422092
     579   1831.87655399
     580   1838.20981918
     581   1844.55401093
     582   1850.90913485
     583   1857.27518529
     584   1863.65216795
     585   1870.04007709
     586   1876.43891849
     587   1882.84868635
     588   1889.26938650
     589   1895.70101308
     590   1902.14357200
     591   1908.59705732
     592   1915.06147502
     593   1921.53681907
     594   1928.02309556
     595   1934.52029836
     596   1941.02843365
     597   1947.54749522
     598   1954.07748931
     599   1960.61840965
     600   1967.17026256
     601   1973.73304168
     602   1980.30675342
     603   1986.89139134
     604   1993.48696192
     605   2000.09345864
     606   2006.71088807
     607   2013.33924360
     608   2019.97853189
     609   2026.62874624
     610   2033.28989340
     611   2039.96196658
     612   2046.64497262
     613   2053.33890465
     614   2060.04376958
     615   2066.75956046
     616   2073.48628430
     617   2080.22393403
     618   2086.97251678
     619   2093.73202539
     620   2100.50246706
     621   2107.28383455
     622   2114.07613516
     623   2120.87936153
     624   2127.69352109
     625   2134.51860636
     626   2141.35462487
     627   2148.20156906
     628   2155.05944653
     629   2161.92824963
     630   2168.80798608
     631   2175.69864812
     632   2182.60024355
     633   2189.51276452
     634   2196.43621896
     635   2203.37059888
     636   2210.31591232
     637   2217.27215119
     638   2224.23932365
     639   2231.21742150
     640   2238.20645298
     641   2245.20640980
     642   2252.21730033
     643   2259.23911613
     644   2266.27186570
     645   2273.31554050
     646   2280.37014914
     647   2287.43568294
     648   2294.51215064
     649   2301.59954346
     650   2308.69787024
     651   2315.80712208
     652   2322.92730795
     653   2330.05841882
     654   2337.20046379
     655   2344.35343370
     656   2351.51733779
     657   2358.69216675
     658   2365.87792995
     659   2373.07461797
     660   2380.28224030
     661   2387.50078739
     662   2394.73026886
     663   2401.97067502
     664   2409.22201564
     665   2416.48428089
     666   2423.75748067
     667   2431.04160502
     668   2438.33666397
     669   2445.64264741
     670   2452.95956554
     671   2460.28740810
     672   2467.62618542
     673   2474.97588710
     674   2482.33652361
     675   2489.70808442
     676   2497.09058014
     677   2504.48400008
     678   2511.88835503
     679   2519.30363411
     680   2526.72984828
     681   2534.16698652
     682   2541.61505992
     683   2549.07405732
     684   2556.54398997
     685   2564.02484653
     686   2571.51663844
     687   2579.01935418
     688   2586.53300536
     689   2594.05758027
     690   2601.59309072
     691   2609.13952483
     692   2616.69689456
     693   2624.26518787
     694   2631.84441689
     695   2639.43456940
     696   2647.03565772
     697   2654.64766944
     698   2662.27061707
     699   2669.90448801
     700   2677.54929496
     701   2685.20502513
     702   2692.87169140
     703   2700.54928080
     704   2708.23780640
     705   2715.93725504
     706   2723.64763999
     707   2731.36894786
     708   2739.10119216
     709   2746.84435929
     710   2754.59846295
     711   2762.36348933
     712   2770.13945235
     713   2777.92633800
     714   2785.72416039
     715   2793.53290531
     716   2801.35258708
     717   2809.18319127
     718   2817.02473243
     719   2824.87719589
     720   2832.74059645
     721   2840.61491919
     722   2848.50017915
     723   2856.39636118
     724   2864.30348055
     725   2872.22152187
     726   2880.15050066
     727   2888.09040127
     728   2896.04123948
     729   2904.00299939
     730   2911.97569703
     731   2919.95931624
     732   2927.95387331
     733   2935.95935183
     734   2943.97576834
     735   2952.00310616
     736   2960.04138212
     737   2968.09057925
     738   2976.15071467
     739   2984.22177111
     740   2992.30376598
     741   3000.39668174
     742   3008.50053607
     743   3016.61531114
     744   3024.74102494
     745   3032.87765933
     746   3041.02523260
     747   3049.18372631
     748   3057.35315905
     749   3065.53351208
     750   3073.72480430
     751   3081.92701664
     752   3090.14016835
     753   3098.36424001
     754   3106.59925120
     755   3114.84518219
     756   3123.10205286
     757   3131.36984316
     758   3139.64857333
     759   3147.93822295
     760   3156.23881261
     761   3164.55032154
     762   3172.87277070
     763   3181.20613894
     764   3189.55044759
     765   3197.90567514
     766   3206.27184329
     767   3214.64893015
     768   3223.03695780
     769   3231.43590396
     770   3239.84579111
     771   3248.26659656
     772   3256.69834321
     773   3265.14100796
     774   3273.59461411
     775   3282.05913814
     776   3290.53460378
     777   3299.02098710
     778   3307.51831224
     779   3316.02655483
     780   3324.54573946
     781   3333.07584132
     782   3341.61688544
     783   3350.16884656
     784   3358.73175018
     785   3367.30557054
     786   3375.89033364
     787   3384.48601324
     788   3393.09263583
     789   3401.71017466
     790   3410.33865672
     791   3418.97805477
     792   3427.62839631
     793   3436.28965357
     794   3444.96185457
     795   3453.64497102
     796   3462.33903149
     797   3471.04400712
     798   3479.75992704
     799   3488.48676184
     800   3497.22454120
     801   3505.97323515
     802   3514.73287396
     803   3523.50342704
     804   3532.28492528
     805   3541.07733748
     806   3549.88069513
     807   3558.69496643
     808   3567.52018349
     809   3576.35631388
     810   3585.20339033
     811   3594.06137978
     812   3602.93031561
     813   3611.81016410
     814   3620.70095931
     815   3629.60266682
     816   3638.51532138
     817   3647.43888788
     818   3656.37340177
     819   3665.31882725
     820   3674.27520047
     821   3683.24248489
     822   3692.22071741
     823   3701.20986076
     824   3710.20995256
     825   3719.22095480
     826   3728.24290585
     827   3737.27576696
     828   3746.31957726
     829   3755.37429720
     830   3764.43996671
     831   3773.51654545
     832   3782.60407415
     833   3791.70251167
     834   3800.81189952
     835   3809.93219578
     836   3819.06344277
     837   3828.20559773
     838   3837.35870381
     839   3846.52271744
     840   3855.69768260
     841   3864.88355486
     842   3874.08037903
     843   3883.28810989
     844   3892.50679306
     845   3901.73638247
     846   3910.97692457
     847   3920.22837251
     848   3929.49077352
     849   3938.76407993
     850   3948.04833978
     851   3957.34350463
     852   3966.64962329
     853   3975.96664653
     854   3985.29462392
     855   3994.63350553
     856   4003.98334160
     857   4013.34408152
     858   4022.71577619
     859   4032.09837439
     860   4041.49192762
     861   4050.89638405
     862   4060.31179570
     863   4069.73811035
     864   4079.17538040
     865   4088.62355320
     866   4098.08268149
     867   4107.55271245
     868   4117.03369893
     869   4126.52558797
     870   4136.02843248
     871   4145.54217964
     872   4155.06688210
     873   4164.60248728
     874   4174.14904750
     875   4183.70651077
     876   4193.27492865
     877   4202.85424994
     878   4212.44452524
     879   4222.04570462
     880   4231.65783723
     881   4241.28087465
     882   4250.91486426
     883   4260.55975984
     884   4270.21560632
     885   4279.88236001
     886   4289.56006299
     887   4299.24867497
     888   4308.94823427
     889   4318.65870450
     890   4328.38011966
     891   4338.11244842
     892   4347.85571920
     893   4357.60990649
     894   4367.37503232
     895   4377.15107850
     896   4386.93805908
     897   4396.73596420
     898   4406.54479879
     899   4416.36456336
     900   4426.19525158
     901   4436.03687572
     902   4445.88941664
     903   4455.75290104
     904   4465.62729413
     905   4475.51263903
     906   4485.40888312
     907   4495.31608944
     908   4505.23418383
     909   4515.16325195
     910   4525.10319514
     911   4535.05412631
     912   4545.01591738
     913   4554.98871219
     914   4564.97234918
     915   4574.96700933
     916   4584.97249102
     917   4594.98901736
     918   4605.01634123
     919   4615.05473603
     920   4625.10390044
     921   4635.16416497
     922   4645.23516664
     923   4655.31730393
     924   4665.41014066
     925   4675.51415252
     926   4685.62882003
     927   4695.75471052
     928   4705.89120586
     929   4716.03897753
     930   4726.19729509
     931   4736.36695337
     932   4746.54708919
     933   4756.73863764
     934   4766.94058435
     935   4777.15403024
     936   4787.37778249
     937   4797.61313079
     938   4807.85867886
     939   4818.11593929
     940   4828.38327596
     941   4838.66245540
     942   4848.95156783
     943   4859.25267927
     944   4869.56355771
     945   4879.88661067
     946   4890.21923806
     947   4900.56424996
     948   4910.91861311
     949   4921.28559703
     950   4931.66167325
     951   4942.05065258
     952   4952.44842399
     953   4962.85941671
     954   4973.27885303
     955   4983.71189057
     956   4994.15296754
     957   5004.60807458
     958   5015.07075167
     959   5025.54797055
     960   5036.03221480
     961   5046.53157936
     962   5057.03733633
     963   5067.55890373
     964   5078.08612862
     965   5088.62994520
     966   5099.17856473
     967   5109.74470777
     968   5120.31466098
     969   5130.90319395
     970   5141.49438191
     971   5152.10540946
     972   5162.71774924
     973   5173.35135817
     974   5183.98471603
     975   5194.64104814
     976   5205.29531140
     977   5215.97448507
     978   5226.64947287
     979   5237.35168010
     980   5248.04723991
     981   5258.77264133
     982   5269.48852910
     983   5280.23738369
     984   5290.97339471
     985   5301.74591808
     986   5312.50172523
     987   5323.29826357
     988   5334.07359682
     989   5344.89443358
     990   5355.68886113
     991   5366.53445015
     992   5377.34762800
     993   5388.21832668
     994   5399.04970286
     995   5409.94608267
     996   5420.79525025
     997   5431.71772290
     998   5442.58402295
     999   5453.53324789
    1000   5464.41627957
    1001   5475.39263024
    1002   5486.29172597
    1003   5497.29580978
    1004   5508.21078975
    1005   5519.24267127
    1006   5530.17316492
    1007   5541.23300261
    1008   5552.17958133
    1009   5563.26649324
    1010   5574.22979653
    1011   5585.34262462
    1012   5596.32502270
    1013   5607.46076685
    1014   5618.46511980
    1015   5629.61997315
    1016   5640.65183924
    1017   5651.81937408
    1018   5662.88492326
    1019   5674.05759162
    1020   5685.16681800
    1021   5696.33254339
    1022   5707.50142522
    1023   5718.62561977
    1024   5729.98853732
 ---------------------------------------
 
SCF converged! Final Ground-State Energy (Eh):              -5.8376614381731233
