 
     Two-Electron DVR    
 ------------------------
 x0     =      15.00000000
 m      =       1.00000000
 Z      =       3.00000000
 n      =             1024
 dx     =       0.02932551
 
Soft-Coulomb Parameters:
 alpha  =       0.10000000
 beta   =       1.00000000
 
 
                       Hartree-Fock                      
 --------------------------------------------------------
 no. of orbitals        =             1024
 no. of electrons       =                2
 scf_damping_switch     =        F
 scf_diis_switch        =        F
 damping_factor         =   0.00000000
 e_tolerance            = 0.0000000000100000
 maximum scf-iterations =              200
 
 
                       SCF iterations                      
 ----------------------------------------------------------
    S.No    Energy (hartree)        dE (hartree)
 ----------------------------------------------------------
       0    -12.596227286459
       1    -11.680973993906      0.915253292553
       2    -11.681863795722      0.000889801816
       3    -11.681875385374      0.000011589653
       4    -11.681875538899      0.000000153525
       5    -11.681875540948      0.000000002049
       6    -11.681875540976      0.000000000027
       7    -11.681875540976      0.000000000000
 ----------------------------------------------------------
  
 
 
 ---------------------------------------
     Molecular Orbital Energies (Eh)    
 ---------------------------------------
       1     -5.38422575
       2     -1.07184507
       3     -0.34922634
       4     -0.16910584
       5     -0.09920841
       6     -0.05235367
       7     -0.00134796
       8      0.06423889
       9      0.14170038
      10      0.23397997
      11      0.33626506
      12      0.45376736
      13      0.57951658
      14      0.72155595
      15      0.87002814
      16      1.03614734
      17      1.20695864
      18      1.39676290
      19      1.58974293
      20      1.80286836
      21      2.01796776
      22      2.25408345
      23      2.49131515
      24      2.75012969
      25      3.00953322
      26      3.29079821
      27      3.57241924
      28      3.87592915
      29      4.17980861
      30      4.50539799
      31      4.83156704
      32      5.17910617
      33      5.52758471
      34      5.89697465
      35      6.26777163
      36      6.65893924
      37      7.05205398
      38      7.46494722
      39      7.88037111
      40      8.31495486
      41      8.75267308
      42      9.20892557
      43      9.66891873
      44     10.14682846
      45     10.62907403
      46     11.12863726
      47     11.63311077
      48     12.15432952
      49     12.68100548
      50     13.22388588
      51     13.77273860
      52     14.33728960
      53     14.90829375
      54     15.49452613
      55     16.08765714
      56     16.69558276
      57     17.31081715
      58     17.94044836
      59     18.57776393
      60     19.22911313
      61     19.88848907
      62     20.56156845
      63     21.24298541
      64     21.93780668
      65     22.64124678
      66     23.35782106
      67     24.08326786
      68     24.82160558
      69     25.56904406
      70     26.32915490
      71     27.09857134
      72     27.88046427
      73     28.67184623
      74     29.47552942
      75     30.28886563
      76     31.11434655
      77     31.94962683
      78     32.79691227
      79     33.65412744
      80     34.52322352
      81     35.40236533
      82     36.29327755
      83     37.19433860
      84     38.10707191
      85     39.03004556
      86     39.96460438
      87     40.90948468
      88     41.86587295
      89     42.83265459
      90     43.81087583
      91     44.79955406
      92     45.79961139
      93     46.81018197
      94     47.83207816
      95     48.86453731
      96     49.90827479
      97     50.96261916
      98     52.02820009
      99     53.10442667
     100     54.19185296
     101     55.28995909
     102     56.39923240
     103     57.51921569
     104     58.65033751
     105     59.79219586
     106     60.94516746
     107     62.10889898
     108     63.28372150
     109     64.46932452
     110     65.66599895
     111     66.87347199
     112     68.09199917
     113     69.32134091
     114     70.56172160
     115     71.81293086
     116     73.07516571
     117     74.34824145
     118     75.63233103
     119     76.92727231
     120     78.23321710
     121     79.55002310
     122     80.87782353
     123     82.21649351
     124     83.56614995
     125     84.92668325
     126     86.29819600
     127     87.68059205
     128     89.07396138
     129     90.47821965
     130     91.89344579
     131     93.31956582
     132     94.75664897
     133     96.20463035
     134     97.66357066
     135     99.13341302
     136    100.61421064
     137    102.10591365
     138    103.60856870
     139    105.12213205
     140    106.64664463
     141    108.18206807
     142    109.72843826
     143    111.28572155
     144    112.85394941
     145    114.43309234
     146    116.02317793
     147    117.62418031
     148    119.23612368
     149    120.85898533
     150    122.49278650
     151    124.13750728
     152    125.79316628
     153    127.45974605
     154    129.13726291
     155    130.82570153
     156    132.52507626
     157    134.23537363
     158    135.95660624
     159    137.68876226
     160    139.43185274
     161    141.18586732
     162    142.95081569
     163    144.72668874
     164    146.51349500
     165    148.31122644
     166    150.11989058
     167    151.93948035
     168    153.77000236
     169    155.61145040
     170    157.46383029
     171    159.32713654
     172    161.20137428
     173    163.08653869
     174    164.98263429
     175    166.88965681
     176    168.80761025
     177    170.73649084
     178    172.67630212
     179    174.62704074
     180    176.58870984
     181    178.56130645
     182    180.54483336
     183    182.53928793
     184    184.54467265
     185    186.56098515
     186    188.58822766
     187    190.62639807
     188    192.67549836
     189    194.73552664
     190    196.80648470
     191    198.88837084
     192    200.98118666
     193    203.08493063
     194    205.19960420
     195    207.32520599
     196    209.46173730
     197    211.60919688
     198    213.76758593
     199    215.93690329
     200    218.11715006
     201    220.30832518
     202    222.51042966
     203    224.72346253
     204    226.94742472
     205    229.18231532
     206    231.42813521
     207    233.68488354
     208    235.95256112
     209    238.23116716
     210    240.52070242
     211    242.82116616
     212    245.13255910
     213    247.45488054
     214    249.78813115
     215    252.13231026
     216    254.48741854
     217    256.85345533
     218    259.23042127
     219    261.61831573
     220    264.01713933
     221    266.42689144
     222    268.84757269
     223    271.27918246
     224    273.72172135
     225    276.17518877
     226    278.63958531
     227    281.11491037
     228    283.60116454
     229    286.09834725
     230    288.60645905
     231    291.12549939
     232    293.65546883
     233    296.19636680
     234    298.74819386
     235    301.31094946
     236    303.88463415
     237    306.46924737
     238    309.06478969
     239    311.67126053
     240    314.28866047
     241    316.91698893
     242    319.55624649
     243    322.20643257
     244    324.86754774
     245    327.53959144
     246    330.22256423
     247    332.91646554
     248    335.62129595
     249    338.33705488
     250    341.06374290
     251    343.80135944
     252    346.54990508
     253    349.30937923
     254    352.07978249
     255    354.86111425
     256    357.65337512
     257    360.45656449
     258    363.27068298
     259    366.09572996
     260    368.93170606
     261    371.77861065
     262    374.63644437
     263    377.50520658
     264    380.38489791
     265    383.27551773
     266    386.17706668
     267    389.08954411
     268    392.01295069
     269    394.94728573
     270    397.89254993
     271    400.84874259
     272    403.81586440
     273    406.79391468
     274    409.78289412
     275    412.78280202
     276    415.79363908
     277    418.81540460
     278    421.84809929
     279    424.89172243
     280    427.94627475
     281    431.01175551
     282    434.08816546
     283    437.17550385
     284    440.27377144
     285    443.38296746
     286    446.50309268
     287    449.63414633
     288    452.77612919
     289    455.92904047
     290    459.09288097
     291    462.26764989
     292    465.45334803
     293    468.64997459
     294    471.85753038
     295    475.07601458
     296    478.30542803
     297    481.54576987
     298    484.79704097
     299    488.05924046
     300    491.33236921
     301    494.61642636
     302    497.91141277
     303    501.21732757
     304    504.53417165
     305    507.86194411
     306    511.20064585
     307    514.55027597
     308    517.91083538
     309    521.28232317
     310    524.66474026
     311    528.05808571
     312    531.46236048
     313    534.87756361
     314    538.30369606
     315    541.74075686
     316    545.18874700
     317    548.64766549
     318    552.11751331
     319    555.59828948
     320    559.08999500
     321    562.59262887
     322    566.10619209
     323    569.63068364
     324    573.16610457
     325    576.71245382
     326    580.26973245
     327    583.83793941
     328    587.41707576
     329    591.00714042
     330    594.60813448
     331    598.22005686
     332    601.84290864
     333    605.47668874
     334    609.12139825
     335    612.77703606
     336    616.44360331
     337    620.12109885
     338    623.80952383
     339    627.50887710
     340    631.21915982
     341    634.94037083
     342    638.67251130
     343    642.41558005
     344    646.16957827
     345    649.93450477
     346    653.71036075
     347    657.49714500
     348    661.29485874
     349    665.10350075
     350    668.92307226
     351    672.75357202
     352    676.59500131
     353    680.44735884
     354    684.31064591
     355    688.18486121
     356    692.07000606
     357    695.96607915
     358    699.87308179
     359    703.79101266
     360    707.71987310
     361    711.65966176
     362    715.61037999
     363    719.57202645
     364    723.54460250
     365    727.52810675
     366    731.52254062
     367    735.52790268
     368    739.54419436
     369    743.57141424
     370    747.60956374
     371    751.65864144
     372    755.71864878
     373    759.78958430
     374    763.87144948
     375    767.96424283
     376    772.06796585
     377    776.18261704
     378    780.30819791
     379    784.44470695
     380    788.59214568
     381    792.75051256
     382    796.91980915
     383    801.10003389
     384    805.29118836
     385    809.49327096
     386    813.70628330
     387    817.93022377
     388    822.16509399
     389    826.41089234
     390    830.66762045
     391    834.93527667
     392    839.21386268
     393    843.50337680
     394    847.80382071
     395    852.11519272
     396    856.43749454
     397    860.77072445
     398    865.11488419
     399    869.46997201
     400    873.83598967
     401    878.21293541
     402    882.60081100
     403    886.99961466
     404    891.40934819
     405    895.83000978
     406    900.26160125
     407    904.70412077
     408    909.15757019
     409    913.62194766
     410    918.09725504
     411    922.58349046
     412    927.08065581
     413    931.58874918
     414    936.10777250
     415    940.63772384
     416    945.17860514
     417    949.73041445
     418    954.29315374
     419    958.86682102
     420    963.45141831
     421    968.04694358
     422    972.65339887
     423    977.27078213
     424    981.89909543
     425    986.53833669
     426    991.18850801
     427    995.84960728
     428   1000.52163662
     429   1005.20459391
     430   1009.89848128
     431   1014.60329659
     432   1019.31904200
     433   1024.04571534
     434   1028.78331881
     435   1033.53185018
     436   1038.29131170
     437   1043.06170112
     438   1047.84302070
     439   1052.63526818
     440   1057.43844583
     441   1062.25255137
     442   1067.07758710
     443   1071.91355071
     444   1076.76044453
     445   1081.61826621
     446   1086.48701812
     447   1091.36669789
     448   1096.25730791
     449   1101.15884576
     450   1106.07131389
     451   1110.99470985
     452   1115.92903610
     453   1120.87429017
     454   1125.83047454
     455   1130.79758673
     456   1135.77562924
     457   1140.76459954
     458   1145.76450020
     459   1150.77532864
     460   1155.79708745
     461   1160.82977403
     462   1165.87339100
     463   1170.92793573
     464   1175.99341087
     465   1181.06981375
     466   1186.15714707
     467   1191.25540812
     468   1196.36459962
     469   1201.48471884
     470   1206.61576854
     471   1211.75774594
     472   1216.91065385
     473   1222.07448944
     474   1227.24925555
     475   1232.43494934
     476   1237.63157368
     477   1242.83912568
     478   1248.05760824
     479   1253.28701845
     480   1258.52735926
     481   1263.77862769
     482   1269.04082674
     483   1274.31395341
     484   1279.59801072
     485   1284.89299563
     486   1290.19891120
     487   1295.51575436
     488   1300.84352820
     489   1306.18222962
     490   1311.53186174
     491   1316.89242143
     492   1322.26391184
     493   1327.64632980
     494   1333.03967852
     495   1338.44395477
     496   1343.85916179
     497   1349.28529633
     498   1354.72236168
     499   1360.17035452
     500   1365.62927819
     501   1371.09912934
     502   1376.57991135
     503   1382.07162082
     504   1387.57426118
     505   1393.08782898
     506   1398.61232769
     507   1404.14775382
     508   1409.69411090
     509   1415.25139538
     510   1420.81961083
     511   1426.39875367
     512   1431.98882751
     513   1437.58982871
     514   1443.20176094
     515   1448.82462052
     516   1454.45841114
     517   1460.10312911
     518   1465.75877814
     519   1471.42535450
     520   1477.10286196
     521   1482.79129672
     522   1488.49066260
     523   1494.20095577
     524   1499.92218010
     525   1505.65433169
     526   1511.39741447
     527   1517.15142449
     528   1522.91636572
     529   1528.69223418
     530   1534.47903389
     531   1540.27676079
     532   1546.08541898
     533   1551.90500434
     534   1557.73552101
     535   1563.57696484
     536   1569.42934001
     537   1575.29264232
     538   1581.16687600
     539   1587.05203679
     540   1592.94812899
     541   1598.85514827
     542   1604.77309900
     543   1610.70197679
     544   1616.64178605
     545   1622.59252235
     546   1628.55419016
     547   1634.52678499
     548   1640.51031136
     549   1646.50476472
     550   1652.51014965
     551   1658.52646156
     552   1664.55370507
     553   1670.59187553
     554   1676.64097763
     555   1682.70100664
     556   1688.77196734
     557   1694.85385493
     558   1700.94667423
     559   1707.05042041
     560   1713.16509833
     561   1719.29070309
     562   1725.42723964
     563   1731.57470300
     564   1737.73309819
     565   1743.90242016
     566   1750.08267399
     567   1756.27385459
     568   1762.47596708
     569   1768.68900630
     570   1774.91297746
     571   1781.14787533
     572   1787.39370516
     573   1793.65046168
     574   1799.91815020
     575   1806.19676538
     576   1812.48631260
     577   1818.78678644
     578   1825.09819238
     579   1831.42052490
     580   1837.75378955
     581   1844.09798076
     582   1850.45310414
     583   1856.81915405
     584   1863.19613617
     585   1869.58404479
     586   1875.98288566
     587   1882.39265300
     588   1888.81335263
     589   1895.24497869
     590   1901.68753710
     591   1908.14102190
     592   1914.60543909
     593   1921.08078263
     594   1927.56705861
     595   1934.06426092
     596   1940.57239570
     597   1947.09145677
     598   1953.62145036
     599   1960.16237021
     600   1966.71422263
     601   1973.27700126
     602   1979.85071252
     603   1986.43534995
     604   1993.03092004
     605   1999.63741628
     606   2006.25484523
     607   2012.88320029
     608   2019.52248810
     609   2026.17270198
     610   2032.83384867
     611   2039.50592139
     612   2046.18892696
     613   2052.88285852
     614   2059.58772300
     615   2066.30351341
     616   2073.03023679
     617   2079.76788607
     618   2086.51646837
     619   2093.27597653
     620   2100.04641775
     621   2106.82778479
     622   2113.62008496
     623   2120.42331089
     624   2127.23747000
     625   2134.06255484
     626   2140.89857291
     627   2147.74551666
     628   2154.60339370
     629   2161.47219638
     630   2168.35193240
     631   2175.24259400
     632   2182.14418901
     633   2189.05670956
     634   2195.98016357
     635   2202.91454307
     636   2209.85985610
     637   2216.81609456
     638   2223.78326660
     639   2230.76136403
     640   2237.75039511
     641   2244.75035152
     642   2251.76124163
     643   2258.78305703
     644   2265.81580620
     645   2272.85948060
     646   2279.91408883
     647   2286.97962224
     648   2294.05608954
     649   2301.14348196
     650   2308.24180835
     651   2315.35105980
     652   2322.47124528
     653   2329.60235576
     654   2336.74440035
     655   2343.89736988
     656   2351.06127357
     657   2358.23610215
     658   2365.42186497
     659   2372.61855261
     660   2379.82617457
     661   2387.04472128
     662   2394.27420238
     663   2401.51460817
     664   2408.76594842
     665   2416.02821330
     666   2423.30141271
     667   2430.58553669
     668   2437.88059528
     669   2445.18657836
     670   2452.50349613
     671   2459.83133832
     672   2467.17011528
     673   2474.51981660
     674   2481.88045276
     675   2489.25201321
     676   2496.63450859
     677   2504.02792818
     678   2511.43228277
     679   2518.84756150
     680   2526.27377533
     681   2533.71091322
     682   2541.15898628
     683   2548.61798333
     684   2556.08791565
     685   2563.56877187
     686   2571.06056344
     687   2578.56327884
     688   2586.07692968
     689   2593.60150426
     690   2601.13701438
     691   2608.68344815
     692   2616.24081755
     693   2623.80911053
     694   2631.38833922
     695   2638.97849141
     696   2646.57957940
     697   2654.19159080
     698   2661.81453811
     699   2669.44840873
     700   2677.09321536
     701   2684.74894520
     702   2692.41561116
     703   2700.09320024
     704   2707.78172553
     705   2715.48117385
     706   2723.19155849
     707   2730.91286605
     708   2738.64511004
     709   2746.38827686
     710   2754.14238021
     711   2761.90740629
     712   2769.68336900
     713   2777.47025434
     714   2785.26807644
     715   2793.07682105
     716   2800.89650252
     717   2808.72710641
     718   2816.56864727
     719   2824.42111044
     720   2832.28451070
     721   2840.15883315
     722   2848.04409282
     723   2855.94027455
     724   2863.84739363
     725   2871.76543466
     726   2879.69441316
     727   2887.63431348
     728   2895.58515140
     729   2903.54691103
     730   2911.51960838
     731   2919.50322731
     732   2927.49778410
     733   2935.50326233
     734   2943.51967857
     735   2951.54701611
     736   2959.58529179
     737   2967.63448865
     738   2975.69462378
     739   2983.76567995
     740   2991.84767455
     741   2999.94059003
     742   3008.04444409
     743   3016.15921890
     744   3024.28493242
     745   3032.42156655
     746   3040.56913954
     747   3048.72763299
     748   3056.89706546
     749   3065.07741823
     750   3073.26871019
     751   3081.47092228
     752   3089.68407371
     753   3097.90814512
     754   3106.14315605
     755   3114.38908678
     756   3122.64595719
     757   3130.91374724
     758   3139.19247715
     759   3147.48212652
     760   3155.78271592
     761   3164.09422461
     762   3172.41667351
     763   3180.75004151
     764   3189.09434991
     765   3197.44957721
     766   3205.81574511
     767   3214.19283173
     768   3222.58085913
     769   3230.97980505
     770   3239.38969195
     771   3247.81049717
     772   3256.24224357
     773   3264.68490808
     774   3273.13851398
     775   3281.60303778
     776   3290.07850318
     777   3298.56488627
     778   3307.06221117
     779   3315.57045353
     780   3324.08963792
     781   3332.61973955
     782   3341.16078344
     783   3349.71274433
     784   3358.27564771
     785   3366.84946785
     786   3375.43423072
     787   3384.02991010
     788   3392.63653245
     789   3401.25407107
     790   3409.88255290
     791   3418.52195074
     792   3427.17229204
     793   3435.83354909
     794   3444.50574986
     795   3453.18886610
     796   3461.88292634
     797   3470.58790177
     798   3479.30382145
     799   3488.03065605
     800   3496.76843519
     801   3505.51712894
     802   3514.27676751
     803   3523.04732041
     804   3531.82881841
     805   3540.62123043
     806   3549.42458784
     807   3558.23885897
     808   3567.06407579
     809   3575.90020600
     810   3584.74728221
     811   3593.60527149
     812   3602.47420709
     813   3611.35405542
     814   3620.24485037
     815   3629.14655773
     816   3638.05921204
     817   3646.98277840
     818   3655.91729203
     819   3664.86271738
     820   3673.81909033
     821   3682.78637464
     822   3691.76460688
     823   3700.75375012
     824   3709.75384164
     825   3718.76484378
     826   3727.78679454
     827   3736.81965558
     828   3745.86346557
     829   3754.91818545
     830   3763.98385463
     831   3773.06043334
     832   3782.14796170
     833   3791.24639920
     834   3800.35578669
     835   3809.47608296
     836   3818.60732957
     837   3827.74948457
     838   3836.90259023
     839   3846.06660394
     840   3855.24156865
     841   3864.42744102
     842   3873.62426471
     843   3882.83199573
     844   3892.05067837
     845   3901.28026799
     846   3910.52080952
     847   3919.77225772
     848   3929.03465810
     849   3938.30796484
     850   3947.59222399
     851   3956.88738925
     852   3966.19350714
     853   3975.51053087
     854   3984.83850739
     855   3994.17738959
     856   4003.52722471
     857   4012.88796532
     858   4022.25965891
     859   4031.64225795
     860   4041.03580997
     861   4050.44026737
     862   4059.85567766
     863   4069.28199346
     864   4078.71926197
     865   4088.16743610
     866   4097.62656266
     867   4107.09659518
     868   4116.57757970
     869   4126.06947054
     870   4135.57231281
     871   4145.08606207
     872   4154.61076199
     873   4164.14636961
     874   4173.69292692
     875   4183.25039302
     876   4192.81880761
     877   4202.39813215
     878   4211.98840367
     879   4221.58958683
     880   4231.20171514
     881   4240.82475689
     882   4250.45874157
     883   4260.10364218
     884   4269.75948305
     885   4279.42624249
     886   4289.10393902
     887   4298.79255767
     888   4308.49210960
     889   4318.20258749
     890   4327.92399417
     891   4337.65633178
     892   4347.39959288
     893   4357.15379032
     894   4366.91890500
     895   4376.69496291
     896   4386.48193074
     897   4396.27984931
     898   4406.08866921
     899   4415.90844933
     900   4425.73912074
     901   4435.58076270
     902   4445.43328424
     903   4455.29678923
     904   4465.17116014
     905   4475.05652863
     906   4484.95274714
     907   4494.85998071
     908   4504.77804580
     909   4514.70714518
     910   4524.64705456
     911   4534.59802184
     912   4544.55977415
     913   4554.53261038
     914   4564.51620265
     915   4574.51091062
     916   4584.51634103
     917   4594.53292225
     918   4604.56018693
     919   4614.59864512
     920   4624.64774160
     921   4634.70807890
     922   4644.77900215
     923   4654.86122349
     924   4664.95397017
     925   4675.05807857
     926   4685.17264210
     927   4695.29864411
     928   4705.43501998
     929   4715.58291981
     930   4725.74109938
     931   4735.91090573
     932   4746.09088291
     933   4756.28260163
     934   4766.48436503
     935   4776.69800771
     936   4786.92154911
     937   4797.15712380
     938   4807.40242816
     939   4817.65995033
     940   4827.92700650
     941   4838.20648722
     942   4848.49527527
     943   4858.79673521
     944   4869.10724008
     945   4879.43069442
     946   4889.76288958
     947   4900.10836600
     948   4910.46223104
     949   4920.82975033
     950   4931.20524989
     951   4941.59484917
     952   4951.99195554
     953   4962.40366330
     954   4972.82232916
     955   4983.25619532
     956   4993.69638303
     957   5004.15244657
     958   5014.61409256
     959   5025.09242084
     960   5035.57547390
     961   5046.07612030
     962   5056.58049471
     963   5067.10355040
     964   5077.62917634
     965   5088.17471450
     966   5098.72147587
     967   5109.28962040
     968   5119.85742182
     969   5130.44827316
     970   5141.03695659
     971   5151.65068393
     972   5162.26011874
     973   5172.89686022
     974   5183.52683009
     975   5194.18681800
     976   5204.83714335
     977   5215.52056828
     978   5226.19095118
     979   5236.89813398
     980   5247.58832664
     981   5258.31953127
     982   5269.02912017
     983   5279.78479325
     984   5290.51343488
     985   5301.29394359
     986   5312.04105890
     987   5322.84703055
     988   5333.61214072
     989   5344.44408897
     990   5355.22637448
     991   5366.08518991
     992   5376.88397938
     993   5387.77038488
     994   5398.58450386
     995   5409.49977994
     996   5420.32828191
     997   5431.27345140
     998   5442.11462896
     999   5453.09155943
    1000   5463.94407529
    1001   5474.95421627
    1002   5485.81554974
    1003   5496.86166560
    1004   5507.72994222
    1005   5518.81406701
    1006   5529.68550867
    1007   5540.81179079
    1008   5551.68385926
    1009   5562.85504314
    1010   5573.72199017
    1011   5584.94438249
    1012   5595.80312577
    1013   5607.08001060
    1014   5617.92157552
    1015   5629.26278868
    1016   5640.08480230
    1017   5651.49269522
    1018   5662.27976412
    1019   5673.77131241
    1020   5684.52930756
    1021   5696.09667992
    1022   5706.78700935
    1023   5718.46757454
    1024   5729.31871900
 ---------------------------------------
 
SCF converged! Final Ground-State Energy (Eh):             -11.6818755409760779
