 
     Two-Electron DVR    
 ------------------------
 x0     =      15.00000000
 m      =       1.00000000
 Z      =       1.00000000
 n      =             2048
 dx     =       0.01465559
 
Soft-Coulomb Parameters:
 alpha  =       0.01000000
 beta   =       0.01000000
 
 
                       Hartree-Fock                      
 --------------------------------------------------------
 no. of orbitals        =             2048
 no. of electrons       =                2
 scf_damping_switch     =        F
 scf_diis_switch        =        F
 damping_factor         =   0.00000000
 e_tolerance            = 0.0000000000100000
 maximum scf-iterations =              200
 
 
                       SCF iterations                      
 ----------------------------------------------------------
    S.No    Energy (hartree)        dE (hartree)
 ----------------------------------------------------------
       0     -7.637232346632
       1     -3.591289730903      4.045942615728
       2     -3.991047806342      0.399758075439
       3     -4.000910621591      0.009862815249
       4     -4.001330917190      0.000420295599
       5     -4.001347690246      0.000016773056
       6     -4.001348428968      0.000000738722
       7     -4.001348465526      0.000000036558
       8     -4.001348467608      0.000000002082
       9     -4.001348467742      0.000000000135
      10     -4.001348467752      0.000000000010
      11     -4.001348467751      0.000000000001
 ----------------------------------------------------------
  
 
 
 ---------------------------------------
     Molecular Orbital Energies (Eh)    
 ---------------------------------------
       1     -0.44441352
       2      0.14509174
       3      0.14512404
       4      0.25760326
       5      0.25809321
       6      0.40487316
       7      0.40726817
       8      0.59033943
       9      0.59715374
      10      0.81494021
      11      0.82937453
      12      1.07880115
      13      1.10441916
      14      1.38193554
      15      1.42241505
      16      1.72452379
      17      1.78340307
      18      2.10699296
      19      2.18741587
      20      2.52997610
      21      2.63449396
      22      2.99420373
      23      3.12468518
      24      3.50038498
      25      3.65804097
      26      4.04912367
      27      4.23461323
      28      4.64088398
      29      4.85445200
      30      5.27599499
      31      5.51760426
      32      5.95467507
      33      6.22411325
      34      6.67706091
      35      6.97401830
      36      7.44323310
      37      7.76735489
      38      8.25323569
      39      8.60415485
      40      9.10708990
      41      9.48444667
      42     10.00480328
      43     10.40825580
      44     10.94637550
      45     11.37560497
      46     11.93180208
      47     12.38651450
      48     12.96107649
      49     13.44100259
      50     14.03419154
      51     14.53908555
      52     15.15114005
      53     15.68077802
      54     16.31191525
      55     16.86609319
      56     17.51651099
      57     18.09504300
      58     18.76492178
      59     19.36763820
      60     20.05714277
      61     20.68388859
      62     21.39316976
      63     22.04380305
      64     22.77299912
      65     23.44738970
      66     24.19662769
      67     24.89465596
      68     25.66405280
      69     26.38560862
      70     27.17527213
      71     27.92025393
      72     28.73028373
      73     29.49859762
      74     30.32908591
      75     31.12064499
      76     31.97167725
      77     32.78640094
      78     33.65805654
      79     34.49587001
      80     35.38822275
      81     36.24905640
      82     37.16217501
      83     38.04596402
      84     38.97991260
      85     39.88659650
      86     40.84143489
      87     41.77095724
      88     42.74674138
      89     43.69904941
      90     44.69583164
      91     45.67087595
      92     46.68870530
      93     47.68643965
      94     48.72536210
      95     49.74574310
      96     50.80580178
      97     51.84878873
      98     52.93002418
      99     53.99557883
     100     55.09802913
     101     56.18611556
     102     57.30981654
     103     58.42040093
     104     59.56538634
     105     60.69843687
     106     61.86473845
     107     63.02022516
     108     64.20787287
     109     65.38576750
     110     66.59478959
     111     67.79506550
     112     69.02548861
     113     70.24812068
     114     71.49996996
     115     72.74493447
     116     74.01823369
     117     75.28550823
     118     76.58027983
     119     77.86984324
     120     79.18610846
     121     80.49794073
     122     81.83571963
     123     83.16980185
     124     84.52911342
     125     85.88542769
     126     87.26628992
     127     88.64481931
     128     90.04724921
     129     91.44797769
     130     92.87199139
     131     94.29490378
     132     95.74051653
     133     97.18559847
     134     98.65282475
     135    100.12006261
     136    101.60891615
     137    103.09829702
     138    104.60879082
     139    106.12030247
     140    107.65244886
     141    109.18607969
     142    110.73989039
     143    112.29562940
     144    113.87111550
     145    115.44895225
     146    117.04612431
     147    118.64604890
     148    120.26491692
     149    121.88691994
     150    123.52749343
     151    125.17156597
     152    126.83385395
     153    128.49998754
     154    130.18399859
     155    131.87218518
     156    133.57792745
     157    135.28815940
     158    137.01564064
     159    138.74791070
     160    140.49713825
     161    142.25143953
     162    144.02242039
     163    145.79874634
     164    147.59148717
     165    149.38983155
     166    151.20433868
     167    153.02469559
     168    154.86097503
     169    156.70333883
     170    158.56139631
     171    160.42576166
     172    162.30560261
     173    164.19196443
     174    166.09359404
     175    168.00194749
     176    169.92537068
     177    171.85571116
     178    173.80093264
     179    175.75325578
     180    177.72028000
     181    179.69458163
     182    181.68341286
     183    183.67968902
     184    185.69033129
     185    187.70857822
     186    189.74103540
     187    191.78124950
     188    193.83552526
     189    195.89770313
     190    197.97380095
     191    200.05793935
     192    202.15586258
     193    204.26195839
     194    206.38171020
     195    208.50976050
     196    210.65134391
     197    212.80134589
     198    214.96476378
     199    217.13671478
     200    219.32196989
     201    221.51586736
     202    223.72296232
     203    225.93880384
     204    228.16774113
     205    230.40552441
     206    232.65630641
     207    234.91602924
     208    237.18865822
     209    239.47031851
     210    241.76479664
     211    244.06839240
     212    246.38472172
     213    248.71025107
     214    251.04843355
     215    253.39589467
     216    255.75593219
     217    258.12532335
     218    260.50721769
     219    262.89853727
     220    265.30229013
     221    267.71553655
     222    270.14114957
     223    272.57632134
     224    275.02379607
     225    277.48089177
     226    279.95022968
     227    282.42924797
     228    284.92045046
     229    287.42139005
     230    289.93445848
     231    292.45731814
     232    294.99225379
     233    297.53703234
     234    300.09383645
     235    302.66053277
     236    305.23920649
     237    307.82781953
     238    310.42836399
     239    313.03889273
     240    315.66130900
     241    318.29375246
     242    320.93804155
     243    323.59239883
     244    326.25856170
     245    328.93483191
     246    331.62286950
     247    334.32105181
     248    337.03096500
     249    339.75105860
     250    342.48284825
     251    345.22485237
     252    347.97851928
     253    350.74243321
     254    353.51797814
     255    356.30380118
     256    359.10122488
     257    361.90895637
     258    364.72825953
     259    367.55789885
     260    370.39908215
     261    373.25062869
     262    376.11369276
     263    378.98714595
     264    381.87209142
     265    384.76745071
     266    387.67427815
     267    390.59154302
     268    393.52025300
     269    396.45942296
     270    399.41001600
     271    402.37109057
     272    405.34356720
     273    408.32654592
     274    411.32090662
     275    414.32578906
     276    417.34203429
     277    420.36882006
     278    423.40695027
     279    426.45563895
     280    429.51565457
     281    432.58624580
     282    435.66814723
     283    438.76064065
     284    441.86442828
     285    444.97882356
     286    448.10449775
     287    451.24079456
     288    454.38835568
     289    457.54655370
     290    460.71600209
     291    463.89610104
     292    467.08743702
     293    470.28943660
     294    473.50266048
     295    476.72656044
     296    479.96167252
     297    483.20747258
     298    486.46447315
     299    489.73217308
     300    493.01106240
     301    496.30066197
     302    499.60144030
     303    502.91293929
     304    506.23560687
     305    509.56900506
     306    512.91356215
     307    516.26885934
     308    519.63530615
     309    523.01250214
     310    526.40083889
     311    529.79993351
     312    533.21016041
     313    536.63115347
     314    540.06327072
     315    543.50616206
     316    546.96016985
     317    550.42495930
     318    553.90085781
     319    557.38754523
     320    560.88533464
     321    564.39391987
     322    567.91360034
     323    571.44408326
     324    574.98565495
     325    578.53803541
     326    582.10149847
     327    585.67577636
     328    589.26113094
     329    592.85730613
     330    596.46455237
     331    600.08262475
     332    603.71176277
     333    607.35173223
     334    611.00276217
     335    614.66462861
     336    618.33755059
     337    622.02131390
     338    625.71612804
     339    629.42178813
     340    633.13849454
     341    636.86605132
     342    640.60465011
     343    644.35410349
     344    648.11459476
     345    651.88594466
     346    655.66832851
     347    659.46157485
     348    663.26585138
     349    667.08099408
     350    670.90716338
     351    674.74420237
     352    678.59226452
     353    682.45119974
     354    686.32115483
     355    690.20198621
     356    694.09383431
     357    697.99656179
     358    701.91030298
     359    705.83492650
     360    709.77056085
     361    713.71708036
     362    717.67460795
     363    721.64302339
     364    725.62244427
     365    729.61275559
     366    733.61406984
     367    737.62627699
     368    741.64948466
     369    745.68358760
     370    749.72868876
     371    753.78468744
     372    757.85168213
     373    761.92957651
     374    766.01846481
     375    770.11825484
     376    774.22903678
     377    778.35072244
     378    782.48339808
     379    786.62697932
     380    790.78154871
     381    794.94702550
     382    799.12348867
     383    803.31086098
     384    807.50921799
     385    811.71848579
     386    815.93873667
     387    820.16989992
     388    824.41204472
     389    828.66510340
     390    832.92914216
     391    837.20409624
     392    841.49002899
     393    845.78687845
     394    850.09470522
     395    854.41345003
     396    858.74317087
     397    863.08381100
     398    867.43542593
     399    871.79796138
     400    876.17147044
     401    880.55590116
     402    884.95130438
     403    889.35763037
     404    893.77492777
     405    898.20314901
     406    902.64234063
     407    907.09245709
     408    911.55354295
     409    916.02555462
     410    920.50853475
     411    925.00244162
     412    929.50731603
     413    934.02311808
     414    938.54988681
     415    943.08758402
     416    947.63624709
     417    952.19583945
     418    956.76639688
     419    961.34788438
     420    965.94033619
     421    970.54371881
     422    975.15806502
     423    979.78334276
     424    984.41958339
     425    989.06675622
     426    993.72489129
     427    998.39395922
     428   1003.07398875
     429   1007.76495176
     430   1012.46687576
     431   1017.17973384
     432   1021.90355233
     433   1026.63830547
     434   1031.38401848
     435   1036.14066667
     436   1040.90827420
     437   1045.68681743
     438   1050.47631950
     439   1055.27675777
     440   1060.08815439
     441   1064.91048770
     442   1069.74377888
     443   1074.58800721
     444   1079.44319297
     445   1084.30931632
     446   1089.18639667
     447   1094.07441503
     448   1098.97338999
     449   1103.88330335
     450   1108.80417293
     451   1113.73598129
     452   1118.67874550
     453   1123.63244885
     454   1128.59710770
     455   1133.57270604
     456   1138.55925954
     457   1143.55675287
     458   1148.56520102
     459   1153.58458933
     460   1158.61493216
     461   1163.65621545
     462   1168.70845296
     463   1173.77163122
     464   1178.84576342
     465   1183.93083665
     466   1189.02686354
     467   1194.13383174
     468   1199.25175334
     469   1204.38061650
     470   1209.52043282
     471   1214.67119095
     472   1219.83290199
     473   1225.00555507
     474   1230.18916084
     475   1235.38370888
     476   1240.58920939
     477   1245.80565238
     478   1251.03304764
     479   1256.27138558
     480   1261.52067559
     481   1266.78090849
     482   1272.05209326
     483   1277.33422110
     484   1282.62730064
     485   1287.93132343
     486   1293.24629774
     487   1298.57221548
     488   1303.90908456
     489   1309.25689724
     490   1314.61566112
     491   1319.98536874
     492   1325.36602741
     493   1330.75762997
     494   1336.16018343
     495   1341.57368094
     496   1346.99812921
     497   1352.43352166
     498   1357.87986473
     499   1363.33715212
     500   1368.80539000
     501   1374.28457233
     502   1379.77470503
     503   1385.27578230
     504   1390.78780982
     505   1396.31078203
     506   1401.84470438
     507   1407.38957153
     508   1412.94538871
     509   1418.51215080
     510   1424.08986281
     511   1429.67851984
     512   1435.27812670
     513   1440.88867866
     514   1446.51018036
     515   1452.14262726
     516   1457.78602382
     517   1463.44036566
     518   1469.10565706
     519   1474.78189384
     520   1480.46908010
     521   1486.16721182
     522   1491.87629295
     523   1497.59631960
     524   1503.32729559
     525   1509.06921719
     526   1514.82208805
     527   1520.58590458
     528   1526.36067031
     529   1532.14638179
     530   1537.94304240
     531   1543.75064881
     532   1549.56920430
     533   1555.39870566
     534   1561.23915602
     535   1567.09055233
     536   1572.95289758
     537   1578.82618882
     538   1584.71042897
     539   1590.60561515
     540   1596.51175019
     541   1602.42883132
     542   1608.35686125
     543   1614.29583733
     544   1620.24576215
     545   1626.20663318
     546   1632.17845291
     547   1638.16121888
     548   1644.15493351
     549   1650.15959443
     550   1656.17520397
     551   1662.20175983
     552   1668.23926428
     553   1674.28771510
     554   1680.34711446
     555   1686.41746023
     556   1692.49875450
     557   1698.59099522
     558   1704.69418441
     559   1710.80832009
     560   1716.93340420
     561   1723.06943483
     562   1729.21641386
     563   1735.37433944
     564   1741.54321340
     565   1747.72303394
     566   1753.91380283
     567   1760.11551832
     568   1766.32818214
     569   1772.55179259
     570   1778.78635134
     571   1785.03185676
     572   1791.28831044
     573   1797.55571082
     574   1803.83405944
     575   1810.12335477
     576   1816.42359834
     577   1822.73478863
     578   1829.05692714
     579   1835.39001240
     580   1841.73404585
     581   1848.08902608
     582   1854.45495447
     583   1860.83182967
     584   1867.21965301
     585   1873.61842317
     586   1880.02814147
     587   1886.44880660
     588   1892.88041985
     589   1899.32297995
     590   1905.77648815
     591   1912.24094323
     592   1918.71634639
     593   1925.20269643
     594   1931.69999455
     595   1938.20823958
     596   1944.72743266
     597   1951.25757266
     598   1957.79866070
     599   1964.35069568
     600   1970.91367868
     601   1977.48760864
     602   1984.07248662
     603   1990.66831155
     604   1997.27508450
     605   2003.89280441
     606   2010.52147233
     607   2017.16108723
     608   2023.81165012
     609   2030.47316001
     610   2037.14561787
     611   2043.82902274
     612   2050.52337559
     613   2057.22867544
     614   2063.94492327
     615   2070.67211811
     616   2077.41026092
     617   2084.15935075
     618   2090.91938854
     619   2097.69037337
     620   2104.47230614
     621   2111.26518596
     622   2118.06901372
     623   2124.88378854
     624   2131.70951128
     625   2138.54618110
     626   2145.39379883
     627   2152.25236364
     628   2159.12187637
     629   2166.00233618
     630   2172.89374391
     631   2179.79609872
     632   2186.70940143
     633   2193.63365125
     634   2200.56884896
     635   2207.51499378
     636   2214.47208650
     637   2221.44012632
     638   2228.41911404
     639   2235.40904886
     640   2242.40993159
     641   2249.42176142
     642   2256.44453915
     643   2263.47826399
     644   2270.52293673
     645   2277.57855658
     646   2284.64512433
     647   2291.72263920
     648   2298.81110195
     649   2305.91051183
     650   2313.02086960
     651   2320.14217450
     652   2327.27442728
     653   2334.41762719
     654   2341.57177499
     655   2348.73686993
     656   2355.91291274
     657   2363.09990269
     658   2370.29784053
     659   2377.50672551
     660   2384.72655836
     661   2391.95733836
     662   2399.19906624
     663   2406.45174127
     664   2413.71536417
     665   2420.98993422
     666   2428.27545215
     667   2435.57191723
     668   2442.87933019
     669   2450.19769030
     670   2457.52699828
     671   2464.86725343
     672   2472.21845645
     673   2479.58060662
     674   2486.95370467
     675   2494.33774989
     676   2501.73274297
     677   2509.13868322
     678   2516.55557134
     679   2523.98340663
     680   2531.42218979
     681   2538.87192012
     682   2546.33259832
     683   2553.80422369
     684   2561.28679693
     685   2568.78031735
     686   2576.28478563
     687   2583.80020109
     688   2591.32656442
     689   2598.86387492
     690   2606.41213330
     691   2613.97133886
     692   2621.54149228
     693   2629.12259288
     694   2636.71464136
     695   2644.31763702
     696   2651.93158055
     697   2659.55647125
     698   2667.19230984
     699   2674.83909560
     700   2682.49682924
     701   2690.16551006
     702   2697.84513876
     703   2705.53571463
     704   2713.23723839
     705   2720.94970932
     706   2728.67312814
     707   2736.40749414
     708   2744.15280802
     709   2751.90906908
     710   2759.67627803
     711   2767.45443415
     712   2775.24353816
     713   2783.04358935
     714   2790.85458843
     715   2798.67653469
     716   2806.50942884
     717   2814.35327017
     718   2822.20805939
     719   2830.07379579
     720   2837.95048009
     721   2845.83811156
     722   2853.73669093
     723   2861.64621748
     724   2869.56669193
     725   2877.49811355
     726   2885.44048308
     727   2893.39379978
     728   2901.35806439
     729   2909.33327617
     730   2917.31943586
     731   2925.31654272
     732   2933.32459750
     733   2941.34359944
     734   2949.37354930
     735   2957.41444633
     736   2965.46629128
     737   2973.52908340
     738   2981.60282344
     739   2989.68751064
     740   2997.78314577
     741   3005.88972807
     742   3014.00725829
     743   3022.13573568
     744   3030.27516100
     745   3038.42553348
     746   3046.58685389
     747   3054.75912147
     748   3062.94233698
     749   3071.13649965
     750   3079.34161027
     751   3087.55766804
     752   3095.78467375
     753   3104.02262663
     754   3112.27152745
     755   3120.53137542
     756   3128.80217135
     757   3137.08391443
     758   3145.37660546
     759   3153.68024365
     760   3161.99482979
     761   3170.32036308
     762   3178.65684433
     763   3187.00427274
     764   3195.36264910
     765   3203.73197262
     766   3212.11224410
     767   3220.50346273
     768   3228.90562932
     769   3237.31874306
     770   3245.74280478
     771   3254.17781364
     772   3262.62377047
     773   3271.08067445
     774   3279.54852641
     775   3288.02732551
     776   3296.51707259
     777   3305.01776681
     778   3313.52940901
     779   3322.05199836
     780   3330.58553569
     781   3339.13002017
     782   3347.68545263
     783   3356.25183223
     784   3364.82915982
     785   3373.41743455
     786   3382.01665727
     787   3390.62682714
     788   3399.24794500
     789   3407.88000999
     790   3416.52302299
     791   3425.17698312
     792   3433.84189125
     793   3442.51774652
     794   3451.20454980
     795   3459.90230020
     796   3468.61099862
     797   3477.33064417
     798   3486.06123773
     799   3494.80277842
     800   3503.55526713
     801   3512.31870296
     802   3521.09308682
     803   3529.87841779
     804   3538.67469680
     805   3547.48192293
     806   3556.30009709
     807   3565.12921836
     808   3573.96928768
     809   3582.82030410
     810   3591.68226857
     811   3600.55518016
     812   3609.43903978
     813   3618.33384652
     814   3627.23960130
     815   3636.15630320
     816   3645.08395315
     817   3654.02255020
     818   3662.97209531
     819   3671.93258753
     820   3680.90402780
     821   3689.88641518
     822   3698.87975062
     823   3707.88403317
     824   3716.89926378
     825   3725.92544149
     826   3734.96256727
     827   3744.01064015
     828   3753.06966111
     829   3762.13962916
     830   3771.22054529
     831   3780.31240851
     832   3789.41521982
     833   3798.52897822
     834   3807.65368470
     835   3816.78933828
     836   3825.93593994
     837   3835.09348870
     838   3844.26198555
     839   3853.44142948
     840   3862.63182151
     841   3871.83316063
     842   3881.04544785
     843   3890.26868215
     844   3899.50286456
     845   3908.74799405
     846   3918.00407165
     847   3927.27109632
     848   3936.54906912
     849   3945.83798898
     850   3955.13785697
     851   3964.44867203
     852   3973.77043521
     853   3983.10314546
     854   3992.44680385
     855   4001.80140929
     856   4011.16696288
     857   4020.54346352
     858   4029.93091231
     859   4039.32930816
     860   4048.73865215
     861   4058.15894320
     862   4067.59018239
     863   4077.03236865
     864   4086.48550305
     865   4095.94958451
     866   4105.42461413
     867   4114.91059079
     868   4124.40751562
     869   4133.91538750
     870   4143.43420754
     871   4152.96397463
     872   4162.50468990
     873   4172.05635220
     874   4181.61896268
     875   4191.19252020
     876   4200.77702590
     877   4210.37247864
     878   4219.97887956
     879   4229.59622752
     880   4239.22452367
     881   4248.86376685
     882   4258.51395822
     883   4268.17509663
     884   4277.84718323
     885   4287.53021687
     886   4297.22419870
     887   4306.92912756
     888   4316.64500463
     889   4326.37182872
     890   4336.10960103
     891   4345.85832035
     892   4355.61798789
     893   4365.38860245
     894   4375.17016523
     895   4384.96267502
     896   4394.76613305
     897   4404.58053808
     898   4414.40589135
     899   4424.24219162
     900   4434.08944013
     901   4443.94763565
     902   4453.81677941
     903   4463.69687017
     904   4473.58790918
     905   4483.48989519
     906   4493.40282946
     907   4503.32671071
     908   4513.26154023
     909   4523.20731674
     910   4533.16404151
     911   4543.13171328
     912   4553.11033331
     913   4563.09990033
     914   4573.10041562
     915   4583.11187790
     916   4593.13428845
     917   4603.16764599
     918   4613.21195181
     919   4623.26720461
     920   4633.33340569
     921   4643.41055375
     922   4653.49865011
     923   4663.59769344
     924   4673.70768507
     925   4683.82862366
     926   4693.96051056
     927   4704.10334443
     928   4714.25712661
     929   4724.42185575
     930   4734.59753320
     931   4744.78415761
     932   4754.98173035
     933   4765.19025004
     934   4775.40971806
     935   4785.64013303
     936   4795.88149633
     937   4806.13380658
     938   4816.39706517
     939   4826.67127070
     940   4836.95642458
     941   4847.25252540
     942   4857.55957456
     943   4867.87757067
     944   4878.20651513
     945   4888.54640653
     946   4898.89724628
     947   4909.25903297
     948   4919.63176803
     949   4930.01545001
     950   4940.41008036
     951   4950.81565764
     952   4961.23218330
     953   4971.65965587
     954   4982.09807683
     955   4992.54744471
     956   5003.00776098
     957   5013.47902416
     958   5023.96123574
     959   5034.45439422
     960   5044.95850111
     961   5055.47355490
     962   5065.99955710
     963   5076.53650620
     964   5087.08440372
     965   5097.64324813
     966   5108.21304097
     967   5118.79378069
     968   5129.38546885
     969   5139.98810389
     970   5150.60168737
     971   5161.22621773
     972   5171.86169653
     973   5182.50812221
     974   5193.16549634
     975   5203.83381735
     976   5214.51308680
     977   5225.20330313
     978   5235.90446792
     979   5246.61657958
     980   5257.33963970
     981   5268.07364669
     982   5278.81860214
     983   5289.57450446
     984   5300.34135526
     985   5311.11915291
     986   5321.90789904
     987   5332.70759204
     988   5343.51823351
     989   5354.33982184
     990   5365.17235866
     991   5376.01584234
     992   5386.87027450
     993   5397.73565352
     994   5408.61198104
     995   5419.49925540
     996   5430.39747827
     997   5441.30664798
     998   5452.22676620
     999   5463.15783126
    1000   5474.09984484
    1001   5485.05280525
    1002   5496.01671419
    1003   5506.99156995
    1004   5517.97737425
    1005   5528.97412538
    1006   5539.98182504
    1007   5551.00047152
    1008   5562.03006655
    1009   5573.07060840
    1010   5584.12209879
    1011   5595.18453600
    1012   5606.25792177
    1013   5617.34225434
    1014   5628.43753548
    1015   5639.54376343
    1016   5650.66093994
    1017   5661.78906325
    1018   5672.92813515
    1019   5684.07815383
    1020   5695.23912111
    1021   5706.41103517
    1022   5717.59389783
    1023   5728.78770727
    1024   5739.99246531
    1025   5751.20817013
    1026   5762.43482355
    1027   5773.67242376
    1028   5784.92097257
    1029   5796.18046816
    1030   5807.45091237
    1031   5818.73230334
    1032   5830.02464295
    1033   5841.32792931
    1034   5852.64216431
    1035   5863.96734607
    1036   5875.30347646
    1037   5886.65055361
    1038   5898.00857941
    1039   5909.37755196
    1040   5920.75747317
    1041   5932.14834111
    1042   5943.55015772
    1043   5954.96292107
    1044   5966.38663309
    1045   5977.82129184
    1046   5989.26689927
    1047   6000.72345342
    1048   6012.19095627
    1049   6023.66940583
    1050   6035.15880409
    1051   6046.65914906
    1052   6058.17044274
    1053   6069.69268313
    1054   6081.22587223
    1055   6092.77000803
    1056   6104.32509255
    1057   6115.89112378
    1058   6127.46810372
    1059   6139.05603036
    1060   6150.65490574
    1061   6162.26472780
    1062   6173.88549861
    1063   6185.51721610
    1064   6197.15988234
    1065   6208.81349526
    1066   6220.47805693
    1067   6232.15356528
    1068   6243.84002239
    1069   6255.53742617
    1070   6267.24577872
    1071   6278.96507794
    1072   6290.69532593
    1073   6302.43652058
    1074   6314.18866402
    1075   6325.95175411
    1076   6337.72579300
    1077   6349.51077853
    1078   6361.30671287
    1079   6373.11359385
    1080   6384.93142364
    1081   6396.76020006
    1082   6408.59992531
    1083   6420.45059718
    1084   6432.31221788
    1085   6444.18478521
    1086   6456.06830137
    1087   6467.96276415
    1088   6479.86817578
    1089   6491.78453401
    1090   6503.71184110
    1091   6515.65009480
    1092   6527.59929736
    1093   6539.55944651
    1094   6551.53054454
    1095   6563.51258916
    1096   6575.50558266
    1097   6587.50952275
    1098   6599.52441172
    1099   6611.55024728
    1100   6623.58703173
    1101   6635.63476276
    1102   6647.69344269
    1103   6659.76306919
    1104   6671.84364461
    1105   6683.93516658
    1106   6696.03763748
    1107   6708.15105494
    1108   6720.27542133
    1109   6732.41073426
    1110   6744.55699614
    1111   6756.71420456
    1112   6768.88236193
    1113   6781.06146584
    1114   6793.25151870
    1115   6805.45251810
    1116   6817.66446646
    1117   6829.88736134
    1118   6842.12120521
    1119   6854.36599559
    1120   6866.62173495
    1121   6878.88842083
    1122   6891.16605570
    1123   6903.45463707
    1124   6915.75416745
    1125   6928.06464432
    1126   6940.38607021
    1127   6952.71844259
    1128   6965.06176399
    1129   6977.41603187
    1130   6989.78124879
    1131   7002.15741218
    1132   7014.54452462
    1133   7026.94258352
    1134   7039.35159147
    1135   7051.77154589
    1136   7064.20244937
    1137   7076.64429930
    1138   7089.09709830
    1139   7101.56084375
    1140   7114.03553828
    1141   7126.52117925
    1142   7139.01776932
    1143   7151.52530581
    1144   7164.04379140
    1145   7176.57322343
    1146   7189.11360456
    1147   7201.66493210
    1148   7214.22720877
    1149   7226.80043185
    1150   7239.38460406
    1151   7251.97972267
    1152   7264.58579043
    1153   7277.20280458
    1154   7289.83076787
    1155   7302.46967756
    1156   7315.11953641
    1157   7327.78034164
    1158   7340.45209603
    1159   7353.13479681
    1160   7365.82844676
    1161   7378.53304307
    1162   7391.24858858
    1163   7403.97508045
    1164   7416.71252151
    1165   7429.46090893
    1166   7442.22024556
    1167   7454.99052853
    1168   7467.77176072
    1169   7480.56393925
    1170   7493.36706700
    1171   7506.18114109
    1172   7519.00616442
    1173   7531.84213406
    1174   7544.68905296
    1175   7557.54691817
    1176   7570.41573264
    1177   7583.29549342
    1178   7596.18620347
    1179   7609.08785981
    1180   7622.00046544
    1181   7634.92401735
    1182   7647.85851856
    1183   7660.80396605
    1184   7673.76036285
    1185   7686.72770591
    1186   7699.70599830
    1187   7712.69523694
    1188   7725.69542491
    1189   7738.70655913
    1190   7751.72864270
    1191   7764.76167251
    1192   7777.80565167
    1193   7790.86057706
    1194   7803.92645182
    1195   7817.00327280
    1196   7830.09104316
    1197   7843.18975973
    1198   7856.29942569
    1199   7869.42003786
    1200   7882.55159942
    1201   7895.69410718
    1202   7908.84756436
    1203   7922.01196772
    1204   7935.18732050
    1205   7948.37361946
    1206   7961.57086786
    1207   7974.77906243
    1208   7987.99820644
    1209   8001.22829661
    1210   8014.46933624
    1211   8027.72132202
    1212   8040.98425728
    1213   8054.25813867
    1214   8067.54296955
    1215   8080.83874655
    1216   8094.14547305
    1217   8107.46314567
    1218   8120.79176780
    1219   8134.13133604
    1220   8147.48185381
    1221   8160.84331767
    1222   8174.21573106
    1223   8187.59909055
    1224   8200.99339958
    1225   8214.39865469
    1226   8227.81485936
    1227   8241.24201010
    1228   8254.68011042
    1229   8268.12915679
    1230   8281.58915274
    1231   8295.06009475
    1232   8308.54198635
    1233   8322.03482399
    1234   8335.53861125
    1235   8349.05334453
    1236   8362.57902743
    1237   8376.11565635
    1238   8389.66323491
    1239   8403.22175948
    1240   8416.79123369
    1241   8430.37165391
    1242   8443.96302378
    1243   8457.56533964
    1244   8471.17860518
    1245   8484.80281669
    1246   8498.43797789
    1247   8512.08408506
    1248   8525.74114193
    1249   8539.40914475
    1250   8553.08809729
    1251   8566.77799577
    1252   8580.47884398
    1253   8594.19063812
    1254   8607.91338201
    1255   8621.64707182
    1256   8635.39171138
    1257   8649.14729685
    1258   8662.91383210
    1259   8676.69131324
    1260   8690.47974416
    1261   8704.27912097
    1262   8718.08944759
    1263   8731.91072007
    1264   8745.74294237
    1265   8759.58611053
    1266   8773.44022852
    1267   8787.30529236
    1268   8801.18130605
    1269   8815.06826556
    1270   8828.96617495
    1271   8842.87503015
    1272   8856.79483523
    1273   8870.72558611
    1274   8884.66728689
    1275   8898.61993347
    1276   8912.58352995
    1277   8926.55807222
    1278   8940.54356440
    1279   8954.54000236
    1280   8968.54739026
    1281   8982.56572391
    1282   8996.59500752
    1283   9010.63523687
    1284   9024.68641619
    1285   9038.74854124
    1286   9052.82161628
    1287   9066.90563703
    1288   9081.00060779
    1289   9095.10652425
    1290   9109.22339072
    1291   9123.35120289
    1292   9137.48996509
    1293   9151.63967297
    1294   9165.80033089
    1295   9179.97193448
    1296   9194.15448813
    1297   9208.34798744
    1298   9222.55243682
    1299   9236.76783184
    1300   9250.99417696
    1301   9265.23146770
    1302   9279.47970855
    1303   9293.73889501
    1304   9308.00903160
    1305   9322.29011379
    1306   9336.58214612
    1307   9350.88512403
    1308   9365.19905210
    1309   9379.52392574
    1310   9393.85974956
    1311   9408.20651894
    1312   9422.56423850
    1313   9436.93290361
    1314   9451.31251893
    1315   9465.70307977
    1316   9480.10459084
    1317   9494.51704742
    1318   9508.94045424
    1319   9523.37480656
    1320   9537.82010915
    1321   9552.27635721
    1322   9566.74355555
    1323   9581.22169936
    1324   9595.71079347
    1325   9610.21083302
    1326   9624.72182289
    1327   9639.24375820
    1328   9653.77664384
    1329   9668.32047489
    1330   9682.87525630
    1331   9697.44098311
    1332   9712.01766029
    1333   9726.60528286
    1334   9741.20385581
    1335   9755.81337414
    1336   9770.43384287
    1337   9785.06525696
    1338   9799.70762147
    1339   9814.36093131
    1340   9829.02519161
    1341   9843.70039722
    1342   9858.38655330
    1343   9873.08365468
    1344   9887.79170654
    1345   9902.51070369
    1346   9917.24065134
    1347   9931.98154427
    1348   9946.73338771
    1349   9961.49617640
    1350   9976.26991564
    1351   9991.05460011
    1352  10005.85023514
    1353  10020.65681539
    1354  10035.47434622
    1355  10050.30282225
    1356  10065.14224888
    1357  10079.99262069
    1358  10094.85394312
    1359  10109.72621072
    1360  10124.60942895
    1361  10139.50359234
    1362  10154.40870638
    1363  10169.32476556
    1364  10184.25177540
    1365  10199.18973037
    1366  10214.13863603
    1367  10229.09848679
    1368  10244.06928826
    1369  10259.05103482
    1370  10274.04373210
    1371  10289.04737446
    1372  10304.06196756
    1373  10319.08750571
    1374  10334.12399463
    1375  10349.17142859
    1376  10364.22981333
    1377  10379.29914309
    1378  10394.37942366
    1379  10409.47064922
    1380  10424.57282562
    1381  10439.68594699
    1382  10454.81001921
    1383  10469.94503639
    1384  10485.09100444
    1385  10500.24791743
    1386  10515.41578131
    1387  10530.59459012
    1388  10545.78434984
    1389  10560.98505446
    1390  10576.19671001
    1391  10591.41931045
    1392  10606.65286184
    1393  10621.89735810
    1394  10637.15280532
    1395  10652.41919740
    1396  10667.69654047
    1397  10682.98482838
    1398  10698.28406729
    1399  10713.59425102
    1400  10728.91538578
    1401  10744.24746533
    1402  10759.59049594
    1403  10774.94447132
    1404  10790.30939778
    1405  10805.68526900
    1406  10821.07209130
    1407  10836.46985835
    1408  10851.87857651
    1409  10867.29823939
    1410  10882.72885340
    1411  10898.17041212
    1412  10913.62292199
    1413  10929.08637655
    1414  10944.56078228
    1415  10960.04613267
    1416  10975.54243426
    1417  10991.04968049
    1418  11006.56787794
    1419  11022.09702002
    1420  11037.63711334
    1421  11053.18815126
    1422  11068.75014044
    1423  11084.32307421
    1424  11099.90695925
    1425  11115.50178887
    1426  11131.10756979
    1427  11146.72429525
    1428  11162.35197204
    1429  11177.99059336
    1430  11193.64016601
    1431  11209.30068318
    1432  11224.97215171
    1433  11240.65456474
    1434  11256.34792914
    1435  11272.05223802
    1436  11287.76749830
    1437  11303.49370304
    1438  11319.23085919
    1439  11334.97895979
    1440  11350.73801182
    1441  11366.50800829
    1442  11382.28895620
    1443  11398.08084852
    1444  11413.88369231
    1445  11429.69748050
    1446  11445.52222018
    1447  11461.35790423
    1448  11477.20453979
    1449  11493.06211971
    1450  11508.93065115
    1451  11524.81012694
    1452  11540.70055427
    1453  11556.60192593
    1454  11572.51424915
    1455  11588.43751668
    1456  11604.37173578
    1457  11620.31689919
    1458  11636.27301418
    1459  11652.24007346
    1460  11668.21808434
    1461  11684.20703949
    1462  11700.20694627
    1463  11716.21779730
    1464  11732.23959996
    1465  11748.27234687
    1466  11764.31604543
    1467  11780.37068822
    1468  11796.43628267
    1469  11812.51282134
    1470  11828.60031169
    1471  11844.69874624
    1472  11860.80813248
    1473  11876.92846292
    1474  11893.05974505
    1475  11909.20197137
    1476  11925.35514941
    1477  11941.51927161
    1478  11957.69434554
    1479  11973.88036364
    1480  11990.07733347
    1481  12006.28524745
    1482  12022.50411317
    1483  12038.73392305
    1484  12054.97468467
    1485  12071.22639043
    1486  12087.48904795
    1487  12103.76264961
    1488  12120.04720303
    1489  12136.34270058
    1490  12152.64914990
    1491  12168.96654334
    1492  12185.29488856
    1493  12201.63417790
    1494  12217.98441901
    1495  12234.34560425
    1496  12250.71774127
    1497  12267.10082240
    1498  12283.49485531
    1499  12299.89983235
    1500  12316.31576116
    1501  12332.74263410
    1502  12349.18045880
    1503  12365.62922764
    1504  12382.08894825
    1505  12398.55961299
    1506  12415.04122949
    1507  12431.53379014
    1508  12448.03730254
    1509  12464.55175909
    1510  12481.07716738
    1511  12497.61351984
    1512  12514.16082403
    1513  12530.71907239
    1514  12547.28827248
    1515  12563.86841675
    1516  12580.45951273
    1517  12597.06155291
    1518  12613.67454478
    1519  12630.29848088
    1520  12646.93336864
    1521  12663.57920064
    1522  12680.23598429
    1523  12696.90371221
    1524  12713.58239175
    1525  12730.27201559
    1526  12746.97259101
    1527  12763.68411076
    1528  12780.40658207
    1529  12797.13999774
    1530  12813.88436493
    1531  12830.63967652
    1532  12847.40593959
    1533  12864.18314710
    1534  12880.97130605
    1535  12897.77040948
    1536  12914.58046431
    1537  12931.40146366
    1538  12948.23341436
    1539  12965.07630963
    1540  12981.93015622
    1541  12998.79494741
    1542  13015.67068986
    1543  13032.55737698
    1544  13049.45501530
    1545  13066.36359835
    1546  13083.28313253
    1547  13100.21361151
    1548  13117.15504155
    1549  13134.10741646
    1550  13151.07074236
    1551  13168.04501320
    1552  13185.03023496
    1553  13202.02640173
    1554  13219.03351934
    1555  13236.05158204
    1556  13253.08059550
    1557  13270.12055414
    1558  13287.17146344
    1559  13304.23331802
    1560  13321.30612316
    1561  13338.38987368
    1562  13355.48457465
    1563  13372.59022112
    1564  13389.70681792
    1565  13406.83436033
    1566  13423.97285295
    1567  13441.12229131
    1568  13458.28267976
    1569  13475.45401406
    1570  13492.63629832
    1571  13509.82952858
    1572  13527.03370864
    1573  13544.24883485
    1574  13561.47491072
    1575  13578.71193289
    1576  13595.95990455
    1577  13613.21882268
    1578  13630.48869013
    1579  13647.76950422
    1580  13665.06126745
    1581  13682.36397750
    1582  13699.67763651
    1583  13717.00224253
    1584  13734.33779731
    1585  13751.68429930
    1586  13769.04174983
    1587  13786.41014780
    1588  13803.78949409
    1589  13821.17978803
    1590  13838.58103006
    1591  13855.99321999
    1592  13873.41635775
    1593  13890.85044366
    1594  13908.29547715
    1595  13925.75145905
    1596  13943.21838825
    1597  13960.69626615
    1598  13978.18509105
    1599  13995.68486495
    1600  14013.19558555
    1601  14030.71725545
    1602  14048.24987173
    1603  14065.79343764
    1604  14083.34794959
    1605  14100.91341152
    1606  14118.48981912
    1607  14136.07717707
    1608  14153.67548032
    1609  14171.28473429
    1610  14188.90493317
    1611  14206.53608318
    1612  14224.17817768
    1613  14241.83122373
    1614  14259.49521383
    1615  14277.17015593
    1616  14294.85604162
    1617  14312.55287978
    1618  14330.26066104
    1619  14347.97939525
    1620  14365.70907207
    1621  14383.44970236
    1622  14401.20127471
    1623  14418.96380109
    1624  14436.73726896
    1625  14454.52169142
    1626  14472.31705480
    1627  14490.12337336
    1628  14507.94063222
    1629  14525.76884689
    1630  14543.60800121
    1631  14561.45811201
    1632  14579.31916177
    1633  14597.19116870
    1634  14615.07411388
    1635  14632.96801696
    1636  14650.87285753
    1637  14668.78865677
    1638  14686.71539271
    1639  14704.65308812
    1640  14722.60171942
    1641  14740.56131101
    1642  14758.53183762
    1643  14776.51332542
    1644  14794.50574733
    1645  14812.50913134
    1646  14830.52344852
    1647  14848.54872877
    1648  14866.58494118
    1649  14884.63211768
    1650  14902.69022529
    1651  14920.75929807
    1652  14938.83930086
    1653  14956.93026992
    1654  14975.03216785
    1655  14993.14503323
    1656  15011.26882626
    1657  15029.40358797
    1658  15047.54927607
    1659  15065.70593414
    1660  15083.87351727
    1661  15102.05207172
    1662  15120.24154984
    1663  15138.44200070
    1664  15156.65337377
    1665  15174.87572107
    1666  15193.10898903
    1667  15211.35323280
    1668  15229.60839563
    1669  15247.87453588
    1670  15266.15159352
    1671  15284.43963030
    1672  15302.73858272
    1673  15321.04851605
    1674  15339.36936317
    1675  15357.70119310
    1676  15376.04393489
    1677  15394.39766145
    1678  15412.76229783
    1679  15431.13792106
    1680  15449.52445200
    1681  15467.92197193
    1682  15486.33039735
    1683  15504.74981404
    1684  15523.18013389
    1685  15541.62144737
    1686  15560.07366157
    1687  15578.53687191
    1688  15597.01098040
    1689  15615.49608762
    1690  15633.99209032
    1691  15652.49909450
    1692  15671.01699136
    1693  15689.54589252
    1694  15708.08568343
    1695  15726.63648167
    1696  15745.19816657
    1697  15763.77086192
    1698  15782.35444071
    1699  15800.94903325
    1700  15819.55450586
    1701  15838.17099564
    1702  15856.79836196
    1703  15875.43674906
    1704  15894.08600902
    1705  15912.74629351
    1706  15931.41744697
    1707  15950.09962895
    1708  15968.79267584
    1709  15987.49675535
    1710  16006.21169553
    1711  16024.93767270
    1712  16043.67450609
    1713  16062.42238098
    1714  16081.18110742
    1715  16099.95088015
    1716  16118.73149955
    1717  16137.52317018
    1718  16156.32568239
    1719  16175.13925107
    1720  16193.96365597
    1721  16212.79912277
    1722  16231.64542018
    1723  16250.50278526
    1724  16269.37097508
    1725  16288.25023851
    1726  16307.14032055
    1727  16326.04148250
    1728  16344.95345663
    1729  16363.87651720
    1730  16382.81038320
    1731  16401.75534257
    1732  16420.71110031
    1733  16439.67795858
    1734  16458.65560784
    1735  16477.64436522
    1736  16496.64390585
    1737  16515.65456243
    1738  16534.67599418
    1739  16553.70855020
    1740  16572.75187290
    1741  16591.80632849
    1742  16610.87154187
    1743  16629.94789727
    1744  16649.03500116
    1745  16668.13325649
    1746  16687.24225059
    1747  16706.36240614
    1748  16725.49329026
    1749  16744.63534617
    1750  16763.78811998
    1751  16782.95207655
    1752  16802.12673984
    1753  16821.31259724
    1754  16840.50914965
    1755  16859.71690821
    1756  16878.93534951
    1757  16898.16500941
    1758  16917.40533921
    1759  16936.65690081
    1760  16955.91911886
    1761  16975.19258237
    1762  16994.47668824
    1763  17013.77205404
    1764  17033.07804747
    1765  17052.39531580
    1766  17071.72319630
    1767  17091.06236759
    1768  17110.41213487
    1769  17129.77320937
    1770  17149.14486293
    1771  17168.52784111
    1772  17187.92138061
    1773  17207.32626275
    1774  17226.74168764
    1775  17246.16847425
    1776  17265.60578416
    1777  17285.05447557
    1778  17304.51366990
    1779  17323.98426667
    1780  17343.46534500
    1781  17362.95784749
    1782  17382.46080917
    1783  17401.97521798
    1784  17421.50006257
    1785  17441.03637810
    1786  17460.58310488
    1787  17480.14132780
    1788  17499.70993628
    1789  17519.29006703
    1790  17538.88055641
    1791  17558.48259573
    1792  17578.09496549
    1793  17597.71891386
    1794  17617.35316313
    1795  17636.99902136
    1796  17656.65514955
    1797  17676.32291818
    1798  17696.00092435
    1799  17715.69060427
    1800  17735.39048776
    1801  17755.10207956
    1802  17774.82383935
    1803  17794.55734401
    1804  17814.30097938
    1805  17834.05639755
    1806  17853.82190737
    1807  17873.59924013
    1808  17893.38662361
    1809  17913.18587168
    1810  17932.99512759
    1811  17952.81629216
    1812  17972.64741963
    1813  17992.49050149
    1814  18012.34349916
    1815  18032.20849962
    1816  18052.08336655
    1817  18071.97028649
    1818  18091.86702117
    1819  18111.77586203
    1820  18131.69446343
    1821  18151.62522617
    1822  18171.56569265
    1823  18191.51837886
    1824  18211.48070927
    1825  18231.45532002
    1826  18251.43951257
    1827  18271.43604959
    1828  18291.44210302
    1829  18311.46056751
    1830  18331.48847984
    1831  18351.52887371
    1832  18371.57864354
    1833  18391.64096810
    1834  18411.71259328
    1835  18431.79685064
    1836  18451.89032963
    1837  18471.99652124
    1838  18492.11185167
    1839  18512.23997985
    1840  18532.37716000
    1841  18552.52722637
    1842  18572.68625366
    1843  18592.85826075
    1844  18613.03913329
    1845  18633.23308290
    1846  18653.43579784
    1847  18673.65169277
    1848  18693.87624803
    1849  18714.11409026
    1850  18734.36048271
    1851  18754.62027531
    1852  18774.88850266
    1853  18795.17024784
    1854  18815.46030664
    1855  18835.76400779
    1856  18856.07589550
    1857  18876.40155506
    1858  18896.73526789
    1859  18917.08288960
    1860  18937.43842475
    1861  18957.80801131
    1862  18978.18536460
    1863  18998.57692013
    1864  19018.97608849
    1865  19039.38961597
    1866  19059.81059478
    1867  19080.24609878
    1868  19100.68888464
    1869  19121.14636845
    1870  19141.61095628
    1871  19162.09042494
    1872  19182.57681098
    1873  19203.07826815
    1874  19223.58644678
    1875  19244.10989802
    1876  19264.63986510
    1877  19285.18531445
    1878  19305.73706379
    1879  19326.30451741
    1880  19346.87804443
    1881  19367.46750679
    1882  19388.06280463
    1883  19408.67428256
    1884  19429.29134616
    1885  19449.92484460
    1886  19470.56366640
    1887  19491.21919289
    1888  19511.87976728
    1889  19532.55732732
    1890  19553.23964593
    1891  19573.93924788
    1892  19594.64330452
    1893  19615.36495445
    1894  19636.09073985
    1895  19656.83444703
    1896  19677.58195433
    1897  19698.34772550
    1898  19719.11694444
    1899  19739.90478987
    1900  19760.69571286
    1901  19781.50564004
    1902  19802.31825570
    1903  19823.15027601
    1904  19843.98457594
    1905  19864.83869769
    1906  19885.69466927
    1907  19906.57090510
    1908  19927.44853900
    1909  19948.34689814
    1910  19969.24618037
    1911  19990.16667687
    1912  20011.08759708
    1913  20032.03024117
    1914  20052.97278382
    1915  20073.93759113
    1916  20094.90174474
    1917  20115.88872665
    1918  20136.87447393
    1919  20157.88364782
    1920  20178.89097604
    1921  20199.92235456
    1922  20220.95124448
    1923  20242.00484698
    1924  20263.05528448
    1925  20284.13112502
    1926  20305.20308866
    1927  20326.30118882
    1928  20347.39466290
    1929  20368.51503832
    1930  20389.62999895
    1931  20410.77267370
    1932  20431.90910344
    1933  20453.07409491
    1934  20474.23196711
    1935  20495.41930219
    1936  20516.59859745
    1937  20537.80829548
    1938  20559.00898405
    1939  20580.24107508
    1940  20601.46313539
    1941  20622.71764095
    1942  20643.96103973
    1943  20665.23799343
    1944  20686.50270670
    1945  20707.80213251
    1946  20729.08812305
    1947  20750.41005858
    1948  20771.71729973
    1949  20793.06177165
    1950  20814.39022174
    1951  20835.75727219
    1952  20857.10690158
    1953  20878.49656022
    1954  20899.86732221
    1955  20921.27963627
    1956  20942.67149795
    1957  20964.10650040
    1958  20985.51940941
    1959  21006.97715320
    1960  21028.41107301
    1961  21049.89159474
    1962  21071.34646667
    1963  21092.84982571
    1964  21114.32560925
    1965  21135.85184616
    1966  21157.34847555
    1967  21178.89765685
    1968  21200.41508733
    1969  21221.98725784
    1970  21243.52541574
    1971  21265.12064991
    1972  21286.67948598
    1973  21308.29783309
    1974  21329.87726494
    1975  21351.51880818
    1976  21373.11878193
    1977  21394.78357511
    1978  21416.40399891
    1979  21438.09213461
    1980  21459.73295005
    1981  21481.44448646
    1982  21503.10559162
    1983  21524.84063118
    1984  21546.52196366
    1985  21568.28056823
    1986  21589.98201583
    1987  21611.76429773
    1988  21633.48579524
    1989  21655.29181862
    1990  21677.03324405
    1991  21698.86313021
    1992  21720.62441794
    1993  21742.47823053
    1994  21764.25925065
    1995  21786.13711747
    1996  21807.93780831
    1997  21829.83978753
    1998  21851.66001548
    1999  21873.58623611
    2000  21895.42595112
    2001  21917.37645711
    2002  21939.23553039
    2003  21961.21044161
    2004  21983.08884801
    2005  22005.08817919
    2006  22026.98581068
    2007  22049.00965344
    2008  22070.92653261
    2009  22092.97484654
    2010  22114.91091541
    2011  22136.98372915
    2012  22158.93909729
    2013  22181.03627072
    2014  22203.01098330
    2015  22225.13241918
    2016  22247.12674091
    2017  22269.27212178
    2018  22291.28629762
    2019  22313.45528589
    2020  22335.48985532
    2021  22357.68181923
    2022  22379.73740535
    2023  22401.95155502
    2024  22424.02918592
    2025  22446.26432887
    2026  22468.36534263
    2027  22490.61983393
    2028  22512.74613848
    2029  22535.01777018
    2030  22557.17207815
    2031  22579.45755488
    2032  22601.64338946
    2033  22623.93862332
    2034  22646.16143236
    2035  22668.45982033
    2036  22690.72615552
    2037  22713.02005130
    2038  22735.34111000
    2039  22757.61691429
    2040  22780.00487463
    2041  22802.24830653
    2042  22824.72765441
    2043  22846.90871312
    2044  22869.50104097
    2045  22891.59187995
    2046  22914.37943842
    2047  22936.24205512
    2048  22959.44504085
 ---------------------------------------
 
SCF converged! Final Ground-State Energy (Eh):              -4.0013484677509945
