 
     Two-Electron DVR    
 ------------------------
 x0     =      15.00000000
 m      =       1.00000000
 Z      =       4.00000000
 n      =             1024
 dx     =       0.02932551
 
Soft-Coulomb Parameters:
 alpha  =       1.00000000
 beta   =       0.10000000
 
 
                       Hartree-Fock                      
 --------------------------------------------------------
 no. of orbitals        =             1024
 no. of electrons       =                2
 scf_damping_switch     =        F
 scf_diis_switch        =        F
 damping_factor         =   0.00000000
 e_tolerance            = 0.0000000000100000
 maximum scf-iterations =              200
 
 
                       SCF iterations                      
 ----------------------------------------------------------
    S.No    Energy (hartree)        dE (hartree)
 ----------------------------------------------------------
       0     -6.418296506144
       1     -4.757455843272      1.660840662872
       2     -4.858688271998      0.101232428726
       3     -4.859781992524      0.001093720526
       4     -4.859801880664      0.000019888140
       5     -4.859802534311      0.000000653647
       6     -4.859802558908      0.000000024597
       7     -4.859802559870      0.000000000962
       8     -4.859802559909      0.000000000039
       9     -4.859802559910      0.000000000002
 ----------------------------------------------------------
  
 
 
 ---------------------------------------
     Molecular Orbital Energies (Eh)    
 ---------------------------------------
       1     -1.70563834
       2     -0.49365314
       3     -0.34943426
       4     -0.23525616
       5     -0.17497177
       6     -0.11488048
       7     -0.05726736
       8      0.02211279
       9      0.10522250
      10      0.21023166
      11      0.31834090
      12      0.44674580
      13      0.57896829
      14      0.72968272
      15      0.88543499
      16      1.05795942
      17      1.23679421
      18      1.43091865
      19      1.63248372
      20      1.84814281
      21      2.07216587
      22      2.30936297
      23      2.55563954
      24      2.81440662
      25      3.08278762
      26      3.36316487
      27      3.65354472
      28      3.95557101
      29      4.26787698
      30      4.59158614
      31      4.92576964
      32      5.27118961
      33      5.62721928
      34      5.99437259
      35      6.37222904
      36      6.76113369
      37      7.16080576
      38      7.57147614
      39      7.99295812
      40      8.42540585
      41      8.86869563
      42      9.32293020
      43      9.78802792
      44     10.26405724
      45     10.75096443
      46     11.24879513
      47     11.75751414
      48     12.27715191
      49     12.80768549
      50     13.34913524
      51     13.90148631
      52     14.46475236
      53     15.03892384
      54     15.62400999
      55     16.22000474
      56     16.82691438
      57     17.44473510
      58     18.07347124
      59     18.71312048
      60     19.36368585
      61     20.02516597
      62     20.69756301
      63     21.38087620
      64     22.07510712
      65     22.78025540
      66     23.49632220
      67     24.22330739
      68     24.96121189
      69     25.71003571
      70     26.46977955
      71     27.24044353
      72     28.02202821
      73     28.81453376
      74     29.61796066
      75     30.43230907
      76     31.25757942
      77     32.09377188
      78     32.94088681
      79     33.79892439
      80     34.66788495
      81     35.54776864
      82     36.43857575
      83     37.34030645
      84     38.25296100
      85     39.17653952
      86     40.11104229
      87     41.05646940
      88     42.01282111
      89     42.98009750
      90     43.95829880
      91     44.94742511
      92     45.94747662
      93     46.95845341
      94     47.98035569
      95     49.01318350
      96     50.05693705
      97     51.11161637
      98     52.17722166
      99     53.25375295
     100     54.34121041
     101     55.43959406
     102     56.54890408
     103     57.66914048
     104     58.80030343
     105     59.94239293
     106     61.09540914
     107     62.25935205
     108     63.43422183
     109     64.62001845
     110     65.81674208
     111     67.02439268
     112     68.24297043
     113     69.47247526
     114     70.71290735
     115     71.96426665
     116     73.22655331
     117     74.49976728
     118     75.78390871
     119     77.07897755
     120     78.38497395
     121     79.70189784
     122     81.02974938
     123     82.36852848
     124     83.71823532
     125     85.07886979
     126     86.45043207
     127     87.83292206
     128     89.22633992
     129     90.63068555
     130     92.04595912
     131     93.47216052
     132     94.90928992
     133     96.35734720
     134     97.81633253
     135     99.28624579
     136    100.76708715
     137    102.25885649
     138    103.76155399
     139    105.27517950
     140    106.79973320
     141    108.33521496
     142    109.88162496
     143    111.43896305
     144    113.00722942
     145    114.58642391
     146    116.17654671
     147    117.77759767
     148    119.38957697
     149    121.01248446
     150    122.64632032
     151    124.29108439
     152    125.94677687
     153    127.61339757
     154    129.29094671
     155    130.97942411
     156    132.67882996
     157    134.38916409
     158    136.11042670
     159    137.84261760
     160    139.58573701
     161    141.33978473
     162    143.10476098
     163    144.88066555
     164    146.66749867
     165    148.46526013
     166    150.27395016
     167    152.09356854
     168    153.92411551
     169    155.76559083
     170    157.61799477
     171    159.48132707
     172    161.35558801
     173    163.24077732
     174    165.13689527
     175    167.04394161
     176    168.96191660
     177    170.89081999
     178    172.83065206
     179    174.78141253
     180    176.74310168
     181    178.71571924
     182    180.69926550
     183    182.69374018
     184    184.69914356
     185    186.71547537
     186    188.74273590
     187    190.78092486
     188    192.83004256
     189    194.89008868
     190    196.96106355
     191    199.04296686
     192    201.13579892
     193    203.23955942
     194    205.35424869
     195    207.47986640
     196    209.61641289
     197    211.76388782
     198    213.92229154
     199    216.09162371
     200    218.27188467
     201    220.46307409
     202    222.66519231
     203    224.87823898
     204    227.10221446
     205    229.33711840
     206    231.58295117
     207    233.83971238
     208    236.10740243
     209    238.38602094
     210    240.67556829
     211    242.97604409
     212    245.28744874
     213    247.60978185
     214    249.94304382
     215    252.28723424
     216    254.64235353
     217    257.00840128
     218    259.38537790
     219    261.77328298
     220    264.17211694
     221    266.58187936
     222    269.00257067
     223    271.43419043
     224    273.87673910
     225    276.33021621
     226    278.79462224
     227    281.26995672
     228    283.75622011
     229    286.25341196
     230    288.76153273
     231    291.28058195
     232    293.81056010
     233    296.35146671
     234    298.90330225
     235    301.46606624
     236    304.03975918
     237    306.62438056
     238    309.21993090
     239    311.82640969
     240    314.44381743
     241    317.07215363
     242    319.71141879
     243    322.36161239
     244    325.02273497
     245    327.69478599
     246    330.37776600
     247    333.07167445
     248    335.77651189
     249    338.49227776
     250    341.21897264
     251    343.95659595
     252    346.70514828
     253    349.46462903
     254    352.23503880
     255    355.01637700
     256    357.80864422
     257    360.61183988
     258    363.42596456
     259    366.25101767
     260    369.08699983
     261    371.93391040
     262    374.79175002
     263    377.66051807
     264    380.54021517
     265    383.43084068
     266    386.33239527
     267    389.24487826
     268    392.16829033
     269    395.10263082
     270    398.04790038
     271    401.00409835
     272    403.97122542
     273    406.94928089
     274    409.93826545
     275    412.93817842
     276    415.94902050
     277    418.97079098
     278    422.00349057
     279    425.04711856
     280    428.10167568
     281    431.16716118
     282    434.24357582
     283    437.33091885
     284    440.42919103
     285    443.53839158
     286    446.65852129
     287    449.78957938
     288    452.93156664
     289    456.08448227
     290    459.24832707
     291    462.42310024
     292    465.60880260
     293    468.80543332
     294    472.01299324
     295    475.23148152
     296    478.46089900
     297    481.70124484
     298    484.95251989
     299    488.21472330
     300    491.48785593
     301    494.77191691
     302    498.06690711
     303    501.37282567
     304    504.68967347
     305    508.01744961
     306    511.35615500
     307    514.70578873
     308    518.06635172
     309    521.43784304
     310    524.82026363
     311    528.21361256
     312    531.61789076
     313    535.03309730
     314    538.45923311
     315    541.89629726
     316    545.34429070
     317    548.80321246
     318    552.27306353
     319    555.75384291
     320    559.24555161
     321    562.74818863
     322    566.26175497
     323    569.78624962
     324    573.32167361
     325    576.86802590
     326    580.42530753
     327    583.99351747
     328    587.57265677
     329    591.16272436
     330    594.76372132
     331    598.37564657
     332    601.99850119
     333    605.63228411
     334    609.27699641
     335    612.93263700
     336    616.59920698
     337    620.27670525
     338    623.96513292
     339    627.66448887
     340    631.37477424
     341    635.09598787
     342    638.82813094
     343    642.57120227
     344    646.32520305
     345    650.09013208
     346    653.86599057
     347    657.65277731
     348    661.45049352
     349    665.25913797
     350    669.07871191
     351    672.90921408
     352    676.75064575
     353    680.60300565
     354    684.46629506
     355    688.34051269
     356    692.22565984
     357    696.12173522
     358    700.02874012
     359    703.94667324
     360    707.87553591
     361    711.81532678
     362    715.76604721
     363    719.72769584
     364    723.70027404
     365    727.68378044
     366    731.67821642
     367    735.68358059
     368    739.69987436
     369    743.72709631
     370    747.76524787
     371    751.81432760
     372    755.87433696
     373    759.94527449
     374    764.02714165
     375    768.11993698
     376    772.22366195
     377    776.33831509
     378    780.46389788
     379    784.60040883
     380    788.74784945
     381    792.90621822
     382    797.07551668
     383    801.25574327
     384    805.44689957
     385    809.64898400
     386    813.86199814
     387    818.08594041
     388    822.32081241
     389    826.56661253
     390    830.82334239
     391    835.09100036
     392    839.36958810
     393    843.65910393
     394    847.95954954
     395    852.27092324
     396    856.59322674
     397    860.92645832
     398    865.27061970
     399    869.62570916
     400    873.99172845
     401    878.36867580
     402    882.75655300
     403    887.15535825
     404    891.56509335
     405    895.98575651
     406    900.41734954
     407    904.85987061
     408    909.31332156
     409    913.77770055
     410    918.25300945
     411    922.73924636
     412    927.23641320
     413    931.74450805
     414    936.26353284
     415    940.79348564
     416    945.33436839
     417    949.88617913
     418    954.44891985
     419    959.02258855
     420    963.60718724
     421    968.20271391
     422    972.80917059
     423    977.42655523
     424    982.05486989
     425    986.69411252
     426    991.34428518
     427    996.00538579
     428   1000.67741646
     429   1005.36037507
     430   1010.05426376
     431   1014.75908037
     432   1019.47482708
     433   1024.20150170
     434   1028.93910644
     435   1033.68763908
     436   1038.44710186
     437   1043.21749253
     438   1047.99881336
     439   1052.79106207
     440   1057.59424094
     441   1062.40834770
     442   1067.23338464
     443   1072.06934945
     444   1076.91624446
     445   1081.77406732
     446   1086.64282042
     447   1091.52250135
     448   1096.41311253
     449   1101.31465154
     450   1106.22712082
     451   1111.15051792
     452   1116.08484530
     453   1121.03010049
     454   1125.98628598
     455   1130.95339927
     456   1135.93144289
     457   1140.92041429
     458   1145.92031603
     459   1150.93114555
     460   1155.95290544
     461   1160.98559308
     462   1166.02921111
     463   1171.08375689
     464   1176.14923308
     465   1181.22563701
     466   1186.31297136
     467   1191.41123343
     468   1196.52042596
     469   1201.64054619
     470   1206.77159690
     471   1211.91357531
     472   1217.06648420
     473   1222.23032079
     474   1227.40508788
     475   1232.59078265
     476   1237.78740796
     477   1242.99496092
     478   1248.21344445
     479   1253.44285561
     480   1258.68319736
     481   1263.93446674
     482   1269.19666672
     483   1274.46979432
     484   1279.75385255
     485   1285.04883838
     486   1290.35475487
     487   1295.67159893
     488   1300.99937368
     489   1306.33807599
     490   1311.68770901
     491   1317.04826958
     492   1322.41976088
     493   1327.80217971
     494   1333.19552930
     495   1338.59980641
     496   1344.01501430
     497   1349.44114969
     498   1354.87821589
     499   1360.32620957
     500   1365.78513408
     501   1371.25498607
     502   1376.73576891
     503   1382.22747921
     504   1387.73012038
     505   1393.24368900
     506   1398.76818852
     507   1404.30361546
     508   1409.84997334
     509   1415.40725862
     510   1420.97547486
     511   1426.55461849
     512   1432.14469311
     513   1437.74569509
     514   1443.35762809
     515   1448.98048844
     516   1454.61427983
     517   1460.25899856
     518   1465.91464835
     519   1471.58122546
     520   1477.25873367
     521   1482.94716917
     522   1488.64653580
     523   1494.35682970
     524   1500.07805477
     525   1505.81020708
     526   1511.55329058
     527   1517.30730132
     528   1523.07224328
     529   1528.84811244
     530   1534.63491286
     531   1540.43264047
     532   1546.24129935
     533   1552.06088541
     534   1557.89140278
     535   1563.73284729
     536   1569.58522315
     537   1575.44852614
     538   1581.32276050
     539   1587.20792196
     540   1593.10401483
     541   1599.01103478
     542   1604.92898617
     543   1610.85786462
     544   1616.79767454
     545   1622.74841149
     546   1628.71007995
     547   1634.68267542
     548   1640.66620243
     549   1646.66065643
     550   1652.66604200
     551   1658.68235454
     552   1664.70959868
     553   1670.74776976
     554   1676.79687248
     555   1682.85690212
     556   1688.92786343
     557   1695.00975163
     558   1701.10257155
     559   1707.20631832
     560   1713.32099685
     561   1719.44660221
     562   1725.58313935
     563   1731.73060331
     564   1737.88899909
     565   1744.05832165
     566   1750.23857606
     567   1756.42975724
     568   1762.63187031
     569   1768.84491011
     570   1775.06888184
     571   1781.30378027
     572   1787.54961068
     573   1793.80636776
     574   1800.07405684
     575   1806.35267257
     576   1812.64222035
     577   1818.94269475
     578   1825.25410123
     579   1831.57643430
     580   1837.90969950
     581   1844.25389125
     582   1850.60901517
     583   1856.97506561
     584   1863.35204827
     585   1869.73995742
     586   1876.13879882
     587   1882.54856668
     588   1888.96926684
     589   1895.40089342
     590   1901.84345234
     591   1908.29693766
     592   1914.76135536
     593   1921.23669941
     594   1927.72297590
     595   1934.22017871
     596   1940.72831400
     597   1947.24737557
     598   1953.77736966
     599   1960.31829000
     600   1966.87014292
     601   1973.43292204
     602   1980.00663378
     603   1986.59127170
     604   1993.18684228
     605   1999.79333900
     606   2006.41076843
     607   2013.03912396
     608   2019.67841225
     609   2026.32862660
     610   2032.98977376
     611   2039.66184695
     612   2046.34485299
     613   2053.03878501
     614   2059.74364995
     615   2066.45944082
     616   2073.18616466
     617   2079.92381440
     618   2086.67239715
     619   2093.43190575
     620   2100.20234743
     621   2106.98371491
     622   2113.77601552
     623   2120.57924190
     624   2127.39340145
     625   2134.21848673
     626   2141.05450524
     627   2147.90144942
     628   2154.75932689
     629   2161.62813000
     630   2168.50786645
     631   2175.39852848
     632   2182.30012392
     633   2189.21264489
     634   2196.13609932
     635   2203.07047924
     636   2210.01579268
     637   2216.97203155
     638   2223.93920401
     639   2230.91730185
     640   2237.90633334
     641   2244.90629015
     642   2251.91718068
     643   2258.93899648
     644   2265.97174605
     645   2273.01542085
     646   2280.07002948
     647   2287.13556328
     648   2294.21203098
     649   2301.29942380
     650   2308.39775058
     651   2315.50700242
     652   2322.62718829
     653   2329.75829915
     654   2336.90034412
     655   2344.05331403
     656   2351.21721811
     657   2358.39204707
     658   2365.57781027
     659   2372.77449829
     660   2379.98212062
     661   2387.20066770
     662   2394.43014917
     663   2401.67055533
     664   2408.92189595
     665   2416.18416120
     666   2423.45736098
     667   2430.74148532
     668   2438.03654427
     669   2445.34252771
     670   2452.65944584
     671   2459.98728839
     672   2467.32606571
     673   2474.67576738
     674   2482.03640390
     675   2489.40796470
     676   2496.79046042
     677   2504.18388036
     678   2511.58823530
     679   2519.00351438
     680   2526.42972855
     681   2533.86686678
     682   2541.31494018
     683   2548.77393757
     684   2556.24387023
     685   2563.72472678
     686   2571.21651869
     687   2578.71923443
     688   2586.23288560
     689   2593.75746051
     690   2601.29297096
     691   2608.83940506
     692   2616.39677479
     693   2623.96506809
     694   2631.54429711
     695   2639.13444962
     696   2646.73553794
     697   2654.34754965
     698   2661.97049728
     699   2669.60436822
     700   2677.24917516
     701   2684.90490532
     702   2692.57157159
     703   2700.24916099
     704   2707.93768659
     705   2715.63713522
     706   2723.34752016
     707   2731.06882804
     708   2738.80107233
     709   2746.54423946
     710   2754.29834311
     711   2762.06336949
     712   2769.83933251
     713   2777.62621815
     714   2785.42404054
     715   2793.23278545
     716   2801.05246722
     717   2808.88307140
     718   2816.72461256
     719   2824.57707602
     720   2832.44047657
     721   2840.31479931
     722   2848.20005927
     723   2856.09624129
     724   2864.00336066
     725   2871.92140197
     726   2879.85038076
     727   2887.79028136
     728   2895.74111957
     729   2903.70287947
     730   2911.67557711
     731   2919.65919632
     732   2927.65375338
     733   2935.65923190
     734   2943.67564840
     735   2951.70298622
     736   2959.74126218
     737   2967.79045931
     738   2975.85059471
     739   2983.92165115
     740   2992.00364602
     741   3000.09656177
     742   3008.20041610
     743   3016.31519117
     744   3024.44090496
     745   3032.57753935
     746   3040.72511261
     747   3048.88360632
     748   3057.05303905
     749   3065.23339208
     750   3073.42468430
     751   3081.62689664
     752   3089.84004834
     753   3098.06412000
     754   3106.29913118
     755   3114.54506217
     756   3122.80193284
     757   3131.06972314
     758   3139.34845330
     759   3147.63810291
     760   3155.93869257
     761   3164.25020150
     762   3172.57265065
     763   3180.90601889
     764   3189.25032754
     765   3197.60555508
     766   3205.97172323
     767   3214.34881008
     768   3222.73683773
     769   3231.13578388
     770   3239.54567103
     771   3247.96647648
     772   3256.39822313
     773   3264.84088787
     774   3273.29449401
     775   3281.75901804
     776   3290.23448368
     777   3298.72086699
     778   3307.21819213
     779   3315.72643471
     780   3324.24561935
     781   3332.77572119
     782   3341.31676533
     783   3349.86872643
     784   3358.43163005
     785   3367.00545040
     786   3375.59021351
     787   3384.18589310
     788   3392.79251569
     789   3401.41005451
     790   3410.03853658
     791   3418.67793461
     792   3427.32827617
     793   3435.98953340
     794   3444.66173442
     795   3453.34485085
     796   3462.03891134
     797   3470.74388694
     798   3479.45980688
     799   3488.18664165
     800   3496.92442104
     801   3505.67311496
     802   3514.43275379
     803   3523.20330684
     804   3531.98480511
     805   3540.77721727
     806   3549.58057496
     807   3558.39484622
     808   3567.22006333
     809   3576.05619365
     810   3584.90327016
     811   3593.76125955
     812   3602.63019545
     813   3611.51004387
     814   3620.40083915
     815   3629.30254657
     816   3638.21520122
     817   3647.13876763
     818   3656.07328162
     819   3665.01870699
     820   3673.97508032
     821   3682.94236462
     822   3691.92059727
     823   3700.90974048
     824   3709.90983243
     825   3718.92083450
     826   3727.94278574
     827   3736.97564665
     828   3746.01945715
     829   3755.07417688
     830   3764.13984662
     831   3773.21642512
     832   3782.30395408
     833   3791.40239132
     834   3800.51177948
     835   3809.63207541
     836   3818.76332275
     837   3827.90547734
     838   3837.05858383
     839   3846.22259703
     840   3855.39756264
     841   3864.58343441
     842   3873.78025912
     843   3882.98798941
     844   3892.20667319
     845   3901.43626195
     846   3910.67680476
     847   3919.92825195
     848   3929.19065376
     849   3938.46395931
     850   3947.74822010
     851   3957.04338396
     852   3966.34950368
     853   3975.66652579
     854   3984.99450441
     855   3994.33338471
     856   4003.68322218
     857   4013.04396061
     858   4022.41565690
     859   4031.79825339
     860   4041.19180844
     861   4050.59626292
     862   4060.01167670
     863   4069.43798909
     864   4078.87526156
     865   4088.32343177
     866   4097.78256287
     867   4107.25259084
     868   4116.73358052
     869   4126.22546615
     870   4135.72831436
     871   4145.24205757
     872   4154.76676424
     873   4164.30236494
     874   4173.84893002
     875   4183.40638810
     876   4192.97481153
     877   4202.55412688
     878   4212.14440861
     879   4221.74558113
     880   4231.35772107
     881   4240.98075065
     882   4250.61474874
     883   4260.25963526
     884   4269.91549143
     885   4279.58223476
     886   4289.25994893
     887   4298.94854894
     888   4308.64812104
     889   4318.35857759
     890   4328.08000752
     891   4337.81232048
     892   4347.55560816
     893   4357.30977736
     894   4367.07492271
     895   4376.85094800
     896   4386.63795092
     897   4396.43583212
     898   4406.24469252
     899   4416.06442946
     900   4425.89514723
     901   4435.73673973
     902   4445.58931476
     903   4455.45276262
     904   4465.32719481
     905   4475.21249782
     906   4485.10878705
     907   4495.01594500
     908   4504.93409115
     909   4514.86310380
     910   4524.80310675
     911   4534.75397388
     912   4544.71583349
     913   4554.68855482
     914   4564.67227097
     915   4574.66684625
     916   4584.67241878
     917   4594.68884772
     918   4604.71627650
     919   4614.75455879
     920   4624.80384367
     921   4634.86397900
     922   4644.93511980
     923   4655.01710784
     924   4665.11010441
     925   4675.21394479
     926   4685.32879696
     927   4695.45448930
     928   4705.59119690
     929   4715.73874080
     930   4725.89730363
     931   4736.06669866
     932   4746.24711654
     933   4756.43836224
     934   4766.64063496
     935   4776.85373085
     936   4787.07785822
     937   4797.31280377
     938   4807.55878557
     939   4817.81558023
     940   4828.08341624
     941   4838.36205941
     942   4848.65174941
     943   4858.95224045
     944   4869.26378421
     945   4879.58612243
     946   4889.91951971
     947   4900.26370439
     948   4910.61895494
     949   4920.98498526
     950   4931.36208883
     951   4941.74996397
     952   4952.14892032
     953   4962.55863931
     954   4972.97944815
     955   4983.41101003
     956   4993.85367114
     957   5004.30707478
     958   5014.77158784
     959   5025.24683212
     960   5035.73319692
     961   5046.23028049
     962   5056.73849667
     963   5067.25741824
     964   5077.78748562
     965   5088.32824356
     966   5098.88016170
     967   5109.44275457
     968   5120.01652333
     969   5130.60094913
     970   5141.19656789
     971   5151.80282508
     972   5162.42029374
     973   5173.04837993
     974   5183.68769747
     975   5194.33761123
     976   5204.99877744
     977   5215.67051603
     978   5226.35352901
     979   5237.04709160
     980   5247.75195067
     981   5258.46733456
     982   5269.19403576
     983   5279.93124203
     984   5290.67978308
     985   5301.43881027
     986   5312.20918247
     987   5322.99003670
     988   5333.78223327
     989   5344.58491771
     990   5355.39891913
     991   5366.22345200
     992   5377.05923986
     993   5387.90563746
     994   5398.76316820
     995   5409.63147609
     996   5420.51070352
     997   5431.40097024
     998   5442.30180058
     999   5453.21412790
    1000   5464.13645589
    1001   5475.07095969
    1002   5486.01460152
    1003   5496.97147619
    1004   5507.93623182
    1005   5518.91568712
    1006   5529.90128640
    1007   5540.90355522
    1008   5551.90980121
    1009   5562.93498788
    1010   5573.96193258
    1011   5585.00963780
    1012   5596.05799861
    1013   5607.12687420
    1014   5618.19907799
    1015   5629.28539981
    1016   5640.38603691
    1017   5651.48374716
    1018   5662.62073400
    1019   5673.72179541
    1020   5684.90014785
    1021   5696.00379562
    1022   5707.21121971
    1023   5718.35516877
    1024   5729.61941907
 ---------------------------------------
 
SCF converged! Final Ground-State Energy (Eh):              -4.8598025599100731
