 
     Two-Electron DVR    
 ------------------------
 x0     =      15.00000000
 m      =       1.00000000
 Z      =       4.00000000
 n      =               64
 dx     =       0.47619048
 
Soft-Coulomb Parameters:
 alpha  =       1.00000000
 beta   =       0.01000000
 
 
                       Hartree-Fock                      
 --------------------------------------------------------
 no. of orbitals        =               64
 no. of electrons       =                2
 scf_damping_switch     =        F
 scf_diis_switch        =        F
 damping_factor         =   0.00000000
 e_tolerance            = 0.0000000000100000
 maximum scf-iterations =              200
 
 
                       SCF iterations                      
 ----------------------------------------------------------
    S.No    Energy (hartree)        dE (hartree)
 ----------------------------------------------------------
       0     -6.418194676161
       1     -3.125730646047      3.292464030115
       2     -3.000390122704      0.125340523343
       3     -3.390848739844      0.390458617140
       4     -3.338501228792      0.052347511052
       5     -3.534244115924      0.195742887132
       6     -3.507220732345      0.027023383579
       7     -3.619524664844      0.112303932499
       8     -3.606147690985      0.013376973859
       9     -3.675119273126      0.068971582141
      10     -3.669137315194      0.005981957932
      11     -3.713339900377      0.044202585183
      12     -3.711316757908      0.002023142469
      13     -3.740488570391      0.029171812483
      14     -3.740513204027      0.000024633635
      15     -3.760184392962      0.019671188936
      16     -3.761190160107      0.001005767145
      17     -3.774676724567      0.013486564460
      18     -3.776074016262      0.001397291695
      19     -3.785443867770      0.009369851508
      20     -3.786915892593      0.001472024824
      21     -3.793497143752      0.006581251158
      22     -3.794883491466      0.001386347715
      23     -3.799548822189      0.004665330722
      24     -3.800777898447      0.001229076258
      25     -3.804111285052      0.003333386605
      26     -3.805160741926      0.001049456874
      27     -3.807558852275      0.002398110349
      28     -3.808432399992      0.000873547718
      29     -3.810168070457      0.001735670465
      30     -3.810882007520      0.000713937064
      31     -3.812144922946      0.001262915425
      32     -3.812720470113      0.000575547168
      33     -3.813643740104      0.000923269991
      34     -3.814102838569      0.000459098465
      35     -3.814780641108      0.000677802539
      36     -3.815143801341      0.000363160233
      37     -3.815643257379      0.000499456038
      38     -3.815928600636      0.000285343257
      39     -3.816297861082      0.000369260445
      40     -3.816520833490      0.000222972408
      41     -3.816794644241      0.000273810751
      42     -3.816968090657      0.000173446416
      43     -3.817171657761      0.000203567105
      44     -3.817306070148      0.000134412387
      45     -3.817457766776      0.000151696629
      46     -3.817561600178      0.000103833402
      47     -3.817674876844      0.000113276666
      48     -3.817754873781      0.000079996937
      49     -3.817839615655      0.000084741875
      50     -3.817901108488      0.000061492833
      51     -3.817964605965      0.000063497477
      52     -3.818011783660      0.000047177696
      53     -3.818059430403      0.000047646743
      54     -3.818095565743      0.000036135340
      55     -3.818131363420      0.000035797676
      56     -3.818159001852      0.000027638432
      57     -3.818185926867      0.000026925015
      58     -3.818207040705      0.000021113838
      59     -3.818227311862      0.000020271158
      60     -3.818243424516      0.000016112654
      61     -3.818258699165      0.000015274649
      62     -3.818270984181      0.000012285016
      63     -3.818282502485      0.000011518305
      64     -3.818291861856      0.000009359370
      65     -3.818300553269      0.000008691414
      66     -3.818307678939      0.000007125670
      67     -3.818314241018      0.000006562079
      68     -3.818319662927      0.000005421909
      69     -3.818324619830      0.000004956903
      70     -3.818328743272      0.000004123443
      71     -3.818332489289      0.000003746017
      72     -3.818335623854      0.000003134565
      73     -3.818338455857      0.000002832003
      74     -3.818340837769      0.000002381912
      75     -3.818342979445      0.000002141676
      76     -3.818344788739      0.000001809294
      77     -3.818346408659      0.000001619920
      78     -3.818347782257      0.000001373598
      79     -3.818349007191      0.000001224934
      80     -3.818350048477      0.000001041286
      81     -3.818350972520      0.000000924043
      82     -3.818351756998      0.000000784479
      83     -3.818352445230      0.000000688231
      84     -3.818353018655      0.000000573426
      85     -3.818353498051      0.000000479396
      86     -3.818353852101      0.000000354050
      87     -3.818354060889      0.000000208787
      88     -3.818354029955      0.000000030933
      89     -3.818353617442      0.000000412514
      90     -3.818352487076      0.000001130366
      91     -3.818350063499      0.000002423577
      92     -3.818345115638      0.000004947861
      93     -3.818335470199      0.000009645439
      94     -3.818316601226      0.000018868973
      95     -3.818280409075      0.000036192151
      96     -3.818210243001      0.000070166074
      97     -3.818076027274      0.000134215727
      98     -3.817816542313      0.000259484961
      99     -3.817320492771      0.000496049542
     100     -3.816363676037      0.000956816734
     101     -3.814538090234      0.001825585803
     102     -3.811035637636      0.003502452598
     103     -3.804408980660      0.006626656976
     104     -3.791916051713      0.012492928947
     105     -3.769006005440      0.022910046272
     106     -3.728261587948      0.040744417493
     107     -3.660714530439      0.067547057509
     108     -3.558931852965      0.101782677473
     109     -3.426664809845      0.132267043120
     110     -3.280947773413      0.145717036432
     111     -3.146710635271      0.134237138142
     112     -3.039441650634      0.107268984637
     113     -2.963488785776      0.075952864858
     114     -2.913223096147      0.050265689629
     115     -2.881989080075      0.031234016071
     116     -2.862839423038      0.019149657038
     117     -2.851582371172      0.011257051865
     118     -2.844822865160      0.006759506013
     119     -2.840965059836      0.003857805324
     120     -2.838633090158      0.002331969678
     121     -2.837341080755      0.001292009403
     122     -2.836537058877      0.000804021878
     123     -2.836112545988      0.000424512889
     124     -2.835831678243      0.000280867745
     125     -2.835696295536      0.000135382707
     126     -2.835595392491      0.000100903045
     127     -2.835554809678      0.000040582813
     128     -2.835516757531      0.000038052146
     129     -2.835506357044      0.000010400488
     130     -2.835490902342      0.000015454702
     131     -2.835489523988      0.000001378353
     132     -2.835482605276      0.000006918712
     133     -2.835483521582      0.000000916305
     134     -2.835480078288      0.000003443293
     135     -2.835481283858      0.000001205570
     136     -2.835479401087      0.000001882771
     137     -2.835480389865      0.000000988778
     138     -2.835479286013      0.000001103851
     139     -2.835479997625      0.000000711612
     140     -2.835479320686      0.000000676939
     141     -2.835479806314      0.000000485629
     142     -2.835479380072      0.000000426243
     143     -2.835479703421      0.000000323349
     144     -2.835479431069      0.000000272353
     145     -2.835479643782      0.000000212713
     146     -2.835479468381      0.000000175400
     147     -2.835479607464      0.000000139082
     148     -2.835479494031      0.000000113433
     149     -2.835479584687      0.000000090656
     150     -2.835479511168      0.000000073518
     151     -2.835479570165      0.000000058997
     152     -2.835479522462      0.000000047703
     153     -2.835479560824      0.000000038362
     154     -2.835479529853      0.000000030971
     155     -2.835479554786      0.000000024934
     156     -2.835479534672      0.000000020114
     157     -2.835479550875      0.000000016202
     158     -2.835479537810      0.000000013065
     159     -2.835479548337      0.000000010527
     160     -2.835479539850      0.000000008487
     161     -2.835479546689      0.000000006840
     162     -2.835479541176      0.000000005513
     163     -2.835479545619      0.000000004443
     164     -2.835479542038      0.000000003582
     165     -2.835479544924      0.000000002887
     166     -2.835479542598      0.000000002327
     167     -2.835479544473      0.000000001875
     168     -2.835479542961      0.000000001512
     169     -2.835479544180      0.000000001218
     170     -2.835479543198      0.000000000982
     171     -2.835479543989      0.000000000792
     172     -2.835479543351      0.000000000638
     173     -2.835479543865      0.000000000514
     174     -2.835479543451      0.000000000414
     175     -2.835479543785      0.000000000334
     176     -2.835479543516      0.000000000269
     177     -2.835479543733      0.000000000217
     178     -2.835479543558      0.000000000175
     179     -2.835479543699      0.000000000141
     180     -2.835479543585      0.000000000114
     181     -2.835479543677      0.000000000092
     182     -2.835479543603      0.000000000074
     183     -2.835479543663      0.000000000060
     184     -2.835479543615      0.000000000048
     185     -2.835479543653      0.000000000039
     186     -2.835479543622      0.000000000031
     187     -2.835479543647      0.000000000025
     188     -2.835479543627      0.000000000020
     189     -2.835479543643      0.000000000016
     190     -2.835479543630      0.000000000013
     191     -2.835479543641      0.000000000011
     192     -2.835479543632      0.000000000009
 ----------------------------------------------------------
  
 
 
 ---------------------------------------
     Molecular Orbital Energies (Eh)    
 ---------------------------------------
       1     -1.16269571
       2     -0.46443305
       3     -0.23421812
       4     -0.19121527
       5     -0.11693293
       6     -0.08643589
       7      0.01323295
       8      0.05217722
       9      0.18608727
      10      0.24290998
      11      0.39999908
      12      0.48060425
      13      0.65419508
      14      0.76211008
      15      0.94893145
      16      1.08558534
      17      1.28477154
      18      1.44991831
      19      1.66214188
      20      1.85450308
      21      2.08120987
      22      2.29913143
      23      2.54193928
      24      2.78384652
      25      3.04419970
      26      3.30885434
      27      3.58784611
      28      3.87438645
      29      4.17276946
      30      4.48069559
      31      4.79889915
      32      5.12795757
      33      5.46620534
      34      5.81636101
      35      6.17466940
      36      6.54599582
      37      6.92428629
      38      7.31701844
      39      7.71502679
      40      8.12947193
      41      8.54685288
      42      8.98354440
      43      9.41966289
      44      9.87926312
      45     10.33333234
      46     10.81690532
      47     11.28761034
      48     11.79641076
      49     12.28221965
      50     12.81820303
      51     13.31647823
      52     13.88191213
      53     14.38918692
      54     14.98941885
      55     15.49736796
      56     16.14216131
      57     16.63726591
      58     17.35365425
      59     17.81173937
      60     18.63053928
      61     19.03481668
      62     20.01531767
      63     20.36109166
      64     21.32201211
 ---------------------------------------
 
SCF converged! Final Ground-State Energy (Eh):              -2.8354795436321742
