 
     Two-Electron DVR    
 ------------------------
 x0     =      15.00000000
 m      =       1.00000000
 Z      =       1.00000000
 n      =               64
 dx     =       0.47619048
 
Soft-Coulomb Parameters:
 alpha  =       0.01000000
 beta   =       1.00000000
 
 
                       Hartree-Fock                      
 --------------------------------------------------------
 no. of orbitals        =               64
 no. of electrons       =                2
 scf_damping_switch     =        F
 scf_diis_switch        =        F
 damping_factor         =   0.00000000
 e_tolerance            = 0.0000000000100000
 maximum scf-iterations =              200
 
 
                       SCF iterations                      
 ----------------------------------------------------------
    S.No    Energy (hartree)        dE (hartree)
 ----------------------------------------------------------
       0     -5.223956602298
       1     -4.344905956924      0.879050645374
       2     -4.347632709601      0.002726752678
       3     -4.347713518361      0.000080808759
       4     -4.347716005733      0.000002487372
       5     -4.347716083802      0.000000078069
       6     -4.347716086276      0.000000002474
       7     -4.347716086355      0.000000000079
       8     -4.347716086358      0.000000000003
 ----------------------------------------------------------
  
 
 
 ---------------------------------------
     Molecular Orbital Energies (Eh)    
 ---------------------------------------
       1     -1.73725160
       2      0.13834053
       3      0.13837286
       4      0.24079071
       5      0.24157856
       6      0.36816825
       7      0.37411239
       8      0.51803445
       9      0.54096277
      10      0.69233085
      11      0.74610659
      12      0.90337466
      13      0.99212831
      14      1.15949148
      15      1.28022994
      16      1.46112268
      17      1.61077745
      18      1.80673772
      19      1.98377503
      20      2.19531616
      21      2.39910246
      22      2.62615038
      23      2.85662709
      24      3.09899535
      25      3.35622766
      26      3.61353486
      27      3.89781849
      28      4.16980648
      29      4.48133050
      30      4.76756724
      31      5.10672969
      32      5.40699326
      33      5.77398681
      34      6.08780198
      35      6.48310548
      36      6.81029066
      37      7.23408216
      38      7.57407565
      39      8.02694848
      40      8.37961258
      41      8.86171710
      42      9.22635786
      43      9.73844139
      44     10.11501327
      45     10.65713967
      46     11.04480003
      47     11.61787086
      48     12.01684185
      49     12.62062513
      50     13.03002452
      51     13.66539050
      52     14.08625820
      53     14.75198989
      54     15.18395831
      55     15.87999739
      56     16.32661843
      57     17.04849470
      58     17.51202315
      59     18.25492931
      60     18.74738726
      61     19.49460077
      62     20.03282043
      63     20.74270068
      64     21.40278711
 ---------------------------------------
 
SCF converged! Final Ground-State Energy (Eh):              -4.3477160863575444
