 
     Two-Electron DVR    
 ------------------------
 x0     =      15.00000000
 m      =       1.00000000
 Z      =       3.00000000
 n      =             1024
 dx     =       0.02932551
 
Soft-Coulomb Parameters:
 alpha  =       0.01000000
 beta   =       0.01000000
 
 
                       Hartree-Fock                      
 --------------------------------------------------------
 no. of orbitals        =             1024
 no. of electrons       =                2
 scf_damping_switch     =        F
 scf_diis_switch        =        F
 damping_factor         =   0.00000000
 e_tolerance            = 0.0000000000100000
 maximum scf-iterations =              200
 
 
                       SCF iterations                      
 ----------------------------------------------------------
    S.No    Energy (hartree)        dE (hartree)
 ----------------------------------------------------------
       0    -31.412748616814
       1    -25.929475010180      5.483273606634
       2    -26.055537440756      0.126062430576
       3    -26.055916103440      0.000378662683
       4    -26.055917807863      0.000001704423
       5    -26.055917817966      0.000000010103
       6    -26.055917818031      0.000000000065
       7    -26.055917818031      0.000000000000
 ----------------------------------------------------------
  
 
 
 ---------------------------------------
     Molecular Orbital Energies (Eh)    
 ---------------------------------------
       1    -10.41741958
       2     -0.41691093
       3     -0.27161979
       4     -0.11469530
       5     -0.08659998
       6     -0.01932355
       7      0.01197942
       8      0.11181032
       9      0.15834622
      10      0.29297797
      11      0.35458669
      12      0.52124955
      13      0.59846437
      14      0.79523632
      15      0.88892036
      16      1.11423790
      17      1.22535652
      18      1.47787402
      19      1.60738272
      20      1.88592777
      21      2.03471711
      22      2.33827066
      23      2.50714111
      24      2.83482358
      25      3.02447694
      26      3.37553515
      27      3.58657521
      28      3.96036941
      29      4.19330775
      30      4.58929874
      31      4.84456314
      32      5.26229984
      33      5.54024365
      34      5.97935159
      35      6.28026317
      36      6.74043391
      37      7.06454556
      38      7.54552733
      39      7.89302346
      40      8.39461284
      41      8.76563719
      42      9.28767190
      43      9.68233392
      44     10.22468658
      45     10.64306686
      46     11.20563964
      47     11.64779463
      48     12.23051464
      49     12.69648062
      50     13.29929603
      51     13.78909249
      52     14.41196917
      53     14.92560169
      54     15.56852036
      55     16.10598302
      56     16.76893686
      57     17.33021425
      58     18.01320682
      59     18.59827581
      60     19.30131931
      61     19.91015046
      62     20.63326423
      63     21.26582301
      64     22.00903227
      65     22.66528015
      66     23.42861487
      67     24.10851013
      68     24.89200418
      69     25.59550269
      70     26.39919297
      71     27.12624880
      72     27.95017462
      73     28.70074056
      74     29.54494306
      75     30.31897106
      76     31.18349270
      77     31.98093427
      78     32.86581843
      79     33.68662491
      80     34.59191554
      81     35.43603841
      82     36.36177972
      83     37.22917079
      84     38.17540700
      85     39.06601860
      86     40.03279373
      87     40.94657886
      88     41.93393656
      89     42.87084901
      90     43.87883238
      91     44.83882685
      92     45.86747837
      93     46.85051051
      94     47.89987188
      95     48.90589839
      96     49.97601050
      97     51.00498916
      98     52.09589198
      99     53.14778169
     100     54.25951426
     101     55.33427507
     102     56.46687543
     103     57.56446855
     104     58.71797371
     105     59.83836152
     106     61.01280746
     107     62.15595351
     108     63.35137517
     109     64.51724417
     110     65.73367542
     111     66.92223325
     112     68.15970691
     113     69.37092058
     114     70.62946842
     115     71.86330608
     116     73.14295881
     117     74.39938973
     118     75.70017705
     119     76.97917156
     120     78.30112216
     121     79.60265167
     122     80.94579322
     123     82.26983019
     124     83.63418939
     125     84.98070728
     126     86.36630989
     127     87.73528315
     128     89.14215398
     129     90.53355803
     130     91.96172097
     131     93.37553216
     132     94.82501023
     133     96.26120582
     134     97.73202117
     135     99.19057929
     136    100.68275322
     137    102.16365286
     138    103.67720587
     139    105.18042684
     140    106.71537865
     141    108.24090155
     142    109.79727109
     143    111.34507730
     144    112.92288278
     145    114.49295442
     146    116.09221333
     147    117.68453322
     148    119.30526236
     149    120.91981405
     150    122.56202954
     151    124.19879721
     152    125.86251456
     153    127.52148304
     154    129.20671710
     155    130.88787185
     156    132.59463689
     157    134.29796397
     158    136.02627368
     159    137.75175970
     160    139.50162723
     161    141.24925937
     162    143.02069730
     163    144.79046326
     164    146.58348369
     165    148.37537169
     166    150.18998621
     167    152.00398495
     168    153.84020467
     169    155.67630333
     170    157.53413890
     171    159.39232711
     172    161.27178875
     173    163.15205656
     174    165.05315407
     175    166.95549197
     176    168.87823472
     177    170.80263359
     178    172.74703059
     179    174.69348169
     180    176.65954154
     181    178.62803651
     182    180.61576749
     183    182.60629830
     184    184.61570832
     185    186.62826731
     186    188.65936394
     187    190.69394376
     188    192.74673427
     189    194.80332788
     190    196.87781924
     191    198.95641990
     192    201.05261876
     193    203.15322003
     194    205.27113278
     195    207.39372848
     196    209.53336123
     197    211.67794544
     198    213.83930406
     199    216.00587113
     200    218.18896123
     201    220.37750573
     202    222.58233267
     203    224.79284943
     204    227.01941836
     205    229.25190241
     206    231.50021826
     207    233.75466485
     208    236.02473233
     209    238.30113692
     210    240.59296055
     211    242.89131877
     212    245.20490288
     213    247.52521059
     214    249.86055932
     215    252.20281252
     216    254.55992982
     217    256.92412471
     218    259.30301439
     219    261.68914731
     220    264.08981301
     221    266.49788047
     222    268.92032566
     223    271.35032432
     224    273.79455234
     225    276.24647900
     226    278.71249303
     227    281.18634464
     228    283.67414774
     229    286.16992136
     230    288.67951645
     231    291.19720930
     232    293.72859918
     233    296.26820856
     234    298.82139591
     235    301.38291928
     236    303.95790666
     237    306.54134155
     238    309.13813142
     239    311.74347549
     240    314.36207020
     241    316.98932120
     242    319.62972300
     243    322.27887880
     244    324.94108984
     245    327.61214837
     246    330.29617072
     247    332.98913002
     248    335.69496565
     249    338.40982384
     250    341.13747463
     251    343.87422993
     252    346.62369770
     253    349.38234836
     254    352.15363484
     255    354.93417924
     256    357.72728609
     257    360.52972264
     258    363.34465144
     259    366.16897865
     260    369.00573092
     261    371.85194735
     262    374.71052454
     263    377.57862881
     264    380.45903232
     265    383.34902311
     266    386.25125427
     267    389.16313032
     268    392.08719041
     269    395.02095052
     270    397.96684076
     271    400.92248377
     272    403.89020533
     273    406.86773015
     274    409.85728415
     275    412.85668971
     276    415.86807722
     277    418.88936253
     278    421.92258458
     279    424.96574866
     280    428.02080623
     281    431.08584817
     282    434.16274220
     283    437.24966112
     284    440.34839251
     285    443.45718757
     286    446.57775717
     287    449.70842756
     288    452.85083622
     289    456.00338116
     290    459.16762966
     291    462.34204842
     292    465.52813752
     293    468.72442940
     294    471.93235981
     295    475.15052414
     296    478.38029657
     297    481.62033269
     298    484.87194781
     299    488.13385511
     300    491.40731354
     301    494.69109144
     302    497.98639380
     303    501.29204174
     304    504.60918861
     305    507.93670603
     306    511.27569797
     307    514.62508438
     308    517.98592192
     309    521.35717681
     310    524.73986048
     311    528.13298339
     312    531.53751367
     313    534.95250414
     314    538.37888150
     315    541.81573912
     316    545.26396401
     317    548.72268835
     318    552.19276120
     319    555.67335188
     320    559.16527312
     321    562.66772975
     322    566.18149976
     323    569.70582200
     324    573.24144116
     325    576.78762866
     326    580.34509734
     327    583.91314977
     328    587.49246832
     329    591.08238537
     330    594.68355412
     331    598.29533549
     332    601.91835476
     333    605.55200016
     334    609.19687026
     335    612.85237942
     336    616.51910064
     337    620.19647331
     338    623.88504593
     339    627.58428185
     340    631.29470615
     341    635.01580509
     342    638.74808132
     343    642.49104304
     344    646.24517145
     345    650.00999574
     346    653.78597658
     347    657.57266323
     348    661.37049671
     349    665.17904553
     350    668.99873188
     351    672.82914267
     352    676.67068210
     353    680.52295469
     354    684.38634739
     355    688.26048161
     356    692.14572778
     357    696.04172346
     358    699.94882328
     359    703.86668027
     360    707.79563392
     361    711.73535206
     362    715.68615972
     363    719.64773887
     364    723.62040069
     365    727.60384072
     366    731.59835687
     367    735.60365764
     368    739.62002826
     369    743.64718965
     370    747.68541489
     371    751.73443679
     372    755.79451678
     373    759.86539907
     374    763.94733395
     375    768.04007653
     376    772.14386643
     377    776.25846918
     378    780.38411422
     379    784.52057706
     380    788.66807736
     381    792.82640019
     382    796.99575586
     383    801.17593860
     384    805.36714974
     385    809.56919230
     386    813.78225903
     387    818.00616132
     388    822.24108374
     389    826.48684570
     390    830.74362389
     391    835.01124544
     392    839.28987950
     393    843.57936057
     394    847.87985060
     395    852.19119113
     396    856.51353720
     397    860.84673713
     398    865.19093933
     399    869.54599859
     400    873.91205700
     401    878.28897554
     402    882.67689023
     403    887.07566799
     404    891.48543905
     405    895.90607599
     406    900.33770347
     407    904.78019954
     408    909.23368351
     409    913.69803866
     410    918.17337920
     411    922.65959339
     412    927.15679055
     413    931.66486374
     414    936.18391759
     415    940.71384973
     416    945.25476032
     417    949.80655139
     418    954.36931878
     419    958.94296874
     420    963.52759299
     421    968.12310180
     422    972.72958295
     423    977.34695060
     424    981.97528870
     425    986.61451514
     426    991.26471025
     427    995.92579546
     428   1000.59784762
     429   1005.28079158
     430   1009.97470083
     431   1014.67950352
     432   1019.39526991
     433   1024.12193129
     434   1028.85955486
     435   1033.60807493
     436   1038.36755572
     437   1043.13793445
     438   1047.91927249
     439   1052.71150987
     440   1057.51470521
     441   1062.32880121
     442   1067.15385388
     443   1071.98980850
     444   1076.83671854
     445   1081.69453175
     446   1086.56329920
     447   1091.44297099
     448   1096.33359587
     449   1101.23512624
     450   1106.14760859
     451   1111.07099751
     452   1116.00533736
     453   1120.95058484
     454   1125.90678221
     455   1130.87388823
     456   1135.85194316
     457   1140.84090771
     458   1145.84082022
     459   1150.85164331
     460   1155.87341343
     461   1160.90609503
     462   1165.94972279
     463   1171.00426291
     464   1176.06974833
     465   1181.14614696
     466   1186.23349006
     467   1191.33174721
     468   1196.44094802
     469   1201.56106367
     470   1206.69212220
     471   1211.83409636
     472   1216.98701265
     473   1222.15084531
     474   1227.32561937
     475   1232.51131053
     476   1237.70794239
     477   1242.91549205
     478   1248.13398172
     479   1253.36338989
     480   1258.60373739
     481   1263.85500406
     482   1269.11720941
     483   1274.39033460
     484   1279.67439781
     485   1284.96938151
     486   1290.27530261
     487   1295.59214482
     488   1300.91992382
     489   1306.25862454
     490   1311.60826146
     491   1316.96882071
     492   1322.34031557
     493   1327.72273334
     494   1333.11608614
     495   1338.52036245
     496   1343.93557321
     497   1349.36170806
     498   1354.79877680
     499   1360.24677020
     500   1365.70569692
     501   1371.17554887
     502   1376.65633360
     503   1382.14804411
     504   1387.65068685
     505   1393.16425594
     506   1398.68875670
     507   1404.22418437
     508   1409.77054316
     509   1415.32782942
     510   1420.89604626
     511   1426.47519112
     512   1432.06526602
     513   1437.66626949
     514   1443.27820245
     515   1448.90106454
     516   1454.53485558
     517   1460.17957631
     518   1465.83522542
     519   1471.50180480
     520   1477.17931200
     521   1482.86775004
     522   1488.56711534
     523   1494.27741205
     524   1499.99863545
     525   1505.73079086
     526   1511.47387236
     527   1517.22788647
     528   1522.99282610
     529   1528.76869892
     530   1534.55549666
     531   1540.35322823
     532   1546.16188409
     533   1551.98147440
     534   1557.81198839
     535   1563.65343748
     536   1569.50580960
     537   1575.36911747
     538   1581.24334772
     539   1587.12851440
     540   1593.02460279
     541   1598.93162829
     542   1604.84957481
     543   1610.77845916
     544   1616.71826382
     545   1622.66900703
     546   1628.63066982
     547   1634.60327192
     548   1640.58679285
     549   1646.58125386
     550   1652.58663292
     551   1658.60295286
     552   1664.63019005
     553   1670.66836894
     554   1676.71746426
     555   1682.77750214
     556   1688.84845558
     557   1694.93035246
     558   1701.02316402
     559   1707.12691993
     560   1713.24158961
     561   1719.36720458
     562   1725.50373235
     563   1731.65120641
     564   1737.80959229
     565   1743.97892546
     566   1750.15916942
     567   1756.35036175
     568   1762.55246379
     569   1768.76551529
     570   1774.98947540
     571   1781.22438611
     572   1787.47020428
     573   1793.72697424
     574   1799.99465044
     575   1806.27327968
     576   1812.56281391
     577   1818.86330246
     578   1825.17469470
     579   1831.49704262
     580   1837.83029286
     581   1844.17450015
     582   1850.52960837
     583   1856.89567510
     584   1863.27264128
     585   1869.66056747
     586   1876.05939158
     587   1882.46917730
     588   1888.88985933
     589   1895.32150460
     590   1901.76404451
     591   1908.21754940
     592   1914.68194718
     593   1921.15731171
     594   1927.64356731
     595   1934.14079156
     596   1940.64890498
     597   1947.16798897
     598   1953.69796016
     599   1960.23890397
     600   1966.79073290
     601   1973.35353657
     602   1979.92722320
     603   1986.51188680
     604   1993.10743110
     605   1999.71395467
     606   2006.33135659
     607   2012.95974022
     608   2019.59899974
     609   2026.24924346
     610   2032.91036050
     611   2039.58246441
     612   2046.26543896
     613   2052.95940310
     614   2059.66423508
     615   2066.38005956
     616   2073.10674893
     617   2079.84443379
     618   2086.59298048
     619   2093.35252583
     620   2100.12292981
     621   2106.90433569
     622   2113.69659687
     623   2120.49986340
     624   2127.31398174
     625   2134.13910898
     626   2140.97508438
     627   2147.82207246
     628   2154.67990487
     629   2161.54875385
     630   2168.42844317
     631   2175.31915318
     632   2182.22069936
     633   2189.13327047
     634   2196.05667339
     635   2202.99110575
     636   2209.93636535
     637   2216.89265903
     638   2223.85977518
     639   2230.83793033
     640   2237.82690299
     641   2244.82691969
     642   2251.83774869
     643   2258.85962713
     644   2265.89231241
     645   2272.93605266
     646   2279.99059406
     647   2287.05619630
     648   2294.13259375
     649   2301.22005809
     650   2308.31831141
     651   2315.42763805
     652   2322.54774715
     653   2329.67893619
     654   2336.82090089
     655   2343.97395255
     656   2351.13777274
     657   2358.31268713
     658   2365.49836262
     659   2372.69513998
     660   2379.90267065
     661   2387.12131110
     662   2394.35069673
     663   2401.59120053
     664   2408.84244099
     665   2416.10480828
     666   2423.37790333
     667   2430.66213438
     668   2437.95708389
     669   2445.26317886
     670   2452.57998255
     671   2459.90794173
     672   2467.24659945
     673   2474.59642302
     674   2481.95693448
     675   2489.32862275
     676   2496.71098779
     677   2504.10454095
     678   2511.50875923
     679   2518.92417764
     680   2526.35024899
     681   2533.78753285
     682   2541.23545690
     683   2548.69460660
     684   2556.16438316
     685   2563.64539890
     686   2571.13702758
     687   2578.63990980
     688   2586.15339037
     689   2593.67813930
     690   2601.21347134
     691   2608.76008744
     692   2616.31727070
     693   2623.88575424
     694   2631.46478825
     695   2639.05513973
     696   2646.65602422
     697   2654.26824392
     698   2661.89097838
     699   2669.52506685
     700   2677.16965097
     701   2684.82560853
     702   2692.49204177
     703   2700.16986901
     704   2707.85815102
     705   2715.55784829
     706   2723.26797846
     707   2730.98954641
     708   2738.72152438
     709   2746.46496339
     710   2754.21878849
     711   2761.98409926
     712   2769.75977108
     713   2777.54695404
     714   2785.34447185
     715   2793.15352777
     716   2800.97289112
     717   2808.80382046
     718   2816.64502855
     719   2824.49783215
     720   2832.36088449
     721   2840.23556286
     722   2848.12045857
     723   2856.01701262
     724   2863.92375116
     725   2871.84218146
     726   2879.77076187
     727   2887.71106941
     728   2895.66149109
     729   2903.62367650
     730   2911.59593839
     731   2919.58000275
     732   2927.57410420
     733   2935.58004820
     734   2943.59598806
     735   2951.62381288
     736   2959.66159041
     737   2967.71129681
     738   2975.77091077
     739   2983.84250003
     740   2991.92394961
     741   3000.01742257
     742   3008.12070639
     743   3016.23606447
     744   3024.36118164
     745   3032.49842575
     746   3040.64537477
     747   3048.80450646
     748   3056.97328635
     749   3065.15430662
     750   3073.34491573
     751   3081.54782627
     752   3089.76026352
     753   3097.98506545
     754   3106.21932904
     755   3114.46602419
     756   3122.72211293
     757   3130.99070254
     758   3139.26861445
     759   3147.55910053
     760   3155.85883430
     761   3164.17121819
     762   3172.49277167
     763   3180.82705559
     764   3189.17042732
     765   3197.52661274
     766   3205.89180036
     767   3214.26988972
     768   3222.65689162
     769   3231.05688654
     770   3239.46570013
     771   3247.88760326
     772   3256.31822679
     773   3264.76203993
     774   3273.21447055
     775   3281.68019661
     776   3290.15443238
     777   3298.64207332
     778   3307.13811113
     779   3315.64767015
     780   3324.16550786
     781   3332.69698712
     782   3341.23662132
     783   3349.79002432
     784   3358.35145264
     785   3366.92678178
     786   3375.51000048
     787   3384.10725959
     788   3392.71226606
     789   3401.33145778
     790   3409.95824793
     791   3418.59937644
     792   3427.24794740
     793   3435.91101563
     794   3444.58136289
     795   3453.26637543
     796   3461.95849582
     797   3470.66545590
     798   3479.37934448
     799   3488.10825714
     800   3496.84391042
     801   3505.59477920
     802   3514.35219176
     803   3523.12502219
     804   3531.90419018
     805   3540.69898618
     806   3549.49990363
     807   3558.31667128
     808   3567.13933396
     809   3575.97807757
     810   3584.82247892
     811   3593.68320517
     812   3602.54934052
     813   3611.43205415
     814   3620.31991631
     815   3629.22462467
     816   3638.13420846
     817   3647.06091680
     818   3655.99221432
     819   3664.94093070
     820   3673.89393625
     821   3682.86466645
     822   3691.83937135
     823   3700.83212424
     824   3709.82852218
     825   3718.84330415
     826   3727.86138558
     827   3736.89820639
     828   3745.93796436
     829   3754.99683105
     830   3764.05825505
     831   3773.13917835
     832   3782.22226071
     833   3791.32524841
     834   3800.42997754
     835   3809.55504146
     836   3818.68140891
     837   3827.82855763
     838   3836.97655064
     839   3846.14579719
     840   3855.31540642
     841   3864.50676026
     842   3873.69797165
     843   3882.91144715
     844   3892.12425039
     845   3901.35985801
     846   3910.59423760
     847   3919.85199316
     848   3929.10793772
     849   3938.38785278
     850   3947.66534521
     851   3956.96743722
     852   3966.26646494
     853   3975.59074667
     854   3984.91129084
     855   3994.25778154
     856   4003.59982824
     857   4012.96854204
     858   4022.33207046
     859   4031.72302860
     860   4041.10802339
     861   4050.52124147
     862   4059.92767963
     863   4069.36318114
     864   4078.79104570
     865   4088.24884787
     866   4097.69811343
     867   4107.17824221
     868   4116.64889000
     869   4126.15136446
     870   4135.64336641
     871   4145.16821522
     872   4154.68155057
     873   4164.22879483
     874   4173.76343253
     875   4183.33310395
     876   4192.88902105
     877   4202.48114298
     878   4212.05830511
     879   4221.67291264
     880   4231.27129441
     881   4240.90841337
     882   4250.52797675
     883   4260.18764599
     884   4269.82836289
     885   4279.51061098
     886   4289.17243926
     887   4298.87730925
     888   4308.56021784
     889   4318.28774134
     890   4327.99168356
     891   4337.74190826
     892   4347.46684972
     893   4357.23981063
     894   4366.98569956
     895   4376.78144957
     896   4386.54824793
     897   4396.36682575
     898   4406.15447614
     899   4415.99594042
     900   4425.80440074
     901   4435.66879435
     902   4445.49800092
     903   4455.38538891
     904   4465.23529517
     905   4475.14572496
     906   4485.01626023
     907   4494.94980404
     908   4504.84091684
     909   4514.79762707
     910   4524.70923894
     911   4534.68919578
     912   4544.62124983
     913   4554.62451118
     914   4564.57692030
     915   4574.60357518
     916   4584.57627659
     917   4594.62638890
     918   4604.61928588
     919   4614.69295445
     920   4624.70597776
     921   4634.80327304
     922   4644.83631534
     923   4654.95734699
     924   4665.01033206
     925   4675.15517764
     926   4685.22798637
     927   4695.39676749
     928   4705.48931618
     929   4715.68211797
     930   4725.79427461
     931   4736.01123182
     932   4746.14290474
     933   4756.38411055
     934   4766.53515357
     935   4776.80075708
     936   4786.97107026
     937   4797.26117297
     938   4807.45059474
     939   4817.76536131
     940   4827.97378328
     941   4838.31332366
     942   4848.54056771
     943   4858.90506323
     944   4869.15101266
     945   4879.54058147
     946   4889.80504060
     947   4900.21988163
     948   4910.50272608
     949   4920.94296491
     950   4931.24398073
     951   4941.70983445
     952   4952.02889092
     953   4962.52049105
     954   4972.85735569
     955   4983.37493746
     956   4993.72947563
     957   5004.27317380
     958   5014.64513507
     959   5025.21520214
     960   5035.60445180
     961   5046.20102149
     962   5056.60729289
     963   5067.23063280
     964   5077.65379712
     965   5088.30403337
     966   5098.74381113
     967   5109.42122239
     968   5119.87749953
     969   5130.58219474
     970   5141.05468450
     971   5151.78694699
     972   5162.27556269
     973   5173.03547060
     974   5183.53992654
     975   5194.32775852
     976   5204.84801282
     977   5215.66379762
     978   5226.19957692
     979   5237.04357608
     980   5247.59490632
     981   5258.46707496
     982   5269.03370886
     983   5279.93427668
     984   5290.51633668
     985   5301.44515552
     986   5312.04243422
     987   5322.99968793
     988   5333.61243699
     989   5344.59784147
     990   5355.22590102
     991   5366.23958827
     992   5376.88337112
     993   5387.92489155
     994   5398.58427381
     995   5409.65372480
     996   5420.32930123
     997   5431.42605381
     998   5442.11768052
     999   5453.24186646
    1000   5463.95031220
    1001   5475.10114557
    1002   5485.82610052
    1003   5497.00391937
    1004   5507.74626496
    1005   5518.95021349
    1006   5529.70915547
    1007   5540.94014486
    1008   5551.71654036
    1009   5562.97382357
    1010   5573.76573638
    1011   5585.05154877
    1012   5595.85961760
    1013   5607.17357951
    1014   5617.99329551
    1015   5629.34061662
    1016   5640.17241932
    1017   5651.55315457
    1018   5662.38609913
    1019   5673.81299832
    1020   5684.65043056
    1021   5696.12002968
    1022   5706.92786546
    1023   5718.47454008
    1024   5729.43820566
 ---------------------------------------
 
SCF converged! Final Ground-State Energy (Eh):             -26.0559178180305366
