 
     Two-Electron DVR    
 ------------------------
 x0     =      15.00000000
 m      =       1.00000000
 Z      =       4.00000000
 n      =               32
 dx     =       0.96774194
 
Soft-Coulomb Parameters:
 alpha  =       0.10000000
 beta   =       1.00000000
 
 
                       Hartree-Fock                      
 --------------------------------------------------------
 no. of orbitals        =               32
 no. of electrons       =                2
 scf_damping_switch     =        F
 scf_diis_switch        =        F
 damping_factor         =   0.00000000
 e_tolerance            = 0.0000000000100000
 maximum scf-iterations =              200
 
 
                       SCF iterations                      
 ----------------------------------------------------------
    S.No    Energy (hartree)        dE (hartree)
 ----------------------------------------------------------
       0    -12.704808292689
       1    -11.857437564402      0.847370728287
       2    -11.858035696797      0.000598132395
       3    -11.858042275442      0.000006578646
       4    -11.858042349346      0.000000073904
       5    -11.858042350183      0.000000000836
       6    -11.858042350192      0.000000000009
 ----------------------------------------------------------
  
 
 
 ---------------------------------------
     Molecular Orbital Energies (Eh)    
 ---------------------------------------
       1     -5.50595552
       2     -3.06740955
       3     -0.68178981
       4     -0.57065293
       5     -0.26624995
       6     -0.23906402
       7     -0.13319611
       8     -0.11734950
       9     -0.01004421
      10      0.01222889
      11      0.16299518
      12      0.19255181
      13      0.38442741
      14      0.42027463
      15      0.65199124
      16      0.69436217
      17      0.96445495
      18      1.01228305
      19      1.32152449
      20      1.37589471
      21      1.72287726
      22      1.78209338
      23      2.16933898
      24      2.23599955
      25      2.66119280
      26      2.73199675
      27      3.20202723
      28      3.28366569
      29      3.79444111
      30      3.87784195
      31      4.46747504
      32      4.59095919
 ---------------------------------------
 
SCF converged! Final Ground-State Energy (Eh):             -11.8580423501920009
