 
     Two-Electron DVR    
 ------------------------
 x0     =      15.00000000
 m      =       1.00000000
 Z      =       3.00000000
 n      =              128
 dx     =       0.23622047
 
Soft-Coulomb Parameters:
 alpha  =       1.00000000
 beta   =       0.01000000
 
 
                       Hartree-Fock                      
 --------------------------------------------------------
 no. of orbitals        =              128
 no. of electrons       =                2
 scf_damping_switch     =        F
 scf_diis_switch        =        F
 damping_factor         =   0.00000000
 e_tolerance            = 0.0000000000100000
 maximum scf-iterations =              200
 
 
                       SCF iterations                      
 ----------------------------------------------------------
    S.No    Energy (hartree)        dE (hartree)
 ----------------------------------------------------------
       0     -4.671397010514
       1     -2.089753292146      2.581643718369
       2     -1.874814711678      0.214938580468
       3     -2.311273128020      0.436458416342
       4     -2.287530225137      0.023742902883
       5     -2.456707414632      0.169177189495
       6     -2.472958087956      0.016250673324
       7     -2.536656652282      0.063698564326
       8     -2.551501310320      0.014844658038
       9     -2.575072217764      0.023570907444
      10     -2.583205957420      0.008133739656
      11     -2.591951661738      0.008745704319
      12     -2.595728725874      0.003777064136
      13     -2.599015349957      0.003286624082
      14     -2.600645541083      0.001630191126
      15     -2.601898565761      0.001253024679
      16     -2.602576877888      0.000678312127
      17     -2.603060451133      0.000483573245
      18     -2.603337174384      0.000276723251
      19     -2.603525498014      0.000188323629
      20     -2.603637129822      0.000111631808
      21     -2.603710935046      0.000073805224
      22     -2.603755671328      0.000044736282
      23     -2.603784718366      0.000029047038
      24     -2.603802575043      0.000017856678
      25     -2.603814038464      0.000011463421
      26     -2.603821148650      0.000007110186
      27     -2.603825680739      0.000004532089
      28     -2.603828507604      0.000002826865
      29     -2.603830301411      0.000001793807
      30     -2.603831424258      0.000001122847
      31     -2.603832134762      0.000000710504
      32     -2.603832580501      0.000000445739
      33     -2.603832862051      0.000000281550
      34     -2.603833038931      0.000000176881
      35     -2.603833150533      0.000000111601
      36     -2.603833220707      0.000000070175
      37     -2.603833264952      0.000000044245
      38     -2.603833292789      0.000000027837
      39     -2.603833310332      0.000000017543
      40     -2.603833321373      0.000000011041
      41     -2.603833328329      0.000000006956
      42     -2.603833332708      0.000000004379
      43     -2.603833335467      0.000000002759
      44     -2.603833337204      0.000000001737
      45     -2.603833338298      0.000000001094
      46     -2.603833338986      0.000000000689
      47     -2.603833339420      0.000000000434
      48     -2.603833339693      0.000000000273
      49     -2.603833339865      0.000000000172
      50     -2.603833339974      0.000000000108
      51     -2.603833340042      0.000000000068
      52     -2.603833340085      0.000000000043
      53     -2.603833340112      0.000000000027
      54     -2.603833340129      0.000000000017
      55     -2.603833340140      0.000000000011
      56     -2.603833340147      0.000000000007
 ----------------------------------------------------------
  
 
 
 ---------------------------------------
     Molecular Orbital Energies (Eh)    
 ---------------------------------------
       1     -0.51150092
       2     -0.08793094
       3     -0.07708320
       4     -0.00606614
       5      0.01557136
       6      0.11201781
       7      0.15464011
       8      0.27092057
       9      0.33916896
      10      0.47083285
      11      0.56633803
      12      0.71263375
      13      0.83501873
      14      0.99679921
      15      1.14488624
      16      1.32343053
      17      1.49597657
      18      1.69248213
      19      1.88846444
      20      2.10388987
      21      2.32255580
      22      2.55761257
      23      2.79844143
      24      3.05363593
      25      3.31628156
      26      3.59196573
      27      3.87620468
      28      4.17262007
      29      4.47831171
      30      4.79562334
      31      5.12268151
      32      5.46100233
      33      5.80937597
      34      6.16878381
      35      6.53844409
      36      6.91899325
      37      7.30992521
      38      7.71165415
      39      8.12385135
      40      8.54678787
      41      8.98024895
      42      9.42441362
      43      9.87914016
      44     10.34454857
      45     10.82054380
      46     11.30720808
      47     11.80447602
      48     12.31240588
      49     12.83095087
      50     13.36015424
      51     13.89998068
      52     14.45046422
      53     15.01157636
      54     15.58334574
      55     16.16574765
      56     16.75880786
      57     17.36250335
      58     17.97685872
      59     18.60185138
      60     19.23750587
      61     19.88379899
      62     20.54075612
      63     21.20835284
      64     21.88661587
      65     22.57551904
      66     23.27509090
      67     23.98530327
      68     24.70618677
      69     25.43771079
      70     26.17990839
      71     26.93274658
      72     27.69626073
      73     28.47041521
      74     29.25524793
      75     30.05072111
      76     30.85687456
      77     31.67366832
      78     32.50114396
      79     33.33926084
      80     34.18806049
      81     35.04750230
      82     35.91762653
      83     36.79839641
      84     37.68984639
      85     38.59194645
      86     39.50472112
      87     40.42815604
      88     41.36225519
      89     42.30702828
      90     43.26244744
      91     44.22856703
      92     45.20530272
      93     46.19277556
      94     47.19081604
      95     48.19965865
      96     49.21899278
      97     50.24922050
      98     51.28982107
      99     52.34146812
     100     53.40330665
     101     54.47640837
     102     55.55942572
     103     56.65405248
     104     57.75818343
     105     58.87441270
     106     59.99953799
     107     61.13750502
     108     62.28349271
     109     63.44334760
     110     64.60999299
     111     65.79194419
     112     66.97904676
     113     68.18329227
     114     69.39067832
     115     70.61725645
     116     71.84495852
     117     73.09362363
     118     74.34259714
     119     75.61134950
     120     76.88399779
     121     78.16858696
     122     79.47526572
     123     80.75627672
     124     82.12182960
     125     83.35717600
     126     84.87171490
     127     85.96997969
     128     87.61753637
 ---------------------------------------
 
SCF converged! Final Ground-State Energy (Eh):              -2.6038333401465437
