 
     Two-Electron DVR    
 ------------------------
 x0     =      15.00000000
 m      =       1.00000000
 Z      =       1.00000000
 n      =              512
 dx     =       0.05870841
 
Soft-Coulomb Parameters:
 alpha  =       1.00000000
 beta   =       0.01000000
 
 
                       Hartree-Fock                      
 --------------------------------------------------------
 no. of orbitals        =              512
 no. of electrons       =                2
 scf_damping_switch     =        T
 scf_diis_switch        =        F
 damping_factor         =   0.70000000
 e_tolerance            = 0.0000000000100000
 maximum scf-iterations =              200
 
 
                       SCF iterations                      
 ----------------------------------------------------------
    S.No    Energy (hartree)        dE (hartree)
 ----------------------------------------------------------
       0     -1.339554276427
       1      0.524048119738      1.863602396165
       2      0.080132981940      0.443915137798
       3     -0.046323275508      0.126456257448
       4     -0.100548604795      0.054225329287
       5     -0.138876952163      0.038328347368
       6     -0.167700210095      0.028823257932
       7     -0.189185693842      0.021485483746
       8     -0.204942488690      0.015756794848
       9     -0.216345443243      0.011402954553
      10     -0.224515083577      0.008169640334
      11     -0.230327013233      0.005811929656
      12     -0.234441398610      0.004114385377
      13     -0.237344183174      0.002902784564
      14     -0.239387332005      0.002043148831
      15     -0.240823054575      0.001435722569
      16     -0.241830777440      0.001007722865
      17     -0.242537520317      0.000706742877
      18     -0.243032897718      0.000495377401
      19     -0.243379985004      0.000347087286
      20     -0.243623104850      0.000243119846
      21     -0.243793366713      0.000170261864
      22     -0.243912588307      0.000119221593
      23     -0.243996062221      0.000083473915
      24     -0.244054503190      0.000058440969
      25     -0.244095416399      0.000040913209
      26     -0.244124057869      0.000028641470
      27     -0.244144107990      0.000020050120
      28     -0.244158143610      0.000014035620
      29     -0.244167968807      0.000009825197
      30     -0.244174846574      0.000006877767
      31     -0.244179661074      0.000004814500
      32     -0.244183031255      0.000003370181
      33     -0.244185390397      0.000002359142
      34     -0.244187041804      0.000001651407
      35     -0.244188197793      0.000001155989
      36     -0.244189006987      0.000000809194
      37     -0.244189573423      0.000000566437
      38     -0.244189969929      0.000000396506
      39     -0.244190247484      0.000000277554
      40     -0.244190441772      0.000000194288
      41     -0.244190577774      0.000000136002
      42     -0.244190672975      0.000000095201
      43     -0.244190739616      0.000000066641
      44     -0.244190786265      0.000000046649
      45     -0.244190818919      0.000000032654
      46     -0.244190841777      0.000000022858
      47     -0.244190857777      0.000000016000
      48     -0.244190868977      0.000000011200
      49     -0.244190876818      0.000000007840
      50     -0.244190882306      0.000000005488
      51     -0.244190886148      0.000000003842
      52     -0.244190888837      0.000000002689
      53     -0.244190890719      0.000000001882
      54     -0.244190892037      0.000000001318
      55     -0.244190892959      0.000000000922
      56     -0.244190893605      0.000000000646
      57     -0.244190894057      0.000000000452
      58     -0.244190894373      0.000000000316
      59     -0.244190894595      0.000000000222
      60     -0.244190894750      0.000000000155
      61     -0.244190894858      0.000000000109
      62     -0.244190894934      0.000000000076
      63     -0.244190894988      0.000000000053
      64     -0.244190895025      0.000000000037
      65     -0.244190895051      0.000000000026
      66     -0.244190895069      0.000000000018
      67     -0.244190895082      0.000000000013
      68     -0.244190895091      0.000000000009
 ----------------------------------------------------------
  
 
 
 ---------------------------------------
     Molecular Orbital Energies (Eh)    
 ---------------------------------------
       1      0.16701790
       2      0.27284080
       3      0.29929736
       4      0.39761681
       5      0.43280942
       6      0.53762555
       7      0.59281234
       8      0.70652676
       9      0.78807454
      10      0.91369442
      11      1.02192709
      12      1.16244330
      13      1.29600059
      14      1.45379650
      15      1.61132208
      16      1.78797966
      17      1.96854871
      18      2.16508228
      19      2.36811715
      20      2.58516419
      21      2.81032087
      22      3.04828565
      23      3.29536261
      24      3.55450347
      25      3.82338555
      26      4.10387050
      27      4.39449374
      28      4.69643381
      29      5.00876464
      30      5.33223485
      31      5.66625745
      32      6.01130957
      33      6.36701845
      34      6.73368912
      35      7.11108455
      36      7.49940038
      37      7.89848579
      38      8.30846664
      39      8.72924696
      40      9.16090806
      41      9.60338888
      42     10.05674219
      43     10.52092920
      44     10.99598434
      45     11.48188306
      46     11.97864796
      47     12.48626357
      48     13.00474488
      49     13.53408219
      50     14.07428556
      51     14.62534898
      52     15.18727930
      53     15.76007285
      54     16.34373440
      55     16.93826174
      56     17.54365827
      57     18.15992273
      58     18.78705760
      59     19.42506220
      60     20.07393842
      61     20.73368590
      62     21.40430616
      63     22.08579905
      64     22.77816580
      65     23.48140638
      66     24.19552184
      67     24.92051221
      68     25.65637842
      69     26.40312049
      70     27.16073930
      71     27.92923486
      72     28.70860798
      73     29.49885864
      74     30.29998764
      75     31.11199492
      76     31.93488125
      77     32.76864654
      78     33.61329153
      79     34.46881612
      80     35.33522104
      81     36.21250612
      82     37.10067211
      83     37.99971882
      84     38.90964696
      85     39.83045632
      86     40.76214762
      87     41.70472060
      88     42.65817601
      89     43.62251353
      90     44.59773392
      91     45.58383683
      92     46.58082302
      93     47.58869212
      94     48.60744489
      95     49.63708093
      96     50.67760102
      97     51.72900470
      98     52.79129279
      99     53.86446479
     100     54.94852152
     101     56.04346246
     102     57.14928845
     103     58.26599893
     104     59.39359476
     105     60.53207533
     106     61.68144154
     107     62.84169274
     108     64.01282986
     109     65.19485220
     110     66.38776071
     111     67.59155466
     112     68.80623503
     113     70.03180104
     114     71.26825372
     115     72.51559224
     116     73.77381764
     117     75.04292907
     118     76.32292760
     119     77.61381234
     120     78.91558438
     121     80.22824279
     122     81.55178872
     123     82.88622117
     124     84.23154132
     125     85.58774814
     126     86.95484285
     127     88.33282438
     128     89.72169398
     129     91.12145052
     130     92.53209530
     131     93.95362716
     132     95.38604742
     133     96.82935488
     134     98.28355090
     135     99.74863423
     136    101.22460628
     137    102.71146576
     138    104.20921410
     139    105.71784996
     140    107.23737484
     141    108.76778734
     142    110.30908900
     143    111.86127837
     144    113.42435704
     145    114.99832350
     146    116.58317940
     147    118.17892318
     148    119.78555652
     149    121.40307782
     150    123.03148881
     151    124.67078783
     152    126.32097667
     153    127.98205362
     154    129.65402050
     155    131.33687555
     156    133.03062066
     157    134.73525400
     158    136.45077751
     159    138.17718932
     160    139.91449141
     161    141.66268186
     162    143.42176270
     163    145.19173194
     164    146.97259170
     165    148.76433990
     166    150.56697873
     167    152.38050605
     168    154.20492410
     169    156.04023068
     170    157.88642810
     171    159.74351410
     172    161.61149104
     173    163.49035659
     174    165.38011318
     175    167.28075842
     176    169.19229481
     177    171.11471987
     178    173.04803619
     179    174.99224121
     180    176.94733758
     181    178.91332268
     182    180.89019923
     183    182.87796454
     184    184.87662139
     185    186.88616702
     186    188.90660430
     187    190.93793038
     188    192.98014820
     189    195.03325483
     190    197.09725331
     191    199.17214061
     192    201.25791985
     193    203.35458793
     194    205.46214804
     195    207.58059701
     196    209.70993810
     197    211.85016805
     198    214.00129024
     199    216.16330128
     200    218.33620465
     201    220.51999688
     202    222.71468154
     203    224.92025506
     204    227.13672110
     205    229.36407601
     206    231.60232353
     207    233.85145991
     208    236.11148901
     209    238.38240696
     210    240.66421772
     211    242.95691734
     212    245.26050986
     213    247.57499122
     214    249.90036559
     215    252.23662879
     216    254.58378509
     217    256.94183021
     218    259.31076853
     219    261.69059565
     220    264.08131608
     221    266.48292529
     222    268.89542790
     223    271.31881929
     224    273.75310417
     225    276.19827781
     226    278.65434504
     227    281.12130100
     228    283.59915067
     229    286.08788904
     230    288.58752121
     231    291.09804206
     232    293.61945682
     233    296.15176023
     234    298.69495765
     235    301.24904369
     236    303.81402385
     237    306.38989260
     238    308.97665558
     239    311.57430711
     240    314.18285297
     241    316.80228734
     242    319.43261617
     243    322.07383346
     244    324.72594532
     245    327.38894561
     246    330.06284056
     247    332.74762391
     248    335.44330204
     249    338.14986852
     250    340.86732989
     251    343.59567956
     252    346.33492425
     253    349.08505719
     254    351.84608526
     255    354.61800152
     256    357.40081304
     257    360.19451269
     258    362.99910773
     259    365.81459084
     260    368.64096946
     261    371.47823610
     262    374.32639837
     263    377.18544859
     264    380.05539458
     265    382.93622845
     266    385.82795822
     267    388.73057580
     268    391.64408941
     269    394.56849076
     270    397.50378829
     271    400.44997348
     272    403.40705497
     273    406.37502406
     274    409.35388959
     275    412.34364263
     276    415.34429226
     277    418.35582932
     278    421.37826311
     279    424.41158424
     280    427.45580226
     281    430.51090752
     282    433.57690983
     283    436.65379928
     284    439.74158593
     285    442.84025963
     286    445.94983070
     287    449.07028870
     288    452.20164423
     289    455.34388660
     290    458.49702666
     291    461.66105345
     292    464.83597810
     293    468.02178936
     294    471.21849866
     295    474.42609445
     296    477.64458847
     297    480.87396884
     298    484.11424762
     299    487.36541263
     300    490.62747623
     301    493.90042593
     302    497.18427443
     303    500.47900887
     304    503.78464231
     305    507.10116155
     306    510.42857999
     307    513.76688408
     308    517.11608758
     309    520.47617657
     310    523.84716518
     311    527.22903912
     312    530.62181290
     313    534.02547185
     314    537.44003086
     315    540.86547486
     316    544.30181915
     317    547.74904825
     318    551.20717788
     319    554.67619214
     320    558.15610716
     321    561.64690661
     322    565.14860708
     323    568.66119177
     324    572.18467775
     325    575.71904773
     326    579.26431926
     327    582.82047458
     328    586.38753172
     329    589.96547242
     330    593.55431522
     331    597.15404135
     332    600.76466986
     333    604.38618146
     334    608.01859574
     335    611.66189284
     336    615.31609294
     337    618.98117559
     338    622.65716155
     339    626.34402979
     340    630.04180167
     341    633.75045554
     342    637.47001338
     343    641.20045291
     344    644.94179678
     345    648.69402201
     346    652.45715193
     347    656.23116290
     348    660.01607893
     349    663.81187566
     350    667.61857785
     351    671.43616038
     352    675.26464877
     353    679.10401713
     354    682.95429176
     355    686.81544597
     356    690.68750689
     357    694.57044699
     358    698.46429423
     359    702.36902024
     360    706.28465385
     361    710.21116579
     362    714.14858581
     363    718.09688370
     364    722.05609016
     365    726.02617402
     366    730.00716696
     367    733.99903680
     368    738.00181627
     369    742.01547210
     370    746.04003811
     371    750.07547994
     372    754.12183254
     373    758.17906038
     374    762.24719959
     375    766.32621345
     376    770.41613930
     377    774.51693916
     378    778.62865168
     379    782.75123755
     380    786.88473676
     381    791.02910863
     382    795.18439456
     383    799.35055241
     384    803.52762506
     385    807.71556888
     386    811.91442829
     387    816.12415805
     388    820.34480422
     389    824.57631989
     390    828.81875283
     391    833.07205439
     392    837.33627412
     393    841.61136152
     394    845.89736802
     395    850.19424122
     396    854.50203452
     397    858.82069346
     398    863.15027353
     399    867.49071816
     400    871.84208501
     401    876.20431525
     402    880.57746886
     403    884.96148463
     404    889.35642499
     405    893.76222621
     406    898.17895330
     407    902.60653987
     408    907.04505366
     409    911.49442546
     410    915.95472592
     411    920.42588285
     412    924.90796994
     413    929.40091185
     414    933.90478553
     415    938.41951227
     416    942.94517249
     417    947.48168391
     418    952.02913061
     419    956.58742652
     420    961.15665963
     421    965.73673983
     422    970.32775929
     423    974.92962357
     424    979.54242928
     425    984.16607740
     426    988.80066928
     427    993.44610097
     428    998.10247893
     429   1002.76969389
     430   1007.44785781
     431   1012.13685574
     432   1016.83680550
     433   1021.54758603
     434   1026.26932150
     435   1031.00188427
     436   1035.74540530
     437   1040.49974987
     438   1045.26505631
     439   1050.04118223
     440   1054.82827390
     441   1059.62618065
     442   1064.43505737
     443   1069.25474438
     444   1074.08540596
     445   1078.92687262
     446   1083.77931882
     447   1088.64256445
     448   1093.51679507
     449   1098.40181889
     450   1103.29783364
     451   1108.20463485
     452   1113.12243350
     453   1118.05101113
     454   1122.99059333
     455   1127.94094642
     456   1132.90231191
     457   1137.87443926
     458   1142.85758762
     459   1147.85148806
     460   1152.85641898
     461   1157.87209103
     462   1162.89880394
     463   1167.93624625
     464   1172.98474078
     465   1178.04395152
     466   1183.11422683
     467   1188.19520450
     468   1193.28726008
     469   1198.39000248
     470   1203.50383690
     471   1208.62834265
     472   1213.76395501
     473   1218.91022165
     474   1224.06760926
     475   1229.23563617
     476   1234.41479706
     477   1239.60458211
     478   1244.80551070
     479   1250.01705573
     480   1255.23974728
     481   1260.47305224
     482   1265.71749450
     483   1270.97256784
     484   1276.23874900
     485   1281.51559738
     486   1286.80349004
     487   1292.10213794
     488   1297.41171335
     489   1302.73218506
     490   1308.06338264
     491   1313.40573789
     492   1318.75849169
     493   1324.12279343
     494   1329.49697862
     495   1334.88334855
     496   1340.27883544
     497   1345.68739050
     498   1351.10397971
     499   1356.53485911
     500   1361.97242150
     501   1367.42561928
     502   1372.88423169
     503   1378.35914912
     504   1383.83964924
     505   1389.33444385
     506   1394.84080769
     507   1400.34818851
     508   1405.89163242
     509   1411.39625016
     510   1417.02695501
     511   1422.45019359
     512   1428.29558771
 ---------------------------------------
 
SCF converged! Final Ground-State Energy (Eh):              -0.2441908950907744
