 
     Two-Electron DVR    
 ------------------------
 x0     =      15.00000000
 m      =       1.00000000
 Z      =       4.00000000
 n      =             2048
 dx     =       0.01465559
 
Soft-Coulomb Parameters:
 alpha  =       0.01000000
 beta   =       0.01000000
 
 
                       Hartree-Fock                      
 --------------------------------------------------------
 no. of orbitals        =             2048
 no. of electrons       =                2
 scf_damping_switch     =        F
 scf_diis_switch        =        F
 damping_factor         =   0.00000000
 e_tolerance            = 0.0000000000100000
 maximum scf-iterations =              200
 
 
                       SCF iterations                      
 ----------------------------------------------------------
    S.No    Energy (hartree)        dE (hartree)
 ----------------------------------------------------------
       0    -44.818282797165
       1    -38.971591155277      5.846691641888
       2    -39.063749696792      0.092158541515
       3    -39.064020294826      0.000270598034
       4    -39.064021268304      0.000000973478
       5    -39.064021272418      0.000000004114
       6    -39.064021272436      0.000000000018
       7    -39.064021272437      0.000000000000
 ----------------------------------------------------------
  
 
 
 ---------------------------------------
     Molecular Orbital Energies (Eh)    
 ---------------------------------------
       1    -16.70366087
       2     -1.69333585
       3     -0.93472380
       4     -0.46540390
       5     -0.33041315
       6     -0.21141923
       7     -0.16204390
       8     -0.09009175
       9     -0.03617946
      10      0.06486445
      11      0.14068948
      12      0.27396878
      13      0.37032477
      14      0.53343913
      15      0.64958190
      16      0.84111225
      17      0.97678696
      18      1.19574678
      19      1.35095137
      20      1.59655819
      21      1.77143628
      22      2.04301923
      23      2.23779979
      24      2.53476052
      25      2.74971906
      26      3.07151493
      27      3.30694753
      28      3.65308402
      29      3.90928981
      30      4.27931681
      31      4.55658647
      32      4.95009576
      33      5.24870423
      34      5.66532742
      35      5.98552964
      36      6.42493596
      37      6.76696464
      38      7.22885870
      39      7.59292359
      40      8.07704294
      41      8.46333101
      42      8.96944368
      43      9.37811994
      44      9.90602201
      45     10.33723071
      46     10.88674388
      47     11.34060994
      48     11.91157920
      49     12.38820974
      50     12.98050121
      51     13.47998707
      52     14.09348592
      53     14.61590316
      54     15.25051172
      55     15.79592310
      56     16.45155906
      57     17.02001539
      58     17.69661021
      59     18.28815161
      60     18.98564901
      61     19.60030609
      62     20.31866072
      63     20.95645565
      64     21.69563186
      65     22.35657938
      66     23.11655009
      67     23.80065835
      68     24.58140409
      69     25.28867549
      70     26.09018347
      71     26.82061536
      72     27.64287866
      73     28.39646404
      74     29.23948087
      75     30.01620893
      76     30.87998200
      77     31.67983866
      78     32.56437456
      79     33.38734295
      80     34.29265165
      81     35.13871255
      82     36.06480691
      83     36.93393906
      84     37.88083444
      85     38.77301495
      86     39.74072877
      87     40.65593339
      88     41.64448487
      89     42.58268822
      90     43.59209804
      91     44.55327390
      92     45.58356394
      93     46.56768543
      94     47.61887853
      95     48.62591829
      96     49.69803807
      97     50.72796843
      98     51.82103907
      99     52.87383219
     100     53.98787828
     101     55.06350628
     102     56.19855269
     103     57.29698773
     104     58.45305947
     105     59.57427390
     106     60.75139600
     107     61.89536239
     108     63.09355983
     109     64.26025106
     110     65.47954867
     111     66.66893799
     112     67.90936038
     113     69.12142147
     114     70.38299296
     115     71.61769995
     116     72.90044454
     117     74.15777206
     118     75.46171337
     119     76.74163659
     120     78.06679780
     121     79.36929244
     122     80.71569629
     123     82.04073864
     124     83.40840741
     125     84.75597435
     126     86.14492980
     127     87.51499881
     128     88.92526218
     129     90.31781134
     130     91.74940337
     131     93.16441137
     132     94.61735225
     133     96.05479839
     134     97.52910775
     135     98.98897194
     136    100.48466889
     137    101.96693164
     138    103.48403474
     139    104.98867716
     140    106.52720442
     141    108.05420822
     142    109.61417710
     143    111.16352458
     144    112.74495201
     145    114.31662603
     146    115.91952841
     147    117.51351242
     148    119.13790562
     149    120.75418360
     150    122.40008298
     151    124.03863947
     152    125.70605988
     153    127.36687996
     154    129.05583575
     155    130.73890499
     156    132.44941003
     157    134.15471455
     158    135.88678221
     159    137.61430860
     160    139.36795181
     161    141.11768714
     162    142.89291838
     163    144.66485019
     164    146.46168147
     165    148.25579777
     166    150.07424068
     167    151.89052991
     168    153.73059563
     169    155.56904665
     170    157.43074594
     171    159.29134805
     172    161.17469129
     173    163.05743416
     174    164.96243135
     175    166.86730506
     176    168.79396580
     177    170.72096081
     178    172.66929436
     179    174.61840150
     180    176.58841676
     181    178.55962719
     182    180.55133273
     183    182.54463797
     184    184.55804204
     185    186.57343394
     186    188.60854446
     187    190.64601517
     188    192.70283977
     189    194.76238175
     190    196.84092776
     191    198.92253378
     192    201.02280824
     193    203.12647135
     194    205.24848103
     195    207.37419455
     196    209.51794595
     197    211.66570348
     198    213.83120284
     199    216.00099821
     200    218.18825156
     201    220.38007886
     202    222.58909194
     203    224.80294550
     204    227.03372386
     205    229.26959823
     206    231.52214718
     207    233.78003714
     208    236.05436179
     209    238.33426232
     210    240.63036757
     211    242.93227385
     212    245.25016441
     213    247.57407183
     214    249.91375221
     215    252.25965633
     216    254.62113087
     217    256.98902744
     218    259.37230029
     219    261.76218525
     220    264.16726041
     221    266.57912983
     222    269.00601113
     223    271.43986127
     224    273.88855237
     225    276.34437964
     226    278.81488408
     227    281.29268502
     228    283.78500617
     229    286.28477748
     230    288.79891859
     231    291.32065709
     232    293.85662128
     233    296.40032394
     234    298.95811417
     235    301.52377808
     236    304.10339723
     237    306.69101958
     238    309.29247040
     239    311.90204852
     240    314.52533363
     241    317.15686496
     242    319.80198687
     243    322.45546895
     244    325.12243010
     245    327.79786057
     246    330.48666327
     247    333.18403986
     248    335.89468635
     249    338.61400690
     250    341.34649929
     251    344.08776173
     252    346.84210208
     253    349.60530442
     254    352.38149468
     255    355.16663502
     256    357.96467707
     257    360.77175357
     258    363.59164921
     259    366.42066014
     260    369.26241109
     261    372.11335476
     262    374.97696269
     263    377.84983750
     264    380.73530398
     265    383.63010839
     266    386.53743495
     267    389.45416748
     268    392.38335557
     269    395.32201482
     270    398.27306584
     271    401.23365045
     272    404.20656574
     273    407.18907442
     274    410.18385525
     275    413.18828675
     276    416.20493436
     277    419.23128750
     278    422.26980306
     279    425.31807671
     280    428.37846135
     281    431.44865440
     282    434.53090920
     283    437.62302062
     284    440.72714662
     285    443.84117540
     286    446.96717359
     287    450.10311878
     288    453.25099010
     289    456.40885078
     290    459.57859616
     291    462.75837145
     292    465.94999176
     293    469.15168082
     294    472.36517688
     295    475.58877891
     296    478.82415153
     297    482.06966575
     298    485.32691571
     299    488.59434138
     300    491.87346941
     301    495.16280582
     302    498.46381262
     303    501.77505910
     304    505.09794535
     305    508.43110125
     306    511.77586759
     307    515.13093229
     308    518.49757934
     309    521.87455225
     310    525.26308061
     311    528.66196115
     312    532.07237139
     313    535.49315902
     314    538.92545168
     315    542.36814588
     316    545.82232148
     317    549.28692174
     318    552.76298079
     319    556.24948665
     320    559.74742962
     321    563.25584060
     322    566.77566796
     323    570.30598364
     324    573.84769582
     325    577.39991576
     326    580.96351319
     327    584.53763701
     328    588.12312008
     329    591.71914739
     330    595.32651650
     331    598.94444692
     332    602.57370244
     333    606.21353562
     334    609.86467790
     335    613.52641351
     336    617.19944290
     337    620.88308061
     338    624.57799742
     339    628.28353692
     340    632.00034148
     341    635.72778248
     342    639.46647508
     343    643.21581729
     344    646.97639822
     345    650.74764137
     346    654.53011090
     347    658.32325473
     348    662.12761312
     349    665.94265739
     350    669.76890490
     351    673.60584937
     352    677.45398624
     353    681.31283067
     354    685.18285713
     355    689.06360131
     356    692.95551758
     357    696.85816130
     358    700.77196760
     359    704.69651066
     360    708.63220719
     361    712.57864940
     362    716.53623635
     363    720.50457752
     364    724.48405508
     365    728.47429505
     366    732.47566340
     367    736.48780199
     368    740.51106130
     369    744.54509836
     370    748.59024880
     371    752.64618416
     372    756.71322588
     373    760.79105940
     374    764.87999256
     375    768.97972411
     376    773.09054884
     377    777.21217828
     378    781.34489473
     379    785.48842192
     380    789.64303023
     381    793.80845505
     382    797.98495534
     383    802.17227768
     384    806.37067006
     385    810.57988981
     386    814.80017441
     387    819.03129146
     388    823.27346839
     389    827.52648263
     390    831.79055199
     391    836.06546332
     392    840.35142523
     393    844.64823356
     394    848.95608810
     395    853.27479335
     396    857.60454062
     397    861.94514269
     398    866.29678279
     399    870.65928159
     400    875.03281460
     401    879.41721007
     402    883.81263607
     403    888.21892813
     404    892.63624720
     405    897.06443577
     406    901.50364799
     407    905.95373300
     408    910.41483845
     409    914.88681983
     410    919.36981857
     411    923.86369628
     412    928.36858837
     413    932.88436233
     414    937.41114785
     415    941.94881801
     416    946.49749702
     417    951.05706331
     418    955.62763587
     419    960.20909825
     420    964.80156441
     421    969.40492282
     422    974.01928264
     423    978.64453704
     424    983.28079057
     425    987.92794092
     426    992.58608821
     427    997.25513445
     428   1001.93517555
     429   1006.62611764
     430   1011.32805259
     431   1016.04089051
     432   1020.76471936
     433   1025.49945305
     434   1030.24517584
     435   1035.00180526
     436   1039.76942204
     437   1044.54794717
     438   1049.33745797
     439   1054.13787876
     440   1058.94928362
     441   1063.77160006
     442   1068.60489901
     443   1073.44911105
     444   1078.30430413
     445   1083.17041175
     446   1088.04749899
     447   1092.93550216
     448   1097.83448359
     449   1102.74438228
     450   1107.66525795
     451   1112.59705213
     452   1117.53982205
     453   1122.49351170
     454   1127.45817590
     455   1132.43376101
     456   1137.42031952
     457   1142.41780005
     458   1147.42625289
     459   1152.44562882
     460   1157.47597603
     461   1162.51724735
     462   1167.56948893
     463   1172.63265562
     464   1177.70679161
     465   1182.79185364
     466   1187.88788406
     467   1192.99484142
     468   1198.11276629
     469   1203.24161896
     470   1208.38143830
     471   1213.53218626
     472   1218.69390010
     473   1223.86654334
     474   1229.05015168
     475   1234.24469019
     476   1239.45019305
     477   1244.66662681
     478   1249.89402422
     479   1255.13235322
     480   1260.38164519
     481   1265.64186941
     482   1270.91305596
     483   1276.19517540
     484   1281.48825654
     485   1286.79227117
     486   1292.10724692
     487   1297.43315675
     488   1302.77002711
     489   1308.11783212
     490   1313.47659712
     491   1318.84629730
     492   1324.22695695
     493   1329.61855228
     494   1335.02110659
     495   1340.43459708
     496   1345.85904606
     497   1351.29443169
     498   1356.74077536
     499   1362.19805613
     500   1367.66629449
     501   1373.14547038
     502   1378.63560345
     503   1384.13667446
     504   1389.64870225
     505   1395.17166837
     506   1400.70559089
     507   1406.25045211
     508   1411.80626937
     509   1417.37302569
     510   1422.95073769
     511   1428.53938911
     512   1434.13899587
     513   1439.74954238
     514   1445.37104390
     515   1451.00348549
     516   1456.64688178
     517   1462.30121845
     518   1467.96650952
     519   1473.64274126
     520   1479.32992712
     521   1485.02805393
     522   1490.73713458
     523   1496.45715646
     524   1502.18813192
     525   1507.93004885
     526   1513.68291912
     527   1519.44673111
     528   1525.22149620
     529   1531.00720324
     530   1536.80386315
     531   1542.61146524
     532   1548.43001998
     533   1554.25951712
     534   1560.09996669
     535   1565.95135887
     536   1571.81370329
     537   1577.68699051
     538   1583.57122978
     539   1589.46641204
     540   1595.37254616
     541   1601.28962345
     542   1607.21765243
     543   1613.15662475
     544   1619.10654860
     545   1625.06741595
     546   1631.03923467
     547   1637.02199705
     548   1643.01571064
     549   1649.02036805
     550   1655.03597651
     551   1661.06252895
     552   1667.10003230
     553   1673.14847976
     554   1679.20787800
     555   1685.27822048
     556   1691.35951361
     557   1697.45175111
     558   1703.55493914
     559   1709.66907166
     560   1715.79415459
     561   1721.93018213
     562   1728.07715996
     563   1734.23508252
     564   1740.40395526
     565   1746.58377283
     566   1752.77454049
     567   1758.97625308
     568   1765.18891565
     569   1771.41252325
     570   1777.64708074
     571   1783.89258336
     572   1790.14903578
     573   1796.41643341
     574   1802.69478075
     575   1808.98407339
     576   1815.28431567
     577   1821.59550332
     578   1827.91764053
     579   1834.25072320
     580   1840.59475534
     581   1846.94973303
     582   1853.31566011
     583   1859.69253280
     584   1866.08035483
     585   1872.47912254
     586   1878.88883951
     587   1885.30950223
     588   1891.74111415
     589   1898.18367188
     590   1904.63717875
     591   1911.10163149
     592   1917.57703332
     593   1924.06338108
     594   1930.56067786
     595   1937.06892063
     596   1943.58811237
     597   1950.11825015
     598   1956.65933686
     599   1963.21136966
     600   1969.77435133
     601   1976.34827914
     602   1982.93315577
     603   1989.52897860
     604   1996.13575020
     605   2002.75346804
     606   2009.38213462
     607   2016.02174748
     608   2022.67230903
     609   2029.33381690
     610   2036.00627343
     611   2042.68967632
     612   2049.38402783
     613   2056.08932574
     614   2062.80557223
     615   2069.53276515
     616   2076.27090663
     617   2083.01999457
     618   2089.78003103
     619   2096.55101399
     620   2103.33294544
     621   2110.12582342
     622   2116.92964986
     623   2123.74442286
     624   2130.57014429
     625   2137.40681232
     626   2144.25442874
     627   2151.11299179
     628   2157.98250321
     629   2164.86296128
     630   2171.75436771
     631   2178.65672080
     632   2185.57002222
     633   2192.49427034
     634   2199.42946677
     635   2206.37560991
     636   2213.33270135
     637   2220.30073952
     638   2227.27972596
     639   2234.26965916
     640   2241.27054061
     641   2248.28236883
     642   2255.30514530
     643   2262.33886855
     644   2269.38354003
     645   2276.43915832
     646   2283.50572481
     647   2290.58323813
     648   2297.67169963
     649   2304.77110799
     650   2311.88146451
     651   2319.00276790
     652   2326.13501945
     653   2333.27821787
     654   2340.43236444
     655   2347.59745790
     656   2354.77349950
     657   2361.96048799
     658   2369.15842461
     659   2376.36730815
     660   2383.58713980
     661   2390.81791838
     662   2398.05964506
     663   2405.31231868
     664   2412.57594038
     665   2419.85050905
     666   2427.13602579
     667   2434.43248950
     668   2441.73990128
     669   2449.05826003
     670   2456.38756684
     671   2463.72782064
     672   2471.07902250
     673   2478.44117134
     674   2485.81426824
     675   2493.19831214
     676   2500.59330407
     677   2507.99924302
     678   2515.41613000
     679   2522.84396400
     680   2530.28274603
     681   2537.73247508
     682   2545.19315216
     683   2552.66477626
     684   2560.14734839
     685   2567.64086755
     686   2575.14533473
     687   2582.66074895
     688   2590.18711118
     689   2597.72442046
     690   2605.27267774
     691   2612.83188208
     692   2620.40203442
     693   2627.98313383
     694   2635.57518122
     695   2643.17817569
     696   2650.79211815
     697   2658.41700768
     698   2666.05284520
     699   2673.69962980
     700   2681.35736238
     701   2689.02604204
     702   2696.70566969
     703   2704.39624442
     704   2712.09776714
     705   2719.81023694
     706   2727.53365472
     707   2735.26801960
     708   2743.01333245
     709   2750.76959240
     710   2758.53680033
     711   2766.31495535
     712   2774.10405835
     713   2781.90410846
     714   2789.71510653
     715   2797.53705171
     716   2805.36994486
     717   2813.21378512
     718   2821.06857335
     719   2828.93430869
     720   2836.81099200
     721   2844.69862242
     722   2852.59720082
     723   2860.50672632
     724   2868.42719980
     725   2876.35862039
     726   2884.30098896
     727   2892.25430464
     728   2900.21856829
     729   2908.19377906
     730   2916.17993780
     731   2924.17704366
     732   2932.18509749
     733   2940.20409844
     734   2948.23404736
     735   2956.27494341
     736   2964.32678742
     737   2972.38957857
     738   2980.46331768
     739   2988.54800392
     740   2996.64363813
     741   3004.75021947
     742   3012.86774878
     743   3020.99622522
     744   3029.13564963
     745   3037.28602117
     746   3045.44734068
     747   3053.61960733
     748   3061.80282195
     749   3069.99698370
     750   3078.20209342
     751   3086.41815028
     752   3094.64515511
     753   3102.88310708
     754   3111.13200702
     755   3119.39185409
     756   3127.66264915
     757   3135.94439134
     758   3144.23708150
     759   3152.54071881
     760   3160.85530409
     761   3169.18083651
     762   3177.51731691
     763   3185.86474444
     764   3194.22311996
     765   3202.59244261
     766   3210.97271325
     767   3219.36393102
     768   3227.76609679
     769   3236.17920968
     770   3244.60327057
     771   3253.03827858
     772   3261.48423460
     773   3269.94113774
     774   3278.40898888
     775   3286.88778715
     776   3295.37753342
     777   3303.87822682
     778   3312.38986822
     779   3320.91245675
     780   3329.44599329
     781   3337.99047695
     782   3346.54590862
     783   3355.11228741
     784   3363.68961422
     785   3372.27788815
     786   3380.87711010
     787   3389.48727917
     788   3398.10839625
     789   3406.74046046
     790   3415.38347269
     791   3424.03743204
     792   3432.70233941
     793   3441.37819391
     794   3450.06499642
     795   3458.76274606
     796   3467.47144373
     797   3476.19108851
     798   3484.92168133
     799   3493.66322126
     800   3502.41570923
     801   3511.17914431
     802   3519.95352743
     803   3528.73885766
     804   3537.53513594
     805   3546.34236132
     806   3555.16053476
     807   3563.98965530
     808   3572.82972389
     809   3581.68073959
     810   3590.54270334
     811   3599.41561420
     812   3608.29947312
     813   3617.19427914
     814   3626.10003322
     815   3635.01673440
     816   3643.94438364
     817   3652.88297999
     818   3661.83252440
     819   3670.79301592
     820   3679.76445550
     821   3688.74684218
     822   3697.74017694
     823   3706.74445879
     824   3715.75968872
     825   3724.78586574
     826   3733.82299085
     827   3742.87106305
     828   3751.93008333
     829   3761.00005070
     830   3770.08096617
     831   3779.17282872
     832   3788.27563936
     833   3797.38939709
     834   3806.51410292
     835   3815.64975583
     836   3824.79635684
     837   3833.95390494
     838   3843.12240114
     839   3852.30184442
     840   3861.49223581
     841   3870.69357428
     842   3879.90586086
     843   3889.12909451
     844   3898.36327628
     845   3907.60840513
     846   3916.86448210
     847   3926.13150614
     848   3935.40947830
     849   3944.69839754
     850   3953.99826490
     851   3963.30907934
     852   3972.63084190
     853   3981.96355153
     854   3991.30720930
     855   4000.66181413
     856   4010.02736710
     857   4019.40386713
     858   4028.79131531
     859   4038.18971055
     860   4047.59905394
     861   4057.01934438
     862   4066.45058298
     863   4075.89276863
     864   4085.34590244
     865   4094.80998330
     866   4104.28501233
     867   4113.77098840
     868   4123.26791264
     869   4132.77578393
     870   4142.29460339
     871   4151.82436990
     872   4161.36508458
     873   4170.91674630
     874   4180.47935621
     875   4190.05291315
     876   4199.63741828
     877   4209.23287044
     878   4218.83927080
     879   4228.45661819
     880   4238.08491377
     881   4247.72415639
     882   4257.37434720
     883   4267.03548505
     884   4276.70757109
     885   4286.39060417
     886   4296.08458545
     887   4305.78951376
     888   4315.50539027
     889   4325.23221382
     890   4334.96998557
     891   4344.71870435
     892   4354.47837135
     893   4364.24898536
     894   4374.03054760
     895   4383.82305686
     896   4393.62651435
     897   4403.44091884
     898   4413.26627158
     899   4423.10257132
     900   4432.94981930
     901   4442.80801429
     902   4452.67715753
     903   4462.55724776
     904   4472.44828625
     905   4482.35027174
     906   4492.26320548
     907   4502.18708622
     908   4512.12191522
     909   4522.06769121
     910   4532.02441547
     911   4541.99208673
     912   4551.97070625
     913   4561.96027276
     914   4571.96078754
     915   4581.97224931
     916   4591.99465937
     917   4602.02801640
     918   4612.07232172
     919   4622.12757402
     920   4632.19377461
     921   4642.27092217
     922   4652.35901804
     923   4662.45806087
     924   4672.56805201
     925   4682.68899011
     926   4692.82087653
     927   4702.96370991
     928   4713.11749160
     929   4723.28222026
     930   4733.45789723
     931   4743.64452116
     932   4753.84209342
     933   4764.05061263
     934   4774.27008017
     935   4784.50049467
     936   4794.74185749
     937   4804.99416727
     938   4815.25742539
     939   4825.53163046
     940   4835.81678387
     941   4846.11288422
     942   4856.41993292
     943   4866.73792857
     944   4877.06687257
     945   4887.40676350
     946   4897.75760280
     947   4908.11938903
     948   4918.49212363
     949   4928.87580516
     950   4939.27043506
     951   4949.67601188
     952   4960.09253709
     953   4970.52000922
     954   4980.95842973
     955   4991.40779716
     956   5001.86811298
     957   5012.33937572
     958   5022.82158685
     959   5033.31474490
     960   5043.81885135
     961   5054.33390470
     962   5064.85990646
     963   5075.39685513
     964   5085.94475221
     965   5096.50359619
     966   5107.07338859
     967   5117.65412789
     968   5128.24581561
     969   5138.84845023
     970   5149.46203328
     971   5160.08656322
     972   5170.72204159
     973   5181.36846685
     974   5192.02584056
     975   5202.69416114
     976   5213.37343018
     977   5224.06364609
     978   5234.76481046
     979   5245.47692171
     980   5256.19998141
     981   5266.93398799
     982   5277.67894303
     983   5288.43484494
     984   5299.20169532
     985   5309.97949257
     986   5320.76823830
     987   5331.56793088
     988   5342.37857196
     989   5353.20015988
     990   5364.03269630
     991   5374.87617957
     992   5385.73061134
     993   5396.59598996
     994   5407.47231708
     995   5418.35959104
     996   5429.25781351
     997   5440.16698283
     998   5451.08710066
     999   5462.01816532
    1000   5472.96017851
    1001   5483.91313853
    1002   5494.87704709
    1003   5505.85190246
    1004   5516.83770638
    1005   5527.83445711
    1006   5538.84215639
    1007   5549.86080249
    1008   5560.89039714
    1009   5571.93093860
    1010   5582.98242862
    1011   5594.04486545
    1012   5605.11825084
    1013   5616.20258303
    1014   5627.29786380
    1015   5638.40409137
    1016   5649.52126751
    1017   5660.64939045
    1018   5671.78846197
    1019   5682.93848029
    1020   5694.09944719
    1021   5705.27136089
    1022   5716.45422318
    1023   5727.64803225
    1024   5738.85278992
    1025   5750.06849438
    1026   5761.29514744
    1027   5772.53274728
    1028   5783.78129574
    1029   5795.04079097
    1030   5806.31123482
    1031   5817.59262543
    1032   5828.88496468
    1033   5840.18825068
    1034   5851.50248533
    1035   5862.82766673
    1036   5874.16379678
    1037   5885.51087357
    1038   5896.86889902
    1039   5908.23787122
    1040   5919.61779207
    1041   5931.00865967
    1042   5942.41047593
    1043   5953.82323893
    1044   5965.24695060
    1045   5976.68160901
    1046   5988.12721610
    1047   5999.58376991
    1048   6011.05127241
    1049   6022.52972163
    1050   6034.01911955
    1051   6045.51946419
    1052   6057.03075753
    1053   6068.55299758
    1054   6080.08618634
    1055   6091.63032181
    1056   6103.18540600
    1057   6114.75143688
    1058   6126.32841650
    1059   6137.91634281
    1060   6149.51521785
    1061   6161.12503959
    1062   6172.74581006
    1063   6184.37752723
    1064   6196.02019314
    1065   6207.67380573
    1066   6219.33836707
    1067   6231.01387510
    1068   6242.70033188
    1069   6254.39773534
    1070   6266.10608757
    1071   6277.82538646
    1072   6289.55563414
    1073   6301.29682847
    1074   6313.04897159
    1075   6324.81206136
    1076   6336.58609993
    1077   6348.37108515
    1078   6360.16701917
    1079   6371.97389983
    1080   6383.79172931
    1081   6395.62050542
    1082   6407.46023035
    1083   6419.31090192
    1084   6431.17252231
    1085   6443.04508932
    1086   6454.92860518
    1087   6466.82306765
    1088   6478.72847897
    1089   6490.64483690
    1090   6502.57214368
    1091   6514.51039707
    1092   6526.45959932
    1093   6538.41974818
    1094   6550.39084590
    1095   6562.37289022
    1096   6574.36588342
    1097   6586.36982321
    1098   6598.38471188
    1099   6610.41054714
    1100   6622.44733129
    1101   6634.49506202
    1102   6646.55374166
    1103   6658.62336786
    1104   6670.70394298
    1105   6682.79546466
    1106   6694.89793527
    1107   6707.01135243
    1108   6719.13571853
    1109   6731.27103117
    1110   6743.41729276
    1111   6755.57450089
    1112   6767.74265797
    1113   6779.92176159
    1114   6792.11181417
    1115   6804.31281327
    1116   6816.52476135
    1117   6828.74765595
    1118   6840.98149953
    1119   6853.22628962
    1120   6865.48202870
    1121   6877.74871430
    1122   6890.02634889
    1123   6902.31492998
    1124   6914.61446007
    1125   6926.92493667
    1126   6939.24636228
    1127   6951.57873438
    1128   6963.92205550
    1129   6976.27632311
    1130   6988.64153975
    1131   7001.01770286
    1132   7013.40481502
    1133   7025.80287365
    1134   7038.21188133
    1135   7050.63183548
    1136   7063.06273868
    1137   7075.50458834
    1138   7087.95738707
    1139   7100.42113225
    1140   7112.89582651
    1141   7125.38146722
    1142   7137.87805701
    1143   7150.38559324
    1144   7162.90407856
    1145   7175.43351032
    1146   7187.97389118
    1147   7200.52521847
    1148   7213.08749487
    1149   7225.66071768
    1150   7238.24488963
    1151   7250.84000798
    1152   7263.44607547
    1153   7276.06308936
    1154   7288.69105240
    1155   7301.32996182
    1156   7313.97982041
    1157   7326.64062538
    1158   7339.31237952
    1159   7351.99508003
    1160   7364.68872973
    1161   7377.39332579
    1162   7390.10887104
    1163   7402.83536265
    1164   7415.57280346
    1165   7428.32119063
    1166   7441.08052700
    1167   7453.85080972
    1168   7466.63204166
    1169   7479.42421993
    1170   7492.22734744
    1171   7505.04142127
    1172   7517.86644435
    1173   7530.70241375
    1174   7543.54933240
    1175   7556.40719736
    1176   7569.27601158
    1177   7582.15577211
    1178   7595.04648192
    1179   7607.94813801
    1180   7620.86074340
    1181   7633.78429507
    1182   7646.71879603
    1183   7659.66424328
    1184   7672.62063983
    1185   7685.58798266
    1186   7698.56627480
    1187   7711.55551320
    1188   7724.55570093
    1189   7737.56683491
    1190   7750.58891824
    1191   7763.62194781
    1192   7776.66592673
    1193   7789.72085189
    1194   7802.78672640
    1195   7815.86354715
    1196   7828.95131727
    1197   7842.05003361
    1198   7855.15969933
    1199   7868.28031127
    1200   7881.41187260
    1201   7894.55438013
    1202   7907.70783707
    1203   7920.87224020
    1204   7934.04759275
    1205   7947.23389148
    1206   7960.43113965
    1207   7973.63933398
    1208   7986.85847776
    1209   8000.08856771
    1210   8013.32960711
    1211   8026.58159267
    1212   8039.84452769
    1213   8053.11840886
    1214   8066.40323950
    1215   8079.69901628
    1216   8093.00574256
    1217   8106.32341496
    1218   8119.65203686
    1219   8132.99160488
    1220   8146.34212241
    1221   8159.70358606
    1222   8173.07599923
    1223   8186.45935849
    1224   8199.85366730
    1225   8213.25892219
    1226   8226.67512664
    1227   8240.10227716
    1228   8253.54037725
    1229   8266.98942341
    1230   8280.44941914
    1231   8293.92036094
    1232   8307.40225232
    1233   8320.89508975
    1234   8334.39887678
    1235   8347.91360985
    1236   8361.43929253
    1237   8374.97592124
    1238   8388.52349958
    1239   8402.08202394
    1240   8415.65149793
    1241   8429.23191794
    1242   8442.82328760
    1243   8456.42560325
    1244   8470.03886857
    1245   8483.66307988
    1246   8497.29824086
    1247   8510.94434782
    1248   8524.60140448
    1249   8538.26940709
    1250   8551.94835942
    1251   8565.63825770
    1252   8579.33910569
    1253   8593.05089964
    1254   8606.77364331
    1255   8620.50733291
    1256   8634.25197226
    1257   8648.00755754
    1258   8661.77409257
    1259   8675.55157351
    1260   8689.34000423
    1261   8703.13938084
    1262   8716.94970724
    1263   8730.77097953
    1264   8744.60320162
    1265   8758.44636959
    1266   8772.30048737
    1267   8786.16555101
    1268   8800.04156449
    1269   8813.92852382
    1270   8827.82643299
    1271   8841.73528800
    1272   8855.65509287
    1273   8869.58584357
    1274   8883.52754414
    1275   8897.48019052
    1276   8911.44378680
    1277   8925.41832888
    1278   8939.40382086
    1279   8953.40025863
    1280   8967.40764632
    1281   8981.42597979
    1282   8995.45526319
    1283   9009.49549236
    1284   9023.54667147
    1285   9037.60879635
    1286   9051.68187117
    1287   9065.76589175
    1288   9079.86086230
    1289   9093.96677858
    1290   9108.08364485
    1291   9122.21145684
    1292   9136.35021883
    1293   9150.49992653
    1294   9164.66058425
    1295   9178.83218767
    1296   9193.01474111
    1297   9207.20824025
    1298   9221.41268942
    1299   9235.62808427
    1300   9249.85442918
    1301   9264.09171975
    1302   9278.33996040
    1303   9292.59914670
    1304   9306.86928308
    1305   9321.15036510
    1306   9335.44239722
    1307   9349.74537497
    1308   9364.05930284
    1309   9378.38417632
    1310   9392.71999993
    1311   9407.06676914
    1312   9421.42448850
    1313   9435.79315345
    1314   9450.17276856
    1315   9464.56332925
    1316   9478.96484011
    1317   9493.37729653
    1318   9507.80070315
    1319   9522.23505532
    1320   9536.68035769
    1321   9551.13660561
    1322   9565.60380374
    1323   9580.08194740
    1324   9594.57104129
    1325   9609.07108070
    1326   9623.58207036
    1327   9638.10400553
    1328   9652.63689095
    1329   9667.18072187
    1330   9681.73550306
    1331   9696.30122973
    1332   9710.87790670
    1333   9725.46552913
    1334   9740.06410187
    1335   9754.67362006
    1336   9769.29408857
    1337   9783.92550253
    1338   9798.56786682
    1339   9813.22117654
    1340   9827.88543661
    1341   9842.56064211
    1342   9857.24679796
    1343   9871.94389922
    1344   9886.65195086
    1345   9901.37094789
    1346   9916.10089532
    1347   9930.84178813
    1348   9945.59363134
    1349   9960.35641993
    1350   9975.13015893
    1351   9989.91484330
    1352  10004.71047809
    1353  10019.51705824
    1354  10034.33458883
    1355  10049.16306477
    1356  10064.00249115
    1357  10078.85286287
    1358  10093.71418506
    1359  10108.58645257
    1360  10123.46967056
    1361  10138.36383386
    1362  10153.26894765
    1363  10168.18500675
    1364  10183.11201635
    1365  10198.04997123
    1366  10212.99887664
    1367  10227.95872733
    1368  10242.92952854
    1369  10257.91127503
    1370  10272.90397206
    1371  10287.90761434
    1372  10302.92220719
    1373  10317.94774528
    1374  10332.98423394
    1375  10348.03166784
    1376  10363.09005231
    1377  10378.15938202
    1378  10393.23966231
    1379  10408.33088783
    1380  10423.43306395
    1381  10438.54618528
    1382  10453.67025722
    1383  10468.80527437
    1384  10483.95124213
    1385  10499.10815510
    1386  10514.27601869
    1387  10529.45482747
    1388  10544.64458689
    1389  10559.84529150
    1390  10575.05694675
    1391  10590.27954718
    1392  10605.51309826
    1393  10620.75759452
    1394  10636.01304143
    1395  10651.27943352
    1396  10666.55677627
    1397  10681.84506419
    1398  10697.14430277
    1399  10712.45448653
    1400  10727.77562095
    1401  10743.10770054
    1402  10758.45073080
    1403  10773.80470623
    1404  10789.16963233
    1405  10804.54550360
    1406  10819.93232555
    1407  10835.33009265
    1408  10850.73881045
    1409  10866.15847340
    1410  10881.58908703
    1411  10897.03064583
    1412  10912.48315532
    1413  10927.94660996
    1414  10943.42101530
    1415  10958.90636579
    1416  10974.40266698
    1417  10989.90991332
    1418  11005.42811036
    1419  11020.95725256
    1420  11036.49734545
    1421  11052.04838351
    1422  11067.61037225
    1423  11083.18330617
    1424  11098.76719077
    1425  11114.36202055
    1426  11129.96780100
    1427  11145.58452665
    1428  11161.21220295
    1429  11176.85082446
    1430  11192.50039663
    1431  11208.16091401
    1432  11223.83238203
    1433  11239.51479528
    1434  11255.20815916
    1435  11270.91246829
    1436  11286.62772803
    1437  11302.35393303
    1438  11318.09108863
    1439  11333.83918951
    1440  11349.59824097
    1441  11365.36823773
    1442  11381.14918505
    1443  11396.94107769
    1444  11412.74392087
    1445  11428.55770940
    1446  11444.38244844
    1447  11460.21813286
    1448  11476.06476777
    1449  11491.92234807
    1450  11507.79087884
    1451  11523.67035503
    1452  11539.56078167
    1453  11555.46215376
    1454  11571.37447625
    1455  11587.29774424
    1456  11603.23196260
    1457  11619.17712649
    1458  11635.13324071
    1459  11651.10030050
    1460  11667.07831058
    1461  11683.06726628
    1462  11699.06717222
    1463  11715.07802382
    1464  11731.09982563
    1465  11747.13257314
    1466  11763.17627081
    1467  11779.23091424
    1468  11795.29650777
    1469  11811.37304711
    1470  11827.46053649
    1471  11843.55897176
    1472  11859.66835700
    1473  11875.78868818
    1474  11891.91996929
    1475  11908.06219640
    1476  11924.21537336
    1477  11940.37949639
    1478  11956.55456921
    1479  11972.74058817
    1480  11988.93755685
    1481  12005.14547174
    1482  12021.36433627
    1483  12037.59414710
    1484  12053.83490748
    1485  12070.08661425
    1486  12086.34927048
    1487  12102.62287320
    1488  12118.90742527
    1489  12135.20292393
    1490  12151.50937185
    1491  12167.82676647
    1492  12184.15511023
    1493  12200.49440080
    1494  12216.84464039
    1495  12233.20582693
    1496  12249.57796236
    1497  12265.96104485
    1498  12282.35507612
    1499  12298.76005458
    1500  12315.17598168
    1501  12331.60285611
    1502  12348.04067904
    1503  12364.48944944
    1504  12380.94916819
    1505  12397.41983457
    1506  12413.90144915
    1507  12430.39401151
    1508  12446.89752190
    1509  12463.41198025
    1510  12479.93738646
    1511  12496.47374080
    1512  12513.02104281
    1513  12529.57929315
    1514  12546.14849097
    1515  12562.72863731
    1516  12579.31973093
    1517  12595.92177328
    1518  12612.53476268
    1519  12629.15870105
    1520  12645.79358624
    1521  12662.43942063
    1522  12679.09620160
    1523  12695.76393201
    1524  12712.44260876
    1525  12729.13223520
    1526  12745.83280772
    1527  12762.54433020
    1528  12779.26679848
    1529  12796.00021700
    1530  12812.74458103
    1531  12829.49989561
    1532  12846.26615539
    1533  12863.04336602
    1534  12879.83152154
    1535  12896.63062824
    1536  12913.44067949
    1537  12930.26168226
    1538  12947.09362923
    1539  12963.93652808
    1540  12980.79037077
    1541  12997.65516571
    1542  13014.53090409
    1543  13031.41759513
    1544  13048.31522921
    1545  13065.22381636
    1546  13082.14334611
    1547  13099.07382938
    1548  13116.01525481
    1549  13132.96763421
    1550  13149.93095528
    1551  13166.90523082
    1552  13183.89044755
    1553  13200.88661923
    1554  13217.89373159
    1555  13234.91179943
    1556  13251.94080741
    1557  13268.98077142
    1558  13286.03167500
    1559  13303.09353520
    1560  13320.16633437
    1561  13337.25009077
    1562  13354.34478551
    1563  13371.45043812
    1564  13388.56702842
    1565  13405.69457725
    1566  13422.83306308
    1567  13439.98250816
    1568  13457.14288951
    1569  13474.31423084
    1570  13491.49650769
    1571  13508.68974530
    1572  13525.89391764
    1573  13543.10905152
    1574  13560.33511932
    1575  13577.57214952
    1576  13594.82011276
    1577  13612.07903927
    1578  13629.34889793
    1579  13646.62972079
    1580  13663.92147485
    1581  13681.22419406
    1582  13698.53784348
    1583  13715.86245909
    1584  13733.19800386
    1585  13750.54451587
    1586  13767.90195594
    1587  13785.27036438
    1588  13802.64969975
    1589  13820.04000464
    1590  13837.44123526
    1591  13854.85343664
    1592  13872.27656249
    1593  13889.71066037
    1594  13907.15568141
    1595  13924.61167582
    1596  13942.07859203
    1597  13959.55648300
    1598  13977.04529432
    1599  13994.54508189
    1600  14012.05578832
    1601  14029.57747250
    1602  14047.11007396
    1603  14064.65365481
    1604  14082.20815129
    1605  14099.77362882
    1606  14117.35002026
    1607  14134.93739453
    1608  14152.53568090
    1609  14170.14495193
    1610  14187.76513317
    1611  14205.39630101
    1612  14223.03837709
    1613  14240.69144176
    1614  14258.35541261
    1615  14276.03037419
    1616  14293.71623978
    1617  14311.41309828
    1618  14329.12085853
    1619  14346.83961403
    1620  14364.56926890
    1621  14382.30992142
    1622  14400.06147084
    1623  14417.82402046
    1624  14435.59746439
    1625  14453.38191114
    1626  14471.17724947
    1627  14488.98359344
    1628  14506.80082615
    1629  14524.62906736
    1630  14542.46819434
    1631  14560.31833289
    1632  14578.17935411
    1633  14596.05139002
    1634  14613.93430536
    1635  14631.82823875
    1636  14649.73304816
    1637  14667.64887907
    1638  14685.57558243
    1639  14703.51331096
    1640  14721.46190822
    1641  14739.42153442
    1642  14757.39202545
    1643  14775.37354944
    1644  14793.36593418
    1645  14811.36935600
    1646  14829.38363431
    1647  14847.40895411
    1648  14865.44512593
    1649  14883.49234374
    1650  14901.55040891
    1651  14919.61952490
    1652  14937.69948335
    1653  14955.79049756
    1654  14973.89234913
    1655  14992.00526172
    1656  15010.12900633
    1657  15028.26381737
    1658  15046.40945483
    1659  15064.56616449
    1660  15082.73369472
    1661  15100.91230307
    1662  15119.10172588
    1663  15137.30223311
    1664  15155.51354840
    1665  15173.73595459
    1666  15191.96916214
    1667  15210.21346750
    1668  15228.46856721
    1669  15246.73477183
    1670  15265.01176346
    1671  15283.29986755
    1672  15301.59875100
    1673  15319.90875467
    1674  15338.22952967
    1675  15356.56143317
    1676  15374.90409960
    1677  15393.25790303
    1678  15411.62246062
    1679  15429.99816425
    1680  15448.38461285
    1681  15466.78221680
    1682  15485.19055611
    1683  15503.61006067
    1684  15522.04029055
    1685  15540.48169586
    1686  15558.93381597
    1687  15577.39712234
    1688  15595.87113251
    1689  15614.35634010
    1690  15632.85223998
    1691  15651.35934913
    1692  15669.87713852
    1693  15688.40614940
    1694  15706.94582793
    1695  15725.49674091
    1696  15744.05830837
    1697  15762.63112364
    1698  15781.21457961
    1699  15799.80929758
    1700  15818.41464182
    1701  15837.03126270
    1702  15855.65849476
    1703  15874.29701900
    1704  15892.94613863
    1705  15911.60656645
    1706  15930.27757315
    1707  15948.95990504
    1708  15967.65279853
    1709  15986.35703475
    1710  16005.07181449
    1711  16023.79795557
    1712  16042.53462125
    1713  16061.28266748
    1714  16080.04121851
    1715  16098.81117046
    1716  16117.59160650
    1717  16136.38346449
    1718  16155.18578490
    1719  16173.99954955
    1720  16192.82375396
    1721  16211.65942564
    1722  16230.50551334
    1723  16249.36309273
    1724  16268.23106331
    1725  16287.11055079
    1726  16306.00040350
    1727  16324.90179983
    1728  16343.81353420
    1729  16362.73683980
    1730  16381.67045502
    1731  16400.61567071
    1732  16419.57116626
    1733  16438.53829253
    1734  16457.51566750
    1735  16476.50470524
    1736  16495.50395909
    1737  16514.51490882
    1738  16533.53604056
    1739  16552.56890326
    1740  16571.61191228
    1741  16590.66668853
    1742  16609.73157375
    1743  16628.80826462
    1744  16647.89502537
    1745  16666.99363151
    1746  16686.10226662
    1747  16705.22278918
    1748  16724.35329791
    1749  16743.49573762
    1750  16762.64811867
    1751  16781.81247680
    1752  16800.98672937
    1753  16820.17300670
    1754  16839.36912939
    1755  16858.57732732
    1756  16877.79531924
    1757  16897.02543863
    1758  16916.26529823
    1759  16935.51734062
    1760  16954.77906692
    1761  16974.05303326
    1762  16993.33662459
    1763  17012.63251655
    1764  17031.93797183
    1765  17051.25579046
    1766  17070.58310785
    1767  17089.92285499
    1768  17109.27203329
    1769  17128.63371011
    1770  17148.00474732
    1771  17167.38835581
    1772  17186.78125063
    1773  17206.18679207
    1774  17225.60154230
    1775  17245.02901890
    1776  17264.46562309
    1777  17283.91503626
    1778  17303.37349202
    1779  17322.84484415
    1780  17342.32514989
    1781  17361.81844256
    1782  17381.32059565
    1783  17400.83583148
    1784  17420.35983017
    1785  17439.89701089
    1786  17459.44285231
    1787  17479.00198080
    1788  17498.56966302
    1789  17518.15074119
    1790  17537.74026107
    1791  17557.34329207
    1792  17576.95464747
    1793  17596.57963341
    1794  17616.21282091
    1795  17635.85976524
    1796  17655.51478248
    1797  17675.18368753
    1798  17694.86053074
    1799  17714.55140030
    1800  17734.25006691
    1801  17753.96290353
    1802  17773.68338941
    1803  17793.41819726
    1804  17813.16049956
    1805  17832.91728146
    1806  17852.68139566
    1807  17872.46015617
    1808  17892.24607913
    1809  17912.04682137
    1810  17931.85454814
    1811  17951.67727711
    1812  17971.50680423
    1813  17991.35152337
    1814  18011.20284541
    1815  18031.06956020
    1816  18050.94267335
    1817  18070.83138760
    1818  18090.72628589
    1819  18110.63700562
    1820  18130.55368486
    1821  18150.48641427
    1822  18170.42486791
    1823  18190.37961360
    1824  18210.33983701
    1825  18230.31660362
    1826  18250.29858963
    1827  18270.29738442
    1828  18290.30112791
    1829  18310.32195599
    1830  18330.34744909
    1831  18350.39031843
    1832  18370.43755551
    1833  18390.50247177
    1834  18410.57144416
    1835  18430.65841609
    1836  18450.74911759
    1837  18470.85815143
    1838  18490.97057253
    1839  18511.10167791
    1840  18531.23581176
    1841  18551.38899556
    1842  18571.54483170
    1843  18591.72010452
    1844  18611.89763540
    1845  18632.09500484
    1846  18652.29421896
    1847  18672.51369667
    1848  18692.73458570
    1849  18712.97618008
    1850  18733.21873136
    1851  18753.48245523
    1852  18773.74665957
    1853  18794.03252221
    1854  18814.31836570
    1855  18834.62638122
    1856  18854.93385369
    1857  18875.26403234
    1858  18895.59311849
    1859  18915.94547582
    1860  18936.29616442
    1861  18956.67071174
    1862  18977.04298594
    1863  18997.43974039
    1864  19017.83358780
    1865  19038.25256188
    1866  19058.66796391
    1867  19079.10917651
    1868  19099.54611949
    1869  19120.00958444
    1870  19140.46804789
    1871  19160.95378599
    1872  19181.43375480
    1873  19201.94178135
    1874  19222.44323294
    1875  19242.97357090
    1876  19263.49648857
    1877  19284.04915484
    1878  19304.59351367
    1879  19325.16853360
    1880  19345.73431515
    1881  19366.33170741
    1882  19386.91888419
    1883  19407.53867678
    1884  19428.14722838
    1885  19448.78944196
    1886  19469.41933802
    1887  19490.08400352
    1888  19510.73522150
    1889  19531.42236174
    1890  19552.09486810
    1891  19572.80451728
    1892  19593.49828709
    1893  19614.23047047
    1894  19634.94546665
    1895  19655.70022202
    1896  19676.43641702
    1897  19697.21377233
    1898  19717.97112513
    1899  19738.77112221
    1900  19759.54960233
    1901  19780.37227210
    1902  19801.17183417
    1903  19822.01722289
    1904  19842.83783321
    1905  19863.70597512
    1906  19884.54758346
    1907  19905.43852978
    1908  19926.30109885
    1909  19947.21488746
    1910  19968.09836164
    1911  19989.03504930
    1912  20009.93938734
    1913  20030.89901595
    1914  20051.82415623
    1915  20072.80678869
    1916  20093.75268558
    1917  20114.75836826
    1918  20135.72495347
    1919  20156.75375609
    1920  20177.74097915
    1921  20198.79295302
    1922  20219.80073820
    1923  20240.87596064
    1924  20261.90425215
    1925  20283.00277990
    1926  20304.05149373
    1927  20325.17341257
    1928  20346.24248706
    1929  20367.38785971
    1930  20388.47720167
    1931  20409.64612331
    1932  20430.75566460
    1933  20451.94820455
    1934  20473.07784178
    1935  20494.29410563
    1936  20515.44376357
    1937  20536.68382787
    1938  20557.85339178
    1939  20579.11737370
    1940  20600.30676064
    1941  20621.59474459
    1942  20642.80382724
    1943  20664.11594323
    1944  20685.34463024
    1945  20706.68097120
    1946  20727.92912135
    1947  20749.28983151
    1948  20770.55734436
    1949  20791.94252585
    1950  20813.22924482
    1951  20834.63905751
    1952  20855.94487247
    1953  20877.37942833
    1954  20898.70416576
    1955  20920.16364187
    1956  20941.50718137
    1957  20962.99170007
    1958  20984.35384959
    1959  21005.86360680
    1960  21027.24423524
    1961  21048.77936405
    1962  21070.17825913
    1963  21091.73897596
    1964  21113.15599566
    1965  21134.74244452
    1966  21156.17735466
    1967  21177.78977410
    1968  21199.24242188
    1969  21220.88096661
    1970  21242.35109429
    1971  21264.01602659
    1972  21285.50347120
    1973  21307.19495570
    1974  21328.69943445
    1975  21350.41775858
    1976  21371.93909964
    1977  21393.68443647
    1978  21415.22233071
    1979  21436.99499396
    1980  21458.54926294
    1981  21480.34943162
    1982  21501.91973889
    1983  21523.74775381
    1984  21545.33391784
    1985  21567.18996016
    1986  21588.79161654
    1987  21610.67605458
    1988  21632.29302374
    1989  21654.20603537
    1990  21675.83792462
    1991  21697.77990581
    1992  21719.42654449
    1993  21741.39766248
    1994  21763.05862924
    1995  21785.05930790
    1996  21806.73445000
    1997  21828.76483656
    1998  21850.45370281
    1999  21872.51425034
    2000  21894.21671681
    2001  21916.30754145
    2002  21938.02312337
    2003  21960.14471173
    2004  21981.87332609
    2005  22004.02575140
    2006  22025.76687020
    2007  22047.95066378
    2008  22069.70425648
    2009  22091.91943823
    2010  22113.68491200
    2011  22135.93208289
    2012  22157.70946731
    2013  22179.98858893
    2014  22201.77718210
    2015  22224.08897557
    2016  22245.88886543
    2017  22268.23324103
    2018  22290.04353155
    2019  22312.42142699
    2020  22334.24224540
    2021  22356.65354786
    2022  22378.48364638
    2023  22400.92968782
    2024  22422.76918706
    2025  22445.24989268
    2026  22467.09690536
    2027  22489.61432498
    2028  22511.46888506
    2029  22534.02308686
    2030  22555.88213293
    2031  22578.47648810
    2032  22600.33986226
    2033  22622.97472970
    2034  22644.83713605
    2035  22667.51842056
    2036  22689.37946733
    2037  22712.10794043
    2038  22733.95768072
    2039  22756.74460938
    2040  22778.58301249
    2041  22801.42911471
    2042  22823.23449730
    2043  22846.16490967
    2044  22867.94464978
    2045  22890.95127115
    2046  22912.63941564
    2047  22935.78874188
    2048  22957.76130070
 ---------------------------------------
 
SCF converged! Final Ground-State Energy (Eh):             -39.0640212724365483
