 
     Two-Electron DVR    
 ------------------------
 x0     =      15.00000000
 m      =       1.00000000
 Z      =       3.00000000
 n      =              512
 dx     =       0.05870841
 
Soft-Coulomb Parameters:
 alpha  =       0.01000000
 beta   =       0.10000000
 
 
                       Hartree-Fock                      
 --------------------------------------------------------
 no. of orbitals        =              512
 no. of electrons       =                2
 scf_damping_switch     =        F
 scf_diis_switch        =        F
 damping_factor         =   0.00000000
 e_tolerance            = 0.0000000000100000
 maximum scf-iterations =              200
 
 
                       SCF iterations                      
 ----------------------------------------------------------
    S.No    Energy (hartree)        dE (hartree)
 ----------------------------------------------------------
       0    -31.412022573381
       1    -28.785169625267      2.626852948114
       2    -28.792695063433      0.007525438166
       3    -28.792746723073      0.000051659640
       4    -28.792747086604      0.000000363531
       5    -28.792747089195      0.000000002591
       6    -28.792747089214      0.000000000019
       7    -28.792747089214      0.000000000000
 ----------------------------------------------------------
  
 
 
 ---------------------------------------
     Molecular Orbital Energies (Eh)    
 ---------------------------------------
       1    -13.09067387
       2     -0.78455301
       3     -0.31845245
       4     -0.15106860
       5     -0.09603612
       6     -0.04465606
       7      0.00035808
       8      0.07414524
       9      0.14162240
      10      0.24484186
      11      0.33307917
      12      0.46431523
      13      0.57222305
      14      0.73076123
      15      0.85787842
      16      1.04318044
      17      1.18940567
      18      1.40096710
      19      1.56640541
      20      1.80373070
      21      1.98860024
      22      2.25120586
      23      2.45578149
      24      2.74320338
      25      2.96778276
      26      3.27958227
      27      3.52446569
      28      3.86023329
      29      4.12571184
      30      4.48506897
      31      4.77141778
      32      5.15401733
      33      5.46149203
      34      5.86701791
      35      6.19585296
      36      6.62401907
      37      6.97442737
      38      7.42497623
      39      7.79714938
      40      8.26985051
      41      8.66395966
      42      9.15860782
      43      9.57480469
      44     10.09121815
      45     10.52963622
      46     11.06765496
      47     11.52841075
      48     12.08789474
      49     12.57108912
      50     13.15191658
      51     13.65763604
      52     14.25970191
      53     14.78801980
      54     15.41123417
      55     15.96221187
      56     16.60649855
      57     17.18018665
      58     17.84548182
      59     18.44192115
      60     19.12817213
      61     19.74739473
      62     20.45455880
      63     21.09658891
      64     21.82463227
      65     22.48948712
      66     23.23838387
      67     23.92607451
      68     24.69580580
      69     25.40633780
      70     26.19689096
      71     26.93026509
      72     27.74163294
      73     28.49784574
      74     29.33002585
      75     30.10907023
      76     30.96206437
      77     31.76393004
      78     32.63774359
      79     33.46241756
      80     34.35705904
      81     35.20452598
      82     36.12000658
      83     36.99024923
      84     37.92658244
      85     38.81958186
      86     39.77678308
      87     40.69251903
      88     41.67060528
      89     42.60905639
      90     43.60804600
      91     44.56919009
      92     45.58910248
      93     46.57291665
      94     47.61377208
      95     48.62023300
      96     49.68205240
      97     50.71113638
      98     51.79394115
      99     52.84562435
     100     53.94943623
     101     55.02369471
     102     56.14853562
     103     57.24534551
     104     58.39123750
     105     59.51057503
     106     60.67754007
     107     61.81938171
     108     63.00744172
     109     64.17176419
     110     65.38094086
     111     66.56772125
     112     67.79803606
     113     69.00725180
     114     70.25872591
     115     71.49035488
     116     72.76300914
     117     74.01702965
     118     75.31088447
     119     76.58727535
     120     77.90235078
     121     79.20109132
     122     80.53740691
     123     81.85847698
     124     83.21605189
     125     84.55943181
     126     85.93828464
     127     87.30395537
     128     88.70410430
     129     90.09204726
     130     91.51350990
     131     92.92370714
     132     94.36650068
     133     95.79893471
     134     97.26307574
     135     98.71772971
     136    100.20323440
     137    101.68009193
     138    103.18697586
     139    104.68602117
     140    106.21429951
     141    107.73551729
     142    109.28520460
     143    110.82858014
     144    112.39969060
     145    113.96520963
     146    115.55775683
     147    117.14540565
     148    118.75940281
     149    120.36916815
     150    122.00462790
     151    123.63649706
     152    125.29343171
     153    126.94739236
     154    128.62581363
     155    130.30185401
     156    132.00177331
     157    133.69988201
     158    135.42131020
     159    137.14147635
     160    138.88442400
     161    140.62663705
     162    142.39111418
     163    144.15536411
     164    145.94138049
     165    147.72765757
     166    149.53522244
     167    151.34351745
     168    153.17263983
     169    155.00294379
     170    156.85363217
     171    158.70593663
     172    160.57819932
     173    162.45249602
     174    164.34634082
     175    166.24262202
     176    168.15805655
     177    170.07631467
     178    172.01334606
     179    173.95357404
     180    175.91220930
     181    177.87440019
     182    179.85464583
     183    181.83879319
     184    183.84065561
     185    185.84675309
     186    187.87023823
     187    189.89827998
     188    191.94339368
     189    193.99337393
     190    196.06012155
     191    198.13203500
     192    200.22042190
     193    202.31426328
     194    204.42429428
     195    206.54005885
     196    208.67173881
     197    210.80942178
     198    212.96275503
     199    215.12235215
     200    217.29734310
     201    219.47885005
     202    221.67550257
     203    223.87891557
     204    226.09723361
     205    228.32254877
     206    230.56253577
     207    232.80974976
     208    235.07140927
     209    237.34051862
     210    239.62385364
     211    241.91485544
     212    244.21986915
     213    246.53276031
     214    248.85945530
     215    251.19423331
     216    253.54261239
     217    255.89927455
     218    258.26933993
     219    260.64788412
     220    263.03963824
     221    265.44006210
     222    267.85350682
     223    270.27580860
     224    272.71094603
     225    275.15512372
     226    277.61195533
     227    280.07800755
     228    282.55653515
     229    285.04446020
     230    287.54468489
     231    290.05448176
     232    292.57640504
     233    295.10807234
     234    297.65169498
     235    300.20523205
     236    302.77055524
     237    305.34596098
     238    307.93298514
     239    310.53025926
     240    313.13898529
     241    315.75812699
     242    318.38855495
     243    321.02956428
     244    323.68169479
     245    326.34457124
     246    329.01840402
     247    331.70314800
     248    334.39868337
     249    337.10529467
     250    339.82253200
     251    342.55101137
     252    345.28995069
     253    348.04029822
     254    350.80093855
     255    353.57315536
     256    356.35549642
     257    359.14958290
     258    361.95362334
     259    364.76958099
     260    367.59532025
     261    370.43314974
     262    373.28058608
     263    376.14028931
     264    379.00942185
     265    381.89099982
     266    384.78182644
     267    387.68528143
     268    390.59780093
     269    393.52313427
     270    396.45734410
     271    399.40455851
     272    402.36045714
     273    405.32955427
     274    408.30713872
     275    411.29812175
     276    414.29739014
     277    417.31026108
     278    420.33120994
     279    423.36597244
     280    426.40859954
     281    429.46525599
     282    432.52955736
     283    435.60811192
     284    438.69408494
     285    441.79454038
     286    444.90218054
     287    448.02454160
     288    451.15384586
     289    454.29811572
     290    457.44907900
     291    460.61526298
     292    463.78788179
     293    466.97598355
     294    470.17025217
     295    473.38027766
     296    476.59619213
     297    479.82814550
     298    483.06569942
     299    486.31958732
     300    489.57877621
     301    492.85460331
     302    496.13542003
     303    499.43319375
     304    502.73563326
     305    506.05535883
     306    509.37941318
     307    512.72109886
     308    516.06676241
     309    519.43041404
     310    522.79767794
     311    526.18330469
     312    529.57216264
     313    532.97977104
     314    536.39021322
     315    539.81981342
     316    543.25183281
     317    546.70343209
     318    550.15701780
     319    553.63062740
     320    557.10577161
     321    560.60139961
     322    564.09809028
     323    567.61574913
     324    571.13397756
     325    574.67367622
     326    578.21342907
     327    581.77518131
     328    585.33644893
     329    588.92026471
     330    592.50303234
     331    596.10892687
     332    599.71318380
     333    603.34116811
     334    606.96689803
     335    610.61698894
     336    614.26417997
     337    617.93638970
     338    621.60502379
     339    625.29937094
     340    628.98943493
     341    632.70593302
     342    636.41740695
     343    640.15607655
     344    643.88894584
     345    647.64980192
     346    651.40404449
     347    655.18710979
     348    658.96270950
     349    662.76800058
     350    666.56493299
     351    670.39247501
     352    674.21072226
     353    678.06053356
     354    681.90006857
     355    685.77217699
     356    689.63298000
     357    693.52740583
     358    697.40944684
     359    701.32622092
     360    705.22947806
     361    709.16862283
     362    713.09306287
     363    717.05461249
     364    721.00021119
     365    724.98419052
     366    728.95091104
     367    732.95735795
     368    736.94517344
     369    740.97411545
     370    744.98298502
     371    749.03446415
     372    753.06435808
     373    757.13840481
     374    761.18927769
     375    765.28593866
     376    769.35775754
     377    773.47706653
     378    777.56978095
     379    781.71178980
     380    785.82536323
     381    789.99010938
     382    794.12448570
     383    798.31202680
     384    802.46716548
     385    806.67754305
     386    810.85338162
     387    815.08665986
     388    819.28315333
     389    823.53937832
     390    827.75645705
     391    832.03570033
     392    836.27331440
     393    840.57562712
     394    844.83369882
     395    849.15916083
     396    853.43763468
     397    857.78630280
     398    862.08509199
     399    866.45705544
     400    870.77609829
     401    875.17142024
     402    879.51061966
     403    883.92939990
     404    888.28868726
     405    892.73099609
     406    897.11026262
     407    901.57621186
     408    905.97538118
     409    910.46504907
     410    914.88399913
     411    919.39751116
     412    923.83615686
     413    928.37360021
     414    932.83180441
     415    937.39332014
     416    941.87098798
     417    946.45667327
     418    950.95365034
     419    955.56366404
     420    960.07984453
     421    964.71429509
     422    969.24950485
     423    973.90857147
     424    978.46269238
     425    983.14649614
     426    987.71933139
     427    992.42807488
     428    997.01949256
     429   1001.75331104
     430   1006.36308827
     431   1011.12221123
     432   1015.75020065
     433   1020.53477925
     434   1025.18072792
     435   1029.99102268
     436   1034.65476598
     437   1039.49094582
     438   1044.17219605
     439   1049.03455739
     440   1053.73313075
     441   1058.62186225
     442   1063.33743081
     443   1068.25287043
     444   1072.98522924
     445   1077.92758741
     446   1082.67636189
     447   1087.64602476
     448   1092.41098692
     449   1097.40818859
     450   1102.18890973
     451   1107.21409221
     452   1112.01031981
     453   1117.06374240
     454   1121.87498499
     455   1126.95715442
     456   1131.78313419
     457   1136.89433562
     458   1141.73448849
     459   1146.87530346
     460   1151.72932707
     461   1156.90006562
     462   1161.76731209
     463   1166.96864192
     464   1171.84878776
     465   1177.08104002
     466   1181.97334103
     467   1187.23728215
     468   1192.14140151
     469   1197.43737523
     470   1202.35245847
     471   1207.68134394
     472   1212.60705568
     473   1217.96919331
     474   1222.90455295
     475   1228.30095045
     476   1233.24564967
     477   1238.67661690
     478   1243.62952926
     479   1249.09622236
     480   1254.05710839
     481   1259.55976286
     482   1264.52732189
     483   1270.06727179
     484   1275.04139850
     485   1280.61873762
     486   1285.59790742
     487   1291.21420127
     488   1296.19854293
     489   1301.85364273
     490   1306.84130671
     491   1312.53712138
     492   1317.52862477
     493   1323.26461158
     494   1328.25755596
     495   1334.03621978
     496   1339.03176711
     497   1344.85192783
     498   1349.84660120
     499   1355.71196565
     500   1360.70808539
     501   1366.61636308
     502   1371.60799182
     503   1377.56570656
     504   1382.55775464
     505   1388.56019851
     506   1393.53982325
     507   1399.60174320
     508   1404.58333656
     509   1410.69092598
     510   1415.63101225
     511   1421.83738120
     512   1426.92248810
 ---------------------------------------
 
SCF converged! Final Ground-State Energy (Eh):             -28.7927470892136128
