 
     Two-Electron DVR    
 ------------------------
 x0     =      15.00000000
 m      =       1.00000000
 Z      =       6.00000000
 n      =              128
 dx     =       0.23622047
 
Soft-Coulomb Parameters:
 alpha  =       0.01000000
 beta   =       0.10000000
 
 
                       Hartree-Fock                      
 --------------------------------------------------------
 no. of orbitals        =              128
 no. of electrons       =                2
 scf_damping_switch     =        F
 scf_diis_switch        =        F
 damping_factor         =   0.00000000
 e_tolerance            = 0.0000000000100000
 maximum scf-iterations =              200
 
 
                       SCF iterations                      
 ----------------------------------------------------------
    S.No    Energy (hartree)        dE (hartree)
 ----------------------------------------------------------
       0    -63.240141035434
       1    -60.539707562570      2.700433472864
       2    -60.542308350651      0.002600788082
       3    -60.542316675143      0.000008324492
       4    -60.542316702305      0.000000027162
       5    -60.542316702394      0.000000000089
       6    -60.542316702395      0.000000000000
 ----------------------------------------------------------
  
 
 
 ---------------------------------------
     Molecular Orbital Energies (Eh)    
 ---------------------------------------
       1    -28.92357741
       2     -9.24266658
       3     -3.26925822
       4     -2.11563416
       5     -1.21096743
       6     -0.92147427
       7     -0.62700257
       8     -0.51347504
       9     -0.38171805
      10     -0.32226687
      11     -0.22895448
      12     -0.16669575
      13     -0.04462321
      14      0.03918041
      15      0.19672540
      16      0.30064278
      17      0.49091182
      18      0.61356220
      19      0.83499501
      20      0.97556455
      21      1.22723939
      22      1.38514572
      23      1.66652163
      24      1.84135611
      25      2.15206120
      26      2.34344483
      27      2.68329088
      28      2.89093965
      29      3.25978095
      30      3.48337043
      31      3.88119974
      32      4.12048661
      33      4.54728197
      34      4.80194329
      35      5.25781577
      36      5.52761785
      37      6.01262451
      38      6.29722421
      39      6.81156461
      40      7.11072731
      41      7.65451195
      42      7.96786565
      43      8.54136543
      44      8.86867307
      45      9.47203436
      46      9.81289192
      47     10.44644606
      48     10.80061672
      49     11.46453252
      50     11.83157896
      51     12.52624143
      52     12.90593159
      53     13.63152104
      54     14.02338323
      55     14.78033462
      56     15.18414703
      57     15.97264260
      58     16.38789754
      59     17.20842096
      60     17.63491317
      61     18.48763972
      62     18.92482288
      63     19.81028580
      64     20.25797852
      65     21.17633703
      66     21.63395066
      67     22.58579042
      68     23.05317622
      69     24.03863037
      70     24.51515222
      71     25.53486373
      72     26.02041640
      73     27.07448067
      74     27.56837366
      75     28.65749825
      76     29.15968359
      77     30.28391188
      78     30.79363525
      79     31.95374995
      80     32.47103831
      81     33.66701293
      82     34.19103493
      83     35.42374256
      84     35.95462311
      85     37.22394452
      86     37.76075632
      87     39.06767739
      88     39.61067383
      89     40.95495283
      90     41.50308259
      91     42.88585195
      92     43.43953842
      93     44.86039406
      94     45.41841928
      95     46.87869247
      96     47.44170824
      97     48.94077744
      98     49.50733249
      99     51.04681127
     100     51.61787215
     101     53.19684170
     102     53.77061612
     103     55.39111047
     104     55.96901596
     105     57.62969598
     106     58.20941768
     107     59.91297894
     108     60.49661831
     109     62.24109644
     110     62.82549121
     111     64.61469612
     112     65.20307326
     113     67.03404032
     114     67.62175499
     115     69.50036046
     116     70.09272393
     117     72.01423104
     118     72.60369160
     119     74.57844258
     120     75.17494319
     121     77.19457652
     122     77.78365422
     123     79.87138273
     124     80.47735010
     125     82.61586095
     126     83.19976308
     127     85.49477788
     128     86.20995523
 ---------------------------------------
 
SCF converged! Final Ground-State Energy (Eh):             -60.5423167023946291
