 
     Two-Electron DVR    
 ------------------------
 x0     =      15.00000000
 m      =       1.00000000
 Z      =       3.00000000
 n      =             2048
 dx     =       0.01465559
 
Soft-Coulomb Parameters:
 alpha  =       0.01000000
 beta   =       1.00000000
 
 
                       Hartree-Fock                      
 --------------------------------------------------------
 no. of orbitals        =             2048
 no. of electrons       =                2
 scf_damping_switch     =        F
 scf_diis_switch        =        F
 damping_factor         =   0.00000000
 e_tolerance            = 0.0000000000100000
 maximum scf-iterations =              200
 
 
                       SCF iterations                      
 ----------------------------------------------------------
    S.No    Energy (hartree)        dE (hartree)
 ----------------------------------------------------------
       0    -31.412748628168
       1    -30.443820635875      0.968927992293
       2    -30.443886421186      0.000065785310
       3    -30.443886588818      0.000000167632
       4    -30.443886589261      0.000000000443
       5    -30.443886589261      0.000000000001
 ----------------------------------------------------------
  
 
 
 ---------------------------------------
     Molecular Orbital Energies (Eh)    
 ---------------------------------------
       1    -14.73754547
       2     -2.01083210
       3     -0.62292842
       4     -0.22697164
       5     -0.13291734
       6     -0.07251491
       7     -0.03104707
       8      0.03443327
       9      0.09833132
      10      0.19385489
      11      0.28101082
      12      0.40434526
      13      0.51361103
      14      0.66361064
      15      0.79430946
      16      0.97038519
      17      1.12206498
      18      1.32384601
      19      1.49622219
      20      1.72341028
      21      1.91633549
      22      2.16864669
      23      2.38208199
      24      2.65922757
      25      2.89321508
      26      3.19489936
      27      3.44953844
      28      3.77546286
      29      4.05089066
      30      4.40075948
      31      4.69713569
      32      5.07066132
      33      5.38815681
      34      5.78506410
      35      6.12385244
      36      6.54388182
      37      6.90413338
      38      7.34704284
      39      7.72892067
      40      8.19448693
      41      8.59814408
      42      9.08616298
      43      9.51174091
      44     10.02202729
      45     10.46965501
      46     11.00204222
      47     11.47183601
      48     12.02617507
      49     12.51823862
      50     13.09439732
      51     13.60882214
      52     14.20668389
      53     14.74354987
      54     15.36301262
      55     15.92238878
      56     16.56336383
      57     17.14530906
      58     17.80771995
      59     18.41228382
      60     19.09606523
      61     19.72328880
      62     20.42838548
      63     21.07830207
      64     21.80466789
      65     22.47730381
      66     23.22490083
      67     23.92027613
      68     24.68907371
      69     25.40720280
      70     26.19717685
      71     26.93806918
      72     27.74920142
      73     28.51286199
      74     29.34513927
      75     30.13156919
      76     30.98498293
      77     31.79417988
      78     32.66872548
      79     33.50068418
      80     34.39636055
      81     35.25107311
      82     36.16788221
      83     37.04533853
      84     37.98328497
      85     38.88347303
      86     39.84256373
      87     40.76546990
      88     41.74571373
      89     42.69132300
      90     43.69273052
      91     44.66102679
      92     45.68360998
      93     46.67457619
      94     47.71834822
      95     48.73196660
      96     49.79694162
      97     50.83319380
      98     51.91938677
      99     52.97825397
     100     54.08568049
     101     55.16714361
     102     56.29581977
     103     57.39985953
     104     58.54980180
     105     59.67639882
     106     60.84762392
     107     61.99675881
     108     63.18928364
     109     64.36093709
     110     65.57477861
     111     66.76893141
     112     68.00410660
     113     69.22073976
     114     70.47726552
     115     71.71636026
     116     72.99425339
     117     74.25579122
     118     75.55506835
     119     76.83903107
     120     78.15970861
     121     79.46607839
     122     80.80817252
     123     82.13693186
     124     83.50045848
     125     84.85159028
     126     86.23656499
     127     87.61005255
     128     89.01649064
     129     90.41231765
     130     91.84023408
     131     93.25838466
     132     94.70779403
     133     96.14825271
     134     97.61916927
     135     99.08192103
     136    100.57435866
     137    102.05938888
     138    103.57336110
     139    105.08065562
     140    106.61617555
     141    108.14572061
     142    109.70280103
     143    111.25458331
     144    112.83323659
     145    114.40724319
     146    116.00748136
     147    117.60369977
     148    119.22553446
     149    120.84395261
     150    122.48739511
     151    124.12800131
     152    125.79306253
     153    127.45584548
     154    129.14253598
     155    130.82748478
     156    132.53581477
     157    134.24291890
     158    135.97289824
     159    137.70214753
     160    139.45378575
     161    141.20517039
     162    142.97847670
     163    144.75198724
     164    146.54697051
     165    148.34259784
     166    150.15926663
     167    151.97700198
     168    153.81536455
     169    155.65519944
     170    157.51526375
     171    159.37719004
     172    161.25896377
     173    163.14297361
     174    165.04646414
     175    166.95254999
     176    168.87776443
     177    170.80591902
     178    172.75286424
     179    174.70308057
     180    176.67176315
     181    178.64403450
     182    180.63446080
     183    182.62878070
     184    184.64095681
     185    186.65731904
     186    188.69125085
     187    190.72964943
     188    192.78534258
     189    194.84577176
     190    196.92323169
     191    199.00568595
     192    201.10491787
     193    203.20939190
     194    205.33040083
     195    207.45688954
     196    209.59968030
     197    211.74817879
     198    213.91275601
     199    216.08325957
     200    218.26962772
     201    220.46213183
     202    222.67029516
     203    224.88479549
     204    227.11475813
     205    229.35125050
     206    231.60301638
     207    233.86149680
     208    236.13506971
     209    238.41553435
     210    240.71091792
     211    243.01336308
     212    245.33056080
     213    247.65498296
     214    249.99399817
     215    252.34039394
     216    254.70122986
     217    257.06959597
     218    259.45225569
     219    261.84258902
     220    264.24707549
     221    266.65937305
     222    269.08568911
     223    271.51994802
     224    273.96809640
     225    276.42431390
     226    278.89429721
     227    281.37247065
     228    283.86429140
     229    286.36441825
     230    288.87807884
     231    291.40015667
     232    293.93565939
     233    296.47968587
     234    299.03703295
     235    301.60300583
     236    304.18219938
     237    306.77011652
     238    309.37115858
     239    311.98101793
     240    314.60391043
     241    317.23571001
     242    319.88045484
     243    322.53419276
     244    325.20079170
     245    327.87646615
     246    330.56492092
     247    333.26253016
     248    335.97284241
     249    338.69238477
     250    341.42455606
     251    344.16602995
     252    346.92006181
     253    349.68346570
     254    352.45935957
     255    355.24469199
     256    358.04244926
     257    360.84970880
     258    363.66933080
     259    366.49851612
     260    369.34000413
     261    372.19111392
     262    375.05446917
     263    377.92750221
     264    380.81272585
     265    383.70768095
     266    386.61477411
     267    389.53165014
     268    392.46061390
     269    395.39940975
     270    398.35024514
     271    401.31095978
     272    404.28366779
     273    407.26630022
     274    410.26088178
     275    413.26543104
     276    416.28188707
     277    419.30835224
     278    422.34668361
     279    425.39506380
     280    428.45527133
     281    431.52556571
     282    434.60765021
     283    437.69985796
     284    440.80382018
     285    443.91794054
     286    447.04378122
     287    450.17981344
     288    453.32753327
     289    456.48547664
     290    459.65507630
     291    462.83493014
     292    466.02641027
     293    469.22817392
     294    472.44153514
     295    475.66520798
     296    478.90045087
     297    482.14603230
     298    485.40315743
     299    488.67064688
     300    491.94965478
     301    495.23905171
     302    498.53994290
     303    501.85124677
     304    505.17402175
     305    508.50723206
     306    511.85189131
     307    515.20700757
     308    518.57355154
     309    521.95057329
     310    525.33900241
     311    528.73792921
     312    532.14824391
     313    535.56907533
     314    539.00127600
     315    542.44401164
     316    545.89809866
     317    549.36273812
     318    552.83871187
     319    556.32525478
     320    559.82311560
     321    563.33156160
     322    566.85130982
     323    570.38165858
     324    573.92329453
     325    577.47554572
     326    581.03906970
     327    584.61322299
     328    588.19863531
     329    591.79469041
     330    595.40199133
     331    599.01994795
     332    602.64913776
     333    606.28899562
     334    609.94007457
     335    613.60183341
     336    617.27480175
     337    620.95846131
     338    624.65331928
     339    628.35887932
     340    632.07562715
     341    635.80308743
     342    639.54172533
     343    643.29108564
     344    647.05161382
     345    650.82287394
     346    654.60529259
     347    658.39845233
     348    662.20276165
     349    666.01782079
     350    669.84402097
     351    673.68097933
     352    677.52907053
     353    681.38792794
     354    685.25791034
     355    689.13866662
     356    693.03054037
     357    696.93319536
     358    700.84696062
     359    704.77151416
     360    708.70717108
     361    712.65362301
     362    716.61117172
     363    720.57952191
     364    724.55896255
     365    728.54921085
     366    732.55054356
     367    736.56268983
     368    740.58591472
     369    744.61995885
     370    748.66507605
     371    752.72101791
     372    756.78802752
     373    760.86586699
     374    764.95476912
     375    769.05450610
     376    773.16530086
     377    777.28693523
     378    781.41962272
     379    785.56315438
     380    789.71773469
     381    793.88316355
     382    798.05963677
     383    802.24696273
     384    806.44532895
     385    810.65455192
     386    814.87481123
     387    819.10593112
     388    823.34808359
     389    827.60110032
     390    831.86514603
     391    836.14005952
     392    840.42599854
     393    844.72280872
     394    849.03064113
     395    853.34934791
     396    857.67907378
     397    862.01967711
     398    866.37129648
     399    870.73379629
     400    875.10730924
     401    879.49170546
     402    883.88711205
     403    888.29340461
     404    892.71070490
     405    897.13889376
     406    901.57808779
     407    906.02817288
     408    910.48926071
     409    914.96124199
     410    919.44422367
     411    923.93810107
     412    928.44297664
     413    932.95875013
     414    937.48551965
     415    942.02318917
     416    946.57185267
     417    951.13141818
     418    955.70197570
     419    960.28343716
     420    964.87588875
     421    969.47924611
     422    974.09359181
     423    978.71884503
     424    983.35508487
     425    988.00223392
     426    992.66036793
     427    997.32941277
     428   1002.00944100
     429   1006.70038159
     430   1011.40230406
     431   1016.11514038
     432   1020.83895711
     433   1025.57368912
     434   1030.31940016
     435   1035.07602783
     436   1039.84363320
     437   1044.62215650
     438   1049.41165623
     439   1054.21207513
     440   1059.02346924
     441   1063.84578371
     442   1068.67907223
     443   1073.52328226
     444   1078.37846521
     445   1083.24457076
     446   1088.12164817
     447   1093.00964922
     448   1097.90862110
     449   1102.81851764
     450   1107.73938402
     451   1112.67117601
     452   1117.61393691
     453   1122.56762433
     454   1127.53227977
     455   1132.50786261
     456   1137.49441260
     457   1142.49189085
     458   1147.50033541
     459   1152.51970903
     460   1157.55004819
     461   1162.59131718
     462   1167.64355094
     463   1172.70671527
     464   1177.78084365
     465   1182.86590332
     466   1187.96192634
     467   1193.06888132
     468   1198.18679899
     469   1203.31564927
     470   1208.45546161
     471   1213.60620718
     472   1218.76791419
     473   1223.94055504
     474   1229.12415674
     475   1234.31869285
     476   1239.52418926
     477   1244.74062061
     478   1249.96801173
     479   1255.20633833
     480   1260.45562418
     481   1265.71584600
     482   1270.98702658
     483   1276.26914362
     484   1281.56221895
     485   1286.86623120
     486   1292.18120129
     487   1297.50710873
     488   1302.84397359
     489   1308.19177621
     490   1313.55053585
     491   1318.92023365
     492   1324.30088807
     493   1329.69248105
     494   1335.09503026
     495   1340.50851840
     496   1345.93296241
     497   1351.36834570
     498   1356.81468452
     499   1362.27196297
     500   1367.74019660
     501   1373.21937019
     502   1378.70949865
     503   1384.21056737
     504   1389.72259066
     505   1395.24555450
     506   1400.77947263
     507   1406.32433160
     508   1411.88014457
     509   1417.44689866
     510   1423.02460647
     511   1428.61325567
     512   1434.21285835
     513   1439.82340265
     514   1445.44490019
     515   1451.07733959
     516   1456.72073199
     517   1462.37506650
     518   1468.04035377
     519   1473.71658336
     520   1479.40376552
     521   1485.10189020
     522   1490.81096723
     523   1496.53098700
     524   1502.26195892
     525   1508.00387376
     526   1513.75674058
     527   1519.52055050
     528   1525.29531221
     529   1531.08101720
     530   1536.87767381
     531   1542.68527388
     532   1548.50382539
     533   1554.33332052
     534   1560.17376694
     535   1566.02515714
     536   1571.88749848
     537   1577.76078373
     538   1583.64501999
     539   1589.54020030
     540   1595.44633147
     541   1601.36340685
     542   1607.29143294
     543   1613.23040337
     544   1619.18032439
     545   1625.14118987
     546   1631.11300582
     547   1637.09576635
     548   1643.08947724
     549   1649.09413281
     550   1655.10973863
     551   1661.13628926
     552   1667.17379002
     553   1673.22223569
     554   1679.28163139
     555   1685.35197211
     556   1691.43326276
     557   1697.52549851
     558   1703.62868411
     559   1709.74281490
     560   1715.86789545
     561   1722.00392129
     562   1728.15089679
     563   1734.30881766
     564   1740.47768812
     565   1746.65750403
     566   1752.84826945
     567   1759.04998040
     568   1765.26264078
     569   1771.48624676
     570   1777.72080210
     571   1783.96630312
     572   1790.22275343
     573   1796.49014948
     574   1802.76849476
     575   1809.05778584
     576   1815.35802609
     577   1821.66921221
     578   1827.99134743
     579   1834.32442858
     580   1840.66845878
     581   1847.02343496
     582   1853.38936013
     583   1859.76623135
     584   1866.15405150
     585   1872.55281774
     586   1878.96253288
     587   1885.38319416
     588   1891.81480428
     589   1898.25736058
     590   1904.71086569
     591   1911.17531703
     592   1917.65071712
     593   1924.13706349
     594   1930.63435857
     595   1937.14259997
     596   1943.66179004
     597   1950.19192647
     598   1956.73301154
     599   1963.28504300
     600   1969.84802306
     601   1976.42194955
     602   1983.00682461
     603   1989.60264614
     604   1996.20941619
     605   2002.82713275
     606   2009.45579781
     607   2016.09540940
     608   2022.74596946
     609   2029.40747608
     610   2036.07993114
     611   2042.76333279
     612   2049.45768286
     613   2056.16297955
     614   2062.87922462
     615   2069.60641634
     616   2076.34455643
     617   2083.09364318
     618   2089.85367828
     619   2096.62466007
     620   2103.40659017
     621   2110.19946700
     622   2117.00329212
     623   2123.81806398
     624   2130.64378412
     625   2137.48045101
     626   2144.32806617
     627   2151.18662810
     628   2158.05613827
     629   2164.93659525
     630   2171.82800044
     631   2178.73035245
     632   2185.64365266
     633   2192.56789971
     634   2199.50309495
     635   2206.44923704
     636   2213.40632730
     637   2220.37436443
     638   2227.35334972
     639   2234.34328189
     640   2241.34416221
     641   2248.35598942
     642   2255.37876477
     643   2262.41248703
     644   2269.45715740
     645   2276.51277471
     646   2283.57934011
     647   2290.65685246
     648   2297.74531290
     649   2304.84472030
     650   2311.95507578
     651   2319.07637822
     652   2326.20862873
     653   2333.35182622
     654   2340.50597178
     655   2347.67106432
     656   2354.84710491
     657   2362.03409250
     658   2369.23202813
     659   2376.44091077
     660   2383.66074145
     661   2390.89151914
     662   2398.13324487
     663   2405.38591761
     664   2412.64953838
     665   2419.92410618
     666   2427.20962200
     667   2434.50608485
     668   2441.81349572
     669   2449.13185363
     670   2456.46115954
     671   2463.80141251
     672   2471.15261348
     673   2478.51476151
     674   2485.88785753
     675   2493.27190062
     676   2500.66689169
     677   2508.07282984
     678   2515.48971597
     679   2522.91754919
     680   2530.35633038
     681   2537.80605865
     682   2545.26673490
     683   2552.73835824
     684   2560.22092955
     685   2567.71444796
     686   2575.21891433
     687   2582.73432781
     688   2590.26068924
     689   2597.79799779
     690   2605.34625429
     691   2612.90545790
     692   2620.47560947
     693   2628.05670815
     694   2635.64875479
     695   2643.25174855
     696   2650.86569026
     697   2658.49057909
     698   2666.12641587
     699   2673.77319977
     700   2681.43093163
     701   2689.09961060
     702   2696.77923753
     703   2704.46981159
     704   2712.17133360
     705   2719.88380273
     706   2727.60721982
     707   2735.34158403
     708   2743.08689620
     709   2750.84315549
     710   2758.61036274
     711   2766.38851712
     712   2774.17761945
     713   2781.97766891
     714   2789.78866632
     715   2797.61061087
     716   2805.44350337
     717   2813.28734301
     718   2821.14213059
     719   2829.00786532
     720   2836.88454799
     721   2844.77217781
     722   2852.67075557
     723   2860.58028048
     724   2868.50075333
     725   2876.43217333
     726   2884.37454128
     727   2892.32785638
     728   2900.29211942
     729   2908.26732961
     730   2916.25348776
     731   2924.25059304
     732   2932.25864628
     733   2940.27764667
     734   2948.30759501
     735   2956.34849050
     736   2964.40033394
     737   2972.46312453
     738   2980.53686307
     739   2988.62154876
     740   2996.71718241
     741   3004.82376321
     742   3012.94129197
     743   3021.06976787
     744   3029.20919173
     745   3037.35956275
     746   3045.52088172
     747   3053.69314784
     748   3061.87636193
     749   3070.07052316
     750   3078.27563235
     751   3086.49168870
     752   3094.71869301
     753   3102.95664447
     754   3111.20554390
     755   3119.46539047
     756   3127.73618502
     757   3136.01792671
     758   3144.31061638
     759   3152.61425319
     760   3160.92883797
     761   3169.25436991
     762   3177.59084982
     763   3185.93827687
     764   3194.29665190
     765   3202.66597408
     766   3211.04624424
     767   3219.43746154
     768   3227.83962683
     769   3236.25273926
     770   3244.67679968
     771   3253.11180724
     772   3261.55776279
     773   3270.01466548
     774   3278.48251616
     775   3286.96131398
     776   3295.45105980
     777   3303.95175275
     778   3312.46339370
     779   3320.98598179
     780   3329.51951788
     781   3338.06400111
     782   3346.61943234
     783   3355.18581071
     784   3363.76313708
     785   3372.35141059
     786   3380.95063210
     787   3389.56080075
     788   3398.18191741
     789   3406.81398120
     790   3415.45699301
     791   3424.11095195
     792   3432.77585890
     793   3441.45171299
     794   3450.13851509
     795   3458.83626432
     796   3467.54496158
     797   3476.26460597
     798   3484.99519838
     799   3493.73673791
     800   3502.48922548
     801   3511.25266017
     802   3520.02704290
     803   3528.81237274
     804   3537.60865063
     805   3546.41587563
     806   3555.23404868
     807   3564.06316884
     808   3572.90323705
     809   3581.75425237
     810   3590.61621574
     811   3599.48912623
     812   3608.37298477
     813   3617.26779042
     814   3626.17354413
     815   3635.09024494
     816   3644.01789382
     817   3652.95648981
     818   3661.90603386
     819   3670.86652501
     820   3679.83796423
     821   3688.82035056
     822   3697.81368496
     823   3706.81796646
     824   3715.83319603
     825   3724.85937271
     826   3733.89649746
     827   3742.94456932
     828   3752.00358925
     829   3761.07355629
     830   3770.15447140
     831   3779.24633362
     832   3788.34914392
     833   3797.46290132
     834   3806.58760681
     835   3815.72325939
     836   3824.86986006
     837   3834.02740783
     838   3843.19590370
     839   3852.37534665
     840   3861.56573772
     841   3870.76707586
     842   3879.97936212
     843   3889.20259545
     844   3898.43677690
     845   3907.68190543
     846   3916.93798208
     847   3926.20500581
     848   3935.48297766
     849   3944.77189658
     850   3954.07176363
     851   3963.38257776
     852   3972.70434001
     853   3982.03704933
     854   3991.38070680
     855   4000.73531132
     856   4010.10086399
     857   4019.47736372
     858   4028.86481160
     859   4038.26320654
     860   4047.67254963
     861   4057.09283978
     862   4066.52407808
     863   4075.96626344
     864   4085.41939696
     865   4094.88347753
     866   4104.35850626
     867   4113.84448205
     868   4123.34140600
     869   4132.84927701
     870   4142.36809618
     871   4151.89786240
     872   4161.43857680
     873   4170.99023825
     874   4180.55284787
     875   4190.12640453
     876   4199.71090938
     877   4209.30636127
     878   4218.91276135
     879   4228.53010847
     880   4238.15840378
     881   4247.79764613
     882   4257.44783667
     883   4267.10897424
     884   4276.78106002
     885   4286.46409283
     886   4296.15807385
     887   4305.86300189
     888   4315.57887814
     889   4325.30570142
     890   4335.04347292
     891   4344.79219143
     892   4354.55185817
     893   4364.32247193
     894   4374.10403391
     895   4383.89654291
     896   4393.70000015
     897   4403.51440439
     898   4413.33975687
     899   4423.17605636
     900   4433.02330409
     901   4442.88149883
     902   4452.75064182
     903   4462.63073181
     904   4472.52177005
     905   4482.42375529
     906   4492.33668879
     907   4502.26056928
     908   4512.19539804
     909   4522.14117379
     910   4532.09789781
     911   4542.06556882
     912   4552.04418811
     913   4562.03375438
     914   4572.03426893
     915   4582.04573046
     916   4592.06814028
     917   4602.10149708
     918   4612.14580216
     919   4622.20105423
     920   4632.26725459
     921   4642.34440192
     922   4652.43249756
     923   4662.53154016
     924   4672.64153107
     925   4682.76246895
     926   4692.89435514
     927   4703.03718829
     928   4713.19096976
     929   4723.35569819
     930   4733.53137494
     931   4743.71799865
     932   4753.91557069
     933   4764.12408968
     934   4774.34355700
     935   4784.57397128
     936   4794.81533389
     937   4805.06764345
     938   4815.33090135
     939   4825.60510620
     940   4835.89025940
     941   4846.18635954
     942   4856.49340803
     943   4866.81140346
     944   4877.14034725
     945   4887.48023798
     946   4897.83107706
     947   4908.19286309
     948   4918.56559748
     949   4928.94927880
     950   4939.34390849
     951   4949.74948511
     952   4960.16601011
     953   4970.59348204
     954   4981.03190235
     955   4991.48126958
     956   5001.94158519
     957   5012.41284773
     958   5022.89505866
     959   5033.38821651
     960   5043.89232276
     961   5054.40737591
     962   5064.93337748
     963   5075.47032595
     964   5086.01822283
     965   5096.57706662
     966   5107.14685882
     967   5117.72759793
     968   5128.31928546
     969   5138.92191988
     970   5149.53550274
     971   5160.16003248
     972   5170.79551067
     973   5181.44193574
     974   5192.09930925
     975   5202.76762965
     976   5213.44689850
     977   5224.13711423
     978   5234.83827841
     979   5245.55038947
     980   5256.27344899
     981   5267.00745538
     982   5277.75241024
     983   5288.50831196
     984   5299.27516216
     985   5310.05295923
     986   5320.84170477
     987   5331.64139718
     988   5342.45203807
     989   5353.27362582
     990   5364.10616206
     991   5374.94964515
     992   5385.80407674
     993   5396.66945518
     994   5407.54578212
     995   5418.43305591
     996   5429.33127821
     997   5440.24044735
     998   5451.16056500
     999   5462.09162950
    1000   5473.03364251
    1001   5483.98660236
    1002   5494.95051074
    1003   5505.92536595
    1004   5516.91116969
    1005   5527.90792026
    1006   5538.91561937
    1007   5549.93426529
    1008   5560.96385977
    1009   5572.00440107
    1010   5583.05589092
    1011   5594.11832758
    1012   5605.19171280
    1013   5616.27604484
    1014   5627.37132544
    1015   5638.47755284
    1016   5649.59472882
    1017   5660.72285159
    1018   5671.86192295
    1019   5683.01194111
    1020   5694.17290785
    1021   5705.34482138
    1022   5716.52768351
    1023   5727.72149242
    1024   5738.92624994
    1025   5750.14195423
    1026   5761.36860714
    1027   5772.60620682
    1028   5783.85475512
    1029   5795.11425019
    1030   5806.38469388
    1031   5817.66608434
    1032   5828.95842343
    1033   5840.26170928
    1034   5851.57594377
    1035   5862.90112502
    1036   5874.23725491
    1037   5885.58433155
    1038   5896.94235685
    1039   5908.31132889
    1040   5919.69124960
    1041   5931.08211704
    1042   5942.48393315
    1043   5953.89669600
    1044   5965.32040753
    1045   5976.75506578
    1046   5988.20067272
    1047   5999.65722638
    1048   6011.12472874
    1049   6022.60317781
    1050   6034.09257559
    1051   6045.59292007
    1052   6057.10421327
    1053   6068.62645317
    1054   6080.15964179
    1055   6091.70377711
    1056   6103.25886115
    1057   6114.82489190
    1058   6126.40187137
    1059   6137.98979754
    1060   6149.58867244
    1061   6161.19849403
    1062   6172.81926436
    1063   6184.45098138
    1064   6196.09364715
    1065   6207.74725960
    1066   6219.41182081
    1067   6231.08732870
    1068   6242.77378534
    1069   6254.47118866
    1070   6266.17954075
    1071   6277.89883951
    1072   6289.62908704
    1073   6301.37028124
    1074   6313.12242422
    1075   6324.88551386
    1076   6336.65955229
    1077   6348.44453737
    1078   6360.24047126
    1079   6372.04735179
    1080   6383.86518113
    1081   6395.69395711
    1082   6407.53368191
    1083   6419.38435334
    1084   6431.24597360
    1085   6443.11854048
    1086   6455.00205620
    1087   6466.89651854
    1088   6478.80192973
    1089   6490.71828753
    1090   6502.64559418
    1091   6514.58384744
    1092   6526.53304956
    1093   6538.49319829
    1094   6550.46429588
    1095   6562.44634007
    1096   6574.43933314
    1097   6586.44327280
    1098   6598.45816135
    1099   6610.48399648
    1100   6622.52078051
    1101   6634.56851111
    1102   6646.62719062
    1103   6658.69681670
    1104   6670.77739170
    1105   6682.86891325
    1106   6694.97138373
    1107   6707.08480077
    1108   6719.20916674
    1109   6731.34447927
    1110   6743.49074073
    1111   6755.64794874
    1112   6767.81610570
    1113   6779.99520919
    1114   6792.18526165
    1115   6804.38626063
    1116   6816.59820859
    1117   6828.82110307
    1118   6841.05494653
    1119   6853.29973650
    1120   6865.55547546
    1121   6877.82216094
    1122   6890.09979541
    1123   6902.38837638
    1124   6914.68790636
    1125   6926.99838284
    1126   6939.31980833
    1127   6951.65218031
    1128   6963.99550131
    1129   6976.34976881
    1130   6988.71498533
    1131   7001.09114833
    1132   7013.47826037
    1133   7025.87631889
    1134   7038.28532645
    1135   7050.70528048
    1136   7063.13618357
    1137   7075.57803312
    1138   7088.03083173
    1139   7100.49457680
    1140   7112.96927095
    1141   7125.45491154
    1142   7137.95150122
    1143   7150.45903733
    1144   7162.97752255
    1145   7175.50695419
    1146   7188.04733495
    1147   7200.59866212
    1148   7213.16093841
    1149   7225.73416112
    1150   7238.31833295
    1151   7250.91345119
    1152   7263.51951857
    1153   7276.13653235
    1154   7288.76449528
    1155   7301.40340460
    1156   7314.05326308
    1157   7326.71406794
    1158   7339.38582197
    1159   7352.06852238
    1160   7364.76217197
    1161   7377.46676792
    1162   7390.18231307
    1163   7402.90880457
    1164   7415.64624528
    1165   7428.39463233
    1166   7441.15396860
    1167   7453.92425122
    1168   7466.70548305
    1169   7479.49766122
    1170   7492.30078862
    1171   7505.11486235
    1172   7517.93988533
    1173   7530.77585462
    1174   7543.62277317
    1175   7556.48063803
    1176   7569.34945215
    1177   7582.22921258
    1178   7595.11992228
    1179   7608.02157827
    1180   7620.93418355
    1181   7633.85773512
    1182   7646.79223599
    1183   7659.73768313
    1184   7672.69407959
    1185   7685.66142231
    1186   7698.63971435
    1187   7711.62895265
    1188   7724.62914028
    1189   7737.64027417
    1190   7750.66235740
    1191   7763.69538687
    1192   7776.73936569
    1193   7789.79429075
    1194   7802.86016517
    1195   7815.93698582
    1196   7829.02475584
    1197   7842.12347208
    1198   7855.23313771
    1199   7868.35374954
    1200   7881.48531078
    1201   7894.62781821
    1202   7907.78127506
    1203   7920.94567809
    1204   7934.12103055
    1205   7947.30732918
    1206   7960.50457725
    1207   7973.71277150
    1208   7986.93191519
    1209   8000.16200504
    1210   8013.40304434
    1211   8026.65502980
    1212   8039.91796473
    1213   8053.19184581
    1214   8066.47667636
    1215   8079.77245305
    1216   8093.07917923
    1217   8106.39685154
    1218   8119.72547335
    1219   8133.06504128
    1220   8146.41555872
    1221   8159.77702227
    1222   8173.14943535
    1223   8186.53279452
    1224   8199.92710324
    1225   8213.33235804
    1226   8226.74856240
    1227   8240.17571284
    1228   8253.61381284
    1229   8267.06285890
    1230   8280.52285455
    1231   8293.99379625
    1232   8307.47568754
    1233   8320.96852488
    1234   8334.47231183
    1235   8347.98704481
    1236   8361.51272740
    1237   8375.04935603
    1238   8388.59693428
    1239   8402.15545855
    1240   8415.72493246
    1241   8429.30535237
    1242   8442.89672195
    1243   8456.49903751
    1244   8470.11230275
    1245   8483.73651397
    1246   8497.37167487
    1247   8511.01778174
    1248   8524.67483831
    1249   8538.34284084
    1250   8552.02179308
    1251   8565.71169127
    1252   8579.41253919
    1253   8593.12433304
    1254   8606.84707663
    1255   8620.58076615
    1256   8634.32540542
    1257   8648.08099061
    1258   8661.84752556
    1259   8675.62500642
    1260   8689.41343705
    1261   8703.21281358
    1262   8717.02313990
    1263   8730.84441211
    1264   8744.67663412
    1265   8758.51980200
    1266   8772.37391970
    1267   8786.23898326
    1268   8800.11499666
    1269   8814.00195590
    1270   8827.89986499
    1271   8841.80871992
    1272   8855.72852471
    1273   8869.65927533
    1274   8883.60097582
    1275   8897.55362213
    1276   8911.51721832
    1277   8925.49176032
    1278   8939.47725223
    1279   8953.47368992
    1280   8967.48107753
    1281   8981.49941092
    1282   8995.52869424
    1283   9009.56892333
    1284   9023.62010237
    1285   9037.68222716
    1286   9051.75530191
    1287   9065.83932241
    1288   9079.93429288
    1289   9094.04020908
    1290   9108.15707528
    1291   9122.28488719
    1292   9136.42364911
    1293   9150.57335673
    1294   9164.73401437
    1295   9178.90561771
    1296   9193.08817108
    1297   9207.28167014
    1298   9221.48611924
    1299   9235.70151401
    1300   9249.92785885
    1301   9264.16514934
    1302   9278.41338992
    1303   9292.67257613
    1304   9306.94271245
    1305   9321.22379439
    1306   9335.51582644
    1307   9349.81880411
    1308   9364.13273191
    1309   9378.45760531
    1310   9392.79342886
    1311   9407.14019799
    1312   9421.49791728
    1313   9435.86658215
    1314   9450.24619719
    1315   9464.63675780
    1316   9479.03826860
    1317   9493.45072494
    1318   9507.87413149
    1319   9522.30848358
    1320   9536.75378589
    1321   9551.21003373
    1322   9565.67723179
    1323   9580.15537538
    1324   9594.64446921
    1325   9609.14450854
    1326   9623.65549813
    1327   9638.17743322
    1328   9652.71031858
    1329   9667.25414942
    1330   9681.80893055
    1331   9696.37465714
    1332   9710.95133405
    1333   9725.53895640
    1334   9740.13752908
    1335   9754.74704719
    1336   9769.36751565
    1337   9783.99892952
    1338   9798.64129376
    1339   9813.29460340
    1340   9827.95886341
    1341   9842.63406882
    1342   9857.32022462
    1343   9872.01732580
    1344   9886.72537738
    1345   9901.44437433
    1346   9916.17432171
    1347   9930.91521443
    1348   9945.66705759
    1349   9960.42984610
    1350   9975.20358505
    1351   9989.98826933
    1352  10004.78390408
    1353  10019.59048414
    1354  10034.40801469
    1355  10049.23649053
    1356  10064.07591688
    1357  10078.92628851
    1358  10093.78761065
    1359  10108.65987807
    1360  10123.54309602
    1361  10138.43725923
    1362  10153.34237298
    1363  10168.25843199
    1364  10183.18544155
    1365  10198.12339634
    1366  10213.07230171
    1367  10228.03215230
    1368  10243.00295349
    1369  10257.98469988
    1370  10272.97739687
    1371  10287.98103906
    1372  10302.99563187
    1373  10318.02116987
    1374  10333.05765850
    1375  10348.10509230
    1376  10363.16347674
    1377  10378.23280635
    1378  10393.31308662
    1379  10408.40431204
    1380  10423.50648813
    1381  10438.61960936
    1382  10453.74368128
    1383  10468.87869832
    1384  10484.02466607
    1385  10499.18157893
    1386  10514.34944250
    1387  10529.52825118
    1388  10544.71801058
    1389  10559.91871508
    1390  10575.13037031
    1391  10590.35297064
    1392  10605.58652171
    1393  10620.83101785
    1394  10636.08646476
    1395  10651.35285673
    1396  10666.63019947
    1397  10681.91848728
    1398  10697.21772586
    1399  10712.52790949
    1400  10727.84904392
    1401  10743.18112338
    1402  10758.52415365
    1403  10773.87812895
    1404  10789.24305506
    1405  10804.61892620
    1406  10820.00574816
    1407  10835.40351513
    1408  10850.81223294
    1409  10866.23189576
    1410  10881.66250941
    1411  10897.10406807
    1412  10912.55657758
    1413  10928.02003209
    1414  10943.49443744
    1415  10958.97978780
    1416  10974.47608901
    1417  10989.98333521
    1418  11005.50153228
    1419  11021.03067433
    1420  11036.57076726
    1421  11052.12180517
    1422  11067.68379394
    1423  11083.25672771
    1424  11098.84061235
    1425  11114.43544197
    1426  11130.04122247
    1427  11145.65794795
    1428  11161.28562431
    1429  11176.92424565
    1430  11192.57381787
    1431  11208.23433508
    1432  11223.90580317
    1433  11239.58821624
    1434  11255.28158019
    1435  11270.98588913
    1436  11286.70114895
    1437  11302.42735376
    1438  11318.16450944
    1439  11333.91261012
    1440  11349.67166167
    1441  11365.44165823
    1442  11381.22260564
    1443  11397.01449808
    1444  11412.81734136
    1445  11428.63112967
    1446  11444.45586883
    1447  11460.29155302
    1448  11476.13818804
    1449  11491.99576812
    1450  11507.86429901
    1451  11523.74377497
    1452  11539.63420174
    1453  11555.53557359
    1454  11571.44789622
    1455  11587.37116396
    1456  11603.30538246
    1457  11619.25054609
    1458  11635.20666047
    1459  11651.17371999
    1460  11667.15173024
    1461  11683.14068566
    1462  11699.14059178
    1463  11715.15144310
    1464  11731.17324509
    1465  11747.20599231
    1466  11763.24969017
    1467  11779.30433329
    1468  11795.36992703
    1469  11811.44646605
    1470  11827.53395566
    1471  11843.63239059
    1472  11859.74177607
    1473  11875.86210691
    1474  11891.99338826
    1475  11908.13561501
    1476  11924.28879223
    1477  11940.45291490
    1478  11956.62798799
    1479  11972.81400657
    1480  11989.01097553
    1481  12005.21889003
    1482  12021.43775485
    1483  12037.66756528
    1484  12053.90832597
    1485  12070.16003232
    1486  12086.42268888
    1487  12102.69629116
    1488  12118.98084358
    1489  12135.27634178
    1490  12151.58279007
    1491  12167.90018421
    1492  12184.22852836
    1493  12200.56781843
    1494  12216.91805844
    1495  12233.27924445
    1496  12249.65138031
    1497  12266.03446227
    1498  12282.42849399
    1499  12298.83347189
    1500  12315.24939946
    1501  12331.67627331
    1502  12348.11409673
    1503  12364.56286653
    1504  12381.02258580
    1505  12397.49325155
    1506  12413.97486667
    1507  12430.46742838
    1508  12446.97093934
    1509  12463.48539701
    1510  12480.01080382
    1511  12496.54715745
    1512  12513.09446009
    1513  12529.65270969
    1514  12546.22190817
    1515  12562.80205374
    1516  12579.39314805
    1517  12595.99518959
    1518  12612.60817972
    1519  12629.23211725
    1520  12645.86700321
    1521  12662.51283672
    1522  12679.16961849
    1523  12695.83734799
    1524  12712.51602558
    1525  12729.20565107
    1526  12745.90622446
    1527  12762.61774595
    1528  12779.34021515
    1529  12796.07363264
    1530  12812.81799763
    1531  12829.57331114
    1532  12846.33957192
    1533  12863.11678144
    1534  12879.90493800
    1535  12896.70404354
    1536  12913.51409588
    1537  12930.33509744
    1538  12947.16704556
    1539  12964.00994315
    1540  12980.86378703
    1541  12997.72858066
    1542  13014.60432030
    1543  13031.49100996
    1544  13048.38864536
    1545  13065.29723107
    1546  13082.21676220
    1547  13099.14724397
    1548  13116.08867084
    1549  13133.04104867
    1550  13150.00437126
    1551  13166.97864517
    1552  13183.96386347
    1553  13200.96003345
    1554  13217.96714746
    1555  13234.98521353
    1556  13252.01422323
    1557  13269.05418539
    1558  13286.10509077
    1559  13303.16694904
    1560  13320.23975010
    1561  13337.32350448
    1562  13354.41820119
    1563  13371.52385170
    1564  13388.64044406
    1565  13405.76799069
    1566  13422.90647869
    1567  13440.05592147
    1568  13457.21630508
    1569  13474.38764402
    1570  13491.56992323
    1571  13508.76315833
    1572  13525.96733315
    1573  13543.18246442
    1574  13560.40853480
    1575  13577.64556227
    1576  13594.89352821
    1577  13612.15245188
    1578  13629.42231336
    1579  13646.70313325
    1580  13663.99489026
    1581  13681.29760638
    1582  13698.61125888
    1583  13715.93587125
    1584  13733.27141924
    1585  13750.61792787
    1586  13767.97537132
    1587  13785.34377623
    1588  13802.72311512
    1589  13820.11341633
    1590  13837.51465063
    1591  13854.92684816
    1592  13872.34997787
    1593  13889.78407172
    1594  13907.22909679
    1595  13924.68508700
    1596  13942.15200742
    1597  13959.62989400
    1598  13977.11870973
    1599  13994.61849272
    1600  14012.12920374
    1601  14029.65088314
    1602  14047.18348941
    1603  14064.72706526
    1604  14082.28156677
    1605  14099.84703908
    1606  14117.42343578
    1607  14135.01080459
    1608  14152.60909646
    1609  14170.21836179
    1610  14187.83854877
    1611  14205.46971066
    1612  14223.11179274
    1613  14240.76485121
    1614  14258.42882833
    1615  14276.10378341
    1616  14293.78965556
    1617  14311.48650728
    1618  14329.19427438
    1619  14346.91302279
    1620  14364.64268483
    1621  14382.38332995
    1622  14400.13488686
    1623  14417.89742875
    1624  14435.67088050
    1625  14453.45531917
    1626  14471.25066569
    1627  14489.05700121
    1628  14506.87424247
    1629  14524.70247486
    1630  14542.54161079
    1631  14560.39174012
    1632  14578.25277068
    1633  14596.12479697
    1634  14614.00772207
    1635  14631.90164540
    1636  14649.80646502
    1637  14667.72228541
    1638  14685.64899945
    1639  14703.58671699
    1640  14721.53532540
    1641  14739.49494013
    1642  14757.46544282
    1643  14775.44695481
    1644  14793.43935174
    1645  14811.44276103
    1646  14829.45705208
    1647  14847.48235878
    1648  14865.51854391
    1649  14883.56574804
    1650  14901.62382713
    1651  14919.69292881
    1652  14937.77290181
    1653  14955.86390107
    1654  14973.96576785
    1655  14992.07866482
    1656  15010.20242532
    1657  15028.33722003
    1658  15046.48287412
    1659  15064.63956671
    1660  15082.80711432
    1661  15100.98570484
    1662  15119.17514581
    1663  15137.37563440
    1664  15155.58696866
    1665  15173.80935538
    1666  15192.04258278
    1667  15210.28686777
    1668  15228.54198822
    1669  15246.80817156
    1670  15265.08518488
    1671  15283.37326673
    1672  15301.67217284
    1673  15319.98215327
    1674  15338.30295198
    1675  15356.63483117
    1676  15374.97752237
    1677  15393.33130040
    1678  15411.69588390
    1679  15430.07156097
    1680  15448.45803664
    1681  15466.85561284
    1682  15485.26398047
    1683  15503.68345601
    1684  15522.11371547
    1685  15540.55509046
    1686  15559.00724151
    1687  15577.47051618
    1688  15595.94455869
    1689  15614.42973314
    1690  15632.92566684
    1691  15651.43274134
    1692  15669.95056609
    1693  15688.47954075
    1694  15707.01925625
    1695  15725.57013136
    1696  15744.13173746
    1697  15762.70451316
    1698  15781.28800954
    1699  15799.88268612
    1700  15818.48807260
    1701  15837.10465022
    1702  15855.73192646
    1703  15874.37040546
    1704  15893.01957126
    1705  15911.67995180
    1706  15930.35100680
    1707  15949.03328924
    1708  15967.72623321
    1709  15986.43041774
    1710  16005.14525028
    1711  16023.87133731
    1712  16042.60805818
    1713  16061.35604790
    1714  16080.11465666
    1715  16098.88454951
    1716  16117.66504591
    1717  16136.45684211
    1718  16155.25922565
    1719  16174.07292569
    1720  16192.89719609
    1721  16211.73280022
    1722  16230.57895695
    1723  16249.43646568
    1724  16268.30450844
    1725  16287.18392205
    1726  16306.07385025
    1727  16324.97516932
    1728  16343.88698262
    1729  16362.81020745
    1730  16381.74390522
    1731  16400.68903642
    1732  16419.64461829
    1733  16438.61165622
    1734  16457.58912149
    1735  16476.57806683
    1736  16495.57741508
    1737  16514.58826820
    1738  16533.60949870
    1739  16552.64226034
    1740  16571.68537262
    1741  16590.74004321
    1742  16609.80503646
    1743  16628.88161679
    1744  16647.96849050
    1745  16667.06698105
    1746  16686.17573434
    1747  16705.29613598
    1748  16724.42676828
    1749  16743.56908155
    1750  16762.72159189
    1751  16781.88581773
    1752  16801.06020550
    1753  16820.24634450
    1754  16839.44260865
    1755  16858.65066185
    1756  16877.86880168
    1757  16897.09876973
    1758  16916.33878410
    1759  16935.59066814
    1760  16954.85255630
    1761  16974.12635703
    1762  16993.41011773
    1763  17012.70583641
    1764  17032.01146881
    1765  17051.32910622
    1766  17070.65660895
    1767  17089.99616646
    1768  17109.34553862
    1769  17128.70701710
    1770  17148.07825717
    1771  17167.46165812
    1772  17186.85476511
    1773  17206.26008948
    1774  17225.67506174
    1775  17245.10231117
    1776  17264.53914761
    1777  17283.98832316
    1778  17303.44702197
    1779  17322.91812544
    1780  17342.39868542
    1781  17361.89171798
    1782  17381.39413714
    1783  17400.90910075
    1784  17420.43337778
    1785  17439.97027374
    1786  17459.51640647
    1787  17479.07523692
    1788  17498.64322389
    1789  17518.22399026
    1790  17537.81382911
    1791  17557.41653377
    1792  17577.02822288
    1793  17596.65286740
    1794  17616.28640419
    1795  17635.93299115
    1796  17655.58837384
    1797  17675.25690498
    1798  17694.93413074
    1799  17714.62460891
    1800  17734.32367578
    1801  17754.03610288
    1802  17773.75700776
    1803  17793.49138691
    1804  17813.23412764
    1805  17832.99046096
    1806  17852.75503414
    1807  17872.53332504
    1808  17892.31972830
    1809  17912.11997912
    1810  17931.92820872
    1811  17951.75042320
    1812  17971.58047653
    1813  17991.42465727
    1814  18011.27653023
    1815  18031.14268133
    1816  18051.01637105
    1817  18070.90449535
    1818  18090.79999733
    1819  18110.71009936
    1820  18130.62741043
    1821  18150.55949333
    1822  18170.49860856
    1823  18190.45267730
    1824  18210.41359319
    1825  18230.38965123
    1826  18250.37236237
    1827  18270.37041516
    1828  18290.37491769
    1829  18310.39496908
    1830  18330.42125705
    1831  18350.46331302
    1832  18370.51138219
    1833  18390.57544697
    1834  18410.64529081
    1835  18430.73137099
    1836  18450.82298480
    1837  18470.93108506
    1838  18491.04446167
    1839  18511.17458926
    1840  18531.30972348
    1841  18551.46188356
    1842  18571.61876751
    1843  18591.79296805
    1844  18611.97159602
    1845  18632.16784273
    1846  18652.36820604
    1847  18672.58650770
    1848  18692.80860004
    1849  18713.04896295
    1850  18733.29277477
    1851  18753.55520860
    1852  18773.82073295
    1853  18794.10524466
    1854  18814.39247101
    1855  18834.69907125
    1856  18855.00799195
    1857  18875.33668841
    1858  18895.66729184
    1859  18916.01809628
    1860  18936.37037398
    1861  18956.74329489
    1862  18977.11723407
    1863  18997.51228441
    1864  19017.90787573
    1865  19038.32506489
    1866  19058.74229425
    1867  19079.18163653
    1868  19099.62049360
    1869  19120.08199939
    1870  19140.54246861
    1871  19161.02615370
    1872  19181.50822366
    1873  19202.01409953
    1874  19222.51775305
    1875  19243.04583714
    1876  19263.57106161
    1877  19284.12136663
    1878  19304.66814307
    1879  19325.24068830
    1880  19345.80900276
    1881  19366.40380226
    1882  19386.99363377
    1883  19407.61070886
    1884  19428.22204199
    1885  19448.86140824
    1886  19469.49421979
    1887  19490.15590079
    1888  19510.81017368
    1889  19531.49418668
    1890  19552.16989524
    1891  19572.87626636
    1892  19593.57339167
    1893  19614.30214002
    1894  19635.02065365
    1895  19655.77180817
    1896  19676.51168918
    1897  19697.28527106
    1898  19718.04648792
    1899  19738.84252927
    1900  19759.62505877
    1901  19780.44358306
    1902  19801.24739024
    1903  19822.08843312
    1904  19842.91349224
    1905  19863.77707975
    1906  19884.62335198
    1907  19905.50952372
    1908  19926.37698053
    1909  19947.28576540
    1910  19968.17436363
    1911  19989.10580566
    1912  20010.01551363
    1913  20030.96964494
    1914  20051.90041463
    1915  20072.87728422
    1916  20093.82908047
    1917  20114.82872401
    1918  20135.80149333
    1919  20156.82396544
    1920  20177.81766875
    1921  20198.86300909
    1922  20219.87758676
    1923  20240.94585625
    1924  20261.98126483
    1925  20283.07250759
    1926  20304.12868051
    1927  20325.24296460
    1928  20346.31985349
    1929  20367.45722805
    1930  20388.55475850
    1931  20409.71529962
    1932  20430.83341778
    1933  20452.01718023
    1934  20473.15580280
    1935  20494.36287180
    1936  20515.52193874
    1937  20536.75237537
    1938  20557.93179330
    1939  20579.18569318
    1940  20600.38539510
    1941  20621.66282641
    1942  20642.88270744
    1943  20664.18377762
    1944  20685.42376297
    1945  20706.74854821
    1946  20728.00851986
    1947  20749.35714112
    1948  20770.63701544
    1949  20792.00955796
    1950  20813.30920191
    1951  20834.70580213
    1952  20856.02512209
    1953  20877.44587549
    1954  20898.78472115
    1955  20920.22978200
    1956  20941.58804843
    1957  20963.05752381
    1958  20984.43504076
    1959  21005.92910553
    1960  21027.32575523
    1961  21048.84452965
    1962  21070.26011876
    1963  21091.80380156
    1964  21113.23819768
    1965  21134.80692416
    1966  21156.25990708
    1967  21177.85390378
    1968  21199.32532439
    1969  21220.94474381
    1970  21242.43435045
    1971  21264.07945169
    1972  21285.58707616
    1973  21307.25803143
    1974  21328.78338503
    1975  21350.48049184
    1976  21372.02338441
    1977  21393.74683765
    1978  21415.30693662
    1979  21437.05707936
    1980  21458.63416925
    1981  21480.41122259
    1982  21502.00491848
    1983  21523.80927997
    1984  21545.41933704
    1985  21567.25125818
    1986  21588.87722847
    1987  21610.73717255
    1988  21632.37877713
    1989  21654.26703112
    1990  21675.92374538
    1991  21697.84085262
    1992  21719.51235776
    1993  21741.45864684
    1994  21763.14432401
    1995  21785.12043695
    1996  21806.81992043
    1997  21828.82623496
    1998  21850.53878860
    1999  21872.57606991
    2000  21894.30127249
    2001  21916.36995673
    2002  21938.10692383
    2003  21960.20793237
    2004  21981.95617670
    2005  22004.09001566
    2006  22025.84846219
    2007  22048.01625438
    2008  22069.78433683
    2009  22091.98667269
    2010  22113.76306609
    2011  22136.00133359
    2012  22157.78537704
    2013  22180.06026863
    2014  22201.85030194
    2015  22224.16356257
    2016  22245.95881255
    2017  22268.31125726
    2018  22290.10960253
    2019  22312.50346932
    2020  22334.30400790
    2021  22356.74025478
    2022  22378.54021241
    2023  22401.02177769
    2024  22422.82012023
    2025  22445.34811240
    2026  22467.14111098
    2027  22489.71949459
    2028  22511.50603074
    2029  22534.13601824
    2030  22555.91091181
    2031  22578.59802803
    2032  22600.36029424
    2033  22623.10562401
    2034  22644.84775210
    2035  22667.65931803
    2036  22689.38124253
    2037  22712.25914169
    2038  22733.94922667
    2039  22756.90586207
    2040  22778.56791689
    2041  22801.59905939
    2042  22823.21247639
    2043  22846.33968131
    2044  22867.92770534
    2045  22891.12264040
    2046  22912.63521284
    2047  22935.92696387
    2048  22957.82952436
 ---------------------------------------
 
SCF converged! Final Ground-State Energy (Eh):             -30.4438865892614743
