 
 Imaginary Time Propagation
 --------------------------
 
               Imag. time (a.u.)               < psi_i | psi_i >               < psi_i | psi_0 >                Energy (hartree)
              0.0000000000000000              1.0000000000000000              0.9999999999999999             -5.6403629563074844
              0.1000000000000001              0.9999999999999999              0.9970110575511503             -5.7931698406715206
              0.2000000000000001              0.9999999999999998              0.9931234810569224             -5.8321138793936038
              0.3000000000000002              1.0000000000000002              0.9894290346870158             -5.8516258523420870
              0.4000000000000003              0.9999999999999999              0.9861730747933292             -5.8627744076479074
              0.5000000000000003              1.0000000000000000              0.9833720186758492             -5.8696358533064341
              0.6000000000000004              1.0000000000000004              0.9809838050927180             -5.8740430201033718
              0.7000000000000005              0.9999999999999996              0.9789567473560876             -5.8769435899937594
              0.8000000000000006              0.9999999999999996              0.9772418472316079             -5.8788798516916163
              0.9000000000000007              1.0000000000000004              0.9757952186704574             -5.8801836048958025
              1.0000000000000007              0.9999999999999998              0.9745781398233009             -5.8810664051058215
              1.0999999999999897              0.9999999999999997              0.9735566615710868             -5.8816665131294990
              1.1999999999999786              1.0000000000000002              0.9727011851913935             -5.8820756495389634
              1.2999999999999676              0.9999999999999999              0.9719860612894279             -5.8823552356830007
              1.3999999999999566              0.9999999999999996              0.9713892016705570             -5.8825466613685471
              1.4999999999999456              0.9999999999999997              0.9708916988548104             -5.8826779423897646
              1.5999999999999346              0.9999999999999999              0.9704774563340068             -5.8827681061107846
              1.6999999999999236              1.0000000000000004              0.9701328363715881             -5.8828301101770046
              1.7999999999999126              1.0000000000000002              0.9698463319721515             -5.8828727986044917
              1.8999999999999015              1.0000000000000000              0.9696082676958632             -5.8829022193739515
              1.9999999999998905              1.0000000000000000              0.9694105316707978             -5.8829225153891755
              2.0999999999998797              1.0000000000000000              0.9692463391413011             -5.8829365288268169
              2.1999999999998687              1.0000000000000002              0.9691100264051398             -5.8829462121466003
              2.2999999999998577              0.9999999999999998              0.9689968730325941             -5.8829529082417711
              2.3999999999998467              0.9999999999999996              0.9689029497334775             -5.8829575417697368
              2.4999999999998357              1.0000000000000000              0.9688249890303654             -5.8829607500509677
              2.5999999999998247              1.0000000000000002              0.9687602759061772             -5.8829629727641546
              2.6999999999998137              0.9999999999999999              0.9687065557403371             -5.8829645134943824
              2.7999999999998026              0.9999999999999998              0.9686619570703685             -5.8829655820214040
              2.8999999999997916              0.9999999999999998              0.9686249269733910             -5.8829663234087981
              2.9999999999997806              0.9999999999999994              0.9685941771272581             -5.8829668380352187
              3.0999999999997696              1.0000000000000002              0.9685686388671672             -5.8829671954016334
              3.1999999999997586              1.0000000000000000              0.9685474257908401             -5.8829674436570940
              3.2999999999997476              0.9999999999999997              0.9685298026791899             -5.8829676161760833
              3.3989999999997367              1.0000000000000004              0.9685152931044327             -5.8829677351071714
 
 Summary of Imaginary time propagation
 -------------------------------------
ndim    =              128
dt      =       0.00100000
nstep   =             3399
E_conv  =       0.00000000
Ei      =      -5.88296774
 
