 
     Two-Electron DVR    
 ------------------------
 x0     =      15.00000000
 m      =       1.00000000
 Z      =       5.00000000
 n      =               64
 dx     =       0.47619048
 
Soft-Coulomb Parameters:
 alpha  =       0.01000000
 beta   =       1.00000000
 
 
                       Hartree-Fock                      
 --------------------------------------------------------
 no. of orbitals        =               64
 no. of electrons       =                2
 scf_damping_switch     =        F
 scf_diis_switch        =        F
 damping_factor         =   0.00000000
 e_tolerance            = 0.0000000000100000
 maximum scf-iterations =              200
 
 
                       SCF iterations                      
 ----------------------------------------------------------
    S.No    Energy (hartree)        dE (hartree)
 ----------------------------------------------------------
       0    -34.326804608367
       1    -33.385606911646      0.941197696720
       2    -33.385689501446      0.000082589799
       3    -33.385689703588      0.000000202143
       4    -33.385689704100      0.000000000511
       5    -33.385689704101      0.000000000001
 ----------------------------------------------------------
  
 
 
 ---------------------------------------
     Molecular Orbital Energies (Eh)    
 ---------------------------------------
       1    -16.22232915
       2     -8.67010476
       3     -2.06818937
       4     -1.60775239
       5     -0.71703809
       6     -0.61871408
       7     -0.36330138
       8     -0.32707179
       9     -0.20966423
      10     -0.18532391
      11     -0.06250464
      12     -0.02926442
      13      0.13836119
      14      0.18149234
      15      0.39154044
      16      0.44378016
      17      0.69382337
      18      0.75452370
      19      1.04342157
      20      1.11234683
      21      1.43921420
      22      1.51587000
      23      1.88048065
      24      1.96482983
      25      2.36669179
      26      2.45820581
      27      2.89750956
      28      2.99629279
      29      3.47264752
      30      3.57806728
      31      4.09196187
      32      4.20427804
      33      4.75529176
      34      4.87371855
      35      5.46262569
      36      5.58763289
      37      6.21388137
      38      6.34447564
      39      7.00916918
      40      7.14612919
      41      7.84846710
      42      7.99051073
      43      8.73203453
      44      8.88041980
      45      9.65990897
      46      9.81292251
      47     10.63258100
      48     10.79227078
      49     11.65016921
      50     11.81410795
      51     12.71361096
      52     12.88527082
      53     13.82319080
      54     13.99877744
      55     14.98096422
      56     15.16693652
      57     16.18776211
      58     16.37706343
      59     17.44981244
      60     17.65737443
      61     18.77130412
      62     18.97841986
      63     20.19918755
      64     20.48772046
 ---------------------------------------
 
SCF converged! Final Ground-State Energy (Eh):             -33.3856897041008267
