 
     Two-Electron DVR    
 ------------------------
 x0     =      15.00000000
 m      =       1.00000000
 Z      =       5.00000000
 n      =             1024
 dx     =       0.02932551
 
Soft-Coulomb Parameters:
 alpha  =       0.01000000
 beta   =       0.10000000
 
 
                       Hartree-Fock                      
 --------------------------------------------------------
 no. of orbitals        =             1024
 no. of electrons       =                2
 scf_damping_switch     =        F
 scf_diis_switch        =        F
 damping_factor         =   0.00000000
 e_tolerance            = 0.0000000000100000
 maximum scf-iterations =              200
 
 
                       SCF iterations                      
 ----------------------------------------------------------
    S.No    Energy (hartree)        dE (hartree)
 ----------------------------------------------------------
       0    -58.809398611685
       1    -56.043832308791      2.765566302894
       2    -56.046799001096      0.002966692304
       3    -56.046809509706      0.000010508611
       4    -56.046809547623      0.000000037916
       5    -56.046809547760      0.000000000138
       6    -56.046809547761      0.000000000001
 ----------------------------------------------------------
  
 
 
 ---------------------------------------
     Molecular Orbital Energies (Eh)    
 ---------------------------------------
       1    -26.64362928
       2     -5.08569474
       3     -2.21046484
       4     -1.17193003
       5     -0.76078616
       6     -0.51263510
       7     -0.38165150
       8     -0.28498005
       9     -0.21952799
      10     -0.14553487
      11     -0.06874010
      12      0.03342448
      13      0.13721196
      14      0.26875211
      15      0.39741052
      16      0.55629977
      17      0.70845643
      18      0.89358537
      19      1.06844099
      20      1.27914009
      21      1.47618184
      22      1.71200388
      23      1.93088461
      24      2.19150340
      25      2.43198474
      26      2.71714215
      27      2.97906388
      28      3.28854044
      29      3.57180174
      30      3.90539984
      31      4.20994625
      32      4.56748088
      33      4.89329440
      34      5.27458820
      35      5.62167934
      36      6.02656029
      37      6.39496149
      38      6.82326218
      39      7.21302232
      40      7.66457994
      41      8.07575979
      42      8.55041666
      43      8.98308511
      44      9.48068925
      45      9.93492024
      46     10.45532606
      47     10.93119604
      48     11.47426487
      49     11.97185084
      50     12.53745136
      51     13.05682932
      52     13.64483792
      53     14.18608159
      54     14.79638254
      55     15.35956253
      56     15.99204806
      57     16.57723118
      58     17.23180144
      59     17.83905023
      60     18.51561320
      61     19.14498566
      62     19.84345694
      63     20.49500638
      64     21.21530895
      65     21.88908392
      66     22.63114786
      67     23.32719219
      68     24.09095434
      69     24.80930726
      70     25.59471088
      71     26.33540715
      72     27.14240157
      73     27.90547165
      74     28.73401190
      75     29.51948219
      76     30.36952862
      77     31.17742169
      78     32.04893962
      79     32.87927440
      80     33.77223377
      81     34.62502583
      82     35.53940084
      83     36.41466263
      84     37.35043141
      85     38.24817250
      86     39.20531680
      87     40.12554409
      88     41.10404896
      89     42.04676692
      90     43.04662046
      91     44.01183134
      92     45.03302438
      93     46.02072844
      94     47.06325431
      95     48.07344998
      96     49.13730429
      97     50.16998836
      98     51.25516875
      99     52.31033656
     100     53.41684249
     101     54.49448809
     102     55.62232067
     103     56.72243694
     104     57.87159875
     105     58.99417756
     106     60.16467247
     107     61.30970481
     108     62.50153785
     109     63.66901394
     110     64.88219114
     111     66.07210056
     112     67.30662881
     113     68.51896057
     114     69.77484757
     115     71.00959021
     116     72.28684428
     117     73.54398598
     118     74.84261602
     119     76.12214461
     120     77.44215999
     121     78.74406312
     122     80.08547359
     123     81.40973868
     124     82.77255433
     125     84.11916872
     126     85.50339987
     127     86.87235082
     128     88.27800800
     129     89.66928274
     130     91.09637661
     131     92.50996240
     132     93.95850371
     133     95.39438785
     134     96.86438742
     135     98.32255730
     136     99.81402594
     137    101.29446906
     138    102.80741756
     139    104.31012158
     140    105.84456068
     141    107.36951339
     142    108.92545375
     143    110.47264314
     144    112.05009531
     145    113.61950956
     146    115.21848397
     147    116.81011146
     148    118.43061840
     149    120.04444775
     150    121.68649734
     151    123.32251739
     152    124.98611959
     153    126.64431942
     154    128.32948400
     155    130.00985293
     156    131.71658947
     157    133.41911708
     158    135.14743496
     159    136.87211108
     160    138.62201948
     161    140.36883419
     162    142.14034207
     163    143.90928572
     164    145.70240183
     165    147.49346502
     166    149.30819789
     167    151.12137147
     168    152.95772941
     169    154.79300451
     170    156.65099561
     171    158.50836359
     172    160.38799573
     173    162.26744822
     174    164.16872904
     175    166.07025791
     176    167.99319485
     177    169.91679221
     178    171.86139250
     179    173.80705071
     180    175.77332134
     181    177.74103302
     182    179.72898077
     183    181.71873875
     184    183.72837022
     185    185.74016755
     186    187.77148911
     187    189.80531909
     188    191.85833692
     189    193.91419306
     190    195.98891314
     191    198.06678915
     192    200.16321727
     193    202.26310710
     194    204.38124884
     195    206.50314663
     196    208.64300740
     197    210.78690750
     198    212.94849253
     199    215.11438946
     200    217.29770380
     201    219.48559229
     202    221.69064081
     203    223.90051578
     204    226.12730320
     205    228.35915972
     206    230.60769058
     207    232.86152392
     208    235.13180261
     209    237.40760821
     210    239.69963896
     211    241.99741240
     212    244.31119929
     213    246.63093634
     214    248.96648331
     215    251.30817986
     216    253.66549070
     217    256.02914283
     218    258.40822119
     219    260.79382508
     220    263.19467449
     221    265.60222650
     222    268.02485036
     223    270.45434696
     224    272.89874852
     225    275.35018632
     226    277.81636875
     227    280.28974448
     228    282.77771080
     229    285.27302131
     230    287.78277445
     231    290.30001673
     232    292.83155949
     233    295.37073062
     234    297.92406571
     235    300.48516289
     236    303.06029290
     237    305.64331344
     238    308.24024089
     239    310.84518219
     240    313.46390948
     241    316.09076904
     242    318.73129849
     243    321.38007393
     244    324.04240777
     245    326.71309678
     246    329.39723714
     247    332.08983750
     248    334.79578645
     249    337.51029603
     250    340.23805555
     251    342.97447230
     252    345.72404429
     253    348.48236624
     254    351.25375253
     255    354.03397780
     256    356.82718015
     257    359.62930690
     258    362.44432700
     259    365.26835350
     260    368.10519298
     261    370.95111755
     262    373.80977796
     263    376.67759897
     264    379.55808182
     265    382.44779774
     266    385.35010446
     267    388.26171379
     268    391.18584577
     269    394.11934708
     270    397.06530565
     271    400.02069757
     272    402.98848400
     273    405.96576521
     274    408.95538073
     275    411.95454997
     276    414.96599575
     277    417.98705179
     278    421.02032897
     279    424.06327066
     280    427.11838031
     281    430.18320652
     282    433.26014969
     283    436.34685934
     284    439.44563704
     285    442.55422909
     286    445.67484228
     287    448.80531575
     288    451.94776533
     289    455.10011926
     290    458.26440614
     291    461.43863962
     292    464.62476463
     293    467.82087679
     294    471.02884075
     295    474.24683074
     296    477.47663444
     297    480.71650144
     298    483.96814563
     299    487.22988888
     300    490.50337427
     301    493.78699302
     302    497.08232032
     303    500.38781385
     304    503.70498371
     305    507.03235134
     306    510.37136440
     307    513.72060548
     308    517.08146234
     309    520.45257623
     310    523.83527749
     311    527.22826359
     312    530.63280981
     313    534.04766754
     314    537.47405925
     315    540.91078805
     316    544.35902578
     317    547.81762511
     318    551.28770936
     319    554.76817871
     320    558.26010995
     321    561.76244883
     322    565.27622751
     323    568.80043546
     324    572.33606202
     325    575.88213858
     326    579.43961345
     327    583.00755818
     328    586.58688176
     329    590.17669425
     330    593.77786692
     331    597.38954677
     332    601.01256891
     333    604.64611574
     334    608.29098770
     335    611.94640115
     336    615.61312328
     337    619.29040298
     338    622.97897560
     339    626.67812123
     340    630.38854466
     341    634.10955589
     342    637.84183043
     343    641.58470695
     344    645.33883289
     345    649.10357441
     346    652.87955202
     347    656.66615825
     348    660.46398781
     349    664.27245847
     350    668.09214023
     351    671.92247507
     352    675.76400927
     353    679.61620804
     354    683.47959492
     355    687.35365738
     356    691.23889716
     357    695.13482307
     358    699.04191598
     359    702.95970513
     360    706.88865136
     361    710.82830354
     362    714.77910330
     363    718.74061830
     364    722.71327178
     365    726.69664941
     366    730.69115679
     367    734.69639688
     368    738.71275833
     369    742.73986068
     370    746.77807638
     371    750.82704083
     372    754.88711094
     373    758.95793733
     374    763.03986200
     375    767.13255017
     376    771.23632955
     377    775.35087935
     378    779.47651359
     379    783.61292488
     380    787.76041411
     381    791.91868676
     382    796.08803111
     383    800.26816498
     384    804.45936458
     385    808.66135955
     386    812.87441452
     387    817.09827047
     388    821.33318093
     389    825.57889774
     390    829.83566380
     391    834.10324137
     392    838.38186314
     393    842.67130136
     394    846.97177893
     395    851.28307770
     396    855.60541119
     397    859.93857042
     398    864.28275990
     399    868.63777950
     400    873.00382508
     401    877.38070495
     402    881.76860671
     403    886.16734678
     404    890.57710481
     405    894.99770499
     406    899.42931936
     407    903.87177959
     408    908.32525039
     409    912.78957058
     410    917.26489788
     411    921.75107797
     412    926.24826184
     413    930.75630176
     414    935.27534227
     415    939.80524197
     416    944.34613917
     417    948.89789858
     418    953.46065256
     419    958.03427163
     420    962.61888243
     421    967.21436110
     422    971.82082878
     423    976.43816701
     424    981.06649164
     425    985.70568936
     426    990.35587098
     427    995.01692816
     428    999.68896684
     429   1004.37188343
     430   1009.06577920
     431   1013.77055516
     432   1018.48630808
     433   1023.21294337
     434   1027.95055348
     435   1032.69904807
     436   1037.45851541
     437   1042.22886925
     438   1047.01019387
     439   1051.80240695
     440   1056.60558889
     441   1061.41966115
     442   1066.24470045
     443   1071.08063187
     444   1075.92752857
     445   1080.78531913
     446   1085.65407325
     447   1090.53372293
     448   1095.42433452
     449   1100.32584328
     450   1105.23831237
     451   1110.16168019
     452   1115.09600681
     453   1120.04123367
     454   1124.99741785
     455   1129.96450374
     456   1134.94254551
     457   1139.93149040
     458   1144.93138979
     459   1149.94219366
     460   1154.96395070
     461   1159.99661355
     462   1165.04022825
     463   1170.09475005
     464   1175.16022246
     465   1180.23660320
     466   1185.32393333
     467   1190.42217300
     468   1195.53136087
     469   1200.65145947
     470   1205.78250510
     471   1210.92446260
     472   1216.07736602
     473   1221.24118243
     474   1226.41594365
     475   1231.60161896
     476   1236.79823800
     477   1242.00577220
     478   1247.22424908
     479   1252.45364216
     480   1257.69397691
     481   1262.94522887
     482   1268.20742149
     483   1273.48053232
     484   1278.76458284
     485   1284.05955255
     486   1289.36546096
     487   1294.68228955
     488   1300.01005589
     489   1305.34874334
     490   1310.69836761
     491   1316.05891395
     492   1321.43039616
     493   1326.81280137
     494   1332.20614153
     495   1337.61040562
     496   1343.02560376
     497   1348.45172673
     498   1353.88878284
     499   1359.33676470
     500   1364.79567879
     501   1370.26551955
     502   1375.74629163
     503   1381.23799129
     504   1386.74062137
     505   1392.25417994
     506   1397.77866802
     507   1403.31408551
     508   1408.86043161
     509   1414.41770802
     510   1419.98591214
     511   1425.56504749
     512   1431.15510962
     513   1436.75610392
     514   1442.36802408
     515   1447.99087734
     516   1453.62465553
     517   1459.26936775
     518   1464.92500397
     519   1470.59157519
     520   1476.26906944
     521   1481.95749965
     522   1487.65685192
     523   1493.36714117
     524   1499.08835147
     525   1504.82049975
     526   1510.56356807
     527   1516.31757541
     528   1522.08250176
     529   1527.85836816
     530   1533.64515253
     531   1539.44287803
     532   1545.25152043
     533   1551.07110504
     534   1556.90160543
     535   1562.74304919
     536   1568.59540759
     537   1574.45871050
     538   1580.33292689
     539   1586.21808900
     540   1592.11416338
     541   1598.02118469
     542   1603.93911705
     543   1609.86799760
     544   1615.80778793
     545   1621.75852775
     546   1627.72017602
     547   1633.69277514
     548   1639.67628137
     549   1645.67073981
     550   1651.67610395
     551   1657.69242176
     552   1663.71964382
     553   1669.75782102
     554   1675.80690096
     555   1681.86693760
     556   1687.93787543
     557   1694.01977152
     558   1700.11256719
     559   1706.21632281
     560   1712.33097632
     561   1718.45659147
     562   1724.59310277
     563   1730.74057752
     564   1736.89894662
     565   1743.06828099
     566   1749.24850784
     567   1755.43970190
     568   1761.64178648
     569   1767.85484026
     570   1774.07878252
     571   1780.31369608
     572   1786.55949603
     573   1792.81626940
     574   1799.08392696
     575   1805.36256023
     576   1811.65207540
     577   1817.95256859
     578   1824.26394129
     579   1830.58629450
     580   1836.91952473
     581   1843.26373797
     582   1849.61882565
     583   1855.98489903
     584   1862.36184415
     585   1868.74977770
     586   1875.14858018
     587   1881.55837399
     588   1887.97903381
     589   1894.41068793
     590   1900.85320500
     591   1907.30671954
     592   1913.77109384
     593   1920.24646884
     594   1926.73270027
     595   1933.22993584
     596   1939.73802437
     597   1946.25712057
     598   1952.78706610
     599   1959.32802305
     600   1965.87982555
     601   1972.44264329
     602   1979.01630265
     603   1985.60098133
     604   1992.19649750
     605   1998.80303717
     606   2005.42041003
     607   2012.04881084
     608   2018.68804035
     609   2025.33830237
     610   2031.99938839
     611   2038.67151177
     612   2045.35445425
     613   2052.04843906
     614   2058.75323786
     615   2065.46908427
     616   2072.19573933
     617   2078.93344741
     618   2085.68195857
     619   2092.44152852
     620   2099.21189570
     621   2105.99332760
     622   2112.78555064
     623   2119.58884468
     624   2126.40292350
     625   2133.22807979
     626   2140.06401420
     627   2146.91103294
     628   2153.76882286
     629   2160.63770416
     630   2167.51734938
     631   2174.40809348
     632   2181.30959390
     633   2188.22220090
     634   2195.14555630
     635   2202.08002646
     636   2209.02523674
     637   2215.98157018
     638   2222.94863508
     639   2229.92683208
     640   2236.91575149
     641   2243.91581218
     642   2250.92658582
     643   2257.94851051
     644   2264.98113826
     645   2272.02492709
     646   2279.07940865
     647   2286.14506194
     648   2293.22139718
     649   2300.30891509
     650   2307.40710367
     651   2314.51648657
     652   2321.63652833
     653   2328.76777638
     654   2335.90967097
     655   2343.06278457
     656   2350.22653182
     657   2357.40151116
     658   2364.58711067
     659   2371.78395616
     660   2378.99140774
     661   2386.21011961
     662   2393.43942283
     663   2400.68000152
     664   2407.93115618
     665   2415.19360193
     666   2422.46660756
     667   2429.75092086
     668   2437.04577722
     669   2444.35195834
     670   2451.66866492
     671   2458.99671439
     672   2466.33527093
     673   2473.68518903
     674   2481.04559498
     675   2488.41738230
     676   2495.79963737
     677   2503.19329423
     678   2510.59739780
     679   2518.01292483
     680   2525.43887660
     681   2532.87627414
     682   2540.32407344
     683   2547.78334218
     684   2555.25298866
     685   2562.73412899
     686   2570.22562192
     687   2577.72863458
     688   2585.24197358
     689   2592.76685900
     690   2600.30204328
     691   2607.84880227
     692   2615.40583139
     693   2622.97446442
     694   2630.55333753
     695   2638.14384548
     696   2645.74456209
     697   2653.35694548
     698   2660.97950467
     699   2668.61376445
     700   2676.25816568
     701   2683.91430242
     702   2691.58054468
     703   2699.25855944
     704   2706.94664212
     705   2714.64653552
     706   2722.35645752
     707   2730.07823071
     708   2737.80999138
     709   2745.55364503
     710   2753.30724316
     711   2761.07277852
     712   2768.84821339
     713   2776.63563123
     714   2784.43290151
     715   2792.24220317
     716   2800.06130808
     717   2807.89249440
     718   2815.73343249
     719   2823.58650495
     720   2831.44927533
     721   2839.32423486
     722   2847.20883596
     723   2855.10568416
     724   2863.01211502
     725   2870.93085290
     726   2878.85911180
     727   2886.79974113
     728   2894.74982698
     729   2902.71234887
     730   2910.68425981
     731   2918.66867619
     732   2926.66241103
     733   2934.66872311
     734   2942.68427980
     735   2950.71248970
     736   2958.74986693
     737   2966.79997598
     738   2974.85917153
     739   2982.93118203
     740   2991.01219444
     741   2999.10610788
     742   3007.20893471
     743   3015.32475359
     744   3023.44939325
     745   3031.58711920
     746   3039.73356902
     747   3047.89320479
     748   3056.06146301
     749   3064.24301040
     750   3072.43307409
     751   3080.63653609
     752   3088.84840334
     753   3097.07378192
     754   3105.30744952
     755   3113.55474797
     756   3121.81021378
     757   3130.07943428
     758   3138.35669481
     759   3146.64784093
     760   3154.94689384
     761   3163.25996799
     762   3171.58080944
     763   3179.91581554
     764   3188.25844295
     765   3196.61538364
     766   3204.97979281
     767   3213.35867238
     768   3221.74486048
     769   3230.14568183
     770   3238.55364425
     771   3246.97641209
     772   3255.40614571
     773   3263.85086323
     774   3272.30236301
     775   3280.76903536
     776   3289.24229785
     777   3297.73092856
     778   3306.22594823
     779   3314.73654295
     780   3323.25331601
     781   3331.78587859
     782   3340.32439900
     783   3348.87893564
     784   3357.43919920
     785   3366.01571417
     786   3374.59771426
     787   3383.19621434
     788   3391.79994634
     789   3400.42043622
     790   3409.04589287
     791   3417.68837999
     792   3426.33555619
     793   3435.00004573
     794   3443.66893353
     795   3452.35543364
     796   3461.04602741
     797   3469.75454380
     798   3478.46683482
     799   3487.19737643
     800   3495.93135850
     801   3504.68393162
     802   3513.43959516
     803   3522.21420961
     804   3530.99154779
     805   3539.78821050
     806   3548.58721280
     807   3557.40593454
     808   3566.22659344
     809   3575.06738187
     810   3583.90968580
     811   3592.77255274
     812   3601.63649342
     813   3610.52144730
     814   3619.40701202
     815   3628.31406584
     816   3637.22124547
     817   3646.15040853
     818   3655.07918909
     819   3664.03047567
     820   3672.98084710
     821   3681.95426745
     822   3690.92621438
     823   3699.92178422
     824   3708.91529554
     825   3717.93302617
     826   3726.94808499
     827   3735.98799369
     828   3745.02458775
     829   3754.08668700
     830   3763.14479770
     831   3772.22910652
     832   3781.30872034
     833   3790.41525250
     834   3799.51634896
     835   3808.64512540
     836   3817.76768958
     837   3826.91872550
     838   3836.06273484
     839   3845.23605330
     840   3854.40149134
     841   3863.59710911
     842   3872.78395099
     843   3882.00189351
     844   3891.21012104
     845   3900.45040682
     846   3909.67999258
     847   3918.94264967
     848   3928.19357361
     849   3937.47862245
     850   3946.75085430
     851   3956.05832585
     852   3965.35184344
     853   3974.68176028
     854   3983.99653023
     855   3993.34892652
     856   4002.68492432
     857   4012.05982504
     858   4021.41701381
     859   4030.81445669
     860   4040.19280936
     861   4049.61282199
     862   4059.01229779
     863   4068.45492191
     864   4077.87549089
     865   4087.34075700
     866   4096.78237410
     867   4106.27032836
     868   4115.73296045
     869   4125.24363660
     870   4134.72723380
     871   4144.26068293
     872   4153.76520860
     873   4163.32146807
     874   4172.84686693
     875   4182.42599333
     876   4191.97222486
     877   4201.57425952
     878   4211.14126245
     879   4220.76626813
     880   4230.35399756
     881   4240.00202005
     882   4249.61040803
     883   4259.28151694
     884   4268.91051373
     885   4278.60475981
     886   4288.25428996
     887   4297.97175052
     888   4307.64175889
     889   4317.38249018
     890   4327.07289294
     891   4336.83698089
     892   4346.54771689
     893   4356.33522391
     894   4366.06619988
     895   4375.87722159
     896   4385.62836967
     897   4395.46297534
     898   4405.23419167
     899   4415.09248779
     900   4424.88369706
     901   4434.76576055
     902   4444.57684695
     903   4454.48279658
     904   4464.31367643
     905   4474.24359768
     906   4484.09414174
     907   4494.04816721
     908   4503.91828244
     909   4513.89650719
     910   4523.78604915
     911   4533.78862141
     912   4543.69748660
     913   4553.72451217
     914   4563.65253893
     915   4573.70418375
     916   4583.65125686
     917   4593.72763875
     918   4603.69357702
     919   4613.79488205
     920   4623.77955711
     921   4633.90591658
     922   4643.90912502
     923   4654.06074789
     924   4664.08234660
     925   4674.25937931
     926   4684.29913954
     927   4694.50181717
     928   4704.55957924
     929   4714.78806524
     930   4724.86357145
     931   4735.11813079
     932   4745.21120282
     933   4755.49201809
     934   4765.60236507
     935   4775.90973546
     936   4786.03715815
     937   4796.37128780
     938   4806.51545714
     939   4816.87668466
     940   4827.03737790
     941   4837.42593161
     942   4847.60277573
     943   4858.01903968
     944   4868.21178548
     945   4878.65601523
     946   4888.86423884
     947   4899.33687101
     948   4909.56029360
     949   4920.06161427
     950   4930.29975296
     951   4940.83025982
     952   4951.08280265
     953   4961.64281593
     954   4971.90921133
     955   4982.49929983
     956   4992.77919894
     957   5003.39972095
     958   5013.69249197
     959   5024.34409941
     960   5034.64935268
     961   5045.33244594
     962   5055.64945556
     963   5066.36478411
     964   5076.69311577
     965   5087.44112612
     966   5097.77994301
     967   5108.56149970
     968   5118.91031938
     969   5129.72591866
     970   5140.08377294
     971   5150.93441579
     972   5161.30077146
     973   5172.18700667
     974   5182.56073874
     975   5193.48373037
     976   5203.86425388
     977   5214.82460439
     978   5225.21060540
     979   5236.20967577
     980   5246.60051938
     981   5257.63896419
     982   5268.03310546
     983   5279.11252711
     984   5289.50928758
     985   5300.63038678
     986   5311.02793342
     987   5322.19261505
     988   5332.59023924
     989   5343.79923755
     990   5354.19473648
     991   5365.45034702
     992   5375.84300647
     993   5387.14597440
     994   5397.53309761
     995   5408.88624478
     996   5419.26715444
     997   5430.67119856
     998   5441.04250250
     999   5452.50101476
    1000   5462.86214641
    1001   5474.37575241
    1002   5484.72227239
    1003   5496.29568774
    1004   5506.62727616
    1005   5518.26091930
    1006   5528.57142218
    1007   5540.27191556
    1008   5550.56154113
    1009   5562.32886544
    1010   5572.58833776
    1011   5584.43266746
    1012   5594.66342624
    1013   5606.58374108
    1014   5616.76993065
    1015   5628.78414482
    1016   5638.93077079
    1017   5651.03500074
    1018   5661.10866636
    1019   5673.34270288
    1020   5683.36472938
    1021   5695.71097570
    1022   5705.57090942
    1023   5718.17913114
    1024   5728.25149806
 ---------------------------------------
 
SCF converged! Final Ground-State Energy (Eh):             -56.0468095477609722
