 
     Two-Electron DVR    
 ------------------------
 x0     =      15.00000000
 m      =       1.00000000
 Z      =       4.00000000
 n      =              128
 dx     =       0.23622047
 
Soft-Coulomb Parameters:
 alpha  =       0.01000000
 beta   =       1.00000000
 
 
                       Hartree-Fock                      
 --------------------------------------------------------
 no. of orbitals        =              128
 no. of electrons       =                2
 scf_damping_switch     =        F
 scf_diis_switch        =        F
 damping_factor         =   0.00000000
 e_tolerance            = 0.0000000000100000
 maximum scf-iterations =              200
 
 
                       SCF iterations                      
 ----------------------------------------------------------
    S.No    Energy (hartree)        dE (hartree)
 ----------------------------------------------------------
       0    -39.421747684997
       1    -38.452840756803      0.968906928194
       2    -38.452887379291      0.000046622488
       3    -38.452887466460      0.000000087169
       4    -38.452887466630      0.000000000169
       5    -38.452887466630      0.000000000000
 ----------------------------------------------------------
  
 
 
 ---------------------------------------
     Molecular Orbital Energies (Eh)    
 ---------------------------------------
       1    -18.74203710
       2     -4.75760649
       3     -1.55952302
       4     -0.78419296
       5     -0.42912991
       6     -0.29161385
       7     -0.19735814
       8     -0.14335552
       9     -0.07764342
      10     -0.01294843
      11      0.08128099
      12      0.17067648
      13      0.29404966
      14      0.40614263
      15      0.55693715
      16      0.69052460
      17      0.86785428
      18      1.02218130
      19      1.22556055
      20      1.40011270
      21      1.62924170
      22      1.82360044
      23      2.07832835
      24      2.29216226
      25      2.57240226
      26      2.80537896
      27      3.11114657
      28      3.36298125
      29      3.69431215
      30      3.96468050
      31      4.32170057
      32      4.61032292
      33      4.99314785
      34      5.29968567
      35      5.70851931
      36      6.03268982
      37      6.46769928
      38      6.80914609
      39      7.27059145
      40      7.62903063
      41      8.11711039
      42      8.49216849
      43      9.00718524
      44      9.39858075
      45      9.94075118
      46     10.34809363
      47     10.91775563
      48     11.34076854
      49     11.93814880
      50     12.37642263
      51     13.00189217
      52     13.45515664
      53     14.10894749
      54     14.57676984
      55     15.25928773
      56     15.74140407
      57     16.45288386
      58     16.94883215
      59     17.68971872
      60     18.19924130
      61     18.96977094
      62     19.49236881
      63     20.29303229
      64     20.82845407
      65     21.65948797
      66     22.20718846
      67     23.06913827
      68     23.62887329
      69     24.52197425
      70     25.09314160
      71     26.01800476
      72     26.60036983
      73     27.55722634
      74     28.15011721
      75     29.13965700
      76     29.74285334
      77     30.76529860
      78     31.37804366
      79     32.43417957
      80     33.05627535
      81     34.14630726
      82     34.77689381
      83     35.90172253
      84     36.54063737
      85     37.70043880
      86     38.34669595
      87     39.54251257
      88     40.19600593
      89     41.42796431
      90     42.08755269
      91     43.35687114
      92     44.02253779
      93     45.32926218
      94     45.99967230
      95     47.34524290
      96     48.02052189
      97     49.40485354
      98     50.08342062
      99     51.50824011
     100     52.19044948
     101     53.65545767
     102     54.33940798
     103     55.84671296
     104     56.53313437
     105     58.08208123
     106     58.76863861
     107     60.36186535
     108     61.04992717
     109     62.68616913
     110     63.37277696
     111     65.05546030
     112     65.74312001
     113     67.46988646
     114     68.15464997
     115     69.93023749
     116     70.61679727
     117     72.43674620
     118     73.11929848
     119     74.99099123
     120     75.67903956
     121     77.59348493
     122     78.27665787
     123     80.24872669
     124     80.95070955
     125     82.95916558
     126     83.65108191
     127     85.75829243
     128     86.58598586
 ---------------------------------------
 
SCF converged! Final Ground-State Energy (Eh):             -38.4528874666296616
