 
     Two-Electron DVR    
 ------------------------
 x0     =      15.00000000
 m      =       1.00000000
 Z      =       5.00000000
 n      =              256
 dx     =       0.11764706
 
Soft-Coulomb Parameters:
 alpha  =       0.10000000
 beta   =       0.01000000
 
 
                       Hartree-Fock                      
 --------------------------------------------------------
 no. of orbitals        =              256
 no. of electrons       =                2
 scf_damping_switch     =        F
 scf_diis_switch        =        F
 damping_factor         =   0.00000000
 e_tolerance            = 0.0000000000100000
 maximum scf-iterations =              200
 
 
                       SCF iterations                      
 ----------------------------------------------------------
    S.No    Energy (hartree)        dE (hartree)
 ----------------------------------------------------------
       0    -22.722702573542
       1    -18.324874252272      4.397828321270
       2    -18.517089992047      0.192215739775
       3    -18.517338867915      0.000248875868
       4    -18.517340834187      0.000001966272
       5    -18.517340852117      0.000000017930
       6    -18.517340852290      0.000000000174
       7    -18.517340852292      0.000000000002
 ----------------------------------------------------------
  
 
 
 ---------------------------------------
     Molecular Orbital Energies (Eh)    
 ---------------------------------------
       1     -7.25701754
       2     -1.97751277
       3     -1.21359438
       4     -0.74419919
       5     -0.53214978
       6     -0.37917718
       7     -0.29472591
       8     -0.21946439
       9     -0.15679698
      10     -0.07153456
      11      0.01486340
      12      0.12996565
      13      0.24188322
      14      0.38428681
      15      0.52019871
      16      0.68807618
      17      0.84726134
      18      1.03946853
      19      1.22158462
      20      1.43732563
      21      1.64221028
      22      1.88089576
      23      2.10847444
      24      2.36965414
      25      2.61989306
      26      2.90321890
      27      3.17609999
      28      3.48130309
      29      3.77681077
      30      4.10368540
      31      4.42180014
      32      4.77019151
      33      5.11088718
      34      5.48068171
      35      5.84392517
      36      6.23504247
      37      6.62079429
      38      7.03318044
      39      7.44139611
      40      7.87501818
      41      8.30564955
      42      8.76049090
      43      9.21348759
      44      9.68954412
      45     10.16485471
      46     10.66213173
      47     11.15970490
      48     11.67821459
      49     12.19799994
      50     12.73775931
      51     13.27970806
      52     13.84073739
      53     14.40480284
      54     14.98712435
      55     15.57326231
      56     16.17689923
      57     16.78506816
      58     17.41004395
      59     18.04020517
      60     18.68654300
      61     19.33866064
      62     20.00638296
      63     20.68042401
      64     21.36955232
      65     22.06548650
      66     22.77604109
      67     23.49384079
      68     24.22584071
      69     24.96548080
      70     25.71894372
      71     26.48040149
      72     27.25534381
      73     28.03859868
      74     28.83503541
      75     29.64006894
      76     30.45801387
      77     31.28480941
      78     32.12427504
      79     32.97281777
      80     33.83381553
      81     34.70409212
      82     35.58663228
      83     36.47863094
      84     37.38272286
      85     38.29643300
      86     39.22208502
      87     40.15749734
      88     41.10471705
      89     42.06182322
      90     43.03061730
      91     44.00941009
      92     44.99978467
      93     46.00025755
      94     47.01221793
      95     48.03436534
      96     49.06791643
      97     50.11173331
      98     51.16687929
      99     52.23236143
     100     53.30910620
     101     54.39624973
     102     55.49459651
     103     56.60339832
     104     57.72335020
     105     58.85380738
     106     59.99536679
     107     61.14747715
     108     62.31064649
     109     63.48440789
     110     64.66918892
     111     65.86459993
     112     67.07099451
     113     68.28805362
     114     69.51606290
     115     70.75476936
     116     72.00439472
     117     73.26474754
     118     74.53598960
     119     75.81798864
     120     77.11084834
     121     78.41449309
     122     79.72897052
     123     81.05426141
     124     82.39035712
     125     83.73729408
     126     85.09500763
     127     86.46359167
     128     87.84292319
     129     89.23315468
     130     90.63410315
     131     92.04598374
     132     93.46854887
     133     94.90207937
     134     96.34625945
     135     97.80144226
     136     99.26723651
     137    100.74407297
     138    102.23147887
     139    103.72997224
     140    105.23898841
     141    106.75914067
     142    108.28976358
     143    109.83157906
     144    111.38380660
     145    112.94728807
     146    114.52111546
     147    116.10626859
     148    117.70169274
     149    119.30852134
     150    120.92553586
     151    122.55404730
     152    124.19264787
     153    125.84284727
     154    127.50302544
     155    129.17492239
     156    130.85667219
     157    132.55027355
     158    134.25358386
     159    135.96890206
     160    137.69376476
     161    139.43080895
     162    141.17720946
     163    142.93599575
     164    144.70392312
     165    146.48446367
     166    148.27389884
     167    150.07621455
     168    151.88714280
     169    153.71124980
     170    155.54364627
     171    157.38957164
     172    159.24341672
     173    161.11118180
     174    162.98644308
     175    164.87608296
     176    166.77273439
     177    168.68427724
     178    170.60227671
     179    172.53576792
     180    174.47508099
     181    176.43055763
     182    178.39112970
     183    180.36865038
     184    182.35043618
     185    184.35004941
     186    186.35297842
     187    188.37475967
     188    190.39877277
     189    192.44278515
     190    194.48779164
     191    196.55413186
     192    198.62005523
     193    200.70880467
     194    202.79552906
     195    204.90681079
     196    207.01423831
     197    209.14815604
     198    211.27614010
     199    213.43284885
     200    215.58126616
     201    217.76089589
     202    219.92956349
     203    222.13230661
     204    224.32107273
     205    226.54708811
     206    228.75572889
     207    231.00525022
     208    233.23358504
     209    235.50679942
     210    237.75456223
     211    240.05174456
     212    242.31873139
     213    244.64008942
     214    246.92599756
     215    249.27183932
     216    251.57645777
     217    253.94699188
     218    256.26999835
     219    258.66554507
     220    261.00675460
     221    263.42748530
     222    265.78658851
     223    268.23279906
     224    270.60969043
     225    273.08145681
     226    275.47588255
     227    277.97343355
     228    280.38543055
     229    282.90868562
     230    285.33807353
     231    287.88719373
     232    290.33417240
     233    292.90892550
     234    295.37327006
     235    297.97393210
     236    300.45583916
     237    303.08227545
     238    305.58094990
     239    308.23424949
     240    310.74922566
     241    313.43020421
     242    315.95860249
     243    318.67106905
     244    321.21009303
     245    323.95785859
     246    326.49879501
     247    329.29307196
     248    331.82749062
     249    334.67918714
     250    337.18287907
     251    340.12377766
     252    342.57876947
     253    345.63437140
     254    347.96250704
     255    351.26359095
     256    353.53968437
 ---------------------------------------
 
SCF converged! Final Ground-State Energy (Eh):             -18.5173408522919232
