 
     Two-Electron DVR    
 ------------------------
 x0     =      15.00000000
 m      =       1.00000000
 Z      =       6.00000000
 n      =              256
 dx     =       0.11764706
 
Soft-Coulomb Parameters:
 alpha  =       0.10000000
 beta   =       0.01000000
 
 
                       Hartree-Fock                      
 --------------------------------------------------------
 no. of orbitals        =              256
 no. of electrons       =                2
 scf_damping_switch     =        F
 scf_diis_switch        =        F
 damping_factor         =   0.00000000
 e_tolerance            = 0.0000000000100000
 maximum scf-iterations =              200
 
 
                       SCF iterations                      
 ----------------------------------------------------------
    S.No    Energy (hartree)        dE (hartree)
 ----------------------------------------------------------
       0    -27.953489902004
       1    -23.382608682471      4.570881219533
       2    -23.550953750568      0.168345068097
       3    -23.551198197815      0.000244447247
       4    -23.551199685254      0.000001487438
       5    -23.551199696354      0.000000011101
       6    -23.551199696442      0.000000000087
       7    -23.551199696442      0.000000000001
 ----------------------------------------------------------
  
 
 
 ---------------------------------------
     Molecular Orbital Energies (Eh)    
 ---------------------------------------
       1     -9.66233085
       2     -3.23385259
       3     -1.97523660
       4     -1.25698316
       5     -0.89474002
       6     -0.65051683
       7     -0.50465542
       8     -0.39441472
       9     -0.31747476
      10     -0.23970220
      11     -0.15957369
      12     -0.05785324
      13      0.05006217
      14      0.18101866
      15      0.31516152
      16      0.47286108
      17      0.63166147
      18      0.81460143
      19      0.99721090
      20      1.20444064
      21      1.41036507
      22      1.64122403
      23      1.87015789
      24      2.12415780
      25      2.37590350
      26      2.65266933
      27      2.92709353
      28      3.22633067
      29      3.52333883
      30      3.84481318
      31      4.16433417
      32      4.50785905
      33      4.84983559
      34      5.21526244
      35      5.57964524
      36      5.96685664
      37      6.35360086
      38      6.76250496
      39      7.17156816
      40      7.60209421
      41      8.03343526
      42      8.48552981
      43      8.93910842
      44      9.41273219
      45      9.88850874
      46     10.38363395
      47     10.88156959
      48     11.39817771
      49     11.91823452
      50     12.45631434
      51     12.99845558
      52     13.55800171
      53     14.12219195
      54     14.70320343
      55     15.28940883
      56     15.89188811
      57     16.50007647
      58     17.12402846
      59     17.75416941
      60     18.39960084
      61     19.05166585
      62     19.71858461
      63     20.39254705
      64     21.08096183
      65     21.77679691
      66     22.48671674
      67     23.20440160
      68     23.93583568
      69     24.67534917
      70     25.42830655
      71     26.18962934
      72     26.96411889
      73     27.74723322
      74     28.54326338
      75     29.34815313
      76     30.16573200
      77     30.99238245
      78     31.83151754
      79     32.67991543
      80     33.54061386
      81     34.41074710
      82     35.29301535
      83     36.18487317
      84     37.08871733
      85     38.00228991
      86     38.92771544
      87     39.86299410
      88     40.81000613
      89     41.76698297
      90     42.73558598
      91     43.71425412
      92     44.70445234
      93     45.70480546
      94     46.71660253
      95     47.73863524
      96     48.77203461
      97     49.81574192
      98     50.87074643
      99     51.93612421
     100     53.01273664
     101     54.09978100
     102     55.19800352
     103     56.30671137
     104     57.42654619
     105     58.55691455
     106     59.69836321
     107     60.85038990
     108     62.01345410
     109     63.18713689
     110     64.37181765
     111     65.56715515
     112     66.77345372
     113     67.99044433
     114     69.21836121
     115     70.45700425
     116     71.70654028
     117     72.96683474
     118     74.23798991
     119     75.51993576
     120     76.81271054
     121     78.11630727
     122     79.43070112
     123     80.75594938
     124     82.09196238
     125     83.43886216
     126     84.79649318
     127     86.16504583
     128     87.54429454
     129     88.93450056
     130     90.33536516
     131     91.74722667
     132     93.16970636
     133     94.60322444
     134     96.04731660
     135     97.50249430
     136     98.96819754
     137    100.44503658
     138    101.93234732
     139    103.43085183
     140    104.93976795
     141    106.45994048
     142    107.99045716
     143    109.53230320
     144    111.08441738
     145    112.64794050
     146    114.22164580
     147    115.80685317
     148    117.40214533
     149    119.00904184
     150    120.62591247
     151    122.25450747
     152    123.89295071
     153    125.54325079
     154    127.20325567
     155    128.87527295
     156    130.55683156
     157    132.25057484
     158    133.95367286
     159    135.66915785
     160    137.39378463
     161    139.13102304
     162    140.87715997
     163    142.63617211
     164    144.40380495
     165    146.18460635
     166    147.97371092
     167    149.77632782
     168    151.58688520
     169    153.41133812
     170    155.24331695
     171    157.08963977
     172    158.94301502
     173    160.81123474
     174    162.68596582
     175    164.57612614
     176    166.47218009
     177    168.38431642
     178    170.30164082
     179    172.23580939
     180    174.17436107
     181    176.13060810
     182    178.09031958
     183    180.06871725
     184    182.04953234
     185    184.05014057
     186    186.05197277
     187    188.07488382
     188    190.09766060
     189    192.14295156
     190    194.18656265
     191    196.25435075
     192    198.31870349
     193    200.40908686
     194    202.49404177
     195    204.60716815
     196    206.71260844
     197    208.84860096
     198    210.97435209
     199    213.13339486
     200    215.27931229
     201    217.46155684
     202    219.62742526
     203    221.83309754
     204    224.01874248
     205    226.24802401
     206    228.45318488
     207    230.70634741
     208    232.93082080
     209    235.20807375
     210    237.45155194
     211    239.75321375
     212    242.01547083
     213    244.34177067
     214    246.62245400
     215    248.97375367
     216    251.27262876
     217    253.64916121
     218    255.96583606
     219    258.36800063
     220    260.70225288
     221    263.13026463
     222    265.48166388
     223    267.93596244
     224    270.30431567
     225    272.78508494
     226    275.16989297
     227    277.67765837
     228    280.07873818
     229    282.61368911
     230    285.03034312
     231    287.59326225
     232    290.02518357
     233    292.61644616
     234    295.06236185
     235    297.68348160
     236    300.14256140
     237    302.79459862
     238    305.26407896
     239    307.95039611
     240    310.42801757
     241    313.15145111
     242    315.63095135
     243    318.39914317
     244    320.87514371
     245    323.69473653
     246    326.15318364
     247    329.04147273
     248    331.47149975
     249    334.44217159
     250    336.81168813
     251    339.90650173
     252    342.20062786
     253    345.44358957
     254    347.57365250
     255    351.12340461
     256    353.22072731
 ---------------------------------------
 
SCF converged! Final Ground-State Energy (Eh):             -23.5511996964423815
