 
     Two-Electron DVR    
 ------------------------
 x0     =      15.00000000
 m      =       1.00000000
 Z      =       5.00000000
 n      =             2048
 dx     =       0.01465559
 
Soft-Coulomb Parameters:
 alpha  =       0.10000000
 beta   =       1.00000000
 
 
                       Hartree-Fock                      
 --------------------------------------------------------
 no. of orbitals        =             2048
 no. of electrons       =                2
 scf_damping_switch     =        F
 scf_diis_switch        =        F
 damping_factor         =   0.00000000
 e_tolerance            = 0.0000000000100000
 maximum scf-iterations =              200
 
 
                       SCF iterations                      
 ----------------------------------------------------------
    S.No    Energy (hartree)        dE (hartree)
 ----------------------------------------------------------
       0    -22.722705332418
       1    -21.784313131833      0.938392200585
       2    -21.784643286758      0.000330154925
       3    -21.784645439613      0.000002152856
       4    -21.784645453848      0.000000014235
       5    -21.784645453943      0.000000000094
       6    -21.784645453943      0.000000000001
 ----------------------------------------------------------
  
 
 
 ---------------------------------------
     Molecular Orbital Energies (Eh)    
 ---------------------------------------
       1    -10.42346132
       2     -3.86743387
       3     -1.87684680
       4     -1.06352799
       5     -0.68917556
       6     -0.47922537
       7     -0.35471924
       8     -0.26952673
       9     -0.20191299
      10     -0.12878443
      11     -0.04401392
      12      0.05741121
      13      0.17062678
      14      0.29980138
      15      0.43920872
      16      0.59425080
      17      0.75851753
      18      0.93836430
      19      1.12671132
      20      1.33069387
      21      1.54261933
      22      1.77027707
      23      2.00543709
      24      2.25643140
      25      2.51458128
      26      2.78865071
      27      3.06961211
      28      3.36654749
      29      3.67018809
      30      3.98981800
      31      4.31603798
      32      4.65821983
      33      5.00694243
      34      5.37155672
      35      5.74272157
      36      6.12966790
      37      6.52322622
      38      6.93242034
      39      7.34833157
      40      7.77970303
      41      8.21793241
      42      8.67142259
      43      9.13193950
      44      9.60749996
      45     10.09027678
      46     10.58786779
      47     11.09287914
      48     11.61246834
      49     12.13969061
      50     12.68125192
      51     13.23066290
      52     13.79417548
      53     14.36575425
      54     14.95120165
      55     15.54492838
      56     16.15229779
      57     16.76815374
      58     17.39743530
      59     18.03540276
      60     18.68658906
      61     19.34665134
      62     20.01973690
      63     20.70187829
      64     21.39685923
      65     22.10106500
      66     22.81793866
      67     23.54419503
      68     24.28295972
      69     25.03125387
      70     25.79190864
      71     26.56222862
      72     27.34477310
      73     28.13710785
      74     28.94154208
      75     29.75588137
      76     30.58220568
      77     31.41854006
      78     32.26675500
      79     33.12507580
      80     33.99518205
      81     34.87548127
      82     35.76747959
      83     36.66974993
      84     37.58364110
      85     38.50787585
      86     39.44366068
      87     40.38985370
      88     41.34753296
      89     42.31567868
      90     43.29525308
      91     44.28534640
      92     45.28681664
      93     46.29885290
      94     47.32221960
      95     48.35619459
      96     49.40145830
      97     50.45736818
      98     51.52452939
      99     52.60237066
     100     53.69142983
     101     54.79119932
     102     55.90215681
     103     57.02385164
     104     58.15670776
     105     59.30032532
     106     60.45508035
     107     61.62061827
     108     62.79727241
     109     63.98472853
     110     65.18328196
     111     66.39265434
     112     67.61310717
     113     68.84439403
     114     70.08674636
     115     71.33994611
     116     72.60419799
     117     73.87930915
     118     75.16546062
     119     76.46248188
     120     77.77053293
     121     79.08946308
     122     80.41941369
     123     81.76025164
     124     83.11210177
     125     84.47484652
     126     85.84859612
     127     87.23324678
     128     88.62889576
     129     90.03545150
     130     91.45299980
     131     92.88145986
     132     94.32090738
     133     95.77127109
     134     97.23261773
     135     98.70488446
     136    100.18813011
     137    101.68229929
     138    103.18744384
     139    104.70351495
     140    106.23055829
     141    107.76853086
     142    109.31747287
     143    110.87734646
     144    112.44818703
     145    114.02996123
     146    115.62270024
     147    117.22637468
     148    118.84101201
     149    120.46658637
     150    122.10312191
     151    123.75059586
     152    125.40902949
     153    127.07840276
     154    128.75873436
     155    130.45000667
     156    132.15223614
     157    133.86540726
     158    135.58953449
     159    137.32460419
     160    139.07062907
     161    140.82759713
     162    142.59551956
     163    144.37438580
     164    146.16420567
     165    147.96496991
     166    149.77668713
     167    151.59934919
     168    153.43296368
     169    155.27752341
     170    157.13303506
     171    158.99949232
     172    160.87690105
     173    162.76525570
     174    164.66456142
     175    166.57481334
     176    168.49601597
     177    170.42816503
     178    172.37126450
     179    174.32531060
     180    176.29030682
     181    178.26624986
     182    180.25314277
     183    182.25098263
     184    184.25977216
     185    186.27950877
     186    188.31019484
     187    190.35182811
     188    192.40441067
     189    194.46794051
     190    196.54241949
     191    198.62784584
     192    200.72422118
     193    202.83154396
     194    204.94981560
     195    207.07903474
     196    209.21920264
     197    211.37031808
     198    213.53238217
     199    215.70539385
     200    217.88935409
     201    220.08426195
     202    222.29011829
     203    224.50692227
     204    226.73467466
     205    228.97337473
     206    231.22302313
     207    233.48361922
     208    235.75516359
     209    238.03765566
     210    240.33109595
     211    242.63548396
     212    244.95082014
     213    247.27710404
     214    249.61433607
     215    251.96251583
     216    254.32164368
     217    256.69171925
     218    259.07274288
     219    261.46471423
     220    263.86763361
     221    266.28150071
     222    268.70631581
     223    271.14207862
     224    273.58878940
     225    276.04644790
     226    278.51505434
     227    280.99460849
     228    283.48511055
     229    285.98656033
     230    288.49895800
     231    291.02230338
     232    293.55659662
     233    296.10183757
     234    298.65802637
     235    301.22516286
     236    303.80324719
     237    306.39227921
     238    308.99225905
     239    311.60318656
     240    314.22506189
     241    316.85788488
     242    319.50165567
     243    322.15637412
     244    324.82204035
     245    327.49865425
     246    330.18621590
     247    332.88472522
     248    335.59418228
     249    338.31458699
     250    341.04593945
     251    343.78823954
     252    346.54148737
     253    349.30568283
     254    352.08082601
     255    354.86691682
     256    357.66395534
     257    360.47194149
     258    363.29087534
     259    366.12075680
     260    368.96158596
     261    371.81336273
     262    374.67608719
     263    377.54975925
     264    380.43437899
     265    383.32994633
     266    386.23646134
     267    389.15392394
     268    392.08233422
     269    395.02169207
     270    397.97199759
     271    400.93325069
     272    403.90545144
     273    406.88859977
     274    409.88269575
     275    412.88773929
     276    415.90373048
     277    418.93066923
     278    421.96855563
     279    425.01738958
     280    428.07717117
     281    431.14790031
     282    434.22957709
     283    437.32220140
     284    440.42577335
     285    443.54029284
     286    446.66575996
     287    449.80217461
     288    452.94953688
     289    456.10784668
     290    459.27710411
     291    462.45730905
     292    465.64846162
     293    468.85056171
     294    472.06360940
     295    475.28760462
     296    478.52254745
     297    481.76843778
     298    485.02527573
     299    488.29306118
     300    491.57179424
     301    494.86147481
     302    498.16210297
     303    501.47367864
     304    504.79620190
     305    508.12967266
     306    511.47409102
     307    514.82945688
     308    518.19577032
     309    521.57303126
     310    524.96123979
     311    528.36039581
     312    531.77049942
     313    535.19155051
     314    538.62354919
     315    542.06649535
     316    545.52038909
     317    548.98523032
     318    552.46101913
     319    555.94775541
     320    559.44543927
     321    562.95407061
     322    566.47364953
     323    570.00417591
     324    573.54564988
     325    577.09807131
     326    580.66144032
     327    584.23575680
     328    587.82102085
     329    591.41723236
     330    595.02439145
     331    598.64249799
     332    602.27155211
     333    605.91155369
     334    609.56250283
     335    613.22439943
     336    616.89724361
     337    620.58103523
     338    624.27577443
     339    627.98146107
     340    631.69809529
     341    635.42567695
     342    639.16420617
     343    642.91368285
     344    646.67410709
     345    650.44547877
     346    654.22779803
     347    658.02106472
     348    661.82527897
     349    665.64044067
     350    669.46654993
     351    673.30360663
     352    677.15161089
     353    681.01056259
     354    684.88046186
     355    688.76130855
     356    692.65310281
     357    696.55584450
     358    700.46953375
     359    704.39417043
     360    708.32975468
     361    712.27628635
     362    716.23376559
     363    720.20219225
     364    724.18156647
     365    728.17188812
     366    732.17315733
     367    736.18537396
     368    740.20853815
     369    744.24264977
     370    748.28770894
     371    752.34371554
     372    756.41066969
     373    760.48857127
     374    764.57742040
     375    768.67721695
     376    772.78796106
     377    776.90965259
     378    781.04229168
     379    785.18587818
     380    789.34041224
     381    793.50589371
     382    797.68232275
     383    801.86969919
     384    806.06802320
     385    810.27729462
     386    814.49751359
     387    818.72867998
     388    822.97079392
     389    827.22385527
     390    831.48786419
     391    835.76282051
     392    840.04872439
     393    844.34557567
     394    848.65337452
     395    852.97212076
     396    857.30181458
     397    861.64245579
     398    865.99404456
     399    870.35658074
     400    874.73006448
     401    879.11449561
     402    883.50987431
     403    887.91620041
     404    892.33347407
     405    896.76169512
     406    901.20086375
     407    905.65097976
     408    910.11204335
     409    914.58405432
     410    919.06701286
     411    923.56091879
     412    928.06577229
     413    932.58157318
     414    937.10832164
     415    941.64601748
     416    946.19466090
     417    950.75425170
     418    955.32479008
     419    959.90627583
     420    964.49870916
     421    969.10208987
     422    973.71641816
     423    978.34169383
     424    982.97791707
     425    987.62508769
     426    992.28320589
     427    996.95227146
     428   1001.63228461
     429   1006.32324514
     430   1011.02515325
     431   1015.73800873
     432   1020.46181179
     433   1025.19656223
     434   1029.94226024
     435   1034.69890563
     436   1039.46649860
     437   1044.24503894
     438   1049.03452687
     439   1053.83496216
     440   1058.64634504
     441   1063.46867528
     442   1068.30195312
     443   1073.14617832
     444   1078.00135110
     445   1082.86747125
     446   1087.74453899
     447   1092.63255409
     448   1097.53151679
     449   1102.44142684
     450   1107.36228449
     451   1112.29408950
     452   1117.23684209
     453   1122.19054206
     454   1127.15518961
     455   1132.13078452
     456   1137.11732703
     457   1142.11481689
     458   1147.12325435
     459   1152.14263917
     460   1157.17297159
     461   1162.21425136
     462   1167.26647873
     463   1172.32965345
     464   1177.40377578
     465   1182.48884545
     466   1187.58486273
     467   1192.69182736
     468   1197.80973959
     469   1202.93859918
     470   1208.07840637
     471   1213.22916091
     472   1218.39086305
     473   1223.56351254
     474   1228.74710964
     475   1233.94165409
     476   1239.14714614
     477   1244.36358554
     478   1249.59097255
     479   1254.82930691
     480   1260.07858888
     481   1265.33881819
     482   1270.60999511
     483   1275.89211938
     484   1281.18519126
     485   1286.48921049
     486   1291.80417733
     487   1297.13009151
     488   1302.46695331
     489   1307.81476245
     490   1313.17351920
     491   1318.54322330
     492   1323.92387501
     493   1329.31547407
     494   1334.71802074
     495   1340.13151475
     496   1345.55595639
     497   1350.99134536
     498   1356.43768195
     499   1361.89496589
     500   1367.36319744
     501   1372.84237633
     502   1378.33250285
     503   1383.83357670
     504   1389.34559818
     505   1394.86856700
     506   1400.40248344
     507   1405.94734722
     508   1411.50315862
     509   1417.06991736
     510   1422.64762373
     511   1428.23627743
     512   1433.83587877
     513   1439.44642743
     514   1445.06792373
     515   1450.70036736
     516   1456.34375862
     517   1461.99809722
     518   1467.66338345
     519   1473.33961701
     520   1479.02679821
     521   1484.72492673
     522   1490.43400290
     523   1496.15402639
     524   1501.88499753
     525   1507.62691599
     526   1513.37978210
     527   1519.14359553
     528   1524.91835660
     529   1530.70406500
     530   1536.50072105
     531   1542.30832441
     532   1548.12687543
     533   1553.95637377
     534   1559.79681976
     535   1565.64821307
     536   1571.51055403
     537   1577.38384232
     538   1583.26807825
     539   1589.16326151
     540   1595.06939242
     541   1600.98647065
     542   1606.91449654
     543   1612.85346974
     544   1618.80339061
     545   1624.76425879
     546   1630.73607463
     547   1636.71883779
     548   1642.71254861
     549   1648.71720674
     550   1654.73281254
     551   1660.75936565
     552   1666.79686643
     553   1672.84531452
     554   1678.90471028
     555   1684.97505335
     556   1691.05634409
     557   1697.14858214
     558   1703.25176787
     559   1709.36590090
     560   1715.49098161
     561   1721.62700962
     562   1727.77398531
     563   1733.93190831
     564   1740.10077899
     565   1746.28059697
     566   1752.47136264
     567   1758.67307561
     568   1764.88573626
     569   1771.10934421
     570   1777.34389986
     571   1783.58940280
     572   1789.84585343
     573   1796.11325136
     574   1802.39159698
     575   1808.68088990
     576   1814.98113051
     577   1821.29231842
     578   1827.61445403
     579   1833.94753693
     580   1840.29156752
     581   1846.64654542
     582   1853.01247101
     583   1859.38934390
     584   1865.77716449
     585   1872.17593237
     586   1878.58564795
     587   1885.00631083
     588   1891.43792141
     589   1897.88047929
     590   1904.33398487
     591   1910.79843774
     592   1917.27383832
     593   1923.76018619
     594   1930.25748177
     595   1936.76572464
     596   1943.28491523
     597   1949.81505310
     598   1956.35613869
     599   1962.90817156
     600   1969.47115215
     601   1976.04508003
     602   1982.62995562
     603   1989.22577850
     604   1995.83254911
     605   2002.45026699
     606   2009.07893261
     607   2015.71854550
     608   2022.36910612
     609   2029.03061402
     610   2035.70306965
     611   2042.38647256
     612   2049.08082320
     613   2055.78612112
     614   2062.50236677
     615   2069.22955970
     616   2075.96770037
     617   2082.71678831
     618   2089.47682400
     619   2096.24780695
     620   2103.02973765
     621   2109.82261562
     622   2116.62644134
     623   2123.44121432
     624   2130.26693506
     625   2137.10360306
     626   2143.95121882
     627   2150.80978184
     628   2157.67929261
     629   2164.55975065
     630   2171.45115645
     631   2178.35350951
     632   2185.26681033
     633   2192.19105842
     634   2199.12625426
     635   2206.07239737
     636   2213.02948824
     637   2219.99752638
     638   2226.97651228
     639   2233.96644543
     640   2240.96732636
     641   2247.97915455
     642   2255.00193050
     643   2262.03565372
     644   2269.08032471
     645   2276.13594295
     646   2283.20250897
     647   2290.28002225
     648   2297.36848330
     649   2304.46789161
     650   2311.57824770
     651   2318.69955104
     652   2325.83180216
     653   2332.97500054
     654   2340.12914670
     655   2347.29424012
     656   2354.47028132
     657   2361.65726977
     658   2368.85520601
     659   2376.06408950
     660   2383.28392078
     661   2390.51469931
     662   2397.75642564
     663   2405.00909921
     664   2412.27272058
     665   2419.54728920
     666   2426.83280562
     667   2434.12926928
     668   2441.43668074
     669   2448.75503944
     670   2456.08434596
     671   2463.42459971
     672   2470.77580127
     673   2478.13795007
     674   2485.51104669
     675   2492.89509054
     676   2500.29008221
     677   2507.69602111
     678   2515.11290783
     679   2522.54074179
     680   2529.97952356
     681   2537.42925257
     682   2544.88992941
     683   2552.36155347
     684   2559.84412537
     685   2567.33764449
     686   2574.84211144
     687   2582.35752562
     688   2589.88388764
     689   2597.42119688
     690   2604.96945396
     691   2612.52865826
     692   2620.09881040
     693   2627.67990977
     694   2635.27195697
     695   2642.87495140
     696   2650.48889368
     697   2658.11378317
     698   2665.74962052
     699   2673.39640508
     700   2681.05413749
     701   2688.72281713
     702   2696.40244461
     703   2704.09301931
     704   2711.79454187
     705   2719.50701165
     706   2727.23042928
     707   2734.96479413
     708   2742.71010684
     709   2750.46636676
     710   2758.23357455
     711   2766.01172955
     712   2773.80083241
     713   2781.60088249
     714   2789.41188044
     715   2797.23382560
     716   2805.06671863
     717   2812.91055886
     718   2820.76534698
     719   2828.63108230
     720   2836.50776550
     721   2844.39539590
     722   2852.29397419
     723   2860.20349968
     724   2868.12397305
     725   2876.05539363
     726   2883.99776209
     727   2891.95107776
     728   2899.91534132
     729   2907.89055207
     730   2915.87671072
     731   2923.87381657
     732   2931.88187032
     733   2939.90087126
     734   2947.93082010
     735   2955.97171614
     736   2964.02356008
     737   2972.08635121
     738   2980.16009025
     739   2988.24477648
     740   2996.34041062
     741   3004.44699195
     742   3012.56452120
     743   3020.69299763
     744   3028.83242198
     745   3036.98279352
     746   3045.14411297
     747   3053.31637961
     748   3061.49959418
     749   3069.69375592
     750   3077.89886560
     751   3086.11492245
     752   3094.34192724
     753   3102.57987920
     754   3110.82877910
     755   3119.08862617
     756   3127.35942119
     757   3135.64116337
     758   3143.93385350
     759   3152.23749080
     760   3160.55207605
     761   3168.87760847
     762   3177.21408884
     763   3185.56151637
     764   3193.91989186
     765   3202.28921452
     766   3210.66948513
     767   3219.06070291
     768   3227.46286864
     769   3235.87598154
     770   3244.30004241
     771   3252.73505043
     772   3261.18100642
     773   3269.63790957
     774   3278.10576069
     775   3286.58455897
     776   3295.07430522
     777   3303.57499863
     778   3312.08664002
     779   3320.60922856
     780   3329.14276508
     781   3337.68724875
     782   3346.24268041
     783   3354.80905922
     784   3363.38638602
     785   3371.97465996
     786   3380.57388190
     787   3389.18405098
     788   3397.80516806
     789   3406.43723228
     790   3415.08024450
     791   3423.73420387
     792   3432.39911124
     793   3441.07496575
     794   3449.76176826
     795   3458.45951792
     796   3467.16821558
     797   3475.88786038
     798   3484.61845320
     799   3493.35999315
     800   3502.11248112
     801   3510.87591622
     802   3519.65029934
     803   3528.43562960
     804   3537.23190788
     805   3546.03913328
     806   3554.85730672
     807   3563.68642728
     808   3572.52649588
     809   3581.37751160
     810   3590.23947536
     811   3599.11238625
     812   3607.99624517
     813   3616.89105121
     814   3625.79680530
     815   3634.71350651
     816   3643.64115576
     817   3652.57975213
     818   3661.52929656
     819   3670.48978810
     820   3679.46122770
     821   3688.44361440
     822   3697.43694917
     823   3706.44123105
     824   3715.45646099
     825   3724.48263804
     826   3733.51976316
     827   3742.56783539
     828   3751.62685569
     829   3760.69682309
     830   3769.77773857
     831   3778.86960115
     832   3787.97241181
     833   3797.08616957
     834   3806.21087541
     835   3815.34652835
     836   3824.49312939
     837   3833.65067751
     838   3842.81917373
     839   3851.99861704
     840   3861.18900845
     841   3870.39034695
     842   3879.60263355
     843   3888.82586723
     844   3898.06004903
     845   3907.30517791
     846   3916.56125490
     847   3925.82827897
     848   3935.10625116
     849   3944.39517042
     850   3953.69503781
     851   3963.00585227
     852   3972.32761486
     853   3981.66032452
     854   3991.00398232
     855   4000.35858718
     856   4009.72414018
     857   4019.10064024
     858   4028.48808845
     859   4037.88648372
     860   4047.29582713
     861   4056.71611761
     862   4066.14735623
     863   4075.58954192
     864   4085.04267576
     865   4094.50675665
     866   4103.98178570
     867   4113.46776181
     868   4122.96468608
     869   4132.47255740
     870   4141.99137689
     871   4151.52114343
     872   4161.06185814
     873   4170.61351990
     874   4180.17612983
     875   4189.74968681
     876   4199.33419197
     877   4208.92964417
     878   4218.53604455
     879   4228.15339198
     880   4237.78168759
     881   4247.42093024
     882   4257.07112109
     883   4266.73225897
     884   4276.40434504
     885   4286.08737815
     886   4295.78135947
     887   4305.48628781
     888   4315.20216436
     889   4324.92898793
     890   4334.66675972
     891   4344.41547853
     892   4354.17514556
     893   4363.94575961
     894   4373.72732189
     895   4383.51983118
     896   4393.32328870
     897   4403.13769323
     898   4412.96304600
     899   4422.79934578
     900   4432.64659379
     901   4442.50478882
     902   4452.37393208
     903   4462.25402235
     904   4472.14506088
     905   4482.04704640
     906   4491.95998018
     907   4501.88386095
     908   4511.81868998
     909   4521.76446602
     910   4531.72119031
     911   4541.68886160
     912   4551.66748115
     913   4561.65704770
     914   4571.65756252
     915   4581.66902432
     916   4591.69143441
     917   4601.72479148
     918   4611.76909683
     919   4621.82434917
     920   4631.89054979
     921   4641.96769739
     922   4652.05579329
     923   4662.15483616
     924   4672.26482733
     925   4682.38576548
     926   4692.51765192
     927   4702.66048534
     928   4712.81426707
     929   4722.97899576
     930   4733.15467277
     931   4743.34129674
     932   4753.53886903
     933   4763.74738827
     934   4773.96685585
     935   4784.19727038
     936   4794.43863324
     937   4804.69094306
     938   4814.95420121
     939   4825.22840631
     940   4835.51355976
     941   4845.80966015
     942   4856.11670889
     943   4866.43470457
     944   4876.76364860
     945   4887.10353957
     946   4897.45437890
     947   4907.81616517
     948   4918.18889980
     949   4928.57258137
     950   4938.96721130
     951   4949.37278817
     952   4959.78931341
     953   4970.21678557
     954   4980.65520612
     955   4991.10457359
     956   5001.56488944
     957   5012.03615222
     958   5022.51836338
     959   5033.01152146
     960   5043.51562795
     961   5054.03068134
     962   5064.55668313
     963   5075.09363184
     964   5085.64152895
     965   5096.20037297
     966   5106.77016540
     967   5117.35090474
     968   5127.94259249
     969   5138.54522715
     970   5149.15881023
     971   5159.78334020
     972   5170.41881861
     973   5181.06524391
     974   5191.72261765
     975   5202.39093827
     976   5213.07020734
     977   5223.76042329
     978   5234.46158769
     979   5245.17369897
     980   5255.89675871
     981   5266.63076532
     982   5277.37572040
     983   5288.13162234
     984   5298.89847276
     985   5309.67627004
     986   5320.46501580
     987   5331.26470842
     988   5342.07534953
     989   5352.89693749
     990   5363.72947394
     991   5374.57295725
     992   5385.42738905
     993   5396.29276770
     994   5407.16909486
     995   5418.05636885
     996   5428.95459136
     997   5439.86376071
     998   5450.78387857
     999   5461.71494327
    1000   5472.65695650
    1001   5483.60991655
    1002   5494.57382514
    1003   5505.54868055
    1004   5516.53448450
    1005   5527.53123527
    1006   5538.53893458
    1007   5549.55758071
    1008   5560.58717539
    1009   5571.62771689
    1010   5582.67920694
    1011   5593.74164380
    1012   5604.81502922
    1013   5615.89936145
    1014   5626.99464225
    1015   5638.10086985
    1016   5649.21804603
    1017   5660.34616900
    1018   5671.48524056
    1019   5682.63525891
    1020   5693.79622584
    1021   5704.96813957
    1022   5716.15100189
    1023   5727.34481100
    1024   5738.54956870
    1025   5749.76527319
    1026   5760.99192629
    1027   5772.22952616
    1028   5783.47807465
    1029   5794.73756991
    1030   5806.00801379
    1031   5817.28940444
    1032   5828.58174372
    1033   5839.88502975
    1034   5851.19926443
    1035   5862.52444586
    1036   5873.86057594
    1037   5885.20765277
    1038   5896.56567825
    1039   5907.93465048
    1040   5919.31457137
    1041   5930.70543899
    1042   5942.10725529
    1043   5953.52001832
    1044   5964.94373002
    1045   5976.37838846
    1046   5987.82399558
    1047   5999.28054942
    1048   6010.74805195
    1049   6022.22650121
    1050   6033.71589916
    1051   6045.21624383
    1052   6056.72753720
    1053   6068.24977728
    1054   6079.78296607
    1055   6091.32710157
    1056   6102.88218579
    1057   6114.44821671
    1058   6126.02519635
    1059   6137.61312269
    1060   6149.21199777
    1061   6160.82181953
    1062   6172.44259004
    1063   6184.07430723
    1064   6195.71697317
    1065   6207.37058579
    1066   6219.03514717
    1067   6230.71065522
    1068   6242.39711204
    1069   6254.09451552
    1070   6265.80286778
    1071   6277.52216671
    1072   6289.25241441
    1073   6300.99360877
    1074   6312.74575192
    1075   6324.50884172
    1076   6336.28288032
    1077   6348.06786557
    1078   6359.86379962
    1079   6371.67068031
    1080   6383.48850982
    1081   6395.31728596
    1082   6407.15701092
    1083   6419.00768251
    1084   6430.86930293
    1085   6442.74186998
    1086   6454.62538586
    1087   6466.51984836
    1088   6478.42525970
    1089   6490.34161766
    1090   6502.26892448
    1091   6514.20717789
    1092   6526.15638018
    1093   6538.11652906
    1094   6550.08762681
    1095   6562.06967116
    1096   6574.06266438
    1097   6586.06660420
    1098   6598.08149290
    1099   6610.10732819
    1100   6622.14411237
    1101   6634.19184313
    1102   6646.25052279
    1103   6658.32014902
    1104   6670.40072417
    1105   6682.49224588
    1106   6694.59471651
    1107   6706.70813370
    1108   6718.83249982
    1109   6730.96781250
    1110   6743.11407411
    1111   6755.27128227
    1112   6767.43943938
    1113   6779.61854302
    1114   6791.80859562
    1115   6804.00959476
    1116   6816.22154286
    1117   6828.44443749
    1118   6840.67828109
    1119   6852.92307122
    1120   6865.17881032
    1121   6877.44549594
    1122   6889.72313056
    1123   6902.01171168
    1124   6914.31124180
    1125   6926.62171842
    1126   6938.94314405
    1127   6951.27551618
    1128   6963.61883733
    1129   6975.97310496
    1130   6988.33832163
    1131   7000.71448477
    1132   7013.10159695
    1133   7025.49965561
    1134   7037.90866331
    1135   7050.32861748
    1136   7062.75952071
    1137   7075.20137040
    1138   7087.65416916
    1139   7100.11791436
    1140   7112.59260865
    1141   7125.07824938
    1142   7137.57483919
    1143   7150.08237545
    1144   7162.60086080
    1145   7175.13029258
    1146   7187.67067347
    1147   7200.22200077
    1148   7212.78427720
    1149   7225.35750004
    1150   7237.94167201
    1151   7250.53679039
    1152   7263.14285790
    1153   7275.75987182
    1154   7288.38783488
    1155   7301.02674433
    1156   7313.67660294
    1157   7326.33740793
    1158   7339.00916210
    1159   7351.69186264
    1160   7364.38551235
    1161   7377.09010844
    1162   7389.80565372
    1163   7402.53214535
    1164   7415.26958619
    1165   7428.01797337
    1166   7440.77730977
    1167   7453.54759251
    1168   7466.32882447
    1169   7479.12100277
    1170   7491.92413030
    1171   7504.73820416
    1172   7517.56322726
    1173   7530.39919668
    1174   7543.24611535
    1175   7556.10398034
    1176   7568.97279459
    1177   7581.85255514
    1178   7594.74326496
    1179   7607.64492108
    1180   7620.55752649
    1181   7633.48107818
    1182   7646.41557917
    1183   7659.36102644
    1184   7672.31742302
    1185   7685.28476586
    1186   7698.26305803
    1187   7711.25229645
    1188   7724.25248420
    1189   7737.26361821
    1190   7750.28570156
    1191   7763.31873115
    1192   7776.36271009
    1193   7789.41763527
    1194   7802.48350981
    1195   7815.56033058
    1196   7828.64810072
    1197   7841.74681708
    1198   7854.85648283
    1199   7867.97709478
    1200   7881.10865614
    1201   7894.25116368
    1202   7907.40462065
    1203   7920.56902380
    1204   7933.74437637
    1205   7946.93067512
    1206   7960.12792331
    1207   7973.33611767
    1208   7986.55526147
    1209   7999.78535144
    1210   8013.02639086
    1211   8026.27837643
    1212   8039.54131148
    1213   8052.81519267
    1214   8066.10002334
    1215   8079.39580014
    1216   8092.70252643
    1217   8106.02019885
    1218   8119.34882078
    1219   8132.68838881
    1220   8146.03890637
    1221   8159.40037003
    1222   8172.77278323
    1223   8186.15614251
    1224   8199.55045134
    1225   8212.95570625
    1226   8226.37191072
    1227   8239.79906126
    1228   8253.23716137
    1229   8266.68620755
    1230   8280.14620331
    1231   8293.61714511
    1232   8307.09903652
    1233   8320.59187396
    1234   8334.09566102
    1235   8347.61039410
    1236   8361.13607681
    1237   8374.67270553
    1238   8388.22028390
    1239   8401.77880827
    1240   8415.34828229
    1241   8428.92870231
    1242   8442.52007199
    1243   8456.12238766
    1244   8469.73565301
    1245   8483.35986432
    1246   8496.99502534
    1247   8510.64113231
    1248   8524.29818899
    1249   8537.96619162
    1250   8551.64514397
    1251   8565.33504226
    1252   8579.03589028
    1253   8592.74768423
    1254   8606.47042793
    1255   8620.20411755
    1256   8633.94875693
    1257   8647.70434221
    1258   8661.47087727
    1259   8675.24835822
    1260   8689.03678896
    1261   8702.83616559
    1262   8716.64649202
    1263   8730.46776431
    1264   8744.29998643
    1265   8758.14315440
    1266   8771.99727222
    1267   8785.86233587
    1268   8799.73834937
    1269   8813.62530870
    1270   8827.52321791
    1271   8841.43207292
    1272   8855.35187782
    1273   8869.28262852
    1274   8883.22432913
    1275   8897.17697552
    1276   8911.14057182
    1277   8925.11511391
    1278   8939.10060592
    1279   8953.09704369
    1280   8967.10443142
    1281   8981.12276489
    1282   8995.15204832
    1283   9009.19227749
    1284   9023.24345664
    1285   9037.30558151
    1286   9051.37865637
    1287   9065.46267695
    1288   9079.55764753
    1289   9093.66356381
    1290   9107.78043012
    1291   9121.90824210
    1292   9136.04700413
    1293   9150.19671183
    1294   9164.35736959
    1295   9178.52897300
    1296   9192.71152648
    1297   9206.90502561
    1298   9221.10947483
    1299   9235.32486967
    1300   9249.55121462
    1301   9263.78850518
    1302   9278.03674587
    1303   9292.29593216
    1304   9306.56606858
    1305   9320.84715059
    1306   9335.13918276
    1307   9349.44216050
    1308   9363.75608841
    1309   9378.08096187
    1310   9392.41678553
    1311   9406.76355473
    1312   9421.12127414
    1313   9435.48993907
    1314   9449.86955423
    1315   9464.26011489
    1316   9478.66162581
    1317   9493.07408221
    1318   9507.49748888
    1319   9521.93184103
    1320   9536.37714346
    1321   9550.83339135
    1322   9565.30058954
    1323   9579.77873317
    1324   9594.26782712
    1325   9608.76786650
    1326   9623.27885622
    1327   9637.80079135
    1328   9652.33367684
    1329   9666.87750772
    1330   9681.43228898
    1331   9695.99801562
    1332   9710.57469265
    1333   9725.16231505
    1334   9739.76088785
    1335   9754.37040601
    1336   9768.99087459
    1337   9783.62228850
    1338   9798.26465287
    1339   9812.91796255
    1340   9827.58222269
    1341   9842.25742814
    1342   9856.94358407
    1343   9871.64068528
    1344   9886.34873700
    1345   9901.06773398
    1346   9915.79768149
    1347   9930.53857424
    1348   9945.29041754
    1349   9960.05320606
    1350   9974.82694516
    1351   9989.61162946
    1352  10004.40726436
    1353  10019.21384443
    1354  10034.03137513
    1355  10048.85985098
    1356  10063.69927748
    1357  10078.54964912
    1358  10093.41097142
    1359  10108.28323884
    1360  10123.16645695
    1361  10138.06062016
    1362  10152.96573407
    1363  10167.88179307
    1364  10182.80880279
    1365  10197.74675758
    1366  10212.69566311
    1367  10227.65551370
    1368  10242.62631505
    1369  10257.60806143
    1370  10272.60075859
    1371  10287.60440077
    1372  10302.61899375
    1373  10317.64453172
    1374  10332.68102053
    1375  10347.72845431
    1376  10362.78683893
    1377  10377.85616851
    1378  10392.93644897
    1379  10408.02767435
    1380  10423.12985063
    1381  10438.24297182
    1382  10453.36704393
    1383  10468.50206093
    1384  10483.64802887
    1385  10498.80494168
    1386  10513.97280546
    1387  10529.15161408
    1388  10544.34137369
    1389  10559.54207813
    1390  10574.75373358
    1391  10589.97633383
    1392  10605.20988512
    1393  10620.45438119
    1394  10635.70982832
    1395  10650.97622021
    1396  10666.25356319
    1397  10681.54185090
    1398  10696.84108973
    1399  10712.15127326
    1400  10727.47240793
    1401  10742.80448729
    1402  10758.14751782
    1403  10773.50149300
    1404  10788.86641938
    1405  10804.24229039
    1406  10819.62911262
    1407  10835.02687946
    1408  10850.43559755
    1409  10865.85526022
    1410  10881.28587417
    1411  10896.72743268
    1412  10912.17994248
    1413  10927.64339683
    1414  10943.11780249
    1415  10958.60315267
    1416  10974.09945420
    1417  10989.60670022
    1418  11005.12489762
    1419  11020.65403948
    1420  11036.19413274
    1421  11051.74517044
    1422  11067.30715958
    1423  11082.88009312
    1424  11098.46397812
    1425  11114.05880751
    1426  11129.66458839
    1427  11145.28131362
    1428  11160.90899037
    1429  11176.54761145
    1430  11192.19718408
    1431  11207.85770101
    1432  11223.52916952
    1433  11239.21158230
    1434  11254.90494668
    1435  11270.60925531
    1436  11286.32451558
    1437  11302.05072007
    1438  11317.78787622
    1439  11333.53597655
    1440  11349.29502859
    1441  11365.06502478
    1442  11380.84597271
    1443  11396.63786476
    1444  11412.44070857
    1445  11428.25449647
    1446  11444.07923617
    1447  11459.91491994
    1448  11475.76155553
    1449  11491.61913516
    1450  11507.48766664
    1451  11523.36714213
    1452  11539.25756951
    1453  11555.15894086
    1454  11571.07126413
    1455  11586.99453135
    1456  11602.92875052
    1457  11618.87391360
    1458  11634.83002867
    1459  11650.79708761
    1460  11666.77509858
    1461  11682.76405339
    1462  11698.76396026
    1463  11714.77481094
    1464  11730.79661371
    1465  11746.82936026
    1466  11762.87305894
    1467  11778.92770136
    1468  11794.99329593
    1469  11811.06983423
    1470  11827.15732471
    1471  11843.25575887
    1472  11859.36514526
    1473  11875.48547530
    1474  11891.61675759
    1475  11907.75898350
    1476  11923.91216171
    1477  11940.07628349
    1478  11956.25135761
    1479  11972.43737527
    1480  11988.63434529
    1481  12004.84225883
    1482  12021.06112477
    1483  12037.29093418
    1484  12053.53169603
    1485  12069.78340132
    1486  12086.04605908
    1487  12102.31966024
    1488  12118.60421393
    1489  12134.89971097
    1490  12151.20616057
    1491  12167.52355348
    1492  12183.85189900
    1493  12200.19118779
    1494  12216.54142923
    1495  12232.90261390
    1496  12249.27475125
    1497  12265.65783181
    1498  12282.05186508
    1499  12298.45684151
    1500  12314.87277070
    1501  12331.29964301
    1502  12347.73746813
    1503  12364.18623632
    1504  12380.64595735
    1505  12397.11662142
    1506  12413.59823838
    1507  12430.09079832
    1508  12446.59431120
    1509  12463.10876703
    1510  12479.63417583
    1511  12496.17052754
    1512  12512.71783227
    1513  12529.27607985
    1514  12545.84528050
    1515  12562.42542397
    1516  12579.01652054
    1517  12595.61855989
    1518  12612.23155238
    1519  12628.85548761
    1520  12645.49037603
    1521  12662.13620714
    1522  12678.79299148
    1523  12695.46071846
    1524  12712.13939874
    1525  12728.82902160
    1526  12745.52959779
    1527  12762.24111653
    1528  12778.96358865
    1529  12795.69700327
    1530  12812.44137131
    1531  12829.19668181
    1532  12845.96294578
    1533  12862.74015214
    1534  12879.52831204
    1535  12896.32741428
    1536  12913.13747010
    1537  12929.95846822
    1538  12946.79041997
    1539  12963.63331396
    1540  12980.48716163
    1541  12997.35195149
    1542  13014.22769509
    1543  13031.11438082
    1544  13048.01202034
    1545  13064.92060195
    1546  13081.84013739
    1547  13098.77061486
    1548  13115.71204623
    1549  13132.66441957
    1550  13149.62774686
    1551  13166.60201607
    1552  13183.58723928
    1553  13200.58340435
    1554  13217.59052348
    1555  13234.60858442
    1556  13251.63759947
    1557  13268.67755627
    1558  13285.72846724
    1559  13302.79031991
    1560  13319.86312680
    1561  13336.94687532
    1562  13354.04157813
    1563  13371.14722251
    1564  13388.26382123
    1565  13405.39136147
    1566  13422.52985611
    1567  13439.67929220
    1568  13456.83968275
    1569  13474.01101470
    1570  13491.19330116
    1571  13508.38652896
    1572  13525.59071134
    1573  13542.80583498
    1574  13560.03191327
    1575  13577.26893276
    1576  13594.51690696
    1577  13611.77582229
    1578  13629.04569240
    1579  13646.32650357
    1580  13663.61826958
    1581  13680.92097660
    1582  13698.23463851
    1583  13715.55924136
    1584  13732.89479918
    1585  13750.24129787
    1586  13767.59875159
    1587  13784.96714610
    1588  13802.34649572
    1589  13819.73678606
    1590  13837.13803158
    1591  13854.55021775
    1592  13871.97335916
    1593  13889.40744114
    1594  13906.85247845
    1595  13924.30845626
    1596  13941.77538945
    1597  13959.25326307
    1598  13976.74209215
    1599  13994.24186159
    1600  14011.75258656
    1601  14029.27425180
    1602  14046.80687265
    1603  14064.35043370
    1604  14081.90495043
    1605  14099.47040728
    1606  14117.04681988
    1607  14134.63417253
    1608  14152.23248101
    1609  14169.84172945
    1610  14187.46193381
    1611  14205.09307804
    1612  14222.73517826
    1613  14240.38821827
    1614  14258.05221436
    1615  14275.72715015
    1616  14293.41304211
    1617  14311.10987367
    1618  14328.81766148
    1619  14346.53638883
    1620  14364.26607249
    1621  14382.00669560
    1622  14399.75827511
    1623  14417.52079398
    1624  14435.29426935
    1625  14453.07868397
    1626  14470.87405518
    1627  14488.68036556
    1628  14506.49763261
    1629  14524.32583873
    1630  14542.16500162
    1631  14560.01510348
    1632  14577.87616220
    1633  14595.74815979
    1634  14613.63111434
    1635  14631.52500767
    1636  14649.42985804
    1637  14667.34564708
    1638  14685.27239327
    1639  14703.21007804
    1640  14721.15872004
    1641  14739.11830052
    1642  14757.08883833
    1643  14775.07031451
    1644  14793.06274812
    1645  14811.06612000
    1646  14829.08044941
    1647  14847.10571698
    1648  14865.14194219
    1649  14883.18910544
    1650  14901.24722643
    1651  14919.31628536
    1652  14937.39630214
    1653  14955.48725674
    1654  14973.58916929
    1655  14991.70201955
    1656  15009.82582788
    1657  15027.96057379
    1658  15046.10627788
    1659  15064.26291944
    1660  15082.43051929
    1661  15100.60905648
    1662  15118.79855208
    1663  15136.99898491
    1664  15155.21037626
    1665  15173.43270470
    1666  15191.66599179
    1667  15209.91021585
    1668  15228.16539866
    1669  15246.43151833
    1670  15264.70859687
    1671  15282.99661213
    1672  15301.29558639
    1673  15319.60549723
    1674  15337.92636720
    1675  15356.25817361
    1676  15374.60093928
    1677  15392.95464127
    1678  15411.31930263
    1679  15429.69490017
    1680  15448.08145722
    1681  15466.47895030
    1682  15484.88740304
    1683  15503.30679165
    1684  15521.73714005
    1685  15540.17842419
    1686  15558.63066825
    1687  15577.09384790
    1688  15595.56798762
    1689  15614.05306277
    1690  15632.54909813
    1691  15651.05606877
    1692  15669.57399976
    1693  15688.10286588
    1694  15706.64269250
    1695  15725.19345408
    1696  15743.75517631
    1697  15762.32783335
    1698  15780.91145118
    1699  15799.50600366
    1700  15818.11151709
    1701  15836.72796499
    1702  15855.35537400
    1703  15873.99371732
    1704  15892.64302191
    1705  15911.30326062
    1706  15929.97446077
    1707  15948.65659487
    1708  15967.34969057
    1709  15986.05372004
    1710  16004.76871128
    1711  16023.49463610
    1712  16042.23152288
    1713  16060.97934304
    1714  16079.73812533
    1715  16098.50784081
    1716  16117.28851861
    1717  16136.08012940
    1718  16154.88270269
    1719  16173.69620878
    1720  16192.52067754
    1721  16211.35607891
    1722  16230.20244314
    1723  16249.05973976
    1724  16267.92799944
    1725  16286.80719131
    1726  16305.69734643
    1727  16324.59843352
    1728  16343.51048407
    1729  16362.43346636
    1730  16381.36741232
    1731  16400.31228980
    1732  16419.26813115
    1733  16438.23490381
    1734  16457.21264053
    1735  16476.20130834
    1736  16495.20094043
    1737  16514.21150336
    1738  16533.23303080
    1739  16552.26548885
    1740  16571.30891162
    1741  16590.36326475
    1742  16609.42858284
    1743  16628.50483104
    1744  16647.59204442
    1745  16666.69018767
    1746  16685.79929634
    1747  16704.91933460
    1748  16724.05033853
    1749  16743.19227180
    1750  16762.34517098
    1751  16781.50899922
    1752  16800.68379363
    1753  16819.86951682
    1754  16839.06620644
    1755  16858.27382456
    1756  16877.49240936
    1757  16896.72192239
    1758  16915.96240236
    1759  16935.21381026
    1760  16954.47618539
    1761  16973.74948814
    1762  16993.03375839
    1763  17012.32895597
    1764  17031.63512133
    1765  17050.95221370
    1766  17070.28027415
    1767  17089.61926129
    1768  17108.96921680
    1769  17128.33009868
    1770  17147.70194923
    1771  17167.08472582
    1772  17186.47847139
    1773  17205.88314265
    1774  17225.29878322
    1775  17244.72534913
    1776  17264.16288468
    1777  17283.61134520
    1778  17303.07077569
    1779  17322.54113080
    1780  17342.02245621
    1781  17361.51470587
    1782  17381.01792617
    1783  17400.53207035
    1784  17420.05718552
    1785  17439.59322418
    1786  17459.14023420
    1787  17478.69816730
    1788  17498.26707213
    1789  17517.84689964
    1790  17537.43769926
    1791  17557.03942114
    1792  17576.65211551
    1793  17596.27573173
    1794  17615.91032083
    1795  17635.55583134
    1796  17655.21231513
    1797  17674.87971989
    1798  17694.55809836
    1799  17714.24739733
    1800  17733.94767043
    1801  17753.65886357
    1802  17773.38103127
    1803  17793.11411854
    1804  17812.85818081
    1805  17832.61316216
    1806  17852.37911897
    1807  17872.15599435
    1808  17891.94384566
    1809  17911.74261503
    1810  17931.55236080
    1811  17951.37302411
    1812  17971.20466431
    1813  17991.04722152
    1814  18010.90075611
    1815  18030.76520716
    1816  18050.64063610
    1817  18070.52698094
    1818  18090.42430419
    1819  18110.33254277
    1820  18130.25176030
    1821  18150.18189255
    1822  18170.12300431
    1823  18190.07503020
    1824  18210.03803615
    1825  18230.01195561
    1826  18249.99685570
    1827  18269.99266867
    1828  18289.99946287
    1829  18310.01716930
    1830  18330.04585754
    1831  18350.08545737
    1832  18370.13603962
    1833  18390.19753277
    1834  18410.27000898
    1835  18430.35339541
    1836  18450.44776553
    1837  18470.55304515
    1838  18490.66930913
    1839  18510.79648189
    1840  18530.93463967
    1841  18551.08370550
    1842  18571.24375702
    1843  18591.41471586
    1844  18611.59666108
    1845  18631.78951284
    1846  18651.99335168
    1847  18672.20809630
    1848  18692.43382872
    1849  18712.67046612
    1850  18732.91809204
    1851  18753.17662216
    1852  18773.44614153
    1853  18793.72656427
    1854  18814.01797701
    1855  18834.32029231
    1856  18854.63359836
    1857  18874.95780613
    1858  18895.29300540
    1859  18915.63910558
    1860  18935.99619801
    1861  18956.36419050
    1862  18976.74317598
    1863  18997.13306072
    1864  19017.53393921
    1865  19037.94571609
    1866  19058.36848745
    1867  19078.80215642
    1868  19099.24682060
    1869  19119.70238156
    1870  19140.16893841
    1871  19160.64639131
    1872  19181.13484078
    1873  19201.63418548
    1874  19222.14452741
    1875  19242.66576390
    1876  19263.19799821
    1877  19283.74112636
    1878  19304.29525288
    1879  19324.86027267
    1880  19345.43629131
    1881  19366.02320262
    1882  19386.62111315
    1883  19407.22991599
    1884  19427.84971834
    1885  19448.48041257
    1886  19469.12210648
    1887  19489.77469213
    1888  19510.43827750
    1889  19531.11275445
    1890  19551.79823097
    1891  19572.49459929
    1892  19593.20196683
    1893  19613.92022639
    1894  19634.64948460
    1895  19655.38963554
    1896  19676.14078425
    1897  19696.90282644
    1898  19717.67586521
    1899  19738.45979886
    1900  19759.25472751
    1901  19780.06055251
    1902  19800.87737048
    1903  19821.70508713
    1904  19842.54379419
    1905  19863.39340243
    1906  19884.25399789
    1907  19905.12549812
    1908  19926.00798169
    1909  19946.90137390
    1910  19967.80574471
    1911  19988.72102948
    1912  20009.64728716
    1913  20030.58446453
    1914  20051.53260799
    1915  20072.49167876
    1916  20093.46170750
    1917  20114.44267182
    1918  20135.43458446
    1919  20156.43744342
    1920  20177.45123930
    1921  20198.47599319
    1922  20219.51167056
    1923  20240.55832083
    1924  20261.61587879
    1925  20282.68442596
    1926  20303.76386229
    1927  20324.85430829
    1928  20345.95562179
    1929  20367.06796743
    1930  20388.19115522
    1931  20409.32540310
    1932  20430.47046357
    1933  20451.62661489
    1934  20472.79354433
    1935  20493.97160255
    1936  20515.16039879
    1937  20536.36036568
    1938  20557.57102390
    1939  20578.79290407
    1940  20600.02542133
    1941  20621.26921731
    1942  20642.52358734
    1943  20663.78930527
    1944  20685.06552409
    1945  20706.35316755
    1946  20727.65122698
    1947  20748.96080412
    1948  20770.28069876
    1949  20791.61221461
    1950  20812.95393375
    1951  20834.30739915
    1952  20855.67093548
    1953  20877.04635744
    1954  20898.43169685
    1955  20919.82908979
    1956  20941.23622239
    1957  20962.65559600
    1958  20984.08450320
    1959  21005.52587669
    1960  21026.97654507
    1961  21048.43993182
    1962  21069.91233677
    1963  21091.39776239
    1964  21112.89188573
    1965  21134.39936861
    1966  21155.91517768
    1967  21177.44475204
    1968  21198.98222217
    1969  21220.53391324
    1970  21242.09300096
    1971  21263.66685453
    1972  21285.24752635
    1973  21306.84357699
    1974  21328.44577485
    1975  21350.06408402
    1976  21371.68776241
    1977  21393.32837742
    1978  21414.97345855
    1979  21436.63646208
    1980  21458.30288405
    1981  21479.98834084
    1982  21501.67599903
    1983  21523.38402065
    1984  21545.09283073
    1985  21566.82350587
    1986  21588.55332660
    1987  21610.30680633
    1988  21632.05752262
    1989  21653.83392848
    1990  21675.60534883
    1991  21697.40488625
    1992  21719.19685325
    1993  21741.01968910
    1994  21762.83194184
    1995  21784.67835671
    1996  21806.51067931
    1997  21828.38090284
    1998  21850.23293786
    1999  21872.12735542
    2000  21893.99880585
    2001  21915.91773436
    2002  21937.80810736
    2003  21959.75207951
    2004  21981.66096483
    2005  22003.63041969
    2006  22025.55713264
    2007  22047.55281216
    2008  22069.49678346
    2009  22091.51929876
    2010  22113.47956858
    2011  22135.52996265
    2012  22157.50573673
    2013  22179.58486488
    2014  22201.57478302
    2015  22223.68412780
    2016  22245.68707505
    2017  22267.82784115
    2018  22289.84186449
    2019  22312.01618786
    2020  22334.03971232
    2021  22356.24930090
    2022  22378.27947726
    2023  22400.52745909
    2024  22422.56205125
    2025  22444.85086071
    2026  22466.88562985
    2027  22489.21994104
    2028  22511.25170976
    2029  22533.63499654
    2030  22555.65729810
    2031  22578.09672987
    2032  22600.10509460
    2033  22622.60558369
    2034  22644.58977973
    2035  22667.16276061
    2036  22689.11673945
    2037  22711.76892426
    2038  22733.67540512
    2039  22756.42640347
    2040  22778.27833197
    2041  22801.13621873
    2042  22822.89976070
    2043  22845.90428642
    2044  22867.57974148
    2045  22890.73097348
    2046  22912.21859505
    2047  22935.63562729
    2048  22957.34099625
 ---------------------------------------
 
SCF converged! Final Ground-State Energy (Eh):             -21.7846454539434475
