 
     Two-Electron DVR    
 ------------------------
 x0     =      15.00000000
 m      =       1.00000000
 Z      =       1.00000000
 n      =               64
 dx     =       0.47619048
 
Soft-Coulomb Parameters:
 alpha  =       0.10000000
 beta   =       0.10000000
 
 
                       Hartree-Fock                      
 --------------------------------------------------------
 no. of orbitals        =               64
 no. of electrons       =                2
 scf_damping_switch     =        F
 scf_diis_switch        =        F
 damping_factor         =   0.00000000
 e_tolerance            = 0.0000000000100000
 maximum scf-iterations =              200
 
 
                       SCF iterations                      
 ----------------------------------------------------------
    S.No    Energy (hartree)        dE (hartree)
 ----------------------------------------------------------
       0     -3.275035840868
       1     -1.521896475149      1.753139365719
       2     -1.673061047404      0.151164572255
       3     -1.673944199352      0.000883151947
       4     -1.673966163539      0.000021964187
       5     -1.673967581285      0.000001417746
       6     -1.673967702690      0.000000121405
       7     -1.673967715187      0.000000012497
       8     -1.673967716658      0.000000001471
       9     -1.673967716849      0.000000000192
      10     -1.673967716877      0.000000000027
      11     -1.673967716881      0.000000000004
 ----------------------------------------------------------
  
 
 
 ---------------------------------------
     Molecular Orbital Energies (Eh)    
 ---------------------------------------
       1     -0.14083212
       2      0.14241368
       3      0.14261923
       4      0.25333852
       5      0.25530303
       6      0.39625234
       7      0.40359431
       8      0.57168011
       9      0.58989793
      10      0.77894213
      11      0.81488559
      12      1.01846600
      13      1.07891550
      14      1.29256014
      15      1.38230515
      16      1.60441799
      17      1.72536385
      18      1.95650316
      19      2.10838628
      20      2.35007339
      21      2.53163703
      22      2.78549969
      23      2.99534931
      24      3.26281895
      25      3.49971908
      26      3.78189048
      27      4.04491514
      28      4.34263799
      29      4.63107592
      30      4.94490926
      31      5.25832423
      32      5.58869221
      33      5.92676095
      34      6.27384847
      35      6.63648171
      36      7.00043053
      37      7.38756459
      38      7.76828630
      39      8.18008674
      40      8.57753669
      41      9.01410773
      42      9.42799780
      43      9.88968329
      44     10.31988350
      45     10.80684719
      46     11.25298637
      47     11.76559860
      48     12.22767585
      49     12.76589249
      50     13.24383034
      51     13.80750935
      52     14.30211414
      53     14.89008221
      54     15.40301065
      55     16.01242214
      56     16.54777197
      57     17.17259251
      58     17.74018006
      59     18.36414053
      60     18.98271274
      61     19.57647019
      62     20.31091645
      63     20.77390215
      64     21.76145352
 ---------------------------------------
 
SCF converged! Final Ground-State Energy (Eh):              -1.6739677168806195
