 
     Two-Electron DVR    
 ------------------------
 x0     =      15.00000000
 m      =       1.00000000
 Z      =       5.00000000
 n      =              128
 dx     =       0.23622047
 
Soft-Coulomb Parameters:
 alpha  =       0.01000000
 beta   =       0.01000000
 
 
                       Hartree-Fock                      
 --------------------------------------------------------
 no. of orbitals        =              128
 no. of electrons       =                2
 scf_damping_switch     =        F
 scf_diis_switch        =        F
 damping_factor         =   0.00000000
 e_tolerance            = 0.0000000000100000
 maximum scf-iterations =              200
 
 
                       SCF iterations                      
 ----------------------------------------------------------
    S.No    Energy (hartree)        dE (hartree)
 ----------------------------------------------------------
       0    -51.219833737845
       1    -45.221105147450      5.998728590395
       2    -45.306283039274      0.085177891823
       3    -45.306476630047      0.000193590773
       4    -45.306477174801      0.000000544754
       5    -45.306477176643      0.000000001842
       6    -45.306477176649      0.000000000007
 ----------------------------------------------------------
  
 
 
 ---------------------------------------
     Molecular Orbital Energies (Eh)    
 ---------------------------------------
       1    -19.74207646
       2     -4.04579267
       3     -1.77130087
       4     -1.07553870
       5     -0.67025814
       6     -0.48615787
       7     -0.34900674
       8     -0.27378611
       9     -0.20013369
      10     -0.13722299
      11     -0.04667430
      12      0.04044545
      13      0.16171110
      14      0.27276316
      15      0.42244283
      16      0.55570565
      17      0.73244624
      18      0.88689008
      19      1.08998708
      20      1.26492531
      21      1.49398414
      22      1.68886756
      23      1.94371024
      24      2.15809831
      25      2.43864774
      26      2.67211294
      27      2.97841373
      28      3.23058892
      29      3.56271382
      30      3.83320408
      31      4.19131714
      32      4.47978388
      33      4.86403631
      34      5.17009374
      35      5.58071872
      36      5.90404709
      37      6.34123532
      38      6.68145281
      39      7.14547874
      40      7.50228413
      41      7.99335512
      42      8.36636954
      43      8.88478584
      44      9.27372815
      45      9.81970012
      46     10.22419336
      47     10.79803914
      48     11.21782364
      49     11.81974827
      50     12.25444719
      51     12.88478317
      52     13.33415965
      53     13.99310107
      54     14.45677600
      55     15.14466873
      56     15.62242978
      57     16.33945235
      58     16.83091552
      59     17.57742752
      60     18.08240759
      61     18.85856731
      62     19.37667267
      63     20.18285454
      64     20.71393093
      65     21.55026755
      66     22.09391289
      67     22.96079534
      68     23.51689156
      69     24.41442026
      70     24.98255119
      71     25.91113683
      72     26.49122723
      73     27.45093060
      74     28.04254488
      75     29.03380144
      76     29.63691480
      77     30.65973757
      78     31.27388639
      79     32.32874480
      80     32.95396285
      81     34.04081397
      82     34.67659524
      83     35.79595837
      84     36.44240321
      85     37.59417222
      86     38.25070845
      87     39.43547930
      88     40.10228104
      89     41.31987899
      90     41.99626959
      91     43.24741107
      92     43.93364454
      93     45.21808358
      94     45.91331820
      95     47.23196155
      96     47.93653775
      97     49.28906773
      98     50.00188456
      99     51.38950819
     100     52.11100490
     101     53.53333029
     102     54.26200163
     103     55.72070827
     104     56.45712610
     105     57.95173047
     106     58.69375966
     107     60.22668892
     108     60.97512826
     109     62.54574172
     110     63.29746112
     111     64.90939951
     112     65.66567822
     113     67.31794897
     114     68.07401482
     115     69.77236139
     116     70.53066071
     117     72.27320397
     118     73.02596597
     119     74.82264827
     120     75.57555247
     121     77.42208899
     122     78.16061703
     123     80.07825158
     124     80.81978338
     125     82.79676259
     126     83.50299067
     127     85.62868361
     128     86.43626919
 ---------------------------------------
 
SCF converged! Final Ground-State Energy (Eh):             -45.3064771766493450
