 
     Two-Electron DVR    
 ------------------------
 x0     =      15.00000000
 m      =       1.00000000
 Z      =       4.00000000
 n      =               32
 dx     =       0.96774194
 
Soft-Coulomb Parameters:
 alpha  =       0.01000000
 beta   =       1.00000000
 
 
                       Hartree-Fock                      
 --------------------------------------------------------
 no. of orbitals        =               32
 no. of electrons       =                2
 scf_damping_switch     =        F
 scf_diis_switch        =        F
 damping_factor         =   0.00000000
 e_tolerance            = 0.0000000000100000
 maximum scf-iterations =              200
 
 
                       SCF iterations                      
 ----------------------------------------------------------
    S.No    Energy (hartree)        dE (hartree)
 ----------------------------------------------------------
       0    -15.014707998585
       1    -14.163621695548      0.851086303037
       2    -14.163963144240      0.000341448692
       3    -14.163965747266      0.000002603026
       4    -14.163965767607      0.000000020341
       5    -14.163965767767      0.000000000160
       6    -14.163965767769      0.000000000001
 ----------------------------------------------------------
  
 
 
 ---------------------------------------
     Molecular Orbital Energies (Eh)    
 ---------------------------------------
       1     -6.65679085
       2     -4.11610561
       3     -0.71995497
       4     -0.62245878
       5     -0.27370093
       6     -0.25092059
       7     -0.13679886
       8     -0.12426139
       9     -0.01464714
      10      0.00289307
      11      0.15736379
      12      0.18100197
      13      0.37815909
      14      0.40717450
      15      0.64541399
      16      0.68027047
      17      0.95785680
      18      0.99774564
      19      1.31518118
      20      1.36142041
      21      1.71703668
      22      1.76820391
      23      2.16424686
      24      2.22318473
      25      2.65704609
      26      2.72077026
      27      3.19901109
      28      3.27451107
      29      3.79261210
      30      3.87129571
      31      4.46681970
      32      4.58746706
 ---------------------------------------
 
SCF converged! Final Ground-State Energy (Eh):             -14.1639657677685822
