 
     Two-Electron DVR    
 ------------------------
 x0     =      15.00000000
 m      =       1.00000000
 Z      =       2.00000000
 n      =              512
 dx     =       0.05870841
 
Soft-Coulomb Parameters:
 alpha  =       1.00000000
 beta   =       0.10000000
 
 
                       Hartree-Fock                      
 --------------------------------------------------------
 no. of orbitals        =              512
 no. of electrons       =                2
 scf_damping_switch     =        F
 scf_diis_switch        =        F
 damping_factor         =   0.00000000
 e_tolerance            = 0.0000000000100000
 maximum scf-iterations =              200
 
 
                       SCF iterations                      
 ----------------------------------------------------------
    S.No    Energy (hartree)        dE (hartree)
 ----------------------------------------------------------
       0     -2.966871954641
       1     -1.509497196771      1.457374757871
       2     -1.683997512914      0.174500316143
       3     -1.686046364813      0.002048851899
       4     -1.686110909573      0.000064544761
       5     -1.686113547837      0.000002638263
       6     -1.686113738243      0.000000190406
       7     -1.686113758067      0.000000019824
       8     -1.686113760400      0.000000002333
       9     -1.686113760682      0.000000000282
      10     -1.686113760717      0.000000000034
      11     -1.686113760721      0.000000000004
 ----------------------------------------------------------
  
 
 
 ---------------------------------------
     Molecular Orbital Energies (Eh)    
 ---------------------------------------
       1     -0.30453386
       2      0.04252584
       3      0.04490196
       4      0.13314428
       5      0.14620639
       6      0.25980111
       7      0.29447158
       8      0.42167035
       9      0.48580028
      10      0.62332766
      11      0.71871478
      12      0.86804475
      13      0.99286392
      14      1.15660376
      15      1.30839890
      16      1.48882806
      17      1.66565335
      18      1.86444293
      19      2.06498304
      20      2.28327483
      21      2.50669859
      22      2.74524751
      23      2.99104821
      24      3.25034618
      25      3.51822235
      26      3.79858896
      27      4.08836505
      28      4.39000900
      29      4.70158542
      30      5.02464451
      31      5.35796689
      32      5.70253359
      33      6.05757421
      34      6.42371180
      35      6.80045846
      36      7.18821123
      37      7.58666053
      38      7.99606026
      39      8.41621370
      40      8.84728378
      41      9.28914541
      42      9.74190353
      43     10.20547857
      44     10.67993842
      45     11.16523250
      46     11.66140494
      47     12.16842364
      48     12.68631747
      49     13.21506613
      50     13.75468861
      51     14.30517215
      52     14.86652939
      53     15.43875234
      54     16.02184952
      55     16.61581598
      56     17.22065755
      57     17.83637122
      58     18.46296106
      59     19.10042526
      60     19.74876676
      61     20.40798448
      62     21.07808062
      63     21.75905455
      64     22.45090796
      65     23.15364051
      66     23.86725355
      67     24.59174688
      68     25.32712164
      69     26.07337771
      70     26.83051606
      71     27.59853662
      72     28.37744026
      73     29.16722689
      74     29.96789733
      75     30.77945147
      76     31.60189008
      77     32.43521303
      78     33.27942105
      79     34.13451397
      80     35.00049252
      81     35.87735649
      82     36.76510659
      83     37.66374257
      84     38.57326514
      85     39.49367402
      86     40.42496990
      87     41.36715247
      88     42.32022243
      89     43.28417943
      90     44.25902418
      91     45.24475627
      92     46.24137644
      93     47.24888424
      94     48.26728041
      95     49.29656448
      96     50.33673719
      97     51.38779803
      98     52.44974777
      99     53.52258586
     100     54.60631309
     101     55.70092886
     102     56.80643398
     103     57.92282782
     104     59.05011121
     105     60.18828350
     106     61.33734552
     107     62.49729658
     108     63.66813755
     109     64.84986769
     110     66.04248791
     111     67.24599742
     112     68.46039716
     113     69.68568630
     114     70.92186582
     115     72.16893484
     116     73.42689437
     117     74.69574350
     118     75.97548325
     119     77.26611269
     120     78.56763288
     121     79.88004282
     122     81.20334363
     123     82.53753427
     124     83.88261586
     125     85.23858735
     126     86.60544990
     127     87.98320241
     128     89.37184607
     129     90.77137973
     130     92.18180463
     131     93.60311959
     132     95.03532587
     133     96.47842225
     134     97.93241003
     135     99.39728795
     136    100.87305735
     137    102.35971692
     138    103.85726805
     139    105.36570937
     140    106.88504233
     141    108.41526550
     142    109.95638039
     143    111.50838551
     144    113.07128241
     145    114.64506956
     146    116.22974856
     147    117.82531783
     148    119.43177901
     149    121.04913047
     150    122.67737391
     151    124.31650764
     152    125.96653341
     153    127.62744948
     154    129.29925765
     155    130.98195612
     156    132.67554675
     157    134.38002770
     158    136.09540086
     159    137.82166433
     160    139.55882008
     161    141.30686614
     162    143.06580454
     163    144.83563325
     164    146.61635435
     165    148.40796575
     166    150.21046961
     167    152.02386376
     168    153.84815042
     169    155.68332738
     170    157.52939690
     171    159.38635670
     172    161.25420912
     173    163.13295182
     174    165.02258720
     175    166.92311284
     176    168.83453121
     177    170.75683983
     178    172.69004125
     179    174.63413290
     180    176.58911741
     181    178.55499212
     182    180.53175976
     183    182.51941759
     184    184.51796839
     185    186.52740937
     186    188.54774338
     187    190.57896756
     188    192.62108482
     189    194.67409222
     190    196.73799278
     191    198.81278345
     192    200.89846733
     193    202.99504131
     194    205.10250856
     195    207.22086588
     196    209.35011654
     197    211.49025724
     198    213.64129134
     199    215.80321545
     200    217.97603303
     201    220.15974060
     202    222.35434170
     203    224.55983276
     204    226.77621742
     205    229.00349200
     206    231.24166024
     207    233.49071839
     208    235.75067026
     209    238.02151200
     210    240.30324754
     211    242.59587291
     212    244.89939215
     213    247.21380119
     214    249.53910416
     215    251.87529690
     216    254.22238365
     217    256.58036013
     218    258.94923069
     219    261.32899093
     220    263.71964534
     221    266.12118939
     222    268.53362768
     223    270.95695558
     224    273.39117778
     225    275.83628955
     226    278.29229572
     227    280.75919140
     228    283.23698155
     229    285.72566118
     230    288.22523537
     231    290.73569898
     232    293.25705723
     233    295.78930486
     234    298.33244721
     235    300.88647890
     236    303.45140539
     237    306.02722116
     238    308.61393183
     239    311.21153173
     240    313.82002661
     241    316.43941067
     242    319.06968981
     243    321.71085806
     244    324.36292149
     245    327.02587397
     246    329.69972173
     247    332.38445848
     248    335.08009060
     249    337.78661166
     250    340.50402819
     251    343.23233358
     252    345.97153456
     253    348.72162433
     254    351.48260979
     255    354.25448397
     256    357.03725395
     257    359.83091259
     258    362.63546713
     259    365.45091026
     260    368.27724940
     261    371.11447705
     262    373.96260083
     263    376.82161305
     264    379.69152151
     265    382.57231832
     266    385.46401150
     267    388.36659296
     268    391.28007090
     269    394.20443703
     270    397.13969977
     271    400.08585062
     272    403.04289820
     273    406.01083379
     274    408.98966626
     275    411.97938665
     276    414.98000403
     277    417.99150925
     278    421.01391160
     279    424.04720168
     280    427.09138904
     281    430.14646403
     282    433.21243644
     283    436.28929636
     284    439.37705386
     285    442.47569877
     286    445.58524140
     287    448.70567133
     288    451.83699913
     289    454.97921412
     290    458.13232714
     291    461.29632723
     292    464.47122551
     293    467.65701073
     294    470.85369431
     295    474.06126470
     296    477.27973363
     297    480.50908923
     298    483.74934355
     299    487.00048440
     300    490.26252415
     301    493.53545029
     302    496.81927551
     303    500.11398698
     304    503.41959772
     305    506.73609455
     306    510.06349085
     307    513.40177309
     308    516.75095499
     309    520.11102267
     310    523.48199022
     311    526.86384337
     312    530.25659661
     313    533.66023528
     314    537.07477426
     315    540.50019848
     316    543.93652323
     317    547.38373304
     318    550.84184361
     319    554.31083904
     320    557.79073547
     321    561.28151657
     322    564.78319891
     323    568.29576570
     324    571.81923399
     325    575.35358652
     326    578.89884080
     327    582.45497909
     328    586.02201940
     329    589.59994349
     330    593.18876988
     331    596.78847981
     332    600.39909232
     333    604.02058811
     334    607.65298678
     335    611.29626847
     336    614.95045334
     337    618.61552096
     338    622.29149207
     339    625.97834565
     340    629.67610305
     341    633.38474262
     342    637.10428634
     343    640.83471193
     344    644.57604202
     345    648.32825365
     346    652.09137014
     347    655.86536785
     348    659.65027077
     349    663.44605458
     350    667.25274399
     351    671.07031391
     352    674.89878984
     353    678.73814590
     354    682.58840838
     355    686.44955061
     356    690.32159968
     357    694.20452809
     358    698.09836378
     359    702.00307839
     360    705.91870074
     361    709.84520157
     362    713.78261060
     363    717.73089766
     364    721.69009342
     365    725.66016671
     366    729.64114922
     367    733.63300876
     368    737.63577805
     369    741.64942385
     370    745.67397995
     371    749.70941200
     372    753.75575493
     373    757.81297325
     374    761.88110304
     375    765.96010760
     376    770.05002427
     377    774.15081509
     378    778.26251866
     379    782.38509572
     380    786.51858621
     381    790.66294949
     382    794.81822692
     383    798.98437640
     384    803.16144078
     385    807.34937646
     386    811.54822780
     387    815.75794963
     388    819.97858794
     389    824.21009590
     390    828.45252119
     391    832.70581523
     392    836.97002751
     393    841.24510759
     394    845.53110685
     395    849.82797293
     396    854.13575916
     397    858.45441117
     398    862.78398438
     399    867.12442226
     400    871.47578243
     401    875.83800611
     402    880.21115322
     403    884.59516261
     404    888.99009665
     405    893.39589167
     406    897.81261260
     407    902.24019314
     408    906.67870095
     409    911.12806691
     410    915.58836155
     411    920.05951279
     412    924.54159423
     413    929.03453062
     414    933.53839881
     415    938.05312019
     416    942.57877508
     417    947.11528130
     418    951.66272282
     419    956.22101368
     420    960.79024178
     421    965.37031709
     422    969.96133167
     423    974.56319121
     424    979.17599220
     425    983.79963572
     426    988.43422303
     427    993.07965027
     428    997.73602379
     429   1002.40323446
     430   1007.08139408
     431   1011.77038786
     432   1016.47033345
     433   1021.18110999
     434   1025.90284142
     435   1030.63540033
     436   1035.37891747
     437   1040.13325832
     438   1044.89856098
     439   1049.67468333
     440   1054.46177136
     441   1059.25967467
     442   1064.06854787
     443   1068.88823160
     444   1073.71888978
     445   1078.56035329
     446   1083.41279621
     447   1088.27603885
     448   1093.15026629
     449   1098.03528728
     450   1102.93129894
     451   1107.83809750
     452   1112.75589315
     453   1117.68446832
     454   1122.62404755
     455   1127.57439843
     456   1132.53576099
     457   1137.50788637
     458   1142.49103171
     459   1147.48493059
     460   1152.48985841
     461   1157.50552931
     462   1162.53223877
     463   1167.56968067
     464   1172.61817135
     465   1177.67738249
     466   1182.74765298
     467   1187.82863259
     468   1192.92068215
     469   1198.02342831
     470   1203.13725430
     471   1208.26176718
     472   1213.39736796
     473   1218.54364602
     474   1223.70101620
     475   1228.86906224
     476   1234.04819777
     477   1239.23801228
     478   1244.43890146
     479   1249.65049399
     480   1254.87312647
     481   1260.10650398
     482   1265.35085361
     483   1270.60604197
     484   1275.87208262
     485   1281.14910646
     486   1286.43677916
     487   1291.73570208
     488   1297.04494301
     489   1302.36583312
     490   1307.69651232
     491   1313.03951365
     492   1318.39148593
     493   1323.75675919
     494   1329.12976142
     495   1334.51758857
     496   1339.91134338
     497   1345.32201559
     498   1350.73613214
     499   1356.16996745
     500   1361.60421754
     501   1367.06127409
     502   1372.51600320
     503   1377.99504643
     504   1383.47222435
     505   1388.96953431
     506   1394.47760978
     507   1399.97791450
     508   1405.53688497
     509   1411.00771617
     510   1416.68607806
     511   1422.03030154
     512   1427.89894050
 ---------------------------------------
 
SCF converged! Final Ground-State Energy (Eh):              -1.6861137607211441
