 
     Two-Electron DVR    
 ------------------------
 x0     =      15.00000000
 m      =       1.00000000
 Z      =       5.00000000
 n      =              128
 dx     =       0.23622047
 
Soft-Coulomb Parameters:
 alpha  =       1.00000000
 beta   =       0.01000000
 
 
                       Hartree-Fock                      
 --------------------------------------------------------
 no. of orbitals        =              128
 no. of electrons       =                2
 scf_damping_switch     =        F
 scf_diis_switch        =        F
 damping_factor         =   0.00000000
 e_tolerance            = 0.0000000000100000
 maximum scf-iterations =              200
 
 
                       SCF iterations                      
 ----------------------------------------------------------
    S.No    Energy (hartree)        dE (hartree)
 ----------------------------------------------------------
       0     -8.193126433315
       1     -5.282562693617      2.910563739698
       2     -5.628766541102      0.346203847485
       3     -5.683255816623      0.054489275520
       4     -5.691879366901      0.008623550278
       5     -5.693274275305      0.001394908404
       6     -5.693496665798      0.000222390493
       7     -5.693532285245      0.000035619447
       8     -5.693537978722      0.000005693477
       9     -5.693538889496      0.000000910773
      10     -5.693539035144      0.000000145648
      11     -5.693539058439      0.000000023295
      12     -5.693539062164      0.000000003725
      13     -5.693539062760      0.000000000596
      14     -5.693539062856      0.000000000095
      15     -5.693539062871      0.000000000015
      16     -5.693539062873      0.000000000002
 ----------------------------------------------------------
  
 
 
 ---------------------------------------
     Molecular Orbital Energies (Eh)    
 ---------------------------------------
       1     -1.78920248
       2     -0.74518659
       3     -0.57228620
       4     -0.40587961
       5     -0.31966685
       6     -0.24127430
       7     -0.18361424
       8     -0.10762758
       9     -0.03061885
      10      0.07147079
      11      0.17400066
      12      0.30022866
      13      0.42706356
      14      0.57556767
      15      0.72595893
      16      0.89585795
      17      1.06927874
      18      1.26018966
      19      1.45622043
      20      1.66801454
      21      1.88631412
      22      2.11898676
      23      2.35928337
      24      2.61288303
      25      2.87496690
      26      3.14955807
      27      3.43327239
      28      3.72891783
      29      4.03414884
      30      4.35090248
      31      4.67756985
      32      5.01547515
      33      5.36352362
      34      5.72261438
      35      6.09200695
      36      6.47230902
      37      6.86302166
      38      7.26455465
      39      7.67657240
      40      8.09935132
      41      8.53266540
      42      8.97670185
      43      9.43130766
      44      9.89661078
      45     10.37250649
      46     10.85908366
      47     11.35626923
      48     11.86412655
      49     12.38260307
      50     12.91174572
      51     13.45151499
      52     14.00194746
      53     14.56301167
      54     15.13473791
      55     15.71709948
      56     16.31012310
      57     16.91378450
      58     17.52810873
      59     18.15307250
      60     18.78870038
      61     19.43496893
      62     20.09190322
      63     20.75947902
      64     21.43772238
      65     22.12660768
      66     22.82616247
      67     23.53635963
      68     24.25722826
      69     24.98873932
      70     25.73092378
      71     26.48375106
      72     27.24725351
      73     28.02139888
      74     28.80622087
      75     29.60168677
      76     30.40783018
      77     31.22461839
      78     32.05208409
      79     32.89019750
      80     33.73898692
      81     34.59842750
      82     35.46854025
      83     36.34931205
      84     37.24074856
      85     38.14285437
      86     39.05561178
      87     39.97905827
      88     40.91313473
      89     41.85792707
      90     42.81331455
      91     43.77946520
      92     44.75615658
      93     45.74367664
      94     46.74165316
      95     47.75056731
      96     48.76980995
      97     49.80014311
      98     50.84061154
      99     51.89241266
     100     52.95406245
     101     54.02738637
     102     55.11013694
     103     56.20507591
     104     57.30883281
     105     58.42550048
     106     59.55012120
     107     60.68866654
     108     61.83397768
     109     62.99459773
     110     64.16044055
     111     65.34322114
     112     66.52947276
     113     67.73441750
     114     68.94162804
     115     70.16750818
     116     71.39724621
     117     72.64121676
     118     73.89925615
     119     75.15245630
     120     76.44895779
     121     77.69790600
     122     79.05253443
     123     80.27824099
     124     81.70004453
     125     82.90948180
     126     84.36534066
     127     85.66140737
     128     86.97392562
 ---------------------------------------
 
SCF converged! Final Ground-State Energy (Eh):              -5.6935390628731728
