 
     Two-Electron DVR    
 ------------------------
 x0     =      15.00000000
 m      =       1.00000000
 Z      =       6.00000000
 n      =             2048
 dx     =       0.01465559
 
Soft-Coulomb Parameters:
 alpha  =       0.01000000
 beta   =       0.10000000
 
 
                       Hartree-Fock                      
 --------------------------------------------------------
 no. of orbitals        =             2048
 no. of electrons       =                2
 scf_damping_switch     =        F
 scf_diis_switch        =        F
 damping_factor         =   0.00000000
 e_tolerance            = 0.0000000000100000
 maximum scf-iterations =              200
 
 
                       SCF iterations                      
 ----------------------------------------------------------
    S.No    Energy (hartree)        dE (hartree)
 ----------------------------------------------------------
       0    -73.243937588140
       1    -70.436960729267      2.806976858874
       2    -70.439070744139      0.002110014873
       3    -70.439076590217      0.000005846078
       4    -70.439076606695      0.000000016478
       5    -70.439076606742      0.000000000047
       6    -70.439076606739      0.000000000002
 ----------------------------------------------------------
  
 
 
 ---------------------------------------
     Molecular Orbital Energies (Eh)    
 ---------------------------------------
       1    -33.81818281
       2     -7.99516286
       3     -3.62198785
       4     -1.97343149
       5     -1.28927243
       6     -0.87940446
       7     -0.65588406
       8     -0.49571405
       9     -0.39557441
      10     -0.31095697
      11     -0.23869836
      12     -0.14866871
      13     -0.05298494
      14      0.06801649
      15      0.19118912
      16      0.34117786
      17      0.48966185
      18      0.66680246
      19      0.83934240
      20      1.04257687
      21      1.23841241
      22      1.46706631
      23      1.68569550
      24      1.93930221
      25      2.18037483
      26      2.45859017
      27      2.72185414
      28      3.02441000
      29      3.30968181
      30      3.63635887
      31      3.94350588
      32      4.29411668
      33      4.62304562
      34      4.99742383
      35      5.34807271
      36      5.74606633
      37      6.11839839
      38      6.53986538
      39      6.93386430
      40      7.37866997
      41      7.79433587
      42      8.26235133
      43      8.69969746
      44      9.19079878
      45      9.64984871
      46     10.16391657
      47     10.64470171
      48     11.18162132
      49     11.68417889
      50     12.24384004
      51     12.76821130
      52     13.35050855
      53     13.89673733
      54     14.50157011
      55     15.06970160
      56     15.69697440
      57     16.28705410
      58     16.93667659
      59     17.54874954
      60     18.22063663
      61     18.85474669
      62     19.54881859
      63     20.20500799
      64     20.92119016
      65     21.59949905
      66     22.33772218
      67     23.03818839
      68     23.79838829
      69     24.52104708
      70     25.30316455
      71     26.04804853
      72     26.85202921
      73     27.61916823
      74     28.44496243
      75     29.23438359
      76     30.08194611
      77     30.89367375
      78     31.76296365
      79     32.59701943
      80     33.48799984
      81     34.34440279
      82     35.25704067
      83     36.13580735
      84     37.07007328
      85     37.97121779
      86     38.92708576
      87     39.85061996
      88     40.82806712
      89     41.77400070
      90     42.77300720
      91     43.74134782
      92     44.76189656
      93     45.75265000
      94     46.79472643
      95     47.80789672
      96     48.87148867
      97     49.90707819
      98     50.99217568
      99     52.05018535
     100     53.15678038
     101     54.23720972
     102     55.36529617
     103     56.46814345
     104     57.61771686
     105     58.74297921
     106     59.91403667
     107     61.06171019
     108     62.25425016
     109     63.42433004
     110     64.63835226
     111     65.83083284
     112     67.06633817
     113     68.28121306
     114     69.53820341
     115     70.77546557
     116     72.05394375
     117     73.31358555
     118     74.61355519
     119     75.89556853
     120     77.21703399
     121     78.52141032
     122     79.86437660
     123     81.19110701
     124     82.55557967
     125     83.90465494
     126     85.29064004
     127     86.66205069
     128     88.06955470
     129     89.46329108
     130     90.89232083
     131     92.30837310
     132     93.75893575
     133     95.19729397
     134     96.66939690
     135     98.13005104
     136     99.62370187
     137    101.10664188
     138    102.62184837
     139    104.12706417
     140    105.66383423
     141    107.19131576
     142    108.74965737
     143    110.29939462
     144    111.87931583
     145    113.45129884
     146    115.05280773
     147    116.64702665
     148    118.27013131
     149    119.88657636
     150    121.53128485
     151    123.16994639
     152    124.83626676
     153    126.49713527
     154    128.18507547
     155    129.86814159
     156    131.57770954
     157    133.28296405
     158    135.01416755
     159    136.74160140
     160    138.49444817
     161    140.24405248
     162    142.01855012
     163    143.79031620
     164    145.58647219
     165    147.38039150
     166    149.19821320
     167    151.01427743
     168    152.85377205
     169    154.69197305
     170    156.55314767
     171    158.41347750
     172    160.29633905
     173    162.17878994
     174    164.08334519
     175    165.98790960
     176    167.91416519
     177    169.84083575
     178    171.78879813
     179    173.73756768
     180    175.70724318
     181    177.67810473
     182    179.66949950
     183    181.66244629
     184    183.67556631
     185    185.69059174
     186    187.72544287
     187    189.76254055
     188    191.81912845
     189    193.87829216
     190    195.95662235
     191    198.03784608
     192    200.13792392
     193    202.24120181
     194    204.36303253
     195    206.48835891
     196    208.63194755
     197    210.77931694
     198    212.94466841
     199    215.11407549
     200    217.30119454
     201    219.49263416
     202    221.70152540
     203    223.91499257
     204    226.14566047
     205    228.38115038
     206    230.63359926
     207    232.89110723
     208    235.16534128
     209    237.44486281
     210    239.74088608
     211    242.04241680
     212    244.36023321
     213    246.68376891
     214    249.02338225
     215    251.36891885
     216    253.73033280
     217    256.09786636
     218    258.48108445
     219    260.87061118
     220    263.27563683
     221    265.68715306
     222    268.11398957
     223    270.54749176
     224    272.99614233
     225    275.45162707
     226    277.92209477
     227    280.39955875
     228    282.89184656
     229    285.39128661
     230    287.90539740
     231    290.42681044
     232    292.96274698
     233    295.50613006
     234    298.06389501
     235    300.62924528
     236    303.20884121
     237    305.79615592
     238    308.39758533
     239    311.00686182
     240    313.63012709
     241    316.26136281
     242    318.90646624
     243    321.55965874
     244    324.22660256
     245    326.90174946
     246    329.59053580
     247    332.28763482
     248    334.99826575
     249    337.71731469
     250    340.44979218
     251    343.19078893
     252    345.94511490
     253    348.70805741
     254    351.48423370
     255    354.26912001
     256    357.06714839
     257    359.87397660
     258    362.69385877
     259    365.52262708
     260    368.36436469
     261    371.21507134
     262    374.07866595
     263    376.95130925
     264    379.83676239
     265    382.73134073
     266    385.63865385
     267    388.55516567
     268    391.48434018
     269    394.42278398
     270    397.37382123
     271    400.33419555
     272    403.30709684
     273    406.28940031
     274    409.28416689
     275    412.28839816
     276    415.30503122
     277    418.33118902
     278    421.36968973
     279    424.41777281
     280    427.47814226
     281    430.54814945
     282    433.63038872
     283    436.72231886
     284    439.82642897
     285    442.94028097
     286    446.06626290
     287    449.20203571
     288    452.34989040
     289    455.50758301
     290    458.67731138
     291    461.85692280
     292    465.04852571
     293    468.25005501
     294    471.46353331
     295    474.68697958
     296    477.92233407
     297    481.16769646
     298    484.42492791
     299    487.69220558
     300    490.97131474
     301    494.26050688
     302    497.56149446
     303    500.87260031
     304    504.19546699
     305    507.52848581
     306    510.87323226
     307    514.22816334
     308    517.59479017
     309    520.97163284
     310    524.36014067
     311    527.75889425
     312    531.16928366
     313    534.58994754
     314    538.02221908
     315    541.46479266
     316    544.91894687
     317    548.38342955
     318    551.85946695
     319    555.34585818
     320    558.84377926
     321    562.35207851
     322    565.87188373
     323    569.40209048
     324    572.94378031
     325    576.49589407
     326    580.05946894
     327    583.63348922
     328    587.21894955
     329    590.81487591
     330    594.42222210
     331    598.04005410
     332    601.66928653
     333    605.30902374
     334    608.96014278
     335    612.62178480
     336    616.29479081
     337    619.97833726
     338    623.67323057
     339    627.37868107
     340    631.09546202
     341    634.82281621
     342    638.56148509
     343    642.31074263
     344    646.07129976
     345    649.84246032
     346    653.62490598
     347    657.41796923
     348    661.22230370
     349    665.03726935
     350    668.86349288
     351    672.70036064
     352    676.54847349
     353    680.40724308
     354    684.27724549
     355    688.15791663
     356    692.04980884
     357    695.95238127
     358    699.86616350
     359    703.79063698
     360    707.72630945
     361    711.67268373
     362    715.63024663
     363    719.59852150
     364    723.57797504
     365    727.56815026
     366    731.56949462
     367    735.58156999
     368    739.60480535
     369    743.63878066
     370    747.68390720
     371    751.73978226
     372    755.80680014
     373    759.88457477
     374    763.97348414
     375    768.07315816
     376    772.18395918
     377    776.30553241
     378    780.43822523
     379    784.58169750
     380    788.73628226
     381    792.90165342
     382    797.07813025
     383    801.26540014
     384    805.46376916
     385    809.67293764
     386    813.89319899
     387    818.12426592
     388    822.36641971
     389    826.61938495
     390    830.88343128
     391    835.15829471
     392    839.44423370
     393    843.74099518
     394    848.04882694
     395    852.36748636
     396    856.69721098
     397    861.03776822
     398    865.38938580
     399    869.75184076
     400    874.12535138
     401    878.50970395
     402    882.90510770
     403    887.31135778
     404    891.72865475
     405    896.15680223
     406    900.59599250
     407    905.04603730
     408    909.50712094
     409    913.97906296
     410    918.46204005
     411    922.95587921
     412    927.46074982
     413    931.97648604
     414    936.50325022
     415    941.04088342
     416    945.58954126
     417    950.14907136
     418    954.71962290
     419    959.30104982
     420    963.89349513
     421    968.49681882
     422    973.11115795
     423    977.73637832
     424    982.37261133
     425    987.01972833
     426    991.67785526
     427    996.34686883
     428   1001.02688974
     429   1005.71779981
     430   1010.41971475
     431   1015.13252125
     432   1019.85633026
     433   1024.59103316
     434   1029.33673629
     435   1034.09333553
     436   1038.86093280
     437   1043.63942833
     438   1048.42891980
     439   1053.22931156
     440   1058.04069727
     441   1062.86298522
     442   1067.69626519
     443   1072.54044929
     444   1077.39562357
     445   1082.26170377
     446   1087.13877238
     447   1092.02674864
     448   1096.92571162
     449   1101.83558391
     450   1106.75644129
     451   1111.68820955
     452   1116.63096136
     453   1121.58462557
     454   1126.54927183
     455   1131.52483196
     456   1136.51137270
     457   1141.50882870
     458   1146.51726395
     459   1151.53661580
     460   1156.56694558
     461   1161.60819324
     462   1166.66041758
     463   1171.72356102
     464   1176.79767994
     465   1181.88271913
     466   1186.97873265
     467   1192.08566757
     468   1197.20357571
     469   1202.33240633
     470   1207.47220910
     471   1212.62293540
     472   1217.78463283
     473   1222.95725478
     474   1228.14084688
     475   1233.33536445
     476   1238.54085125
     477   1243.75726443
     478   1248.98464594
     479   1254.22295470
     480   1259.47223093
     481   1264.73243525
     482   1270.00360622
     483   1275.28570608
     484   1280.57877181
     485   1285.88276719
     486   1291.19772768
     487   1296.52361857
     488   1301.86047384
     489   1307.20826022
     490   1312.56701028
     491   1317.93669213
     492   1323.31733699
     493   1328.70891429
     494   1334.11145398
     495   1339.52492671
     496   1344.94936122
     497   1350.38472938
     498   1355.83105873
     499   1361.28832229
     500   1366.75654649
     501   1372.23570545
     502   1377.72582450
     503   1383.22687884
     504   1388.73889276
     505   1394.26184247
     506   1399.79575126
     507   1405.34059632
     508   1410.89640000
     509   1416.46314041
     510   1422.04083897
     511   1427.62947472
     512   1433.22906818
     513   1438.83959924
     514   1444.46108761
     515   1450.09351399
     516   1455.73689727
     517   1461.39121895
     518   1467.05649715
     519   1472.73271413
     520   1478.41988725
     521   1484.11799951
     522   1489.82706757
     523   1495.54707510
     524   1501.27803809
     525   1507.01994089
     526   1512.77279883
     527   1518.53659688
     528   1524.31134977
     529   1530.09704308
     530   1535.89369092
     531   1541.70127947
     532   1547.51982227
     533   1553.34930605
     534   1559.18974382
     535   1565.04112283
     536   1570.90345557
     537   1576.77672980
     538   1582.66095751
     539   1588.55612696
     540   1594.46224964
     541   1600.37931431
     542   1606.30733197
     543   1612.24629184
     544   1618.19620449
     545   1624.15705955
     546   1630.12886719
     547   1636.11161745
     548   1642.10532008
     549   1648.10996552
     550   1654.12556315
     551   1660.15210378
     552   1666.18959641
     553   1672.23803222
     554   1678.29741984
     555   1684.36775083
     556   1690.44903346
     557   1696.54125961
     558   1702.64443726
     559   1708.75855858
     560   1714.88363123
     561   1721.01964771
     562   1727.16661538
     563   1733.32452702
     564   1739.49338970
     565   1745.67319650
     566   1751.86395420
     567   1758.06565614
     568   1764.27830887
     569   1770.50190596
     570   1776.73645371
     571   1782.98194595
     572   1789.23838872
     573   1795.50577611
     574   1801.78411391
     575   1808.07339643
     576   1814.37362926
     577   1820.68480693
     578   1827.00693479
     579   1833.34000759
     580   1839.68403048
     581   1846.03899841
     582   1852.40491634
     583   1858.78177940
     584   1865.16959237
     585   1871.56835056
     586   1877.97805857
     587   1884.39871189
     588   1890.83031494
     589   1897.27286338
     590   1903.72636147
     591   1910.19080503
     592   1916.66619817
     593   1923.15253685
     594   1929.64982504
     595   1936.15805884
     596   1942.67724207
     597   1949.20737099
     598   1955.74844927
     599   1962.30047331
     600   1968.86344664
     601   1975.43736579
     602   1982.02223417
     603   1988.61804844
     604   1995.22481188
     605   2001.84252126
     606   2008.47117975
     607   2015.11078424
     608   2021.76133779
     609   2028.42283739
     610   2035.09528599
     611   2041.77868070
     612   2048.47302437
     613   2055.17831419
     614   2061.89455292
     615   2068.62173784
     616   2075.35987163
     617   2082.10895166
     618   2088.86898051
     619   2095.63995565
     620   2102.42187957
     621   2109.21474981
     622   2116.01856880
     623   2122.83333414
     624   2129.65904819
     625   2136.49570865
     626   2143.34331777
     627   2150.20187332
     628   2157.07137751
     629   2163.95182817
     630   2170.84322743
     631   2177.74557319
     632   2184.65886752
     633   2191.58310839
     634   2198.51829779
     635   2205.46443376
     636   2212.42151824
     637   2219.38954931
     638   2226.36852886
     639   2233.35845504
     640   2240.35932966
     641   2247.37115094
     642   2254.39392065
     643   2261.42763703
     644   2268.47230181
     645   2275.52791329
     646   2282.59447316
     647   2289.67197974
     648   2296.76043468
     649   2303.85983637
     650   2310.97018640
     651   2318.09148319
     652   2325.22372830
     653   2332.36692019
     654   2339.52106038
     655   2346.68614738
     656   2353.86218265
     657   2361.04916475
     658   2368.24709512
     659   2375.45597232
     660   2382.67579777
     661   2389.90657007
     662   2397.14829061
     663   2404.40095802
     664   2411.66457365
     665   2418.93913617
     666   2426.22464689
     667   2433.52110451
     668   2440.82851032
     669   2448.14686304
     670   2455.47616394
     671   2462.81641178
     672   2470.16760777
     673   2477.52975071
     674   2484.90284180
     675   2492.28687985
     676   2499.68186603
     677   2507.08779918
     678   2514.50468047
     679   2521.93250873
     680   2529.37128511
     681   2536.82100848
     682   2544.28167996
     683   2551.75329844
     684   2559.23586502
     685   2566.72937861
     686   2574.23384030
     687   2581.74924899
     688   2589.27560578
     689   2596.81290959
     690   2604.36116148
     691   2611.92036040
     692   2619.49050740
     693   2627.07160143
     694   2634.66364353
     695   2642.26663268
     696   2649.88056989
     697   2657.50545415
     698   2665.14128647
     699   2672.78806584
     700   2680.44579327
     701   2688.11446776
     702   2695.79409030
     703   2703.48465991
     704   2711.18617756
     705   2718.89864228
     706   2726.62205505
     707   2734.35641489
     708   2742.10172277
     709   2749.85797773
     710   2757.62518073
     711   2765.40333081
     712   2773.19242892
     713   2780.99247413
     714   2788.80346736
     715   2796.62540768
     716   2804.45829603
     717   2812.30213148
     718   2820.15691495
     719   2828.02264552
     720   2835.89932412
     721   2843.78694981
     722   2851.68552353
     723   2859.59504435
     724   2867.51551319
     725   2875.44692914
     726   2883.38929311
     727   2891.34260419
     728   2899.30686328
     729   2907.28206949
     730   2915.26822371
     731   2923.26532504
     732   2931.27337439
     733   2939.29237086
     734   2947.32231534
     735   2955.36320695
     736   2963.41504656
     737   2971.47783329
     738   2979.55156804
     739   2987.63624991
     740   2995.73187979
     741   3003.83845680
     742   3011.95598181
     743   3020.08445396
     744   3028.22387411
     745   3036.37424139
     746   3044.53555668
     747   3052.70781910
     748   3060.89102954
     749   3069.08518710
     750   3077.29029267
     751   3085.50634538
     752   3093.73334609
     753   3101.97129394
     754   3110.22018980
     755   3118.48003279
     756   3126.75082380
     757   3135.03256193
     758   3143.32524809
     759   3151.62888137
     760   3159.94346267
     761   3168.26899111
     762   3176.60546755
     763   3184.95289114
     764   3193.31126274
     765   3201.68058147
     766   3210.06084822
     767   3218.45206211
     768   3226.85422402
     769   3235.26733306
     770   3243.69139012
     771   3252.12639432
     772   3260.57234653
     773   3269.02924589
     774   3277.49709326
     775   3285.97588777
     776   3294.46563031
     777   3302.96631998
     778   3311.47795768
     779   3320.00054251
     780   3328.53407537
     781   3337.07855536
     782   3345.63398338
     783   3354.20035854
     784   3362.77768172
     785   3371.36595204
     786   3379.96517040
     787   3388.57533589
     788   3397.19644941
     789   3405.82851007
     790   3414.47151876
     791   3423.12547458
     792   3431.79037845
     793   3440.46622944
     794   3449.15302848
     795   3457.85077465
     796   3466.55946886
     797   3475.27911020
     798   3484.00969959
     799   3492.75123611
     800   3501.50372068
     801   3510.26715237
     802   3519.04153211
     803   3527.82685898
     804   3536.62313391
     805   3545.43035596
     806   3554.24852607
     807   3563.07764330
     808   3571.91770860
     809   3580.76872101
     810   3589.63068149
     811   3598.50358909
     812   3607.38744476
     813   3616.28224754
     814   3625.18799839
     815   3634.10469636
     816   3643.03234241
     817   3651.97093557
     818   3660.92047681
     819   3669.88096516
     820   3678.85240159
     821   3687.83478514
     822   3696.82811676
     823   3705.83239550
     824   3714.84762233
     825   3723.87379626
     826   3732.91091828
     827   3741.95898741
     828   3751.01800463
     829   3760.08796896
     830   3769.16888139
     831   3778.26074091
     832   3787.36354855
     833   3796.47730327
     834   3805.60200611
     835   3814.73765604
     836   3823.88425409
     837   3833.04179922
     838   3842.21029248
     839   3851.38973282
     840   3860.58012128
     841   3869.78145684
     842   3878.99374051
     843   3888.21697128
     844   3897.45115017
     845   3906.69627614
     846   3915.95235025
     847   3925.21937143
     848   3934.49734076
     849   3943.78625716
     850   3953.08612170
     851   3962.39693332
     852   3971.71869309
     853   3981.05139993
     854   3990.39505491
     855   3999.74965697
     856   4009.11520718
     857   4018.49170447
     858   4027.87914990
     859   4037.27754241
     860   4046.68688308
     861   4056.10717081
     862   4065.53840670
     863   4074.98058966
     864   4084.43372079
     865   4093.89779898
     866   4103.37282534
     867   4112.85879876
     868   4122.35572036
     869   4131.86358901
     870   4141.38240584
     871   4150.91216973
     872   4160.45288180
     873   4170.00454093
     874   4179.56714824
     875   4189.14070260
     876   4198.72520516
     877   4208.32065476
     878   4217.92705256
     879   4227.54439740
     880   4237.17269045
     881   4246.81193054
     882   4256.46211883
     883   4266.12325417
     884   4275.79533771
     885   4285.47836829
     886   4295.17234709
     887   4304.87727292
     888   4314.59314697
     889   4324.31996805
     890   4334.05773736
     891   4343.80645369
     892   4353.56611826
     893   4363.33672985
     894   4373.11828967
     895   4382.91079652
     896   4392.71425160
     897   4402.52865371
     898   4412.35400405
     899   4422.19030142
     900   4432.03754703
     901   4441.89573966
     902   4451.76488054
     903   4461.64496843
     904   4471.53600458
     905   4481.43798774
     906   4491.35091916
     907   4501.27479759
     908   4511.20962428
     909   4521.15539798
     910   4531.11211995
     911   4541.07978892
     912   4551.05840617
     913   4561.04797041
     914   4571.04848293
     915   4581.05994245
     916   4591.08235026
     917   4601.11570505
     918   4611.16000814
     919   4621.21525822
     920   4631.28145659
     921   4641.35860195
     922   4651.44669561
     923   4661.54573625
     924   4671.65572520
     925   4681.77666113
     926   4691.90854537
     927   4702.05137658
     928   4712.20515612
     929   4722.36988262
     930   4732.54555745
     931   4742.73217924
     932   4752.92974937
     933   4763.13826646
     934   4773.35773188
     935   4783.58814427
     936   4793.82950499
     937   4804.08181268
     938   4814.34506870
     939   4824.61927169
     940   4834.90442302
     941   4845.20052130
     942   4855.50756794
     943   4865.82556153
     944   4876.15450348
     945   4886.49439238
     946   4896.84522964
     947   4907.20701384
     948   4917.57974641
     949   4927.96342592
     950   4938.35805381
     951   4948.76362864
     952   4959.18015184
     953   4969.60762198
     954   4980.04604051
     955   4990.49540596
     956   5000.95571981
     957   5011.42698058
     958   5021.90918975
     959   5032.40234584
     960   5042.90645034
     961   5053.42150175
     962   5063.94750158
     963   5074.48444832
     964   5085.03234347
     965   5095.59118554
     966   5106.16097603
     967   5116.74171342
     968   5127.33339924
     969   5137.93603196
     970   5148.54961312
     971   5159.17414118
     972   5169.80961768
     973   5180.45604107
     974   5191.11341291
     975   5201.78173163
     976   5212.46099882
     977   5223.15121288
     978   5233.85237541
     979   5244.56448482
     980   5255.28754269
     981   5266.02154744
     982   5276.76650067
     983   5287.52240076
     984   5298.28924934
     985   5309.06704478
     986   5319.85578871
     987   5330.65547951
     988   5341.46611879
     989   5352.28770494
     990   5363.12023958
     991   5373.96372108
     992   5384.81815108
     993   5395.68352794
     994   5406.55985330
     995   5417.44712552
     996   5428.34534625
     997   5439.25451382
     998   5450.17462992
     999   5461.10569286
    1000   5472.04770433
    1001   5483.00066263
    1002   5493.96456947
    1003   5504.93942314
    1004   5515.92522535
    1005   5526.92197439
    1006   5537.92967198
    1007   5548.94831639
    1008   5559.97790935
    1009   5571.01844914
    1010   5582.06993748
    1011   5593.13237265
    1012   5604.20575637
    1013   5615.29008691
    1014   5626.38536603
    1015   5637.49159195
    1016   5648.60876645
    1017   5659.73688775
    1018   5670.87595764
    1019   5682.02597432
    1020   5693.18693961
    1021   5704.35885168
    1022   5715.54171235
    1023   5726.73551982
    1024   5737.94027589
    1025   5749.15597874
    1026   5760.38263021
    1027   5771.62022846
    1028   5782.86877533
    1029   5794.12826898
    1030   5805.39871125
    1031   5816.68010029
    1032   5827.97243797
    1033   5839.27572242
    1034   5850.58995550
    1035   5861.91513535
    1036   5873.25126385
    1037   5884.59833910
    1038   5895.95636301
    1039   5907.32533367
    1040   5918.70525299
    1041   5930.09611906
    1042   5941.49793380
    1043   5952.91069528
    1044   5964.33440544
    1045   5975.76906233
    1046   5987.21466791
    1047   5998.67122023
    1048   6010.13872123
    1049   6021.61716896
    1050   6033.10656539
    1051   6044.60690854
    1052   6056.11820040
    1053   6067.64043898
    1054   6079.17362627
    1055   6090.71776027
    1056   6102.27284299
    1057   6113.83887242
    1058   6125.41585058
    1059   6137.00377544
    1060   6148.60264903
    1061   6160.21246933
    1062   6171.83323836
    1063   6183.46495409
    1064   6195.10761857
    1065   6206.76122973
    1066   6218.42578966
    1067   6230.10129626
    1068   6241.78775164
    1069   6253.48515368
    1070   6265.19350450
    1071   6276.91280199
    1072   6288.64304827
    1073   6300.38424120
    1074   6312.13638293
    1075   6323.89947132
    1076   6335.67350850
    1077   6347.45849234
    1078   6359.25442499
    1079   6371.06130428
    1080   6382.87913239
    1081   6394.70790713
    1082   6406.54763070
    1083   6418.39830091
    1084   6430.25991995
    1085   6442.13248561
    1086   6454.01600012
    1087   6465.91046125
    1088   6477.81587123
    1089   6489.73222782
    1090   6501.65953327
    1091   6513.59778534
    1092   6525.54698627
    1093   6537.50713380
    1094   6549.47823021
    1095   6561.46027321
    1096   6573.45326510
    1097   6585.45720358
    1098   6597.47209095
    1099   6609.49792491
    1100   6621.53470777
    1101   6633.58243721
    1102   6645.64111555
    1103   6657.71074047
    1104   6669.79131431
    1105   6681.88283471
    1106   6693.98530404
    1107   6706.09871994
    1108   6718.22308476
    1109   6730.35839614
    1110   6742.50465647
    1111   6754.66186334
    1112   6766.83001917
    1113   6779.00912153
    1114   6791.19917286
    1115   6803.40017073
    1116   6815.61211756
    1117   6827.83501092
    1118   6840.06885327
    1119   6852.31364213
    1120   6864.56937998
    1121   6876.83606435
    1122   6889.11369772
    1123   6901.40227759
    1124   6913.70180647
    1125   6926.01228186
    1126   6938.33370626
    1127   6950.66607715
    1128   6963.00939707
    1129   6975.36366348
    1130   6987.72887892
    1131   7000.10504085
    1132   7012.49215181
    1133   7024.89020926
    1134   7037.29921575
    1135   7049.71916872
    1136   7062.15007074
    1137   7074.59191923
    1138   7087.04471679
    1139   7099.50846080
    1140   7111.98315390
    1141   7124.46879344
    1142   7136.96538207
    1143   7149.47291714
    1144   7161.99140131
    1145   7174.52083192
    1146   7187.06121163
    1147   7199.61253778
    1148   7212.17481304
    1149   7224.74803472
    1150   7237.33220552
    1151   7249.92732274
    1152   7262.53338910
    1153   7275.15040187
    1154   7287.77836378
    1155   7300.41727208
    1156   7313.06712955
    1157   7325.72793341
    1158   7338.39968643
    1159   7351.08238584
    1160   7363.77603443
    1161   7376.48062938
    1162   7389.19617353
    1163   7401.92266405
    1164   7414.66010376
    1165   7427.40848983
    1166   7440.16782512
    1167   7452.93810675
    1168   7465.71933760
    1169   7478.51151480
    1170   7491.31464122
    1171   7504.12871398
    1172   7516.95373599
    1173   7529.78970431
    1174   7542.63662189
    1175   7555.49448579
    1176   7568.36329895
    1177   7581.24305842
    1178   7594.13376717
    1179   7607.03542221
    1180   7619.94802654
    1181   7632.87157716
    1182   7645.80607708
    1183   7658.75152328
    1184   7671.70791879
    1185   7684.67526058
    1186   7697.65355168
    1187   7710.64278905
    1188   7723.64297575
    1189   7736.65410871
    1190   7749.67619100
    1191   7762.70921955
    1192   7775.75319745
    1193   7788.80812159
    1194   7801.87399509
    1195   7814.95081483
    1196   7828.03858393
    1197   7841.13729926
    1198   7854.24696398
    1199   7867.36757491
    1200   7880.49913524
    1201   7893.64164177
    1202   7906.79509771
    1203   7919.95949985
    1204   7933.13485141
    1205   7946.32114916
    1206   7959.51839633
    1207   7972.72658969
    1208   7985.94573249
    1209   7999.17582146
    1210   8012.41685988
    1211   8025.66884446
    1212   8038.93177851
    1213   8052.20565871
    1214   8065.49048838
    1215   8078.78626420
    1216   8092.09298951
    1217   8105.41066095
    1218   8118.73928190
    1219   8132.07884896
    1220   8145.42936554
    1221   8158.79082824
    1222   8172.16324045
    1223   8185.54659878
    1224   8198.94090664
    1225   8212.34616059
    1226   8225.76236410
    1227   8239.18951369
    1228   8252.62761284
    1229   8266.07665806
    1230   8279.53665286
    1231   8293.00759373
    1232   8306.48948418
    1233   8319.98232069
    1234   8333.48610680
    1235   8347.00083895
    1236   8360.52652071
    1237   8374.06314851
    1238   8387.61072593
    1239   8401.16924938
    1240   8414.73872247
    1241   8428.31914157
    1242   8441.91051032
    1243   8455.51282507
    1244   8469.12608949
    1245   8482.75029990
    1246   8496.38545999
    1247   8510.03156606
    1248   8523.68862182
    1249   8537.35662355
    1250   8551.03557498
    1251   8564.72547238
    1252   8578.42631949
    1253   8592.13811255
    1254   8605.86085534
    1255   8619.59454408
    1256   8633.33918255
    1257   8647.09476695
    1258   8660.86130111
    1259   8674.63878119
    1260   8688.42721103
    1261   8702.22658679
    1262   8716.03691232
    1263   8729.85818375
    1264   8743.69040498
    1265   8757.53357209
    1266   8771.38768901
    1267   8785.25275181
    1268   8799.12876443
    1269   8813.01572292
    1270   8826.91363123
    1271   8840.82248541
    1272   8854.74228942
    1273   8868.67303929
    1274   8882.61473901
    1275   8896.56738457
    1276   8910.53098000
    1277   8924.50552126
    1278   8938.49101240
    1279   8952.48744935
    1280   8966.49483620
    1281   8980.51316886
    1282   8994.54245142
    1283   9008.58267978
    1284   9022.63385806
    1285   9036.69598213
    1286   9050.76905613
    1287   9064.85307590
    1288   9078.94804562
    1289   9093.05396111
    1290   9107.17082656
    1291   9121.29863775
    1292   9135.43739893
    1293   9149.58710584
    1294   9163.74776274
    1295   9177.91936537
    1296   9192.10191800
    1297   9206.29541636
    1298   9220.49986472
    1299   9234.71525880
    1300   9248.94160290
    1301   9263.17889270
    1302   9277.42713254
    1303   9291.68631807
    1304   9305.95645365
    1305   9320.23753491
    1306   9334.52956623
    1307   9348.83254323
    1308   9363.14647029
    1309   9377.47134302
    1310   9391.80716584
    1311   9406.15393430
    1312   9420.51165287
    1313   9434.88031707
    1314   9449.25993139
    1315   9463.65049134
    1316   9478.05200141
    1317   9492.46445710
    1318   9506.88786294
    1319   9521.32221437
    1320   9535.76751596
    1321   9550.22376315
    1322   9564.69096050
    1323   9579.16910344
    1324   9593.65819656
    1325   9608.15823525
    1326   9622.66922413
    1327   9637.19115858
    1328   9651.72404323
    1329   9666.26787344
    1330   9680.82265386
    1331   9695.38837983
    1332   9709.96505603
    1333   9724.55267776
    1334   9739.15124973
    1335   9753.76076722
    1336   9768.38123497
    1337   9783.01264824
    1338   9797.65501176
    1339   9812.30832080
    1340   9826.97258011
    1341   9841.64778492
    1342   9856.33394001
    1343   9871.03104060
    1344   9885.73909147
    1345   9900.45808784
    1346   9915.18803450
    1347   9929.92892665
    1348   9944.68076910
    1349   9959.44355703
    1350   9974.21729527
    1351   9989.00197898
    1352  10003.79761303
    1353  10018.60419252
    1354  10033.42172236
    1355  10048.25019765
    1356  10063.08962328
    1357  10077.93999436
    1358  10092.80131580
    1359  10107.67358267
    1360  10122.55679991
    1361  10137.45096258
    1362  10152.35607562
    1363  10167.27213409
    1364  10182.19914294
    1365  10197.13709721
    1366  10212.08600186
    1367  10227.04585193
    1368  10242.01665240
    1369  10256.99839828
    1370  10271.99109456
    1371  10286.99473624
    1372  10302.00932834
    1373  10317.03486583
    1374  10332.07135374
    1375  10347.11878705
    1376  10362.17717077
    1377  10377.24649990
    1378  10392.32677944
    1379  10407.41800438
    1380  10422.52017974
    1381  10437.63330050
    1382  10452.75737169
    1383  10467.89238827
    1384  10483.03835528
    1385  10498.19526769
    1386  10513.36313053
    1387  10528.54193876
    1388  10543.73169742
    1389  10558.93240149
    1390  10574.14405598
    1391  10589.36665587
    1392  10604.60020619
    1393  10619.84470192
    1394  10635.10014808
    1395  10650.36653964
    1396  10665.64388163
    1397  10680.93216903
    1398  10696.23140685
    1399  10711.54159010
    1400  10726.86272375
    1401  10742.19480284
    1402  10757.53783233
    1403  10772.89180727
    1404  10788.25673260
    1405  10803.63260338
    1406  10819.01942455
    1407  10834.41719119
    1408  10849.82590820
    1409  10865.24557068
    1410  10880.67618353
    1411  10896.11774188
    1412  10911.57025057
    1413  10927.03370478
    1414  10942.50810931
    1415  10957.99345938
    1416  10973.48975976
    1417  10988.99700569
    1418  11004.51520191
    1419  11020.04434371
    1420  11035.58443578
    1421  11051.13547344
    1422  11066.69746136
    1423  11082.27039489
    1424  11097.85427866
    1425  11113.44910807
    1426  11129.05488768
    1427  11144.67161297
    1428  11160.29928843
    1429  11175.93790959
    1430  11191.58748090
    1431  11207.24799795
    1432  11222.91946511
    1433  11238.60187804
    1434  11254.29524105
    1435  11269.99954987
    1436  11285.71480872
    1437  11301.44101344
    1438  11317.17816814
    1439  11332.92626875
    1440  11348.68531930
    1441  11364.45531580
    1442  11380.23626221
    1443  11396.02815461
    1444  11411.83099687
    1445  11427.64478517
    1446  11443.46952327
    1447  11459.30520748
    1448  11475.15184143
    1449  11491.00942155
    1450  11506.87795135
    1451  11522.75742738
    1452  11538.64785303
    1453  11554.54922497
    1454  11570.46154646
    1455  11586.38481433
    1456  11602.31903167
    1457  11618.26419545
    1458  11634.22030864
    1459  11650.18736835
    1460  11666.16537738
    1461  11682.15433301
    1462  11698.15423788
    1463  11714.16508945
    1464  11730.18689017
    1465  11746.21963767
    1466  11762.26333422
    1467  11778.31797767
    1468  11794.38357006
    1469  11810.46010945
    1470  11826.54759767
    1471  11842.64603301
    1472  11858.75541707
    1473  11874.87574836
    1474  11891.00702825
    1475  11907.14925549
    1476  11923.30243122
    1477  11939.46655442
    1478  11955.64162597
    1479  11971.82764514
    1480  11988.02461251
    1481  12004.23252764
    1482  12020.45139084
    1483  12036.68120195
    1484  12052.92196096
    1485  12069.17366805
    1486  12085.43632287
    1487  12101.70992594
    1488  12117.99447658
    1489  12134.28997564
    1490  12150.59642208
    1491  12166.91381714
    1492  12183.24215938
    1493  12199.58145044
    1494  12215.93168848
    1495  12232.29287554
    1496  12248.66500938
    1497  12265.04809245
    1498  12281.44212207
    1499  12297.84710116
    1500  12314.26302657
    1501  12330.68990168
    1502  12347.12772286
    1503  12363.57649400
    1504  12380.03621097
    1505  12396.50687814
    1506  12412.98849086
    1507  12429.48105408
    1508  12445.98456257
    1509  12462.49902183
    1510  12479.02442607
    1511  12495.56078140
    1512  12512.10808139
    1513  12528.66633277
    1514  12545.23552849
    1515  12561.81567596
    1516  12578.40676741
    1517  12595.00881096
    1518  12611.62179813
    1519  12628.24573777
    1520  12644.88062066
    1521  12661.52645639
    1522  12678.18323498
    1523  12694.85096682
    1524  12711.52964111
    1525  12728.21926907
    1526  12744.91983903
    1527  12761.63136313
    1528  12778.35382877
    1529  12795.08724900
    1530  12811.83161029
    1531  12828.58692668
    1532  12845.35318363
    1533  12862.13039617
    1534  12878.91854875
    1535  12895.71765747
    1536  12912.52770568
    1537  12929.34871059
    1538  12946.18065440
    1539  12963.02355551
    1540  12979.87739492
    1541  12996.74219224
    1542  13013.61792722
    1543  13030.50462078
    1544  13047.40225133
    1545  13064.31084112
    1546  13081.23036721
    1547  13098.16085327
    1548  13115.10227490
    1549  13132.05465722
    1550  13149.01797435
    1551  13165.99225297
    1552  13182.97746560
    1553  13199.97364053
    1554  13216.98074862
    1555  13233.99881988
    1556  13251.02782344
    1557  13268.06779103
    1558  13285.11869001
    1559  13302.18055398
    1560  13319.25334837
    1561  13336.33710872
    1562  13353.43179848
    1563  13370.53745525
    1564  13387.65404038
    1565  13404.78159357
    1566  13421.92007402
    1567  13439.06952368
    1568  13456.22989944
    1569  13473.40124557
    1570  13490.58351660
    1571  13507.77675924
    1572  13524.98092552
    1573  13542.19606470
    1574  13559.42212618
    1575  13576.65916192
    1576  13593.90711859
    1577  13611.16605092
    1578  13628.43590273
    1579  13645.71673169
    1580  13663.00847862
    1581  13680.31120423
    1582  13697.62484621
    1583  13714.94946853
    1584  13732.28500556
    1585  13749.63152458
    1586  13766.98895659
    1587  13784.35737240
    1588  13801.73669937
    1589  13819.12701196
    1590  13836.52823382
    1591  13853.94044327
    1592  13871.36356000
    1593  13888.79766633
    1594  13906.24267785
    1595  13923.69868112
    1596  13941.16558742
    1597  13958.64348765
    1598  13976.13228863
    1599  13993.63208591
    1600  14011.14278155
    1601  14028.66447589
    1602  14046.19706611
    1603  14063.74065760
    1604  14081.29514235
    1605  14098.86063102
    1606  14116.43701022
    1607  14134.02439614
    1608  14151.62266976
    1609  14169.23195298
    1610  14186.85212090
    1611  14204.48330151
    1612  14222.12536370
    1613  14239.77844173
    1614  14257.44239808
    1615  14275.11737364
    1616  14292.80322411
    1617  14310.50009723
    1618  14328.20784169
    1619  14345.92661250
    1620  14363.65625091
    1621  14381.39691943
    1622  14399.14845166
    1623  14416.91101803
    1624  14434.68444402
    1625  14452.46890828
    1626  14470.26422789
    1627  14488.07059018
    1628  14505.88780335
    1629  14523.71606372
    1630  14541.55517029
    1631  14559.40532889
    1632  14577.26632881
    1633  14595.13838569
    1634  14613.02127878
    1635  14630.91523411
    1636  14648.82002030
    1637  14666.73587414
    1638  14684.66255325
    1639  14702.60030577
    1640  14720.54887772
    1641  14738.50852899
    1642  14756.47899358
    1643  14774.46054381
    1644  14792.45290095
    1645  14810.45635020
    1646  14828.47059968
    1647  14846.49594816
    1648  14864.53208988
    1649  14882.57933768
    1650  14900.63737140
    1651  14918.70651876
    1652  14936.78644437
    1653  14954.87749137
    1654  14972.97930863
    1655  14991.09225552
    1656  15009.21596430
    1657  15027.35081120
    1658  15045.49641122
    1659  15063.65315839
    1660  15081.82064953
    1661  15099.99929708
    1662  15118.18867903
    1663  15136.38922727
    1664  15154.60049989
    1665  15172.82294894
    1666  15191.05611190
    1667  15209.30046209
    1668  15227.55551523
    1669  15245.82176670
    1670  15264.09870967
    1671  15282.38686277
    1672  15300.68569538
    1673  15318.99575027
    1674  15337.31647215
    1675  15355.64842922
    1676  15373.99104016
    1677  15392.34489958
    1678  15410.70939916
    1679  15429.08516135
    1680  15447.47154937
    1681  15465.86921452
    1682  15484.27749051
    1683  15502.69705908
    1684  15521.12722280
    1685  15539.56869502
    1686  15558.02074597
    1687  15576.48412232
    1688  15594.95806024
    1689  15613.44334098
    1690  15631.93916533
    1691  15650.44635098
    1692  15668.96406146
    1693  15687.49315231
    1694  15706.03274834
    1695  15724.58374495
    1696  15743.14522622
    1697  15761.71812891
    1698  15780.30149475
    1699  15798.89630416
    1700  15817.50155424
    1701  15836.11827069
    1702  15854.74540430
    1703  15873.38402849
    1704  15892.03304525
    1705  15910.69357755
    1706  15929.36447669
    1707  15948.04691787
    1708  15966.73969895
    1709  15985.44404941
    1710  16004.15871161
    1711  16022.88497218
    1712  16041.62151503
    1713  16060.36968616
    1714  16079.12810876
    1715  16097.89819135
    1716  16116.67849316
    1717  16135.47048771
    1718  16154.27266776
    1719  16173.08657526
    1720  16191.91063297
    1721  16210.74645398
    1722  16229.59238827
    1723  16248.45012385
    1724  16267.31793409
    1725  16286.19758486
    1726  16305.08726988
    1727  16323.98883701
    1728  16342.90039611
    1729  16361.82388027
    1730  16380.75731218
    1731  16399.70271466
    1732  16418.65801860
    1733  16437.62534014
    1734  16456.60251472
    1735  16475.59175672
    1736  16494.59080109
    1737  16513.60196438
    1738  16532.62287701
    1739  16551.65596312
    1740  16570.69874309
    1741  16589.75375293
    1742  16608.81839856
    1743  16627.89533380
    1744  16646.98184407
    1745  16666.08070571
    1746  16685.18907882
    1747  16704.30986868
    1748  16723.44010348
    1749  16742.58282268
    1750  16761.73491720
    1751  16780.89956773
    1752  16800.07352071
    1753  16819.26010380
    1754  16838.45591308
    1755  16857.66443090
    1756  16876.88209511
    1757  16896.11254902
    1758  16915.35206580
    1759  16934.60445817
    1760  16953.86582600
    1761  16973.14015834
    1762  16992.42337463
    1763  17011.71964953
    1764  17031.02471263
    1765  17050.34293175
    1766  17069.66983882
    1767  17089.01000500
    1768  17108.35875421
    1769  17127.72086928
    1770  17147.09145754
    1771  17166.47552460
    1772  17185.86794989
    1773  17205.27397096
    1774  17224.68822991
    1775  17244.11620838
    1776  17263.55229875
    1777  17283.00223686
    1778  17302.46015497
    1779  17321.93205644
    1780  17341.41179981
    1781  17360.90566709
    1782  17380.40723171
    1783  17399.92306887
    1784  17419.44645202
    1785  17438.98426177
    1786  17458.52945902
    1787  17478.08924583
    1788  17497.65625422
    1789  17517.23802106
    1790  17536.82683574
    1791  17556.43058751
    1792  17576.04120519
    1793  17595.66694517
    1794  17615.29936057
    1795  17634.94709413
    1796  17654.60130361
    1797  17674.27103437
    1798  17693.94703214
    1799  17713.63876598
    1800  17733.33654804
    1801  17753.05028897
    1802  17772.76984897
    1803  17792.50560341
    1804  17812.24693695
    1805  17832.00470933
    1806  17851.76780945
    1807  17871.54760682
    1808  17891.33246867
    1809  17911.13429590
    1810  17930.94091184
    1811  17950.76477668
    1812  17970.59314138
    1813  17990.43904920
    1814  18010.28915427
    1815  18030.15711357
    1816  18050.02895313
    1817  18069.91896983
    1818  18089.81253469
    1819  18109.72461813
    1820  18129.63990180
    1821  18149.57405850
    1822  18169.51105090
    1823  18189.46729111
    1824  18209.42598508
    1825  18229.40431602
    1826  18249.38470049
    1827  18269.38513340
    1828  18289.38720049
    1829  18309.40974333
    1830  18329.43348087
    1831  18349.47814600
    1832  18369.52354531
    1833  18389.59034150
    1834  18409.65738920
    1835  18429.74633005
    1836  18449.83501657
    1837  18469.94611176
    1838  18490.05642240
    1839  18510.18968688
    1840  18530.32161107
    1841  18550.47705552
    1842  18570.63057711
    1843  18590.80821797
    1844  18610.98332530
    1845  18631.18317438
    1846  18651.37984967
    1847  18671.60192505
    1848  18691.82015544
    1849  18712.06447015
    1850  18732.30423609
    1851  18752.57081003
    1852  18772.83209732
    1853  18793.12094489
    1854  18813.40373199
    1855  18833.71487513
    1856  18854.01914637
    1857  18874.35260095
    1858  18894.67833262
    1859  18915.03412282
    1860  18935.38129760
    1861  18955.75944097
    1862  18976.12803274
    1863  18996.52855591
    1864  19016.91854555
    1865  19037.34146793
    1866  19057.75282663
    1867  19078.19817760
    1868  19098.63088424
    1869  19119.09868523
    1870  19139.55270802
    1871  19160.04299146
    1872  19180.51830708
    1873  19201.03109666
    1874  19221.52767002
    1875  19242.06300156
    1876  19262.58080687
    1877  19283.13870655
    1878  19303.67770506
    1879  19324.25821245
    1880  19344.81837566
    1881  19365.42151973
    1882  19386.00280481
    1883  19406.62862930
    1884  19427.23100472
    1885  19447.87954168
    1886  19468.50296009
    1887  19489.17425791
    1888  19509.81868441
    1889  19530.51277857
    1890  19551.17816078
    1891  19571.89510483
    1892  19592.58140412
    1893  19613.32123736
    1894  19634.02839571
    1895  19654.79117745
    1896  19675.51915211
    1897  19696.30492587
    1898  19717.05365254
    1899  19737.86248409
    1900  19758.63191540
    1901  19779.46385296
    1902  19800.25391760
    1903  19821.10903413
    1904  19841.91967961
    1905  19862.79802858
    1906  19883.62917574
    1907  19904.53083817
    1908  19925.38242880
    1909  19946.30746399
    1910  19967.17941015
    1911  19988.12790814
    1912  20009.02014527
    1913  20029.99217187
    1914  20050.90460215
    1915  20071.90025755
    1916  20092.83280932
    1917  20113.85216658
    1918  20134.80473096
    1919  20155.84790164
    1920  20176.82039903
    1921  20197.88746433
    1922  20218.87977339
    1923  20239.97085766
    1924  20260.98288993
    1925  20282.09808346
    1926  20303.12970355
    1927  20324.26914515
    1928  20345.32025468
    1929  20366.48404477
    1930  20387.55449251
    1931  20408.74278622
    1932  20429.83246266
    1933  20451.04537183
    1934  20472.15410781
    1935  20493.39180601
    1936  20514.51947957
    1937  20535.78209141
    1938  20556.92851304
    1939  20578.21623305
    1940  20599.38126682
    1941  20620.69423395
    1942  20641.87766723
    1943  20663.21609983
    1944  20684.41778098
    1945  20705.78183413
    1946  20727.00152421
    1947  20748.39144338
    1948  20769.62897306
    1949  20791.04493152
    1950  20812.30003179
    1951  20833.74230601
    1952  20855.01478765
    1953  20876.48357134
    1954  20897.77313094
    1955  20919.26873611
    1956  20940.57516197
    1957  20962.09780542
    1958  20983.42075462
    1959  21004.97078917
    1960  21026.31002471
    1961  21047.88769322
    1962  21069.24282662
    1963  21090.84852897
    1964  21112.21929468
    1965  21133.85330314
    1966  21155.23926005
    1967  21176.90202894
    1968  21198.30287924
    1969  21219.99471407
    1970  21241.40995559
    1971  21263.13137387
    1972  21284.56067243
    1973  21306.31201717
    1974  21327.75479952
    1975  21349.53666184
    1976  21370.99255279
    1977  21392.80531805
    1978  21414.27366124
    1979  21436.11800670
    1980  21457.59838081
    1981  21479.47473944
    1982  21500.96639049
    1983  21522.87554082
    1984  21544.37799584
    1985  21566.32042426
    1986  21587.83281398
    1987  21609.80941869
    1988  21631.33121254
    1989  21653.34253956
    1990  21674.87273132
    1991  21696.91982119
    1992  21718.45781657
    1993  21740.54128133
    1994  21762.08591022
    1995  21784.20696100
    1996  21805.75755934
    1997  21827.91688063
    1998  21849.47208035
    1999  21871.67108968
    2000  21893.23015152
    2001  21915.46961175
    2002  21937.03092557
    2003  21959.31250723
    2004  21980.87525446
    2005  22003.19980354
    2006  22024.76207328
    2007  22047.13157568
    2008  22068.69246843
    2009  22091.10785598
    2010  22112.66507901
    2011  22135.12873971
    2012  22156.68131532
    2013  22179.19426595
    2014  22200.73940267
    2015  22223.30455953
    2016  22244.84121149
    2017  22267.45966968
    2018  22288.98436910
    2019  22311.65976682
    2020  22333.17142274
    2021  22355.90491683
    2022  22377.39909894
    2023  22400.19536514
    2024  22421.67098555
    2025  22444.53120745
    2026  22465.98237910
    2027  22488.91282212
    2028  22510.33856334
    2029  22533.34036298
    2030  22554.73240214
    2031  22577.81446685
    2032  22599.17217340
    2033  22622.33541166
    2034  22643.64618630
    2035  22666.90440322
    2036  22688.16865905
    2037  22711.52201747
    2038  22732.71806354
    2039  22756.19096673
    2040  22777.32283680
    2041  22800.91265850
    2042  22821.93445087
    2043  22845.69522151
    2044  22866.63051734
    2045  22890.54196124
    2046  22911.23907792
    2047  22935.49276175
    2048  22956.51781344
 ---------------------------------------
 
SCF converged! Final Ground-State Energy (Eh):             -70.4390766067394196
