 
     Two-Electron DVR    
 ------------------------
 x0     =      15.00000000
 m      =       1.00000000
 Z      =       4.00000000
 n      =             2048
 dx     =       0.01465559
 
Soft-Coulomb Parameters:
 alpha  =       1.00000000
 beta   =       1.00000000
 
 
                       Hartree-Fock                      
 --------------------------------------------------------
 no. of orbitals        =             2048
 no. of electrons       =                2
 scf_damping_switch     =        F
 scf_diis_switch        =        F
 damping_factor         =   0.00000000
 e_tolerance            = 0.0000000000100000
 maximum scf-iterations =              200
 
 
                       SCF iterations                      
 ----------------------------------------------------------
    S.No    Energy (hartree)        dE (hartree)
 ----------------------------------------------------------
       0     -6.418296506144
       1     -5.602862966565      0.815433539580
       2     -5.609170640081      0.006307673516
       3     -5.609440195143      0.000269555062
       4     -5.609451694706      0.000011499563
       5     -5.609452187094      0.000000492388
       6     -5.609452208237      0.000000021143
       7     -5.609452209144      0.000000000907
       8     -5.609452209184      0.000000000040
       9     -5.609452209185      0.000000000001
 ----------------------------------------------------------
  
 
 
 ---------------------------------------
     Molecular Orbital Energies (Eh)    
 ---------------------------------------
       1     -2.40384233
       2     -0.82800623
       3     -0.46436687
       4     -0.30809372
       5     -0.21480197
       6     -0.15396376
       7     -0.09548781
       8     -0.02834361
       9      0.05393712
      10      0.14804829
      11      0.25617518
      12      0.37548018
      13      0.50768875
      14      0.65098690
      15      0.80640498
      16      0.97298533
      17      1.15115103
      18      1.34055252
      19      1.54119999
      20      1.75311521
      21      1.97607902
      22      2.21030316
      23      2.45547308
      24      2.71187092
      25      2.97916954
      26      3.25765255
      27      3.54702363
      28      3.84753412
      29      4.15893598
      30      4.48143624
      31      4.81483773
      32      5.15930291
      33      5.51468063
      34      5.88109408
      35      6.25843042
      36      6.64678072
      37      7.04606241
      38      7.45634148
      39      7.87755846
      40      8.30976044
      41      8.75290508
      42      9.20702553
      43      9.67209196
      44     10.14812746
      45     10.63511114
      46     11.13305895
      47     11.64195635
      48     12.16181424
      49     12.69262254
      50     13.23438865
      51     13.78710560
      52     14.35077837
      53     14.92540213
      54     15.51098022
      55     16.10750929
      56     16.71499154
      57     17.33342466
      58     17.96281008
      59     18.60314619
      60     19.25443391
      61     19.91667210
      62     20.58986134
      63     21.27400084
      64     21.96909094
      65     22.67513108
      66     23.39212144
      67     24.12006162
      68     24.85895171
      69     25.60879142
      70     26.36958078
      71     27.14131956
      72     27.92400778
      73     28.71764523
      74     29.52223192
      75     30.33776769
      76     31.16425252
      77     32.00168629
      78     32.85006897
      79     33.70940045
      80     34.57968071
      81     35.46090965
      82     36.35308724
      83     37.25621342
      84     38.17028813
      85     39.09531133
      86     40.03128297
      87     40.97820301
      88     41.93607141
      89     42.90488811
      90     43.88465310
      91     44.87536633
      92     45.87702777
      93     46.88963738
      94     47.91319514
      95     48.94770101
      96     49.99315497
      97     51.04955699
      98     52.11690705
      99     53.19520511
     100     54.28445116
     101     55.38464518
     102     56.49578714
     103     57.61787702
     104     58.75091481
     105     59.89490048
     106     61.04983402
     107     62.21571541
     108     63.39254464
     109     64.58032169
     110     65.77904654
     111     66.98871918
     112     68.20933960
     113     69.44090778
     114     70.68342372
     115     71.93688739
     116     73.20129880
     117     74.47665791
     118     75.76296474
     119     77.06021926
     120     78.36842148
     121     79.68757136
     122     81.01766892
     123     82.35871413
     124     83.71070701
     125     85.07364752
     126     86.44753567
     127     87.83237145
     128     89.22815485
     129     90.63488587
     130     92.05256450
     131     93.48119072
     132     94.92076455
     133     96.37128596
     134     97.83275497
     135     99.30517155
     136    100.78853571
     137    102.28284743
     138    103.78810672
     139    105.30431357
     140    106.83146798
     141    108.36956994
     142    109.91861945
     143    111.47861649
     144    113.04956109
     145    114.63145321
     146    116.22429287
     147    117.82808005
     148    119.44281476
     149    121.06849699
     150    122.70512675
     151    124.35270401
     152    126.01122880
     153    127.68070108
     154    129.36112088
     155    131.05248818
     156    132.75480299
     157    134.46806529
     158    136.19227509
     159    137.92743238
     160    139.67353718
     161    141.43058945
     162    143.19858922
     163    144.97753647
     164    146.76743121
     165    148.56827342
     166    150.38006313
     167    152.20280030
     168    154.03648496
     169    155.88111709
     170    157.73669670
     171    159.60322377
     172    161.48069832
     173    163.36912033
     174    165.26848982
     175    167.17880676
     176    169.10007118
     177    171.03228305
     178    172.97544240
     179    174.92954920
     180    176.89460346
     181    178.87060518
     182    180.85755436
     183    182.85545099
     184    184.86429508
     185    186.88408662
     186    188.91482562
     187    190.95651206
     188    193.00914597
     189    195.07272731
     190    197.14725612
     191    199.23273236
     192    201.32915607
     193    203.43652720
     194    205.55484580
     195    207.68411183
     196    209.82432532
     197    211.97548623
     198    214.13759461
     199    216.31065041
     200    218.49465368
     201    220.68960436
     202    222.89550251
     203    225.11234807
     204    227.34014110
     205    229.57888154
     206    231.82856944
     207    234.08920476
     208    236.36078754
     209    238.64331774
     210    240.93679539
     211    243.24122045
     212    245.55659298
     213    247.88291292
     214    250.22018031
     215    252.56839512
     216    254.92755738
     217    257.29766705
     218    259.67872418
     219    262.07072872
     220    264.47368072
     221    266.88758012
     222    269.31242698
     223    271.74822124
     224    274.19496296
     225    276.65265209
     226    279.12128867
     227    281.60087266
     228    284.09140411
     229    286.59288295
     230    289.10530926
     231    291.62868296
     232    294.16300412
     233    296.70827269
     234    299.26448870
     235    301.83165212
     236    304.40976300
     237    306.99882127
     238    309.59882701
     239    312.20978013
     240    314.83168072
     241    317.46452870
     242    320.10832415
     243    322.76306698
     244    325.42875728
     245    328.10539497
     246    330.79298012
     247    333.49151266
     248    336.20099266
     249    338.92142005
     250    341.65279491
     251    344.39511715
     252    347.14838686
     253    349.91260396
     254    352.68776851
     255    355.47388046
     256    358.27093987
     257    361.07894666
     258    363.89790092
     259    366.72780257
     260    369.56865168
     261    372.42044818
     262    375.28319214
     263    378.15688348
     264    381.04152229
     265    383.93710849
     266    386.84364215
     267    389.76112319
     268    392.68955170
     269    395.62892760
     270    398.57925096
     271    401.54052170
     272    404.51273991
     273    407.49590550
     274    410.49001856
     275    413.49507900
     276    416.51108691
     277    419.53804220
     278    422.57594495
     279    425.62479509
     280    428.68459270
     281    431.75533769
     282    434.83703014
     283    437.92966998
     284    441.03325729
     285    444.14779197
     286    447.27327413
     287    450.40970367
     288    453.55708067
     289    456.71540506
     290    459.88467691
     291    463.06489615
     292    466.25606285
     293    469.45817694
     294    472.67123849
     295    475.89524743
     296    479.13020383
     297    482.37610762
     298    485.63295888
     299    488.90075751
     300    492.17950362
     301    495.46919711
     302    498.76983807
     303    502.08142640
     304    505.40396221
     305    508.73744540
     306    512.08187607
     307    515.43725411
     308    518.80357962
     309    522.18085251
     310    525.56907288
     311    528.96824062
     312    532.37835585
     313    535.79941844
     314    539.23142852
     315    542.67438597
     316    546.12829090
     317    549.59314320
     318    553.06894298
     319    556.55569014
     320    560.05338477
     321    563.56202678
     322    567.08161628
     323    570.61215314
     324    574.15363749
     325    577.70606921
     326    581.26944841
     327    584.84377498
     328    588.42904904
     329    592.02527047
     330    595.63243939
     331    599.25055568
     332    602.87961945
     333    606.51963059
     334    610.17058923
     335    613.83249523
     336    617.50534872
     337    621.18914958
     338    624.88389792
     339    628.58959364
     340    632.30623685
     341    636.03382742
     342    639.77236549
     343    643.52185093
     344    647.28228386
     345    651.05366415
     346    654.83599194
     347    658.62926709
     348    662.43348975
     349    666.24865976
     350    670.07477727
     351    673.91184215
     352    677.75985453
     353    681.61881427
     354    685.48872151
     355    689.36957611
     356    693.26137821
     357    697.16412768
     358    701.07782465
     359    705.00246898
     360    708.93806081
     361    712.88460001
     362    716.84208670
     363    720.81052076
     364    724.78990233
     365    728.78023126
     366    732.78150769
     367    736.79373148
     368    740.81690278
     369    744.85102144
     370    748.89608761
     371    752.95210114
     372    757.01906217
     373    761.09697057
     374    765.18582648
     375    769.28562974
     376    773.39638052
     377    777.51807866
     378    781.65072431
     379    785.79431731
     380    789.94885784
     381    794.11434571
     382    798.29078111
     383    802.47816386
     384    806.67649412
     385    810.88577175
     386    815.10599689
     387    819.33716939
     388    823.57928940
     389    827.83235677
     390    832.09637167
     391    836.37133391
     392    840.65724368
     393    844.95410080
     394    849.26190545
     395    853.58065745
     396    857.91035697
     397    862.25100385
     398    866.60259825
     399    870.96514000
     400    875.33862928
     401    879.72306592
     402    884.11845008
     403    888.52478159
     404    892.94206063
     405    897.37028703
     406    901.80946095
     407    906.25958223
     408    910.72065104
     409    915.19266719
     410    919.67563088
     411    924.16954192
     412    928.67440050
     413    933.19020642
     414    937.71695988
     415    942.25466069
     416    946.80330904
     417    951.36290473
     418    955.93344797
     419    960.51493855
     420    965.10737667
     421    969.71076214
     422    974.32509515
     423    978.95037550
     424    983.58660340
     425    988.23377865
     426    992.89190144
     427    997.56097157
     428   1002.24098925
     429   1006.93195428
     430   1011.63386685
     431   1016.34672676
     432   1021.07053423
     433   1025.80528904
     434   1030.55099140
     435   1035.30764110
     436   1040.07523836
     437   1044.85378295
     438   1049.64327510
     439   1054.44371460
     440   1059.25510164
     441   1064.07743603
     442   1068.91071798
     443   1073.75494726
     444   1078.61012410
     445   1083.47624829
     446   1088.35332003
     447   1093.24133911
     448   1098.14030575
     449   1103.05021973
     450   1107.97108128
     451   1112.90289016
     452   1117.84564661
     453   1122.79935039
     454   1127.76400174
     455   1132.73960043
     456   1137.72614668
     457   1142.72364027
     458   1147.73208143
     459   1152.75146992
     460   1157.78180599
     461   1162.82308939
     462   1167.87532036
     463   1172.93849867
     464   1178.01262455
     465   1183.09769776
     466   1188.19371855
     467   1193.30068667
     468   1198.41860237
     469   1203.54746541
     470   1208.68727602
     471   1213.83803396
     472   1218.99973948
     473   1224.17239234
     474   1229.35599277
     475   1234.55054054
     476   1239.75603589
     477   1244.97247857
     478   1250.19986883
     479   1255.43820643
     480   1260.68749161
     481   1265.94772412
     482   1271.21890422
     483   1276.50103164
     484   1281.79410666
     485   1287.09812900
     486   1292.41309894
     487   1297.73901620
     488   1303.07588106
     489   1308.42369324
     490   1313.78245302
     491   1319.15216012
     492   1324.53281482
     493   1329.92441685
     494   1335.32696647
     495   1340.74046342
     496   1346.16490797
     497   1351.60029984
     498   1357.04663932
     499   1362.50392611
     500   1367.97216051
     501   1373.45134224
     502   1378.94147157
     503   1384.44254821
     504   1389.95457247
     505   1395.47754405
     506   1401.01146324
     507   1406.55632975
     508   1412.11214387
     509   1417.67890531
     510   1423.25661436
     511   1428.84527073
     512   1434.44487471
     513   1440.05542601
     514   1445.67692494
     515   1451.30937117
     516   1456.95276503
     517   1462.60710620
     518   1468.27239499
     519   1473.94863110
     520   1479.63581483
     521   1485.33394587
     522   1491.04302454
     523   1496.76305052
     524   1502.49402413
     525   1508.23594506
     526   1513.98881361
     527   1519.75262947
     528   1525.52739296
     529   1531.31310377
     530   1537.10976221
     531   1542.91736795
     532   1548.73592134
     533   1554.56542203
     534   1560.40587036
     535   1566.25726599
     536   1572.11960927
     537   1577.99289985
     538   1583.87713808
     539   1589.77232361
     540   1595.67845678
     541   1601.59553726
     542   1607.52356539
     543   1613.46254082
     544   1619.41246389
     545   1625.37333427
     546   1631.34515230
     547   1637.32791764
     548   1643.32163062
     549   1649.32629091
     550   1655.34189885
     551   1661.36845409
     552   1667.40595699
     553   1673.45440719
     554   1679.51380504
     555   1685.58415020
     556   1691.66544301
     557   1697.75768312
     558   1703.86087090
     559   1709.97500597
     560   1716.10008871
     561   1722.23611874
     562   1728.38309645
     563   1734.54102144
     564   1740.70989411
     565   1746.88971406
     566   1753.08048170
     567   1759.28219662
     568   1765.49485922
     569   1771.71846911
     570   1777.95302667
     571   1784.19853153
     572   1790.45498407
     573   1796.72238389
     574   1803.00073140
     575   1809.29002619
     576   1815.59026867
     577   1821.90145844
     578   1828.22359589
     579   1834.55668063
     580   1840.90071305
     581   1847.25569276
     582   1853.62162016
     583   1859.99849485
     584   1866.38631723
     585   1872.78508689
     586   1879.19480425
     587   1885.61546889
     588   1892.04708123
     589   1898.48964085
     590   1904.94314817
     591   1911.40760277
     592   1917.88300507
     593   1924.36935465
     594   1930.86665193
     595   1937.37489649
     596   1943.89408876
     597   1950.42422831
     598   1956.96531557
     599   1963.51735010
     600   1970.08033234
     601   1976.65426186
     602   1983.23913910
     603   1989.83496360
     604   1996.44173583
     605   2003.05945532
     606   2009.68812254
     607   2016.32773703
     608   2022.97829924
     609   2029.63980872
     610   2036.31226592
     611   2042.99567039
     612   2049.69002259
     613   2056.39532206
     614   2063.11156925
     615   2069.83876372
     616   2076.57690591
     617   2083.32599538
     618   2090.08603257
     619   2096.85701703
     620   2103.63894923
     621   2110.43182869
     622   2117.23565589
     623   2124.05043035
     624   2130.87615256
     625   2137.71282202
     626   2144.56043923
     627   2151.41900370
     628   2158.28851592
     629   2165.16897540
     630   2172.06038262
     631   2178.96273710
     632   2185.87603934
     633   2192.80028883
     634   2199.73548608
     635   2206.68163058
     636   2213.63872284
     637   2220.60676236
     638   2227.58574963
     639   2234.57568416
     640   2241.57656645
     641   2248.58839599
     642   2255.61117330
     643   2262.64489785
     644   2269.68957018
     645   2276.74518975
     646   2283.81175710
     647   2290.88927169
     648   2297.97773406
     649   2305.07714368
     650   2312.18750107
     651   2319.30880570
     652   2326.44105812
     653   2333.58425778
     654   2340.73840522
     655   2347.90349990
     656   2355.07954237
     657   2362.26653208
     658   2369.46446958
     659   2376.67335431
     660   2383.89318684
     661   2391.12396661
     662   2398.36569417
     663   2405.61836897
     664   2412.88199156
     665   2420.15656139
     666   2427.44207902
     667   2434.73854388
     668   2442.04595654
     669   2449.36431644
     670   2456.69362414
     671   2464.03387908
     672   2471.38508182
     673   2478.74723180
     674   2486.12032958
     675   2493.50437459
     676   2500.89936742
     677   2508.30530747
     678   2515.72219534
     679   2523.15003044
     680   2530.58881335
     681   2538.03854349
     682   2545.49922146
     683   2552.97084664
     684   2560.45341965
     685   2567.94693989
     686   2575.45140795
     687   2582.96682323
     688   2590.49318635
     689   2598.03049668
     690   2605.57875485
     691   2613.13796024
     692   2620.70811346
     693   2628.28921390
     694   2635.88126217
     695   2643.48425767
     696   2651.09820101
     697   2658.72309156
     698   2666.35892995
     699   2674.00571557
     700   2681.66344902
     701   2689.33212969
     702   2697.01175821
     703   2704.70233395
     704   2712.40385753
     705   2720.11632833
     706   2727.83974698
     707   2735.57411284
     708   2743.31942655
     709   2751.07568748
     710   2758.84289627
     711   2766.62105226
     712   2774.41015612
     713   2782.21020719
     714   2790.02120612
     715   2797.84315225
     716   2805.67604626
     717   2813.51988747
     718   2821.37467655
     719   2829.24041283
     720   2837.11709699
     721   2845.00472835
     722   2852.90330759
     723   2860.81283403
     724   2868.73330835
     725   2876.66472986
     726   2884.60709926
     727   2892.56041586
     728   2900.52468035
     729   2908.49989203
     730   2916.48605160
     731   2924.48315836
     732   2932.49121302
     733   2940.51021487
     734   2948.54016462
     735   2956.58106156
     736   2964.63290640
     737   2972.69569843
     738   2980.76943836
     739   2988.85412548
     740   2996.94976051
     741   3005.05634272
     742   3013.17387284
     743   3021.30235014
     744   3029.44177536
     745   3037.59214777
     746   3045.75346809
     747   3053.92573559
     748   3062.10895101
     749   3070.30311361
     750   3078.50822413
     751   3086.72428183
     752   3094.95128746
     753   3103.18924026
     754   3111.43814100
     755   3119.69798890
     756   3127.96878475
     757   3136.25052776
     758   3144.54321871
     759   3152.84685684
     760   3161.16144290
     761   3169.48697613
     762   3177.82345731
     763   3186.17088565
     764   3194.52926195
     765   3202.89858540
     766   3211.27885681
     767   3219.67007538
     768   3228.07224191
     769   3236.48535560
     770   3244.90941725
     771   3253.34442606
     772   3261.79038283
     773   3270.24728676
     774   3278.71513865
     775   3287.19393770
     776   3295.68368472
     777   3304.18437889
     778   3312.69602104
     779   3321.21861034
     780   3329.75214762
     781   3338.29663204
     782   3346.85206445
     783   3355.41844401
     784   3363.99577155
     785   3372.58404624
     786   3381.18326891
     787   3389.79343873
     788   3398.41455655
     789   3407.04662150
     790   3415.68963445
     791   3424.34359454
     792   3433.00850263
     793   3441.68435786
     794   3450.37116109
     795   3459.06891146
     796   3467.77760984
     797   3476.49725535
     798   3485.22784887
     799   3493.96938953
     800   3502.72187820
     801   3511.48531400
     802   3520.25969782
     803   3529.04502876
     804   3537.84130774
     805   3546.64853383
     806   3555.46670796
     807   3564.29582920
     808   3573.13589848
     809   3581.98691488
     810   3590.84887932
     811   3599.72179087
     812   3608.60565047
     813   3617.50045718
     814   3626.40621194
     815   3635.32291381
     816   3644.25056372
     817   3653.18916075
     818   3662.13870584
     819   3671.09919803
     820   3680.07063828
     821   3689.05302564
     822   3698.04636105
     823   3707.05064357
     824   3716.06587416
     825   3725.09205185
     826   3734.12917761
     827   3743.17725047
     828   3752.23627141
     829   3761.30623944
     830   3770.38715555
     831   3779.47901875
     832   3788.58183004
     833   3797.69558842
     834   3806.82029489
     835   3815.95594844
     836   3825.10255009
     837   3834.26009883
     838   3843.42859566
     839   3852.60803958
     840   3861.79843160
     841   3870.99977070
     842   3880.21205790
     843   3889.43529219
     844   3898.66947458
     845   3907.91460406
     846   3917.17068164
     847   3926.43770631
     848   3935.71567909
     849   3945.00459894
     850   3954.30446691
     851   3963.61528196
     852   3972.93704513
     853   3982.26975537
     854   3991.61341374
     855   4000.96801918
     856   4010.33357276
     857   4019.71007339
     858   4029.09752217
     859   4038.49591801
     860   4047.90526199
     861   4057.32555303
     862   4066.75679221
     863   4076.19897846
     864   4085.65211286
     865   4095.11619431
     866   4104.59122392
     867   4114.07720058
     868   4123.57412540
     869   4133.08199727
     870   4142.60081731
     871   4152.13058439
     872   4161.67129965
     873   4171.22296194
     874   4180.78557242
     875   4190.35912993
     876   4199.94363563
     877   4209.53908836
     878   4219.14548928
     879   4228.76283723
     880   4238.39113338
     881   4248.03037656
     882   4257.68056793
     883   4267.34170633
     884   4277.01379293
     885   4286.69682656
     886   4296.39080839
     887   4306.09573725
     888   4315.81161432
     889   4325.53843840
     890   4335.27621071
     891   4345.02493003
     892   4354.78459757
     893   4364.55521212
     894   4374.33677490
     895   4384.12928470
     896   4393.93274272
     897   4403.74714775
     898   4413.57250102
     899   4423.40880129
     900   4433.25604980
     901   4443.11424532
     902   4452.98338908
     903   4462.86347984
     904   4472.75451885
     905   4482.65650486
     906   4492.56943912
     907   4502.49332038
     908   4512.42814990
     909   4522.37392641
     910   4532.33065118
     911   4542.29832295
     912   4552.27694298
     913   4562.26651000
     914   4572.26702530
     915   4582.27848757
     916   4592.30089813
     917   4602.33425567
     918   4612.37856149
     919   4622.43381429
     920   4632.50001538
     921   4642.57716344
     922   4652.66525980
     923   4662.76430313
     924   4672.87429476
     925   4682.99523336
     926   4693.12712026
     927   4703.26995413
     928   4713.42373631
     929   4723.58846546
     930   4733.76414291
     931   4743.95076733
     932   4754.14834007
     933   4764.35685976
     934   4774.57632778
     935   4784.80674276
     936   4795.04810606
     937   4805.30041632
     938   4815.56367491
     939   4825.83788045
     940   4836.12303433
     941   4846.41913515
     942   4856.72618432
     943   4867.04418043
     944   4877.37312490
     945   4887.71301630
     946   4898.06385606
     947   4908.42564275
     948   4918.79837781
     949   4929.18205980
     950   4939.57669016
     951   4949.98226744
     952   4960.39879310
     953   4970.82626568
     954   4981.26468665
     955   4991.71405453
     956   5002.17437080
     957   5012.64563399
     958   5023.12784557
     959   5033.62100406
     960   5044.12511095
     961   5054.64016475
     962   5065.16616696
     963   5075.70311607
     964   5086.25101358
     965   5096.80985801
     966   5107.37965084
     967   5117.96039058
     968   5128.55207874
     969   5139.15471379
     970   5149.76829727
     971   5160.39282764
     972   5171.02830644
     973   5181.67473213
     974   5192.33210626
     975   5203.00042728
     976   5213.67969674
     977   5224.36991307
     978   5235.07107787
     979   5245.78318953
     980   5256.50624966
     981   5267.24025665
     982   5277.98521211
     983   5288.74111444
     984   5299.50796524
     985   5310.28576290
     986   5321.07450904
     987   5331.87420204
     988   5342.68484352
     989   5353.50643186
     990   5364.33896869
     991   5375.18245236
     992   5386.03688454
     993   5396.90226356
     994   5407.77859108
     995   5418.66586545
     996   5429.56408833
     997   5440.47325804
     998   5451.39337627
     999   5462.32444134
    1000   5473.26645492
    1001   5484.21941534
    1002   5495.18332429
    1003   5506.15818006
    1004   5517.14398436
    1005   5528.14073549
    1006   5539.14843516
    1007   5550.16708165
    1008   5561.19667669
    1009   5572.23721854
    1010   5583.28870894
    1011   5594.35114616
    1012   5605.42453193
    1013   5616.50886451
    1014   5627.60414566
    1015   5638.71037361
    1016   5649.82755013
    1017   5660.95567345
    1018   5672.09474535
    1019   5683.24476404
    1020   5694.40573132
    1021   5705.57764539
    1022   5716.76050805
    1023   5727.95431750
    1024   5739.15907555
    1025   5750.37478037
    1026   5761.60143381
    1027   5772.83903402
    1028   5784.08758284
    1029   5795.34707843
    1030   5806.61752265
    1031   5817.89891363
    1032   5829.19125324
    1033   5840.49453961
    1034   5851.80877462
    1035   5863.13395638
    1036   5874.47008678
    1037   5885.81716394
    1038   5897.17518975
    1039   5908.54416230
    1040   5919.92408351
    1041   5931.31495146
    1042   5942.71676808
    1043   5954.12953143
    1044   5965.55324346
    1045   5976.98790221
    1046   5988.43350965
    1047   5999.89006381
    1048   6011.35756666
    1049   6022.83601623
    1050   6034.32541450
    1051   6045.82575948
    1052   6057.33705316
    1053   6068.85929356
    1054   6080.39248266
    1055   6091.93661847
    1056   6103.49170300
    1057   6115.05773423
    1058   6126.63471418
    1059   6138.22264083
    1060   6149.82151621
    1061   6161.43133828
    1062   6173.05210909
    1063   6184.68382659
    1064   6196.32649283
    1065   6207.98010576
    1066   6219.64466744
    1067   6231.32017579
    1068   6243.00663291
    1069   6254.70403669
    1070   6266.41238925
    1071   6278.13168847
    1072   6289.86193647
    1073   6301.60313113
    1074   6313.35527458
    1075   6325.11836467
    1076   6336.89240357
    1077   6348.67738911
    1078   6360.47332345
    1079   6372.28020443
    1080   6384.09803423
    1081   6395.92681066
    1082   6407.76653591
    1083   6419.61720779
    1084   6431.47882850
    1085   6443.35139583
    1086   6455.23491200
    1087   6467.12937478
    1088   6479.03478641
    1089   6490.95114466
    1090   6502.87845175
    1091   6514.81670545
    1092   6526.76590801
    1093   6538.72605718
    1094   6550.69715521
    1095   6562.67919984
    1096   6574.67219334
    1097   6586.67613343
    1098   6598.69102241
    1099   6610.71685798
    1100   6622.75364243
    1101   6634.80137347
    1102   6646.86005340
    1103   6658.92967991
    1104   6671.01025533
    1105   6683.10177731
    1106   6695.20424822
    1107   6707.31766568
    1108   6719.44203207
    1109   6731.57734501
    1110   6743.72360689
    1111   6755.88081532
    1112   6768.04897269
    1113   6780.22807661
    1114   6792.41812947
    1115   6804.61912887
    1116   6816.83107724
    1117   6829.05397213
    1118   6841.28781600
    1119   6853.53260638
    1120   6865.78834575
    1121   6878.05503163
    1122   6890.33266651
    1123   6902.62124789
    1124   6914.92077827
    1125   6927.23125515
    1126   6939.55268104
    1127   6951.88505342
    1128   6964.22837483
    1129   6976.58264272
    1130   6988.94785964
    1131   7001.32402304
    1132   7013.71113547
    1133   7026.10919438
    1134   7038.51820234
    1135   7050.93815676
    1136   7063.36906024
    1137   7075.81091018
    1138   7088.26370919
    1139   7100.72745464
    1140   7113.20214918
    1141   7125.68779015
    1142   7138.18438022
    1143   7150.69191672
    1144   7163.21040231
    1145   7175.73983434
    1146   7188.28021547
    1147   7200.83154303
    1148   7213.39381970
    1149   7225.96704278
    1150   7238.55121499
    1151   7251.14633361
    1152   7263.75240137
    1153   7276.36941552
    1154   7288.99737882
    1155   7301.63628851
    1156   7314.28614736
    1157   7326.94695260
    1158   7339.61870700
    1159   7352.30140777
    1160   7364.99505773
    1161   7377.69965405
    1162   7390.41519956
    1163   7403.14169143
    1164   7415.87913250
    1165   7428.62751992
    1166   7441.38685655
    1167   7454.15713952
    1168   7466.93837172
    1169   7479.73055025
    1170   7492.53367801
    1171   7505.34775210
    1172   7518.17277543
    1173   7531.00874508
    1174   7543.85566398
    1175   7556.71352919
    1176   7569.58234367
    1177   7582.46210445
    1178   7595.35281450
    1179   7608.25447084
    1180   7621.16707648
    1181   7634.09062839
    1182   7647.02512961
    1183   7659.97057710
    1184   7672.92697390
    1185   7685.89431696
    1186   7698.87260935
    1187   7711.86184800
    1188   7724.86203597
    1189   7737.87317020
    1190   7750.89525377
    1191   7763.92828358
    1192   7776.97226274
    1193   7790.02718813
    1194   7803.09306290
    1195   7816.16988388
    1196   7829.25765424
    1197   7842.35637081
    1198   7855.46603678
    1199   7868.58664895
    1200   7881.71821052
    1201   7894.86071828
    1202   7908.01417546
    1203   7921.17857882
    1204   7934.35393161
    1205   7947.54023057
    1206   7960.73747897
    1207   7973.94567354
    1208   7987.16481755
    1209   8000.39490773
    1210   8013.63594736
    1211   8026.88793314
    1212   8040.15086840
    1213   8053.42474979
    1214   8066.70958067
    1215   8080.00535768
    1216   8093.31208418
    1217   8106.62975680
    1218   8119.95837894
    1219   8133.29794718
    1220   8146.64846494
    1221   8160.00992881
    1222   8173.38234220
    1223   8186.76570169
    1224   8200.16001072
    1225   8213.56526584
    1226   8226.98147051
    1227   8240.40862125
    1228   8253.84672157
    1229   8267.29576794
    1230   8280.75576390
    1231   8294.22670590
    1232   8307.70859751
    1233   8321.20143515
    1234   8334.70522241
    1235   8348.21995569
    1236   8361.74563860
    1237   8375.28226752
    1238   8388.82984608
    1239   8402.38837064
    1240   8415.95784486
    1241   8429.53826507
    1242   8443.12963495
    1243   8456.73195081
    1244   8470.34521635
    1245   8483.96942786
    1246   8497.60458907
    1247   8511.25069623
    1248   8524.90775311
    1249   8538.57575593
    1250   8552.25470847
    1251   8565.94460695
    1252   8579.64545517
    1253   8593.35724930
    1254   8607.07999320
    1255   8620.81368300
    1256   8634.55832257
    1257   8648.31390804
    1258   8662.08044329
    1259   8675.85792442
    1260   8689.64635535
    1261   8703.44573216
    1262   8717.25605878
    1263   8731.07733126
    1264   8744.90955357
    1265   8758.75272172
    1266   8772.60683972
    1267   8786.47190355
    1268   8800.34791724
    1269   8814.23487676
    1270   8828.13278614
    1271   8842.04164134
    1272   8855.96144642
    1273   8869.89219731
    1274   8883.83389809
    1275   8897.78654466
    1276   8911.75014115
    1277   8925.72468341
    1278   8939.71017560
    1279   8953.70661356
    1280   8967.71400146
    1281   8981.73233511
    1282   8995.76161872
    1283   9009.80184807
    1284   9023.85302739
    1285   9037.91515244
    1286   9051.98822748
    1287   9066.07224823
    1288   9080.16721899
    1289   9094.27313545
    1290   9108.39000193
    1291   9122.51781409
    1292   9136.65657629
    1293   9150.80628416
    1294   9164.96694209
    1295   9179.13854568
    1296   9193.32109933
    1297   9207.51459863
    1298   9221.71904802
    1299   9235.93444303
    1300   9250.16078816
    1301   9264.39807889
    1302   9278.64631975
    1303   9292.90550620
    1304   9307.17564280
    1305   9321.45672498
    1306   9335.74875732
    1307   9350.05173522
    1308   9364.36566330
    1309   9378.69053694
    1310   9393.02636076
    1311   9407.37313013
    1312   9421.73084970
    1313   9436.09951480
    1314   9450.47913012
    1315   9464.86969096
    1316   9479.27120203
    1317   9493.68365860
    1318   9508.10706544
    1319   9522.54141775
    1320   9536.98672034
    1321   9551.44296839
    1322   9565.91016675
    1323   9580.38831054
    1324   9594.87740466
    1325   9609.37744420
    1326   9623.88843408
    1327   9638.41036938
    1328   9652.94325502
    1329   9667.48708607
    1330   9682.04186749
    1331   9696.60759428
    1332   9711.18427148
    1333   9725.77189403
    1334   9740.37046700
    1335   9754.97998531
    1336   9769.60045405
    1337   9784.23186812
    1338   9798.87423265
    1339   9813.52754248
    1340   9828.19180278
    1341   9842.86700838
    1342   9857.55316447
    1343   9872.25026584
    1344   9886.95831771
    1345   9901.67731485
    1346   9916.40726251
    1347   9931.14815542
    1348   9945.89999888
    1349   9960.66278755
    1350   9975.43652680
    1351   9990.22121126
    1352  10005.01684631
    1353  10019.82342654
    1354  10034.64095738
    1355  10049.46943339
    1356  10064.30886004
    1357  10079.15923183
    1358  10094.02055428
    1359  10108.89282186
    1360  10123.77604011
    1361  10138.67020347
    1362  10153.57531753
    1363  10168.49137668
    1364  10183.41838655
    1365  10198.35634149
    1366  10213.30524718
    1367  10228.26509791
    1368  10243.23589941
    1369  10258.21764593
    1370  10273.21034324
    1371  10288.21398557
    1372  10303.22857870
    1373  10318.25411682
    1374  10333.29060577
    1375  10348.33803969
    1376  10363.39642447
    1377  10378.46575419
    1378  10393.54603479
    1379  10408.63726032
    1380  10423.73943674
    1381  10438.85255808
    1382  10453.97663033
    1383  10469.11164747
    1384  10484.25761556
    1385  10499.41452851
    1386  10514.58239243
    1387  10529.76120120
    1388  10544.95096095
    1389  10560.15166553
    1390  10575.36332112
    1391  10590.58592151
    1392  10605.81947295
    1393  10621.06396916
    1394  10636.31941643
    1395  10651.58580846
    1396  10666.86315158
    1397  10682.15143943
    1398  10697.45067839
    1399  10712.76086206
    1400  10728.08199688
    1401  10743.41407637
    1402  10758.75710704
    1403  10774.11108236
    1404  10789.47600887
    1405  10804.85188002
    1406  10820.23870239
    1407  10835.63646937
    1408  10851.04518759
    1409  10866.46485040
    1410  10881.89546449
    1411  10897.33702313
    1412  10912.78953307
    1413  10928.25298755
    1414  10943.72739335
    1415  10959.21274367
    1416  10974.70904533
    1417  10990.21629148
    1418  11005.73448902
    1419  11021.26363101
    1420  11036.80372441
    1421  11052.35476224
    1422  11067.91675150
    1423  11083.48968518
    1424  11099.07357032
    1425  11114.66839983
    1426  11130.27418084
    1427  11145.89090621
    1428  11161.51858309
    1429  11177.15720430
    1430  11192.80677706
    1431  11208.46729412
    1432  11224.13876276
    1433  11239.82117567
    1434  11255.51454019
    1435  11271.21884894
    1436  11286.93410934
    1437  11302.66031395
    1438  11318.39747023
    1439  11334.14557070
    1440  11349.90462287
    1441  11365.67461919
    1442  11381.45556724
    1443  11397.24745941
    1444  11413.05030335
    1445  11428.86409139
    1446  11444.68883121
    1447  11460.52451511
    1448  11476.37115082
    1449  11492.22873058
    1450  11508.09726218
    1451  11523.97673780
    1452  11539.86716530
    1453  11555.76853678
    1454  11571.68086018
    1455  11587.60412752
    1456  11603.53834681
    1457  11619.48351001
    1458  11635.43962520
    1459  11651.40668428
    1460  11667.38469536
    1461  11683.37365030
    1462  11699.37355729
    1463  11715.38440810
    1464  11731.40621099
    1465  11747.43895766
    1466  11763.48265645
    1467  11779.53729900
    1468  11795.60289369
    1469  11811.67943211
    1470  11827.76692271
    1471  11843.86535699
    1472  11859.97474350
    1473  11876.09507366
    1474  11892.22635608
    1475  11908.36858211
    1476  11924.52176043
    1477  11940.68588233
    1478  11956.86095657
    1479  11973.04697435
    1480  11989.24394449
    1481  12005.45185814
    1482  12021.67072420
    1483  12037.90053373
    1484  12054.14129570
    1485  12070.39300110
    1486  12086.65565899
    1487  12102.92926026
    1488  12119.21381406
    1489  12135.50931122
    1490  12151.81576094
    1491  12168.13315397
    1492  12184.46149960
    1493  12200.80078851
    1494  12217.15103006
    1495  12233.51221485
    1496  12249.88435232
    1497  12266.26743298
    1498  12282.66146637
    1499  12299.06644291
    1500  12315.48237222
    1501  12331.90924464
    1502  12348.34706987
    1503  12364.79583817
    1504  12381.25555932
    1505  12397.72622350
    1506  12414.20784057
    1507  12430.70040063
    1508  12447.20391362
    1509  12463.71836956
    1510  12480.24377848
    1511  12496.78013030
    1512  12513.32743513
    1513  12529.88568283
    1514  12546.45488359
    1515  12563.03502717
    1516  12579.62612385
    1517  12596.22816331
    1518  12612.84115591
    1519  12629.46509125
    1520  12646.09997978
    1521  12662.74581099
    1522  12679.40259545
    1523  12696.07032254
    1524  12712.74900292
    1525  12729.43862589
    1526  12746.13920219
    1527  12762.85072104
    1528  12779.57319327
    1529  12796.30660799
    1530  12813.05097614
    1531  12829.80628674
    1532  12846.57255082
    1533  12863.34975729
    1534  12880.13791730
    1535  12896.93701965
    1536  12913.74707557
    1537  12930.56807380
    1538  12947.40002565
    1539  12964.24291974
    1540  12981.09676752
    1541  12997.96155749
    1542  13014.83730119
    1543  13031.72398703
    1544  13048.62162665
    1545  13065.53020836
    1546  13082.44974390
    1547  13099.38022148
    1548  13116.32165295
    1549  13133.27402640
    1550  13150.23735379
    1551  13167.21162310
    1552  13184.19684641
    1553  13201.19301159
    1554  13218.20013082
    1555  13235.21819186
    1556  13252.24720702
    1557  13269.28716392
    1558  13286.33807499
    1559  13303.39992776
    1560  13320.47273475
    1561  13337.55648337
    1562  13354.65118628
    1563  13371.75683076
    1564  13388.87342958
    1565  13406.00096992
    1566  13423.13946466
    1567  13440.28890085
    1568  13457.44929150
    1569  13474.62062355
    1570  13491.80291011
    1571  13508.99613801
    1572  13526.20032049
    1573  13543.41544423
    1574  13560.64152261
    1575  13577.87854220
    1576  13595.12651650
    1577  13612.38543193
    1578  13629.65530213
    1579  13646.93611340
    1580  13664.22787951
    1581  13681.53058662
    1582  13698.84424864
    1583  13716.16885158
    1584  13733.50440950
    1585  13750.85090828
    1586  13768.20836209
    1587  13785.57675670
    1588  13802.95610642
    1589  13820.34639685
    1590  13837.74764246
    1591  13855.15982873
    1592  13872.58297023
    1593  13890.01705232
    1594  13907.46208971
    1595  13924.91806761
    1596  13942.38500090
    1597  13959.86287462
    1598  13977.35170379
    1599  13994.85147332
    1600  14012.36219838
    1601  14029.88386372
    1602  14047.41648466
    1603  14064.96004580
    1604  14082.51456262
    1605  14100.08001956
    1606  14117.65643226
    1607  14135.24378500
    1608  14152.84209358
    1609  14170.45134211
    1610  14188.07154655
    1611  14205.70269087
    1612  14223.34479119
    1613  14240.99783129
    1614  14258.66182747
    1615  14276.33676335
    1616  14294.02265539
    1617  14311.71948705
    1618  14329.42727495
    1619  14347.14600238
    1620  14364.87568613
    1621  14382.61630933
    1622  14400.36788894
    1623  14418.13040789
    1624  14435.90388335
    1625  14453.68829806
    1626  14471.48366936
    1627  14489.28997982
    1628  14507.10724696
    1629  14524.93545317
    1630  14542.77461614
    1631  14560.62471809
    1632  14578.48577689
    1633  14596.35777458
    1634  14614.24072921
    1635  14632.13462262
    1636  14650.03947308
    1637  14667.95526221
    1638  14685.88200848
    1639  14703.81969334
    1640  14721.76833542
    1641  14739.72791598
    1642  14757.69845388
    1643  14775.67993014
    1644  14793.67236384
    1645  14811.67573580
    1646  14829.69006530
    1647  14847.71533295
    1648  14865.75155824
    1649  14883.79872158
    1650  14901.85684266
    1651  14919.92590167
    1652  14938.00591853
    1653  14956.09687321
    1654  14974.19878585
    1655  14992.31163619
    1656  15010.43544459
    1657  15028.57019059
    1658  15046.71589476
    1659  15064.87253640
    1660  15083.04013633
    1661  15101.21867361
    1662  15119.40816929
    1663  15137.60860220
    1664  15155.81999362
    1665  15174.04232215
    1666  15192.27560931
    1667  15210.51983345
    1668  15228.77501635
    1669  15247.04113609
    1670  15265.31821471
    1671  15283.60623005
    1672  15301.90520439
    1673  15320.21511531
    1674  15338.53598535
    1675  15356.86779185
    1676  15375.21055760
    1677  15393.56425966
    1678  15411.92892110
    1679  15430.30451872
    1680  15448.69107585
    1681  15467.08856900
    1682  15485.49702181
    1683  15503.91641050
    1684  15522.34675898
    1685  15540.78804320
    1686  15559.24028733
    1687  15577.70346706
    1688  15596.17760685
    1689  15614.66268208
    1690  15633.15871751
    1691  15651.66568823
    1692  15670.18361929
    1693  15688.71248548
    1694  15707.25231218
    1695  15725.80307383
    1696  15744.36479614
    1697  15762.93745324
    1698  15781.52107116
    1699  15800.11562370
    1700  15818.72113721
    1701  15837.33758518
    1702  15855.96499427
    1703  15874.60333765
    1704  15893.25264231
    1705  15911.91288110
    1706  15930.58408132
    1707  15949.26621549
    1708  15967.95931126
    1709  15986.66334080
    1710  16005.37833212
    1711  16024.10425701
    1712  16042.84114385
    1713  16061.58896408
    1714  16080.34774644
    1715  16099.11746200
    1716  16117.89813986
    1717  16136.68975073
    1718  16155.49232408
    1719  16174.30583024
    1720  16193.13029907
    1721  16211.96570051
    1722  16230.81206480
    1723  16249.66936150
    1724  16268.53762124
    1725  16287.41681318
    1726  16306.30696837
    1727  16325.20805552
    1728  16344.12010613
    1729  16363.04308850
    1730  16381.97703452
    1731  16400.92191207
    1732  16419.87775348
    1733  16438.84452620
    1734  16457.82226300
    1735  16476.81093087
    1736  16495.81056302
    1737  16514.82112602
    1738  16533.84265353
    1739  16552.87511163
    1740  16571.91853447
    1741  16590.97288766
    1742  16610.03820581
    1743  16629.11445407
    1744  16648.20166753
    1745  16667.29981083
    1746  16686.40891956
    1747  16705.52895789
    1748  16724.65996189
    1749  16743.80189521
    1750  16762.95479445
    1751  16782.11862275
    1752  16801.29341722
    1753  16820.47914047
    1754  16839.67583015
    1755  16858.88344833
    1756  16878.10203320
    1757  16897.33154628
    1758  16916.57202632
    1759  16935.82343427
    1760  16955.08580946
    1761  16974.35911227
    1762  16993.64338258
    1763  17012.93858021
    1764  17032.24474563
    1765  17051.56183806
    1766  17070.88989857
    1767  17090.22888576
    1768  17109.57884133
    1769  17128.93972326
    1770  17148.31157387
    1771  17167.69435051
    1772  17187.08809614
    1773  17206.49276746
    1774  17225.90840809
    1775  17245.33497405
    1776  17264.77250965
    1777  17284.22097022
    1778  17303.68040077
    1779  17323.15075593
    1780  17342.63208140
    1781  17362.12433110
    1782  17381.62755147
    1783  17401.14169569
    1784  17420.66681092
    1785  17440.20284962
    1786  17459.74985970
    1787  17479.30779284
    1788  17498.87669773
    1789  17518.45652528
    1790  17538.04732496
    1791  17557.64904688
    1792  17577.26174131
    1793  17596.88535757
    1794  17616.51994673
    1795  17636.16545727
    1796  17655.82194113
    1797  17675.48934593
    1798  17695.16772445
    1799  17714.85702346
    1800  17734.55729662
    1801  17754.26848979
    1802  17773.99065756
    1803  17793.72374485
    1804  17813.46780719
    1805  17833.22278855
    1806  17852.98874543
    1807  17872.76562083
    1808  17892.55347221
    1809  17912.35224160
    1810  17932.16198744
    1811  17951.98265076
    1812  17971.81429104
    1813  17991.65684825
    1814  18011.51038293
    1815  18031.37483397
    1816  18051.25026300
    1817  18071.13660783
    1818  18091.03393118
    1819  18110.94216974
    1820  18130.86138736
    1821  18150.79151960
    1822  18170.73263146
    1823  18190.68465732
    1824  18210.64766338
    1825  18230.62158279
    1826  18250.60648301
    1827  18270.60229593
    1828  18290.60909026
    1829  18310.62679661
    1830  18330.65548501
    1831  18350.69508474
    1832  18370.74566717
    1833  18390.80716021
    1834  18410.87963661
    1835  18430.96302290
    1836  18451.05739323
    1837  18471.16267270
    1838  18491.27893691
    1839  18511.40610949
    1840  18531.54426753
    1841  18551.69333314
    1842  18571.85338496
    1843  18592.02434354
    1844  18612.20628909
    1845  18632.39914055
    1846  18652.60297978
    1847  18672.81772405
    1848  18693.04345690
    1849  18713.28009390
    1850  18733.52772031
    1851  18753.78624995
    1852  18774.05576987
    1853  18794.33619208
    1854  18814.62760544
    1855  18834.92992012
    1856  18855.24322688
    1857  18875.56743394
    1858  18895.90263403
    1859  18916.24873337
    1860  18936.60582673
    1861  18956.97381827
    1862  18977.35280482
    1863  18997.74268846
    1864  19018.14356814
    1865  19038.55534377
    1866  19058.97811653
    1867  19079.41178405
    1868  19099.85644980
    1869  19120.31200910
    1870  19140.77856778
    1871  19161.25601875
    1872  19181.74447029
    1873  19202.24381280
    1874  19222.75415713
    1875  19243.27539108
    1876  19263.80762811
    1877  19284.35075337
    1878  19304.90488302
    1879  19325.46989947
    1880  19346.04592168
    1881  19366.63282917
    1882  19387.23074385
    1883  19407.83954226
    1884  19428.45934932
    1885  19449.09003851
    1886  19469.73173787
    1887  19490.38431769
    1888  19511.04790926
    1889  19531.72237957
    1890  19552.40786326
    1891  19573.10422389
    1892  19593.81159961
    1893  19614.52985041
    1894  19635.25911807
    1895  19655.99925887
    1896  19676.75041836
    1897  19697.51244899
    1898  19718.28550022
    1899  19739.06942050
    1900  19759.86436337
    1901  19780.67017311
    1902  19801.48700752
    1903  19822.31470653
    1904  19843.15343236
    1905  19864.00302045
    1906  19884.86363760
    1907  19905.73511455
    1908  19926.61762291
    1909  19947.51098851
    1910  19968.41538796
    1911  19989.33064198
    1912  20010.25693242
    1913  20031.19407463
    1914  20052.14225592
    1915  20073.10128608
    1916  20094.07135811
    1917  20115.05227596
    1918  20136.04423860
    1919  20157.04704388
    1920  20178.06089701
    1921  20199.08558944
    1922  20220.12133292
    1923  20241.16791222
    1924  20262.22554593
    1925  20283.29401179
    1926  20304.37353558
    1927  20325.46388769
    1928  20346.56530144
    1929  20367.67753947
    1930  20388.80084302
    1931  20409.93496663
    1932  20431.08015984
    1933  20452.23616867
    1934  20473.40325140
    1935  20494.58114506
    1936  20515.77011716
    1937  20536.96989526
    1938  20558.18075658
    1939  20579.40241871
    1940  20600.63516908
    1941  20621.87871479
    1942  20643.13335408
    1943  20664.39878291
    1944  20685.67531095
    1945  20706.96262242
    1946  20728.26103904
    1947  20749.57023263
    1948  20770.89053769
    1949  20792.22161285
    1950  20813.56380619
    1951  20834.91676235
    1952  20856.28084380
    1953  20877.65568035
    1954  20899.04164976
    1955  20920.43836605
    1956  20941.84622325
    1957  20963.26481860
    1958  20984.69456345
    1959  21006.13503711
    1960  21027.58666946
    1961  21049.04902067
    1962  21070.52254036
    1963  21092.00676828
    1964  21113.50217518
    1965  21135.00827891
    1966  21156.52557289
    1967  21178.05355150
    1968  21199.59273243
    1969  21221.14258488
    1970  21242.70365266
    1971  21264.27537785
    1972  21285.85833240
    1973  21307.45192913
    1974  21329.05677037
    1975  21350.67223738
    1976  21372.29896527
    1977  21393.93630115
    1978  21415.58491566
    1979  21437.24411893
    1980  21458.91462011
    1981  21480.59568908
    1982  21502.28807695
    1983  21523.99100991
    1984  21545.70528463
    1985  21567.43007954
    1986  21589.16624120
    1987  21610.91289603
    1988  21632.67094497
    1989  21654.43945725
    1990  21676.21939362
    1991  21698.00976100
    1992  21719.81158536
    1993  21741.62380477
    1994  21763.44751730
    1995  21785.28158607
    1996  21807.12718764
    1997  21828.98310197
    1998  21850.85059262
    1999  21872.72834966
    2000  21894.61773059
    2001  21916.51732570
    2002  21938.42859636
    2003  21960.35002698
    2004  21982.28318873
    2005  22004.22644947
    2006  22026.18150002
    2007  22048.14659000
    2008  22070.12353006
    2009  22092.11044398
    2010  22114.10926656
    2011  22136.11800881
    2012  22158.13871139
    2013  22180.16927973
    2014  22202.21184317
    2015  22224.26425653
    2016  22246.32866765
    2017  22268.40293576
    2018  22290.48914461
    2019  22312.58532424
    2020  22334.69328668
    2021  22356.81142445
    2022  22378.94101304
    2023  22401.08126198
    2024  22423.23234799
    2025  22445.39485771
    2026  22467.56712025
    2027  22489.75228476
    2028  22511.94537526
    2029  22534.15361270
    2030  22556.36673643
    2031  22578.59902647
    2032  22600.83130443
    2033  22623.08870139
    2034  22645.33823731
    2035  22667.62305280
    2036  22689.88786926
    2037  22712.20240728
    2038  22734.47827323
    2039  22756.82759446
    2040  22779.11088745
    2041  22801.49898797
    2042  22823.78037914
    2043  22846.21870554
    2044  22868.49400089
    2045  22890.98600602
    2046  22913.22648383
    2047  22935.80105900
    2048  22958.24459739
 ---------------------------------------
 
SCF converged! Final Ground-State Energy (Eh):              -5.6094522091853563
