 
     Two-Electron DVR    
 ------------------------
 x0     =      15.00000000
 m      =       1.00000000
 Z      =       1.00000000
 n      =             2048
 dx     =       0.01465559
 
Soft-Coulomb Parameters:
 alpha  =       1.00000000
 beta   =       0.01000000
 
 
                       Hartree-Fock                      
 --------------------------------------------------------
 no. of orbitals        =             2048
 no. of electrons       =                2
 scf_damping_switch     =        T
 scf_diis_switch        =        F
 damping_factor         =   0.60000000
 e_tolerance            = 0.0000000000100000
 maximum scf-iterations =              200
 
 
                       SCF iterations                      
 ----------------------------------------------------------
    S.No    Energy (hartree)        dE (hartree)
 ----------------------------------------------------------
       0     -1.339554276426
       1      0.524038810683      1.863593087109
       2      0.014174552399      0.509864258284
       3     -0.067902145762      0.082076698160
       4     -0.119031419706      0.051129273944
       5     -0.130456346285      0.011424926579
       6     -0.163269147682      0.032812801397
       7     -0.180503505387      0.017234357705
       8     -0.197392512937      0.016889007550
       9     -0.205952597787      0.008560084851
      10     -0.215377366533      0.009424768746
      11     -0.220608567615      0.005231201082
      12     -0.226148700505      0.005540132890
      13     -0.229425798301      0.003277097796
      14     -0.232742473594      0.003316675293
      15     -0.234810043124      0.002067569530
      16     -0.236826633537      0.002016590413
      17     -0.238141666444      0.001315032906
      18     -0.239385570596      0.001243904152
      19     -0.240228490259      0.000842919663
      20     -0.241005532058      0.000777041799
      21     -0.241549431276      0.000543899218
      22     -0.242040035849      0.000490604573
      23     -0.242392865612      0.000352829763
      24     -0.242705340499      0.000312474887
      25     -0.242935159329      0.000229818830
      26     -0.243135578474      0.000200419145
      27     -0.243285722469      0.000150143994
      28     -0.243414978239      0.000129255770
      29     -0.243513276449      0.000098298211
      30     -0.243596991339      0.000083714890
      31     -0.243661437543      0.000064446204
      32     -0.243715832452      0.000054394909
      33     -0.243758122576      0.000042290124
      34     -0.243793552598      0.000035430022
      35     -0.243821318408      0.000027765811
      36     -0.243844437817      0.000023119409
      37     -0.243862672657      0.000018234840
      38     -0.243877779481      0.000015106824
      39     -0.243889756306      0.000011976824
      40     -0.243899637524      0.000009881219
      41     -0.243907504084      0.000007866560
      42     -0.243913972186      0.000006468103
      43     -0.243919138793      0.000005166607
      44     -0.243923375124      0.000004236331
      45     -0.243926768169      0.000003393045
      46     -0.243929543971      0.000002775802
      47     -0.243931772060      0.000002228089
      48     -0.243933591456      0.000001819396
      49     -0.243935054419      0.000001462962
      50     -0.243936247235      0.000001192817
      51     -0.243937207727      0.000000960492
      52     -0.243937989898      0.000000782171
      53     -0.243938620445      0.000000630548
      54     -0.243939133417      0.000000512972
      55     -0.243939547331      0.000000413914
      56     -0.243939883792      0.000000336461
      57     -0.243940155482      0.000000271690
      58     -0.243940376189      0.000000220707
      59     -0.243940554515      0.000000178326
      60     -0.243940699299      0.000000144784
      61     -0.243940816340      0.000000117041
      62     -0.243940911325      0.000000094984
      63     -0.243940988139      0.000000076814
      64     -0.243941050457      0.000000062317
      65     -0.243941100868      0.000000050412
      66     -0.243941141755      0.000000040886
      67     -0.243941174838      0.000000033083
      68     -0.243941201664      0.000000026826
      69     -0.243941223375      0.000000021711
      70     -0.243941240976      0.000000017601
      71     -0.243941255224      0.000000014247
      72     -0.243941266772      0.000000011549
      73     -0.243941276122      0.000000009350
      74     -0.243941283700      0.000000007577
      75     -0.243941289835      0.000000006135
      76     -0.243941294807      0.000000004973
      77     -0.243941298833      0.000000004026
      78     -0.243941302096      0.000000003263
      79     -0.243941304739      0.000000002642
      80     -0.243941306880      0.000000002141
      81     -0.243941308613      0.000000001734
      82     -0.243941310018      0.000000001405
      83     -0.243941311155      0.000000001138
      84     -0.243941312077      0.000000000922
      85     -0.243941312823      0.000000000745
      86     -0.243941313428      0.000000000606
      87     -0.243941313918      0.000000000490
      88     -0.243941314315      0.000000000397
      89     -0.243941314636      0.000000000321
      90     -0.243941314897      0.000000000261
      91     -0.243941315108      0.000000000211
      92     -0.243941315278      0.000000000170
      93     -0.243941315417      0.000000000139
      94     -0.243941315529      0.000000000112
      95     -0.243941315620      0.000000000091
      96     -0.243941315694      0.000000000073
      97     -0.243941315753      0.000000000060
      98     -0.243941315802      0.000000000048
      99     -0.243941315840      0.000000000038
     100     -0.243941315872      0.000000000032
     101     -0.243941315898      0.000000000026
     102     -0.243941315919      0.000000000021
     103     -0.243941315935      0.000000000016
     104     -0.243941315949      0.000000000014
     105     -0.243941315961      0.000000000012
     106     -0.243941315969      0.000000000008
 ----------------------------------------------------------
  
 
 
 ---------------------------------------
     Molecular Orbital Energies (Eh)    
 ---------------------------------------
       1      0.16748886
       2      0.27363511
       3      0.30022389
       4      0.39889793
       5      0.43432033
       6      0.53950387
       7      0.59507531
       8      0.70920566
       9      0.79128595
      10      0.91741240
      11      1.02629657
      12      1.16743147
      13      1.30174496
      14      1.46027835
      15      1.61866199
      16      1.79617659
      17      1.97770672
      18      2.17521576
      19      2.37931676
      20      2.59745629
      21      2.82378601
      22      3.06295904
      23      3.31131746
      24      3.57178133
      25      3.84205441
      26      4.12397640
      27      4.41610100
      28      4.71959162
      29      5.03353476
      30      5.35866866
      31      5.69441495
      32      6.04124363
      33      6.39878788
      34      6.76734783
      35      7.14669053
      36      7.53700824
      37      7.93815295
      38      8.35024822
      39      8.77320000
      40      9.20708800
      41      9.65185251
      42     10.10754516
      43     10.57412815
      44     11.05163508
      45     11.54004210
      46     12.03937122
      47     12.54960749
      48     13.07076544
      49     13.60283578
      50     14.14582822
      51     14.69973706
      52     15.26456887
      53     15.84032025
      54     16.42699569
      55     17.02459327
      56     17.63311612
      57     18.25256323
      58     18.88293685
      59     19.52423651
      60     20.17646389
      61     20.83961886
      62     21.51370269
      63     22.19871548
      64     22.89465822
      65     23.60153112
      66     24.31933498
      67     25.04807008
      68     25.78773709
      69     26.53833632
      70     27.29986832
      71     28.07233344
      72     28.85573215
      73     29.65006478
      74     30.45533176
      75     31.27153341
      76     32.09867010
      77     32.93674214
      78     33.78574989
      79     34.64569361
      80     35.51657364
      81     36.39839025
      82     37.29114371
      83     38.19483430
      84     39.10946228
      85     40.03502788
      86     40.97153136
      87     41.91897295
      88     42.87735287
      89     43.84667133
      90     44.82692856
      91     45.81812474
      92     46.82026010
      93     47.83333479
      94     48.85734903
      95     49.89230298
      96     50.93819683
      97     51.99503073
      98     53.06280486
      99     54.14151936
     100     55.23117441
     101     56.33177013
     102     57.44330669
     103     58.56578422
     104     59.69920287
     105     60.84356275
     106     61.99886401
     107     63.16510676
     108     64.34229115
     109     65.53041726
     110     66.72948525
     111     67.93949519
     112     69.16044723
     113     70.39234144
     114     71.63517796
     115     72.88895686
     116     74.15367826
     117     75.42934225
     118     76.71594893
     119     78.01349838
     120     79.32199071
     121     80.64142598
     122     81.97180430
     123     83.31312573
     124     84.66539037
     125     86.02859829
     126     87.40274958
     127     88.78784430
     128     90.18388253
     129     91.59086434
     130     93.00878981
     131     94.43765899
     132     95.87747198
     133     97.32822880
     134     98.78992956
     135    100.26257428
     136    101.74616306
     137    103.24069593
     138    104.74617298
     139    106.26259423
     140    107.78995977
     141    109.32826963
     142    110.87752388
     143    112.43772256
     144    114.00886574
     145    115.59095345
     146    117.18398575
     147    118.78796268
     148    120.40288431
     149    122.02875066
     150    123.66556179
     151    125.31331773
     152    126.97201855
     153    128.64166427
     154    130.32225494
     155    132.01379059
     156    133.71627128
     157    135.42969703
     158    137.15406790
     159    138.88938391
     160    140.63564511
     161    142.39285151
     162    144.16100319
     163    145.94010013
     164    147.73014242
     165    149.53113005
     166    151.34306309
     167    153.16594154
     168    154.99976545
     169    156.84453484
     170    158.70024976
     171    160.56691021
     172    162.44451625
     173    164.33306788
     174    166.23256516
     175    168.14300809
     176    170.06439673
     177    171.99673106
     178    173.94001115
     179    175.89423699
     180    177.85940865
     181    179.83552610
     182    181.82258942
     183    183.82059858
     184    185.82955366
     185    187.84945463
     186    189.88030156
     187    191.92209443
     188    193.97483330
     189    196.03851815
     190    198.11314905
     191    200.19872597
     192    202.29524898
     193    204.40271806
     194    206.52113326
     195    208.65049457
     196    210.79080204
     197    212.94205566
     198    215.10425548
     199    217.27740148
     200    219.46149372
     201    221.65653218
     202    223.86251691
     203    226.07944789
     204    228.30732518
     205    230.54614876
     206    232.79591867
     207    235.05663490
     208    237.32829751
     209    239.61090646
     210    241.90446181
     211    244.20896354
     212    246.52441171
     213    248.85080628
     214    251.18814731
     215    253.53643478
     216    255.89566874
     217    258.26584915
     218    260.64697609
     219    263.03904951
     220    265.44206948
     221    267.85603596
     222    270.28094901
     223    272.71680860
     224    275.16361478
     225    277.62136752
     226    280.09006689
     227    282.56971283
     228    285.06030542
     229    287.56184461
     230    290.07433047
     231    292.59776296
     232    295.13214213
     233    297.67746795
     234    300.23374049
     235    302.80095968
     236    305.37912561
     237    307.96823823
     238    310.56829760
     239    313.17930367
     240    315.80125651
     241    318.43415608
     242    321.07800244
     243    323.73279553
     244    326.39853544
     245    329.07522210
     246    331.76285560
     247    334.46143586
     248    337.17096297
     249    339.89143688
     250    342.62285764
     251    345.36522521
     252    348.11853966
     253    350.88280093
     254    353.65800910
     255    356.44416410
     256    359.24126601
     257    362.04931477
     258    364.86831046
     259    367.69825301
     260    370.53914250
     261    373.39097887
     262    376.25376220
     263    379.12749242
     264    382.01216960
     265    384.90779369
     266    387.81436476
     267    390.73188275
     268    393.66034773
     269    396.59975964
     270    399.55011856
     271    402.51142442
     272    405.48367730
     273    408.46687713
     274    411.46102400
     275    414.46611782
     276    417.48215870
     277    420.50914654
     278    423.54708144
     279    426.59596332
     280    429.65579228
     281    432.72656822
     282    435.80829125
     283    438.90096127
     284    442.00457839
     285    445.11914252
     286    448.24465375
     287    451.38111200
     288    454.52851736
     289    457.68686975
     290    460.85616926
     291    464.03641581
     292    467.22760949
     293    470.42975022
     294    473.64283809
     295    476.86687301
     296    480.10185508
     297    483.34778422
     298    486.60466051
     299    489.87248387
     300    493.15125440
     301    496.44097201
     302    499.74163680
     303    503.05324867
     304    506.37580772
     305    509.70931387
     306    513.05376721
     307    516.40916765
     308    519.77551529
     309    523.15281003
     310    526.54105199
     311    529.94024105
     312    533.35037733
     313    536.77146073
     314    540.20349136
     315    543.64646910
     316    547.10039408
     317    550.56526619
     318    554.04108554
     319    557.52785202
     320    561.02556575
     321    564.53422662
     322    568.05383474
     323    571.58439001
     324    575.12589254
     325    578.67834222
     326    582.24173916
     327    585.81608326
     328    589.40137464
     329    592.99761317
     330    596.60479899
     331    600.22293197
     332    603.85201224
     333    607.49203967
     334    611.14301440
     335    614.80493630
     336    618.47780550
     337    622.16162188
     338    625.85638556
     339    629.56209643
     340    633.27875461
     341    637.00635997
     342    640.74491265
     343    644.49441251
     344    648.25485970
     345    652.02625409
     346    655.80859580
     347    659.60188470
     348    663.40612094
     349    667.22130439
     350    671.04743516
     351    674.88451315
     352    678.73253847
     353    682.59151101
     354    686.46143089
     355    690.34229798
     356    694.23411243
     357    698.13687409
     358    702.05058311
     359    705.97523934
     360    709.91084294
     361    713.85739376
     362    717.81489194
     363    721.78333735
     364    725.76273013
     365    729.75307014
     366    733.75435752
     367    737.76659213
     368    741.78977413
     369    745.82390335
     370    749.86897996
     371    753.92500380
     372    757.99197503
     373    762.06989350
     374    766.15875936
     375    770.25857246
     376    774.36933296
     377    778.49104070
     378    782.62369584
     379    786.76729823
     380    790.92184802
     381    795.08734505
     382    799.26378950
     383    803.45118119
     384    807.64952030
     385    811.85880666
     386    816.07904043
     387    820.31022146
     388    824.55234991
     389    828.80542561
     390    833.06944873
     391    837.34441912
     392    841.63033693
     393    845.92720200
     394    850.23501450
     395    854.55377426
     396    858.88348145
     397    863.22413591
     398    867.57573780
     399    871.93828696
     400    876.31178356
     401    880.69622743
     402    885.09161874
     403    889.49795731
     404    893.91524334
     405    898.34347663
     406    902.78265738
     407    907.23278539
     408    911.69386086
     409    916.16588361
     410    920.64885381
     411    925.14277128
     412    929.64763621
     413    934.16344842
     414    938.69020809
     415    943.22791503
     416    947.77656945
     417    952.33617114
     418    956.90672030
     419    961.48821674
     420    966.08066065
     421    970.68405184
     422    975.29839051
     423    979.92367645
     424    984.55990988
     425    989.20709059
     426    993.86521877
     427    998.53429425
     428   1003.21431720
     429   1007.90528744
     430   1012.60720517
     431   1017.32007018
     432   1022.04388268
     433   1026.77864247
     434   1031.52434975
     435   1036.28100431
     436   1041.04860638
     437   1045.82715572
     438   1050.61665257
     439   1055.41709671
     440   1060.22848835
     441   1065.05082727
     442   1069.88411370
     443   1074.72834742
     444   1079.58352864
     445   1084.44965716
     446   1089.32673318
     447   1094.21475650
     448   1099.11372733
     449   1104.02364545
     450   1108.94451108
     451   1113.87632400
     452   1118.81908445
     453   1123.77279218
     454   1128.73744744
     455   1133.71304998
     456   1138.69960006
     457   1143.69709742
     458   1148.70554231
     459   1153.72493449
     460   1158.75527420
     461   1163.79656120
     462   1168.84879574
     463   1173.91197757
     464   1178.98610693
     465   1184.07118359
     466   1189.16720778
     467   1194.27417927
     468   1199.39209829
     469   1204.52096461
     470   1209.66077848
     471   1214.81153963
     472   1219.97324833
     473   1225.14590433
     474   1230.32950787
     475   1235.52405871
     476   1240.72955709
     477   1245.94600277
     478   1251.17339601
     479   1256.41173653
     480   1261.66102462
     481   1266.92125999
     482   1272.19244293
     483   1277.47457316
     484   1282.76765095
     485   1288.07167603
     486   1293.38664868
     487   1298.71256862
     488   1304.04943612
     489   1309.39725092
     490   1314.75601329
     491   1320.12572296
     492   1325.50638019
     493   1330.89798471
     494   1336.30053681
     495   1341.71403621
     496   1347.13848318
     497   1352.57387744
     498   1358.02021928
     499   1363.47750842
     500   1368.94574513
     501   1374.42492914
     502   1379.91506073
     503   1385.41613961
     504   1390.92816608
     505   1396.45113985
     506   1401.98506120
     507   1407.52992984
     508   1413.08574607
     509   1418.65250960
     510   1424.23022072
     511   1429.81887913
     512   1435.41848514
     513   1441.02903844
     514   1446.65053933
     515   1452.28298752
     516   1457.92638331
     517   1463.58072639
     518   1469.24601707
     519   1474.92225505
     520   1480.60944062
     521   1486.30757349
     522   1492.01665397
     523   1497.73668174
     524   1503.46765712
     525   1509.20957978
     526   1514.96245006
     527   1520.72626763
     528   1526.50103282
     529   1532.28674529
     530   1538.08340538
     531   1543.89101276
     532   1549.70956776
     533   1555.53907005
     534   1561.37951996
     535   1567.23091716
     536   1573.09326198
     537   1578.96655409
     538   1584.85079382
     539   1590.74598085
     540   1596.65211550
     541   1602.56919744
     542   1608.49722701
     543   1614.43620387
     544   1620.38612836
     545   1626.34700014
     546   1632.31881956
     547   1638.30158626
     548   1644.29530059
     549   1650.29996222
     550   1656.31557148
     551   1662.34212803
     552   1668.37963222
     553   1674.42808370
     554   1680.48748282
     555   1686.55782923
     556   1692.63912328
     557   1698.73136462
     558   1704.83455361
     559   1710.94868988
     560   1717.07377380
     561   1723.20980501
     562   1729.35678387
     563   1735.51471001
     564   1741.68358381
     565   1747.86340489
     566   1754.05417363
     567   1760.25588966
     568   1766.46855334
     569   1772.69216430
     570   1778.92672293
     571   1785.17222884
     572   1791.42868241
     573   1797.69608327
     574   1803.97443179
     575   1810.26372759
     576   1816.56397106
     577   1822.87516181
     578   1829.19730024
     579   1835.53038594
     580   1841.87441932
     581   1848.22939997
     582   1854.59532831
     583   1860.97220392
     584   1867.36002721
     585   1873.75879777
     586   1880.16851602
     587   1886.58918154
     588   1893.02079476
     589   1899.46335524
     590   1905.91686341
     591   1912.38131886
     592   1918.85672199
     593   1925.34307240
     594   1931.84037050
     595   1938.34861588
     596   1944.86780895
     597   1951.39794929
     598   1957.93903733
     599   1964.49107264
     600   1971.05405565
     601   1977.62798593
     602   1984.21286391
     603   1990.80868916
     604   1997.41546212
     605   2004.03318234
     606   2010.66185028
     607   2017.30146548
     608   2023.95202839
     609   2030.61353857
     610   2037.28599646
     611   2043.96940162
     612   2050.66375449
     613   2057.36905463
     614   2064.08530248
     615   2070.81249760
     616   2077.55064044
     617   2084.29973054
     618   2091.05976837
     619   2097.83075346
     620   2104.61268628
     621   2111.40556635
     622   2118.20939416
     623   2125.02416922
     624   2131.84989202
     625   2138.68656207
     626   2145.53417986
     627   2152.39274491
     628   2159.26225770
     629   2166.14271774
     630   2173.03412552
     631   2179.93648056
     632   2186.84978334
     633   2193.77403337
     634   2200.70923115
     635   2207.65537618
     636   2214.61246897
     637   2221.58050900
     638   2228.55949678
     639   2235.54943182
     640   2242.55031461
     641   2249.56214465
     642   2256.58492245
     643   2263.61864749
     644   2270.66332030
     645   2277.71894035
     646   2284.78550817
     647   2291.86302323
     648   2298.95148606
     649   2306.05089613
     650   2313.16125397
     651   2320.28255906
     652   2327.41481191
     653   2334.55801201
     654   2341.71215989
     655   2348.87725500
     656   2356.05329789
     657   2363.24028803
     658   2370.43822594
     659   2377.64711109
     660   2384.86694402
     661   2392.09772420
     662   2399.33945215
     663   2406.59212735
     664   2413.85575033
     665   2421.13032055
     666   2428.41583856
     667   2435.71230381
     668   2443.01971685
     669   2450.33807712
     670   2457.66738519
     671   2465.00764049
     672   2472.35884359
     673   2479.72099392
     674   2487.09409206
     675   2494.47813742
     676   2501.87313059
     677   2509.27907099
     678   2516.69595920
     679   2524.12379463
     680   2531.56257788
     681   2539.01230835
     682   2546.47298664
     683   2553.94461215
     684   2561.42718548
     685   2568.92070603
     686   2576.42517441
     687   2583.94059000
     688   2591.46695342
     689   2599.00426406
     690   2606.55252253
     691   2614.11172821
     692   2621.68188173
     693   2629.26298246
     694   2636.85503103
     695   2644.45802681
     696   2652.07197043
     697   2659.69686126
     698   2667.33269993
     699   2674.97948582
     700   2682.63721955
     701   2690.30590049
     702   2697.98552928
     703   2705.67610528
     704   2713.37762912
     705   2721.09010018
     706   2728.81351908
     707   2736.54788520
     708   2744.29319917
     709   2752.04946035
     710   2759.81666938
     711   2767.59482562
     712   2775.38392972
     713   2783.18398103
     714   2790.99498019
     715   2798.81692657
     716   2806.64982080
     717   2814.49366224
     718   2822.34845155
     719   2830.21418806
     720   2838.09087245
     721   2845.97850403
     722   2853.87708349
     723   2861.78661014
     724   2869.70708468
     725   2877.63850640
     726   2885.58087602
     727   2893.53419283
     728   2901.49845752
     729   2909.47366940
     730   2917.45982918
     731   2925.45693615
     732   2933.46499101
     733   2941.48399305
     734   2949.51394300
     735   2957.55484013
     736   2965.60668516
     737   2973.66947738
     738   2981.74321750
     739   2989.82790481
     740   2997.92354002
     741   3006.03012241
     742   3014.14765272
     743   3022.27613020
     744   3030.41555560
     745   3038.56592818
     746   3046.72724868
     747   3054.89951635
     748   3063.08273194
     749   3071.27689471
     750   3079.48200541
     751   3087.69806327
     752   3095.92506907
     753   3104.16302203
     754   3112.41192293
     755   3120.67177100
     756   3128.94256700
     757   3137.22431018
     758   3145.51700129
     759   3153.82063956
     760   3162.13522578
     761   3170.46075917
     762   3178.79724050
     763   3187.14466899
     764   3195.50304543
     765   3203.87236903
     766   3212.25264059
     767   3220.64385931
     768   3229.04602598
     769   3237.45913981
     770   3245.88320160
     771   3254.31821055
     772   3262.76416746
     773   3271.22107152
     774   3279.68892355
     775   3288.16772273
     776   3296.65746989
     777   3305.15816419
     778   3313.66980647
     779   3322.19239590
     780   3330.72593331
     781   3339.27041786
     782   3347.82585040
     783   3356.39223008
     784   3364.96955775
     785   3373.55783256
     786   3382.15705535
     787   3390.76722529
     788   3399.38834323
     789   3408.02040830
     790   3416.66342137
     791   3425.31738158
     792   3433.98228979
     793   3442.65814513
     794   3451.34494848
     795   3460.04269896
     796   3468.75139745
     797   3477.47104307
     798   3486.20163670
     799   3494.94317747
     800   3503.69566625
     801   3512.45910215
     802   3521.23348608
     803   3530.01881713
     804   3538.81509621
     805   3547.62232241
     806   3556.44049664
     807   3565.26961799
     808   3574.10968737
     809   3582.96070387
     810   3591.82266841
     811   3600.69558006
     812   3609.57943975
     813   3618.47424656
     814   3627.38000142
     815   3636.29670338
     816   3645.22435339
     817   3654.16295052
     818   3663.11249570
     819   3672.07298798
     820   3681.04442832
     821   3690.02681577
     822   3699.02015128
     823   3708.02443389
     824   3717.03966457
     825   3726.06584235
     826   3735.10296819
     827   3744.15104114
     828   3753.21006216
     829   3762.28003028
     830   3771.36094647
     831   3780.45280976
     832   3789.55562113
     833   3798.66937960
     834   3807.79408615
     835   3816.92973979
     836   3826.07634152
     837   3835.23389033
     838   3844.40238725
     839   3853.58183124
     840   3862.77222334
     841   3871.97356252
     842   3881.18584980
     843   3890.40908417
     844   3899.64326664
     845   3908.88839619
     846   3918.14447385
     847   3927.41149859
     848   3936.68947144
     849   3945.97839137
     850   3955.27825941
     851   3964.58907453
     852   3973.91083778
     853   3983.24354809
     854   3992.58720653
     855   4001.94181204
     856   4011.30736568
     857   4020.68386639
     858   4030.07131523
     859   4039.46971114
     860   4048.87905519
     861   4058.29934630
     862   4067.73058555
     863   4077.17277186
     864   4086.62590633
     865   4096.08998785
     866   4105.56501752
     867   4115.05099424
     868   4124.54791913
     869   4134.05579107
     870   4143.57461117
     871   4153.10437831
     872   4162.64509363
     873   4172.19675599
     874   4181.75936653
     875   4191.33292410
     876   4200.91742986
     877   4210.51288265
     878   4220.11928363
     879   4229.73663165
     880   4239.36492785
     881   4249.00417109
     882   4258.65436252
     883   4268.31550098
     884   4277.98758763
     885   4287.67062132
     886   4297.36460321
     887   4307.06953212
     888   4316.78540925
     889   4326.51223339
     890   4336.25000575
     891   4345.99872513
     892   4355.75839272
     893   4365.52900733
     894   4375.31057016
     895   4385.10308001
     896   4394.90653809
     897   4404.72094317
     898   4414.54629649
     899   4424.38259682
     900   4434.22984538
     901   4444.08804095
     902   4453.95718476
     903   4463.83727558
     904   4473.72831464
     905   4483.63030070
     906   4493.54323501
     907   4503.46711632
     908   4513.40194589
     909   4523.34772245
     910   4533.30444727
     911   4543.27211908
     912   4553.25073916
     913   4563.24030623
     914   4573.24082157
     915   4583.25228390
     916   4593.27469450
     917   4603.30805209
     918   4613.35235796
     919   4623.40761080
     920   4633.47381194
     921   4643.55096005
     922   4653.63905645
     923   4663.73809983
     924   4673.84809151
     925   4683.96903015
     926   4694.10091710
     927   4704.24375101
     928   4714.39753324
     929   4724.56226242
     930   4734.73793992
     931   4744.92456439
     932   4755.12213717
     933   4765.33065690
     934   4775.55012497
     935   4785.78053998
     936   4796.02190333
     937   4806.27421363
     938   4816.53747226
     939   4826.81167784
     940   4837.09683176
     941   4847.39293263
     942   4857.69998184
     943   4868.01797799
     944   4878.34692250
     945   4888.68681394
     946   4899.03765374
     947   4909.39944047
     948   4919.77217557
     949   4930.15585760
     950   4940.55048800
     951   4950.95606532
     952   4961.37259102
     953   4971.80006364
     954   4982.23848464
     955   4992.68785257
     956   5003.14816888
     957   5013.61943210
     958   5024.10164372
     959   5034.59480225
     960   5045.09890918
     961   5055.61396301
     962   5066.13996526
     963   5076.67691440
     964   5087.22481196
     965   5097.78365642
     966   5108.35344929
     967   5118.93418906
     968   5129.52587726
     969   5140.12851234
     970   5150.74209586
     971   5161.36662626
     972   5172.00210510
     973   5182.64853083
     974   5193.30590500
     975   5203.97422604
     976   5214.65349554
     977   5225.34371191
     978   5236.04487674
     979   5246.75698844
     980   5257.48004860
     981   5268.21405563
     982   5278.95901112
     983   5289.71491349
     984   5300.48176432
     985   5311.25956201
     986   5322.04830819
     987   5332.84800122
     988   5343.65864273
     989   5354.48023111
     990   5365.31276797
     991   5376.15625168
     992   5387.01068388
     993   5397.87606294
     994   5408.75239049
     995   5419.63966489
     996   5430.53788780
     997   5441.44705755
     998   5452.36717581
     999   5463.29824091
    1000   5474.24025453
    1001   5485.19321497
    1002   5496.15712395
    1003   5507.13197976
    1004   5518.11778409
    1005   5529.11453525
    1006   5540.12223496
    1007   5551.14088147
    1008   5562.17047654
    1009   5573.21101842
    1010   5584.26250886
    1011   5595.32494610
    1012   5606.39833191
    1013   5617.48266452
    1014   5628.57794569
    1015   5639.68417367
    1016   5650.80135023
    1017   5661.92947358
    1018   5673.06854551
    1019   5684.21856423
    1020   5695.37953154
    1021   5706.55144564
    1022   5717.73430833
    1023   5728.92811780
    1024   5740.13287588
    1025   5751.34858073
    1026   5762.57523420
    1027   5773.81283444
    1028   5785.06138329
    1029   5796.32087891
    1030   5807.59132315
    1031   5818.87271416
    1032   5830.16505380
    1033   5841.46834020
    1034   5852.78257524
    1035   5864.10775702
    1036   5875.44388746
    1037   5886.79096464
    1038   5898.14899048
    1039   5909.51796306
    1040   5920.89788430
    1041   5932.28875227
    1042   5943.69056892
    1043   5955.10333230
    1044   5966.52704435
    1045   5977.96170314
    1046   5989.40731060
    1047   6000.86386479
    1048   6012.33136767
    1049   6023.80981726
    1050   6035.29921556
    1051   6046.79956056
    1052   6058.31085428
    1053   6069.83309470
    1054   6081.36628383
    1055   6092.91041966
    1056   6104.46550422
    1057   6116.03153547
    1058   6127.60851545
    1059   6139.19644213
    1060   6150.79531754
    1061   6162.40513963
    1062   6174.02591047
    1063   6185.65762799
    1064   6197.30029426
    1065   6208.95390721
    1066   6220.61846892
    1067   6232.29397730
    1068   6243.98043444
    1069   6255.67783825
    1070   6267.38619084
    1071   6279.10549008
    1072   6290.83573811
    1073   6302.57693279
    1074   6314.32907626
    1075   6326.09216638
    1076   6337.86620530
    1077   6349.65119087
    1078   6361.44712523
    1079   6373.25400624
    1080   6385.07183606
    1081   6396.90061252
    1082   6408.74033779
    1083   6420.59100970
    1084   6432.45263043
    1085   6444.32519779
    1086   6456.20871398
    1087   6468.10317679
    1088   6480.00858845
    1089   6491.92494671
    1090   6503.85225383
    1091   6515.79050756
    1092   6527.73971014
    1093   6539.69985933
    1094   6551.67095739
    1095   6563.65300204
    1096   6575.64599557
    1097   6587.64993568
    1098   6599.66482469
    1099   6611.69066027
    1100   6623.72744475
    1101   6635.77517581
    1102   6647.83385577
    1103   6659.90348230
    1104   6671.98405775
    1105   6684.07557975
    1106   6696.17805068
    1107   6708.29146816
    1108   6720.41583458
    1109   6732.55114754
    1110   6744.69740945
    1111   6756.85461790
    1112   6769.02277530
    1113   6781.20187923
    1114   6793.39193212
    1115   6805.59293155
    1116   6817.80487994
    1117   6830.02777485
    1118   6842.26161874
    1119   6854.50640915
    1120   6866.76214854
    1121   6879.02883444
    1122   6891.30646934
    1123   6903.59505074
    1124   6915.89458115
    1125   6928.20505805
    1126   6940.52648397
    1127   6952.85885637
    1128   6965.20217780
    1129   6977.55644571
    1130   6989.92166265
    1131   7002.29782607
    1132   7014.68493853
    1133   7027.08299746
    1134   7039.49200544
    1135   7051.91195989
    1136   7064.34286339
    1137   7076.78471335
    1138   7089.23751238
    1139   7101.70125786
    1140   7114.17595241
    1141   7126.66159341
    1142   7139.15818350
    1143   7151.66572002
    1144   7164.18420564
    1145   7176.71363769
    1146   7189.25401884
    1147   7201.80534642
    1148   7214.36762311
    1149   7226.94084622
    1150   7239.52501845
    1151   7252.12013709
    1152   7264.72620487
    1153   7277.34321904
    1154   7289.97118237
    1155   7302.61009208
    1156   7315.25995095
    1157   7327.92075621
    1158   7340.59251063
    1159   7353.27521143
    1160   7365.96886140
    1161   7378.67345774
    1162   7391.38900328
    1163   7404.11549517
    1164   7416.85293626
    1165   7429.60132370
    1166   7442.36066035
    1167   7455.13094335
    1168   7467.91217557
    1169   7480.70435412
    1170   7493.50748190
    1171   7506.32155601
    1172   7519.14657936
    1173   7531.98254903
    1174   7544.82946795
    1175   7557.68733318
    1176   7570.55614768
    1177   7583.43590848
    1178   7596.32661856
    1179   7609.22827492
    1180   7622.14088058
    1181   7635.06443251
    1182   7647.99893375
    1183   7660.94438126
    1184   7673.90077808
    1185   7686.86812117
    1186   7699.84641358
    1187   7712.83565224
    1188   7725.83584024
    1189   7738.84697448
    1190   7751.86905807
    1191   7764.90208790
    1192   7777.94606709
    1193   7791.00099250
    1194   7804.06686728
    1195   7817.14368829
    1196   7830.23145867
    1197   7843.33017526
    1198   7856.43984125
    1199   7869.56045344
    1200   7882.69201503
    1201   7895.83452281
    1202   7908.98798001
    1203   7922.15238339
    1204   7935.32773620
    1205   7948.51403518
    1206   7961.71128360
    1207   7974.91947819
    1208   7988.13862223
    1209   8001.36871242
    1210   8014.60975208
    1211   8027.86173788
    1212   8041.12467315
    1213   8054.39855457
    1214   8067.68338547
    1215   8080.97916249
    1216   8094.28588902
    1217   8107.60356166
    1218   8120.93218381
    1219   8134.27175207
    1220   8147.62226986
    1221   8160.98373374
    1222   8174.35614716
    1223   8187.73950667
    1224   8201.13381572
    1225   8214.53907085
    1226   8227.95527555
    1227   8241.38242631
    1228   8254.82052664
    1229   8268.26957303
    1230   8281.72956901
    1231   8295.20051104
    1232   8308.68240266
    1233   8322.17524033
    1234   8335.67902760
    1235   8349.19376090
    1236   8362.71944383
    1237   8376.25607277
    1238   8389.80365135
    1239   8403.36217594
    1240   8416.93165017
    1241   8430.51207040
    1242   8444.10344030
    1243   8457.70575618
    1244   8471.31902174
    1245   8484.94323327
    1246   8498.57839450
    1247   8512.22450168
    1248   8525.88155858
    1249   8539.54956141
    1250   8553.22851398
    1251   8566.91841248
    1252   8580.61926071
    1253   8594.33105487
    1254   8608.05379878
    1255   8621.78748860
    1256   8635.53212819
    1257   8649.28771368
    1258   8663.05424895
    1259   8676.83173010
    1260   8690.62016105
    1261   8704.41953788
    1262   8718.22986452
    1263   8732.05113702
    1264   8745.88335934
    1265   8759.72652752
    1266   8773.58064553
    1267   8787.44570939
    1268   8801.32172310
    1269   8815.20868263
    1270   8829.10659203
    1271   8843.01544725
    1272   8856.93525235
    1273   8870.86600326
    1274   8884.80770406
    1275   8898.76035065
    1276   8912.72394716
    1277   8926.69848944
    1278   8940.68398165
    1279   8954.68041962
    1280   8968.68780754
    1281   8982.70614121
    1282   8996.73542484
    1283   9010.77565421
    1284   9024.82683355
    1285   9038.88895862
    1286   9052.96203368
    1287   9067.04605445
    1288   9081.14102522
    1289   9095.24694170
    1290   9109.36380820
    1291   9123.49162038
    1292   9137.63038260
    1293   9151.78009049
    1294   9165.94074844
    1295   9180.11235204
    1296   9194.29490572
    1297   9208.48840503
    1298   9222.69285444
    1299   9236.90824947
    1300   9251.13459462
    1301   9265.37188537
    1302   9279.62012624
    1303   9293.87931272
    1304   9308.14944933
    1305   9322.43053153
    1306   9336.72256389
    1307   9351.02554181
    1308   9365.33946991
    1309   9379.66434356
    1310   9394.00016741
    1311   9408.34693679
    1312   9422.70465638
    1313   9437.07332150
    1314   9451.45293684
    1315   9465.84349769
    1316   9480.24500879
    1317   9494.65746538
    1318   9509.08087223
    1319   9523.51522456
    1320   9537.96052717
    1321   9552.41677524
    1322   9566.88397361
    1323   9581.36211743
    1324   9595.85121156
    1325   9610.35125112
    1326   9624.86224102
    1327   9639.38417633
    1328   9653.91706200
    1329   9668.46089306
    1330   9683.01567450
    1331   9697.58140131
    1332   9712.15807852
    1333   9726.74570109
    1334   9741.34427408
    1335   9755.95379241
    1336   9770.57426117
    1337   9785.20567526
    1338   9799.84803980
    1339   9814.50134965
    1340   9829.16560998
    1341   9843.84081559
    1342   9858.52697170
    1343   9873.22407308
    1344   9887.93212498
    1345   9902.65112213
    1346   9917.38106981
    1347   9932.12196274
    1348   9946.87380621
    1349   9961.63659491
    1350   9976.41033418
    1351   9991.19501865
    1352  10005.99065371
    1353  10020.79723396
    1354  10035.61476483
    1355  10050.44324085
    1356  10065.28266752
    1357  10080.13303933
    1358  10094.99436179
    1359  10109.86662939
    1360  10124.74984766
    1361  10139.64401104
    1362  10154.54912512
    1363  10169.46518429
    1364  10184.39219418
    1365  10199.33014913
    1366  10214.27905483
    1367  10229.23890558
    1368  10244.20970710
    1369  10259.19145364
    1370  10274.18415097
    1371  10289.18779331
    1372  10304.20238646
    1373  10319.22792460
    1374  10334.26441357
    1375  10349.31184751
    1376  10364.37023230
    1377  10379.43956204
    1378  10394.51984266
    1379  10409.61106820
    1380  10424.71324465
    1381  10439.82636600
    1382  10454.95043827
    1383  10470.08545543
    1384  10485.23142354
    1385  10500.38833650
    1386  10515.55620044
    1387  10530.73500922
    1388  10545.92476900
    1389  10561.12547359
    1390  10576.33712920
    1391  10591.55972961
    1392  10606.79328106
    1393  10622.03777729
    1394  10637.29322458
    1395  10652.55961662
    1396  10667.83695976
    1397  10683.12524763
    1398  10698.42448661
    1399  10713.73467030
    1400  10729.05580513
    1401  10744.38788464
    1402  10759.73091532
    1403  10775.08489066
    1404  10790.44981719
    1405  10805.82568836
    1406  10821.21251075
    1407  10836.61027774
    1408  10852.01899598
    1409  10867.43865881
    1410  10882.86927291
    1411  10898.31083157
    1412  10913.76334153
    1413  10929.22679602
    1414  10944.70120184
    1415  10960.18655217
    1416  10975.68285386
    1417  10991.19010003
    1418  11006.70829757
    1419  11022.23743958
    1420  11037.77753300
    1421  11053.32857085
    1422  11068.89056013
    1423  11084.46349382
    1424  11100.04737898
    1425  11115.64220851
    1426  11131.24798954
    1427  11146.86471492
    1428  11162.49239182
    1429  11178.13101305
    1430  11193.78058582
    1431  11209.44110290
    1432  11225.11257155
    1433  11240.79498448
    1434  11256.48834901
    1435  11272.19265779
    1436  11287.90791820
    1437  11303.63412283
    1438  11319.37127913
    1439  11335.11937961
    1440  11350.87843179
    1441  11366.64842813
    1442  11382.42937620
    1443  11398.22126839
    1444  11414.02411234
    1445  11429.83790040
    1446  11445.66264024
    1447  11461.49832415
    1448  11477.34495988
    1449  11493.20253965
    1450  11509.07107128
    1451  11524.95054691
    1452  11540.84097443
    1453  11556.74234592
    1454  11572.65466933
    1455  11588.57793669
    1456  11604.51215600
    1457  11620.45731922
    1458  11636.41343443
    1459  11652.38049351
    1460  11668.35850462
    1461  11684.34745957
    1462  11700.34736658
    1463  11716.35821740
    1464  11732.38002031
    1465  11748.41276699
    1466  11764.45646580
    1467  11780.51110836
    1468  11796.57670308
    1469  11812.65324151
    1470  11828.74073213
    1471  11844.83916643
    1472  11860.94855295
    1473  11877.06888312
    1474  11893.20016556
    1475  11909.34239160
    1476  11925.49556994
    1477  11941.65969186
    1478  11957.83476611
    1479  11974.02078390
    1480  11990.21775407
    1481  12006.42566773
    1482  12022.64453381
    1483  12038.87434335
    1484  12055.11510533
    1485  12071.36681075
    1486  12087.62946865
    1487  12103.90306995
    1488  12120.18762376
    1489  12136.48312093
    1490  12152.78957066
    1491  12169.10696371
    1492  12185.43530936
    1493  12201.77459828
    1494  12218.12483985
    1495  12234.48602465
    1496  12250.85816214
    1497  12267.24124282
    1498  12283.63527622
    1499  12300.04025278
    1500  12316.45618210
    1501  12332.88305454
    1502  12349.32087978
    1503  12365.76964810
    1504  12382.22936926
    1505  12398.70003346
    1506  12415.18165054
    1507  12431.67421062
    1508  12448.17772363
    1509  12464.69217958
    1510  12481.21758851
    1511  12497.75394034
    1512  12514.30124519
    1513  12530.85949291
    1514  12547.42869368
    1515  12564.00883727
    1516  12580.59993397
    1517  12597.20197344
    1518  12613.81496606
    1519  12630.43890141
    1520  12647.07378996
    1521  12663.71962119
    1522  12680.37640566
    1523  12697.04413276
    1524  12713.72281316
    1525  12730.41243614
    1526  12747.11301246
    1527  12763.82453132
    1528  12780.54700356
    1529  12797.28041830
    1530  12814.02478647
    1531  12830.78009708
    1532  12847.54636118
    1533  12864.32356766
    1534  12881.11172768
    1535  12897.91083004
    1536  12914.72088599
    1537  12931.54188422
    1538  12948.37383609
    1539  12965.21673020
    1540  12982.07057799
    1541  12998.93536797
    1542  13015.81111168
    1543  13032.69779754
    1544  13049.59543717
    1545  13066.50401890
    1546  13083.42355446
    1547  13100.35403205
    1548  13117.29546353
    1549  13134.24783699
    1550  13151.21116439
    1551  13168.18543372
    1552  13185.17065705
    1553  13202.16682224
    1554  13219.17394148
    1555  13236.19200254
    1556  13253.22101770
    1557  13270.26097462
    1558  13287.31188571
    1559  13304.37373848
    1560  13321.44654549
    1561  13338.53029413
    1562  13355.62499705
    1563  13372.73064154
    1564  13389.84724038
    1565  13406.97478073
    1566  13424.11327548
    1567  13441.26271169
    1568  13458.42310235
    1569  13475.59443441
    1570  13492.77672099
    1571  13509.96994889
    1572  13527.17413138
    1573  13544.38925514
    1574  13561.61533354
    1575  13578.85235314
    1576  13596.10032745
    1577  13613.35924289
    1578  13630.62911311
    1579  13647.90992439
    1580  13665.20169051
    1581  13682.50439763
    1582  13699.81805966
    1583  13717.14266262
    1584  13734.47822054
    1585  13751.82471934
    1586  13769.18217316
    1587  13786.55056779
    1588  13803.92991751
    1589  13821.32020796
    1590  13838.72145358
    1591  13856.13363986
    1592  13873.55678138
    1593  13890.99086347
    1594  13908.43590088
    1595  13925.89187879
    1596  13943.35881209
    1597  13960.83668582
    1598  13978.32551501
    1599  13995.82528455
    1600  14013.33600962
    1601  14030.85767496
    1602  14048.39029592
    1603  14065.93385707
    1604  14083.48837390
    1605  14101.05383086
    1606  14118.63024357
    1607  14136.21759632
    1608  14153.81590490
    1609  14171.42515344
    1610  14189.04535790
    1611  14206.67650223
    1612  14224.31860255
    1613  14241.97164267
    1614  14259.63563886
    1615  14277.31057475
    1616  14294.99646680
    1617  14312.69329847
    1618  14330.40108638
    1619  14348.11981382
    1620  14365.84949759
    1621  14383.59012079
    1622  14401.34170041
    1623  14419.10421938
    1624  14436.87769484
    1625  14454.66210956
    1626  14472.45748087
    1627  14490.26379134
    1628  14508.08105849
    1629  14525.90926471
    1630  14543.74842769
    1631  14561.59852965
    1632  14579.45958847
    1633  14597.33158616
    1634  14615.21454080
    1635  14633.10843422
    1636  14651.01328469
    1637  14668.92907383
    1638  14686.85582011
    1639  14704.79350497
    1640  14722.74214707
    1641  14740.70172764
    1642  14758.67226554
    1643  14776.65374181
    1644  14794.64617552
    1645  14812.64954749
    1646  14830.66387700
    1647  14848.68914466
    1648  14866.72536996
    1649  14884.77253330
    1650  14902.83065439
    1651  14920.89971340
    1652  14938.97973027
    1653  14957.07068496
    1654  14975.17259761
    1655  14993.28544795
    1656  15011.40925637
    1657  15029.54400237
    1658  15047.68970655
    1659  15065.84634820
    1660  15084.01394814
    1661  15102.19248542
    1662  15120.38198111
    1663  15138.58241402
    1664  15156.79380546
    1665  15175.01613399
    1666  15193.24942116
    1667  15211.49364531
    1668  15229.74882821
    1669  15248.01494796
    1670  15266.29202659
    1671  15284.58004193
    1672  15302.87901627
    1673  15321.18892720
    1674  15339.50979725
    1675  15357.84160375
    1676  15376.18436951
    1677  15394.53807157
    1678  15412.90273302
    1679  15431.27833064
    1680  15449.66488778
    1681  15468.06238094
    1682  15486.47083375
    1683  15504.89022245
    1684  15523.32057093
    1685  15541.76185515
    1686  15560.21409930
    1687  15578.67727903
    1688  15597.15141882
    1689  15615.63649405
    1690  15634.13252949
    1691  15652.63950021
    1692  15671.15743128
    1693  15689.68629748
    1694  15708.22612417
    1695  15726.77688583
    1696  15745.33860814
    1697  15763.91126525
    1698  15782.49488317
    1699  15801.08943571
    1700  15819.69494922
    1701  15838.31139720
    1702  15856.93880629
    1703  15875.57714968
    1704  15894.22645434
    1705  15912.88669313
    1706  15931.55789336
    1707  15950.24002752
    1708  15968.93312330
    1709  15987.63715284
    1710  16006.35214416
    1711  16025.07806905
    1712  16043.81495590
    1713  16062.56277613
    1714  16081.32155849
    1715  16100.09127405
    1716  16118.87195191
    1717  16137.66356278
    1718  16156.46613613
    1719  16175.27964229
    1720  16194.10411112
    1721  16212.93951256
    1722  16231.78587686
    1723  16250.64317355
    1724  16269.51143330
    1725  16288.39062523
    1726  16307.28078042
    1727  16326.18186757
    1728  16345.09391818
    1729  16364.01690055
    1730  16382.95084657
    1731  16401.89572411
    1732  16420.85156553
    1733  16439.81833825
    1734  16458.79607504
    1735  16477.78474290
    1736  16496.78437506
    1737  16515.79493805
    1738  16534.81646556
    1739  16553.84892366
    1740  16572.89234650
    1741  16591.94669968
    1742  16611.01201784
    1743  16630.08826609
    1744  16649.17547954
    1745  16668.27362284
    1746  16687.38273157
    1747  16706.50276989
    1748  16725.63377388
    1749  16744.77570720
    1750  16763.92860644
    1751  16783.09243473
    1752  16802.26722920
    1753  16821.45295245
    1754  16840.64964212
    1755  16859.85726029
    1756  16879.07584516
    1757  16898.30535823
    1758  16917.54583826
    1759  16936.79724621
    1760  16956.05962139
    1761  16975.33292419
    1762  16994.61719450
    1763  17013.91239212
    1764  17033.21855754
    1765  17052.53564995
    1766  17071.86371045
    1767  17091.20269763
    1768  17110.55265320
    1769  17129.91353512
    1770  17149.28538573
    1771  17168.66816235
    1772  17188.06190798
    1773  17207.46657928
    1774  17226.88221990
    1775  17246.30878585
    1776  17265.74632144
    1777  17285.19478201
    1778  17304.65421254
    1779  17324.12456769
    1780  17343.60589315
    1781  17363.09814284
    1782  17382.60136319
    1783  17402.11550740
    1784  17421.64062262
    1785  17441.17666131
    1786  17460.72367137
    1787  17480.28160450
    1788  17499.85050938
    1789  17519.43033691
    1790  17539.02113658
    1791  17558.62285848
    1792  17578.23555291
    1793  17597.85916914
    1794  17617.49375829
    1795  17637.13926881
    1796  17656.79575266
    1797  17676.46315743
    1798  17696.14153595
    1799  17715.83083493
    1800  17735.53110808
    1801  17755.24230123
    1802  17774.96446898
    1803  17794.69755625
    1804  17814.44161858
    1805  17834.19659992
    1806  17853.96255678
    1807  17873.73943216
    1808  17893.52728352
    1809  17913.32605288
    1810  17933.13579871
    1811  17952.95646201
    1812  17972.78810227
    1813  17992.63065945
    1814  18012.48419411
    1815  18032.34864513
    1816  18052.22407414
    1817  18072.11041894
    1818  18092.00774227
    1819  18111.91598080
    1820  18131.83519841
    1821  18151.76533061
    1822  18171.70644246
    1823  18191.65846828
    1824  18211.62147432
    1825  18231.59539370
    1826  18251.58029390
    1827  18271.57610678
    1828  18291.58290109
    1829  18311.60060741
    1830  18331.62929579
    1831  18351.66889549
    1832  18371.71947789
    1833  18391.78097089
    1834  18411.85344727
    1835  18431.93683352
    1836  18452.03120383
    1837  18472.13648325
    1838  18492.25274744
    1839  18512.37991998
    1840  18532.51807799
    1841  18552.66714356
    1842  18572.82719536
    1843  18592.99815389
    1844  18613.18009941
    1845  18633.37295083
    1846  18653.57679003
    1847  18673.79153426
    1848  18694.01726707
    1849  18714.25390402
    1850  18734.50153040
    1851  18754.76006000
    1852  18775.02957989
    1853  18795.31000204
    1854  18815.60141538
    1855  18835.90373001
    1856  18856.21703673
    1857  18876.54124374
    1858  18896.87644379
    1859  18917.22254308
    1860  18937.57963640
    1861  18957.94762788
    1862  18978.32661440
    1863  18998.71649798
    1864  19019.11737763
    1865  19039.52915320
    1866  19059.95192592
    1867  19080.38559337
    1868  19100.83025909
    1869  19121.28581832
    1870  19141.75237696
    1871  19162.22982786
    1872  19182.71827936
    1873  19203.21762181
    1874  19223.72796609
    1875  19244.24919997
    1876  19264.78143696
    1877  19285.32456215
    1878  19305.87869176
    1879  19326.44370813
    1880  19347.01973029
    1881  19367.60663771
    1882  19388.20455234
    1883  19408.81335068
    1884  19429.43315769
    1885  19450.06384680
    1886  19470.70554611
    1887  19491.35812585
    1888  19512.02171736
    1889  19532.69618759
    1890  19553.38167122
    1891  19574.07803177
    1892  19594.78540743
    1893  19615.50365814
    1894  19636.23292574
    1895  19656.97306645
    1896  19677.72422588
    1897  19698.48625642
    1898  19719.25930759
    1899  19740.04322777
    1900  19760.83817058
    1901  19781.64398022
    1902  19802.46081456
    1903  19823.28851347
    1904  19844.12723923
    1905  19864.97682721
    1906  19885.83744430
    1907  19906.70892113
    1908  19927.59142943
    1909  19948.48479491
    1910  19969.38919429
    1911  19990.30444820
    1912  20011.23073856
    1913  20032.16788065
    1914  20053.11606187
    1915  20074.07509189
    1916  20095.04516385
    1917  20116.02608157
    1918  20137.01804413
    1919  20158.02084928
    1920  20179.03470233
    1921  20200.05939462
    1922  20221.09513802
    1923  20242.14171717
    1924  20263.19935079
    1925  20284.26781650
    1926  20305.34734021
    1927  20326.43769217
    1928  20347.53910582
    1929  20368.65134369
    1930  20389.77464715
    1931  20410.90877060
    1932  20432.05396371
    1933  20453.20997237
    1934  20474.37705500
    1935  20495.55494849
    1936  20516.74392049
    1937  20537.94369841
    1938  20559.15455962
    1939  20580.37622156
    1940  20601.60897183
    1941  20622.85251734
    1942  20644.10715652
    1943  20665.37258515
    1944  20686.64911308
    1945  20707.93642433
    1946  20729.23484085
    1947  20750.54403421
    1948  20771.86433916
    1949  20793.19541408
    1950  20814.53760730
    1951  20835.89056322
    1952  20857.25464455
    1953  20878.62948085
    1954  20900.01545013
    1955  20921.41216616
    1956  20942.82002324
    1957  20964.23861831
    1958  20985.66836303
    1959  21007.10883641
    1960  21028.56046862
    1961  21050.02281953
    1962  21071.49633909
    1963  21092.98056669
    1964  21114.47597346
    1965  21135.98207686
    1966  21157.49937070
    1967  21179.02734895
    1968  21200.56652976
    1969  21222.11638183
    1970  21243.67744948
    1971  21265.24917427
    1972  21286.83212869
    1973  21308.42572500
    1974  21330.03056612
    1975  21351.64603267
    1976  21373.27276044
    1977  21394.91009583
    1978  21416.55871025
    1979  21438.21791297
    1980  21459.88841407
    1981  21481.56948245
    1982  21503.26187029
    1983  21524.96480255
    1984  21546.67907728
    1985  21568.40387142
    1986  21590.14003322
    1987  21611.88668708
    1988  21633.64473625
    1989  21655.41324740
    1990  21677.19318429
    1991  21698.98355013
    1992  21720.78537526
    1993  21742.59759279
    1994  21764.42130673
    1995  21786.25537274
    1996  21808.10097637
    1997  21829.95688710
    1998  21851.82438129
    1999  21873.70213279
    2000  21895.59151889
    2001  21917.49110638
    2002  21939.40238564
    2003  21961.32380424
    2004  21983.25697868
    2005  22005.20022225
    2006  22027.15529355
    2007  22049.12035610
    2008  22071.09732714
    2009  22093.08420080
    2010  22115.08307356
    2011  22137.09175124
    2012  22159.11252952
    2013  22181.14300133
    2014  22203.18568676
    2015  22225.23794505
    2016  22247.30254196
    2017  22269.37657500
    2018  22291.46308273
    2019  22313.55888431
    2020  22335.66730592
    2021  22357.78486414
    2022  22379.91519171
    2023  22402.05450694
    2024  22424.20673752
    2025  22446.36780231
    2026  22468.54191039
    2027  22490.72474140
    2028  22512.92070959
    2029  22535.12530994
    2030  22557.34308309
    2031  22579.56948794
    2032  22601.80903949
    2033  22624.05723593
    2034  22646.31852760
    2035  22668.58844748
    2036  22690.87161478
    2037  22713.16290190
    2038  22735.46849365
    2039  22757.77989741
    2040  22780.10966366
    2041  22802.43800913
    2042  22824.79794341
    2043  22847.13273438
    2044  22869.53934515
    2045  22891.85559366
    2046  22914.37875779
    2047  22936.54919219
    2048  22959.51623064
 ---------------------------------------
 
SCF converged! Final Ground-State Energy (Eh):              -0.2439413159688061
