 -6.910396232157283E-008
  1.083398097493312E-007
 -1.174799724704188E-007
  1.377521974081388E-007
 -1.620794926002838E-007
  1.953805019475142E-007
 -2.372082461224323E-007
  3.023294478931968E-007
 -3.758541137815712E-007
  5.391399446523997E-007
 -6.812055287380253E-007
  1.104780554327739E-006
 -2.547311466960536E-006
 -1.794807185326761E-006
 -4.573867194094082E-005
 -1.143710813555183E-004
  1.233198903901081E-004
  5.598618870434231E-005
  6.395853594452761E-006
  4.107076866082141E-006
 -5.066718555452661E-007
  8.689846241293383E-007
 -4.645863268146972E-007
  3.960075719379342E-007
 -2.923367297885725E-007
  2.391775454469192E-007
 -1.940414320866835E-007
  1.627454585023795E-007
 -1.379754517354991E-007
  1.197366714514223E-007
 -1.031258496431595E-007
  1.186649905068268E-007
  1.083398097493312E-007
 -5.270388924030705E-008
  1.122431926384436E-007
 -1.209861436113930E-007
  1.449009352892002E-007
 -1.743256868727547E-007
  2.118155846548830E-007
 -2.704406237576853E-007
  3.355031691982114E-007
 -4.855866446037639E-007
  5.998898906418903E-007
 -1.049789138932200E-006
  2.022063835176638E-006
  9.032829955031544E-008
  3.539727179932287E-005
  1.017080406893491E-004
 -1.060680077896141E-004
 -4.429158141303324E-005
 -4.247660154696502E-006
 -3.422015748314861E-006
  4.933626889864571E-007
 -7.696649329153019E-007
  4.141574057630093E-007
 -3.527938187183926E-007
  2.601206809468091E-007
 -2.129166987805870E-007
  1.726524222354532E-007
 -1.448084258293201E-007
  1.227486018347977E-007
 -1.064146949240631E-007
  9.219662265888326E-008
 -1.031258496431595E-007
 -1.174799724704187E-007
  1.122431926384435E-007
 -7.054160581708980E-008
  1.499861821942423E-007
 -1.643476184399755E-007
  2.014564614548625E-007
 -2.439489959672756E-007
  3.122844111756925E-007
 -3.859890420004155E-007
  5.626894510437520E-007
 -6.856319059689825E-007
  1.219430001956709E-006
 -2.345967335971920E-006
 -3.274818633042472E-007
 -4.121354634080710E-005
 -1.155511074121103E-004
  1.264490498542713E-004
  5.382298521321789E-005
  5.759561234340591E-006
  4.157550661479959E-006
 -5.194646689337032E-007
  9.028242799788209E-007
 -4.748621892706775E-007
  4.090249403688252E-007
 -3.003172932646985E-007
  2.462826237657798E-007
 -1.995534201003316E-007
  1.674331938324994E-007
 -1.418991117704810E-007
  1.230648206597645E-007
 -1.064146949240630E-007
  1.197366714514223E-007
  1.377521974081388E-007
 -1.209861436113930E-007
  1.499861821942423E-007
 -9.417699640194703E-008
  2.041571980122951E-007
 -2.289737581483757E-007
  2.823346867636329E-007
 -3.611901041580440E-007
  4.452683072548135E-007
 -6.550036677609684E-007
  7.835830107511668E-007
 -1.444742833179253E-006
  2.644052622880448E-006
  2.197712539909882E-007
  4.801610993758045E-005
  1.377050838086916E-004
 -1.412942880063243E-004
 -6.086753810349133E-005
 -6.536352190382500E-006
 -4.803387366885511E-006
  5.771382175327110E-007
 -1.047961049586886E-006
  5.433059465481121E-007
 -4.723448472668349E-007
  3.455649904308808E-007
 -2.839697626447363E-007
  2.299498332304429E-007
 -1.930375497260951E-007
  1.635941331527358E-007
 -1.418991117704811E-007
  1.227486018347976E-007
 -1.379754517354990E-007
 -1.620794926002838E-007
  1.449009352892001E-007
 -1.643476184399755E-007
  2.041571980122951E-007
 -1.299104314421181E-007
  2.894553209220939E-007
 -3.255108349948813E-007
  4.253587553454082E-007
 -5.201375064943065E-007
  7.740476894153125E-007
 -9.018955271512786E-007
  1.751043935404583E-006
 -2.892008236659210E-006
  6.022199479573124E-007
 -5.237581715122274E-005
 -1.503101287450168E-004
  1.781762471814283E-004
  7.564344824470582E-005
  8.554942418173051E-006
  5.884988946802340E-006
 -6.294486686820912E-007
  1.255225735225029E-006
 -6.369593960968528E-007
  5.597332783582778E-007
 -4.075224714471514E-007
  3.354887005443298E-007
 -2.713663543748910E-007
  2.278586478660000E-007
 -1.930375497260951E-007
  1.674331938324995E-007
 -1.448084258293202E-007
  1.627454585023795E-007
  1.953805019475142E-007
 -1.743256868727545E-007
  2.014564614548625E-007
 -2.289737581483758E-007
  2.894553209220938E-007
 -1.883706946119113E-007
  4.221604610704974E-007
 -5.049683624325239E-007
  6.269088803825925E-007
 -9.408949746347619E-007
  1.077538381141286E-006
 -2.150651160614217E-006
  3.570985951308674E-006
  6.288186074036185E-008
  6.977382214814677E-005
  2.080445146456867E-004
 -1.849214907517734E-004
 -8.292349782160442E-005
 -9.315593500625136E-006
 -6.906471898858637E-006
  7.093742741661986E-007
 -1.503308866573352E-006
  7.480333666786732E-007
 -6.669924758813082E-007
  4.833497909937926E-007
 -3.993067511625686E-007
  3.228284657698277E-007
 -2.713663543748910E-007
  2.299498332304429E-007
 -1.995534201003317E-007
  1.726524222354532E-007
 -1.940414320866835E-007
 -2.372082461224325E-007
  2.118155846548830E-007
 -2.439489959672758E-007
  2.823346867636329E-007
 -3.255108349948814E-007
  4.221604610704977E-007
 -2.733031188997779E-007
  6.579119094878376E-007
 -7.350402440591339E-007
  1.144843513517304E-006
 -1.239738548329733E-006
  2.752998523886578E-006
 -3.384146457732459E-006
  4.180464480535971E-006
 -6.078079585864844E-005
 -1.750710840463618E-004
  3.050552597571468E-004
  1.255925068441540E-004
  1.571221234432105E-005
  9.462594722498806E-006
 -7.340194322062708E-007
  1.916511287754853E-006
 -9.214118554368526E-007
  8.323788262307933E-007
 -5.985794427718363E-007
  4.950731023042310E-007
 -3.993067511625689E-007
  3.354887005443298E-007
 -2.839697626447363E-007
  2.462826237657800E-007
 -2.129166987805869E-007
  2.391775454469193E-007
  3.023294478931968E-007
 -2.704406237576854E-007
  3.122844111756925E-007
 -3.611901041580439E-007
  4.253587553454083E-007
 -5.049683624325238E-007
  6.579119094878370E-007
 -4.564497407706607E-007
  1.025382503323599E-006
 -1.476988379255206E-006
  1.633433155131056E-006
 -3.514221592426743E-006
  5.862363636651661E-006
  3.297772248751791E-006
  1.358554906845771E-004
  4.352745683534117E-004
 -1.616643417974647E-004
 -9.374739451389166E-005
 -1.009858307869409E-005
 -9.875242823662639E-006
  9.155718846338679E-007
 -2.286881099139908E-006
  1.080781619844782E-006
 -1.002652847299557E-006
  7.176990215043617E-007
 -5.985794427718356E-007
  4.833497909937926E-007
 -4.075224714471514E-007
  3.455649904308807E-007
 -3.003172932646987E-007
  2.601206809468090E-007
 -2.923367297885725E-007
 -3.758541137815713E-007
  3.355031691982113E-007
 -3.859890420004154E-007
  4.452683072548137E-007
 -5.201375064943063E-007
  6.269088803825927E-007
 -7.350402440591338E-007
  1.025382503323599E-006
 -6.347953676463425E-007
  1.942700560093637E-006
 -1.647865668290200E-006
  4.934955787015410E-006
 -1.368477964582839E-006
  2.498304669014752E-005
  1.001440843435275E-005
  7.084494226289472E-005
  8.479777665630938E-004
  3.128069485966682E-004
  4.533412637141703E-005
  2.006521485335422E-005
 -5.338634070722887E-007
  3.471298215481390E-006
 -1.517166552938289E-006
  1.424731968682842E-006
 -1.002652847299558E-006
  8.323788262307933E-007
 -6.669924758813089E-007
  5.597332783582779E-007
 -4.723448472668351E-007
  4.090249403688256E-007
 -3.527938187183928E-007
  3.960075719379345E-007
  5.391399446523996E-007
 -4.855866446037635E-007
  5.626894510437520E-007
 -6.550036677609679E-007
  7.740476894153123E-007
 -9.408949746347612E-007
  1.144843513517304E-006
 -1.476988379255206E-006
  1.942700560093636E-006
 -1.649811503673783E-006
  3.165880528725585E-006
 -6.685061792995369E-006
  1.592830964999180E-005
  4.019850118447029E-005
  4.953288852244408E-004
  1.726984759886175E-003
  7.394936214711895E-004
  1.379873802533226E-004
  2.972292967134548E-005
 -6.738115870172769E-006
  1.878036416924087E-006
 -3.277001860342335E-006
  1.539612653084960E-006
 -1.517166552938288E-006
  1.080781619844783E-006
 -9.214118554368534E-007
  7.480333666786736E-007
 -6.369593960968531E-007
  5.433059465481123E-007
 -4.748621892706782E-007
  4.141574057630095E-007
 -4.645863268146976E-007
 -6.812055287380250E-007
  5.998898906418900E-007
 -6.856319059689822E-007
  7.835830107511661E-007
 -9.018955271512781E-007
  1.077538381141285E-006
 -1.239738548329732E-006
  1.633433155131056E-006
 -1.647865668290199E-006
  3.165880528725584E-006
 -7.391482966633151E-007
  1.090024364623431E-005
  1.893021418151150E-005
  1.596686005076227E-004
  8.016172129427438E-004
  2.906057639851112E-003
  4.513244418546745E-003
  1.499844026174920E-003
  2.506328996149958E-004
  7.871977057861024E-005
  4.164216507718816E-006
  9.909801252609059E-006
 -3.277001860342331E-006
  3.471298215481384E-006
 -2.286881099139906E-006
  1.916511287754851E-006
 -1.503308866573352E-006
  1.255225735225028E-006
 -1.047961049586885E-006
  9.028242799788207E-007
 -7.696649329153010E-007
  8.689846241293379E-007
  1.104780554327741E-006
 -1.049789138932200E-006
  1.219430001956709E-006
 -1.444742833179254E-006
  1.751043935404584E-006
 -2.150651160614218E-006
  2.752998523886578E-006
 -3.514221592426745E-006
  4.934955787015410E-006
 -6.685061792995375E-006
  1.090024364623432E-005
 -1.044568347995720E-005
  5.595258350963738E-005
  2.849209607256718E-004
  2.869140172472205E-003
  1.095671170288440E-002
  9.702601245264333E-003
  2.882397706358646E-003
  5.426921156656706E-004
  1.108456763119531E-004
  2.026441444971737E-005
  4.164216507718779E-006
  1.878036416924095E-006
 -5.338634070722932E-007
  9.155718846338749E-007
 -7.340194322062765E-007
  7.093742741662028E-007
 -6.294486686820951E-007
  5.771382175327132E-007
 -5.194646689337069E-007
  4.933626889864589E-007
 -5.066718555452681E-007
 -2.547311466960541E-006
  2.022063835176644E-006
 -2.345967335971927E-006
  2.644052622880454E-006
 -2.892008236659217E-006
  3.570985951308684E-006
 -3.384146457732471E-006
  5.862363636651674E-006
 -1.368477964582857E-006
  1.592830964999183E-005
  1.893021418151145E-005
  5.595258350963740E-005
  8.431028233347338E-005
  7.562227284728374E-004
  6.170239690466880E-003
  2.518923716529445E-002
  3.324196979592613E-002
  1.147116692109119E-002
  2.317410506708354E-003
  7.043315822339704E-004
  1.108456763119533E-004
  7.871977057861023E-005
 -6.738115870172756E-006
  2.006521485335420E-005
 -9.875242823662632E-006
  9.462594722498797E-006
 -6.906471898858633E-006
  5.884988946802338E-006
 -4.803387366885507E-006
  4.157550661479955E-006
 -3.422015748314859E-006
  4.107076866082138E-006
 -1.794807185326769E-006
  9.032829955032694E-008
 -3.274818633042568E-007
  2.197712539909960E-007
  6.022199479572941E-007
  6.288186074037962E-008
  4.180464480535952E-006
  3.297772248751814E-006
  2.498304669014748E-005
  4.019850118447029E-005
  1.596686005076226E-004
  2.849209607256718E-004
  7.562227284728374E-004
  8.995721396654281E-004
  1.291281051402564E-002
  6.906625071566122E-002
  8.521016933427349E-002
  3.123500351494438E-002
  7.473986129126716E-003
  2.317410506708353E-003
  5.426921156656705E-004
  2.506328996149957E-004
  2.972292967134549E-005
  4.533412637141699E-005
 -1.009858307869405E-005
  1.571221234432102E-005
 -9.315593500625122E-006
  8.554942418173036E-006
 -6.536352190382492E-006
  5.759561234340575E-006
 -4.247660154696495E-006
  6.395853594452750E-006
 -4.573867194094086E-005
  3.539727179932290E-005
 -4.121354634080716E-005
  4.801610993758049E-005
 -5.237581715122283E-005
  6.977382214814687E-005
 -6.078079585864852E-005
  1.358554906845772E-004
  1.001440843435257E-005
  4.953288852244408E-004
  8.016172129427428E-004
  2.869140172472204E-003
  6.170239690466876E-003
  1.291281051402564E-002
  2.055485084635587E-002
  0.127879885638336     
  0.254933736360428     
  0.112610955664553     
  3.123500351494438E-002
  1.147116692109119E-002
  2.882397706358646E-003
  1.499844026174919E-003
  1.379873802533226E-004
  3.128069485966681E-004
 -9.374739451389156E-005
  1.255925068441539E-004
 -8.292349782160438E-005
  7.564344824470568E-005
 -6.086753810349131E-005
  5.382298521321784E-005
 -4.429158141303322E-005
  5.598618870434228E-005
 -1.143710813555183E-004
  1.017080406893491E-004
 -1.155511074121104E-004
  1.377050838086916E-004
 -1.503101287450168E-004
  2.080445146456867E-004
 -1.750710840463619E-004
  4.352745683534116E-004
  7.084494226289461E-005
  1.726984759886175E-003
  2.906057639851109E-003
  1.095671170288439E-002
  2.518923716529444E-002
  6.906625071566119E-002
  0.127879885638336     
  0.212407439825785     
  0.498317124052344     
  0.254933736360428     
  8.521016933427353E-002
  3.324196979592613E-002
  9.702601245264338E-003
  4.513244418546745E-003
  7.394936214711896E-004
  8.479777665630931E-004
 -1.616643417974647E-004
  3.050552597571465E-004
 -1.849214907517733E-004
  1.781762471814281E-004
 -1.412942880063241E-004
  1.264490498542712E-004
 -1.060680077896140E-004
  1.233198903901081E-004
  1.233198903901083E-004
 -1.060680077896140E-004
  1.264490498542713E-004
 -1.412942880063244E-004
  1.781762471814283E-004
 -1.849214907517737E-004
  3.050552597571466E-004
 -1.616643417974651E-004
  8.479777665630938E-004
  7.394936214711886E-004
  4.513244418546744E-003
  9.702601245264326E-003
  3.324196979592611E-002
  8.521016933427346E-002
  0.254933736360428     
  0.498317124052344     
  0.212407439825785     
  0.127879885638336     
  6.906625071566123E-002
  2.518923716529447E-002
  1.095671170288441E-002
  2.906057639851113E-003
  1.726984759886175E-003
  7.084494226289419E-005
  4.352745683534119E-004
 -1.750710840463620E-004
  2.080445146456869E-004
 -1.503101287450169E-004
  1.377050838086918E-004
 -1.155511074121105E-004
  1.017080406893492E-004
 -1.143710813555184E-004
  5.598618870434234E-005
 -4.429158141303323E-005
  5.382298521321787E-005
 -6.086753810349137E-005
  7.564344824470579E-005
 -8.292349782160449E-005
  1.255925068441540E-004
 -9.374739451389174E-005
  3.128069485966682E-004
  1.379873802533224E-004
  1.499844026174919E-003
  2.882397706358644E-003
  1.147116692109119E-002
  3.123500351494438E-002
  0.112610955664553     
  0.254933736360428     
  0.127879885638336     
  2.055485084635588E-002
  1.291281051402566E-002
  6.170239690466891E-003
  2.869140172472209E-003
  8.016172129427442E-004
  4.953288852244411E-004
  1.001440843435254E-005
  1.358554906845774E-004
 -6.078079585864859E-005
  6.977382214814691E-005
 -5.237581715122287E-005
  4.801610993758054E-005
 -4.121354634080720E-005
  3.539727179932293E-005
 -4.573867194094091E-005
  6.395853594452751E-006
 -4.247660154696492E-006
  5.759561234340575E-006
 -6.536352190382494E-006
  8.554942418173029E-006
 -9.315593500625122E-006
  1.571221234432101E-005
 -1.009858307869407E-005
  4.533412637141699E-005
  2.972292967134554E-005
  2.506328996149957E-004
  5.426921156656705E-004
  2.317410506708353E-003
  7.473986129126714E-003
  3.123500351494439E-002
  8.521016933427353E-002
  6.906625071566125E-002
  1.291281051402566E-002
  8.995721396654318E-004
  7.562227284728393E-004
  2.849209607256727E-004
  1.596686005076229E-004
  4.019850118447040E-005
  2.498304669014751E-005
  3.297772248751819E-006
  4.180464480535957E-006
  6.288186074037440E-008
  6.022199479572977E-007
  2.197712539909943E-007
 -3.274818633042523E-007
  9.032829955032387E-008
 -1.794807185326770E-006
  4.107076866082139E-006
 -3.422015748314857E-006
  4.157550661479956E-006
 -4.803387366885507E-006
  5.884988946802337E-006
 -6.906471898858632E-006
  9.462594722498797E-006
 -9.875242823662634E-006
  2.006521485335421E-005
 -6.738115870172766E-006
  7.871977057861020E-005
  1.108456763119531E-004
  7.043315822339696E-004
  2.317410506708352E-003
  1.147116692109119E-002
  3.324196979592613E-002
  2.518923716529447E-002
  6.170239690466892E-003
  7.562227284728392E-004
  8.431028233347345E-005
  5.595258350963745E-005
  1.893021418151152E-005
  1.592830964999184E-005
 -1.368477964582845E-006
  5.862363636651670E-006
 -3.384146457732466E-006
  3.570985951308684E-006
 -2.892008236659215E-006
  2.644052622880452E-006
 -2.345967335971926E-006
  2.022063835176641E-006
 -2.547311466960537E-006
 -5.066718555452662E-007
  4.933626889864569E-007
 -5.194646689337034E-007
  5.771382175327108E-007
 -6.294486686820910E-007
  7.093742741661982E-007
 -7.340194322062698E-007
  9.155718846338679E-007
 -5.338634070722865E-007
  1.878036416924087E-006
  4.164216507718805E-006
  2.026441444971737E-005
  1.108456763119533E-004
  5.426921156656704E-004
  2.882397706358646E-003
  9.702601245264340E-003
  1.095671170288441E-002
  2.869140172472209E-003
  2.849209607256727E-004
  5.595258350963747E-005
 -1.044568347995718E-005
  1.090024364623432E-005
 -6.685061792995356E-006
  4.934955787015402E-006
 -3.514221592426740E-006
  2.752998523886574E-006
 -2.150651160614216E-006
  1.751043935404580E-006
 -1.444742833179251E-006
  1.219430001956707E-006
 -1.049789138932198E-006
  1.104780554327738E-006
  8.689846241293386E-007
 -7.696649329153021E-007
  9.028242799788214E-007
 -1.047961049586886E-006
  1.255225735225029E-006
 -1.503308866573354E-006
  1.916511287754854E-006
 -2.286881099139909E-006
  3.471298215481390E-006
 -3.277001860342339E-006
  9.909801252609064E-006
  4.164216507718763E-006
  7.871977057861012E-005
  2.506328996149952E-004
  1.499844026174918E-003
  4.513244418546745E-003
  2.906057639851113E-003
  8.016172129427440E-004
  1.596686005076227E-004
  1.893021418151148E-005
  1.090024364623431E-005
 -7.391482966633168E-007
  3.165880528725582E-006
 -1.647865668290199E-006
  1.633433155131057E-006
 -1.239738548329733E-006
  1.077538381141286E-006
 -9.018955271512786E-007
  7.835830107511666E-007
 -6.856319059689828E-007
  5.998898906418903E-007
 -6.812055287380252E-007
 -4.645863268146977E-007
  4.141574057630091E-007
 -4.748621892706779E-007
  5.433059465481122E-007
 -6.369593960968531E-007
  7.480333666786733E-007
 -9.214118554368526E-007
  1.080781619844783E-006
 -1.517166552938289E-006
  1.539612653084962E-006
 -3.277001860342334E-006
  1.878036416924098E-006
 -6.738115870172730E-006
  2.972292967134550E-005
  1.379873802533226E-004
  7.394936214711893E-004
  1.726984759886175E-003
  4.953288852244413E-004
  4.019850118447042E-005
  1.592830964999184E-005
 -6.685061792995358E-006
  3.165880528725581E-006
 -1.649811503673780E-006
  1.942700560093635E-006
 -1.476988379255204E-006
  1.144843513517303E-006
 -9.408949746347605E-007
  7.740476894153118E-007
 -6.550036677609675E-007
  5.626894510437518E-007
 -4.855866446037633E-007
  5.391399446523993E-007
  3.960075719379345E-007
 -3.527938187183926E-007
  4.090249403688253E-007
 -4.723448472668351E-007
  5.597332783582777E-007
 -6.669924758813086E-007
  8.323788262307931E-007
 -1.002652847299557E-006
  1.424731968682842E-006
 -1.517166552938290E-006
  3.471298215481385E-006
 -5.338634070722952E-007
  2.006521485335418E-005
  4.533412637141696E-005
  3.128069485966680E-004
  8.479777665630931E-004
  7.084494226289445E-005
  1.001440843435260E-005
  2.498304669014747E-005
 -1.368477964582858E-006
  4.934955787015402E-006
 -1.647865668290198E-006
  1.942700560093634E-006
 -6.347953676463416E-007
  1.025382503323599E-006
 -7.350402440591332E-007
  6.269088803825925E-007
 -5.201375064943060E-007
  4.452683072548134E-007
 -3.859890420004153E-007
  3.355031691982110E-007
 -3.758541137815710E-007
 -2.923367297885727E-007
  2.601206809468093E-007
 -3.003172932646987E-007
  3.455649904308809E-007
 -4.075224714471514E-007
  4.833497909937928E-007
 -5.985794427718361E-007
  7.176990215043624E-007
 -1.002652847299558E-006
  1.080781619844785E-006
 -2.286881099139906E-006
  9.155718846338770E-007
 -9.875242823662613E-006
 -1.009858307869403E-005
 -9.374739451389143E-005
 -1.616643417974646E-004
  4.352745683534120E-004
  1.358554906845774E-004
  3.297772248751852E-006
  5.862363636651677E-006
 -3.514221592426740E-006
  1.633433155131057E-006
 -1.476988379255204E-006
  1.025382503323599E-006
 -4.564497407706607E-007
  6.579119094878372E-007
 -5.049683624325239E-007
  4.253587553454082E-007
 -3.611901041580440E-007
  3.122844111756927E-007
 -2.704406237576854E-007
  3.023294478931967E-007
  2.391775454469194E-007
 -2.129166987805869E-007
  2.462826237657799E-007
 -2.839697626447364E-007
  3.354887005443296E-007
 -3.993067511625686E-007
  4.950731023042307E-007
 -5.985794427718358E-007
  8.323788262307933E-007
 -9.214118554368539E-007
  1.916511287754852E-006
 -7.340194322062765E-007
  9.462594722498780E-006
  1.571221234432099E-005
  1.255925068441538E-004
  3.050552597571465E-004
 -1.750710840463619E-004
 -6.078079585864858E-005
  4.180464480535934E-006
 -3.384146457732472E-006
  2.752998523886574E-006
 -1.239738548329733E-006
  1.144843513517302E-006
 -7.350402440591331E-007
  6.579119094878370E-007
 -2.733031188997777E-007
  4.221604610704974E-007
 -3.255108349948812E-007
  2.823346867636328E-007
 -2.439489959672756E-007
  2.118155846548829E-007
 -2.372082461224323E-007
 -1.940414320866835E-007
  1.726524222354532E-007
 -1.995534201003317E-007
  2.299498332304429E-007
 -2.713663543748910E-007
  3.228284657698277E-007
 -3.993067511625688E-007
  4.833497909937926E-007
 -6.669924758813090E-007
  7.480333666786740E-007
 -1.503308866573352E-006
  7.093742741662034E-007
 -6.906471898858622E-006
 -9.315593500625095E-006
 -8.292349782160428E-005
 -1.849214907517734E-004
  2.080445146456868E-004
  6.977382214814690E-005
  6.288186074039560E-008
  3.570985951308686E-006
 -2.150651160614216E-006
  1.077538381141286E-006
 -9.408949746347605E-007
  6.269088803825921E-007
 -5.049683624325237E-007
  4.221604610704974E-007
 -1.883706946119112E-007
  2.894553209220937E-007
 -2.289737581483757E-007
  2.014564614548625E-007
 -1.743256868727545E-007
  1.953805019475142E-007
  1.627454585023795E-007
 -1.448084258293201E-007
  1.674331938324994E-007
 -1.930375497260952E-007
  2.278586478660001E-007
 -2.713663543748910E-007
  3.354887005443297E-007
 -4.075224714471516E-007
  5.597332783582781E-007
 -6.369593960968534E-007
  1.255225735225028E-006
 -6.294486686820960E-007
  5.884988946802325E-006
  8.554942418173015E-006
  7.564344824470567E-005
  1.781762471814282E-004
 -1.503101287450168E-004
 -5.237581715122286E-005
  6.022199479572826E-007
 -2.892008236659218E-006
  1.751043935404581E-006
 -9.018955271512784E-007
  7.740476894153115E-007
 -5.201375064943061E-007
  4.253587553454082E-007
 -3.255108349948813E-007
  2.894553209220937E-007
 -1.299104314421180E-007
  2.041571980122951E-007
 -1.643476184399755E-007
  1.449009352892001E-007
 -1.620794926002838E-007
 -1.379754517354991E-007
  1.227486018347976E-007
 -1.418991117704810E-007
  1.635941331527358E-007
 -1.930375497260951E-007
  2.299498332304429E-007
 -2.839697626447363E-007
  3.455649904308808E-007
 -4.723448472668350E-007
  5.433059465481125E-007
 -1.047961049586885E-006
  5.771382175327132E-007
 -4.803387366885496E-006
 -6.536352190382484E-006
 -6.086753810349128E-005
 -1.412942880063241E-004
  1.377050838086917E-004
  4.801610993758053E-005
  2.197712539910087E-007
  2.644052622880457E-006
 -1.444742833179251E-006
  7.835830107511664E-007
 -6.550036677609671E-007
  4.452683072548132E-007
 -3.611901041580438E-007
  2.823346867636328E-007
 -2.289737581483756E-007
  2.041571980122950E-007
 -9.417699640194696E-008
  1.499861821942424E-007
 -1.209861436113929E-007
  1.377521974081387E-007
  1.197366714514224E-007
 -1.064146949240631E-007
  1.230648206597646E-007
 -1.418991117704811E-007
  1.674331938324994E-007
 -1.995534201003317E-007
  2.462826237657799E-007
 -3.003172932646987E-007
  4.090249403688256E-007
 -4.748621892706785E-007
  9.028242799788209E-007
 -5.194646689337070E-007
  4.157550661479947E-006
  5.759561234340559E-006
  5.382298521321777E-005
  1.264490498542713E-004
 -1.155511074121104E-004
 -4.121354634080720E-005
 -3.274818633042673E-007
 -2.345967335971928E-006
  1.219430001956707E-006
 -6.856319059689828E-007
  5.626894510437517E-007
 -3.859890420004151E-007
  3.122844111756925E-007
 -2.439489959672756E-007
  2.014564614548625E-007
 -1.643476184399755E-007
  1.499861821942423E-007
 -7.054160581708978E-008
  1.122431926384436E-007
 -1.174799724704187E-007
 -1.031258496431595E-007
  9.219662265888327E-008
 -1.064146949240630E-007
  1.227486018347977E-007
 -1.448084258293202E-007
  1.726524222354532E-007
 -2.129166987805869E-007
  2.601206809468092E-007
 -3.527938187183927E-007
  4.141574057630097E-007
 -7.696649329153017E-007
  4.933626889864595E-007
 -3.422015748314851E-006
 -4.247660154696479E-006
 -4.429158141303315E-005
 -1.060680077896139E-004
  1.017080406893491E-004
  3.539727179932294E-005
  9.032829955033331E-008
  2.022063835176645E-006
 -1.049789138932198E-006
  5.998898906418903E-007
 -4.855866446037633E-007
  3.355031691982111E-007
 -2.704406237576853E-007
  2.118155846548830E-007
 -1.743256868727545E-007
  1.449009352892001E-007
 -1.209861436113930E-007
  1.122431926384436E-007
 -5.270388924030702E-008
  1.083398097493311E-007
  1.186649905068268E-007
 -1.031258496431595E-007
  1.197366714514224E-007
 -1.379754517354991E-007
  1.627454585023795E-007
 -1.940414320866835E-007
  2.391775454469193E-007
 -2.923367297885726E-007
  3.960075719379346E-007
 -4.645863268146977E-007
  8.689846241293381E-007
 -5.066718555452684E-007
  4.107076866082134E-006
  6.395853594452741E-006
  5.598618870434223E-005
  1.233198903901081E-004
 -1.143710813555184E-004
 -4.573867194094091E-005
 -1.794807185326782E-006
 -2.547311466960542E-006
  1.104780554327738E-006
 -6.812055287380250E-007
  5.391399446523992E-007
 -3.758541137815709E-007
  3.023294478931967E-007
 -2.372082461224322E-007
  1.953805019475142E-007
 -1.620794926002837E-007
  1.377521974081387E-007
 -1.174799724704187E-007
  1.083398097493311E-007
 -6.910396232157277E-008
