 
     Two-Electron DVR    
 ------------------------
 x0     =      15.00000000
 m      =       1.00000000
 Z      =       4.00000000
 n      =              256
 dx     =       0.11764706
 
Soft-Coulomb Parameters:
 alpha  =       0.10000000
 beta   =       0.01000000
 
 
                       Hartree-Fock                      
 --------------------------------------------------------
 no. of orbitals        =              256
 no. of electrons       =                2
 scf_damping_switch     =        F
 scf_diis_switch        =        F
 damping_factor         =   0.00000000
 e_tolerance            = 0.0000000000100000
 maximum scf-iterations =              200
 
 
                       SCF iterations                      
 ----------------------------------------------------------
    S.No    Energy (hartree)        dE (hartree)
 ----------------------------------------------------------
       0    -17.591773274528
       1    -13.406368853793      4.185404420735
       2    -13.632652646485      0.226283792692
       3    -13.632966110529      0.000313464044
       4    -13.632968843363      0.000002732834
       5    -13.632968875344      0.000000031981
       6    -13.632968875754      0.000000000410
       7    -13.632968875759      0.000000000005
 ----------------------------------------------------------
  
 
 
 ---------------------------------------
     Molecular Orbital Energies (Eh)    
 ---------------------------------------
       1     -4.95732695
       2     -0.94323908
       3     -0.60361249
       4     -0.34563494
       5     -0.25365570
       6     -0.17023856
       7     -0.12333811
       8     -0.04925813
       9      0.01456105
      10      0.11889629
      11      0.20596724
      12      0.33836705
      13      0.44785569
      14      0.60598075
      15      0.73775400
      16      0.92009340
      17      1.07429127
      18      1.27977487
      19      1.45660610
      20      1.68444817
      21      1.88410668
      22      2.13372849
      23      2.35636196
      24      2.62734345
      25      2.87304609
      26      3.16509073
      27      3.43390702
      28      3.74681437
      29      4.03874706
      30      4.37239073
      31      4.68740986
      32      5.04171989
      33      5.37977127
      34      5.75471992
      35      6.11573245
      36      6.51132298
      37      6.89521475
      38      7.31147256
      39      7.71815557
      40      8.15512129
      41      8.58450520
      42      9.04222938
      43      9.49422424
      44      9.97276330
      45     10.44728157
      46     10.94669475
      47     11.44365266
      48     11.96399983
      49     12.48331831
      50     13.02465833
      51     13.56626355
      52     14.12865314
      53     14.69247679
      54     15.27596983
      55     15.86194915
      56     16.46659618
      57     17.07467386
      58     17.70052188
      59     18.33064590
      60     18.97773827
      61     19.62986158
      62     20.29823802
      63     20.97231828
      64     21.66201503
      65     22.35801423
      66     23.06906415
      67     23.78694831
      68     24.51938116
      69     25.25911992
      70     26.01296250
      71     26.77452889
      72     27.54980529
      73     28.33317533
      74     29.12990715
      75     29.93505960
      76     30.75326620
      77     31.58018226
      78     32.41988089
      79     33.26854400
      80     34.12975008
      81     35.00014559
      82     35.88287284
      83     36.77498790
      84     37.67924856
      85     38.59307185
      86     39.51887674
      87     40.45439839
      88     41.40175720
      89     42.35896849
      90     43.32788973
      91     44.30678313
      92     45.29727444
      93     46.29784329
      94     47.30991135
      95     48.33214997
      96     49.36580079
      97     50.40970413
      98     51.46494292
      99     52.53050675
     100     53.60733824
     101     54.69455877
     102     55.79298698
     103     56.90186115
     104     58.02188980
     105     59.15241481
     106     60.29404697
     107     61.44622066
     108     62.60945924
     109     63.78327959
     110     64.96812690
     111     66.16359250
     112     67.37005079
     113     68.58716024
     114     69.81523116
     115     71.05398368
     116     72.30366896
     117     73.56406364
     118     74.83536438
     119     76.11740099
     120     77.41031845
     121     78.71399651
     122     80.02853128
     123     81.35385104
     124     82.69000400
     125     84.03696536
     126     85.39473660
     127     86.76334029
     128     88.14273031
     129     89.53297661
     130     90.93398497
     131     92.34587512
     132     93.76850197
     133     95.20203658
     134     96.64628092
     135     98.10146182
     136     99.56732337
     137    101.04415158
     138    102.53162871
     139    104.03010672
     140    105.53919866
     141    107.05932798
     142    108.59003230
     143    110.13181624
     144    111.68413160
     145    113.24757226
     146    114.82149525
     147    116.40659696
     148    118.00212552
     149    119.60889113
     150    121.22602061
     151    122.85445577
     152    124.49318313
     153    126.14329169
     154    127.80361070
     155    129.47539998
     156    131.15730638
     157    132.85078152
     158    134.55426702
     159    136.26943752
     160    137.99449623
     161    139.73136896
     162    141.47798990
     163    143.23657721
     164    145.00475232
     165    146.78506336
     166    148.57477821
     167    150.37682901
     168    152.18807267
     169    154.01187540
     170    155.84462891
     171    157.69020444
     172    159.54445307
     173    161.41181759
     174    163.28753650
     175    165.17671711
     176    167.07388657
     177    168.98490478
     178    170.90349227
     179    172.83638334
     180    174.77636255
     181    176.73115495
     182    178.69248342
     183    180.66922297
     184    182.65186578
     185    184.65059007
     186    186.65449190
     187    188.67526035
     188    190.70037513
     189    192.74323714
     190    194.78949307
     191    196.85452546
     192    198.92186216
     193    201.00912944
     194    203.09745418
     195    205.20705518
     196    207.31628950
     197    209.44830772
     198    211.57833278
     199    213.73289434
     200    215.88360946
     201    218.06082107
     202    220.23207560
     203    222.43209631
     204    224.62376329
     205    226.84672689
     206    229.05861853
     207    231.30472192
     208    233.53668241
     209    235.80608843
     210    238.05788965
     211    240.35083504
     212    242.62229393
     213    244.93896741
     214    247.22981831
     215    249.57049104
     216    251.88053469
     217    254.24540683
     218    256.57435591
     219    258.96371201
     220    261.31138104
     221    263.72539619
     222    266.09151693
     223    268.53043916
     224    270.91490362
     225    273.37880818
     226    275.78144916
     227    278.27045185
     228    280.69135333
     229    283.20530013
     230    285.64453026
     231    288.18325675
     232    290.64125777
     233    293.20420527
     234    295.68143618
     235    298.26801353
     236    300.76541869
     237    303.37455113
     238    305.89298120
     239    308.52374876
     240    311.06448576
     241    313.71562321
     242    316.27921708
     243    318.95050520
     244    321.53738462
     245    324.22899135
     246    326.83671876
     247    329.55267783
     248    332.17725465
     249    334.92362515
     250    337.55158765
     251    340.34730502
     252    342.96235777
     253    345.82979374
     254    348.37467192
     255    351.40605366
     256    353.89846807
 ---------------------------------------
 
SCF converged! Final Ground-State Energy (Eh):             -13.6329688757592820
