 
     Two-Electron DVR    
 ------------------------
 x0     =      15.00000000
 m      =       1.00000000
 Z      =       6.00000000
 n      =             1024
 dx     =       0.02932551
 
Soft-Coulomb Parameters:
 alpha  =       0.10000000
 beta   =       0.01000000
 
 
                       Hartree-Fock                      
 --------------------------------------------------------
 no. of orbitals        =             1024
 no. of electrons       =                2
 scf_damping_switch     =        F
 scf_diis_switch        =        F
 damping_factor         =   0.00000000
 e_tolerance            = 0.0000000000100000
 maximum scf-iterations =              200
 
 
                       SCF iterations                      
 ----------------------------------------------------------
    S.No    Energy (hartree)        dE (hartree)
 ----------------------------------------------------------
       0    -27.953493991553
       1    -23.394482699427      4.559011292126
       2    -23.561186756397      0.166704056969
       3    -23.561435316887      0.000248560490
       4    -23.561436812431      0.000001495545
       5    -23.561436823611      0.000000011179
       6    -23.561436823699      0.000000000088
       7    -23.561436823700      0.000000000001
 ----------------------------------------------------------
  
 
 
 ---------------------------------------
     Molecular Orbital Energies (Eh)    
 ---------------------------------------
       1     -9.67175394
       2     -3.23543128
       3     -1.97590329
       4     -1.25732533
       5     -0.89493522
       6     -0.65063978
       7     -0.50473428
       8     -0.39441942
       9     -0.31719936
      10     -0.23869203
      11     -0.15754308
      12     -0.05452818
      13      0.05471116
      14      0.18720867
      15      0.32290542
      16      0.48238026
      17      0.64296558
      18      0.82791231
      19      1.01253845
      20      1.22200337
      21      1.43017651
      22      1.66349625
      23      1.89491103
      24      2.15159503
      25      2.40605392
      26      2.68572540
      27      2.96309494
      28      3.26545805
      29      3.56564347
      30      3.89046328
      31      4.21339302
      32      4.56048242
      33      4.90609865
      34      5.27530893
      35      5.64356172
      36      6.03477551
      37      6.42561930
      38      6.83874502
      39      7.25213662
      40      7.68710387
      41      8.12300139
      42      8.57975715
      43      9.03811955
      44      9.51662501
      45      9.99741195
      46     10.49763980
      47     11.00081177
      48     11.52274391
      49     12.04826239
      50     12.59188808
      51     13.13971575
      52     13.70502995
      53     14.27513092
      54     14.86213303
      55     15.45447299
      56     16.06316575
      57     16.67771214
      58     17.30810073
      59     17.94482283
      60     18.59691418
      61     19.25578317
      62     19.92958536
      63     20.61057434
      64     21.30609617
      65     22.00918017
      66     22.72643080
      67     23.45158671
      68     24.19057539
      69     24.93778195
      70     25.69851781
      71     26.46775548
      72     27.25024739
      73     28.04149833
      74     28.84575477
      75     29.65900268
      76     30.48503171
      77     31.32026180
      78     32.16807096
      79     33.02526979
      80     33.89486615
      81     34.77402157
      82     35.66541164
      83     36.56651267
      84     37.47970248
      85     38.40273924
      86     39.33773429
      87     40.28269788
      88     41.23950321
      89     42.20638564
      90     43.18500585
      91     44.17379995
      92     45.17423920
      93     46.18493856
      94     47.20720060
      95     48.23979948
      96     49.28388772
      97     50.33838101
      98     51.40429851
      99     52.48068163
     100     53.56843113
     101     54.66670003
     102     55.77628400
     103     56.89643504
     104     58.02785570
     105     59.16988567
     106     60.32314499
     107     61.48705103
     108     62.66215078
     109     63.84793037
     110     65.04487213
     111     66.25252300
     112     67.47130818
     113     68.70082836
     114     69.94145822
     115     71.19284594
     116     72.45532160
     117     73.72857532
     118     75.01289776
     119     76.30801610
     120     77.61418623
     121     78.93116799
     122     80.25918659
     123     81.59803070
     124     82.94789849
     125     84.30860401
     126     85.68032161
     127     87.06288772
     128     88.45645570
     129     89.86088169
     130     91.27630053
     131     92.70258577
     132     94.13985593
     133     95.58799986
     134     97.04712175
     135     98.51712389
     136     99.99809786
     137    101.48995779
     138    102.99278416
     139    104.50650153
     140    106.03118059
     141    107.56675507
     142    109.11328709
     143    110.67071842
     144    112.23910362
     145    113.81839156
     146    115.40863017
     147    117.00977451
     148    118.62186671
     149    120.24486730
     150    121.87881327
     151    123.52366996
     152    125.17946985
     153    126.84618252
     154    128.52383649
     155    130.21240503
     156    131.91191321
     157    133.62233754
     158    135.34370005
     159    137.07598011
     160    138.81919707
     161    140.57333280
     162    142.33840431
     163    144.11439567
     164    145.90132183
     165    147.69916879
     166    149.50794970
     167    151.32765224
     168    153.15828797
     169    154.99984607
     170    156.85233671
     171    158.71575037
     172    160.59009600
     173    162.47536522
     174    164.37156591
     175    166.27869068
     176    168.19674650
     177    170.12572685
     178    172.06563785
     179    174.01647378
     180    175.97824005
     181    177.95093158
     182    179.93455316
     183    181.92910031
     184    183.93457726
     185    185.95098005
     186    187.97831244
     187    190.01657089
     188    192.06575876
     189    194.12587290
     190    196.19691630
     191    198.27888617
     192    200.37178515
     193    202.47561076
     194    204.59036537
     195    206.71604676
     196    208.85265705
     197    211.00019424
     198    213.15866025
     199    215.32805329
     200    217.50837507
     201    219.69962397
     202    221.90180156
     203    224.11490636
     204    226.33893980
     205    228.57390054
     206    230.81978987
     207    233.07660658
     208    235.34435184
     209    237.62302455
     210    239.91262578
     211    242.21315452
     212    244.52461176
     213    246.84699656
     214    249.18030985
     215    251.52455074
     216    253.87972011
     217    256.24581713
     218    258.62284262
     219    261.01079579
     220    263.40967744
     221    265.81948680
     222    268.24022463
     223    270.67189021
     224    273.11448427
     225    275.56800610
     226    278.03245641
     227    280.50783452
     228    282.99414111
     229    285.49137553
     230    287.99953844
     231    290.51862920
     232    293.04864846
     233    295.58959559
     234    298.14147122
     235    300.70427475
     236    303.27800679
     237    305.86266674
     238    308.45825522
     239    311.06477162
     240    313.68221656
     241    316.31058945
     242    318.94989088
     243    321.60012027
     244    324.26127823
     245    326.93336416
     246    329.61637866
     247    332.31032114
     248    335.01519222
     249    337.73099129
     250    340.45771897
     251    343.19537464
     252    345.94395895
     253    348.70347126
     254    351.47391221
     255    354.25528119
     256    357.04757881
     257    359.85080447
     258    362.66495879
     259    365.49004116
     260    368.32605221
     261    371.17299130
     262    374.03085909
     263    376.89965494
     264    379.77937950
     265    382.67003212
     266    385.57161348
     267    388.48412290
     268    391.40756106
     269    394.34192730
     270    397.28722230
     271    400.24344538
     272    403.21059724
     273    406.18867718
     274    409.17768591
     275    412.17762273
     276    415.18848836
     277    418.21028209
     278    421.24300463
     279    424.28665528
     280    427.34123477
     281    430.40674236
     282    433.48317880
     283    436.57054335
     284    439.66883677
     285    442.77805830
     286    445.89820871
     287    449.02928724
     288    452.17129467
     289    455.32423022
     290    458.48809468
     291    461.66288726
     292    464.84860878
     293    468.04525841
     294    471.25283699
     295    474.47134370
     296    477.70077937
     297    480.94114316
     298    484.19243593
     299    487.45465684
     300    490.72780673
     301    494.01188475
     302    497.30689178
     303    500.61282694
     304    503.92969112
     305    507.25748344
     306    510.59620479
     307    513.94585428
     308    517.30643282
     309    520.67793950
     310    524.06037524
     311    527.45373912
     312    530.85803208
     313    534.27325317
     314    537.69940336
     315    541.13648170
     316    544.58448914
     317    548.04342472
     318    551.51328942
     319    554.99408226
     320    558.48580425
     321    561.98845437
     322    565.50203365
     323    569.02654106
     324    572.56197764
     325    576.10834237
     326    579.66563627
     327    583.23385832
     328    586.81300956
     329    590.40308894
     330    594.00409753
     331    597.61603426
     332    601.23890021
     333    604.87269430
     334    608.51741764
     335    612.17306911
     336    615.83964983
     337    619.51715869
     338    623.20559682
     339    626.90496308
     340    630.61525863
     341    634.33648230
     342    638.06863528
     343    641.81171639
     344    645.56572681
     345    649.33066536
     346    653.10653324
     347    656.89332924
     348    660.69105459
     349    664.49970806
     350    668.31929089
     351    672.14980184
     352    675.99124217
     353    679.84361061
     354    683.70690844
     355    687.58113439
     356    691.46628974
     357    695.36237320
     358    699.26938609
     359    703.18732708
     360    707.11619751
     361    711.05599604
     362    715.00672403
     363    718.96838011
     364    722.94096566
     365    726.92447931
     366    730.91892244
     367    734.92429366
     368    738.94059439
     369    742.96782320
     370    747.00598152
     371    751.05506793
     372    755.11508387
     373    759.18602789
     374    763.26790146
     375    767.36070310
     376    771.46443430
     377    775.57909357
     378    779.70468243
     379    783.84119934
     380    787.98864585
     381    792.14702043
     382    796.31632461
     383    800.49655685
     384    804.68771871
     385    808.88980863
     386    813.10282819
     387    817.32677579
     388    821.56165305
     389    825.80745836
     390    830.06419333
     391    834.33185635
     392    838.61044905
     393    842.89996978
     394    847.20042022
     395    851.51179869
     396    855.83410688
     397    860.16734308
     398    864.51150903
     399    868.86660299
     400    873.23262671
     401    877.60957843
     402    881.99745992
     403    886.39626942
     404    890.80600871
     405    895.22667598
     406    899.65827308
     407    904.10079815
     408    908.55425305
     409    913.01863593
     410    917.49394865
     411    921.98018934
     412    926.47735990
     413    930.98545842
     414    935.50448682
     415    940.03444317
     416    944.57532943
     417    949.12714362
     418    953.68988774
     419    958.26355980
     420    962.84816179
     421    967.44369171
     422    972.05015159
     423    976.66753939
     424    981.29585717
     425    985.93510285
     426    990.58527853
     427    995.24638211
     428    999.91841571
     429   1004.60137720
     430   1009.29526872
     431   1014.00008813
     432   1018.71583758
     433   1023.44251492
     434   1028.18012232
     435   1032.92865760
     436   1037.68812296
     437   1042.45851618
     438   1047.23983950
     439   1052.03209068
     440   1056.83527199
     441   1061.64938113
     442   1066.47442042
     443   1071.31038755
     444   1076.15728484
     445   1081.01510995
     446   1085.88386524
     447   1090.76354835
     448   1095.65416167
     449   1100.55570278
     450   1105.46817413
     451   1110.39157326
     452   1115.32590264
     453   1120.27115980
     454   1125.22734723
     455   1130.19446243
     456   1135.17250792
     457   1140.16148116
     458   1145.16138472
     459   1150.17221602
     460   1155.19397766
     461   1160.22666703
     462   1165.27028675
     463   1170.32483420
     464   1175.39031202
     465   1180.46671756
     466   1185.55405349
     467   1190.65231712
     468   1195.76151117
     469   1200.88163291
     470   1206.01268509
     471   1211.15466495
     472   1216.30757527
     473   1221.47141325
     474   1226.64618172
     475   1231.83187784
     476   1237.02850447
     477   1242.23605874
     478   1247.45454354
     479   1252.68395596
     480   1257.92429894
     481   1263.17556953
     482   1268.43777070
     483   1273.71089947
     484   1278.99495884
     485   1284.28994579
     486   1289.59586337
     487   1294.91270852
     488   1300.24048433
     489   1305.57918768
     490   1310.92882172
     491   1316.28938329
     492   1321.66087556
     493   1327.04329536
     494   1332.43664589
     495   1337.84092392
     496   1343.25613271
     497   1348.68226899
     498   1354.11933605
     499   1359.56733059
     500   1365.02625593
     501   1370.49610873
     502   1375.97689237
     503   1381.46860345
     504   1386.97124539
     505   1392.48481475
     506   1398.00931501
     507   1403.54474267
     508   1409.09110124
     509   1414.64838721
     510   1420.21660412
     511   1425.79574840
     512   1431.38582366
     513   1436.98682627
     514   1442.59875987
     515   1448.22162082
     516   1453.85541279
     517   1459.50013208
     518   1465.15578243
     519   1470.82236008
     520   1476.49986882
     521   1482.18830483
     522   1487.88767196
     523   1493.59796635
     524   1499.31919189
     525   1505.05134467
     526   1510.79442862
     527   1516.54843979
     528   1522.31338217
     529   1528.08925175
     530   1533.87605257
     531   1539.67378057
     532   1545.48243984
     533   1551.30202626
     534   1557.13254399
     535   1562.97398885
     536   1568.82636504
     537   1574.68966835
     538   1580.56390302
     539   1586.44906479
     540   1592.34515795
     541   1598.25217819
     542   1604.17012985
     543   1610.09900857
     544   1616.03881874
     545   1621.98955594
     546   1627.95122464
     547   1633.92382034
     548   1639.90734756
     549   1645.90180177
     550   1651.90718754
     551   1657.92350027
     552   1663.95074459
     553   1669.98891585
     554   1676.03801873
     555   1682.09804853
     556   1688.16900999
     557   1694.25089833
     558   1700.34371838
     559   1706.44746528
     560   1712.56214392
     561   1718.68774940
     562   1724.82428664
     563   1730.97175070
     564   1737.13014656
     565   1743.29946920
     566   1749.47972369
     567   1755.67090494
     568   1761.87301807
     569   1768.08605792
     570   1774.31002970
     571   1780.54492818
     572   1786.79075862
     573   1793.04751572
     574   1799.31520483
     575   1805.59382058
     576   1811.88336837
     577   1818.18384276
     578   1824.49524925
     579   1830.81758231
     580   1837.15084749
     581   1843.49503922
     582   1849.85016312
     583   1856.21621353
     584   1862.59319616
     585   1868.98110526
     586   1875.37994662
     587   1881.78971443
     588   1888.21041453
     589   1894.64204105
     590   1901.08459991
     591   1907.53808515
     592   1914.00250278
     593   1920.47784675
     594   1926.96412316
     595   1933.46132588
     596   1939.96946107
     597   1946.48852254
     598   1953.01851653
     599   1959.55943677
     600   1966.11128957
     601   1972.67406858
     602   1979.24778020
     603   1985.83241800
     604   1992.42798845
     605   1999.03448504
     606   2005.65191433
     607   2012.28026973
     608   2018.91955788
     609   2025.56977208
     610   2032.23091909
     611   2038.90299213
     612   2045.58599801
     613   2052.27992988
     614   2058.98479465
     615   2065.70058536
     616   2072.42730903
     617   2079.16495859
     618   2085.91354117
     619   2092.67304959
     620   2099.44349109
     621   2106.22485839
     622   2113.01715881
     623   2119.82038500
     624   2126.63454436
     625   2133.45962944
     626   2140.29564775
     627   2147.14259173
     628   2154.00046900
     629   2160.86927190
     630   2167.74900814
     631   2174.63966996
     632   2181.54126518
     633   2188.45378593
     634   2195.37724015
     635   2202.31161985
     636   2209.25693306
     637   2216.21317171
     638   2223.18034394
     639   2230.15844156
     640   2237.14747281
     641   2244.14742939
     642   2251.15831968
     643   2258.18013525
     644   2265.21288458
     645   2272.25655913
     646   2279.31116752
     647   2286.37670108
     648   2293.45316853
     649   2300.54056110
     650   2307.63888763
     651   2314.74813921
     652   2321.86832483
     653   2328.99943544
     654   2336.14148015
     655   2343.29444981
     656   2350.45835362
     657   2357.63318232
     658   2364.81894526
     659   2372.01563301
     660   2379.22325507
     661   2386.44180189
     662   2393.67128309
     663   2400.91168898
     664   2408.16302933
     665   2415.42529431
     666   2422.69849381
     667   2429.98261788
     668   2437.27767655
     669   2444.58365971
     670   2451.90057756
     671   2459.22841984
     672   2466.56719687
     673   2473.91689827
     674   2481.27753450
     675   2488.64909501
     676   2496.03159045
     677   2503.42501010
     678   2510.82936476
     679   2518.24464355
     680   2525.67085743
     681   2533.10799537
     682   2540.55606849
     683   2548.01506559
     684   2555.48499795
     685   2562.96585422
     686   2570.45764583
     687   2577.96036127
     688   2585.47401215
     689   2592.99858677
     690   2600.53409692
     691   2608.08053073
     692   2615.63790015
     693   2623.20619316
     694   2630.78542188
     695   2638.37557409
     696   2645.97666211
     697   2653.58867353
     698   2661.21162085
     699   2668.84549149
     700   2676.49029813
     701   2684.14602800
     702   2691.81269396
     703   2699.49028305
     704   2707.17880835
     705   2714.87825668
     706   2722.58864132
     707   2730.30994889
     708   2738.04219288
     709   2745.78535971
     710   2753.53946305
     711   2761.30448913
     712   2769.08045184
     713   2776.86733718
     714   2784.66515926
     715   2792.47390387
     716   2800.29358533
     717   2808.12418921
     718   2815.96573006
     719   2823.81819321
     720   2831.68159346
     721   2839.55591589
     722   2847.44117554
     723   2855.33735726
     724   2863.24447632
     725   2871.16251733
     726   2879.09149580
     727   2887.03139610
     728   2894.98223400
     729   2902.94399360
     730   2910.91669093
     731   2918.90030983
     732   2926.89486659
     733   2934.90034479
     734   2942.91676099
     735   2950.94409851
     736   2958.98237415
     737   2967.03157098
     738   2975.09170608
     739   2983.16276222
     740   2991.24475677
     741   2999.33767222
     742   3007.44152624
     743   3015.55630101
     744   3023.68201449
     745   3031.81864858
     746   3039.96622153
     747   3048.12471494
     748   3056.29414736
     749   3064.47450009
     750   3072.66579199
     751   3080.86800404
     752   3089.08115543
     753   3097.30522680
     754   3105.54023767
     755   3113.78616835
     756   3122.04303872
     757   3130.31082872
     758   3138.58955857
     759   3146.87920789
     760   3155.17979724
     761   3163.49130588
     762   3171.81375472
     763   3180.14712267
     764   3188.49143101
     765   3196.84665827
     766   3205.21282610
     767   3213.58991267
     768   3221.97794000
     769   3230.37688587
     770   3238.78677271
     771   3247.20757788
     772   3255.63932421
     773   3264.08198867
     774   3272.53559450
     775   3281.00011826
     776   3289.47558359
     777   3297.96196662
     778   3306.45929145
     779   3314.96753376
     780   3323.48671808
     781   3332.01681966
     782   3340.55786347
     783   3349.10982431
     784   3357.67272761
     785   3366.24654770
     786   3374.83131049
     787   3383.42698983
     788   3392.03361209
     789   3400.65115067
     790   3409.27963240
     791   3417.91903020
     792   3426.56937141
     793   3435.23062843
     794   3443.90282910
     795   3452.58594531
     796   3461.28000544
     797   3469.98498084
     798   3478.70090042
     799   3487.42773500
     800   3496.16551401
     801   3504.91420775
     802   3513.67384620
     803   3522.44439909
     804   3531.22589695
     805   3540.01830897
     806   3548.82166624
     807   3557.63593738
     808   3566.46115405
     809   3575.29728428
     810   3584.14436032
     811   3593.00234965
     812   3601.87128506
     813   3610.75113344
     814   3619.64192819
     815   3628.54363563
     816   3637.45628972
     817   3646.37985617
     818   3655.31436956
     819   3664.25979502
     820   3673.21616771
     821   3682.18345216
     822   3691.16168410
     823   3700.15082752
     824   3709.15091871
     825   3718.16192106
     826   3727.18387146
     827   3736.21673274
     828   3745.26054233
     829   3754.31526249
     830   3763.38093123
     831   3772.45751028
     832   3781.54503814
     833   3790.64347603
     834   3799.75286296
     835   3808.87315970
     836   3818.00440567
     837   3827.14656121
     838   3836.29966615
     839   3845.46368050
     840   3854.63864440
     841   3863.82451750
     842   3873.02134026
     843   3882.22907214
     844   3891.44775374
     845   3900.67734434
     846   3909.91788467
     847   3919.16933402
     848   3928.43173306
     849   3937.70504110
     850   3946.98929871
     851   3956.28446550
     852   3965.59058164
     853   3974.90760711
     854   3984.23558162
     855   3993.57446586
     856   4002.92429869
     857   4012.28504162
     858   4021.65673258
     859   4031.03933432
     860   4040.43288335
     861   4049.83734383
     862   4059.25275069
     863   4068.67907005
     864   4078.11633466
     865   4087.56451285
     866   4097.02363491
     867   4106.49367213
     868   4115.97465153
     869   4125.46654775
     870   4134.96938412
     871   4144.48313960
     872   4154.00783280
     873   4163.54344751
     874   4173.08999707
     875   4182.64747138
     876   4192.21587713
     877   4201.79521103
     878   4211.38547237
     879   4220.98666634
     880   4230.59878304
     881   4240.22183715
     882   4249.85580844
     883   4259.50072330
     884   4269.15654888
     885   4278.82332462
     886   4288.50100353
     887   4298.18964098
     888   4307.88917278
     889   4317.59967216
     890   4327.32105565
     891   4337.05341804
     892   4346.79665263
     893   4356.55087840
     894   4366.31596255
     895   4376.09205311
     896   4385.87898602
     897   4395.67694194
     898   4405.48572165
     899   4415.30554478
     900   4425.13617019
     901   4434.97786139
     902   4444.83032998
     903   4454.69389166
     904   4464.56820196
     905   4474.45363536
     906   4484.34978410
     907   4494.25709240
     908   4504.17507762
     909   4514.10426255
     910   4524.04408002
     911   4533.99514575
     912   4543.95679281
     913   4553.92974180
     914   4563.91321299
     915   4573.90805068
     916   4583.91334241
     917   4593.93007220
     918   4603.95717741
     919   4613.99580644
     920   4624.04472027
     921   4634.10525324
     922   4644.17596653
     923   4654.25841279
     924   4664.35091901
     925   4674.45528499
     926   4684.56957223
     927   4694.69587016
     928   4704.83192967
     929   4714.98016832
     930   4725.13798459
     931   4735.30817998
     932   4745.48774129
     933   4755.67990528
     934   4765.88119146
     935   4776.09534500
     936   4786.31834039
     937   4796.55449949
     938   4806.79917782
     939   4817.05736985
     940   4827.32371027
     941   4837.60395670
     942   4847.89192505
     943   4858.19426159
     944   4868.50383019
     945   4878.82828549
     946   4889.15940997
     947   4899.50603053
     948   4909.85867430
     949   4920.22749814
     950   4930.60160369
     951   4940.99269117
     952   4951.38821041
     953   4961.80161162
     954   4972.21847029
     955   4982.65426321
     956   4993.09239857
     957   5003.55064867
     958   5014.00996527
     959   5024.49077274
     960   5034.97118950
     961   5045.47463895
     962   5055.97603408
     963   5066.50225319
     964   5077.02452322
     965   5087.57361980
     966   5098.11661086
     967   5108.68874583
     968   5119.25232811
     969   5129.84763624
     970   5140.43161804
     971   5151.05029905
     972   5161.65452129
     973   5172.29673935
     974   5182.92096763
     975   5193.58696553
     976   5204.23101127
     977   5214.92098174
     978   5225.58456554
     979   5236.29879572
     980   5246.98170433
     981   5257.72040883
     982   5268.42232004
     983   5279.18582658
     984   5289.90651536
     985   5300.69504511
     986   5311.43415418
     987   5322.24806636
     988   5333.00538114
     989   5343.84487896
     990   5354.62001650
     991   5365.48548260
     992   5376.27826499
     993   5387.16985966
     994   5397.97987004
     995   5408.89801812
     996   5419.72512019
     997   5430.66994667
     998   5441.51360759
     999   5452.48569595
    1000   5463.34573603
    1001   5474.34530102
    1002   5485.22078001
    1003   5496.24894286
    1004   5507.13931213
    1005   5518.19679847
    1006   5529.09991761
    1007   5540.18937696
    1008   5551.10348057
    1009   5562.22719339
    1010   5573.14702916
    1011   5584.31152276
    1012   5595.23226351
    1013   5606.44360683
    1014   5617.35232594
    1015   5628.62661915
    1016   5639.51181174
    1017   5650.86347183
    1018   5661.69159778
    1019   5673.16375393
    1020   5683.91110857
    1021   5695.53579774
    1022   5706.08343734
    1023   5718.03979559
    1024   5728.54607598
 ---------------------------------------
 
SCF converged! Final Ground-State Energy (Eh):             -23.5614368236999425
