 
     Two-Electron DVR    
 ------------------------
 x0     =      15.00000000
 m      =       1.00000000
 Z      =       4.00000000
 n      =              512
 dx     =       0.05870841
 
Soft-Coulomb Parameters:
 alpha  =       1.00000000
 beta   =       1.00000000
 
 
                       Hartree-Fock                      
 --------------------------------------------------------
 no. of orbitals        =              512
 no. of electrons       =                2
 scf_damping_switch     =        F
 scf_diis_switch        =        F
 damping_factor         =   0.00000000
 e_tolerance            = 0.0000000000100000
 maximum scf-iterations =              200
 
 
                       SCF iterations                      
 ----------------------------------------------------------
    S.No    Energy (hartree)        dE (hartree)
 ----------------------------------------------------------
       0     -6.418296506144
       1     -5.602862966565      0.815433539579
       2     -5.609170640080      0.006307673515
       3     -5.609440195144      0.000269555064
       4     -5.609451694708      0.000011499565
       5     -5.609452187094      0.000000492386
       6     -5.609452208236      0.000000021142
       7     -5.609452209145      0.000000000909
       8     -5.609452209184      0.000000000039
       9     -5.609452209186      0.000000000002
 ----------------------------------------------------------
  
 
 
 ---------------------------------------
     Molecular Orbital Energies (Eh)    
 ---------------------------------------
       1     -2.40384233
       2     -0.82800623
       3     -0.46436688
       4     -0.30809429
       5     -0.21482166
       6     -0.15410004
       7     -0.09591357
       8     -0.02917947
       9      0.05261498
      10      0.14618541
      11      0.25371352
      12      0.37236221
      13      0.50386054
      14      0.64638870
      15      0.80098478
      16      0.96668297
      17      1.14391464
      18      1.33232266
      19      1.53192391
      20      1.74273463
      21      1.96454000
      22      2.19754851
      23      2.44144778
      24      2.69651860
      25      2.96243439
      26      3.23947873
      27      3.52735478
      28      3.82631467
      29      4.13610930
      30      4.45694685
      31      4.78862886
      32      5.13131907
      33      5.48486501
      34      5.84939112
      35      6.22478336
      36      6.61113387
      37      7.00835907
      38      7.41652588
      39      7.83557396
      40      8.26555116
      41      8.70641445
      42      9.15819760
      43      9.62087021
      44     10.09445588
      45     10.57893325
      46     11.07431869
      47     11.58059727
      48     12.09778026
      49     12.62585723
      50     13.16483590
      51     13.71470901
      52     14.27548181
      53     14.84714921
      54     15.42971481
      55     16.02317500
      56     16.62753224
      57     17.24278397
      58     17.86893187
      59     18.50597408
      60     19.15391176
      61     19.81274355
      62     20.48247027
      63     21.16309086
      64     21.85460595
      65     22.55701468
      66     23.27031754
      67     23.99451383
      68     24.72960396
      69     25.47558730
      70     26.23246422
      71     27.00023418
      72     27.77889749
      73     28.56845365
      74     29.36890300
      75     30.18024503
      76     31.00248008
      77     31.83560766
      78     32.67962813
      79     33.53454100
      80     34.40034663
      81     35.27704453
      82     36.16463510
      83     37.06311781
      84     37.97249311
      85     38.89276045
      86     39.82392028
      87     40.76597207
      88     41.71891629
      89     42.68275237
      90     43.65748082
      91     44.64310105
      92     45.63961360
      93     46.64701786
      94     47.66531440
      95     48.69450258
      96     49.73458299
      97     50.78555499
      98     51.84741918
      99     52.92017491
     100     54.00382280
     101     55.09836217
     102     56.20379370
     103     57.32011664
     104     58.44733173
     105     59.58543818
     106     60.73443677
     107     61.89432668
     108     63.06510871
     109     64.24678203
     110     65.43934745
     111     66.64280413
     112     67.85715292
     113     69.08239292
     114     70.31852503
     115     71.56554832
     116     72.82346371
     117     74.09227026
     118     75.37196892
     119     76.66255870
     120     77.96404059
     121     79.27641358
     122     80.59967869
     123     81.93383487
     124     83.27888318
     125     84.63482253
     126     86.00165403
     127     87.37937654
     128     88.76799122
     129     90.16749688
     130     91.57789472
     131     92.99918352
     132     94.43136452
     133     95.87443645
     134     97.32840061
     135     98.79325567
     136    100.26900298
     137    101.75564117
     138    103.25317163
     139    104.76159295
     140    106.28090656
     141    107.81111101
     142    109.35220777
     143    110.90419535
     144    112.46707527
     145    114.04084599
     146    115.62550908
     147    117.22106294
     148    118.82750919
     149    120.44484620
     150    122.07307564
     151    123.71219580
     152    125.36220843
     153    127.02311176
     154    128.69490758
     155    130.37759409
     156    132.07117312
     157    133.77564282
     158    135.49100507
     159    137.21725797
     160    138.95440346
     161    140.70243956
     162    142.46136830
     163    144.23118764
     164    146.01189964
     165    147.80350222
     166    149.60599750
     167    151.41938333
     168    153.24366192
     169    155.07883102
     170    156.92489292
     171    158.78184532
     172    160.64969055
     173    162.52842625
     174    164.41805484
     175    166.31857387
     176    168.22998582
     177    170.15228820
     178    172.08548355
     179    174.02956929
     180    175.98454805
     181    177.95041718
     182    179.92717937
     183    181.91483191
     184    183.91337756
     185    185.92281353
     186    187.94314265
     187    189.97436207
     188    192.01647470
     189    194.06947759
     190    196.13337374
     191    198.20816013
     192    200.29383983
     193    202.39040974
     194    204.49787302
     195    206.61622647
     196    208.74547335
     197    210.88561036
     198    213.03664087
     199    215.19856148
     200    217.37137564
     201    219.55507987
     202    221.74967770
     203    223.95516558
     204    226.17154712
     205    228.39881867
     206    230.63698394
     207    232.88603919
     208    235.14598822
     209    237.41682719
     210    239.69856002
     211    241.99118274
     212    244.29469939
     213    246.60910589
     214    248.93440639
     215    251.27059670
     216    253.61768107
     217    255.97565523
     218    258.34452351
     219    260.72428153
     220    263.11493375
     221    265.51647566
     222    267.92891185
     223    270.35223770
     224    272.78645789
     225    275.23156769
     226    277.68757192
     227    280.15446571
     228    282.63225400
     229    285.12093181
     230    287.62050420
     231    290.13096606
     232    292.65232258
     233    295.18456852
     234    297.72770921
     235    300.28173927
     236    302.84666416
     237    305.42247836
     238    308.00918748
     239    310.60678586
     240    313.21527925
     241    315.83466184
     242    318.46493953
     243    321.10610637
     244    323.75816840
     245    326.42111951
     246    329.09496592
     247    331.77970134
     248    334.47533216
     249    337.18185193
     250    339.89926719
     251    342.62757134
     252    345.36677109
     253    348.11685965
     254    350.87784392
     255    353.64971694
     256    356.43248575
     257    359.22614326
     258    362.03069667
     259    364.84613870
     260    367.67247674
     261    370.50970333
     262    373.35782604
     263    376.21683722
     264    379.08674464
     265    381.96754045
     266    384.85923262
     267    387.76181309
     268    390.67529004
     269    393.59965521
     270    396.53491700
     271    399.48106691
     272    402.43811356
     273    405.40604824
     274    408.38487979
     275    411.37459929
     276    414.37521579
     277    417.38672014
     278    420.40912162
     279    423.44241085
     280    426.48659737
     281    429.54167152
     282    432.60764310
     283    435.68450222
     284    438.77225891
     285    441.87090302
     286    444.98044486
     287    448.10087402
     288    451.23220105
     289    454.37441527
     290    457.52752754
     291    460.69152688
     292    463.86642441
     293    467.05220890
     294    470.24889176
     295    473.45646144
     296    476.67492965
     297    479.90428456
     298    483.14453817
     299    486.39567834
     300    489.65771740
     301    492.93064287
     302    496.21446742
     303    499.50917823
     304    502.81478831
     305    506.13128449
     306    509.45868014
     307    512.79696174
     308    516.14614300
     309    519.50621006
     310    522.87717698
     311    526.25902952
     312    529.65178214
     313    533.05542021
     314    536.46995857
     315    539.89538220
     316    543.33170636
     317    546.77891559
     318    550.23702557
     319    553.70602043
     320    557.18591629
     321    560.67669682
     322    564.17837859
     323    567.69094483
     324    571.21441255
     325    574.74876454
     326    578.29401826
     327    581.85015602
     328    585.41719579
     329    588.99511935
     330    592.58394521
     331    596.18365461
     332    599.79426659
     333    603.41576187
     334    607.04816002
     335    610.69144121
     336    614.34562556
     337    618.01069269
     338    621.68666330
     339    625.37351639
     340    629.07127329
     341    632.77991238
     342    636.49945560
     343    640.22988072
     344    643.97121032
     345    647.72342149
     346    651.48653749
     347    655.26053474
     348    659.04543720
     349    662.84122055
     350    666.64790949
     351    670.46547897
     352    674.29395443
     353    678.13331006
     354    681.98357208
     355    685.84471388
     356    689.71676249
     357    693.59969048
     358    697.49352572
     359    701.39823992
     360    705.31386183
     361    709.24036224
     362    713.17777084
     363    717.12605749
     364    721.08525282
     365    725.05532572
     366    729.03630781
     367    733.02816696
     368    737.03093583
     369    741.04458124
     370    745.06913692
     371    749.10456860
     372    753.15091112
     373    757.20812906
     374    761.27625845
     375    765.35526265
     376    769.44517892
     377    773.54596938
     378    777.65767256
     379    781.78024926
     380    785.91373937
     381    790.05810230
     382    794.21337935
     383    798.37952849
     384    802.55659250
     385    806.74452784
     386    810.94337881
     387    815.15310031
     388    819.37373826
     389    823.60524590
     390    827.84767083
     391    832.10096456
     392    836.36517648
     393    840.64025626
     394    844.92625517
     395    849.22312095
     396    853.53090684
     397    857.84955856
     398    862.17913143
     399    866.51956903
     400    870.87092887
     401    875.23315228
     402    879.60629906
     403    883.99030819
     404    888.38524191
     405    892.79103667
     406    897.20775730
     407    901.63533759
     408    906.07384510
     409    910.52321081
     410    914.98350516
     411    919.45465617
     412    923.93673732
     413    928.42967349
     414    932.93354140
     415    937.44826258
     416    941.97391719
     417    946.51042321
     418    951.05786446
     419    955.61615515
     420    960.18538298
     421    964.76545813
     422    969.35647245
     423    973.95833184
     424    978.57113258
     425    983.19477597
     426    987.82936303
     427    992.47479016
     428    997.13116345
     429   1001.79837402
     430   1006.47653341
     431   1011.16552711
     432   1015.86547249
     433   1020.57624896
     434   1025.29798018
     435   1030.03053906
     436   1034.77405599
     437   1039.52839684
     438   1044.29369930
     439   1049.06982168
     440   1053.85690951
     441   1058.65481288
     442   1063.46368588
     443   1068.28336973
     444   1073.11402770
     445   1077.95549137
     446   1082.80793405
     447   1087.67117695
     448   1092.54540414
     449   1097.43042545
     450   1102.32643676
     451   1107.23323583
     452   1112.15103106
     453   1117.07960687
     454   1122.01918547
     455   1126.96953733
     456   1131.93089907
     457   1136.90302574
     458   1141.88616975
     459   1146.88007064
     460   1151.88499661
     461   1156.90067024
     462   1161.92737666
     463   1166.96482288
     464   1172.01330920
     465   1177.07252638
     466   1182.14278974
     467   1187.22377900
     468   1192.31581809
     469   1197.41857814
     470   1202.53238713
     471   1207.65692224
     472   1212.79249771
     473   1217.93880845
     474   1223.09613776
     475   1228.26423621
     476   1233.44331020
     477   1238.63320299
     478   1243.83399313
     479   1249.04571136
     480   1254.26819326
     481   1259.50176100
     482   1264.74586836
     483   1270.00136290
     484   1275.26703159
     485   1280.54452436
     486   1285.83159711
     487   1291.13127786
     488   1296.43958852
     489   1301.76165257
     490   1307.09082317
     491   1312.43573385
     492   1317.78534276
     493   1323.15360655
     494   1328.52274590
     495   1333.91547889
     496   1339.30312225
     497   1344.72155677
     498   1350.12557423
     499   1355.57230594
     500   1360.99040303
     501   1366.46813234
     502   1371.89553046
     503   1377.41003226
     504   1382.84222944
     505   1388.39875588
     506   1393.82447849
     507   1399.43752383
     508   1404.84783213
     509   1410.52973413
     510   1415.87825734
     511   1421.70454590
     512   1427.03688990
 ---------------------------------------
 
SCF converged! Final Ground-State Energy (Eh):              -5.6094522091858465
