 
     Two-Electron DVR    
 ------------------------
 x0     =      15.00000000
 m      =       1.00000000
 Z      =       2.00000000
 n      =              128
 dx     =       0.23622047
 
Soft-Coulomb Parameters:
 alpha  =       0.10000000
 beta   =       0.10000000
 
 
                       Hartree-Fock                      
 --------------------------------------------------------
 no. of orbitals        =              128
 no. of electrons       =                2
 scf_damping_switch     =        F
 scf_diis_switch        =        F
 damping_factor         =   0.00000000
 e_tolerance            = 0.0000000000100000
 maximum scf-iterations =              200
 
 
                       SCF iterations                      
 ----------------------------------------------------------
    S.No    Energy (hartree)        dE (hartree)
 ----------------------------------------------------------
       0     -7.797806150694
       1     -5.774471769752      2.023334380942
       2     -5.833655114887      0.059183345135
       3     -5.834865714715      0.001210599828
       4     -5.834892449125      0.000026734410
       5     -5.834893131965      0.000000682840
       6     -5.834893151176      0.000000019211
       7     -5.834893151745      0.000000000569
       8     -5.834893151763      0.000000000017
       9     -5.834893151763      0.000000000001
 ----------------------------------------------------------
  
 
 
 ---------------------------------------
     Molecular Orbital Energies (Eh)    
 ---------------------------------------
       1     -1.97028804
       2      0.02494297
       3      0.02636298
       4      0.09387304
       5      0.10070928
       6      0.20353400
       7      0.22137466
       8      0.35256889
       9      0.38755959
      10      0.54131141
      11      0.59862277
      12      0.77118380
      13      0.85401885
      14      1.04360668
      15      1.15329411
      16      1.35940803
      17      1.49608405
      18      1.71886281
      19      1.88210543
      20      2.12193978
      21      2.31114432
      22      2.56848837
      23      2.78304332
      24      3.05833809
      25      3.29768931
      26      3.59133440
      27      3.85500323
      28      4.16735294
      29      4.45493148
      30      4.78629490
      31      5.09743946
      32      5.44808760
      33      5.78250618
      34      6.15267393
      35      6.51012078
      36      6.90001475
      37      7.28027923
      38      7.69007759
      39      8.09298268
      40      8.52284289
      41      8.94823541
      42      9.39829154
      43      9.84604423
      44     10.31641535
      45     10.78641711
      46     11.27720196
      47     11.76936328
      48     12.28064998
      49     12.79489201
      50     13.32674991
      51     13.86301333
      52     14.41550484
      53     14.97373673
      54     15.54690567
      55     16.12707231
      56     16.72095885
      57     17.32302935
      58     17.93765397
      59     18.56161788
      60     19.19700046
      61     19.84284687
      62     20.49898508
      63     21.16672638
      64     21.84362042
      65     22.53326524
      66     23.23088888
      67     23.94247385
      68     24.66080678
      69     25.39436115
      70     26.13335031
      71     26.88893828
      72     27.64854058
      73     28.42621471
      74     29.20634528
      75     30.00620286
      76     30.80679180
      77     31.62891317
      78     32.44983629
      79     33.29436007
      80     34.13551464
      81     35.00255550
      82     35.86376742
      83     36.75351669
      84     37.63464232
      85     38.54725768
      86     39.44805901
      87     40.38379923
      88     41.30408191
      89     42.26315795
      90     43.20260304
      91     44.18535853
      92     45.14371135
      93     46.15042003
      94     47.12726304
      95     48.15837017
      96     49.15338443
      97     50.20922848
      98     51.22188768
      99     52.30302120
     100     53.33295870
     101     54.43976120
     102     55.48636101
     103     56.61945926
     104     57.68238004
     105     58.84210172
     106     59.92073811
     107     61.10764747
     108     62.20189172
     109     63.41600743
     110     64.52555390
     111     65.76700576
     112     66.89246686
     113     68.16037895
     114     69.30238610
     115     70.59566990
     116     71.75645871
     117     73.07232454
     118     74.25444686
     119     75.58950795
     120     76.79781073
     121     78.14656634
     122     79.38586214
     123     80.74274745
     124     82.01967310
     125     83.37842442
     126     84.69738667
     127     86.05230541
     128     87.42888421
 ---------------------------------------
 
SCF converged! Final Ground-State Energy (Eh):              -5.8348931517630582
