 
     Two-Electron DVR    
 ------------------------
 x0     =      15.00000000
 m      =       1.00000000
 Z      =       3.00000000
 n      =             1024
 dx     =       0.02932551
 
Soft-Coulomb Parameters:
 alpha  =       0.01000000
 beta   =       1.00000000
 
 
                       Hartree-Fock                      
 --------------------------------------------------------
 no. of orbitals        =             1024
 no. of electrons       =                2
 scf_damping_switch     =        F
 scf_diis_switch        =        F
 damping_factor         =   0.00000000
 e_tolerance            = 0.0000000000100000
 maximum scf-iterations =              200
 
 
                       SCF iterations                      
 ----------------------------------------------------------
    S.No    Energy (hartree)        dE (hartree)
 ----------------------------------------------------------
       0    -31.412748616814
       1    -30.443820624541      0.968927992274
       2    -30.443886409849      0.000065785308
       3    -30.443886577481      0.000000167632
       4    -30.443886577925      0.000000000444
       5    -30.443886577927      0.000000000001
 ----------------------------------------------------------
  
 
 
 ---------------------------------------
     Molecular Orbital Energies (Eh)    
 ---------------------------------------
       1    -14.73754547
       2     -2.01083210
       3     -0.62292842
       4     -0.22697169
       5     -0.13292055
       6     -0.07255494
       7     -0.03115944
       8      0.03418894
       9      0.09796203
      10      0.19330558
      11      0.28029896
      12      0.40340869
      13      0.51247541
      14      0.66220613
      15      0.79267039
      16      0.96843339
      17      1.11984361
      18      1.32126861
      19      1.49334022
      20      1.72012976
      21      1.91271506
      22      2.16458607
      23      2.37764556
      24      2.65431025
      25      2.88788543
      26      3.18904904
      27      3.44323861
      28      3.76860344
      29      4.04354391
      30      4.39281501
      31      4.68866553
      32      5.06155598
      33      5.37848690
      34      5.77472215
      35      6.11290664
      36      6.53222758
      37      6.89183567
      38      7.33400070
      39      7.71519517
      40      8.17998131
      41      8.58291504
      42      9.07011837
      43      9.49493265
      44     10.00436821
      45     10.45119195
      46     10.98269319
      47     11.45164264
      48     12.00506067
      49     12.49623950
      50     13.07144213
      51     13.58494187
      52     14.18181252
      53     14.71771311
      54     15.33614970
      55     15.89452022
      56     16.53443400
      57     17.11533343
      58     17.77664787
      59     18.38012588
      60     19.06277557
      61     19.68887333
      62     20.39280294
      63     21.04155386
      64     21.76671716
      65     22.43814768
      66     23.18450662
      67     23.87863690
      68     24.64616074
      69     25.36300533
      70     26.15166987
      71     26.89123832
      72     27.70102515
      73     28.46332258
      74     29.29421848
      75     30.07924612
      76     30.93124236
      77     31.73899801
      78     32.61208991
      79     33.44256839
      80     34.33675475
      81     35.18994829
      82     36.10523097
      83     36.98112955
      84     37.91751308
      85     38.81610479
      86     39.77359597
      87     40.69486727
      88     41.67347492
      89     42.61741090
      90     43.61714547
      91     44.58373010
      92     45.60460350
      93     46.59381980
      94     47.63584513
      95     48.64767541
      96     49.71086675
      97     50.74529272
      98     51.82966496
      99     52.88666789
     100     53.99223656
     101     55.07179744
     102     56.19857858
     103     57.30067817
     104     58.44868820
     105     59.57330717
     106     60.74256276
     107     61.88968178
     108     63.08019978
     109     64.24979958
     110     65.46159691
     111     66.65365834
     112     67.88675194
     113     69.10125604
     114     70.35566277
     115     71.59259080
     116     72.86832742
     117     74.12766094
     118     75.42474405
     119     76.70646488
     120     78.02491087
     121     79.32900121
     122     80.66882623
     123     81.99526862
     124     83.35648853
     125     84.70526589
     126     86.08789630
     127     87.45899194
     128     88.86304811
     129     90.25644576
     130     91.68194261
     131     93.09762641
     132     94.54457854
     133     95.98253304
     134     97.45095469
     135     98.91116487
     136    100.40106990
     137    101.88352119
     138    103.39492310
     139    104.89960132
     140    106.43251324
     141    107.95940467
     142    109.51383935
     143    111.06293066
     144    112.63890049
     145    114.21017879
     146    115.80769578
     147    117.40114858
     148    119.02022436
     149    120.63583959
     150    122.27648544
     151    123.91425142
     152    125.57647825
     153    127.23638370
     154    128.92020207
     155    130.60223609
     156    132.30765620
     157    134.01180826
     158    135.73883998
     159    137.46509992
     160    139.21375278
     161    140.96211081
     162    142.73239401
     163    144.50284067
     164    146.29476310
     165    148.08728928
     166    149.90085949
     167    151.71545642
     168    153.55068267
     169    155.38734190
     170    157.24423216
     171    159.10294552
     172    160.98150747
     173    162.86226713
     174    164.76250815
     175    166.66530656
     176    168.58723378
     177    170.51206367
     178    172.45568394
     179    174.40253832
     180    176.36785825
     181    178.33673039
     182    180.32375633
     183    182.31463977
     184    184.32337783
     185    186.33626634
     186    188.36672240
     187    190.40161000
     188    192.45378972
     189    194.51067067
     190    196.58457947
     191    198.66344825
     192    200.75909137
     193    202.85994266
     194    204.97732513
     195    207.10015383
     196    209.23928047
     197    211.38408169
     198    213.54495714
     199    215.71172617
     200    217.89435489
     201    220.08308721
     202    222.28747348
     203    224.49816476
     204    226.72431269
     205    228.95695876
     206    231.20487231
     207    233.45946916
     208    235.72915211
     209    238.00569592
     210    240.29715192
     211    242.59563899
     212    244.90887153
     213    247.22929833
     214    249.56431077
     215    251.90667390
     216    254.26346946
     217    256.62776568
     218    259.00634745
     219    261.39257361
     220    263.79294456
     221    266.20109768
     222    268.62326065
     223    271.05333786
     224    273.49729558
     225    275.94929411
     226    278.41504921
     227    280.88896642
     228    283.37652140
     229    285.87235475
     230    288.38171202
     231    290.89945908
     232    293.43062097
     233    295.97027940
     234    298.52324811
     235    301.08481568
     236    303.65959334
     237    306.24306791
     238    308.83965656
     239    311.44503606
     240    314.06343766
     241    316.69072013
     242    319.33093655
     243    321.98012009
     244    324.64215313
     245    327.31323593
     246    329.99708732
     247    332.69006764
     248    335.39573902
     249    338.11061520
     250    340.83810816
     251    343.57487861
     252    346.32419467
     253    349.08285785
     254    351.85399846
     255    354.63455291
     256    357.42751947
     257    360.22996378
     258    363.04475763
     259    365.86909045
     260    368.70571288
     261    371.55193292
     262    374.41038515
     263    377.27849118
     264    380.15877438
     265    383.04876521
     266    385.95088052
     267    388.86275502
     268    391.78670352
     269    394.72046059
     270    397.66624331
     271    400.62188193
     272    403.58949987
     273    406.56701902
     274    409.55647313
     275    412.55587186
     276    415.56716305
     277    418.58844045
     278    421.62156960
     279    424.66472478
     280    427.71969273
     281    430.78472485
     282    433.86153240
     283    436.94844066
     284    440.04708858
     285    443.15587221
     286    446.27636122
     287    449.40701948
     288    452.54935031
     289    455.70188249
     290    458.86605580
     291    462.04046122
     292    465.22647767
     293    468.42275569
     294    471.63061589
     295    474.84876587
     296    478.07847044
     297    481.31849179
     298    484.57004128
     299    487.83193343
     300    491.10532839
     301    494.38909080
     302    497.68433175
     303    500.98996389
     304    504.30705134
     305    507.63455272
     306    510.97348714
     307    514.32285727
     308    517.68363913
     309    521.05487755
     310    524.43750729
     311    527.83061356
     312    531.23509160
     313    534.65006530
     314    538.07639205
     315    541.51323278
     316    544.96140863
     317    548.42011600
     318    551.89014132
     319    555.37071496
     320    558.86259010
     321    562.36502966
     322    565.87875497
     323    569.40306011
     324    572.93863592
     325    576.48480631
     326    580.04223292
     327    583.61026826
     328    587.18954598
     329    590.77944597
     330    594.38057509
     331    597.99233944
     332    601.61532024
     333    605.24894868
     334    608.89378141
     335    612.54927368
     336    616.21595861
     337    619.89331446
     338    623.58185183
     339    627.28107103
     340    630.99146106
     341    634.71254337
     342    638.44478630
     343    642.18773151
     344    645.94182755
     345    649.70663544
     346    653.48258480
     347    657.26925518
     348    661.06705804
     349    664.87559072
     350    668.69524729
     351    672.52564208
     352    676.36715253
     353    680.21940926
     354    684.08277376
     355    687.95689227
     356    691.84211099
     357    695.73809111
     358    699.64516421
     359    703.56300579
     360    707.49193342
     361    711.43163632
     362    715.38241863
     363    719.34398271
     364    723.31661984
     365    727.30004495
     366    731.29453705
     367    735.29982308
     368    739.31617026
     369    743.34331708
     370    747.38151947
     371    751.43052696
     372    755.49058469
     373    759.56145274
     374    763.64336591
     375    767.73609443
     376    771.83986315
     377    775.95445203
     378    780.08007641
     379    784.21652555
     380    788.36400570
     381    792.52231500
     382    796.69165101
     383    800.87182039
     384    805.06301235
     385    809.26504173
     386    813.47808973
     387    817.70197903
     388    821.93688316
     389    826.18263230
     390    830.43939264
     391    834.70700154
     392    838.98561817
     393    843.27508677
     394    847.57555977
     395    851.88688800
     396    856.20921744
     397    860.54240524
     398    864.88659119
     399    869.24163850
     400    873.60768103
     401    877.98458779
     402    882.37248696
     403    886.77125311
     404    891.18100899
     405    895.60163449
     406    900.03324714
     407    904.47573193
     408    908.92920140
     409    913.39354544
     410    917.86887180
     411    922.35507504
     412    926.85225833
     413    931.36032073
     414    935.87936101
     415    940.40928254
     416    944.95017985
     417    949.50196046
     418    954.06471485
     419    958.63835451
     420    963.22296603
     421    967.81846471
     422    972.42493340
     423    977.04229106
     424    981.67061697
     425    986.30983358
     426    990.96001675
     427    995.62109228
     428   1000.29313275
     429   1004.97606718
     430   1009.66996498
     431   1014.37475828
     432   1019.09051346
     433   1023.81716560
     434   1028.55477818
     435   1033.30328915
     436   1038.06275918
     437   1042.83312894
     438   1047.61445645
     439   1052.40668500
     440   1057.20987001
     441   1062.02395733
     442   1066.84899988
     443   1071.68494594
     444   1076.53184606
     445   1081.38965085
     446   1086.25840857
     447   1091.13807207
     448   1096.02868741
     449   1100.93020962
     450   1105.84268262
     451   1110.76606351
     452   1115.70039419
     453   1120.64563376
     454   1125.60182213
     455   1130.56892038
     456   1135.54696648
     457   1140.53592338
     458   1145.53582722
     459   1150.54664277
     460   1155.56840439
     461   1160.60107858
     462   1165.64469800
     463   1170.69923082
     464   1175.76470805
     465   1180.84109950
     466   1185.92843456
     467   1191.02668464
     468   1196.13587756
     469   1201.25598625
     470   1206.38703704
     471   1211.52900435
     472   1216.68191303
     473   1221.84573895
     474   1227.02050554
     475   1232.20619007
     476   1237.40281458
     477   1242.61035773
     478   1247.82884018
     479   1253.05824193
     480   1258.29858234
     481   1263.54984270
     482   1268.81204108
     483   1274.08516005
     484   1279.36921642
     485   1284.66419400
     486   1289.97010837
     487   1295.28694456
     488   1300.61471695
     489   1305.95341175
     490   1311.30304217
     491   1316.66359559
     492   1322.03508405
     493   1327.41749609
     494   1332.81084260
     495   1338.21511327
     496   1343.63031785
     497   1349.05644715
     498   1354.49350980
     499   1359.94149773
     500   1365.40041847
     501   1370.87026505
     502   1376.35104388
     503   1381.84274911
     504   1387.34538605
     505   1392.85894994
     506   1398.38344499
     507   1403.91886755
     508   1409.46522072
     509   1415.02250195
     510   1420.59071325
     511   1426.16985317
     512   1431.75992261
     513   1437.36092122
     514   1442.97284881
     515   1448.59570612
     516   1454.22949186
     517   1459.87420788
     518   1465.52985179
     519   1471.19642654
     520   1476.87392861
     521   1482.56236209
     522   1488.26172233
     523   1493.97201457
     524   1499.69323298
     525   1505.42538398
     526   1511.16846057
     527   1516.92247035
     528   1522.68740512
     529   1528.46327369
     530   1534.25006665
     531   1540.04779403
     532   1545.85644518
     533   1551.67603138
     534   1557.50654071
     535   1563.34798576
     536   1569.20035328
     537   1575.06365718
     538   1580.93788289
     539   1586.82304567
     540   1592.71912958
     541   1598.62615125
     542   1604.54409334
     543   1610.47297393
     544   1616.41277422
     545   1622.36351373
     546   1628.32517220
     547   1634.29777068
     548   1640.28128734
     549   1646.27574478
     550   1652.28111962
     551   1658.29743607
     552   1664.32466909
     553   1670.36284455
     554   1676.41193574
     555   1682.47197025
     556   1688.54291961
     557   1694.62481319
     558   1700.71762070
     559   1706.82137338
     560   1712.93603905
     561   1719.06165085
     562   1725.19817466
     563   1731.34564562
     564   1737.50402756
     565   1743.67335770
     566   1749.85359776
     567   1756.04478711
     568   1762.24688529
     569   1768.45993388
     570   1774.68389015
     571   1780.91879802
     572   1787.16461238
     573   1793.42137955
     574   1799.68905198
     575   1805.96767850
     576   1812.25720899
     577   1818.55769488
     578   1824.86908340
     579   1831.19142872
     580   1837.52467526
     581   1843.86888003
     582   1850.22398456
     583   1856.59004883
     584   1862.96701135
     585   1869.35493514
     586   1875.75375561
     587   1882.16353899
     588   1888.58421740
     589   1895.01586040
     590   1901.45839670
     591   1907.91189938
     592   1914.37629356
     593   1920.85165595
     594   1927.33790797
     595   1933.83513015
     596   1940.34323999
     597   1946.86232197
     598   1953.39228959
     599   1959.93323146
     600   1966.48505683
     601   1973.04785862
     602   1979.62154168
     603   1986.20620348
     604   1992.80174423
     605   1999.40826606
     606   2006.02566442
     607   2012.65404639
     608   2019.29330233
     609   2025.94354447
     610   2032.60465794
     611   2039.27676033
     612   2045.95973130
     613   2052.65369400
     614   2059.35852238
     615   2066.07434550
     616   2072.80103126
     617   2079.53871483
     618   2086.28725790
     619   2093.04680204
     620   2099.81720238
     621   2106.59860713
     622   2113.39086464
     623   2120.19413014
     624   2127.00824479
     625   2133.83337107
     626   2140.66934275
     627   2147.51632996
     628   2154.37415863
     629   2161.24300682
     630   2168.12269236
     631   2175.01340168
     632   2181.91494404
     633   2188.82751455
     634   2195.75091361
     635   2202.68534546
     636   2209.63060117
     637   2216.58689444
     638   2223.55400665
     639   2230.53216149
     640   2237.52113015
     641   2244.52114665
     642   2251.53197160
     643   2258.55384993
     644   2265.58653111
     645   2272.63027137
     646   2279.68480860
     647   2286.75041097
     648   2293.82680419
     649   2300.91426876
     650   2308.01251778
     651   2315.12184477
     652   2322.24194950
     653   2329.37313902
     654   2336.51509926
     655   2343.66815152
     656   2350.83196719
     657   2358.00688231
     658   2365.19255317
     659   2372.38933140
     660   2379.59685735
     661   2386.81549881
     662   2394.04487962
     663   2401.28538458
     664   2408.53662012
     665   2415.79898871
     666   2423.07207873
     667   2430.35631124
     668   2437.65125560
     669   2444.95735218
     670   2452.27415060
     671   2459.60211157
     672   2466.94076390
     673   2474.29058942
     674   2481.65109534
     675   2489.02278575
     676   2496.40514511
     677   2503.79870059
     678   2511.20291304
     679   2518.61833397
     680   2526.04439933
     681   2533.48168590
     682   2540.92960380
     683   2548.38875641
     684   2555.85852664
     685   2563.33954552
     686   2570.83116769
     687   2578.33405326
     688   2585.84752713
     689   2593.37227965
     690   2600.90760478
     691   2608.45422472
     692   2616.01140086
     693   2623.57988848
     694   2631.15891515
     695   2638.74927097
     696   2646.35014789
     697   2653.96237220
     698   2661.58509884
     699   2669.21919221
     700   2676.86376826
     701   2684.51973101
     702   2692.18615591
     703   2699.86398864
     704   2707.55226203
     705   2715.25196512
     706   2722.96208637
     707   2730.68366047
     708   2738.41562922
     709   2746.15907471
     710   2753.91289027
     711   2761.67820789
     712   2769.45386983
     713   2777.24106001
     714   2785.03856759
     715   2792.84763112
     716   2800.66698387
     717   2808.49792123
     718   2816.33911833
     719   2824.19193037
     720   2832.05497131
     721   2839.92965857
     722   2847.81454246
     723   2855.71110586
     724   2863.61783214
     725   2871.53627227
     726   2879.46483994
     727   2887.40515782
     728   2895.35556628
     729   2903.31776254
     730   2911.29001071
     731   2919.27408647
     732   2927.26817367
     733   2935.27412963
     734   2943.29005468
     735   2951.31789206
     736   2959.35565420
     737   2967.40537378
     738   2975.46497173
     739   2983.53657483
     740   2991.61800777
     741   2999.71149524
     742   3007.81476174
     743   3015.93013504
     744   3024.05523421
     745   3032.19249427
     746   3040.33942455
     747   3048.49857296
     748   3056.66733335
     749   3064.84837114
     750   3073.03895995
     751   3081.24188886
     752   3089.45430498
     753   3097.67912614
     754   3105.91336773
     755   3114.16008304
     756   3122.41614886
     757   3130.68475957
     758   3138.96264761
     759   3147.25315580
     760   3155.55286470
     761   3163.86527174
     762   3172.18679929
     763   3180.52110746
     764   3188.86445217
     765   3197.22066299
     766   3205.58582243
     767   3213.96393837
     768   3222.35091091
     769   3230.75093365
     770   3239.15971662
     771   3247.58164889
     772   3256.01224049
     773   3264.45608412
     774   3272.90848143
     775   3281.37423941
     776   3289.84844044
     777   3298.33611479
     778   3306.83211634
     779   3315.34171033
     780   3323.85951021
     781   3332.39102608
     782   3340.93062079
     783   3349.48406211
     784   3358.04544922
     785   3366.62081846
     786   3375.20399413
     787   3383.80129521
     788   3392.40625678
     789   3401.02549241
     790   3409.65223566
     791   3418.29341015
     792   3426.94193213
     793   3435.60504848
     794   3444.27534457
     795   3452.96040749
     796   3461.65247445
     797   3470.35948723
     798   3479.07331999
     799   3487.80228782
     800   3496.53788279
     801   3505.28880931
     802   3514.04616091
     803   3522.81905181
     804   3531.59815610
     805   3540.39301538
     806   3549.19386625
     807   3558.01070016
     808   3566.83329325
     809   3575.67210620
     810   3584.51643478
     811   3593.37723365
     812   3602.24329293
     813   3611.12608259
     814   3620.01386516
     815   3628.91865315
     816   3637.82815373
     817   3646.75494543
     818   3655.68615588
     819   3664.63495958
     820   3673.58787407
     821   3682.55869571
     822   3691.53330528
     823   3700.52615399
     824   3709.52245220
     825   3718.53733452
     826   3727.55531153
     827   3736.59223750
     828   3745.63188619
     829   3754.69086304
     830   3763.75217258
     831   3772.83321136
     832   3781.91617390
     833   3791.01928260
     834   3800.12388619
     835   3809.24907698
     836   3818.37531296
     837   3827.52259464
     838   3836.67044986
     839   3845.83983587
     840   3855.00930073
     841   3864.20080080
     842   3873.39186082
     843   3882.60548974
     844   3891.81813433
     845   3901.05390286
     846   3910.28811602
     847   3919.54604048
     848   3928.80181053
     849   3938.08190280
     850   3947.35921208
     851   3956.66149019
     852   3965.96032577
     853   3975.28480285
     854   3984.60514524
     855   3993.95184120
     856   4003.29367611
     857   4012.66260546
     858   4022.02591135
     859   4031.41709611
     860   4040.80185717
     861   4050.21531339
     862   4059.62150581
     863   4069.05725782
     864   4078.48486411
     865   4087.94292970
     866   4097.39192350
     867   4106.87232959
     868   4116.34269155
     869   4125.84545782
     870   4135.33715876
     871   4144.86231503
     872   4154.37533352
     873   4163.92290158
     874   4173.45720528
     875   4183.02721820
     876   4192.58278338
     877   4202.17526528
     878   4211.75205608
     879   4221.36704364
     880   4230.96503376
     881   4240.60255374
     882   4250.22170335
     883   4259.88179647
     884   4269.52207644
     885   4279.20477235
     886   4288.86613844
     887   4298.57148240
     888   4308.25390227
     889   4317.98192720
     890   4327.68535166
     891   4337.43610789
     892   4347.16050105
     893   4356.93402513
     894   4366.67933222
     895   4376.47568021
     896   4386.24186137
     897   4396.06107386
     898   4405.84806805
     899   4415.69020753
     900   4425.49797048
     901   4435.36308208
     902   4445.19154566
     903   4455.07969913
     904   4464.92881410
     905   4474.84005965
     906   4484.70974989
     907   4494.64416548
     908   4504.53437621
     909   4514.49201771
     910   4524.40266376
     911   4534.38361846
     912   4544.31463879
     913   4554.31896894
     914   4564.27026813
     915   4574.29807156
     916   4584.26958156
     917   4594.32092771
     918   4604.31254143
     919   4614.38754015
     920   4624.39918165
     921   4634.49791045
     922   4644.52945930
     923   4654.65204177
     924   4664.70341316
     925   4674.84993590
     926   4684.92099416
     927   4695.09159647
     928   4705.18224675
     929   4715.37702554
     930   4725.48711465
     931   4735.70622728
     932   4745.83564903
     933   4756.07920406
     934   4766.22778509
     935   4776.49596072
     936   4786.66358196
     937   4796.95649995
     938   4807.14296468
     939   4817.46082739
     940   4827.66600195
     941   4838.00894616
     942   4848.23260667
     943   4858.60086283
     944   4868.84285897
     945   4879.23658102
     946   4889.49665717
     947   4899.91610845
     948   4910.19409528
     949   4920.63944931
     950   4930.93505390
     951   4941.40661273
     952   4951.71964397
     953   4962.21760362
     954   4972.54772443
     955   4983.07243282
     956   4993.41942708
     957   5003.97110612
     958   5014.33458411
     959   5024.91363648
     960   5035.29335323
     961   5045.90003080
     962   5056.29553332
     963   5066.93030471
     964   5077.34131459
     965   5088.00446647
     966   5098.43045397
     967   5109.12253516
     968   5119.56318297
     969   5130.28452073
     970   5140.73920494
     971   5151.49044674
     972   5161.95880457
     973   5172.74032535
     974   5183.22161589
     975   5194.03418600
     976   5204.52799310
     977   5215.37204376
     978   5225.87747901
     979   5236.75393596
     980   5247.27052028
     981   5258.17988156
     982   5268.70653749
     983   5279.64992877
     984   5290.18610287
     985   5301.16410183
     986   5311.70846957
     987   5322.72246415
     988   5333.27438456
     989   5344.32504737
     990   5354.88286586
     991   5365.97193667
     992   5376.53491092
     993   5387.66317399
     994   5398.22919753
     995   5409.39887646
     996   5419.96709558
     997   5431.17910027
     998   5441.74677250
     999   5453.00401027
    1000   5463.57017824
    1001   5474.87368155
    1002   5485.43467921
    1003   5496.78835160
    1004   5507.34318454
    1005   5518.74811731
    1006   5529.29172623
    1007   5540.75332919
    1008   5551.28493109
    1009   5562.80409860
    1010   5573.31641172
    1011   5584.90095963
    1012   5595.39423335
    1013   5607.04399133
    1014   5617.50700656
    1015   5629.23406320
    1016   5639.67097736
    1017   5651.47101065
    1018   5661.86176888
    1019   5673.75650336
    1020   5684.12286480
    1021   5696.08825343
    1022   5706.37525712
    1023   5718.46493545
    1024   5729.00077064
 ---------------------------------------
 
SCF converged! Final Ground-State Energy (Eh):             -30.4438865779266195
