 
     Two-Electron DVR    
 ------------------------
 x0     =      15.00000000
 m      =       1.00000000
 Z      =       3.00000000
 n      =             2048
 dx     =       0.01465559
 
Soft-Coulomb Parameters:
 alpha  =       1.00000000
 beta   =       0.01000000
 
 
                       Hartree-Fock                      
 --------------------------------------------------------
 no. of orbitals        =             2048
 no. of electrons       =                2
 scf_damping_switch     =        F
 scf_diis_switch        =        F
 damping_factor         =   0.00000000
 e_tolerance            = 0.0000000000100000
 maximum scf-iterations =              200
 
 
                       SCF iterations                      
 ----------------------------------------------------------
    S.No    Energy (hartree)        dE (hartree)
 ----------------------------------------------------------
       0     -4.671397010573
       1     -2.180343710874      2.491053299699
       2     -2.155211715101      0.025131995772
       3     -2.468346899481      0.313135184380
       4     -2.522082740087      0.053735840605
       5     -2.596873591139      0.074790851052
       6     -2.619639164124      0.022765572985
       7     -2.636595191191      0.016956027067
       8     -2.643119658308      0.006524467117
       9     -2.646962077199      0.003842418891
      10     -2.648623710093      0.001661632894
      11     -2.649508009658      0.000884299565
      12     -2.649913871976      0.000405862318
      13     -2.650120039272      0.000206167296
      14     -2.650217531226      0.000097491954
      15     -2.650265973799      0.000048442573
      16     -2.650289222228      0.000023248429
      17     -2.650300652240      0.000011430011
      18     -2.650306177631      0.000005525391
      19     -2.650308880267      0.000002702637
      20     -2.650310191393      0.000001311125
      21     -2.650310831109      0.000000639717
      22     -2.650311141989      0.000000310879
      23     -2.650311293488      0.000000151499
      24     -2.650311367175      0.000000073687
      25     -2.650311403062      0.000000035887
      26     -2.650311420524      0.000000017462
      27     -2.650311429027      0.000000008503
      28     -2.650311433166      0.000000004139
      29     -2.650311435180      0.000000002014
      30     -2.650311436159      0.000000000980
      31     -2.650311436638      0.000000000479
      32     -2.650311436869      0.000000000231
      33     -2.650311436982      0.000000000113
      34     -2.650311437037      0.000000000055
      35     -2.650311437065      0.000000000028
      36     -2.650311437077      0.000000000012
      37     -2.650311437083      0.000000000006
 ----------------------------------------------------------
  
 
 
 ---------------------------------------
     Molecular Orbital Energies (Eh)    
 ---------------------------------------
       1     -0.54050530
       2     -0.09111491
       3     -0.07943432
       4     -0.00789362
       5      0.01481435
       6      0.11195388
       7      0.15649746
       8      0.27407179
       9      0.34504771
      10      0.47867948
      11      0.57755514
      12      0.72653235
      13      0.85281904
      14      1.01798491
      15      1.17046520
      16      1.35307000
      17      1.53049846
      18      1.73171058
      19      1.93307456
      20      2.15382889
      21      2.37838798
      22      2.61937788
      23      2.86662239
      24      3.12834080
      25      3.39793350
      26      3.68072248
      27      3.97244679
      28      4.27654068
      29      4.59026115
      30      4.91581978
      31      5.25145399
      32      5.59858655
      33      5.95608612
      34      6.32486774
      35      6.70420573
      36      7.09468872
      37      7.49585145
      38      7.90807284
      39      8.33105469
      40      8.76504119
      41      9.20984131
      42      9.66561265
      43     10.13223291
      44     10.60980400
      45     11.09824771
      46     11.59763011
      47     12.10790127
      48     12.62910417
      49     13.16120702
      50     13.70423788
      51     14.25817661
      52     14.82304163
      53     15.39882026
      54     15.98552469
      55     16.58314699
      56     17.19169531
      57     17.81116479
      58     18.44156092
      59     19.08288078
      60     19.73512816
      61     20.39830137
      62     21.07240305
      63     21.75743231
      64     22.45339102
      65     23.16027879
      66     23.87809700
      67     24.60684554
      68     25.34652546
      69     26.09713684
      70     26.85868050
      71     27.63115662
      72     28.41456586
      73     29.20890846
      74     30.01418497
      75     30.83039566
      76     31.65754099
      77     32.49562125
      78     33.34463684
      79     34.20458803
      80     35.07547519
      81     35.95729858
      82     36.85005854
      83     37.75375531
      84     38.66838919
      85     39.59396043
      86     40.53046929
      87     41.47791601
      88     42.43630084
      89     43.40562399
      90     44.38588569
      91     45.37708616
      92     46.37922560
      93     47.39230420
      94     48.41632217
      95     49.45127969
      96     50.49717695
      97     51.55401411
      98     52.62179135
      99     53.70050883
     100     54.79016673
     101     55.89076518
     102     57.00230434
     103     58.12478436
     104     59.25820538
     105     60.40256754
     106     61.55787097
     107     62.72411581
     108     63.90130217
     109     65.08943019
     110     66.28849998
     111     67.49851166
     112     68.71946535
     113     69.95136115
     114     71.19419917
     115     72.44797952
     116     73.71270230
     117     74.98836760
     118     76.27497553
     119     77.57252617
     120     78.88101964
     121     80.20045599
     122     81.53083534
     123     82.87215776
     124     84.22442334
     125     85.58763216
     126     86.96178429
     127     88.34687982
     128     89.74291882
     129     91.14990136
     130     92.56782752
     131     93.99669736
     132     95.43651096
     133     96.88726837
     134     98.34896968
     135     99.82161494
     136    101.30520421
     137    102.79973755
     138    104.30521504
     139    105.82163670
     140    107.34900263
     141    108.88731286
     142    110.43656745
     143    111.99676645
     144    113.56790993
     145    115.14999792
     146    116.74303048
     147    118.34700765
     148    119.96192950
     149    121.58779605
     150    123.22460737
     151    124.87236348
     152    126.53106445
     153    128.20071031
     154    129.88130110
     155    131.57283687
     156    133.27531765
     157    134.98874349
     158    136.71311443
     159    138.44843049
     160    140.19469174
     161    141.95189818
     162    143.72004988
     163    145.49914684
     164    147.28918913
     165    149.09017676
     166    150.90210978
     167    152.72498821
     168    154.55881209
     169    156.40358144
     170    158.25929631
     171    160.12595671
     172    162.00356269
     173    163.89211425
     174    165.79161146
     175    167.70205430
     176    169.62344285
     177    171.55577709
     178    173.49905708
     179    175.45328282
     180    177.41845436
     181    179.39457170
     182    181.38163490
     183    183.37964394
     184    185.38859889
     185    187.40849972
     186    189.43934651
     187    191.48113924
     188    193.53387797
     189    195.59756267
     190    197.67219342
     191    199.75777019
     192    201.85429304
     193    203.96176195
     194    206.08017699
     195    208.20953813
     196    210.34984544
     197    212.50109889
     198    214.66329853
     199    216.83644436
     200    219.02053642
     201    221.21557470
     202    223.42155925
     203    225.63849005
     204    227.86636715
     205    230.10519054
     206    232.35496026
     207    234.61567630
     208    236.88733872
     209    239.16994748
     210    241.46350264
     211    243.76800417
     212    246.08345214
     213    248.40984652
     214    250.74718735
     215    253.09547462
     216    255.45470838
     217    257.82488860
     218    260.20601534
     219    262.59808856
     220    265.00110832
     221    267.41507460
     222    269.83998745
     223    272.27584684
     224    274.72265282
     225    277.18040535
     226    279.64910451
     227    282.12875025
     228    284.61934264
     229    287.12088163
     230    289.63336729
     231    292.15679957
     232    294.69117854
     233    297.23650415
     234    299.79277648
     235    302.35999548
     236    304.93816120
     237    307.52727361
     238    310.12733278
     239    312.73833865
     240    315.36029129
     241    317.99319065
     242    320.63703681
     243    323.29182970
     244    325.95756941
     245    328.63425587
     246    331.32188916
     247    334.02046923
     248    336.72999614
     249    339.45046985
     250    342.18189041
     251    344.92425778
     252    347.67757203
     253    350.44183311
     254    353.21704108
     255    356.00319588
     256    358.80029760
     257    361.60834616
     258    364.42734166
     259    367.25728402
     260    370.09817332
     261    372.95000949
     262    375.81279263
     263    378.68652265
     264    381.57119965
     265    384.46682354
     266    387.37339443
     267    390.29091223
     268    393.21937702
     269    396.15878874
     270    399.10914748
     271    402.07045315
     272    405.04270585
     273    408.02590549
     274    411.02005217
     275    414.02514582
     276    417.04118651
     277    420.06817417
     278    423.10610889
     279    426.15499059
     280    429.21481937
     281    432.28559513
     282    435.36731798
     283    438.45998783
     284    441.56360477
     285    444.67816872
     286    447.80367978
     287    450.94013785
     288    454.08754304
     289    457.24589526
     290    460.41519460
     291    463.59544098
     292    466.78663449
     293    469.98877505
     294    473.20186275
     295    476.42589751
     296    479.66087941
     297    482.90680838
     298    486.16368451
     299    489.43150771
     300    492.71027808
     301    495.99999552
     302    499.30066015
     303    502.61227186
     304    505.93483075
     305    509.26833674
     306    512.61278992
     307    515.96819020
     308    519.33453768
     309    522.71183227
     310    526.10007407
     311    529.49926298
     312    532.90939911
     313    536.33048235
     314    539.76251283
     315    543.20549042
     316    546.65941525
     317    550.12428721
     318    553.60010641
     319    557.08687274
     320    560.58458632
     321    564.09324704
     322    567.61285502
     323    571.14341014
     324    574.68491253
     325    578.23736206
     326    581.80075887
     327    585.37510282
     328    588.96039406
     329    592.55663245
     330    596.16381813
     331    599.78195097
     332    603.41103110
     333    607.05105839
     334    610.70203299
     335    614.36395475
     336    618.03682382
     337    621.72064006
     338    625.41540361
     339    629.12111434
     340    632.83777238
     341    636.56537762
     342    640.30393016
     343    644.05342990
     344    647.81387696
     345    651.58527121
     346    655.36761279
     347    659.16090158
     348    662.96513769
     349    666.78032100
     350    670.60645166
     351    674.44352952
     352    678.29155472
     353    682.15052713
     354    686.02044689
     355    689.90131386
     356    693.79312818
     357    697.69588972
     358    701.60959862
     359    705.53425473
     360    709.46985821
     361    713.41640891
     362    717.37390698
     363    721.34235227
     364    725.32174494
     365    729.31208483
     366    733.31337209
     367    737.32560659
     368    741.34878847
     369    745.38291758
     370    749.42799407
     371    753.48401781
     372    757.55098892
     373    761.62890728
     374    765.71777303
     375    769.81758603
     376    773.92834641
     377    778.05005405
     378    782.18270908
     379    786.32631136
     380    790.48086104
     381    794.64635797
     382    798.82280231
     383    803.01019390
     384    807.20853290
     385    811.41781916
     386    815.63805283
     387    819.86923375
     388    824.11136210
     389    828.36443770
     390    832.62846072
     391    836.90343101
     392    841.18934872
     393    845.48621369
     394    849.79402609
     395    854.11278575
     396    858.44249285
     397    862.78314721
     398    867.13474900
     399    871.49729807
     400    875.87079457
     401    880.25523834
     402    884.65062956
     403    889.05696804
     404    893.47425397
     405    897.90248717
     406    902.34166783
     407    906.79179575
     408    911.25287113
     409    915.72489378
     410    920.20786389
     411    924.70178127
     412    929.20664611
     413    933.72245823
     414    938.24921781
     415    942.78692467
     416    947.33557900
     417    951.89518060
     418    956.46572968
     419    961.04722603
     420    965.63966985
     421    970.24306096
     422    974.85739954
     423    979.48268540
     424    984.11891874
     425    988.76609937
     426    993.42422747
     427    998.09330286
     428   1002.77332574
     429   1007.46429589
     430   1012.16621354
     431   1016.87907847
     432   1021.60289089
     433   1026.33765060
     434   1031.08335780
     435   1035.84001229
     436   1040.60761427
     437   1045.38616354
     438   1050.17566031
     439   1054.97610437
     440   1059.78749593
     441   1064.60983478
     442   1069.44312113
     443   1074.28735477
     444   1079.14253592
     445   1084.00866436
     446   1088.88574031
     447   1093.77376355
     448   1098.67273431
     449   1103.58265235
     450   1108.50351792
     451   1113.43533077
     452   1118.37809114
     453   1123.33179880
     454   1128.29645398
     455   1133.27205646
     456   1138.25860646
     457   1143.25610375
     458   1148.26454857
     459   1153.28394068
     460   1158.31428033
     461   1163.35556726
     462   1168.40780173
     463   1173.47098349
     464   1178.54511278
     465   1183.63018937
     466   1188.72621350
     467   1193.83318492
     468   1198.95110388
     469   1204.07997013
     470   1209.21978393
     471   1214.37054502
     472   1219.53225365
     473   1224.70490958
     474   1229.88851306
     475   1235.08306383
     476   1240.28856216
     477   1245.50500777
     478   1250.73240094
     479   1255.97074141
     480   1261.22002943
     481   1266.48026474
     482   1271.75144762
     483   1277.03357778
     484   1282.32665551
     485   1287.63068053
     486   1292.94565312
     487   1298.27157300
     488   1303.60844045
     489   1308.95625519
     490   1314.31501750
     491   1319.68472710
     492   1325.06538427
     493   1330.45698874
     494   1335.85954078
     495   1341.27304012
     496   1346.69748703
     497   1352.13288123
     498   1357.57922302
     499   1363.03651210
     500   1368.50474875
     501   1373.98393271
     502   1379.47406424
     503   1384.97514307
     504   1390.48716948
     505   1396.01014319
     506   1401.54406449
     507   1407.08893308
     508   1412.64474926
     509   1418.21151273
     510   1423.78922379
     511   1429.37788215
     512   1434.97748810
     513   1440.58804135
     514   1446.20954219
     515   1451.84199033
     516   1457.48538607
     517   1463.13972909
     518   1468.80501972
     519   1474.48125765
     520   1480.16844317
     521   1485.86657599
     522   1491.57565642
     523   1497.29568414
     524   1503.02665946
     525   1508.76858208
     526   1514.52145231
     527   1520.28526983
     528   1526.06003496
     529   1531.84574739
     530   1537.64240743
     531   1543.45001476
     532   1549.26856971
     533   1555.09807195
     534   1560.93852181
     535   1566.78991896
     536   1572.65226374
     537   1578.52555580
     538   1584.40979549
     539   1590.30498247
     540   1596.21111707
     541   1602.12819897
     542   1608.05622849
     543   1613.99520531
     544   1619.94512975
     545   1625.90600148
     546   1631.87782085
     547   1637.86058751
     548   1643.85430180
     549   1649.85896338
     550   1655.87457260
     551   1661.90112911
     552   1667.93863325
     553   1673.98708469
     554   1680.04648377
     555   1686.11683013
     556   1692.19812414
     557   1698.29036543
     558   1704.39355438
     559   1710.50769061
     560   1716.63277449
     561   1722.76880565
     562   1728.91578447
     563   1735.07371057
     564   1741.24258433
     565   1747.42240537
     566   1753.61317407
     567   1759.81489005
     568   1766.02755369
     569   1772.25116461
     570   1778.48572320
     571   1784.73122907
     572   1790.98768260
     573   1797.25508341
     574   1803.53343190
     575   1809.82272766
     576   1816.12297109
     577   1822.43416180
     578   1828.75630019
     579   1835.08938585
     580   1841.43341919
     581   1847.78839981
     582   1854.15432810
     583   1860.53120367
     584   1866.91902692
     585   1873.31779745
     586   1879.72751566
     587   1886.14818115
     588   1892.57979432
     589   1899.02235477
     590   1905.47586290
     591   1911.94031831
     592   1918.41572141
     593   1924.90207178
     594   1931.39936985
     595   1937.90761519
     596   1944.42680822
     597   1950.95694853
     598   1957.49803653
     599   1964.05007180
     600   1970.61305478
     601   1977.18698502
     602   1983.77186297
     603   1990.36768818
     604   1996.97446111
     605   2003.59218130
     606   2010.22084920
     607   2016.86046436
     608   2023.51102724
     609   2030.17253738
     610   2036.84499524
     611   2043.52840036
     612   2050.22275320
     613   2056.92805331
     614   2063.64430113
     615   2070.37149621
     616   2077.10963902
     617   2083.85872909
     618   2090.61876689
     619   2097.38975194
     620   2104.17168472
     621   2110.96456477
     622   2117.76839254
     623   2124.58316757
     624   2131.40889034
     625   2138.24556036
     626   2145.09317812
     627   2151.95174313
     628   2158.82125589
     629   2165.70171589
     630   2172.59312365
     631   2179.49547865
     632   2186.40878140
     633   2193.33303140
     634   2200.26822915
     635   2207.21437415
     636   2214.17146691
     637   2221.13950691
     638   2228.11849466
     639   2235.10842967
     640   2242.10931243
     641   2249.12114244
     642   2256.14392021
     643   2263.17764522
     644   2270.22231800
     645   2277.27793802
     646   2284.34450581
     647   2291.42202084
     648   2298.51048364
     649   2305.60989368
     650   2312.72025150
     651   2319.84155655
     652   2326.97380938
     653   2334.11700945
     654   2341.27115730
     655   2348.43625238
     656   2355.61229525
     657   2362.79928535
     658   2369.99722323
     659   2377.20610836
     660   2384.42594126
     661   2391.65672141
     662   2398.89844934
     663   2406.15112451
     664   2413.41474746
     665   2420.68931765
     666   2427.97483564
     667   2435.27130085
     668   2442.57871386
     669   2449.89707411
     670   2457.22638215
     671   2464.56663743
     672   2471.91784050
     673   2479.27999081
     674   2486.65308891
     675   2494.03713425
     676   2501.43212740
     677   2508.83806777
     678   2516.25495595
     679   2523.68279136
     680   2531.12157458
     681   2538.57130503
     682   2546.03198329
     683   2553.50360877
     684   2560.98618208
     685   2568.47970261
     686   2575.98417095
     687   2583.49958652
     688   2591.02594992
     689   2598.56326053
     690   2606.11151897
     691   2613.67072463
     692   2621.24087812
     693   2628.82197883
     694   2636.41402738
     695   2644.01702313
     696   2651.63096673
     697   2659.25585754
     698   2666.89169619
     699   2674.53848205
     700   2682.19621575
     701   2689.86489667
     702   2697.54452543
     703   2705.23510141
     704   2712.93662523
     705   2720.64909626
     706   2728.37251514
     707   2736.10688124
     708   2743.85219518
     709   2751.60845634
     710   2759.37566535
     711   2767.15382156
     712   2774.94292564
     713   2782.74297692
     714   2790.55397607
     715   2798.37592242
     716   2806.20881663
     717   2814.05265805
     718   2821.90744734
     719   2829.77318382
     720   2837.64986818
     721   2845.53749974
     722   2853.43607918
     723   2861.34560581
     724   2869.26608032
     725   2877.19750203
     726   2885.13987162
     727   2893.09318841
     728   2901.05745308
     729   2909.03266494
     730   2917.01882470
     731   2925.01593164
     732   2933.02398648
     733   2941.04298851
     734   2949.07293843
     735   2957.11383554
     736   2965.16568055
     737   2973.22847275
     738   2981.30221285
     739   2989.38690013
     740   2997.48253532
     741   3005.58911770
     742   3013.70664798
     743   3021.83512545
     744   3029.97455083
     745   3038.12492338
     746   3046.28624386
     747   3054.45851151
     748   3062.64172708
     749   3070.83588983
     750   3079.04100050
     751   3087.25705835
     752   3095.48406413
     753   3103.72201707
     754   3111.97091795
     755   3120.23076600
     756   3128.50156198
     757   3136.78330513
     758   3145.07599622
     759   3153.37963448
     760   3161.69422068
     761   3170.01975405
     762   3178.35623536
     763   3186.70366383
     764   3195.06204025
     765   3203.43136384
     766   3211.81163537
     767   3220.20285407
     768   3228.60502072
     769   3237.01813453
     770   3245.44219630
     771   3253.87720523
     772   3262.32316212
     773   3270.78006617
     774   3279.24791818
     775   3287.72671734
     776   3296.21646448
     777   3304.71715877
     778   3313.22880103
     779   3321.75139044
     780   3330.28492783
     781   3338.82941236
     782   3347.38484488
     783   3355.95122454
     784   3364.52855219
     785   3373.11682698
     786   3381.71604976
     787   3390.32621968
     788   3398.94733760
     789   3407.57940265
     790   3416.22241571
     791   3424.87637589
     792   3433.54128408
     793   3442.21713941
     794   3450.90394274
     795   3459.60169320
     796   3468.31039168
     797   3477.03003728
     798   3485.76063090
     799   3494.50217164
     800   3503.25466041
     801   3512.01809629
     802   3520.79248020
     803   3529.57781124
     804   3538.37409030
     805   3547.18131648
     806   3555.99949069
     807   3564.82861203
     808   3573.66868139
     809   3582.51969787
     810   3591.38166239
     811   3600.25457403
     812   3609.13843371
     813   3618.03324050
     814   3626.93899533
     815   3635.85569728
     816   3644.78334728
     817   3653.72194439
     818   3662.67148955
     819   3671.63198182
     820   3680.60342214
     821   3689.58580957
     822   3698.57914506
     823   3707.58342766
     824   3716.59865832
     825   3725.62483608
     826   3734.66196191
     827   3743.71003484
     828   3752.76905585
     829   3761.83902395
     830   3770.91994013
     831   3780.01180340
     832   3789.11461476
     833   3798.22837320
     834   3807.35307974
     835   3816.48873336
     836   3825.63533508
     837   3834.79288388
     838   3843.96138077
     839   3853.14082476
     840   3862.33121684
     841   3871.53255600
     842   3880.74484327
     843   3889.96807762
     844   3899.20226007
     845   3908.44738961
     846   3917.70346725
     847   3926.97049197
     848   3936.24846481
     849   3945.53738473
     850   3954.83725276
     851   3964.14806786
     852   3973.46983109
     853   3982.80254139
     854   3992.14619981
     855   4001.50080531
     856   4010.86635894
     857   4020.24285963
     858   4029.63030846
     859   4039.02870435
     860   4048.43804838
     861   4057.85833948
     862   4067.28957872
     863   4076.73176501
     864   4086.18489946
     865   4095.64898096
     866   4105.12401062
     867   4114.60998733
     868   4124.10691221
     869   4133.61478413
     870   4143.13360421
     871   4152.66337135
     872   4162.20408665
     873   4171.75574899
     874   4181.31835951
     875   4190.89191708
     876   4200.47642282
     877   4210.07187560
     878   4219.67827656
     879   4229.29562456
     880   4238.92392075
     881   4248.56316397
     882   4258.21335539
     883   4267.87449384
     884   4277.54658048
     885   4287.22961415
     886   4296.92359603
     887   4306.62852493
     888   4316.34440204
     889   4326.07122617
     890   4335.80899851
     891   4345.55771788
     892   4355.31738546
     893   4365.08800005
     894   4374.86956287
     895   4384.66207271
     896   4394.46553077
     897   4404.27993584
     898   4414.10528915
     899   4423.94158946
     900   4433.78883801
     901   4443.64703356
     902   4453.51617736
     903   4463.39626816
     904   4473.28730721
     905   4483.18929326
     906   4493.10222756
     907   4503.02610885
     908   4512.96093841
     909   4522.90671495
     910   4532.86343976
     911   4542.83111156
     912   4552.80973163
     913   4562.79929869
     914   4572.79981402
     915   4582.81127633
     916   4592.83368692
     917   4602.86704449
     918   4612.91135035
     919   4622.96660318
     920   4633.03280430
     921   4643.10995240
     922   4653.19804879
     923   4663.29709216
     924   4673.40708382
     925   4683.52802245
     926   4693.65990938
     927   4703.80274329
     928   4713.95652550
     929   4724.12125467
     930   4734.29693216
     931   4744.48355661
     932   4754.68112938
     933   4764.88964910
     934   4775.10911715
     935   4785.33953216
     936   4795.58089549
     937   4805.83320577
     938   4816.09646440
     939   4826.37066996
     940   4836.65582387
     941   4846.95192473
     942   4857.25897393
     943   4867.57697007
     944   4877.90591456
     945   4888.24580599
     946   4898.59664578
     947   4908.95843250
     948   4919.33116758
     949   4929.71484960
     950   4940.10947999
     951   4950.51505730
     952   4960.93158298
     953   4971.35905559
     954   4981.79747658
     955   4992.24684449
     956   5002.70716079
     957   5013.17842401
     958   5023.66063561
     959   5034.15379413
     960   5044.65790105
     961   5055.17295487
     962   5065.69895710
     963   5076.23590623
     964   5086.78380378
     965   5097.34264823
     966   5107.91244109
     967   5118.49318085
     968   5129.08486903
     969   5139.68750410
     970   5150.30108761
     971   5160.92561800
     972   5171.56109683
     973   5182.20752255
     974   5192.86489670
     975   5203.53321774
     976   5214.21248722
     977   5224.90270358
     978   5235.60386840
     979   5246.31598009
     980   5257.03904023
     981   5267.77304725
     982   5278.51800274
     983   5289.27390509
     984   5300.04075591
     985   5310.81855359
     986   5321.60729975
     987   5332.40699277
     988   5343.21763428
     989   5354.03922264
     990   5364.87175949
     991   5375.71524319
     992   5386.56967538
     993   5397.43505442
     994   5408.31138197
     995   5419.19865636
     996   5430.09687926
     997   5441.00604899
     998   5451.92616724
     999   5462.85723233
    1000   5473.79924594
    1001   5484.75220637
    1002   5495.71611534
    1003   5506.69097113
    1004   5517.67677546
    1005   5528.67352661
    1006   5539.68122630
    1007   5550.69987281
    1008   5561.72946786
    1009   5572.77000973
    1010   5583.82150016
    1011   5594.88393739
    1012   5605.95732318
    1013   5617.04165578
    1014   5628.13693695
    1015   5639.24316492
    1016   5650.36034146
    1017   5661.48846480
    1018   5672.62753672
    1019   5683.77755543
    1020   5694.93852273
    1021   5706.11043682
    1022   5717.29329950
    1023   5728.48710896
    1024   5739.69186703
    1025   5750.90757187
    1026   5762.13422533
    1027   5773.37182555
    1028   5784.62037439
    1029   5795.87987001
    1030   5807.15031424
    1031   5818.43170524
    1032   5829.72404487
    1033   5841.02733125
    1034   5852.34156628
    1035   5863.66674806
    1036   5875.00287848
    1037   5886.34995565
    1038   5897.70798148
    1039   5909.07695405
    1040   5920.45687528
    1041   5931.84774324
    1042   5943.24955988
    1043   5954.66232325
    1044   5966.08603529
    1045   5977.52069406
    1046   5988.96630152
    1047   6000.42285570
    1048   6011.89035856
    1049   6023.36880815
    1050   6034.85820643
    1051   6046.35855143
    1052   6057.86984513
    1053   6069.39208554
    1054   6080.92527467
    1055   6092.46941049
    1056   6104.02449504
    1057   6115.59052628
    1058   6127.16750625
    1059   6138.75543291
    1060   6150.35430831
    1061   6161.96413040
    1062   6173.58490123
    1063   6185.21661874
    1064   6196.85928500
    1065   6208.51289794
    1066   6220.17745963
    1067   6231.85296800
    1068   6243.53942514
    1069   6255.23682894
    1070   6266.94518151
    1071   6278.66448075
    1072   6290.39472876
    1073   6302.13592344
    1074   6313.88806690
    1075   6325.65115701
    1076   6337.42519592
    1077   6349.21018147
    1078   6361.00611583
    1079   6372.81299683
    1080   6384.63082664
    1081   6396.45960309
    1082   6408.29932835
    1083   6420.15000025
    1084   6432.01162097
    1085   6443.88418832
    1086   6455.76770450
    1087   6467.66216730
    1088   6479.56757895
    1089   6491.48393720
    1090   6503.41124431
    1091   6515.34949803
    1092   6527.29870061
    1093   6539.25884978
    1094   6551.22994783
    1095   6563.21199247
    1096   6575.20498599
    1097   6587.20892610
    1098   6599.22381509
    1099   6611.24965067
    1100   6623.28643514
    1101   6635.33416619
    1102   6647.39284614
    1103   6659.46247266
    1104   6671.54304809
    1105   6683.63457009
    1106   6695.73704101
    1107   6707.85045848
    1108   6719.97482489
    1109   6732.11013784
    1110   6744.25639974
    1111   6756.41360818
    1112   6768.58176557
    1113   6780.76086949
    1114   6792.95092238
    1115   6805.15192179
    1116   6817.36387017
    1117   6829.58676508
    1118   6841.82060896
    1119   6854.06539935
    1120   6866.32113874
    1121   6878.58782463
    1122   6890.86545952
    1123   6903.15404091
    1124   6915.45357131
    1125   6927.76404820
    1126   6940.08547411
    1127   6952.41784650
    1128   6964.76116792
    1129   6977.11543582
    1130   6989.48065276
    1131   7001.85681617
    1132   7014.24392862
    1133   7026.64198754
    1134   7039.05099551
    1135   7051.47094995
    1136   7063.90185344
    1137   7076.34370339
    1138   7088.79650241
    1139   7101.26024788
    1140   7113.73494243
    1141   7126.22058342
    1142   7138.71717349
    1143   7151.22471001
    1144   7163.74319562
    1145   7176.27262765
    1146   7188.81300880
    1147   7201.36433637
    1148   7213.92661305
    1149   7226.49983615
    1150   7239.08400838
    1151   7251.67912700
    1152   7264.28519477
    1153   7276.90220894
    1154   7289.53017225
    1155   7302.16908196
    1156   7314.81894082
    1157   7327.47974607
    1158   7340.15150048
    1159   7352.83420127
    1160   7365.52785124
    1161   7378.23244757
    1162   7390.94799309
    1163   7403.67448497
    1164   7416.41192606
    1165   7429.16031349
    1166   7441.91965013
    1167   7454.68993312
    1168   7467.47116533
    1169   7480.26334387
    1170   7493.06647164
    1171   7505.88054574
    1172   7518.70556909
    1173   7531.54153875
    1174   7544.38845766
    1175   7557.24632289
    1176   7570.11513737
    1177   7582.99489816
    1178   7595.88560823
    1179   7608.78726459
    1180   7621.69987023
    1181   7634.62342216
    1182   7647.55792339
    1183   7660.50337089
    1184   7673.45976770
    1185   7686.42711078
    1186   7699.40540318
    1187   7712.39464184
    1188   7725.39482983
    1189   7738.40596406
    1190   7751.42804764
    1191   7764.46107746
    1192   7777.50505664
    1193   7790.55998205
    1194   7803.62585682
    1195   7816.70267782
    1196   7829.79044819
    1197   7842.88916477
    1198   7855.99883075
    1199   7869.11944293
    1200   7882.25100451
    1201   7895.39351229
    1202   7908.54696948
    1203   7921.71137285
    1204   7934.88672565
    1205   7948.07302463
    1206   7961.27027304
    1207   7974.47846762
    1208   7987.69761165
    1209   8000.92770183
    1210   8014.16874148
    1211   8027.42072727
    1212   8040.68366254
    1213   8053.95754394
    1214   8067.24237483
    1215   8080.53815185
    1216   8093.84487837
    1217   8107.16255100
    1218   8120.49117315
    1219   8133.83074140
    1220   8147.18125918
    1221   8160.54272305
    1222   8173.91513646
    1223   8187.29849596
    1224   8200.69280500
    1225   8214.09806013
    1226   8227.51426481
    1227   8240.94141556
    1228   8254.37951589
    1229   8267.82856227
    1230   8281.28855825
    1231   8294.75950026
    1232   8308.24139188
    1233   8321.73422953
    1234   8335.23801680
    1235   8348.75275009
    1236   8362.27843301
    1237   8375.81506194
    1238   8389.36264052
    1239   8402.92116509
    1240   8416.49063932
    1241   8430.07105955
    1242   8443.66242944
    1243   8457.26474531
    1244   8470.87801086
    1245   8484.50222238
    1246   8498.13738360
    1247   8511.78349078
    1248   8525.44054766
    1249   8539.10855049
    1250   8552.78750305
    1251   8566.47740154
    1252   8580.17824976
    1253   8593.89004391
    1254   8607.61278782
    1255   8621.34647763
    1256   8635.09111721
    1257   8648.84670269
    1258   8662.61323795
    1259   8676.39071910
    1260   8690.17915004
    1261   8703.97852686
    1262   8717.78885349
    1263   8731.61012598
    1264   8745.44234830
    1265   8759.28551647
    1266   8773.13963447
    1267   8787.00469832
    1268   8800.88071202
    1269   8814.76767155
    1270   8828.66558094
    1271   8842.57443615
    1272   8856.49424124
    1273   8870.42499214
    1274   8884.36669293
    1275   8898.31933952
    1276   8912.28293601
    1277   8926.25747829
    1278   8940.24297049
    1279   8954.23940846
    1280   8968.24679637
    1281   8982.26513003
    1282   8996.29441365
    1283   9010.33464301
    1284   9024.38582235
    1285   9038.44794741
    1286   9052.52102246
    1287   9066.60504322
    1288   9080.70001399
    1289   9094.80593045
    1290   9108.92279695
    1291   9123.05060912
    1292   9137.18937133
    1293   9151.33907922
    1294   9165.49973716
    1295   9179.67134075
    1296   9193.85389442
    1297   9208.04739373
    1298   9222.25184313
    1299   9236.46723815
    1300   9250.69358329
    1301   9264.93087403
    1302   9279.17911490
    1303   9293.43830136
    1304   9307.70843797
    1305   9321.98952016
    1306   9336.28155251
    1307   9350.58453043
    1308   9364.89845852
    1309   9379.22333216
    1310   9393.55915600
    1311   9407.90592537
    1312   9422.26364496
    1313   9436.63231007
    1314   9451.01192540
    1315   9465.40248625
    1316   9479.80399734
    1317   9494.21645392
    1318   9508.63986076
    1319   9523.07421308
    1320   9537.51951569
    1321   9551.97576375
    1322   9566.44296211
    1323   9580.92110592
    1324   9595.41020005
    1325   9609.91023960
    1326   9624.42122949
    1327   9638.94316479
    1328   9653.47605045
    1329   9668.01988151
    1330   9682.57466294
    1331   9697.14038975
    1332   9711.71706695
    1333   9726.30468951
    1334   9740.90326249
    1335   9755.51278081
    1336   9770.13324956
    1337   9784.76466365
    1338   9799.40702818
    1339   9814.06033802
    1340   9828.72459834
    1341   9843.39980395
    1342   9858.08596005
    1343   9872.78306143
    1344   9887.49111331
    1345   9902.21011046
    1346   9916.94005813
    1347   9931.68095105
    1348   9946.43279452
    1349   9961.19558320
    1350   9975.96932247
    1351   9990.75400693
    1352  10005.54964199
    1353  10020.35622223
    1354  10035.17375309
    1355  10050.00222911
    1356  10064.84165576
    1357  10079.69202757
    1358  10094.55335002
    1359  10109.42561761
    1360  10124.30883588
    1361  10139.20299925
    1362  10154.10811332
    1363  10169.02417248
    1364  10183.95118236
    1365  10198.88913731
    1366  10213.83804300
    1367  10228.79789375
    1368  10243.76869525
    1369  10258.75044179
    1370  10273.74313911
    1371  10288.74678145
    1372  10303.76137459
    1373  10318.78691272
    1374  10333.82340168
    1375  10348.87083561
    1376  10363.92922040
    1377  10378.99855013
    1378  10394.07883074
    1379  10409.17005628
    1380  10424.27223272
    1381  10439.38535406
    1382  10454.50942633
    1383  10469.64444348
    1384  10484.79041157
    1385  10499.94732454
    1386  10515.11518847
    1387  10530.29399724
    1388  10545.48375701
    1389  10560.68446159
    1390  10575.89611720
    1391  10591.11871760
    1392  10606.35226904
    1393  10621.59676526
    1394  10636.85221255
    1395  10652.11860458
    1396  10667.39594771
    1397  10682.68423557
    1398  10697.98347455
    1399  10713.29365823
    1400  10728.61479305
    1401  10743.94687256
    1402  10759.28990323
    1403  10774.64387856
    1404  10790.00880509
    1405  10805.38467625
    1406  10820.77149863
    1407  10836.16926562
    1408  10851.57798385
    1409  10866.99764667
    1410  10882.42826076
    1411  10897.86981942
    1412  10913.32232937
    1413  10928.78578386
    1414  10944.26018967
    1415  10959.74553999
    1416  10975.24184167
    1417  10990.74908783
    1418  11006.26728537
    1419  11021.79642737
    1420  11037.33652078
    1421  11052.88755862
    1422  11068.44954790
    1423  11084.02248158
    1424  11099.60636673
    1425  11115.20119626
    1426  11130.80697728
    1427  11146.42370265
    1428  11162.05137955
    1429  11177.69000077
    1430  11193.33957354
    1431  11209.00009061
    1432  11224.67155925
    1433  11240.35397217
    1434  11256.04733670
    1435  11271.75164547
    1436  11287.46690588
    1437  11303.19311050
    1438  11318.93026679
    1439  11334.67836726
    1440  11350.43741944
    1441  11366.20741577
    1442  11381.98836383
    1443  11397.78025601
    1444  11413.58309996
    1445  11429.39688801
    1446  11445.22162784
    1447  11461.05731175
    1448  11476.90394747
    1449  11492.76152724
    1450  11508.63005885
    1451  11524.50953448
    1452  11540.39996199
    1453  11556.30133348
    1454  11572.21365688
    1455  11588.13692423
    1456  11604.07114354
    1457  11620.01630675
    1458  11635.97242195
    1459  11651.93948103
    1460  11667.91749213
    1461  11683.90644708
    1462  11699.90635407
    1463  11715.91720489
    1464  11731.93900779
    1465  11747.97175447
    1466  11764.01545328
    1467  11780.07009583
    1468  11796.13569054
    1469  11812.21222896
    1470  11828.29971957
    1471  11844.39815386
    1472  11860.50754038
    1473  11876.62787055
    1474  11892.75915297
    1475  11908.90137901
    1476  11925.05455735
    1477  11941.21867926
    1478  11957.39375350
    1479  11973.57977129
    1480  11989.77674144
    1481  12005.98465510
    1482  12022.20352117
    1483  12038.43333071
    1484  12054.67409269
    1485  12070.92579810
    1486  12087.18845599
    1487  12103.46205728
    1488  12119.74661109
    1489  12136.04210825
    1490  12152.34855798
    1491  12168.66595102
    1492  12184.99429666
    1493  12201.33358558
    1494  12217.68382714
    1495  12234.04501194
    1496  12250.41714941
    1497  12266.80023009
    1498  12283.19426349
    1499  12299.59924004
    1500  12316.01516935
    1501  12332.44204179
    1502  12348.87986702
    1503  12365.32863533
    1504  12381.78835649
    1505  12398.25902068
    1506  12414.74063776
    1507  12431.23319783
    1508  12447.73671083
    1509  12464.25116678
    1510  12480.77657570
    1511  12497.31292753
    1512  12513.86023237
    1513  12530.41848008
    1514  12546.98768085
    1515  12563.56782443
    1516  12580.15892113
    1517  12596.76096059
    1518  12613.37395321
    1519  12629.99788855
    1520  12646.63277709
    1521  12663.27860831
    1522  12679.93539278
    1523  12696.60311988
    1524  12713.28180026
    1525  12729.97142324
    1526  12746.67199955
    1527  12763.38351841
    1528  12780.10599065
    1529  12796.83940538
    1530  12813.58377354
    1531  12830.33908415
    1532  12847.10534823
    1533  12863.88255472
    1534  12880.67071473
    1535  12897.46981708
    1536  12914.27987302
    1537  12931.10087125
    1538  12947.93282311
    1539  12964.77571722
    1540  12981.62956500
    1541  12998.49435498
    1542  13015.37009868
    1543  13032.25678453
    1544  13049.15442416
    1545  13066.06300588
    1546  13082.98254143
    1547  13099.91301902
    1548  13116.85445050
    1549  13133.80682395
    1550  13150.77015135
    1551  13167.74442067
    1552  13184.72964399
    1553  13201.72580918
    1554  13218.73292842
    1555  13235.75098947
    1556  13252.78000463
    1557  13269.81996154
    1558  13286.87087262
    1559  13303.93272539
    1560  13321.00553239
    1561  13338.08928102
    1562  13355.18398393
    1563  13372.28962842
    1564  13389.40622726
    1565  13406.53376760
    1566  13423.67226235
    1567  13440.82169855
    1568  13457.98208921
    1569  13475.15342126
    1570  13492.33570783
    1571  13509.52893573
    1572  13526.73311822
    1573  13543.94824197
    1574  13561.17432036
    1575  13578.41133996
    1576  13595.65931426
    1577  13612.91822970
    1578  13630.18809991
    1579  13647.46891119
    1580  13664.76067730
    1581  13682.06338442
    1582  13699.37704644
    1583  13716.70164940
    1584  13734.03720732
    1585  13751.38370610
    1586  13768.74115993
    1587  13786.10955454
    1588  13803.48890427
    1589  13820.87919471
    1590  13838.28044033
    1591  13855.69262660
    1592  13873.11576811
    1593  13890.54985020
    1594  13907.99488760
    1595  13925.45086551
    1596  13942.91779881
    1597  13960.39567253
    1598  13977.88450171
    1599  13995.38427125
    1600  14012.89499631
    1601  14030.41666166
    1602  14047.94928260
    1603  14065.49284375
    1604  14083.04736058
    1605  14100.61281753
    1606  14118.18923023
    1607  14135.77658298
    1608  14153.37489156
    1609  14170.98414010
    1610  14188.60434455
    1611  14206.23548887
    1612  14223.87758919
    1613  14241.53062930
    1614  14259.19462549
    1615  14276.86956138
    1616  14294.55545343
    1617  14312.25228509
    1618  14329.96007300
    1619  14347.67880043
    1620  14365.40848419
    1621  14383.14910739
    1622  14400.90068701
    1623  14418.66320597
    1624  14436.43668143
    1625  14454.22109615
    1626  14472.01646745
    1627  14489.82277792
    1628  14507.64004506
    1629  14525.46825128
    1630  14543.30741426
    1631  14561.15751621
    1632  14579.01857502
    1633  14596.89057271
    1634  14614.77352735
    1635  14632.66742076
    1636  14650.57227123
    1637  14668.48806036
    1638  14686.41480664
    1639  14704.35249150
    1640  14722.30113359
    1641  14740.26071416
    1642  14758.23125206
    1643  14776.21272833
    1644  14794.20516203
    1645  14812.20853400
    1646  14830.22286350
    1647  14848.24813116
    1648  14866.28435645
    1649  14884.33151979
    1650  14902.38964087
    1651  14920.45869989
    1652  14938.53871676
    1653  14956.62967144
    1654  14974.73158408
    1655  14992.84443443
    1656  15010.96824284
    1657  15029.10298884
    1658  15047.24869301
    1659  15065.40533466
    1660  15083.57293459
    1661  15101.75147187
    1662  15119.94096756
    1663  15138.14140047
    1664  15156.35279190
    1665  15174.57512043
    1666  15192.80840760
    1667  15211.05263174
    1668  15229.30781464
    1669  15247.57393439
    1670  15265.85101301
    1671  15284.13902835
    1672  15302.43800269
    1673  15320.74791361
    1674  15339.06878367
    1675  15357.40059016
    1676  15375.74335592
    1677  15394.09705798
    1678  15412.46171943
    1679  15430.83731704
    1680  15449.22387418
    1681  15467.62136734
    1682  15486.02982015
    1683  15504.44920884
    1684  15522.87955732
    1685  15541.32084154
    1686  15559.77308568
    1687  15578.23626541
    1688  15596.71040520
    1689  15615.19548043
    1690  15633.69151587
    1691  15652.19848658
    1692  15670.71641766
    1693  15689.24528385
    1694  15707.78511054
    1695  15726.33587220
    1696  15744.89759451
    1697  15763.47025162
    1698  15782.05386953
    1699  15800.64842208
    1700  15819.25393558
    1701  15837.87038356
    1702  15856.49779265
    1703  15875.13613603
    1704  15893.78544070
    1705  15912.44567948
    1706  15931.11687971
    1707  15949.79901387
    1708  15968.49210965
    1709  15987.19613919
    1710  16005.91113050
    1711  16024.63705539
    1712  16043.37394224
    1713  16062.12176247
    1714  16080.88054483
    1715  16099.65026039
    1716  16118.43093825
    1717  16137.22254912
    1718  16156.02512247
    1719  16174.83862863
    1720  16193.66309746
    1721  16212.49849889
    1722  16231.34486319
    1723  16250.20215988
    1724  16269.07041963
    1725  16287.94961157
    1726  16306.83976675
    1727  16325.74085391
    1728  16344.65290452
    1729  16363.57588688
    1730  16382.50983290
    1731  16401.45471045
    1732  16420.41055186
    1733  16439.37732458
    1734  16458.35506137
    1735  16477.34372924
    1736  16496.34336140
    1737  16515.35392439
    1738  16534.37545190
    1739  16553.40791000
    1740  16572.45133283
    1741  16591.50568602
    1742  16610.57100418
    1743  16629.64725243
    1744  16648.73446588
    1745  16667.83260918
    1746  16686.94171791
    1747  16706.06175623
    1748  16725.19276023
    1749  16744.33469355
    1750  16763.48759279
    1751  16782.65142108
    1752  16801.82621555
    1753  16821.01193880
    1754  16840.20862848
    1755  16859.41624665
    1756  16878.63483151
    1757  16897.86434459
    1758  16917.10482462
    1759  16936.35623257
    1760  16955.61860776
    1761  16974.89191056
    1762  16994.17618087
    1763  17013.47137849
    1764  17032.77754391
    1765  17052.09463633
    1766  17071.42269683
    1767  17090.76168402
    1768  17110.11163959
    1769  17129.47252151
    1770  17148.84437212
    1771  17168.22714875
    1772  17187.62089438
    1773  17207.02556568
    1774  17226.44120631
    1775  17245.86777226
    1776  17265.30530785
    1777  17284.75376842
    1778  17304.21319896
    1779  17323.68355411
    1780  17343.16487957
    1781  17362.65712927
    1782  17382.16034963
    1783  17401.67449384
    1784  17421.19960906
    1785  17440.73564775
    1786  17460.28265782
    1787  17479.84059096
    1788  17499.40949584
    1789  17518.98932338
    1790  17538.58012305
    1791  17558.18184496
    1792  17577.79453938
    1793  17597.41815562
    1794  17617.05274478
    1795  17636.69825531
    1796  17656.35473916
    1797  17676.02214394
    1798  17695.70052246
    1799  17715.38982145
    1800  17735.09009460
    1801  17754.80128776
    1802  17774.52345552
    1803  17794.25654279
    1804  17814.00060512
    1805  17833.75558648
    1806  17853.52154334
    1807  17873.29841873
    1808  17893.08627010
    1809  17912.88503947
    1810  17932.69478530
    1811  17952.51544861
    1812  17972.34708888
    1813  17992.18964607
    1814  18012.04318073
    1815  18031.90763176
    1816  18051.78306078
    1817  18071.66940558
    1818  18091.56672892
    1819  18111.47496746
    1820  18131.39418508
    1821  18151.32431729
    1822  18171.26542915
    1823  18191.21745498
    1824  18211.18046103
    1825  18231.15438042
    1826  18251.13928063
    1827  18271.13509352
    1828  18291.14188784
    1829  18311.15959417
    1830  18331.18828256
    1831  18351.22788226
    1832  18371.27846467
    1833  18391.33995769
    1834  18411.41243408
    1835  18431.49582034
    1836  18451.59019066
    1837  18471.69547010
    1838  18491.81173429
    1839  18511.93890684
    1840  18532.07706487
    1841  18552.22613046
    1842  18572.38618226
    1843  18592.55714081
    1844  18612.73908634
    1845  18632.93193778
    1846  18653.13577698
    1847  18673.35052123
    1848  18693.57625405
    1849  18713.81289102
    1850  18734.06051741
    1851  18754.31904703
    1852  18774.58856693
    1853  18794.86898910
    1854  18815.16040245
    1855  18835.46271709
    1856  18855.77602383
    1857  18876.10023085
    1858  18896.43543092
    1859  18916.78153023
    1860  18937.13862356
    1861  18957.50661507
    1862  18977.88560159
    1863  18998.27548519
    1864  19018.67636486
    1865  19039.08814045
    1866  19059.51091318
    1867  19079.94458066
    1868  19100.38924639
    1869  19120.84480565
    1870  19141.31136430
    1871  19161.78881523
    1872  19182.27726674
    1873  19202.77660921
    1874  19223.28695351
    1875  19243.80818742
    1876  19264.34042442
    1877  19284.88354963
    1878  19305.43767926
    1879  19326.00269566
    1880  19346.57871784
    1881  19367.16562529
    1882  19387.76353993
    1883  19408.37233830
    1884  19428.99214532
    1885  19449.62283446
    1886  19470.26453379
    1887  19490.91711356
    1888  19511.58070510
    1889  19532.25517535
    1890  19552.94065901
    1891  19573.63701958
    1892  19594.34439527
    1893  19615.06264601
    1894  19635.79191363
    1895  19656.53205437
    1896  19677.28321383
    1897  19698.04524440
    1898  19718.81829559
    1899  19739.60221581
    1900  19760.39715864
    1901  19781.20296831
    1902  19802.01980268
    1903  19822.84750163
    1904  19843.68622742
    1905  19864.53581543
    1906  19885.39643255
    1907  19906.26790942
    1908  19927.15041774
    1909  19948.04378327
    1910  19968.94818268
    1911  19989.86343662
    1912  20010.78972701
    1913  20031.72686914
    1914  20052.67505039
    1915  20073.63408047
    1916  20094.60415245
    1917  20115.58507022
    1918  20136.57703281
    1919  20157.57983800
    1920  20178.59369108
    1921  20199.61838343
    1922  20220.65412686
    1923  20241.70070606
    1924  20262.75833972
    1925  20283.82680548
    1926  20304.90632922
    1927  20325.99668124
    1928  20347.09809492
    1929  20368.21033286
    1930  20389.33363635
    1931  20410.46775985
    1932  20431.61295301
    1933  20452.76896173
    1934  20473.93604439
    1935  20495.11393795
    1936  20516.30290998
    1937  20537.50268797
    1938  20558.71354922
    1939  20579.93521123
    1940  20601.16796154
    1941  20622.41150713
    1942  20643.66614635
    1943  20664.93157505
    1944  20686.20810302
    1945  20707.49541435
    1946  20728.79383091
    1947  20750.10302436
    1948  20771.42332935
    1949  20792.75440436
    1950  20814.09659763
    1951  20835.44955363
    1952  20856.81363501
    1953  20878.18847140
    1954  20899.57444073
    1955  20920.97115686
    1956  20942.37901399
    1957  20963.79760916
    1958  20985.22735393
    1959  21006.66782742
    1960  21028.11945968
    1961  21049.58181070
    1962  21071.05533031
    1963  21092.53955803
    1964  21114.03496485
    1965  21135.54106838
    1966  21157.05836228
    1967  21178.58634067
    1968  21200.12552152
    1969  21221.67537373
    1970  21243.23644144
    1971  21264.80816638
    1972  21286.39112085
    1973  21307.98471733
    1974  21329.58955849
    1975  21351.20502522
    1976  21372.83175304
    1977  21394.46908862
    1978  21416.11770307
    1979  21437.77690601
    1980  21459.44740714
    1981  21481.12847577
    1982  21502.82086360
    1983  21524.52379616
    1984  21546.23807086
    1985  21567.96286534
    1986  21589.69902704
    1987  21611.44568135
    1988  21633.20373036
    1989  21654.97224206
    1990  21676.75217863
    1991  21698.54254523
    1992  21720.34436989
    1993  21742.15658839
    1994  21763.98030151
    1995  21785.81436897
    1996  21807.65997138
    1997  21829.51588407
    1998  21851.38337625
    1999  21873.26113073
    2000  21895.15051385
    2001  21917.05010556
    2002  21938.96138007
    2003  21960.88280513
    2004  21982.81597250
    2005  22004.75922547
    2006  22026.71428566
    2007  22048.67936264
    2008  22070.65631710
    2009  22092.64321204
    2010  22114.64205915
    2011  22136.65076932
    2012  22158.67150931
    2013  22180.70202929
    2014  22202.74465638
    2015  22224.79698737
    2016  22246.86149760
    2017  22268.93563815
    2018  22291.02201621
    2019  22313.11797711
    2020  22335.22620859
    2021  22357.34399924
    2022  22379.47405031
    2023  22401.61369931
    2024  22423.76553564
    2025  22445.92707214
    2026  22468.10063607
    2027  22490.28410334
    2028  22512.47934413
    2029  22534.68477597
    2030  22556.90166501
    2031  22579.12901773
    2032  22601.36760801
    2033  22623.61672730
    2034  22645.87742108
    2035  22668.14753019
    2036  22690.43124526
    2037  22712.72087053
    2038  22735.03064561
    2039  22757.33483655
    2040  22779.67652293
    2041  22801.98613847
    2042  22824.37865939
    2043  22846.66301345
    2044  22869.14360972
    2045  22891.34612259
    2046  22914.02394262
    2047  22936.00384085
    2048  22959.06261493
 ---------------------------------------
 
SCF converged! Final Ground-State Energy (Eh):              -2.6503114370830785
