 
     Two-Electron DVR    
 ------------------------
 x0     =      15.00000000
 m      =       1.00000000
 Z      =       5.00000000
 n      =              128
 dx     =       0.23622047
 
Soft-Coulomb Parameters:
 alpha  =       0.10000000
 beta   =       0.10000000
 
 
                       Hartree-Fock                      
 --------------------------------------------------------
 no. of orbitals        =              128
 no. of electrons       =                2
 scf_damping_switch     =        F
 scf_diis_switch        =        F
 damping_factor         =   0.00000000
 e_tolerance            = 0.0000000000100000
 maximum scf-iterations =              200
 
 
                       SCF iterations                      
 ----------------------------------------------------------
    S.No    Energy (hartree)        dE (hartree)
 ----------------------------------------------------------
       0    -22.705632639451
       1    -20.375271810509      2.330360828942
       2    -20.394848277563      0.019576467053
       3    -20.395075252447      0.000226974885
       4    -20.395077915695      0.000002663247
       5    -20.395077947422      0.000000031727
       6    -20.395077947803      0.000000000381
       7    -20.395077947808      0.000000000005
 ----------------------------------------------------------
  
 
 
 ---------------------------------------
     Molecular Orbital Energies (Eh)    
 ---------------------------------------
       1     -9.05268013
       2     -2.63754807
       3     -1.38619818
       4     -0.85450871
       5     -0.57894636
       6     -0.41628952
       7     -0.31402982
       8     -0.24023557
       9     -0.17459035
      10     -0.09957589
      11     -0.01187337
      12      0.09116638
      13      0.20588084
      14      0.33525955
      15      0.47489453
      16      0.62903728
      17      0.79243082
      18      0.97043635
      19      1.15691645
      20      1.35820091
      21      1.56735058
      22      1.79149126
      23      2.02304751
      24      2.26971868
      25      2.52351112
      26      2.79244374
      27      3.06836828
      28      3.35933940
      29      3.65732919
      30      3.97014304
      31      4.29016427
      32      4.62465614
      33      4.96668776
      34      5.32270757
      35      5.68674838
      36      6.06417095
      37      6.45022080
      38      6.84892680
      39      7.25700177
      40      7.67689324
      41      8.10700452
      42      8.54798121
      43      9.00015763
      44      9.46213845
      45      9.93640048
      46     10.41929363
      47     10.91568383
      48     11.41941572
      49     11.93796552
      50     12.46244282
      51     13.00321243
      52     13.54836033
      53     14.11139584
      54     14.67710961
      55     15.26249473
      56     15.84869005
      57     16.45649049
      58     17.06304118
      59     17.69337164
      60     18.32017545
      61     18.97312743
      62     19.62002581
      63     20.29575431
      64     20.96261825
      65     21.66124800
      66     22.34787406
      67     23.06961202
      68     23.77583460
      69     24.52084769
      70     25.24640359
      71     26.01496533
      72     26.75964119
      73     27.55197148
      74     28.31542630
      75     29.13188351
      76     29.91384334
      77     30.75471305
      78     31.55473702
      79     32.42048519
      80     33.23822463
      81     34.12921674
      82     34.96410414
      83     35.88094160
      84     36.73253898
      85     37.67568182
      86     38.54326318
      87     39.51348168
      88     40.39650684
      89     41.39436847
      90     42.29191544
      91     43.31839910
      92     44.22981793
      93     45.28560606
      94     46.20973417
      95     47.29606275
      96     48.23214271
      97     49.34980732
      98     50.29637819
      99     51.44693760
     100     52.40315030
     101     53.58750042
     102     54.55150564
     103     55.77163633
     104     56.74252075
     105     57.99941196
     106     58.97476503
     107     60.27105438
     108     61.24992548
     109     62.58668209
     110     63.56572717
     111     64.94671506
     112     65.92496396
     113     67.35140553
     114     68.32376141
     115     69.80163577
     116     70.76721942
     117     72.29799958
     118     73.24814728
     119     74.84263564
     120     75.77751472
     121     77.43712250
     122     78.34001987
     123     80.08827957
     124     80.96709909
     125     82.80222852
     126     83.61445512
     127     85.63033007
     128     86.49492675
 ---------------------------------------
 
SCF converged! Final Ground-State Energy (Eh):             -20.3950779478075752
