 
     Two-Electron DVR    
 ------------------------
 x0     =      15.00000000
 m      =       1.00000000
 Z      =       3.00000000
 n      =             2048
 dx     =       0.01465559
 
Soft-Coulomb Parameters:
 alpha  =       0.10000000
 beta   =       0.10000000
 
 
                       Hartree-Fock                      
 --------------------------------------------------------
 no. of orbitals        =             2048
 no. of electrons       =                2
 scf_damping_switch     =        F
 scf_diis_switch        =        F
 damping_factor         =   0.00000000
 e_tolerance            = 0.0000000000100000
 maximum scf-iterations =              200
 
 
                       SCF iterations                      
 ----------------------------------------------------------
    S.No    Energy (hartree)        dE (hartree)
 ----------------------------------------------------------
       0    -12.596227286460
       1    -10.429000543187      2.167226743273
       2    -10.465300480521      0.036299937334
       3    -10.465903740162      0.000603259641
       4    -10.465914076861      0.000010336699
       5    -10.465914262911      0.000000186050
       6    -10.465914266369      0.000000003458
       7    -10.465914266435      0.000000000066
       8    -10.465914266435      0.000000000000
 ----------------------------------------------------------
  
 
 
 ---------------------------------------
     Molecular Orbital Energies (Eh)    
 ---------------------------------------
       1     -4.18786037
       2     -0.39554698
       3     -0.21170441
       4     -0.11223497
       5     -0.07091405
       6     -0.01740007
       7      0.03333879
       8      0.11443165
       9      0.18808489
      10      0.29639915
      11      0.39218835
      12      0.52583199
      13      0.64375098
      14      0.80149696
      15      0.94177841
      16      1.12275066
      17      1.28563816
      18      1.48919789
      19      1.67487889
      20      1.90056152
      21      2.10915829
      22      2.35662978
      23      2.58820865
      24      2.85723326
      25      3.11181757
      26      3.40223377
      27      3.67981553
      28      3.99151791
      29      4.29206711
      30      4.62499262
      31      4.94846431
      32      5.30258170
      33      5.64892121
      34      6.02422296
      35      6.39336975
      36      6.78986570
      37      7.18175628
      38      7.59946869
      39      8.01403869
      40      8.45299844
      41      8.89018416
      42      9.35042770
      43      9.81016729
      44     10.29173438
      45     10.77396854
      46     11.27690048
      47     11.78157310
      48     12.30591139
      49     12.83296982
      50     13.37875523
      51     13.92815046
      52     14.49542232
      53     15.06710909
      54     15.65590480
      55     16.24984152
      56     16.86019628
      57     17.47634495
      58     18.10829159
      59     18.74661763
      60     19.40018651
      61     20.06065862
      62     20.73587766
      63     21.41846758
      64     22.11536232
      65     22.82004463
      66     23.53863830
      67     24.26539019
      68     25.00570387
      69     25.75450496
      70     26.51655767
      71     27.28738975
      72     28.07119864
      73     28.86404550
      74     29.66962597
      75     30.48447321
      76     31.31183906
      77     32.14867389
      78     32.99783747
      79     33.85664858
      80     34.72762091
      81     35.60839828
      82     36.50118917
      83     37.40392398
      84     38.31854217
      85     39.24322661
      86     40.17967988
      87     41.12630709
      88     42.08460232
      89     43.05316626
      90     44.03330959
      91     45.02380494
      92     46.02580178
      93     47.03822389
      94     48.06207904
      95     49.09642381
      96     50.14214153
      97     51.19840537
      98     52.26598942
      99     53.34416920
     100     54.43362290
     101     55.53371586
     102     56.64504215
     103     57.76704589
     104     58.90024736
     105     60.04415979
     106     61.19923874
     107     62.36505801
     108     63.54201647
     109     64.72974099
     110     65.92858073
     111     67.13820910
     112     68.35893171
     113     69.59046272
     114     70.83306959
     115     72.08650218
     116     73.35099454
     117     74.62632779
     118     75.91270671
     119     77.20993982
     120     78.51820628
     121     79.83733856
     122     81.16749338
     123     82.50852422
     124     83.86056817
     125     85.22349705
     126     86.59743077
     127     87.98225723
     128     89.37808132
     129     90.78480498
     130     92.20251993
     131     93.63114044
     132     95.07074673
     133     96.52126380
     134     97.98276181
     135     99.45517519
     136    100.93856528
     137    102.43287474
     138    103.93815723
     139    105.45436260
     140    106.98153775
     141    108.51963886
     142    110.06870693
     143    111.62870364
     144    113.19966484
     145    114.78155704
     146    116.37441156
     147    117.97819913
     148    119.59294715
     149    121.21863002
     150    122.85527168
     151    124.50284976
     152    126.16138521
     153    127.83085844
     154    129.51128778
     155    131.20265611
     156    132.90497946
     157    134.61824284
     158    136.34246028
     159    138.07761868
     160    139.82373030
     161    141.58078368
     162    143.34878955
     163    145.12773789
     164    146.91763807
     165    148.71848134
     166    150.53027589
     167    152.35301408
     168    154.18670306
     169    156.03133614
     170    157.88691959
     171    159.75344756
     172    161.63092552
     173    163.51934836
     174    165.41872087
     175    167.32903858
     176    169.25030567
     177    171.18251823
     178    173.12567994
     179    175.07978735
     180    177.04484369
     181    179.02084595
     182    181.00779695
     183    183.00569405
     184    185.01453973
     185    187.03433167
     186    189.06507205
     187    191.10675883
     188    193.15939392
     189    195.22297555
     190    197.29750536
     191    199.38298182
     192    201.47940638
     193    203.58677768
     194    205.70509699
     195    207.83436313
     196    209.97457720
     197    212.12573817
     198    214.28784702
     199    216.46090283
     200    218.64490646
     201    220.83985711
     202    223.04575553
     203    225.26260101
     204    227.49039423
     205    229.72913455
     206    231.97882257
     207    234.23945773
     208    236.51104055
     209    238.79357055
     210    241.08704819
     211    243.39147303
     212    245.70684549
     213    248.03316517
     214    250.37043244
     215    252.71864697
     216    255.07780907
     217    257.44791843
     218    259.82897536
     219    262.22097957
     220    264.62393133
     221    267.03783038
     222    269.46267697
     223    271.89847087
     224    274.34521229
     225    276.80290104
     226    279.27153730
     227    281.75112089
     228    284.24165198
     229    286.74313042
     230    289.25555636
     231    291.77892964
     232    294.31325042
     233    296.85851855
     234    299.41473418
     235    301.98189715
     236    304.56000762
     237    307.14906545
     238    309.74907076
     239    312.36002343
     240    314.98192359
     241    317.61477111
     242    320.25856612
     243    322.91330849
     244    325.57899834
     245    328.25563557
     246    330.94322027
     247    333.64175234
     248    336.35123189
     249    339.07165881
     250    341.80303321
     251    344.54535498
     252    347.29862423
     253    350.06284085
     254    352.83800495
     255    355.62411643
     256    358.42117537
     257    361.22918170
     258    364.04813550
     259    366.87803668
     260    369.71888533
     261    372.57068136
     262    375.43342486
     263    378.30711574
     264    381.19175409
     265    384.08733983
     266    386.99387303
     267    389.91135362
     268    392.83978168
     269    395.77915712
     270    398.72948003
     271    401.69075032
     272    404.66296808
     273    407.64613323
     274    410.64024585
     275    413.64530584
     276    416.66131331
     277    419.68826817
     278    422.72617049
     279    425.77502019
     280    428.83481737
     281    431.90556193
     282    434.98725396
     283    438.07989337
     284    441.18348026
     285    444.29801452
     286    447.42349626
     287    450.55992539
     288    453.70730198
     289    456.86562596
     290    460.03489740
     291    463.21511623
     292    466.40628254
     293    469.60839622
     294    472.82145738
     295    476.04546592
     296    479.28042194
     297    482.52632534
     298    485.78317621
     299    489.05097446
     300    492.32972019
     301    495.61941329
     302    498.92005388
     303    502.23164184
     304    505.55417728
     305    508.88766010
     306    512.23209040
     307    515.58746808
     308    518.95379323
     309    522.33106577
     310    525.71928578
     311    529.11845317
     312    532.52856805
     313    535.94963029
     314    539.38164002
     315    542.82459713
     316    546.27850172
     317    549.74335368
     318    553.21915313
     319    556.70589996
     320    560.20359426
     321    563.71223595
     322    567.23182511
     323    570.76236166
     324    574.30384568
     325    577.85627709
     326    581.41965597
     327    584.99398224
     328    588.57925599
     329    592.17547711
     330    595.78264572
     331    599.40076170
     332    603.02982518
     333    606.66983602
     334    610.32079436
     335    613.98270006
     336    617.65555326
     337    621.33935383
     338    625.03410189
     339    628.73979732
     340    632.45644025
     341    636.18403054
     342    639.92256833
     343    643.67205349
     344    647.43248614
     345    651.20386617
     346    654.98619369
     347    658.77946857
     348    662.58369096
     349    666.39886071
     350    670.22497796
     351    674.06204258
     352    677.91005470
     353    681.76901418
     354    685.63892117
     355    689.51977552
     356    693.41157737
     357    697.31432659
     358    701.22802331
     359    705.15266740
     360    709.08825899
     361    713.03479794
     362    716.99228440
     363    720.96071822
     364    724.94009955
     365    728.93042825
     366    732.93170445
     367    736.94392801
     368    740.96709908
     369    745.00121752
     370    749.04628346
     371    753.10229677
     372    757.16925758
     373    761.24716576
     374    765.33602145
     375    769.43582450
     376    773.54657506
     377    777.66827298
     378    781.80091842
     379    785.94451122
     380    790.09905153
     381    794.26453920
     382    798.44097439
     383    802.62835694
     384    806.82668700
     385    811.03596443
     386    815.25618937
     387    819.48736167
     388    823.72948149
     389    827.98254866
     390    832.24656336
     391    836.52152542
     392    840.80743500
     393    845.10429193
     394    849.41209639
     395    853.73084820
     396    858.06054754
     397    862.40119423
     398    866.75278845
     399    871.11533002
     400    875.48881913
     401    879.87325558
     402    884.26863957
     403    888.67497090
     404    893.09224977
     405    897.52047599
     406    901.95964974
     407    906.40977085
     408    910.87083949
     409    915.34285548
     410    919.82581900
     411    924.31972987
     412    928.82458828
     413    933.34039404
     414    937.86714734
     415    942.40484799
     416    946.95349618
     417    951.51309171
     418    956.08363479
     419    960.66512521
     420    965.25756318
     421    969.86094849
     422    974.47528135
     423    979.10056155
     424    983.73678930
     425    988.38396439
     426    993.04208703
     427    997.71115702
     428   1002.39117455
     429   1007.08213943
     430   1011.78405186
     431   1016.49691163
     432   1021.22071896
     433   1025.95547362
     434   1030.70117584
     435   1035.45782540
     436   1040.22542252
     437   1045.00396698
     438   1049.79345899
     439   1054.59389835
     440   1059.40528526
     441   1064.22761951
     442   1069.06090132
     443   1073.90513047
     444   1078.76030718
     445   1083.62643124
     446   1088.50350285
     447   1093.39152180
     448   1098.29048832
     449   1103.20040217
     450   1108.12126359
     451   1113.05307234
     452   1117.99582866
     453   1122.94953232
     454   1127.91418355
     455   1132.88978211
     456   1137.87632825
     457   1142.87382171
     458   1147.88226275
     459   1152.90165113
     460   1157.93198707
     461   1162.97327036
     462   1168.02550121
     463   1173.08867940
     464   1178.16280517
     465   1183.24787826
     466   1188.34389894
     467   1193.45086695
     468   1198.56878254
     469   1203.69764546
     470   1208.83745596
     471   1213.98821379
     472   1219.14991920
     473   1224.32257194
     474   1229.50617227
     475   1234.70071993
     476   1239.90621517
     477   1245.12265775
     478   1250.35004791
     479   1255.58838539
     480   1260.83767047
     481   1266.09790288
     482   1271.36908287
     483   1276.65121020
     484   1281.94428511
     485   1287.24830735
     486   1292.56327719
     487   1297.88919435
     488   1303.22605911
     489   1308.57387119
     490   1313.93263087
     491   1319.30233788
     492   1324.68299248
     493   1330.07459441
     494   1335.47714394
     495   1340.89064079
     496   1346.31508525
     497   1351.75047702
     498   1357.19681640
     499   1362.65410311
     500   1368.12233742
     501   1373.60151905
     502   1379.09164829
     503   1384.59272484
     504   1390.10474901
     505   1395.62772050
     506   1401.16163960
     507   1406.70650602
     508   1412.26232005
     509   1417.82908140
     510   1423.40679037
     511   1428.99544665
     512   1434.59505055
     513   1440.20560177
     514   1445.82710060
     515   1451.45954675
     516   1457.10294052
     517   1462.75728161
     518   1468.42257032
     519   1474.09880634
     520   1479.78598999
     521   1485.48412096
     522   1491.19319955
     523   1496.91322545
     524   1502.64419898
     525   1508.38611982
     526   1514.13898829
     527   1519.90280407
     528   1525.67756749
     529   1531.46327822
     530   1537.25993658
     531   1543.06754225
     532   1548.88609555
     533   1554.71559617
     534   1560.55604442
     535   1566.40743998
     536   1572.26978318
     537   1578.14307369
     538   1584.02731184
     539   1589.92249730
     540   1595.82863040
     541   1601.74571081
     542   1607.67373886
     543   1613.61271422
     544   1619.56263722
     545   1625.52350753
     546   1631.49532549
     547   1637.47809075
     548   1643.47180367
     549   1649.47646389
     550   1655.49207176
     551   1661.51862693
     552   1667.55612976
     553   1673.60457989
     554   1679.66397768
     555   1685.73432276
     556   1691.81561551
     557   1697.90785556
     558   1704.01104327
     559   1710.12517827
     560   1716.25026095
     561   1722.38629092
     562   1728.53326855
     563   1734.69119348
     564   1740.86006608
     565   1747.03988598
     566   1753.23065355
     567   1759.43236841
     568   1765.64503094
     569   1771.86864077
     570   1778.10319827
     571   1784.34870307
     572   1790.60515554
     573   1796.87255531
     574   1803.15090275
     575   1809.44019749
     576   1815.74043990
     577   1822.05162961
     578   1828.37376700
     579   1834.70685168
     580   1841.05088405
     581   1847.40586370
     582   1853.77179104
     583   1860.14866567
     584   1866.53648799
     585   1872.93525760
     586   1879.34497490
     587   1885.76563948
     588   1892.19725176
     589   1898.63981133
     590   1905.09331859
     591   1911.55777313
     592   1918.03317538
     593   1924.51952490
     594   1931.01682213
     595   1937.52506664
     596   1944.04425886
     597   1950.57439835
     598   1957.11548555
     599   1963.66752003
     600   1970.23050222
     601   1976.80443169
     602   1983.38930887
     603   1989.98513332
     604   1996.59190550
     605   2003.20962494
     606   2009.83829210
     607   2016.47790654
     608   2023.12846870
     609   2029.78997813
     610   2036.46243528
     611   2043.14583970
     612   2049.84019185
     613   2056.54549127
     614   2063.26173842
     615   2069.98893283
     616   2076.72707498
     617   2083.47616439
     618   2090.23620154
     619   2097.00718595
     620   2103.78911810
     621   2110.58199751
     622   2117.38582466
     623   2124.20059908
     624   2131.02632123
     625   2137.86299065
     626   2144.71060782
     627   2151.56917224
     628   2158.43868441
     629   2165.31914384
     630   2172.21055102
     631   2179.11290546
     632   2186.02620765
     633   2192.95045710
     634   2199.88565430
     635   2206.83179876
     636   2213.78889097
     637   2220.75693044
     638   2227.73591767
     639   2234.72585216
     640   2241.72673440
     641   2248.73856390
     642   2255.76134116
     643   2262.79506568
     644   2269.83973796
     645   2276.89535749
     646   2283.96192480
     647   2291.03943935
     648   2298.12790167
     649   2305.22731125
     650   2312.33766859
     651   2319.45897319
     652   2326.59122556
     653   2333.73442518
     654   2340.88857258
     655   2348.05366722
     656   2355.22970965
     657   2362.41669932
     658   2369.61463678
     659   2376.82352148
     660   2384.04335396
     661   2391.27413369
     662   2398.51586121
     663   2405.76853597
     664   2413.03215852
     665   2420.30672832
     666   2427.59224590
     667   2434.88871073
     668   2442.19612335
     669   2449.51448322
     670   2456.84379088
     671   2464.18404578
     672   2471.53524848
     673   2478.89739842
     674   2486.27049616
     675   2493.65454114
     676   2501.04953393
     677   2508.45547395
     678   2515.87236178
     679   2523.30019684
     680   2530.73897972
     681   2538.18870982
     682   2545.64938775
     683   2553.12101290
     684   2560.60358588
     685   2568.09710608
     686   2575.60157410
     687   2583.11698935
     688   2590.64335243
     689   2598.18066273
     690   2605.72892086
     691   2613.28812621
     692   2620.85827940
     693   2628.43937981
     694   2636.03142805
     695   2643.63442351
     696   2651.24836681
     697   2658.87325733
     698   2666.50909569
     699   2674.15588127
     700   2681.81361470
     701   2689.48229533
     702   2697.16192382
     703   2704.85249952
     704   2712.55402307
     705   2720.26649384
     706   2727.98991245
     707   2735.72427828
     708   2743.46959197
     709   2751.22585286
     710   2758.99306162
     711   2766.77121758
     712   2774.56032141
     713   2782.36037244
     714   2790.17137134
     715   2797.99331745
     716   2805.82621142
     717   2813.67005260
     718   2821.52484165
     719   2829.39057790
     720   2837.26726203
     721   2845.15489336
     722   2853.05347257
     723   2860.96299898
     724   2868.88347327
     725   2876.81489475
     726   2884.75726413
     727   2892.71058069
     728   2900.67484515
     729   2908.65005680
     730   2916.63621634
     731   2924.63332308
     732   2932.64137771
     733   2940.66037953
     734   2948.69032925
     735   2956.73122616
     736   2964.78307097
     737   2972.84586297
     738   2980.91960288
     739   2989.00428997
     740   2997.09992496
     741   3005.20650715
     742   3013.32403724
     743   3021.45251452
     744   3029.59193971
     745   3037.74231209
     746   3045.90363238
     747   3054.07589985
     748   3062.25911525
     749   3070.45327782
     750   3078.65838832
     751   3086.87444599
     752   3095.10145159
     753   3103.33940437
     754   3111.58830508
     755   3119.84815296
     756   3128.11894878
     757   3136.40069176
     758   3144.69338269
     759   3152.99702079
     760   3161.31160683
     761   3169.63714003
     762   3177.97362118
     763   3186.32104950
     764   3194.67942577
     765   3203.04874920
     766   3211.42902059
     767   3219.82023913
     768   3228.22240564
     769   3236.63551930
     770   3245.05958092
     771   3253.49458971
     772   3261.94054645
     773   3270.39745036
     774   3278.86530223
     775   3287.34410125
     776   3295.83384825
     777   3304.33454240
     778   3312.84618452
     779   3321.36877380
     780   3329.90231105
     781   3338.44679545
     782   3347.00222784
     783   3355.56860737
     784   3364.14593489
     785   3372.73420955
     786   3381.33343221
     787   3389.94360200
     788   3398.56471979
     789   3407.19678472
     790   3415.83979765
     791   3424.49375772
     792   3433.15866579
     793   3441.83452099
     794   3450.52132421
     795   3459.21907455
     796   3467.92777291
     797   3476.64741840
     798   3485.37801190
     799   3494.11955253
     800   3502.87204118
     801   3511.63547696
     802   3520.40986075
     803   3529.19519168
     804   3537.99147063
     805   3546.79869670
     806   3555.61687081
     807   3564.44599203
     808   3573.28606129
     809   3582.13707767
     810   3590.99904209
     811   3599.87195362
     812   3608.75581319
     813   3617.65061988
     814   3626.55637462
     815   3635.47307647
     816   3644.40072637
     817   3653.33932338
     818   3662.28886844
     819   3671.24936061
     820   3680.22080084
     821   3689.20318818
     822   3698.19652357
     823   3707.20080608
     824   3716.21603664
     825   3725.24221431
     826   3734.27934005
     827   3743.32741289
     828   3752.38643381
     829   3761.45640182
     830   3770.53731791
     831   3779.62918109
     832   3788.73199236
     833   3797.84575072
     834   3806.97045717
     835   3816.10611071
     836   3825.25271234
     837   3834.41026106
     838   3843.57875787
     839   3852.75820177
     840   3861.94859377
     841   3871.14993285
     842   3880.36222004
     843   3889.58545431
     844   3898.81963668
     845   3908.06476614
     846   3917.32084371
     847   3926.58786835
     848   3935.86584111
     849   3945.15476095
     850   3954.45462890
     851   3963.76544393
     852   3973.08720709
     853   3982.41991731
     854   3991.76357566
     855   4001.11818108
     856   4010.48373464
     857   4019.86023526
     858   4029.24768402
     859   4038.64607984
     860   4048.05542380
     861   4057.47571482
     862   4066.90695399
     863   4076.34914022
     864   4085.80227460
     865   4095.26635604
     866   4104.74138563
     867   4114.22736227
     868   4123.72428708
     869   4133.23215893
     870   4142.75097895
     871   4152.28074602
     872   4161.82146126
     873   4171.37312354
     874   4180.93573399
     875   4190.50929149
     876   4200.09379717
     877   4209.68924989
     878   4219.29565079
     879   4228.91299873
     880   4238.54129486
     881   4248.18053802
     882   4257.83072937
     883   4267.49186776
     884   4277.16395435
     885   4286.84698796
     886   4296.54096978
     887   4306.24589862
     888   4315.96177567
     889   4325.68859974
     890   4335.42637203
     891   4345.17509133
     892   4354.93475886
     893   4364.70537340
     894   4374.48693616
     895   4384.27944594
     896   4394.08290395
     897   4403.89730897
     898   4413.72266222
     899   4423.55896247
     900   4433.40621097
     901   4443.26440647
     902   4453.13355022
     903   4463.01364097
     904   4472.90467996
     905   4482.80666596
     906   4492.71960020
     907   4502.64348145
     908   4512.57831095
     909   4522.52408745
     910   4532.48081221
     911   4542.44848396
     912   4552.42710398
     913   4562.41667098
     914   4572.41718626
     915   4582.42864853
     916   4592.45105907
     917   4602.48441659
     918   4612.52872240
     919   4622.58397519
     920   4632.65017626
     921   4642.72732431
     922   4652.81542066
     923   4662.91446397
     924   4673.02445559
     925   4683.14539417
     926   4693.27728106
     927   4703.42011492
     928   4713.57389709
     929   4723.73862621
     930   4733.91430366
     931   4744.10092806
     932   4754.29850079
     933   4764.50702047
     934   4774.72648847
     935   4784.95690344
     936   4795.19826673
     937   4805.45057697
     938   4815.71383555
     939   4825.98804107
     940   4836.27319494
     941   4846.56929575
     942   4856.87634491
     943   4867.19434101
     944   4877.52328546
     945   4887.86317685
     946   4898.21401660
     947   4908.57580328
     948   4918.94853832
     949   4929.33222030
     950   4939.72685064
     951   4950.13242791
     952   4960.54895356
     953   4970.97642613
     954   4981.41484708
     955   4991.86421496
     956   5002.32453121
     957   5012.79579439
     958   5023.27800596
     959   5033.77116444
     960   5044.27527132
     961   5054.79032510
     962   5065.31632730
     963   5075.85327639
     964   5086.40117390
     965   5096.96001831
     966   5107.52981113
     967   5118.11055086
     968   5128.70223900
     969   5139.30487404
     970   5149.91845751
     971   5160.54298787
     972   5171.17846666
     973   5181.82489234
     974   5192.48226646
     975   5203.15058746
     976   5213.82985691
     977   5224.52007324
     978   5235.22123802
     979   5245.93334967
     980   5256.65640979
     981   5267.39041677
     982   5278.13537222
     983   5288.89127454
     984   5299.65812532
     985   5310.43592298
     986   5321.22466910
     987   5332.02436209
     988   5342.83500356
     989   5353.65659189
     990   5364.48912870
     991   5375.33261237
     992   5386.18704454
     993   5397.05242355
     994   5407.92875106
     995   5418.81602542
     996   5429.71424828
     997   5440.62341799
     998   5451.54353620
     999   5462.47460126
    1000   5473.41661484
    1001   5484.36957524
    1002   5495.33348418
    1003   5506.30833994
    1004   5517.29414424
    1005   5528.29089535
    1006   5539.29859501
    1007   5550.31724149
    1008   5561.34683652
    1009   5572.38737836
    1010   5583.43886875
    1011   5594.50130596
    1012   5605.57469172
    1013   5616.65902429
    1014   5627.75430543
    1015   5638.86053337
    1016   5649.97770988
    1017   5661.10583319
    1018   5672.24490508
    1019   5683.39492376
    1020   5694.55589103
    1021   5705.72780509
    1022   5716.91066774
    1023   5728.10447718
    1024   5739.30923522
    1025   5750.52494003
    1026   5761.75159346
    1027   5772.98919366
    1028   5784.23774247
    1029   5795.49723806
    1030   5806.76768226
    1031   5818.04907323
    1032   5829.34141283
    1033   5840.64469919
    1034   5851.95893419
    1035   5863.28411594
    1036   5874.62024634
    1037   5885.96732349
    1038   5897.32534928
    1039   5908.69432183
    1040   5920.07424303
    1041   5931.46511097
    1042   5942.86692758
    1043   5954.27969092
    1044   5965.70340294
    1045   5977.13806169
    1046   5988.58366911
    1047   6000.04022327
    1048   6011.50772611
    1049   6022.98617567
    1050   6034.47557393
    1051   6045.97591890
    1052   6057.48721257
    1053   6069.00945296
    1054   6080.54264206
    1055   6092.08677786
    1056   6103.64186238
    1057   6115.20789360
    1058   6126.78487354
    1059   6138.37280018
    1060   6149.97167555
    1061   6161.58149761
    1062   6173.20226842
    1063   6184.83398591
    1064   6196.47665214
    1065   6208.13026506
    1066   6219.79482673
    1067   6231.47033507
    1068   6243.15679218
    1069   6254.85419596
    1070   6266.56254851
    1071   6278.28184772
    1072   6290.01209571
    1073   6301.75329036
    1074   6313.50543380
    1075   6325.26852389
    1076   6337.04256278
    1077   6348.82754831
    1078   6360.62348264
    1079   6372.43036362
    1080   6384.24819340
    1081   6396.07696983
    1082   6407.91669507
    1083   6419.76736694
    1084   6431.62898764
    1085   6443.50155496
    1086   6455.38507113
    1087   6467.27953390
    1088   6479.18494553
    1089   6491.10130376
    1090   6503.02861085
    1091   6514.96686454
    1092   6526.91606710
    1093   6538.87621625
    1094   6550.84731428
    1095   6562.82935889
    1096   6574.82235239
    1097   6586.82629248
    1098   6598.84118145
    1099   6610.86701700
    1100   6622.90380145
    1101   6634.95153248
    1102   6647.01021241
    1103   6659.07983891
    1104   6671.16041432
    1105   6683.25193629
    1106   6695.35440719
    1107   6707.46782465
    1108   6719.59219103
    1109   6731.72750396
    1110   6743.87376584
    1111   6756.03097426
    1112   6768.19913163
    1113   6780.37823553
    1114   6792.56828839
    1115   6804.76928779
    1116   6816.98123615
    1117   6829.20413103
    1118   6841.43797489
    1119   6853.68276527
    1120   6865.93850463
    1121   6878.20519050
    1122   6890.48282537
    1123   6902.77140674
    1124   6915.07093712
    1125   6927.38141399
    1126   6939.70283987
    1127   6952.03521225
    1128   6964.37853365
    1129   6976.73280153
    1130   6989.09801844
    1131   7001.47418183
    1132   7013.86129427
    1133   7026.25935317
    1134   7038.66836112
    1135   7051.08831553
    1136   7063.51921901
    1137   7075.96106894
    1138   7088.41386794
    1139   7100.87761339
    1140   7113.35230791
    1141   7125.83794888
    1142   7138.33453894
    1143   7150.84207543
    1144   7163.36056103
    1145   7175.88999304
    1146   7188.43037417
    1147   7200.98170172
    1148   7213.54397838
    1149   7226.11720146
    1150   7238.70137367
    1151   7251.29649228
    1152   7263.90256003
    1153   7276.51957418
    1154   7289.14753747
    1155   7301.78644716
    1156   7314.43630600
    1157   7327.09711123
    1158   7339.76886562
    1159   7352.45156639
    1160   7365.14521634
    1161   7377.84981265
    1162   7390.56535816
    1163   7403.29185002
    1164   7416.02929109
    1165   7428.77767850
    1166   7441.53701513
    1167   7454.30729809
    1168   7467.08853028
    1169   7479.88070880
    1170   7492.68383656
    1171   7505.49791064
    1172   7518.32293397
    1173   7531.15890361
    1174   7544.00582251
    1175   7556.86368771
    1176   7569.73250218
    1177   7582.61226295
    1178   7595.50297300
    1179   7608.40462934
    1180   7621.31723497
    1181   7634.24078688
    1182   7647.17528809
    1183   7660.12073557
    1184   7673.07713237
    1185   7686.04447543
    1186   7699.02276781
    1187   7712.01200645
    1188   7725.01219442
    1189   7738.02332864
    1190   7751.04541220
    1191   7764.07844200
    1192   7777.12242116
    1193   7790.17734655
    1194   7803.24322131
    1195   7816.32004229
    1196   7829.40781264
    1197   7842.50652921
    1198   7855.61619517
    1199   7868.73680733
    1200   7881.86836889
    1201   7895.01087665
    1202   7908.16433383
    1203   7921.32873718
    1204   7934.50408996
    1205   7947.69038892
    1206   7960.88763732
    1207   7974.09583188
    1208   7987.31497589
    1209   8000.54506606
    1210   8013.78610569
    1211   8027.03809146
    1212   8040.30102671
    1213   8053.57490810
    1214   8066.85973898
    1215   8080.15551598
    1216   8093.46224248
    1217   8106.77991509
    1218   8120.10853722
    1219   8133.44810546
    1220   8146.79862322
    1221   8160.16008708
    1222   8173.53250047
    1223   8186.91585995
    1224   8200.31016898
    1225   8213.71542409
    1226   8227.13162876
    1227   8240.55877949
    1228   8253.99687980
    1229   8267.44592617
    1230   8280.90592212
    1231   8294.37686412
    1232   8307.85875573
    1233   8321.35159336
    1234   8334.85538061
    1235   8348.37011389
    1236   8361.89579679
    1237   8375.43242571
    1238   8388.98000426
    1239   8402.53852882
    1240   8416.10800304
    1241   8429.68842325
    1242   8443.27979312
    1243   8456.88210897
    1244   8470.49537451
    1245   8484.11958602
    1246   8497.75474722
    1247   8511.40085438
    1248   8525.05791125
    1249   8538.72591406
    1250   8552.40486660
    1251   8566.09476507
    1252   8579.79561329
    1253   8593.50740742
    1254   8607.23015131
    1255   8620.96384111
    1256   8634.70848067
    1257   8648.46406613
    1258   8662.23060138
    1259   8676.00808251
    1260   8689.79651344
    1261   8703.59589024
    1262   8717.40621685
    1263   8731.22748933
    1264   8745.05971163
    1265   8758.90287978
    1266   8772.75699778
    1267   8786.62206161
    1268   8800.49807529
    1269   8814.38503480
    1270   8828.28294418
    1271   8842.19179938
    1272   8856.11160446
    1273   8870.04235533
    1274   8883.98405611
    1275   8897.93670268
    1276   8911.90029916
    1277   8925.87484142
    1278   8939.86033361
    1279   8953.85677156
    1280   8967.86415946
    1281   8981.88249310
    1282   8995.91177671
    1283   9009.95200605
    1284   9024.00318537
    1285   9038.06531042
    1286   9052.13838545
    1287   9066.22240620
    1288   9080.31737696
    1289   9094.42329341
    1290   9108.54015988
    1291   9122.66797204
    1292   9136.80673424
    1293   9150.95644211
    1294   9165.11710003
    1295   9179.28870361
    1296   9193.47125727
    1297   9207.66475656
    1298   9221.86920595
    1299   9236.08460096
    1300   9250.31094607
    1301   9264.54823680
    1302   9278.79647766
    1303   9293.05566411
    1304   9307.32580070
    1305   9321.60688288
    1306   9335.89891521
    1307   9350.20189311
    1308   9364.51582119
    1309   9378.84069482
    1310   9393.17651864
    1311   9407.52328800
    1312   9421.88100757
    1313   9436.24967266
    1314   9450.62928799
    1315   9465.01984881
    1316   9479.42135989
    1317   9493.83381646
    1318   9508.25722329
    1319   9522.69157559
    1320   9537.13687818
    1321   9551.59312623
    1322   9566.06032458
    1323   9580.53846837
    1324   9595.02756249
    1325   9609.52760202
    1326   9624.03859190
    1327   9638.56052719
    1328   9653.09341284
    1329   9667.63724388
    1330   9682.19202529
    1331   9696.75775209
    1332   9711.33442927
    1333   9725.92205182
    1334   9740.52062479
    1335   9755.13014309
    1336   9769.75061183
    1337   9784.38202590
    1338   9799.02439042
    1339   9813.67770025
    1340   9828.34196055
    1341   9843.01716615
    1342   9857.70332224
    1343   9872.40042360
    1344   9887.10847547
    1345   9901.82747260
    1346   9916.55742026
    1347   9931.29831316
    1348   9946.05015662
    1349   9960.81294529
    1350   9975.58668454
    1351   9990.37136899
    1352  10005.16700403
    1353  10019.97358426
    1354  10034.79111510
    1355  10049.61959111
    1356  10064.45901775
    1357  10079.30938954
    1358  10094.17071199
    1359  10109.04297956
    1360  10123.92619781
    1361  10138.82036117
    1362  10153.72547523
    1363  10168.64153438
    1364  10183.56854424
    1365  10198.50649918
    1366  10213.45540486
    1367  10228.41525559
    1368  10243.38605708
    1369  10258.36780361
    1370  10273.36050092
    1371  10288.36414324
    1372  10303.37873636
    1373  10318.40427448
    1374  10333.44076343
    1375  10348.48819735
    1376  10363.54658212
    1377  10378.61591184
    1378  10393.69619244
    1379  10408.78741796
    1380  10423.88959438
    1381  10439.00271571
    1382  10454.12678797
    1383  10469.26180510
    1384  10484.40777319
    1385  10499.56468614
    1386  10514.73255006
    1387  10529.91135881
    1388  10545.10111857
    1389  10560.30182314
    1390  10575.51347873
    1391  10590.73607912
    1392  10605.96963055
    1393  10621.21412676
    1394  10636.46957403
    1395  10651.73596605
    1396  10667.01330917
    1397  10682.30159702
    1398  10697.60083598
    1399  10712.91101965
    1400  10728.23215446
    1401  10743.56423395
    1402  10758.90726461
    1403  10774.26123993
    1404  10789.62616644
    1405  10805.00203759
    1406  10820.38885996
    1407  10835.78662693
    1408  10851.19534515
    1409  10866.61500796
    1410  10882.04562204
    1411  10897.48718068
    1412  10912.93969062
    1413  10928.40314509
    1414  10943.87755089
    1415  10959.36290121
    1416  10974.85920287
    1417  10990.36644902
    1418  11005.88464655
    1419  11021.41378853
    1420  11036.95388193
    1421  11052.50491976
    1422  11068.06690902
    1423  11083.63984270
    1424  11099.22372783
    1425  11114.81855735
    1426  11130.42433835
    1427  11146.04106372
    1428  11161.66874060
    1429  11177.30736180
    1430  11192.95693456
    1431  11208.61745162
    1432  11224.28892025
    1433  11239.97133316
    1434  11255.66469767
    1435  11271.36900643
    1436  11287.08426683
    1437  11302.81047144
    1438  11318.54762771
    1439  11334.29572818
    1440  11350.05478034
    1441  11365.82477666
    1442  11381.60572470
    1443  11397.39761688
    1444  11413.20046081
    1445  11429.01424885
    1446  11444.83898867
    1447  11460.67467256
    1448  11476.52130828
    1449  11492.37888803
    1450  11508.24741963
    1451  11524.12689525
    1452  11540.01732274
    1453  11555.91869422
    1454  11571.83101761
    1455  11587.75428495
    1456  11603.68850424
    1457  11619.63366745
    1458  11635.58978263
    1459  11651.55684170
    1460  11667.53485279
    1461  11683.52380772
    1462  11699.52371471
    1463  11715.53456551
    1464  11731.55636840
    1465  11747.58911507
    1466  11763.63281386
    1467  11779.68745640
    1468  11795.75305110
    1469  11811.82958951
    1470  11827.91708011
    1471  11844.01551439
    1472  11860.12490090
    1473  11876.24523105
    1474  11892.37651347
    1475  11908.51873949
    1476  11924.67191782
    1477  11940.83603972
    1478  11957.01111395
    1479  11973.19713173
    1480  11989.39410187
    1481  12005.60201552
    1482  12021.82088157
    1483  12038.05069110
    1484  12054.29145307
    1485  12070.54315847
    1486  12086.80581635
    1487  12103.07941763
    1488  12119.36397142
    1489  12135.65946858
    1490  12151.96591829
    1491  12168.28331132
    1492  12184.61165695
    1493  12200.95094586
    1494  12217.30118741
    1495  12233.66237219
    1496  12250.03450966
    1497  12266.41759032
    1498  12282.81162371
    1499  12299.21660025
    1500  12315.63252955
    1501  12332.05940197
    1502  12348.49722720
    1503  12364.94599550
    1504  12381.40571664
    1505  12397.87638082
    1506  12414.35799789
    1507  12430.85055795
    1508  12447.35407094
    1509  12463.86852688
    1510  12480.39393579
    1511  12496.93028760
    1512  12513.47759244
    1513  12530.03584013
    1514  12546.60504089
    1515  12563.18518447
    1516  12579.77628115
    1517  12596.37832060
    1518  12612.99131321
    1519  12629.61524854
    1520  12646.25013707
    1521  12662.89596828
    1522  12679.55275273
    1523  12696.22047982
    1524  12712.89916020
    1525  12729.58878317
    1526  12746.28935947
    1527  12763.00087831
    1528  12779.72335054
    1529  12796.45676526
    1530  12813.20113341
    1531  12829.95644401
    1532  12846.72270809
    1533  12863.49991456
    1534  12880.28807456
    1535  12897.08717691
    1536  12913.89723283
    1537  12930.71823105
    1538  12947.55018290
    1539  12964.39307699
    1540  12981.24692477
    1541  12998.11171473
    1542  13014.98745843
    1543  13031.87414427
    1544  13048.77178389
    1545  13065.68036560
    1546  13082.59990114
    1547  13099.53037872
    1548  13116.47181018
    1549  13133.42418363
    1550  13150.38751102
    1551  13167.36178033
    1552  13184.34700364
    1553  13201.34316881
    1554  13218.35028804
    1555  13235.36834908
    1556  13252.39736423
    1557  13269.43732114
    1558  13286.48823220
    1559  13303.55008497
    1560  13320.62289196
    1561  13337.70664058
    1562  13354.80134348
    1563  13371.90698796
    1564  13389.02358678
    1565  13406.15112712
    1566  13423.28962186
    1567  13440.43905805
    1568  13457.59944870
    1569  13474.77078074
    1570  13491.95306730
    1571  13509.14629520
    1572  13526.35047767
    1573  13543.56560141
    1574  13560.79167980
    1575  13578.02869938
    1576  13595.27667368
    1577  13612.53558910
    1578  13629.80545931
    1579  13647.08627058
    1580  13664.37803668
    1581  13681.68074379
    1582  13698.99440580
    1583  13716.31900875
    1584  13733.65456666
    1585  13751.00106544
    1586  13768.35851925
    1587  13785.72691386
    1588  13803.10626357
    1589  13820.49655401
    1590  13837.89779962
    1591  13855.30998588
    1592  13872.73312738
    1593  13890.16720946
    1594  13907.61224686
    1595  13925.06822476
    1596  13942.53515804
    1597  13960.01303176
    1598  13977.50186093
    1599  13995.00163045
    1600  14012.51235551
    1601  14030.03402085
    1602  14047.56664179
    1603  14065.11020293
    1604  14082.66471975
    1605  14100.23017669
    1606  14117.80658938
    1607  14135.39394212
    1608  14152.99225069
    1609  14170.60149922
    1610  14188.22170366
    1611  14205.85284798
    1612  14223.49494829
    1613  14241.14798839
    1614  14258.81198457
    1615  14276.48692045
    1616  14294.17281249
    1617  14311.86964415
    1618  14329.57743205
    1619  14347.29615947
    1620  14365.02584323
    1621  14382.76646642
    1622  14400.51804603
    1623  14418.28056498
    1624  14436.05404043
    1625  14453.83845514
    1626  14471.63382644
    1627  14489.44013690
    1628  14507.25740404
    1629  14525.08561024
    1630  14542.92477321
    1631  14560.77487516
    1632  14578.63593396
    1633  14596.50793165
    1634  14614.39088628
    1635  14632.28477969
    1636  14650.18963014
    1637  14668.10541927
    1638  14686.03216554
    1639  14703.96985039
    1640  14721.91849248
    1641  14739.87807303
    1642  14757.84861093
    1643  14775.83008719
    1644  14793.82252089
    1645  14811.82589285
    1646  14829.84022234
    1647  14847.86548999
    1648  14865.90171528
    1649  14883.94887861
    1650  14902.00699969
    1651  14920.07605870
    1652  14938.15607556
    1653  14956.24703024
    1654  14974.34894287
    1655  14992.46179321
    1656  15010.58560161
    1657  15028.72034761
    1658  15046.86605178
    1659  15065.02269341
    1660  15083.19029334
    1661  15101.36883062
    1662  15119.55832630
    1663  15137.75875920
    1664  15155.97015063
    1665  15174.19247915
    1666  15192.42576631
    1667  15210.66999045
    1668  15228.92517335
    1669  15247.19129309
    1670  15265.46837170
    1671  15283.75638704
    1672  15302.05536137
    1673  15320.36527229
    1674  15338.68614234
    1675  15357.01794883
    1676  15375.36071458
    1677  15393.71441663
    1678  15412.07907808
    1679  15430.45467569
    1680  15448.84123282
    1681  15467.23872597
    1682  15485.64717878
    1683  15504.06656747
    1684  15522.49691594
    1685  15540.93820016
    1686  15559.39044429
    1687  15577.85362402
    1688  15596.32776380
    1689  15614.81283903
    1690  15633.30887446
    1691  15651.81584517
    1692  15670.33377624
    1693  15688.86264243
    1694  15707.40246912
    1695  15725.95323077
    1696  15744.51495307
    1697  15763.08761018
    1698  15781.67122809
    1699  15800.26578063
    1700  15818.87129413
    1701  15837.48774210
    1702  15856.11515119
    1703  15874.75349457
    1704  15893.40279923
    1705  15912.06303801
    1706  15930.73423823
    1707  15949.41637240
    1708  15968.10946817
    1709  15986.81349770
    1710  16005.52848902
    1711  16024.25441391
    1712  16042.99130075
    1713  16061.73912098
    1714  16080.49790334
    1715  16099.26761889
    1716  16118.04829675
    1717  16136.83990761
    1718  16155.64248096
    1719  16174.45598712
    1720  16193.28045595
    1721  16212.11585738
    1722  16230.96222167
    1723  16249.81951836
    1724  16268.68777811
    1725  16287.56697004
    1726  16306.45712523
    1727  16325.35821238
    1728  16344.27026299
    1729  16363.19324535
    1730  16382.12719137
    1731  16401.07206892
    1732  16420.02791033
    1733  16438.99468305
    1734  16457.97241984
    1735  16476.96108770
    1736  16495.96071986
    1737  16514.97128285
    1738  16533.99281035
    1739  16553.02526846
    1740  16572.06869129
    1741  16591.12304448
    1742  16610.18836263
    1743  16629.26461089
    1744  16648.35182434
    1745  16667.44996764
    1746  16686.55907637
    1747  16705.67911469
    1748  16724.81011868
    1749  16743.95205201
    1750  16763.10495125
    1751  16782.26877954
    1752  16801.44357401
    1753  16820.62929726
    1754  16839.82598693
    1755  16859.03360511
    1756  16878.25218997
    1757  16897.48170305
    1758  16916.72218309
    1759  16935.97359104
    1760  16955.23596622
    1761  16974.50926902
    1762  16993.79353934
    1763  17013.08873696
    1764  17032.39490238
    1765  17051.71199480
    1766  17071.04005531
    1767  17090.37904250
    1768  17109.72899807
    1769  17129.08987999
    1770  17148.46173060
    1771  17167.84450724
    1772  17187.23825287
    1773  17206.64292418
    1774  17226.05856480
    1775  17245.48513076
    1776  17264.92266636
    1777  17284.37112693
    1778  17303.83055747
    1779  17323.30091263
    1780  17342.78223809
    1781  17362.27448780
    1782  17381.77770815
    1783  17401.29185237
    1784  17420.81696760
    1785  17440.35300630
    1786  17459.90001637
    1787  17479.45794951
    1788  17499.02685439
    1789  17518.60668195
    1790  17538.19748161
    1791  17557.79920353
    1792  17577.41189796
    1793  17597.03551421
    1794  17616.67010337
    1795  17636.31561391
    1796  17655.97209776
    1797  17675.63950256
    1798  17695.31788107
    1799  17715.00718008
    1800  17734.70745323
    1801  17754.41864640
    1802  17774.14081416
    1803  17793.87390145
    1804  17813.61796378
    1805  17833.37294515
    1806  17853.13890201
    1807  17872.91577742
    1808  17892.70362878
    1809  17912.50239818
    1810  17932.31214401
    1811  17952.13280734
    1812  17971.96444760
    1813  17991.80700482
    1814  18011.66053947
    1815  18031.52499053
    1816  18051.40041953
    1817  18071.28676438
    1818  18091.18408769
    1819  18111.09232628
    1820  18131.01154387
    1821  18150.94167613
    1822  18170.88278796
    1823  18190.83481384
    1824  18210.79781986
    1825  18230.77173931
    1826  18250.75663948
    1827  18270.75245244
    1828  18290.75924671
    1829  18310.77695312
    1830  18330.80564145
    1831  18350.84524125
    1832  18370.89582359
    1833  18390.95731671
    1834  18411.02979301
    1835  18431.11317939
    1836  18451.20754962
    1837  18471.31282919
    1838  18491.42909327
    1839  18511.55626597
    1840  18531.69442388
    1841  18551.84348962
    1842  18572.00354129
    1843  18592.17450002
    1844  18612.35644539
    1845  18632.54929703
    1846  18652.75313605
    1847  18672.96788053
    1848  18693.19361314
    1849  18713.43025038
    1850  18733.67787652
    1851  18753.93640644
    1852  18774.20592606
    1853  18794.48634857
    1854  18814.77776159
    1855  18835.08007663
    1856  18855.39338299
    1857  18875.71759046
    1858  18896.05279008
    1859  18916.39888991
    1860  18936.75598274
    1861  18957.12397483
    1862  18977.50296077
    1863  18997.89284505
    1864  19018.29372404
    1865  19038.70550040
    1866  19059.12827235
    1867  19079.56194071
    1868  19100.00660556
    1869  19120.46216581
    1870  19140.92872344
    1871  19161.40617552
    1872  19181.89462587
    1873  19202.39396964
    1874  19222.90431258
    1875  19243.42554800
    1876  19263.95778346
    1877  19284.50091038
    1878  19305.05503822
    1879  19325.62005660
    1880  19346.19607673
    1881  19366.78298643
    1882  19387.38089871
    1883  19407.98969967
    1884  19428.60950400
    1885  19449.24019610
    1886  19469.88189230
    1887  19490.53447549
    1888  19511.19806346
    1889  19531.87253760
    1890  19552.55801713
    1891  19573.25438220
    1892  19593.96175318
    1893  19614.68000904
    1894  19635.40927121
    1895  19656.14941787
    1896  19676.90057110
    1897  19697.66260841
    1898  19718.43565241
    1899  19739.21958042
    1900  19760.01451504
    1901  19780.82033360
    1902  19801.63715847
    1903  19822.46486768
    1904  19843.30358262
    1905  19864.15318236
    1906  19885.01378692
    1907  19905.88527735
    1908  19926.76777131
    1909  19947.66115232
    1910  19968.56553514
    1911  19989.48080697
    1912  20010.40707838
    1913  20031.34424096
    1914  20052.29240028
    1915  20073.25145397
    1916  20094.22150086
    1917  20115.20244563
    1918  20136.19437924
    1919  20157.19721563
    1920  20178.21103551
    1921  20199.23576357
    1922  20220.27146866
    1923  20241.31808910
    1924  20262.37567882
    1925  20283.44419182
    1926  20304.52366483
    1927  20325.61407139
    1928  20346.71542691
    1929  20367.82772736
    1930  20388.95096368
    1931  20410.08515937
    1932  20431.23027549
    1933  20452.38636699
    1934  20473.55336068
    1935  20494.73134984
    1936  20515.92021978
    1937  20537.12010745
    1938  20558.33085079
    1939  20579.55263947
    1940  20600.78525443
    1941  20622.02894542
    1942  20643.28342828
    1943  20664.54902495
    1944  20685.82537334
    1945  20707.11287757
    1946  20728.41108667
    1947  20749.72050297
    1948  20771.04056957
    1949  20792.37190066
    1950  20813.71381847
    1951  20835.06707039
    1952  20856.43083508
    1953  20877.80601166
    1954  20899.19161498
    1955  20920.58872432
    1956  20941.99616044
    1957  20963.41520791
    1958  20984.84446597
    1959  21006.28546240
    1960  21027.73653452
    1961  21049.19948739
    1962  21070.67235922
    1963  21092.15728305
    1964  21113.65194394
    1965  21135.15884907
    1966  21156.67528002
    1967  21178.20418588
    1968  21199.74237248
    1969  21221.29329335
    1970  21242.85321037
    1971  21264.42617230
    1972  21286.00780017
    1973  21307.60282284
    1974  21329.20612796
    1975  21350.82324631
    1976  21372.44820215
    1977  21394.08744321
    1978  21415.73400489
    1979  21437.39541564
    1980  21459.06354711
    1981  21480.74716461
    1982  21502.43680577
    1983  21524.14269326
    1984  21545.85379514
    1985  21567.58200340
    1986  21589.31448529
    1987  21611.06509959
    1988  21632.81889490
    1989  21654.59198473
    1990  21676.36698487
    1991  21698.16266535
    1992  21719.95877981
    1993  21741.77714587
    1994  21763.59422828
    1995  21785.43543548
    1996  21807.27336295
    1997  21829.13754069
    1998  21850.99611579
    1999  21872.88347421
    2000  21894.76253061
    2001  21916.67324530
    2002  21938.57251689
    2003  21960.50687125
    2004  21982.42613426
    2005  22004.38436473
    2006  22026.32326173
    2007  22048.30574865
    2008  22070.26398189
    2009  22092.27103942
    2010  22114.24813254
    2011  22136.28026614
    2012  22158.27583088
    2013  22180.33344829
    2014  22202.34685902
    2015  22224.43062018
    2016  22246.46138845
    2017  22268.57180094
    2018  22290.61912622
    2019  22312.75702551
    2020  22334.82033239
    2021  22356.98630358
    2022  22379.06461174
    2023  22401.25965942
    2024  22423.35237353
    2025  22445.57707466
    2026  22467.68307581
    2027  22489.93854286
    2028  22512.05738299
    2029  22534.34398920
    2030  22556.47451089
    2031  22578.79335808
    2032  22600.93556114
    2033  22623.28649844
    2034  22645.43924689
    2035  22667.82334026
    2036  22689.98744227
    2037  22712.40370687
    2038  22734.57756749
    2039  22757.02774132
    2040  22779.21318297
    2041  22801.69538714
    2042  22823.88779941
    2043  22846.40749166
    2044  22868.61217692
    2045  22891.16156449
    2046  22913.36636951
    2047  22935.93891203
    2048  22958.42896488
 ---------------------------------------
 
SCF converged! Final Ground-State Energy (Eh):             -10.4659142664350640
