 
     Two-Electron DVR    
 ------------------------
 x0     =      15.00000000
 m      =       1.00000000
 Z      =       1.00000000
 n      =              512
 dx     =       0.05870841
 
Soft-Coulomb Parameters:
 alpha  =       0.01000000
 beta   =       0.10000000
 
 
                       Hartree-Fock                      
 --------------------------------------------------------
 no. of orbitals        =              512
 no. of electrons       =                2
 scf_damping_switch     =        F
 scf_diis_switch        =        F
 damping_factor         =   0.00000000
 e_tolerance            = 0.0000000000100000
 maximum scf-iterations =              200
 
 
                       SCF iterations                      
 ----------------------------------------------------------
    S.No    Energy (hartree)        dE (hartree)
 ----------------------------------------------------------
       0     -7.637117154342
       1     -5.428258088368      2.208859065974
       2     -5.476900961460      0.048642873093
       3     -5.477999800976      0.001098839516
       4     -5.478026828097      0.000027027121
       5     -5.478027568678      0.000000740580
       6     -5.478027590467      0.000000021789
       7     -5.478027591134      0.000000000667
       8     -5.478027591155      0.000000000021
       9     -5.478027591156      0.000000000001
 ----------------------------------------------------------
  
 
 
 ---------------------------------------
     Molecular Orbital Energies (Eh)    
 ---------------------------------------
       1     -1.68854493
       2      0.14378931
       3      0.14379823
       4      0.25379517
       5      0.25398185
       6      0.39648150
       7      0.39770971
       8      0.57529088
       9      0.57976421
      10      0.79134874
      11      0.80281740
      12      1.04489340
      13      1.06830056
      14      1.33618768
      15      1.37689958
      16      1.66603573
      17      1.72890347
      18      2.03578232
      19      2.12441105
      20      2.44692086
      21      2.56343866
      22      2.90068266
      23      3.04597184
      24      3.39786675
      25      3.57198841
      26      3.93888900
      27      4.14146786
      28      4.52391135
      29      4.75439439
      30      5.15295727
      31      5.41075739
      32      5.82598706
      33      6.11055076
      34      6.54293918
      35      6.85377201
      36      7.30375026
      37      7.64042142
      38      8.10836342
      39      8.47050127
      40      8.95673085
      41      9.34401521
      42      9.84881373
      43     10.26096785
      44     10.78458121
      45     11.22136439
      46     11.76400904
      47     12.22521037
      48     12.78707831
      49     13.27251147
      50     13.85377433
      51     14.36327342
      52     14.96408571
      53     15.49750184
      54     16.11800359
      55     16.67520224
      56     17.31552113
      57     17.89637994
      58     18.55663299
      59     19.16104005
      60     19.84133501
      61     20.46918744
      62     21.16962393
      63     21.82082675
      64     22.54149720
      65     23.21596240
      66     23.95695278
      67     24.65459855
      68     25.41598907
      69     26.13673913
      70     26.91860476
      71     27.66238785
      72     28.46479881
      73     29.23154820
      74     30.05457035
      75     30.84422346
      76     31.68791867
      77     32.50041672
      78     33.36484317
      79     34.20013087
      80     35.08534333
      81     35.94336863
      82     36.84941870
      83     37.73013255
      84     38.65706889
      85     39.56042502
      86     40.50829355
      87     41.43424828
      88     42.40309235
      89     43.35160444
      90     44.34146500
      91     45.31249547
      92     46.32341123
      93     47.31692322
      94     48.34893078
      95     49.36488941
      96     50.41802341
      97     51.45639568
      98     52.53068888
      99     53.59144355
     100     54.68692698
     101     55.77003445
     102     56.88673748
     103     57.99216973
     104     59.13012019
     105     60.25785063
     106     61.41707490
     107     62.56707836
     108     63.74760142
     109     64.91985402
     110     66.12169957
     111     67.31617865
     112     68.53936916
     113     69.75605323
     114     71.00061001
     115     72.23947870
     116     73.50542196
     117     74.76645592
     118     76.05380484
     119     77.33698570
     120     78.64575850
     121     79.95106882
     122     81.28128276
     123     82.60870600
     124     83.96037751
     125     85.30989793
     126     86.68304256
     127     88.05464525
     128     89.44927782
     129     90.84294857
     130     92.25908312
     131     93.67480846
     132     95.11245835
     133     96.55022547
     134     98.00940337
     135     99.46920012
     136    100.94991809
     137    102.43173288
     138    103.93400237
     139    105.43782422
     140    106.96165612
     141    108.48747457
     142    110.03287922
     143    111.58068435
     144    113.14767159
     145    114.71745395
     146    116.30603312
     147    117.89778373
     148    119.50796375
     149    121.12167406
     150    122.75346336
     151    124.38912526
     152    126.04253190
     153    127.70013766
     154    129.37516927
     155    131.05471156
     156    132.75137543
     157    134.45284726
     158    136.17115028
     159    137.89454502
     160    139.63449380
     161    141.37980512
     162    143.14140588
     163    144.90862780
     164    146.69188652
     165    148.48101330
     166    150.28593563
     167    152.09696187
     168    153.92355321
     169    155.75647372
     170    157.60473916
     171    159.45954906
     172    161.32949350
     173    163.20618810
     174    165.09781614
     175    166.99639104
     176    168.90970710
     177    170.83015806
     178    172.76516631
     179    174.70748935
     180    176.66419380
     181    178.62838508
     182    180.60678948
     183    182.59284543
     184    184.59295340
     185    186.60087055
     186    188.62268549
     187    190.65246062
     188    192.69598579
     189    194.74761578
     190    196.81285423
     191    198.88633618
     192    200.97329087
     193    203.06862198
     194    205.17729564
     195    207.29447331
     196    209.42486862
     197    211.56389030
     198    213.71600972
     199    215.87687311
     200    218.05071903
     201    220.23342185
     202    222.42899647
     203    224.63353666
     204    226.85084215
     205    229.07721767
     206    231.31625598
     207    233.56446499
     208    235.82523806
     209    238.09527875
     210    240.37778832
     211    242.66965908
     212    244.97390688
     213    247.28760607
     214    249.61359364
     215    251.94911987
     216    254.29684875
     217    256.65420057
     218    259.02367209
     219    261.40284829
     220    263.79406384
     221    266.19506314
     222    268.60802387
     223    271.03084523
     224    273.46555235
     225    275.91019467
     226    278.36664917
     227    280.83311158
     228    283.31131452
     229    285.79959605
     230    288.29954825
     231    290.80964819
     232    293.33135058
     233    295.86326812
     234    298.40672136
     235    300.96045593
     236    303.52566081
     237    306.10121173
     238    308.68816878
     239    311.28553563
     240    313.89424550
     241    316.51342773
     242    319.14389080
     243    321.78488814
     244    324.43710494
     245    327.09991695
     246    329.77388774
     247    332.45851428
     248    335.15423946
     249    337.86068023
     250    340.57815991
     251    343.30641491
     252    346.04564938
     253    348.79571841
     254    351.55670765
     255    354.32859085
     256    357.11133504
     257    359.90503233
     258    362.70953130
     259    365.52504296
     260    368.35129678
     261    371.18862284
     262    374.03663121
     263    376.89577208
     264    379.76553496
     265    382.64649079
     266    385.53800773
     267    388.44077909
     268    391.35404992
     269    394.27863706
     270    397.21366120
     271    400.16006485
     272    403.11684201
     273    406.08506253
     274    409.06359199
     275    412.05363025
     276    415.05391160
     277    418.06576810
     278    421.08780044
     279    424.12147620
     280    427.16525901
     281    430.22075467
     282    433.28628688
     283    436.36360363
     284    439.45088458
     285    442.55002319
     286    445.65905164
     287    448.78001348
     288    451.91078864
     289    455.05357460
     290    458.20609504
     291    461.37070670
     292    464.54497148
     293    467.73140989
     294    470.92741737
     295    474.13568431
     296    477.35343339
     297    480.58353007
     298    483.82301890
     299    487.07494731
     300    490.33617463
     301    493.60993616
     302    496.89289987
     303    500.18849676
     304    503.49319543
     305    506.81062924
     306    510.13706051
     307    513.47633375
     308    516.82449598
     309    520.18561041
     310    523.55550098
     311    526.93845938
     312    530.33007644
     313    533.73488080
     314    537.14822141
     315    540.57487484
     316    544.00993691
     317    547.45844161
     318    550.91522188
     319    554.38558131
     320    557.86407744
     321    561.35629407
     322    564.85650242
     323    568.37058006
     324    571.89249802
     325    575.42843944
     326    578.97206297
     327    582.52987239
     328    586.09519857
     329    589.67487907
     330    593.26190341
     331    596.86345967
     332    600.47217892
     333    604.09561435
     334    607.72602353
     335    611.37134332
     336    615.02343882
     337    618.69064675
     338    622.36442302
     339    626.05352485
     340    629.74897789
     341    633.45997780
     342    637.17710146
     343    640.91000583
     344    644.64879566
     345    648.40360912
     346    652.16405830
     347    655.94078792
     348    659.72289149
     349    663.52154241
     350    667.32529283
     351    671.14587287
     352    674.97126463
     353    678.81377948
     354    682.66080420
     355    686.52526254
     356    690.39391411
     357    694.28032225
     358    698.17059137
     359    702.07895892
     360    705.99083880
     361    709.92117275
     362    713.85465307
     363    717.80696409
     364    721.76203732
     365    725.73633316
     366    729.71298782
     367    733.70928032
     368    737.70750804
     369    741.72580580
     370    745.74559384
     371    749.78591000
     372    753.82724907
     373    757.88959317
     374    761.95246908
     375    766.03685573
     376    770.12125817
     377    774.22769796
     378    778.33361111
     379    782.46212030
     380    786.58953272
     381    790.74012305
     382    794.88901713
     383    799.06170672
     384    803.23206971
     385    807.42687161
     386    811.61868387
     387    815.83561827
     388    820.04886562
     389    824.28794704
     390    828.52260756
     391    832.78385852
     392    837.03991642
     393    841.32335307
     394    845.60078385
     395    849.90643136
     396    854.20521743
     397    858.53309379
     398    862.85320770
     399    867.20334109
     400    871.54476325
     401    875.91717368
     402    880.27987333
     403    884.67459240
     404    889.05854767
     405    893.47559770
     406    897.88077406
     407    902.32019050
     408    906.74656354
     409    911.20837133
     410    915.65590220
     411    920.14014119
     412    924.60880261
     413    929.11550066
     414    933.60524887
     415    938.13445089
     416    942.64525537
     417    947.19699251
     418    951.72880386
     419    956.30312683
     420    960.85591084
     421    965.45285453
     422    970.02655533
     423    974.64617711
     424    979.24075634
     425    983.88309533
     426    988.49848964
     427    993.16361088
     428    997.79977720
     429   1002.48772464
     430   1007.14459094
     431   1011.85543853
     432   1016.53295641
     433   1021.26675354
     434   1025.96484089
     435   1030.72167187
     436   1035.44027422
     437   1040.22019464
     438   1044.95921815
     439   1049.76232440
     440   1054.52170768
     441   1059.34806241
     442   1064.12769790
     443   1068.97741158
     444   1073.77723008
     445   1078.65037338
     446   1083.47025123
     447   1088.36695116
     448   1093.20681032
     449   1098.12714655
     450   1102.98684450
     451   1107.93096340
     452   1112.81041226
     453   1117.77840356
     454   1122.67743867
     455   1127.66947138
     456   1132.58799409
     457   1137.60416886
     458   1142.54198873
     459   1147.58250085
     460   1152.53950794
     461   1157.60446939
     462   1162.58044356
     463   1167.67007964
     464   1172.66490011
     465   1177.77933339
     466   1182.79274678
     467   1187.93223562
     468   1192.96411287
     469   1198.12878722
     470   1203.17883976
     471   1208.36899182
     472   1213.43708949
     473   1218.65284802
     474   1223.73866965
     475   1228.98035559
     476   1234.08378635
     477   1239.35150783
     478   1244.47220729
     479   1249.76629529
     480   1254.90419945
     481   1260.22469979
     482   1265.37948595
     483   1270.72669144
     484   1275.89842029
     485   1281.27222778
     486   1286.46068176
     487   1291.86123543
     488   1297.06675014
     489   1302.49362169
     490   1307.71627577
     491   1313.16922306
     492   1318.40992536
     493   1323.88784640
     494   1329.14736693
     495   1334.64914706
     496   1339.92953681
     497   1345.45274348
     498   1350.75623552
     499   1356.29794209
     500   1361.62873592
     501   1367.18404684
     502   1372.54727085
     503   1378.10969433
     504   1383.51332092
     505   1389.07368785
     506   1394.52889809
     507   1400.07272844
     508   1405.59484089
     509   1411.10309203
     510   1416.73135584
     511   1422.13495467
     512   1427.96166135
 ---------------------------------------
 
SCF converged! Final Ground-State Energy (Eh):              -5.4780275911555307
