 
     Two-Electron DVR    
 ------------------------
 x0     =      15.00000000
 m      =       1.00000000
 Z      =       4.00000000
 n      =              128
 dx     =       0.23622047
 
Soft-Coulomb Parameters:
 alpha  =       1.00000000
 beta   =       0.01000000
 
 
                       Hartree-Fock                      
 --------------------------------------------------------
 no. of orbitals        =              128
 no. of electrons       =                2
 scf_damping_switch     =        F
 scf_diis_switch        =        F
 damping_factor         =   0.00000000
 e_tolerance            = 0.0000000000100000
 maximum scf-iterations =              200
 
 
                       SCF iterations                      
 ----------------------------------------------------------
    S.No    Energy (hartree)        dE (hartree)
 ----------------------------------------------------------
       0     -6.418296506022
       1     -3.653025804150      2.765270701873
       2     -3.950975631442      0.297949827292
       3     -4.064835132596      0.113859501154
       4     -4.093313015891      0.028477883295
       5     -4.101928652452      0.008615636560
       6     -4.104236504693      0.002307852242
       7     -4.104890534319      0.000654029625
       8     -4.105070090982      0.000179556663
       9     -4.105120187254      0.000050096272
      10     -4.105134043727      0.000013856473
      11     -4.105137893715      0.000003849988
      12     -4.105138960873      0.000001067158
      13     -4.105139257045      0.000000296172
      14     -4.105139339188      0.000000082143
      15     -4.105139361978      0.000000022790
      16     -4.105139368300      0.000000006322
      17     -4.105139370054      0.000000001754
      18     -4.105139370540      0.000000000487
      19     -4.105139370675      0.000000000135
      20     -4.105139370713      0.000000000037
      21     -4.105139370723      0.000000000010
      22     -4.105139370726      0.000000000003
 ----------------------------------------------------------
  
 
 
 ---------------------------------------
     Molecular Orbital Energies (Eh)    
 ---------------------------------------
       1     -1.10792535
       2     -0.34959904
       3     -0.28222044
       4     -0.18493322
       5     -0.14512074
       6     -0.07610989
       7     -0.02381772
       8      0.06896485
       9      0.14566989
      10      0.26125401
      11      0.36268247
      12      0.49858422
      13      0.62451001
      14      0.77984526
      15      0.92978019
      16      1.10443659
      17      1.27779873
      18      1.47199571
      19      1.66823240
      20      1.88229467
      21      2.10094210
      22      2.33519102
      23      2.57588943
      24      2.83059928
      25      3.09308471
      26      3.36847228
      27      3.65255898
      28      3.94878809
      29      4.25434980
      30      4.57154098
      31      4.89849454
      32      5.23673516
      33      5.58502753
      34      5.94438060
      35      6.31397927
      36      6.69449028
      37      7.08537644
      38      7.48707851
      39      7.89924222
      40      8.32215980
      41      8.75559682
      42      9.19974827
      43      9.65445793
      44     10.11985736
      45     10.59584110
      46     11.08249958
      47     11.57976008
      48     12.08768654
      49     12.60622713
      50     13.13542893
      51     13.67525322
      52     14.22573660
      53     14.78684827
      54     15.35861856
      55     15.94102125
      56     16.53408314
      57     17.13778032
      58     17.75213797
      59     18.37713298
      60     19.01279017
      61     19.65908612
      62     20.31604622
      63     20.98364611
      64     21.66191231
      65     22.35081886
      66     23.05039396
      67     23.76060990
      68     24.48149666
      69     25.21302436
      70     25.95522513
      71     26.70806711
      72     27.47158432
      73     28.24574267
      74     29.03057820
      75     29.82605543
      76     30.63221138
      77     31.44900940
      78     32.27648703
      79     33.11460859
      80     33.96340958
      81     34.82285663
      82     35.69298116
      83     36.57375730
      84     37.46520625
      85     38.36731394
      86     39.28008543
      87     40.20353036
      88     41.13762345
      89     42.08240981
      90     43.03781835
      91     44.00395652
      92     44.98067533
      93     45.96817412
      94     46.96618807
      95     47.97506807
      96     48.99436225
      97     50.02464338
      98     51.06518398
      99     52.11690814
     100     53.17865895
     101     54.25187072
     102     55.33476107
     103     56.42954340
     104     57.53349441
     105     58.64994069
     106     59.77481843
     107     60.91307593
     108     62.05873186
     109     63.21896906
     110     64.38520492
     111     65.56760073
     112     66.75422250
     113     67.95896105
     114     69.16595760
     115     70.39277370
     116     71.62045108
     117     72.86854631
     118     74.11942847
     119     75.38399497
     120     76.66425686
     121     77.93474292
     122     79.26439212
     123     80.51240215
     124     81.91939994
     125     83.11911986
     126     84.63687316
     127     85.80665058
     128     87.28876149
 ---------------------------------------
 
SCF converged! Final Ground-State Energy (Eh):              -4.1051393707259143
