 
     Two-Electron DVR    
 ------------------------
 x0     =      15.00000000
 m      =       1.00000000
 Z      =       2.00000000
 n      =               32
 dx     =       0.96774194
 
Soft-Coulomb Parameters:
 alpha  =       1.00000000
 beta   =       0.01000000
 
 
                       Hartree-Fock                      
 --------------------------------------------------------
 no. of orbitals        =               32
 no. of electrons       =                2
 scf_damping_switch     =        T
 scf_diis_switch        =        F
 damping_factor         =   0.75000000
 e_tolerance            = 0.0000000000100000
 maximum scf-iterations =              200
 
 
                       SCF iterations                      
 ----------------------------------------------------------
    S.No    Energy (hartree)        dE (hartree)
 ----------------------------------------------------------
       0     -2.948168849727
       1      0.970990535118      3.919159384844
       2      0.026707725442      0.944282809675
       3     -0.367056250498      0.393763975940
       4     -0.498474388830      0.131418138332
       5     -0.584294903750      0.085820514920
       6     -0.636520642854      0.052225739104
       7     -0.676786846385      0.040266203531
       8     -0.708494503555      0.031707657170
       9     -0.733252389842      0.024757886287
      10     -0.752398602733      0.019146212891
      11     -0.767089416982      0.014690814249
      12     -0.778296330744      0.011206913762
      13     -0.786806884920      0.008510554176
      14     -0.793251280298      0.006444395378
      15     -0.798118451329      0.004867171031
      16     -0.801790754358      0.003672303029
      17     -0.804557029725      0.002766275367
      18     -0.806641218102      0.002084188377
      19     -0.808209655275      0.001568437173
      20     -0.809391133465      0.001181478190
      21     -0.810280235134      0.000889101669
      22     -0.810950363808      0.000670128674
      23     -0.811454978270      0.000504614462
      24     -0.811835740884      0.000380762613
      25     -0.812122788311      0.000287047427
      26     -0.812339732372      0.000216944061
      27     -0.812503548589      0.000163816218
      28     -0.812627619487      0.000124070898
      29     -0.812721509363      0.000093889876
      30     -0.812792810857      0.000071301494
      31     -0.812846917698      0.000054106841
      32     -0.812888145198      0.000041227500
      33     -0.812919539782      0.000031394584
      34     -0.812943560029      0.000024020248
      35     -0.812961930303      0.000018370273
      36     -0.812976055722      0.000014125420
      37     -0.812986915155      0.000010859432
      38     -0.812995314806      0.000008399652
      39     -0.813001812469      0.000006497663
      40     -0.813006872972      0.000005060503
      41     -0.813010815741      0.000003942769
      42     -0.813013910385      0.000003094644
      43     -0.813016340990      0.000002430606
      44     -0.813018265080      0.000001924089
      45     -0.813019789597      0.000001524518
      46     -0.813021007384      0.000001217787
      47     -0.813021981193      0.000000973809
      48     -0.813022766313      0.000000785120
      49     -0.813023400013      0.000000633700
      50     -0.813023915620      0.000000515606
      51     -0.813024335587      0.000000419967
      52     -0.813024680278      0.000000344691
      53     -0.813024963447      0.000000283169
      54     -0.813025197728      0.000000234280
      55     -0.813025391699      0.000000193971
      56     -0.813025553328      0.000000161629
      57     -0.813025688073      0.000000134745
      58     -0.813025801044      0.000000112971
      59     -0.813025895784      0.000000094740
      60     -0.813025975627      0.000000079844
      61     -0.813026042920      0.000000067292
      62     -0.813026099874      0.000000056955
      63     -0.813026148073      0.000000048199
      64     -0.813026189009      0.000000040936
      65     -0.813026223768      0.000000034758
      66     -0.813026253370      0.000000029603
      67     -0.813026278573      0.000000025202
      68     -0.813026300084      0.000000021511
      69     -0.813026318436      0.000000018352
      70     -0.813026334127      0.000000015691
      71     -0.813026347536      0.000000013409
      72     -0.813026359016      0.000000011480
      73     -0.813026368839      0.000000009823
      74     -0.813026377258      0.000000008418
      75     -0.813026384469      0.000000007211
      76     -0.813026390653      0.000000006184
      77     -0.813026395955      0.000000005302
      78     -0.813026400504      0.000000004550
      79     -0.813026404407      0.000000003903
      80     -0.813026407757      0.000000003350
      81     -0.813026410632      0.000000002875
      82     -0.813026413102      0.000000002469
      83     -0.813026415222      0.000000002120
      84     -0.813026417043      0.000000001821
      85     -0.813026418607      0.000000001564
      86     -0.813026419951      0.000000001344
      87     -0.813026421105      0.000000001154
      88     -0.813026422097      0.000000000992
      89     -0.813026422949      0.000000000852
      90     -0.813026423681      0.000000000732
      91     -0.813026424310      0.000000000629
      92     -0.813026424851      0.000000000541
      93     -0.813026425316      0.000000000465
      94     -0.813026425715      0.000000000399
      95     -0.813026426058      0.000000000343
      96     -0.813026426353      0.000000000295
      97     -0.813026426607      0.000000000254
      98     -0.813026426825      0.000000000218
      99     -0.813026427012      0.000000000187
     100     -0.813026427173      0.000000000161
     101     -0.813026427312      0.000000000138
     102     -0.813026427431      0.000000000119
     103     -0.813026427533      0.000000000102
     104     -0.813026427621      0.000000000088
     105     -0.813026427697      0.000000000076
     106     -0.813026427761      0.000000000065
     107     -0.813026427817      0.000000000056
     108     -0.813026427865      0.000000000048
     109     -0.813026427907      0.000000000041
     110     -0.813026427942      0.000000000035
     111     -0.813026427973      0.000000000030
     112     -0.813026427999      0.000000000026
     113     -0.813026428021      0.000000000023
     114     -0.813026428041      0.000000000019
     115     -0.813026428057      0.000000000017
     116     -0.813026428072      0.000000000014
     117     -0.813026428084      0.000000000012
     118     -0.813026428094      0.000000000011
     119     -0.813026428104      0.000000000009
 ----------------------------------------------------------
  
 
 
 ---------------------------------------
     Molecular Orbital Energies (Eh)    
 ---------------------------------------
       1      0.09453949
       2      0.20024063
       3      0.21853554
       4      0.31126098
       5      0.33961855
       6      0.43982992
       7      0.48487587
       8      0.59406462
       9      0.66192479
      10      0.78109281
      11      0.87363291
      12      1.00444937
      13      1.12136252
      14      1.26561896
      15      1.40605317
      16      1.56507824
      17      1.72847503
      18      1.90284890
      19      2.08905025
      20      2.27911161
      21      2.48794017
      22      2.69370178
      23      2.92534527
      24      3.14702741
      25      3.40135641
      26      3.63965379
      27      3.91555591
      28      4.17498071
      29      4.46785290
      30      4.77041192
      31      5.03281263
      32      5.48379950
 ---------------------------------------
 
SCF converged! Final Ground-State Energy (Eh):              -0.8130264281035849
