 
     Two-Electron DVR    
 ------------------------
 x0     =      15.00000000
 m      =       1.00000000
 Z      =       6.00000000
 n      =             2048
 dx     =       0.01465559
 
Soft-Coulomb Parameters:
 alpha  =       0.10000000
 beta   =       0.10000000
 
 
                       Hartree-Fock                      
 --------------------------------------------------------
 no. of orbitals        =             2048
 no. of electrons       =                2
 scf_damping_switch     =        F
 scf_diis_switch        =        F
 damping_factor         =   0.00000000
 e_tolerance            = 0.0000000000100000
 maximum scf-iterations =              200
 
 
                       SCF iterations                      
 ----------------------------------------------------------
    S.No    Energy (hartree)        dE (hartree)
 ----------------------------------------------------------
       0    -27.953493991550
       1    -25.568250930939      2.385243060612
       2    -25.583942959858      0.015692028920
       3    -25.584101043603      0.000158083745
       4    -25.584102649329      0.000001605726
       5    -25.584102665804      0.000000016475
       6    -25.584102665975      0.000000000171
       7    -25.584102665976      0.000000000001
 ----------------------------------------------------------
  
 
 
 ---------------------------------------
     Molecular Orbital Energies (Eh)    
 ---------------------------------------
       1    -11.61562648
       2     -4.08282616
       3     -2.23161453
       4     -1.40864830
       5     -0.96736209
       6     -0.70295403
       7     -0.53446103
       8     -0.41872467
       9     -0.33406708
      10     -0.25851435
      11     -0.17703632
      12     -0.08066276
      13      0.02948530
      14      0.15504819
      15      0.29272502
      16      0.44511635
      17      0.60841586
      18      0.78621897
      19      0.97405439
      20      1.17642057
      21      1.38811623
      22      1.61448231
      23      1.84958858
      24      2.09955083
      25      2.35775560
      26      2.63100743
      27      2.91208816
      28      3.20838675
      29      3.51218173
      30      3.83132903
      31      4.15771892
      32      4.49955024
      33      4.84844549
      34      5.21282235
      35      5.58415452
      36      5.97095983
      37      6.36467539
      38      6.77381002
      39      7.18986594
      40      7.62124612
      41      8.05960678
      42      8.51316201
      43      8.97379697
      44      9.44946818
      45      9.93235070
      46     10.43008875
      47     10.93519468
      48     11.45495899
      49     11.98226615
      50     12.52402347
      51     13.07351112
      52     13.63723448
      53     14.20888307
      54     14.79455081
      55     15.38834182
      56     15.99593673
      57     16.61185254
      58     17.24136118
      59     17.87938505
      60     18.53079705
      61     19.19091309
      62     19.86422065
      63     20.54641380
      64     21.24161117
      65     21.94586721
      66     22.66295035
      67     23.38925588
      68     24.12822209
      69     24.87656454
      70     25.63741215
      71     26.40777977
      72     27.19050797
      73     27.98288980
      74     28.78749838
      75     29.60188423
      76     30.42837347
      77     31.26475392
      78     32.11312442
      79     32.97149076
      80     33.84174339
      81     34.72208757
      82     35.61422334
      83     36.51653798
      84     37.43055800
      85     38.35483633
      86     39.29074175
      87     40.23697757
      88     41.19476954
      89     42.16295718
      90     43.14263683
      91     44.13277113
      92     45.13433955
      93     46.14641579
      94     47.16987402
      95     48.20388792
      96     49.24923691
      97     50.30518458
      98     51.37242522
      99     52.45030313
     100     53.53943623
     101     54.63924118
     102     55.75026748
     103     56.87199657
     104     58.00491673
     105     59.14856732
     106     60.30338194
     107     61.46895166
     108     62.64566126
     109     63.83314796
     110     65.03175299
     111     66.24115473
     112     67.46165560
     113     68.69297062
     114     69.93536767
     115     71.18859437
     116     72.45288790
     117     73.72802485
     118     75.01421510
     119     76.31126101
     120     77.61934820
     121     78.93830188
     122     80.26828618
     123     81.60914658
     124     82.96102811
     125     84.32379427
     126     85.69757316
     127     87.08224420
     128     88.47792052
     129     89.88449567
     130     91.30206948
     131     92.73054801
     132     94.17001936
     133     95.62040062
     134     97.08176953
     135     98.55405294
     136    100.03731941
     137    101.53150444
     138    103.03666847
     139    104.55275463
     140    106.07981619
     141    107.61780305
     142    109.16676212
     143    110.72664927
     144    112.29750582
     145    113.87929289
     146    115.47204688
     147    117.07573353
     148    118.69038491
     149    120.31597085
     150    121.95251956
     151    123.60000450
     152    125.25845050
     153    126.92783419
     154    128.60817741
     155    130.29945961
     156    132.00170000
     157    133.71488049
     158    135.43901798
     159    137.17409657
     160    138.92013111
     161    140.67710760
     162    142.44503913
     163    144.22391336
     164    146.01374181
     165    147.81451362
     166    149.62623893
     167    151.44890818
     168    153.28253029
     169    155.12709685
     170    156.98261568
     171    158.84907942
     172    160.72649494
     173    162.61485574
     174    164.51416788
     175    166.42442563
     176    168.34563433
     177    170.27778894
     178    172.22089414
     179    174.17494551
     180    176.13994716
     181    178.11589521
     182    180.10279325
     183    182.10063788
     184    184.10943227
     185    186.12917342
     186    188.15986410
     187    190.20150169
     188    192.25408862
     189    194.31762257
     190    196.39210570
     191    198.47753596
     192    200.57391525
     193    202.68124175
     194    204.79951715
     195    206.92873984
     196    209.06891130
     197    211.22003012
     198    213.38209761
     199    215.55511252
     200    217.73907599
     201    219.93398693
     202    222.13984634
     203    224.35665327
     204    226.58440860
     205    228.82311147
     206    231.07276267
     207    233.33336145
     208    235.60490849
     209    237.88740313
     210    240.18084597
     211    242.48523644
     212    244.80057506
     213    247.12686131
     214    249.46409568
     215    251.81227769
     216    254.17140777
     217    256.54148550
     218    258.92251126
     219    261.31448469
     220    263.71740611
     221    266.13127520
     222    268.55609225
     223    270.99185697
     224    273.43856964
     225    275.89622996
     226    278.36483821
     227    280.84439412
     228    283.33489792
     229    285.83634938
     230    288.34874872
     231    290.87209572
     232    293.40639057
     233    295.95163308
     234    298.50782342
     235    301.07496142
     236    303.65304724
     237    306.24208070
     238    308.84206197
     239    311.45299089
     240    314.07486759
     241    316.70769193
     242    319.35146405
     243    322.00618380
     244    324.67185131
     245    327.34846646
     246    330.03602936
     247    332.73453988
     248    335.44399814
     249    338.16440402
     250    340.89575763
     251    343.63805886
     252    346.39130780
     253    349.15550436
     254    351.93064862
     255    354.71674050
     256    357.51378007
     257    360.32176724
     258    363.14070210
     259    365.97058456
     260    368.81141470
     261    371.66319243
     262    374.52591784
     263    377.39959084
     264    380.28421150
     265    383.17977974
     266    386.08629565
     267    389.00375913
     268    391.93217028
     269    394.87152898
     270    397.82183535
     271    400.78308927
     272    403.75529085
     273    406.73843998
     274    409.73253675
     275    412.73758108
     276    415.75357305
     277    418.78051256
     278    421.81839971
     279    424.86723441
     280    427.92701673
     281    430.99774659
     282    434.07942408
     283    437.17204910
     284    440.27562174
     285    443.39014192
     286    446.51560971
     287    449.65202503
     288    452.79938796
     289    455.95769841
     290    459.12695648
     291    462.30716206
     292    465.49831525
     293    468.70041596
     294    471.91346427
     295    475.13746009
     296    478.37240351
     297    481.61829444
     298    484.87513297
     299    488.14291900
     300    491.42165262
     301    494.71133375
     302    498.01196247
     303    501.32353868
     304    504.64606249
     305    507.97953379
     306    511.32395268
     307    514.67931906
     308    518.04563302
     309    521.42289448
     310    524.81110351
     311    528.21026003
     312    531.62036413
     313    535.04141572
     314    538.47341488
     315    541.91636152
     316    545.37025574
     317    548.83509744
     318    552.31088671
     319    555.79762345
     320    559.29530777
     321    562.80393956
     322    566.32351892
     323    569.85404575
     324    573.39552015
     325    576.94794202
     326    580.51131146
     327    584.08562835
     328    587.67089282
     329    591.26710475
     330    594.87426425
     331    598.49237120
     332    602.12142572
     333    605.76142770
     334    609.41237724
     335    613.07427423
     336    616.74711879
     337    620.43091080
     338    624.12565038
     339    627.83133740
     340    631.54797198
     341    635.27555401
     342    639.01408361
     343    642.76356064
     344    646.52398524
     345    650.29535728
     346    654.07767689
     347    657.87094393
     348    661.67515853
     349    665.49032057
     350    669.31643017
     351    673.15348721
     352    677.00149181
     353    680.86044383
     354    684.73034343
     355    688.61119044
     356    692.50298503
     357    696.40572703
     358    700.31941661
     359    704.24405360
     360    708.17963816
     361    712.12617014
     362    716.08364968
     363    720.05207664
     364    724.03145117
     365    728.02177311
     366    732.02304262
     367    736.03525954
     368    740.05842402
     369    744.09253593
     370    748.13759539
     371    752.19360226
     372    756.26055670
     373    760.33845855
     374    764.42730797
     375    768.52710479
     376    772.63784917
     377    776.75954097
     378    780.89218033
     379    785.03576709
     380    789.19030142
     381    793.35578315
     382    797.53221244
     383    801.71958914
     384    805.91791341
     385    810.12718507
     386    814.34740430
     387    818.57857093
     388    822.82068513
     389    827.07374672
     390    831.33775588
     391    835.61271244
     392    839.89861656
     393    844.19546808
     394    848.50326716
     395    852.82201364
     396    857.15170769
     397    861.49234913
     398    865.84393813
     399    870.20647453
     400    874.57995850
     401    878.96438985
     402    883.35976878
     403    887.76609509
     404    892.18336897
     405    896.61159024
     406    901.05075908
     407    905.50087531
     408    909.96193910
     409    914.43395029
     410    918.91690904
     411    923.41081518
     412    927.91566888
     413    932.43146997
     414    936.95821864
     415    941.49591468
     416    946.04455830
     417    950.60414930
     418    955.17468787
     419    959.75617382
     420    964.34860734
     421    968.95198825
     422    973.56631673
     423    978.19159258
     424    982.82781601
     425    987.47498682
     426    992.13310520
     427    996.80217096
     428   1001.48218430
     429   1006.17314501
     430   1010.87505330
     431   1015.58790896
     432   1020.31171220
     433   1025.04646281
     434   1029.79216100
     435   1034.54880657
     436   1039.31639971
     437   1044.09494022
     438   1048.88442832
     439   1053.68486378
     440   1058.49624683
     441   1063.31857724
     442   1068.15185524
     443   1072.99608060
     444   1077.85125355
     445   1082.71737387
     446   1087.59444177
     447   1092.48245703
     448   1097.38141988
     449   1102.29133010
     450   1107.21218790
     451   1112.14399307
     452   1117.08674582
     453   1122.04044594
     454   1127.00509364
     455   1131.98068871
     456   1136.96723137
     457   1141.96472138
     458   1146.97315899
     459   1151.99254396
     460   1157.02287652
     461   1162.06415644
     462   1167.11638396
     463   1172.17955882
     464   1177.25368129
     465   1182.33875111
     466   1187.43476853
     467   1192.54173330
     468   1197.65964568
     469   1202.78850540
     470   1207.92831273
     471   1213.07906740
     472   1218.24076968
     473   1223.41341931
     474   1228.59701654
     475   1233.79156113
     476   1238.99705331
     477   1244.21349285
     478   1249.44087999
     479   1254.67921448
     480   1259.92849657
     481   1265.18872602
     482   1270.45990307
     483   1275.74202746
     484   1281.03509947
     485   1286.33911882
     486   1291.65408579
     487   1296.98000009
     488   1302.31686201
     489   1307.66467128
     490   1313.02342815
     491   1318.39313237
     492   1323.77378421
     493   1329.16538338
     494   1334.56793018
     495   1339.98142431
     496   1345.40586606
     497   1350.84125515
     498   1356.28759186
     499   1361.74487591
     500   1367.21310758
     501   1372.69228658
     502   1378.18241322
     503   1383.68348718
     504   1389.19550877
     505   1394.71847770
     506   1400.25239425
     507   1405.79725814
     508   1411.35306965
     509   1416.91982850
     510   1422.49753498
     511   1428.08618879
     512   1433.68579023
     513   1439.29633900
     514   1444.91783541
     515   1450.55027914
     516   1456.19367051
     517   1461.84800921
     518   1467.51329554
     519   1473.18952921
     520   1478.87671051
     521   1484.57483913
     522   1490.28391540
     523   1496.00393900
     524   1501.73491023
     525   1507.47682879
     526   1513.22969500
     527   1518.99350852
     528   1524.76826970
     529   1530.55397819
     530   1536.35063433
     531   1542.15823780
     532   1547.97678891
     533   1553.80628735
     534   1559.64673343
     535   1565.49812683
     536   1571.36046789
     537   1577.23375627
     538   1583.11799230
     539   1589.01317564
     540   1594.91930665
     541   1600.83638497
     542   1606.76441095
     543   1612.70338424
     544   1618.65330519
     545   1624.61417346
     546   1630.58598939
     547   1636.56875264
     548   1642.56246354
     549   1648.56712176
     550   1654.58272765
     551   1660.60928085
     552   1666.64678171
     553   1672.69522989
     554   1678.75462573
     555   1684.82496889
     556   1690.90625971
     557   1696.99849784
     558   1703.10168365
     559   1709.21581677
     560   1715.34089756
     561   1721.47692565
     562   1727.62390143
     563   1733.78182451
     564   1739.95069526
     565   1746.13051333
     566   1752.32127907
     567   1758.52299212
     568   1764.73565285
     569   1770.95926088
     570   1777.19381660
     571   1783.43931962
     572   1789.69577033
     573   1795.96316833
     574   1802.24151403
     575   1808.53080703
     576   1814.83104771
     577   1821.14223570
     578   1827.46437138
     579   1833.79745435
     580   1840.14148502
     581   1846.49646299
     582   1852.86238866
     583   1859.23926162
     584   1865.62708228
     585   1872.02585023
     586   1878.43556589
     587   1884.85622883
     588   1891.28783949
     589   1897.73039743
     590   1904.18390308
     591   1910.64835602
     592   1917.12375667
     593   1923.61010461
     594   1930.10740026
     595   1936.61564320
     596   1943.13483385
     597   1949.66497179
     598   1956.20605745
     599   1962.75809039
     600   1969.32107105
     601   1975.89499899
     602   1982.47987465
     603   1989.07569760
     604   1995.68246827
     605   2002.30018622
     606   2008.92885189
     607   2015.56846485
     608   2022.21902553
     609   2028.88053350
     610   2035.55298919
     611   2042.23639216
     612   2048.93074287
     613   2055.63604085
     614   2062.35228656
     615   2069.07947956
     616   2075.81762029
     617   2082.56670829
     618   2089.32674403
     619   2096.09772705
     620   2102.87965781
     621   2109.67253584
     622   2116.47636161
     623   2123.29113466
     624   2130.11685545
     625   2136.95352352
     626   2143.80113933
     627   2150.65970241
     628   2157.52921324
     629   2164.40967134
     630   2171.30107720
     631   2178.20343032
     632   2185.11673119
     633   2192.04097933
     634   2198.97617524
     635   2205.92231840
     636   2212.87940933
     637   2219.84744752
     638   2226.82643347
     639   2233.81636668
     640   2240.81724766
     641   2247.82907590
     642   2254.85185191
     643   2261.88557518
     644   2268.93024622
     645   2275.98586452
     646   2283.05243060
     647   2290.12994392
     648   2297.21840503
     649   2304.31781339
     650   2311.42816953
     651   2318.54947293
     652   2325.68172410
     653   2332.82492253
     654   2339.97906874
     655   2347.14416221
     656   2354.32020346
     657   2361.50719196
     658   2368.70512825
     659   2375.91401179
     660   2383.13384313
     661   2390.36462171
     662   2397.60634808
     663   2404.85902170
     664   2412.12264312
     665   2419.39721179
     666   2426.68272825
     667   2433.97919196
     668   2441.28660347
     669   2448.60496223
     670   2455.93426879
     671   2463.27452259
     672   2470.62572420
     673   2477.98787305
     674   2485.36096971
     675   2492.74501360
     676   2500.14000532
     677   2507.54594427
     678   2514.96283103
     679   2522.39066504
     680   2529.82944686
     681   2537.27917591
     682   2544.73985279
     683   2552.21147690
     684   2559.69404884
     685   2567.18756801
     686   2574.69203500
     687   2582.20744923
     688   2589.73381129
     689   2597.27112057
     690   2604.81937769
     691   2612.37858204
     692   2619.94873422
     693   2627.52983363
     694   2635.12188088
     695   2642.72487536
     696   2650.33881767
     697   2657.96370721
     698   2665.59954460
     699   2673.24632920
     700   2680.90406166
     701   2688.57274133
     702   2696.25236886
     703   2703.94294360
     704   2711.64446620
     705   2719.35693602
     706   2727.08035369
     707   2734.81471858
     708   2742.56003133
     709   2750.31629129
     710   2758.08349912
     711   2765.86165416
     712   2773.65075706
     713   2781.45080718
     714   2789.26180517
     715   2797.08375036
     716   2804.91664343
     717   2812.76048371
     718   2820.61527186
     719   2828.48100722
     720   2836.35769045
     721   2844.24532090
     722   2852.14389922
     723   2860.05342475
     724   2867.97389816
     725   2875.90531878
     726   2883.84768728
     727   2891.80100298
     728   2899.76526658
     729   2907.74047737
     730   2915.72663606
     731   2923.72374194
     732   2931.73179572
     733   2939.75079670
     734   2947.78074558
     735   2955.82164165
     736   2963.87348563
     737   2971.93627679
     738   2980.01001587
     739   2988.09470214
     740   2996.19033631
     741   3004.29691768
     742   3012.41444696
     743   3020.54292342
     744   3028.68234781
     745   3036.83271938
     746   3044.99403887
     747   3053.16630554
     748   3061.34952014
     749   3069.54368192
     750   3077.74879163
     751   3085.96484852
     752   3094.19185334
     753   3102.42980533
     754   3110.67870526
     755   3118.93855237
     756   3127.20934742
     757   3135.49108964
     758   3143.78377980
     759   3152.08741713
     760   3160.40200241
     761   3168.72753486
     762   3177.06401526
     763   3185.41144283
     764   3193.76981835
     765   3202.13914104
     766   3210.51941168
     767   3218.91062949
     768   3227.31279526
     769   3235.72590819
     770   3244.14996908
     771   3252.58497714
     772   3261.03093316
     773   3269.48783634
     774   3277.95568749
     775   3286.43448580
     776   3294.92423209
     777   3303.42492552
     778   3311.93656694
     779   3320.45915551
     780   3328.99269206
     781   3337.53717576
     782   3346.09260745
     783   3354.65898629
     784   3363.23631311
     785   3371.82458709
     786   3380.42380905
     787   3389.03397817
     788   3397.65509527
     789   3406.28715953
     790   3414.93017178
     791   3423.58413117
     792   3432.24903857
     793   3440.92489310
     794   3449.61169565
     795   3458.30944533
     796   3467.01814302
     797   3475.73778785
     798   3484.46838070
     799   3493.20992067
     800   3501.96240867
     801   3510.72584380
     802   3519.50022695
     803   3528.28555723
     804   3537.08183554
     805   3545.88906097
     806   3554.70723444
     807   3563.53635503
     808   3572.37642365
     809   3581.22743940
     810   3590.08940319
     811   3598.96231410
     812   3607.84617305
     813   3616.74097911
     814   3625.64673323
     815   3634.56343446
     816   3643.49108374
     817   3652.42968014
     818   3661.37922459
     819   3670.33971616
     820   3679.31115578
     821   3688.29354251
     822   3697.28687731
     823   3706.29115921
     824   3715.30638918
     825   3724.33256625
     826   3733.36969140
     827   3742.41776365
     828   3751.47678397
     829   3760.54675140
     830   3769.62766690
     831   3778.71952950
     832   3787.82234019
     833   3796.93609797
     834   3806.06080384
     835   3815.19645681
     836   3824.34305787
     837   3833.50060601
     838   3842.66910226
     839   3851.84854559
     840   3861.03893702
     841   3870.24027554
     842   3879.45256217
     843   3888.67579588
     844   3897.90997770
     845   3907.15510660
     846   3916.41118361
     847   3925.67820771
     848   3934.95617992
     849   3944.24509921
     850   3953.54496662
     851   3962.85578110
     852   3972.17754371
     853   3981.51025340
     854   3990.85391121
     855   4000.20851610
     856   4009.57406912
     857   4018.95056920
     858   4028.33801743
     859   4037.73641272
     860   4047.14575616
     861   4056.56604666
     862   4065.99728530
     863   4075.43947101
     864   4084.89260487
     865   4094.35668579
     866   4103.83171486
     867   4113.31769099
     868   4122.81461528
     869   4132.32248663
     870   4141.84130614
     871   4151.37107270
     872   4160.91178743
     873   4170.46344921
     874   4180.02605916
     875   4189.59961616
     876   4199.18412134
     877   4208.77957356
     878   4218.38597396
     879   4228.00332141
     880   4237.63161704
     881   4247.27085971
     882   4256.92105058
     883   4266.58218848
     884   4276.25427458
     885   4285.93730771
     886   4295.63128904
     887   4305.33621740
     888   4315.05209397
     889   4324.77891757
     890   4334.51668937
     891   4344.26540821
     892   4354.02507526
     893   4363.79568933
     894   4373.57725162
     895   4383.36976093
     896   4393.17321847
     897   4402.98762302
     898   4412.81297581
     899   4422.64927560
     900   4432.49652364
     901   4442.35471868
     902   4452.22386197
     903   4462.10395226
     904   4471.99499080
     905   4481.89697634
     906   4491.80991013
     907   4501.73379093
     908   4511.66861998
     909   4521.61439603
     910   4531.57112034
     911   4541.53879165
     912   4551.51741122
     913   4561.50697778
     914   4571.50749262
     915   4581.51895445
     916   4591.54136455
     917   4601.57472164
     918   4611.61902701
     919   4621.67427936
     920   4631.74048000
     921   4641.81762762
     922   4651.90572354
     923   4662.00476643
     924   4672.11475762
     925   4682.23569578
     926   4692.36758224
     927   4702.51041567
     928   4712.66419742
     929   4722.82892613
     930   4733.00460315
     931   4743.19122714
     932   4753.38879945
     933   4763.59731871
     934   4773.81678630
     935   4784.04720085
     936   4794.28856373
     937   4804.54087356
     938   4814.80413173
     939   4825.07833685
     940   4835.36349031
     941   4845.65959072
     942   4855.96663947
     943   4866.28463517
     944   4876.61357922
     945   4886.95347021
     946   4897.30430956
     947   4907.66609584
     948   4918.03883049
     949   4928.42251207
     950   4938.81714202
     951   4949.22271890
     952   4959.63924415
     953   4970.06671633
     954   4980.50513690
     955   4990.95450438
     956   5001.41482025
     957   5011.88608304
     958   5022.36829422
     959   5032.86145232
     960   5043.36555882
     961   5053.88061222
     962   5064.40661404
     963   5074.94356275
     964   5085.49145988
     965   5096.05030392
     966   5106.62009637
     967   5117.20083572
     968   5127.79252349
     969   5138.39515816
     970   5149.00874125
     971   5159.63327124
     972   5170.26874967
     973   5180.91517498
     974   5191.57254873
     975   5202.24086937
     976   5212.92013845
     977   5223.61035441
     978   5234.31151883
     979   5245.02363013
     980   5255.74668988
     981   5266.48069651
     982   5277.22565160
     983   5287.98155356
     984   5298.74840399
     985   5309.52620128
     986   5320.31494706
     987   5331.11463969
     988   5341.92528081
     989   5352.74686879
     990   5363.57940526
     991   5374.42288857
     992   5385.27732039
     993   5396.14269905
     994   5407.01902622
     995   5417.90630023
     996   5428.80452276
     997   5439.71369212
     998   5450.63381000
     999   5461.56487471
    1000   5472.50688795
    1001   5483.45984801
    1002   5494.42375661
    1003   5505.39861204
    1004   5516.38441600
    1005   5527.38116678
    1006   5538.38886611
    1007   5549.40751225
    1008   5560.43710695
    1009   5571.47764846
    1010   5582.52913852
    1011   5593.59157539
    1012   5604.66496083
    1013   5615.74929307
    1014   5626.84457389
    1015   5637.95080150
    1016   5649.06797769
    1017   5660.19610067
    1018   5671.33517224
    1019   5682.48519060
    1020   5693.64615755
    1021   5704.81807129
    1022   5716.00093362
    1023   5727.19474274
    1024   5738.39950046
    1025   5749.61520496
    1026   5760.84185807
    1027   5772.07945796
    1028   5783.32800646
    1029   5794.58750173
    1030   5805.85794562
    1031   5817.13933628
    1032   5828.43167557
    1033   5839.73496162
    1034   5851.04919631
    1035   5862.37437776
    1036   5873.71050785
    1037   5885.05758469
    1038   5896.41561018
    1039   5907.78458242
    1040   5919.16450332
    1041   5930.55537096
    1042   5941.95718726
    1043   5953.36995031
    1044   5964.79366202
    1045   5976.22832047
    1046   5987.67392760
    1047   5999.13048146
    1048   6010.59798400
    1049   6022.07643327
    1050   6033.56583123
    1051   6045.06617591
    1052   6056.57746929
    1053   6068.09970938
    1054   6079.63289819
    1055   6091.17703370
    1056   6102.73211792
    1057   6114.29814885
    1058   6125.87512851
    1059   6137.46305486
    1060   6149.06192995
    1061   6160.67175172
    1062   6172.29252224
    1063   6183.92423944
    1064   6195.56690540
    1065   6207.22051803
    1066   6218.88507942
    1067   6230.56058748
    1068   6242.24704431
    1069   6253.94444780
    1070   6265.65280008
    1071   6277.37209901
    1072   6289.10234672
    1073   6300.84354109
    1074   6312.59568426
    1075   6324.35877407
    1076   6336.13281268
    1077   6347.91779793
    1078   6359.71373200
    1079   6371.52061270
    1080   6383.33844221
    1081   6395.16721837
    1082   6407.00694334
    1083   6418.85761494
    1084   6430.71923537
    1085   6442.59180242
    1086   6454.47531832
    1087   6466.36978083
    1088   6478.27519218
    1089   6490.19155015
    1090   6502.11885697
    1091   6514.05711040
    1092   6526.00631269
    1093   6537.96646159
    1094   6549.93755935
    1095   6561.91960371
    1096   6573.91259694
    1097   6585.91653677
    1098   6597.93142548
    1099   6609.95726077
    1100   6621.99404497
    1101   6634.04177573
    1102   6646.10045541
    1103   6658.17008165
    1104   6670.25065680
    1105   6682.34217852
    1106   6694.44464917
    1107   6706.55806637
    1108   6718.68243250
    1109   6730.81774518
    1110   6742.96400680
    1111   6755.12121497
    1112   6767.28937209
    1113   6779.46847574
    1114   6791.65852836
    1115   6803.85952750
    1116   6816.07147561
    1117   6828.29437025
    1118   6840.52821386
    1119   6852.77300399
    1120   6865.02874311
    1121   6877.29542874
    1122   6889.57306336
    1123   6901.86164449
    1124   6914.16117462
    1125   6926.47165125
    1126   6938.79307690
    1127   6951.12544903
    1128   6963.46877019
    1129   6975.82303783
    1130   6988.18825450
    1131   7000.56441766
    1132   7012.95152985
    1133   7025.34958851
    1134   7037.75859623
    1135   7050.17855040
    1136   7062.60945364
    1137   7075.05130334
    1138   7087.50410210
    1139   7099.96784732
    1140   7112.44254161
    1141   7124.92818235
    1142   7137.42477217
    1143   7149.93230844
    1144   7162.45079380
    1145   7174.98022558
    1146   7187.52060648
    1147   7200.07193380
    1148   7212.63421024
    1149   7225.20743308
    1150   7237.79160506
    1151   7250.38672345
    1152   7262.99279097
    1153   7275.60980489
    1154   7288.23776796
    1155   7300.87667742
    1156   7313.52653604
    1157   7326.18734104
    1158   7338.85909521
    1159   7351.54179576
    1160   7364.23544549
    1161   7376.94004158
    1162   7389.65558686
    1163   7402.38207850
    1164   7415.11951935
    1165   7427.86790654
    1166   7440.62724295
    1167   7453.39752570
    1168   7466.17875767
    1169   7478.97093597
    1170   7491.77406351
    1171   7504.58813738
    1172   7517.41316049
    1173   7530.24912991
    1174   7543.09604860
    1175   7555.95391359
    1176   7568.82272784
    1177   7581.70248840
    1178   7594.59319824
    1179   7607.49485436
    1180   7620.40745978
    1181   7633.33101148
    1182   7646.26551248
    1183   7659.21095975
    1184   7672.16735634
    1185   7685.13469919
    1186   7698.11299136
    1187   7711.10222979
    1188   7724.10241755
    1189   7737.11355156
    1190   7750.13563492
    1191   7763.16866452
    1192   7776.21264347
    1193   7789.26756865
    1194   7802.33344320
    1195   7815.41026398
    1196   7828.49803413
    1197   7841.59675049
    1198   7854.70641625
    1199   7867.82702821
    1200   7880.95858957
    1201   7894.10109713
    1202   7907.25455410
    1203   7920.41895725
    1204   7933.59430984
    1205   7946.78060859
    1206   7959.97785679
    1207   7973.18605115
    1208   7986.40519497
    1209   7999.63528493
    1210   8012.87632437
    1211   8026.12830995
    1212   8039.39124500
    1213   8052.66512619
    1214   8065.94995687
    1215   8079.24573367
    1216   8092.55245998
    1217   8105.87013240
    1218   8119.19875434
    1219   8132.53832238
    1220   8145.88883995
    1221   8159.25030361
    1222   8172.62271681
    1223   8186.00607610
    1224   8199.40038494
    1225   8212.80563986
    1226   8226.22184433
    1227   8239.64899488
    1228   8253.08709500
    1229   8266.53614118
    1230   8279.99613694
    1231   8293.46707876
    1232   8306.94897017
    1233   8320.44180762
    1234   8333.94559468
    1235   8347.46032777
    1236   8360.98601049
    1237   8374.52263922
    1238   8388.07021759
    1239   8401.62874197
    1240   8415.19821600
    1241   8428.77863602
    1242   8442.37000571
    1243   8455.97232138
    1244   8469.58558673
    1245   8483.20979806
    1246   8496.84495908
    1247   8510.49106605
    1248   8524.14812274
    1249   8537.81612538
    1250   8551.49507773
    1251   8565.18497603
    1252   8578.88582406
    1253   8592.59761802
    1254   8606.32036172
    1255   8620.05405134
    1256   8633.79869073
    1257   8647.55427602
    1258   8661.32081108
    1259   8675.09829204
    1260   8688.88672279
    1261   8702.68609942
    1262   8716.49642585
    1263   8730.31769816
    1264   8744.14992028
    1265   8757.99308826
    1266   8771.84720608
    1267   8785.71226973
    1268   8799.58828324
    1269   8813.47524258
    1270   8827.37315179
    1271   8841.28200681
    1272   8855.20181172
    1273   8869.13256243
    1274   8883.07426303
    1275   8897.02690943
    1276   8910.99050574
    1277   8924.96504783
    1278   8938.95053985
    1279   8952.94697763
    1280   8966.95436536
    1281   8980.97269884
    1282   8995.00198227
    1283   9009.04221145
    1284   9023.09339060
    1285   9037.15551548
    1286   9051.22859035
    1287   9065.31261093
    1288   9079.40758152
    1289   9093.51349780
    1290   9107.63036411
    1291   9121.75817611
    1292   9135.89693814
    1293   9150.04664584
    1294   9164.20730361
    1295   9178.37890702
    1296   9192.56146051
    1297   9206.75495964
    1298   9220.95940887
    1299   9235.17480371
    1300   9249.40114867
    1301   9263.63843924
    1302   9277.88667993
    1303   9292.14586622
    1304   9306.41600265
    1305   9320.69708467
    1306   9334.98911684
    1307   9349.29209458
    1308   9363.60602250
    1309   9377.93089597
    1310   9392.26671964
    1311   9406.61348884
    1312   9420.97120825
    1313   9435.33987319
    1314   9449.71948835
    1315   9464.11004902
    1316   9478.51155994
    1317   9492.92401635
    1318   9507.34742303
    1319   9521.78177518
    1320   9536.22707761
    1321   9550.68332550
    1322   9565.15052370
    1323   9579.62866734
    1324   9594.11776130
    1325   9608.61780068
    1326   9623.12879041
    1327   9637.65072554
    1328   9652.18361103
    1329   9666.72744192
    1330   9681.28222319
    1331   9695.84794983
    1332   9710.42462686
    1333   9725.01224926
    1334   9739.61082207
    1335   9754.22034023
    1336   9768.84080882
    1337   9783.47222274
    1338   9798.11458711
    1339   9812.76789679
    1340   9827.43215694
    1341   9842.10736239
    1342   9856.79351833
    1343   9871.49061954
    1344   9886.19867127
    1345   9900.91766825
    1346   9915.64761577
    1347   9930.38850852
    1348   9945.14035183
    1349   9959.90314036
    1350   9974.67687946
    1351   9989.46156376
    1352  10004.25719866
    1353  10019.06377874
    1354  10033.88130944
    1355  10048.70978530
    1356  10063.54921180
    1357  10078.39958345
    1358  10093.26090575
    1359  10108.13317318
    1360  10123.01639129
    1361  10137.91055450
    1362  10152.81566842
    1363  10167.73172742
    1364  10182.65873715
    1365  10197.59669194
    1366  10212.54559748
    1367  10227.50544807
    1368  10242.47624942
    1369  10257.45799581
    1370  10272.45069298
    1371  10287.45433515
    1372  10302.46892814
    1373  10317.49446612
    1374  10332.53095493
    1375  10347.57838871
    1376  10362.63677334
    1377  10377.70610293
    1378  10392.78638338
    1379  10407.87760877
    1380  10422.97978506
    1381  10438.09290625
    1382  10453.21697837
    1383  10468.35199537
    1384  10483.49796332
    1385  10498.65487613
    1386  10513.82273991
    1387  10529.00154853
    1388  10544.19130815
    1389  10559.39201259
    1390  10574.60366805
    1391  10589.82626830
    1392  10605.05981960
    1393  10620.30431567
    1394  10635.55976281
    1395  10650.82615470
    1396  10666.10349768
    1397  10681.39178540
    1398  10696.69102423
    1399  10712.00120776
    1400  10727.32234244
    1401  10742.65442180
    1402  10757.99745233
    1403  10773.35142752
    1404  10788.71635390
    1405  10804.09222492
    1406  10819.47904715
    1407  10834.87681400
    1408  10850.28553209
    1409  10865.70519477
    1410  10881.13580872
    1411  10896.57736723
    1412  10912.02987704
    1413  10927.49333138
    1414  10942.96773706
    1415  10958.45308724
    1416  10973.94938877
    1417  10989.45663480
    1418  11004.97483220
    1419  11020.50397406
    1420  11036.04406733
    1421  11051.59510503
    1422  11067.15709417
    1423  11082.73002771
    1424  11098.31391272
    1425  11113.90874211
    1426  11129.51452299
    1427  11145.13124823
    1428  11160.75892499
    1429  11176.39754607
    1430  11192.04711870
    1431  11207.70763564
    1432  11223.37910415
    1433  11239.06151693
    1434  11254.75488132
    1435  11270.45918995
    1436  11286.17445023
    1437  11301.90065471
    1438  11317.63781087
    1439  11333.38591121
    1440  11349.14496325
    1441  11364.91495945
    1442  11380.69590737
    1443  11396.48779942
    1444  11412.29064324
    1445  11428.10443115
    1446  11443.92917085
    1447  11459.76485462
    1448  11475.61149022
    1449  11491.46906985
    1450  11507.33760134
    1451  11523.21707683
    1452  11539.10750421
    1453  11555.00887556
    1454  11570.92119884
    1455  11586.84446606
    1456  11602.77868523
    1457  11618.72384832
    1458  11634.67996339
    1459  11650.64702234
    1460  11666.62503331
    1461  11682.61398812
    1462  11698.61389499
    1463  11714.62474568
    1464  11730.64654845
    1465  11746.67929501
    1466  11762.72299368
    1467  11778.77763611
    1468  11794.84323069
    1469  11810.91976898
    1470  11827.00725947
    1471  11843.10569364
    1472  11859.21508003
    1473  11875.33541007
    1474  11891.46669237
    1475  11907.60891828
    1476  11923.76209649
    1477  11939.92621828
    1478  11956.10129240
    1479  11972.28731006
    1480  11988.48428009
    1481  12004.69219362
    1482  12020.91105957
    1483  12037.14086898
    1484  12053.38163084
    1485  12069.63333612
    1486  12085.89599389
    1487  12102.16959506
    1488  12118.45414875
    1489  12134.74964579
    1490  12151.05609539
    1491  12167.37348831
    1492  12183.70183383
    1493  12200.04112263
    1494  12216.39136407
    1495  12232.75254874
    1496  12249.12468610
    1497  12265.50776665
    1498  12281.90179993
    1499  12298.30677636
    1500  12314.72270556
    1501  12331.14957787
    1502  12347.58740299
    1503  12364.03617118
    1504  12380.49589222
    1505  12396.96655629
    1506  12413.44817325
    1507  12429.94073320
    1508  12446.44424608
    1509  12462.95870191
    1510  12479.48411072
    1511  12496.02046243
    1512  12512.56776716
    1513  12529.12601475
    1514  12545.69521540
    1515  12562.27535887
    1516  12578.86645544
    1517  12595.46849479
    1518  12612.08148729
    1519  12628.70542252
    1520  12645.34031095
    1521  12661.98614205
    1522  12678.64292640
    1523  12695.31065339
    1524  12711.98933366
    1525  12728.67895653
    1526  12745.37953273
    1527  12762.09105147
    1528  12778.81352359
    1529  12795.54693821
    1530  12812.29130626
    1531  12829.04661675
    1532  12845.81288073
    1533  12862.59008710
    1534  12879.37824700
    1535  12896.17734924
    1536  12912.98740507
    1537  12929.80840319
    1538  12946.64035494
    1539  12963.48324893
    1540  12980.33709660
    1541  12997.20188647
    1542  13014.07763007
    1543  13030.96431580
    1544  13047.86195532
    1545  13064.77053693
    1546  13081.69007238
    1547  13098.62054986
    1548  13115.56198122
    1549  13132.51435457
    1550  13149.47768186
    1551  13166.45195107
    1552  13183.43717428
    1553  13200.43333936
    1554  13217.44045849
    1555  13234.45851944
    1556  13251.48753449
    1557  13268.52749130
    1558  13285.57840227
    1559  13302.64025493
    1560  13319.71306183
    1561  13336.79681035
    1562  13353.89151316
    1563  13370.99715755
    1564  13388.11375627
    1565  13405.24129651
    1566  13422.37979115
    1567  13439.52922725
    1568  13456.68961780
    1569  13473.86094975
    1570  13491.04323622
    1571  13508.23646402
    1572  13525.44064640
    1573  13542.65577005
    1574  13559.88184834
    1575  13577.11886783
    1576  13594.36684203
    1577  13611.62575737
    1578  13628.89562748
    1579  13646.17643865
    1580  13663.46820467
    1581  13680.77091168
    1582  13698.08457360
    1583  13715.40917646
    1584  13732.74473428
    1585  13750.09123296
    1586  13767.44868669
    1587  13784.81708120
    1588  13802.19643082
    1589  13819.58672117
    1590  13836.98796669
    1591  13854.40015286
    1592  13871.82329427
    1593  13889.25737626
    1594  13906.70241357
    1595  13924.15839138
    1596  13941.62532457
    1597  13959.10319820
    1598  13976.59202728
    1599  13994.09179672
    1600  14011.60252169
    1601  14029.12418694
    1602  14046.65680779
    1603  14064.20036884
    1604  14081.75488557
    1605  14099.32034243
    1606  14116.89675504
    1607  14134.48410769
    1608  14152.08241617
    1609  14169.69166461
    1610  14187.31186897
    1611  14204.94301320
    1612  14222.58511343
    1613  14240.23815344
    1614  14257.90214953
    1615  14275.57708533
    1616  14293.26297728
    1617  14310.95980886
    1618  14328.66759667
    1619  14346.38632401
    1620  14364.11600768
    1621  14381.85663079
    1622  14399.60821031
    1623  14417.37072918
    1624  14435.14420455
    1625  14452.92861918
    1626  14470.72399039
    1627  14488.53030077
    1628  14506.34756782
    1629  14524.17577394
    1630  14542.01493683
    1631  14559.86503870
    1632  14577.72609742
    1633  14595.59809502
    1634  14613.48104957
    1635  14631.37494290
    1636  14649.27979327
    1637  14667.19558232
    1638  14685.12232851
    1639  14703.06001328
    1640  14721.00865528
    1641  14738.96823576
    1642  14756.93877357
    1643  14774.92024976
    1644  14792.91268337
    1645  14810.91605525
    1646  14828.93038467
    1647  14846.95565224
    1648  14864.99187745
    1649  14883.03904071
    1650  14901.09716170
    1651  14919.16622064
    1652  14937.24623741
    1653  14955.33719202
    1654  14973.43910457
    1655  14991.55195483
    1656  15009.67576316
    1657  15027.81050908
    1658  15045.95621317
    1659  15064.11285473
    1660  15082.28045458
    1661  15100.45899178
    1662  15118.64848739
    1663  15136.84892022
    1664  15155.06031156
    1665  15173.28264001
    1666  15191.51592710
    1667  15209.76015116
    1668  15228.01533398
    1669  15246.28145365
    1670  15264.55853219
    1671  15282.84654745
    1672  15301.14552171
    1673  15319.45543256
    1674  15337.77630253
    1675  15356.10810895
    1676  15374.45087463
    1677  15392.80457661
    1678  15411.16923798
    1679  15429.54483552
    1680  15447.93139257
    1681  15466.32888566
    1682  15484.73733839
    1683  15503.15672701
    1684  15521.58707542
    1685  15540.02835956
    1686  15558.48060362
    1687  15576.94378328
    1688  15595.41792299
    1689  15613.90299815
    1690  15632.39903351
    1691  15650.90600415
    1692  15669.42393515
    1693  15687.95280127
    1694  15706.49262789
    1695  15725.04338947
    1696  15743.60511171
    1697  15762.17776875
    1698  15780.76138659
    1699  15799.35593906
    1700  15817.96145250
    1701  15836.57790040
    1702  15855.20530942
    1703  15873.84365273
    1704  15892.49295733
    1705  15911.15319604
    1706  15929.82439620
    1707  15948.50653030
    1708  15967.19962600
    1709  15985.90365547
    1710  16004.61864672
    1711  16023.34457155
    1712  16042.08145832
    1713  16060.82927849
    1714  16079.58806078
    1715  16098.35777627
    1716  16117.13845407
    1717  16135.93006487
    1718  16154.73263815
    1719  16173.54614425
    1720  16192.37061301
    1721  16211.20601438
    1722  16230.05237861
    1723  16248.90967524
    1724  16267.77793493
    1725  16286.65712680
    1726  16305.54728192
    1727  16324.44836902
    1728  16343.36041956
    1729  16362.28340186
    1730  16381.21734782
    1731  16400.16222531
    1732  16419.11806666
    1733  16438.08483932
    1734  16457.06257605
    1735  16476.05124386
    1736  16495.05087595
    1737  16514.06143889
    1738  16533.08296633
    1739  16552.11542438
    1740  16571.15884715
    1741  16590.21320029
    1742  16609.27851838
    1743  16628.35476658
    1744  16647.44197997
    1745  16666.54012322
    1746  16685.64923189
    1747  16704.76927016
    1748  16723.90027410
    1749  16743.04220737
    1750  16762.19510655
    1751  16781.35893479
    1752  16800.53372921
    1753  16819.71945240
    1754  16838.91614202
    1755  16858.12376015
    1756  16877.34234496
    1757  16896.57185798
    1758  16915.81233796
    1759  16935.06374587
    1760  16954.32612100
    1761  16973.59942375
    1762  16992.88369401
    1763  17012.17889159
    1764  17031.48505695
    1765  17050.80214933
    1766  17070.13020978
    1767  17089.46919692
    1768  17108.81915244
    1769  17128.18003432
    1770  17147.55188488
    1771  17166.93466147
    1772  17186.32840704
    1773  17205.73307831
    1774  17225.14871888
    1775  17244.57528480
    1776  17264.01282035
    1777  17283.46128088
    1778  17302.92071137
    1779  17322.39106648
    1780  17341.87239190
    1781  17361.36464156
    1782  17380.86786187
    1783  17400.38200605
    1784  17419.90712123
    1785  17439.44315989
    1786  17458.99016991
    1787  17478.54810302
    1788  17498.11700785
    1789  17517.69683537
    1790  17537.28763499
    1791  17556.88935687
    1792  17576.50205125
    1793  17596.12566747
    1794  17615.76025657
    1795  17635.40576709
    1796  17655.06225089
    1797  17674.72965566
    1798  17694.40803412
    1799  17714.09733310
    1800  17733.79760621
    1801  17753.50879935
    1802  17773.23096706
    1803  17792.96405433
    1804  17812.70811661
    1805  17832.46309796
    1806  17852.22905477
    1807  17872.00593016
    1808  17891.79378147
    1809  17911.59255085
    1810  17931.40229662
    1811  17951.22295995
    1812  17971.05460015
    1813  17990.89715736
    1814  18010.75069195
    1815  18030.61514301
    1816  18050.49057195
    1817  18070.37691680
    1818  18090.27424005
    1819  18110.18247864
    1820  18130.10169617
    1821  18150.03182844
    1822  18169.97294019
    1823  18189.92496610
    1824  18209.88797204
    1825  18229.86189152
    1826  18249.84679160
    1827  18269.84260460
    1828  18289.84939878
    1829  18309.86710524
    1830  18329.89579346
    1831  18349.93539332
    1832  18369.98597555
    1833  18390.04746874
    1834  18410.11994493
    1835  18430.20333139
    1836  18450.29770148
    1837  18470.40298115
    1838  18490.51924509
    1839  18510.64641791
    1840  18530.78457565
    1841  18550.93364153
    1842  18571.09369301
    1843  18591.26465191
    1844  18611.44659707
    1845  18631.63944890
    1846  18651.84328768
    1847  18672.05803239
    1848  18692.28376473
    1849  18712.52040223
    1850  18732.76802806
    1851  18753.02655828
    1852  18773.29607756
    1853  18793.57650042
    1854  18813.86791304
    1855  18834.17022848
    1856  18854.48353440
    1857  18874.80774233
    1858  18895.14294144
    1859  18915.48904180
    1860  18935.84613406
    1861  18956.21412674
    1862  18976.59311203
    1863  18996.98299700
    1864  19017.38387525
    1865  19037.79565240
    1866  19058.21842349
    1867  19078.65209277
    1868  19099.09675665
    1869  19119.55231794
    1870  19140.01887445
    1871  19160.49632773
    1872  19180.98477680
    1873  19201.48412196
    1874  19221.99446342
    1875  19242.51570043
    1876  19263.04793421
    1877  19283.59106295
    1878  19304.14518884
    1879  19324.71020932
    1880  19345.28622725
    1881  19365.87313933
    1882  19386.47104905
    1883  19407.07985278
    1884  19427.69965420
    1885  19448.33034945
    1886  19468.97204228
    1887  19489.62462911
    1888  19510.28821325
    1889  19530.96269154
    1890  19551.64816663
    1891  19572.34453650
    1892  19593.05190241
    1893  19613.77016375
    1894  19634.49942006
    1895  19655.23957304
    1896  19675.99071960
    1897  19696.75276413
    1898  19717.52580041
    1899  19738.30973675
    1900  19759.10466255
    1901  19779.91049063
    1902  19800.72730531
    1903  19821.55502551
    1904  19842.39372881
    1905  19863.24334110
    1906  19884.10393222
    1907  19904.97543713
    1908  19925.85791574
    1909  19946.75131329
    1910  19967.65567837
    1911  19988.57096931
    1912  20009.49722043
    1913  20030.43440486
    1914  20051.38254075
    1915  20072.34161967
    1916  20093.31163974
    1917  20114.29261338
    1918  20135.28451602
    1919  20156.28738573
    1920  20177.30117015
    1921  20198.32593635
    1922  20219.36160050
    1923  20240.40826498
    1924  20261.46580780
    1925  20282.53437123
    1926  20303.61379009
    1927  20324.70425487
    1928  20345.80554833
    1929  20366.91791549
    1930  20388.04108016
    1931  20409.17535287
    1932  20430.32038682
    1933  20451.47656662
    1934  20472.64346545
    1935  20493.82155655
    1936  20515.01031767
    1937  20536.21032227
    1938  20557.42093995
    1939  20578.64286365
    1940  20599.87533437
    1941  20621.11918031
    1942  20642.37349664
    1943  20663.63927223
    1944  20684.91542938
    1945  20706.20313905
    1946  20727.50112729
    1947  20748.81078086
    1948  20770.13059372
    1949  20791.46219738
    1950  20812.80382210
    1951  20834.15738887
    1952  20855.52081669
    1953  20876.89635515
    1954  20898.28156929
    1955  20919.67909673
    1956  20941.08608530
    1957  20962.50561356
    1958  20983.93435444
    1959  21005.37590651
    1960  21026.82638359
    1961  21048.28997575
    1962  21069.76215980
    1963  21091.24782262
    1964  21112.74169178
    1965  21134.24944760
    1966  21155.76496314
    1967  21177.29485269
    1968  21198.83198499
    1969  21220.38403883
    1970  21241.94273642
    1971  21263.51700891
    1972  21285.09723163
    1973  21306.69376451
    1974  21328.29544383
    1975  21349.91430975
    1976  21371.53739121
    1977  21393.17864711
    1978  21414.82303926
    1979  21436.48678239
    1980  21458.15241139
    1981  21479.83871932
    1982  21501.52546285
    1983  21523.23446599
    1984  21544.94222397
    1985  21566.67402785
    1986  21588.40263637
    1987  21610.15741608
    1988  21631.90673961
    1989  21653.68463852
    1990  21675.45445704
    1991  21697.25571052
    1992  21719.04584073
    1993  21740.87064310
    1994  21762.68078933
    1995  21784.52945726
    1996  21806.35937220
    1997  21828.23216826
    1998  21850.08145428
    1999  21871.97880465
    2000  21893.84712926
    2001  21915.76938720
    2002  21937.65621560
    2003  21959.60395451
    2004  21981.50884202
    2005  22003.48253435
    2006  22025.40476201
    2007  22047.40517869
    2008  22069.34415597
    2009  22091.37192400
    2010  22113.32668481
    2011  22135.38284011
    2012  22157.35260715
    2013  22179.43797416
    2014  22201.42144834
    2015  22223.53742065
    2016  22245.53358857
    2017  22267.68124025
    2018  22289.68834702
    2019  22311.86956402
    2020  22333.88629799
    2021  22356.10247206
    2022  22378.12643023
    2023  22400.38015618
    2024  22422.40963862
    2025  22444.70273107
    2026  22466.73434515
    2027  22489.07050413
    2028  22511.10200039
    2029  22533.48366441
    2030  22555.50997000
    2031  22577.94276701
    2032  22599.96074666
    2033  22622.44817700
    2034  22644.44951273
    2035  22667.00103740
    2036  22688.98098996
    2037  22711.60214944
    2038  22733.54514731
    2039  22756.25425359
    2040  22778.15264422
    2041  22800.95930989
    2042  22822.77758228
    2043  22845.72571211
    2044  22867.45468980
    2045  22890.55811147
    2046  22912.07628613
    2047  22935.49730238
    2048  22957.15805336
 ---------------------------------------
 
SCF converged! Final Ground-State Energy (Eh):             -25.5841026659758981
