 
     Two-Electron DVR    
 ------------------------
 x0     =      15.00000000
 m      =       1.00000000
 Z      =       2.00000000
 n      =               32
 dx     =       0.96774194
 
Soft-Coulomb Parameters:
 alpha  =       1.00000000
 beta   =       1.00000000
 
 
                       Hartree-Fock                      
 --------------------------------------------------------
 no. of orbitals        =               32
 no. of electrons       =                2
 scf_damping_switch     =        F
 scf_diis_switch        =        F
 damping_factor         =   0.00000000
 e_tolerance            = 0.0000000000100000
 maximum scf-iterations =              200
 
 
                       SCF iterations                      
 ----------------------------------------------------------
    S.No    Energy (hartree)        dE (hartree)
 ----------------------------------------------------------
       0     -2.948168849727
       1     -2.192688416523      0.755480433203
       2     -2.207616232443      0.014927815920
       3     -2.208703558917      0.001087326474
       4     -2.208782246155      0.000078687238
       5     -2.208788056016      0.000005809861
       6     -2.208788493722      0.000000437705
       7     -2.208788527178      0.000000033456
       8     -2.208788529759      0.000000002581
       9     -2.208788529959      0.000000000200
      10     -2.208788529974      0.000000000016
      11     -2.208788529976      0.000000000001
 ----------------------------------------------------------
  
 
 
 ---------------------------------------
     Molecular Orbital Energies (Eh)    
 ---------------------------------------
       1     -0.74407350
       2      0.02519001
       3      0.02909723
       4      0.08283020
       5      0.10402137
       6      0.17214275
       7      0.22142579
       8      0.30294202
       9      0.37996089
      10      0.47703964
      11      0.57881904
      12      0.69272371
      13      0.81750353
      14      0.94843151
      15      1.09578725
      16      1.24350560
      17      1.41360911
      18      1.57719295
      19      1.77110289
      20      1.94960248
      21      2.16842821
      22      2.36009476
      23      2.60574553
      24      2.80983959
      25      3.08279526
      26      3.29883301
      27      3.59815928
      28      3.83099599
      29      4.14871088
      30      4.40679697
      31      4.72920428
      32      5.03098433
 ---------------------------------------
 
SCF converged! Final Ground-State Energy (Eh):              -2.2087885299756369
