 
     Two-Electron DVR    
 ------------------------
 x0     =      15.00000000
 m      =       1.00000000
 Z      =       1.00000000
 n      =               64
 dx     =       0.47619048
 
Soft-Coulomb Parameters:
 alpha  =       1.00000000
 beta   =       1.00000000
 
 
                       Hartree-Fock                      
 --------------------------------------------------------
 no. of orbitals        =               64
 no. of electrons       =                2
 scf_damping_switch     =        F
 scf_diis_switch        =        F
 damping_factor         =   0.00000000
 e_tolerance            = 0.0000000000100000
 maximum scf-iterations =              200
 
 
                       SCF iterations                      
 ----------------------------------------------------------
    S.No    Energy (hartree)        dE (hartree)
 ----------------------------------------------------------
       0     -1.339549394914
       1     -0.648573841538      0.690975553376
       2     -0.687154555655      0.038580714117
       3     -0.691513664533      0.004359108878
       4     -0.691957327795      0.000443663262
       5     -0.692011364968      0.000054037173
       6     -0.692020015717      0.000008650749
       7     -0.692021698511      0.000001682795
       8     -0.692022061546      0.000000363035
       9     -0.692022143999      0.000000082453
      10     -0.692022163219      0.000000019220
      11     -0.692022167759      0.000000004541
      12     -0.692022168840      0.000000001080
      13     -0.692022169098      0.000000000258
      14     -0.692022169159      0.000000000062
      15     -0.692022169174      0.000000000015
      16     -0.692022169178      0.000000000004
 ----------------------------------------------------------
  
 
 
 ---------------------------------------
     Molecular Orbital Energies (Eh)    
 ---------------------------------------
       1     -0.05387800
       2      0.14661262
       3      0.14792100
       4      0.25664202
       5      0.26545116
       6      0.38644462
       7      0.41545185
       8      0.53842350
       9      0.59972523
      10      0.72551745
      11      0.81991041
      12      0.95506853
      13      1.07763160
      14      1.22716206
      15      1.37419078
      16      1.54089672
      17      1.71048765
      18      1.89586255
      19      2.08710674
      20      2.29196787
      21      2.50442551
      22      2.72924142
      23      2.96269339
      24      3.20774652
      25      3.46207966
      26      3.72754485
      27      4.00270299
      28      4.28869297
      29      4.58464795
      30      4.89123226
      31      5.20797760
      32      5.53520206
      33      5.87273883
      34      6.22062347
      35      6.57897035
      36      6.94752541
      37      7.32670244
      38      7.71590908
      39      8.11596597
      40      8.52579941
      41      8.94678700
      42      9.37716859
      43      9.81920227
      44     10.27004287
      45     10.73324626
      46     11.20433684
      47     11.68898165
      48     12.18008391
      49     12.68647325
      50     13.19707331
      51     13.72584241
      52     14.25536596
      53     14.80721507
      54     15.35453510
      55     15.93072392
      56     16.49487888
      57     17.09632631
      58     17.67654753
      59     18.30227920
      60     18.90253715
      61     19.54243145
      62     20.19295147
      63     20.77278745
      64     21.58699266
 ---------------------------------------
 
SCF converged! Final Ground-State Energy (Eh):              -0.6920221691776056
