 
     Two-Electron DVR    
 ------------------------
 x0     =      15.00000000
 m      =       1.00000000
 Z      =       4.00000000
 n      =              256
 dx     =       0.11764706
 
Soft-Coulomb Parameters:
 alpha  =       0.01000000
 beta   =       0.01000000
 
 
                       Hartree-Fock                      
 --------------------------------------------------------
 no. of orbitals        =              256
 no. of electrons       =                2
 scf_damping_switch     =        F
 scf_diis_switch        =        F
 damping_factor         =   0.00000000
 e_tolerance            = 0.0000000000100000
 maximum scf-iterations =              200
 
 
                       SCF iterations                      
 ----------------------------------------------------------
    S.No    Energy (hartree)        dE (hartree)
 ----------------------------------------------------------
       0    -44.478341644531
       1    -38.636245461731      5.842096182801
       2    -38.729915758985      0.093670297255
       3    -38.730184358751      0.000268599766
       4    -38.730185322649      0.000000963898
       5    -38.730185326742      0.000000004093
       6    -38.730185326760      0.000000000019
       7    -38.730185326760      0.000000000000
 ----------------------------------------------------------
  
 
 
 ---------------------------------------
     Molecular Orbital Energies (Eh)    
 ---------------------------------------
       1    -16.54058648
       2     -1.69854117
       3     -0.93120013
       4     -0.46621494
       5     -0.32967351
       6     -0.21173617
       7     -0.16199067
       8     -0.09141122
       9     -0.03763967
      10      0.06125258
      11      0.13693980
      12      0.26748902
      13      0.36371819
      14      0.52355149
      15      0.63956530
      16      0.82727996
      17      0.96281425
      18      1.17743593
      19      1.33248117
      20      1.57323740
      21      1.74793046
      22      2.01415811
      23      2.20872267
      24      2.49982995
      25      2.71453693
      26      3.02998562
      27      3.26512834
      28      3.60442753
      29      3.86030295
      30      4.22300396
      31      4.49990261
      32      4.88559821
      33      5.18379522
      34      5.59211581
      35      5.91186840
      36      6.34248191
      37      6.68402511
      38      7.13663256
      39      7.50018064
      40      7.97451624
      41      8.36026037
      42      8.85608646
      43      9.26419822
      44      9.78130574
      45     10.21193528
      46     10.75013825
      47     11.20341895
      48     11.76255564
      49     12.23860204
      50     12.81852905
      51     13.31744225
      52     13.91803654
      53     14.43990145
      54     15.06105406
      55     15.60594545
      56     16.24756445
      57     16.81554334
      58     17.47754715
      59     18.06866740
      60     18.75098874
      61     19.36529253
      62     20.06787125
      63     20.70539627
      64     21.42818435
      65     22.08895824
      66     22.83191198
      67     23.51596025
      68     24.27904640
      69     24.98638578
      70     25.76957298
      71     26.50022012
      72     27.30348625
      73     28.05744992
      74     28.88077256
      75     29.65806335
      76     30.50142845
      77     31.30204963
      78     32.16544095
      79     32.98939928
      80     33.87280840
      81     34.72010368
      82     35.62351820
      83     36.49415528
      84     37.41757039
      85     38.31154720
      86     39.25495247
      87     40.17227353
      88     41.13566607
      89     42.07632882
      90     43.05969855
      91     44.02370849
      92     45.02705310
      93     46.01440831
      94     47.03771673
      95     48.04842481
      96     49.09169414
      97     50.12575475
      98     51.18897178
      99     52.24639562
     100     53.32955591
     101     54.41034501
     102     55.51343217
     103     56.61760119
     104     57.74060844
     105     58.86816246
     106     60.01106933
     107     61.16202779
     108     62.32482440
     109     63.49919606
     110     64.68185704
     111     65.87966683
     112     67.08217861
     113     68.30343948
     114     69.52577099
     115     70.77051412
     116     72.01264748
     117     73.28089055
     118     74.54278824
     119     75.83456933
     120     77.11620867
     121     78.43155068
     122     79.73288691
     123     81.07183555
     124     82.39284070
     125     83.75542451
     126     85.09604582
     127     86.48231890
     128     87.84252261
     129     89.25251959
     130     90.63224418
     131     92.06602829
     132     93.46523373
     133     94.92284613
     134     96.34146135
     135     97.82297519
     136     99.26095344
     137    100.76641685
     138    102.22367662
     139    103.75317352
     140    105.22966093
     141    106.78324682
     142    108.27886901
     143    109.85663951
     144    111.37133505
     145    112.97335341
     146    114.50701711
     147    116.13339163
     148    117.68595412
     149    119.33675622
     150    120.90809894
     151    122.58345061
     152    124.17349588
     153    125.87347706
     154    127.48209188
     155    129.20683935
     156    130.83393742
     157    132.58353991
     158    134.22897266
     159    136.00358290
     160    137.66725522
     161    139.46697089
     162    141.14871746
     163    142.97370840
     164    144.67342530
     165    146.52379814
     166    148.24130212
     167    150.11724495
     168    151.85242351
     169    153.75405165
     170    155.50670249
     171    157.43422340
     172    159.20422599
     173    161.15776305
     174    162.94489503
     175    164.92467604
     176    166.72880989
     177    168.73496516
     178    170.55585762
     179    172.58863610
     180    174.42615435
     181    176.48569145
     182    178.33957071
     183    180.42613706
     184    182.29624176
     185    184.40997516
     186    186.29601878
     187    188.43721169
     188    190.33905950
     189    192.50784830
     190    194.42519213
     191    196.62189084
     192    198.55460185
     193    200.77934017
     194    202.72708905
     195    204.98020194
     196    206.94287228
     197    209.22447587
     198    211.20171796
     199    213.51216734
     200    215.50388558
     201    217.84327464
     202    219.84909932
     203    222.21780286
     204    224.23766938
     205    226.63574868
     206    228.66926643
     207    231.09711718
     208    233.14426413
     209    235.60190340
     210    237.66226386
     211    240.15011328
     212    242.22371982
     213    244.74174068
     214    246.82814146
     215    249.37679425
     216    251.47608710
     217    254.05526808
     218    256.16694106
     219    258.77717717
     220    260.90139964
     221    263.54251877
     222    265.67867191
     223    268.35132099
     224    270.49964332
     225    273.20358970
     226    275.36326991
     227    278.09937795
     228    280.27070809
     229    283.03870967
     230    285.22053526
     231    288.02168354
     232    290.21431877
     233    293.04835710
     234    295.25004301
     235    298.11891189
     236    300.32994480
     237    303.23346521
     238    305.45102086
     239    308.39235438
     240    310.61670158
     241    313.59580548
     242    315.82218620
     243    318.84448035
     244    321.07330639
     245    324.13882923
     246    326.36151773
     247    329.48034421
     248    331.69845273
     249    334.87008561
     250    337.06580502
     251    340.31265158
     252    342.49492248
     253    345.81187185
     254    347.92685874
     255    351.40117695
     256    353.59871271
 ---------------------------------------
 
SCF converged! Final Ground-State Energy (Eh):             -38.7301853267602070
