 
     Two-Electron DVR    
 ------------------------
 x0     =      15.00000000
 m      =       1.00000000
 Z      =       6.00000000
 n      =             1024
 dx     =       0.02932551
 
Soft-Coulomb Parameters:
 alpha  =       0.01000000
 beta   =       0.10000000
 
 
                       Hartree-Fock                      
 --------------------------------------------------------
 no. of orbitals        =             1024
 no. of electrons       =                2
 scf_damping_switch     =        F
 scf_diis_switch        =        F
 damping_factor         =   0.00000000
 e_tolerance            = 0.0000000000100000
 maximum scf-iterations =              200
 
 
                       SCF iterations                      
 ----------------------------------------------------------
    S.No    Energy (hartree)        dE (hartree)
 ----------------------------------------------------------
       0    -73.243937549181
       1    -70.436960690653      2.806976858528
       2    -70.439070705529      0.002110014875
       3    -70.439076551607      0.000005846079
       4    -70.439076568082      0.000000016475
       5    -70.439076568130      0.000000000048
       6    -70.439076568130      0.000000000000
 ----------------------------------------------------------
  
 
 
 ---------------------------------------
     Molecular Orbital Energies (Eh)    
 ---------------------------------------
       1    -33.81818280
       2     -7.99516286
       3     -3.62198785
       4     -1.97343149
       5     -1.28927243
       6     -0.87940446
       7     -0.65588407
       8     -0.49571462
       9     -0.39558359
      10     -0.31101970
      11     -0.23887919
      12     -0.14904174
      13     -0.05356190
      14      0.06719247
      15      0.19012208
      16      0.33982194
      17      0.48802516
      18      0.66483521
      19      0.83705675
      20      1.03991921
      21      1.23539896
      22      1.46363969
      23      1.68187592
      24      1.93502858
      25      2.17567119
      26      2.45339189
      27      2.71618888
      28      3.01820979
      29      3.30297768
      30      3.62907976
      31      3.93568587
      32      4.28568195
      33      4.61403292
      34      4.98775699
      35      5.33779069
      36      5.73509106
      37      6.10677058
      38      6.52750552
      39      6.92081435
      40      7.36484949
      41      7.77978755
      42      8.24699429
      43      8.68357467
      44      9.17382936
      45      9.63207543
      46     10.14525902
      47     10.62520200
      48     11.16119996
      49     11.66287691
      50     12.22157925
      51     12.74503128
      52     13.32633275
      53     13.87160356
      54     14.47540377
      55     15.04253843
      56     15.66874203
      57     16.25778594
      58     16.90630274
      59     17.51730085
      60     18.18804586
      61     18.82104198
      62     19.51393551
      63     20.16897180
      64     20.88393938
      65     21.56105598
      66     22.29802836
      67     22.99726306
      68     23.75617607
      69     24.47756414
      70     25.25835862
      71     26.00193266
      72     26.80455426
      73     27.57034413
      74     28.39474318
      75     29.18277600
      76     30.02890726
      77     30.83920742
      78     31.70702995
      79     32.53961913
      80     33.42909601
      81     34.28399331
      82     35.19509149
      83     36.07231348
      84     37.00500349
      85     37.90456435
      86     38.85882014
      87     39.78073178
      88     40.75653046
      89     41.70080262
      90     42.69812428
      91     43.66476469
      92     44.68359217
      93     45.67260667
      94     46.71292538
      95     47.72431805
      96     48.78611577
      97     49.81988907
      98     50.90315575
      99     51.95931064
     100     53.06403825
     101     54.14257431
     102     55.26875666
     103     56.36967223
     104     57.51730481
     105     58.64059709
     106     59.80967691
     107     60.95534206
     108     62.14586755
     109     63.31390080
     110     64.52587165
     111     65.71626740
     112     66.94968442
     113     68.16243633
     114     69.41730139
     115     70.65240247
     116     71.92871832
     117     73.18616101
     118     74.48393123
     119     75.76370746
     120     77.08293639
     121     78.38503765
     122     79.72573023
     123     81.05014767
     124     82.41230943
     125     83.75903386
     126     85.14267082
     127     86.51169281
     128     87.91681141
     129     89.30812134
     130     90.73472837
     131     92.14831644
     132     93.59641903
     133     95.03227533
     134     96.50188083
     135     97.95999538
     136     99.45111139
     137    100.93147415
     138    102.44410839
     139    103.94670932
     140    105.48086969
     141    107.00569875
     142    108.56139320
     143    110.10844041
     144    111.68567697
     145    113.25493241
     146    114.85371914
     147    116.44517295
     148    118.06551793
     149    119.67916037
     150    121.32107164
     151    122.95689309
     152    124.62037868
     153    126.27836964
     154    127.96343749
     155    129.64358861
     156    131.35024662
     157    133.05254871
     158    134.78080468
     159    136.50524869
     160    138.25511033
     161    140.00168740
     162    141.77316229
     163    143.54186374
     164    145.33495936
     165    147.12577668
     166    148.94050038
     167    150.75342525
     168    152.58978424
     169    154.42480852
     170    156.28280987
     171    158.13992564
     172    160.01957627
     173    161.89877578
     174    163.80008247
     175    165.70135816
     176    167.62432753
     177    169.54767206
     178    171.49231058
     179    173.43771678
     180    175.40403076
     181    177.37149167
     182    179.35948726
     183    181.34899610
     184    183.35867930
     185    185.37022949
     186    187.40160614
     187    189.43519129
     188    191.48826705
     189    193.54388095
     190    195.61866135
     191    197.69629798
     192    199.79278840
     193    201.89244191
     194    204.01064755
     195    206.13231229
     196    208.27223820
     197    210.41590867
     198    212.57755977
     199    214.74323067
     200    216.92661170
     201    219.11427788
     202    221.31939347
     203    223.52904994
     204    225.75590456
     205    227.98754650
     206    230.23614448
     207    232.48976722
     208    234.76011275
     209    237.03571178
     210    239.32780892
     211    241.62537989
     212    243.93923255
     213    246.25877125
     214    248.59438324
     215    250.93588558
     216    253.29326056
     217    255.65672262
     218    258.03586415
     219    260.42128212
     220    262.82219362
     221    265.22956385
     222    267.65224862
     223    270.08156756
     224    272.52602881
     225    274.97729304
     226    277.44353386
     227    279.91674009
     228    282.40476345
     229    284.89990849
     230    287.40971727
     231    289.92679806
     232    292.45839503
     233    294.99740861
     234    297.55079645
     235    300.11173998
     236    302.68692126
     237    305.26979198
     238    307.86676920
     239    310.47156446
     240    313.09034001
     241    315.71705726
     242    318.35763346
     243    321.00627024
     244    323.66864930
     245    326.33920324
     246    329.02338733
     247    331.71585615
     248    334.42184731
     249    337.13622881
     250    339.86402905
     251    342.60032111
     252    345.34993234
     253    348.10813293
     254    350.87955700
     255    353.65966415
     256    356.45290283
     257    359.25491466
     258    362.06996966
     259    364.89388435
     260    367.73075732
     261    370.57657311
     262    373.43526564
     263    376.30298086
     264    379.18349447
     265    382.07310749
     266    384.97544364
     267    387.88695291
     268    390.81111302
     269    393.74451703
     270    396.69050245
     271    399.64579977
     272    402.61361182
     273    405.59080105
     274    408.58044097
     275    411.57952079
     276    414.59098978
     277    417.61195891
     278    420.64525814
     279    423.68811534
     280    426.74324593
     281    429.80799001
     282    432.88495302
     283    435.97158285
     284    439.07037932
     285    442.17889380
     286    445.29952472
     287    448.42992279
     288    451.57238911
     289    454.72466976
     290    457.88897240
     291    461.06313466
     292    464.24927449
     293    467.44531743
     294    470.65329530
     295    473.87121801
     296    477.10103474
     297    480.34083636
     298    483.59249272
     299    486.85417242
     300    490.12766916
     301    493.41122615
     302    496.70656398
     303    500.01199750
     304    503.32917712
     305    506.65648642
     306    509.99550849
     307    513.34469287
     308    516.70555803
     309    520.07661681
     310    523.45932567
     311    526.85225820
     312    530.25681135
     313    533.67161700
     314    537.09801501
     315    540.53469318
     316    543.98293658
     317    547.44148670
     318    550.91157602
     319    554.39199752
     320    557.88393325
     321    561.38622561
     322    564.90000824
     323    568.42417094
     324    571.95980093
     325    575.50583349
     326    579.06331127
     327    582.63121321
     328    586.21053921
     329    589.80031009
     330    593.40148472
     331    597.01312409
     332    600.63614774
     333    604.26965520
     334    607.91452824
     335    611.56990337
     336    615.23662617
     337    618.91386861
     338    622.60244150
     339    626.30155086
     340    630.01197419
     341    633.73295013
     342    637.46522421
     343    641.20806638
     344    644.96219152
     345    648.72689960
     346    652.50287609
     347    656.28944977
     348    660.08727788
     349    663.89571687
     350    667.71539688
     351    671.54570087
     352    675.38723305
     353    679.23940178
     354    683.10278636
     355    686.97681956
     356    690.86205678
     357    694.75795421
     358    698.66504431
     359    702.58280570
     360    706.51174890
     361    710.45137404
     362    714.40217054
     363    718.36365920
     364    722.33630920
     365    726.31966117
     366    730.31416488
     367    734.31937994
     368    738.33573754
     369    742.36281550
     370    746.40102716
     371    750.44996784
     372    754.51003374
     373    758.58083695
     374    762.66275726
     375    766.75542282
     376    770.85919769
     377    774.97372544
     378    779.09935503
     379    783.23574482
     380    787.38322926
     381    791.54148092
     382    795.71082036
     383    799.89093377
     384    804.08212834
     385    808.28410333
     386    812.49715316
     387    816.72098962
     388    820.95589483
     389    825.20159262
     390    829.45835334
     391    833.72591233
     392    838.00452867
     393    842.29394875
     394    846.59442081
     395    850.90570188
     396    855.22802977
     397    859.56117170
     398    863.90535552
     399    868.26035822
     400    872.62639807
     401    877.00326144
     402    881.39115740
     403    885.78988135
     404    890.19963352
     405    894.62021796
     406    899.05182642
     407    903.49427126
     408    907.94773610
     409    912.41204125
     410    916.88736254
     411    921.37352793
     412    925.87070575
     413    930.37873130
     414    934.89776572
     415    939.42765137
     416    943.96854246
     417    948.52028813
     418    953.08303596
     419    957.65664159
     420    962.24124622
     421    966.83671175
     422    971.44317324
     423    976.06049861
     424    980.68881702
     425    985.32800217
     426    989.97817755
     427    994.63922244
     428    999.31125485
     429   1003.99415941
     430   1008.68804891
     431   1013.39281310
     432   1018.10855974
     433   1022.83518351
     434   1027.57278732
     435   1032.32127064
     436   1037.08073168
     437   1041.85107450
     438   1046.63239281
     439   1051.42459508
     440   1056.22777071
     441   1061.04183241
     442   1065.86686539
     443   1070.70278648
     444   1075.54967685
     445   1080.40745729
     446   1085.27620509
     447   1090.15584486
     448   1095.04645013
     449   1099.94794919
     450   1104.86041196
     451   1109.78377029
     452   1114.71809059
     453   1119.66330817
     454   1124.61948603
     455   1129.58656283
     456   1134.56459828
     457   1139.55353427
     458   1144.55342734
     459   1149.56422252
     460   1154.58597324
     461   1159.61862757
     462   1164.66223596
     463   1169.71674943
     464   1174.78221553
     465   1179.85858812
     466   1184.94591194
     467   1190.04414364
     468   1195.15332520
     469   1200.27341600
     470   1205.40445533
     471   1210.54640521
     472   1215.69930233
     473   1220.86311128
     474   1226.03786620
     475   1231.22353422
     476   1236.42014697
     477   1241.62767404
     478   1246.84614463
     479   1252.07553075
     480   1257.31585920
     481   1262.56710436
     482   1267.82929068
     483   1273.10239488
     484   1278.38643909
     485   1283.68140232
     486   1288.98730443
     487   1294.30412669
     488   1299.63188672
     489   1304.97056801
     490   1310.32018596
     491   1315.68072629
     492   1321.05220217
     493   1326.43460153
     494   1331.82793535
     495   1337.23219375
     496   1342.64738553
     497   1348.07350296
     498   1353.51055270
     499   1358.95852918
     500   1364.41743689
     501   1369.88727241
     502   1375.36803810
     503   1380.85973268
     504   1386.36235634
     505   1391.87590998
     506   1397.40039163
     507   1402.93580434
     508   1408.48214398
     509   1414.03941577
     510   1419.60761339
     511   1425.18674428
     512   1430.77679990
     513   1436.37778989
     514   1441.98970349
     515   1447.61255260
     516   1453.24632420
     517   1458.89103244
     518   1464.54666201
     519   1470.21322941
     520   1475.89071698
     521   1481.57914354
     522   1487.27848908
     523   1492.98877483
     524   1498.70997836
     525   1504.44212330
     526   1510.18518480
     527   1515.93918897
     528   1521.70410844
     529   1527.47997185
     530   1533.26674926
     531   1539.06447195
     532   1544.87310732
     533   1550.69268930
     534   1556.52318260
     535   1562.36462390
     536   1568.21697513
     537   1574.08027577
     538   1579.95448491
     539   1585.83964493
     540   1591.73571198
     541   1597.64273139
     542   1603.56065631
     543   1609.48953518
     544   1615.42931797
     545   1621.38005629
     546   1627.34169693
     547   1633.31429476
     548   1639.29779323
     549   1645.29225060
     550   1651.29760687
     551   1657.31392382
     552   1663.34113788
     553   1669.37931445
     554   1675.42838626
     555   1681.48842249
     556   1687.55935204
     557   1693.64124797
     558   1699.73403521
     559   1705.83779090
     560   1711.95243583
     561   1718.07805130
     562   1724.21455386
     563   1730.36202919
     564   1736.52038937
     565   1742.68972459
     566   1748.86994232
     567   1755.06113750
     568   1761.26321278
     569   1767.47626796
     570   1773.70020072
     571   1779.93511598
     572   1786.18090620
     573   1792.43768157
     574   1798.70532918
     575   1804.98396476
     576   1811.27346974
     577   1817.57396556
     578   1823.88532782
     579   1830.20768400
     580   1836.54090353
     581   1842.88512008
     582   1849.24019678
     583   1855.60627384
     584   1861.98320769
     585   1868.37114528
     586   1874.76993618
     587   1881.17973444
     588   1887.60038236
     589   1894.03204132
     590   1900.47454615
     591   1906.92806594
     592   1913.39242765
     593   1919.86780833
     594   1926.35402680
     595   1932.85126851
     596   1939.35934370
     597   1945.87844649
     598   1952.40837827
     599   1958.94934230
     600   1965.50113062
     601   1972.06395596
     602   1978.63760068
     603   1985.22228748
     604   1991.81778855
     605   1998.42433688
     606   2005.04169415
     607   2011.67010419
     608   2018.30931760
     609   2024.95958943
     610   2031.62065881
     611   2038.29279262
     612   2044.97571790
     613   2051.66971378
     614   2058.37449477
     615   2065.09035293
     616   2071.81698957
     617   2078.55471008
     618   2085.30320216
     619   2092.06278527
     620   2098.83313272
     621   2105.61457852
     622   2112.40678110
     623   2119.21008984
     624   2126.02414747
     625   2132.84931926
     626   2139.68523169
     627   2146.53226680
     628   2153.39003394
     629   2160.25893248
     630   2167.13855406
     631   2174.02931633
     632   2180.93079223
     633   2187.84341836
     634   2194.76674830
     635   2201.70123861
     636   2208.64642246
     637   2215.60277709
     638   2222.56981453
     639   2229.54803382
     640   2236.53692472
     641   2243.53700884
     642   2250.54775285
     643   2257.56970216
     644   2264.60229912
     645   2271.64611381
     646   2278.70056335
     647   2285.76624380
     648   2292.84254575
     649   2299.93009218
     650   2307.02824613
     651   2314.13765895
     652   2321.25766470
     653   2328.38894415
     654   2335.53080126
     655   2342.68394781
     656   2349.84765606
     657   2357.02266993
     658   2364.20822884
     659   2371.40511056
     660   2378.61251989
     661   2385.83126972
     662   2393.06052894
     663   2400.30114743
     664   2407.55225627
     665   2414.81474372
     666   2422.08770161
     667   2429.37205862
     668   2436.66686526
     669   2443.97309215
     670   2451.28974693
     671   2458.61784435
     672   2465.95634692
     673   2473.30631523
     674   2480.66666492
     675   2488.03850483
     676   2495.42070128
     677   2502.81441318
     678   2510.21845564
     679   2517.63404031
     680   2525.05992837
     681   2532.49738624
     682   2539.94511910
     683   2547.40445101
     684   2554.87402822
     685   2562.35523465
     686   2569.84665533
     687   2577.34973718
     688   2584.86300083
     689   2592.38795864
     690   2599.92306431
     691   2607.46989907
     692   2615.02684620
     693   2622.59555848
     694   2630.17434604
     695   2637.76493693
     696   2645.36556430
     697   2652.97803444
     698   2660.60050048
     699   2668.23485105
     700   2675.87915509
     701   2683.53538678
     702   2691.20152758
     703   2698.87964169
     704   2706.56761851
     705   2714.26761579
     706   2721.97742728
     707   2729.69930915
     708   2737.43095448
     709   2745.17472178
     710   2752.92819948
     711   2760.69385374
     712   2768.46916290
     713   2776.25670505
     714   2784.05384406
     715   2791.86327577
     716   2799.68224363
     717   2807.51356593
     718   2815.35436088
     719   2823.20757559
     720   2831.07019653
     721   2838.94530477
     722   2846.82974978
     723   2854.72675354
     724   2862.63302141
     725   2870.55192193
     726   2878.48001055
     727   2886.42081000
     728   2894.37071804
     729   2902.33341779
     730   2910.30514296
     731   2918.28974536
     732   2926.28328619
     733   2934.28979276
     734   2942.30514672
     735   2950.33356005
     736   2958.37072554
     737   2966.42104727
     738   2974.48002154
     739   2982.55225450
     740   2990.63303577
     741   2998.72718178
     742   3006.82976705
     743   3014.94582918
     744   3023.07021650
     745   3031.20819677
     746   3039.35438284
     747   3047.51428462
     748   3055.68226728
     749   3063.86409277
     750   3072.05386845
     751   3080.25762133
     752   3088.46918763
     753   3096.69487034
     754   3104.92822335
     755   3113.17583991
     756   3121.43097700
     757   3129.70053009
     758   3137.97744696
     759   3146.26894098
     760   3154.56763475
     761   3162.88107265
     762   3171.20153862
     763   3179.53692521
     764   3187.87916021
     765   3196.23649873
     766   3204.60049760
     767   3212.97979333
     768   3221.36555258
     769   3229.76680909
     770   3238.17432307
     771   3246.59754612
     772   3255.02681100
     773   3263.47200453
     774   3271.92301412
     775   3280.39018444
     776   3288.86293450
     777   3297.35208595
     778   3305.84656972
     779   3314.35770920
     780   3322.87392201
     781   3331.40705431
     782   3339.94498874
     783   3348.50012142
     784   3357.05977233
     785   3365.63691065
     786   3374.21826993
     787   3382.81742219
     788   3391.42048415
     789   3400.04165613
     790   3408.66641188
     791   3417.30961270
     792   3425.95605598
     793   3434.62129199
     794   3443.28941305
     795   3451.97669425
     796   3460.66648620
     797   3469.37581960
     798   3478.08727173
     799   3486.81866828
     800   3495.55177301
     801   3504.30524045
     802   3513.05998602
     803   3521.83553636
     804   3530.61191441
     805   3539.40955617
     806   3548.20755381
     807   3557.02730019
     808   3565.84690820
     809   3574.68876857
     810   3583.52997279
     811   3592.39396166
     812   3601.25675192
     813   3610.14287963
     814   3619.02724038
     815   3627.93552284
     816   3636.84144289
     817   3645.77189150
     818   3654.69935375
     819   3663.65198601
     820   3672.60097811
     821   3681.57580660
     822   3690.54630975
     823   3699.54335369
     824   3708.53535429
     825   3717.55462755
     826   3726.56810491
     827   3735.60962865
     828   3744.64456776
     829   3753.70835726
     830   3762.76473538
     831   3771.85081393
     832   3780.92861450
     833   3790.03699896
     834   3799.13619693
     835   3808.26691292
     836   3817.38749004
     837   3826.54055618
     838   3835.68248485
     839   3844.85792936
     840   3854.02118943
     841   3863.21903286
     842   3872.40359393
     843   3881.62386737
     844   3890.82970722
     845   3900.07243334
     846   3909.29951843
     847   3918.56473154
     848   3927.81303733
     849   3937.10076245
     850   3946.37025198
     851   3955.68052694
     852   3964.97117309
     853   3974.30402553
     854   3983.61578750
     855   3992.97125919
     856   4002.30410704
     857   4011.68222852
     858   4021.03611718
     859   4030.43693457
     860   4039.81183097
     861   4049.23537800
     862   4058.63123234
     863   4068.07756001
     864   4077.49433573
     865   4086.96348131
     866   4096.40112336
     867   4105.89314324
     868   4115.35161118
     869   4124.86654661
     870   4134.34577953
     871   4143.88369289
     872   4153.38364606
     873   4162.94458298
     874   4172.46518897
     875   4182.04921854
     876   4191.59042786
     877   4201.19760057
     878   4210.75933848
     879   4220.38973091
     880   4229.97194263
     881   4239.62561069
     882   4249.22821334
     883   4258.90524195
     884   4268.52817487
     885   4278.22862598
     886   4287.87179716
     887   4297.59576505
     888   4307.25910728
     889   4317.00666059
     890   4326.69007166
     891   4336.46131516
     892   4346.16472056
     893   4355.95973036
     894   4365.68301643
     895   4375.50190908
     896   4385.24499317
     897   4395.08785308
     898   4404.85060866
     899   4414.71756562
     900   4424.49990098
     901   4434.39104869
     902   4444.19282282
     903   4454.10830596
     904   4463.92941700
     905   4473.86933966
     906   4483.70963028
     907   4493.67415392
     908   4503.53351095
     909   4513.52275126
     910   4523.40099893
     911   4533.41513634
     912   4543.31214885
     913   4553.35131202
     914   4563.26689270
     915   4573.33128357
     916   4583.26529245
     917   4593.35505420
     918   4603.30727096
     919   4613.42262990
     920   4623.39289870
     921   4633.53401430
     922   4643.52208792
     923   4653.68921421
     924   4663.69491903
     925   4673.88823375
     926   4683.91129188
     927   4694.13108068
     928   4704.17129856
     929   4714.41775965
     930   4724.47482438
     931   4734.74827955
     932   4744.82197519
     933   4755.12264565
     934   4765.21261918
     935   4775.54086815
     936   4785.64687850
     937   4796.00295305
     938   4806.12460112
     939   4816.50891204
     940   4826.64592859
     941   4837.05875196
     942   4847.21068479
     943   4857.65248632
     944   4867.81903458
     945   4878.29012288
     946   4888.47077301
     947   4898.97167728
     948   4909.16609304
     949   4919.69715839
     950   4929.90475502
     951   4940.46658433
     952   4950.68698611
     953   4961.27996526
     954   4971.51250450
     955   4982.13732228
     956   4992.38157934
     957   5003.03866698
     958   5013.29387725
     959   5023.98402409
     960   5034.24971933
     961   5044.97340683
     962   5055.24870855
     963   5066.00684428
     964   5076.29123101
     965   5087.08435158
     966   5097.37681024
     967   5108.20596312
     968   5118.50591456
     969   5129.37169621
     970   5139.67796724
     971   5150.58159185
     972   5160.89354198
     973   5171.83566989
     974   5182.15193368
     975   5193.13397968
     976   5203.45385303
     977   5214.47654406
     978   5224.79842800
     979   5235.86342323
     980   5246.18655034
     981   5257.29464370
     982   5267.61712675
     983   5278.77028020
     984   5289.09129295
     985   5300.29036401
     986   5310.60765572
     987   5321.85499015
     988   5332.16768711
     989   5343.46419657
     990   5353.76957625
     991   5365.11810802
     992   5375.41527183
     993   5386.81677262
     994   5397.10236210
     995   5408.56036119
     996   5418.83349487
     997   5430.34893885
     998   5440.60535825
     999   5452.18275242
    1000   5462.42167134
    1001   5474.06189786
    1002   5484.27770305
    1003   5495.98675721
    1004   5506.17891153
    1005   5517.95748732
    1006   5528.11817252
    1007   5539.97473429
    1008   5550.10399953
    1009   5562.03878744
    1010   5572.12484000
    1011   5584.15087914
    1012   5594.19522927
    1013   5606.31162886
    1014   5616.29420633
    1015   5628.52384963
    1016   5638.45056773
    1017   5650.78917836
    1018   5660.61815916
    1019   5673.11641395
    1020   5682.87383838
    1021   5695.51151025
    1022   5705.06077759
    1023   5718.03322054
    1024   5727.80917812
 ---------------------------------------
 
SCF converged! Final Ground-State Energy (Eh):             -70.4390765681297637
