 
     Two-Electron DVR    
 ------------------------
 x0     =      15.00000000
 m      =       1.00000000
 Z      =       3.00000000
 n      =              512
 dx     =       0.05870841
 
Soft-Coulomb Parameters:
 alpha  =       0.10000000
 beta   =       0.01000000
 
 
                       Hartree-Fock                      
 --------------------------------------------------------
 no. of orbitals        =              512
 no. of electrons       =                2
 scf_damping_switch     =        F
 scf_diis_switch        =        F
 damping_factor         =   0.00000000
 e_tolerance            = 0.0000000000100000
 maximum scf-iterations =              200
 
 
                       SCF iterations                      
 ----------------------------------------------------------
    S.No    Energy (hartree)        dE (hartree)
 ----------------------------------------------------------
       0    -12.596227286459
       1     -8.693657141562      3.902570144897
       2     -8.971142392456      0.277485250894
       3     -8.972027993442      0.000885600986
       4     -8.972034765277      0.000006771835
       5     -8.972034841977      0.000000076700
       6     -8.972034843205      0.000000001228
       7     -8.972034843229      0.000000000023
       8     -8.972034843229      0.000000000000
 ----------------------------------------------------------
  
 
 
 ---------------------------------------
     Molecular Orbital Energies (Eh)    
 ---------------------------------------
       1     -2.82459013
       2     -0.24132247
       3     -0.17984932
       4     -0.08275033
       5     -0.05974618
       6      0.01389219
       7      0.04926354
       8      0.15633353
       9      0.20936906
      10      0.34584392
      11      0.41837131
      12      0.58062472
      13      0.67448307
      14      0.86001893
      15      0.97667353
      16      1.18377915
      17      1.32424762
      18      1.55179626
      19      1.71670209
      20      1.96399871
      21      2.15366186
      22      2.42031982
      23      2.63484473
      24      2.92069122
      25      3.16003828
      26      3.46504457
      27      3.72908335
      28      4.05331471
      29      4.34186156
      30      4.68544189
      31      4.99828576
      32      5.36137298
      33      5.69829266
      34      6.08106169
      35      6.44183704
      36      6.84446832
      37      7.22888738
      38      7.65155918
      39      8.05942239
      40      8.50230595
      41      8.93342841
      42      9.39668494
      43      9.85089742
      44     10.33467646
      45     10.81182547
      46     11.31626422
      47     11.81621158
      48     12.34143481
      49     12.86405680
      50     13.41017725
      51     13.95536365
      52     14.52248257
      53     15.09013556
      54     15.67834353
      55     16.26837655
      56     16.87775432
      57     17.49009099
      58     18.12071028
      59     18.75528336
      60     19.40720778
      61     20.06395817
      62     20.73724399
      63     21.41611985
      64     22.11081678
      65     22.81177270
      66     23.52792458
      67     24.25092081
      68     24.98856628
      69     25.73356809
      70     26.49274118
      71     27.25971823
      72     28.04044887
      73     28.82937472
      74     29.63168922
      75     30.44254080
      76     31.26646230
      77     32.09921954
      78     32.94476838
      79     33.79941378
      80     34.66660782
      81     35.54312620
      82     36.43198113
      83     37.33035928
      84     38.24088889
      85     39.16111534
      86     40.09333175
      87     41.03539656
      88     41.98931042
      89     42.95320496
      90     43.92882563
      91     44.91454244
      92     45.91187814
      93     46.91941076
      94     47.93846874
      95     48.96781158
      96     50.00859822
      97     51.05974646
      98     52.12226737
      99     53.19521686
     100     54.27947699
     101     55.37422413
     102     56.48022785
     103     57.59676958
     104     58.72452074
     105     59.86285441
     106     61.01235641
     107     62.17247977
     108     63.34373562
     109     64.52564672
     110     65.71865909
     111     66.92235630
     112     68.13712755
     113     69.36260946
     114     70.59914169
     115     71.84640711
     116     73.10470219
     117     74.37375013
     118     75.65380971
     119     76.94463933
     120     78.24646490
     121     79.55907550
     122     80.88266837
     123     82.21705937
     124     83.56242074
     125     84.91859166
     126     86.28572258
     127     87.66367303
     128     89.05257447
     129     90.45230415
     130     91.86297695
     131     93.28448561
     132     94.71693056
     133     96.16021801
     134     97.61443581
     135     99.07950192
     136    100.55549320
     137    102.04233788
     138    103.54010322
     139    105.04872639
     140    106.56826632
     141    108.09866797
     142    109.63998298
     143    111.19216309
     144    112.75525361
     145    114.32921221
     146    115.91407866
     147    117.50981577
     148    119.11645852
     149    120.73397420
     150    122.36239360
     151    124.00168791
     152    125.65188428
     153    127.31295730
     154    128.98493094
     155    130.66778275
     156    132.36153394
     157    134.06616464
     158    135.78169363
     159    137.50810331
     160    139.24541036
     161    140.99359911
     162    142.75268445
     163    144.52265239
     164    146.30351623
     165    148.09526345
     166    149.89790601
     167    151.71143263
     168    153.53585409
     169    155.37116022
     170    157.21736077
     171    159.07444652
     172    160.94242634
     173    162.82129182
     174    164.71105107
     175    166.61169640
     176    168.52323524
     177    170.44566052
     178    172.37897912
     179    174.32318446
     180    176.27828295
     181    178.24426847
     182    180.22114700
     183    182.20891280
     184    184.20757151
     185    186.21711769
     186    188.23755672
     187    190.26888339
     188    192.31110286
     189    194.36421013
     190    196.42821015
     191    198.50309813
     192    200.58887884
     193    202.68554761
     194    204.79310912
     195    206.91155880
     196    209.04090122
     197    211.18113190
     198    213.33225534
     199    215.49426713
     200    217.66717169
     201    219.85096467
     202    222.04565047
     203    224.25122474
     204    226.46769187
     205    228.69504753
     206    230.93329609
     207    233.18243322
     208    235.44246332
     209    237.71338201
     210    239.99519374
     211    242.28789408
     212    244.59148752
     213    246.90596961
     214    249.23134486
     215    251.56760877
     216    253.91476593
     217    256.27281175
     218    258.64175089
     219    261.02157871
     220    263.41229992
     221    265.81390981
     222    268.22641319
     223    270.64980524
     224    273.08409086
     225    275.52926514
     226    277.98533308
     227    280.45228968
     228    282.93014003
     229    285.41887902
     230    287.91851186
     231    290.42903331
     232    292.95044871
     233    295.48275271
     234    298.02595076
     235    300.58003737
     236    303.14501813
     237    305.72088744
     238    308.30765100
     239    310.90530307
     240    313.51384949
     241    316.13328440
     242    318.76361376
     243    321.40483158
     244    324.05694396
     245    326.71994475
     246    329.39384021
     247    332.07862405
     248    334.77430267
     249    337.48086962
     250    340.19833147
     251    342.92668160
     252    345.66592675
     253    348.41606013
     254    351.17708864
     255    353.94900534
     256    356.73181729
     257    359.52551737
     258    362.33011282
     259    365.14559634
     260    367.97197536
     261    370.80924240
     262    373.65740505
     263    376.51645566
     264    379.38640201
     265    382.26723627
     266    385.15896639
     267    388.06158434
     268    390.97509829
     269    393.89950000
     270    396.83479785
     271    399.78098339
     272    402.73806520
     273    405.70603463
     274    408.68490046
     275    411.67465383
     276    414.67530375
     277    417.68684113
     278    420.70927519
     279    423.74259664
     280    426.78681492
     281    429.84192049
     282    432.90792304
     283    435.98481279
     284    439.07259968
     285    442.17127368
     286    445.28084495
     287    448.40130326
     288    451.53265899
     289    454.67490165
     290    457.82804189
     291    460.99206897
     292    464.16699379
     293    467.35280535
     294    470.54951479
     295    473.75711088
     296    476.97560502
     297    480.20498569
     298    483.44526457
     299    486.69642989
     300    489.95849358
     301    493.23144359
     302    496.51529214
     303    499.81002691
     304    503.11566038
     305    506.43217996
     306    509.75959840
     307    513.09790284
     308    516.44710631
     309    519.80719567
     310    523.17818422
     311    526.56005855
     312    529.95283224
     313    533.35649160
     314    536.77105046
     315    540.19649491
     316    543.63283902
     317    547.08006860
     318    550.53819799
     319    554.00721277
     320    557.48712750
     321    560.97792752
     322    564.47962762
     323    567.99221296
     324    571.51569849
     325    575.05006918
     326    578.59534017
     327    582.15149629
     328    585.71855280
     329    589.29649438
     330    592.88533644
     331    596.48506356
     332    600.09569121
     333    603.71720392
     334    607.34961718
     335    610.99291555
     336    614.64711447
     337    618.31219855
     338    621.98818314
     339    625.67505301
     340    629.37282331
     341    633.08147902
     342    636.80103502
     343    640.53147667
     344    644.27281842
     345    648.02504604
     346    651.78817351
     347    655.56218723
     348    659.34710046
     349    663.14290031
     350    666.94959924
     351    670.76718537
     352    674.59567004
     353    678.43504248
     354    682.28531280
     355    686.14647172
     356    690.01852773
     357    693.90147318
     358    697.79531474
     359    701.70004691
     360    705.61567404
     361    709.54219300
     362    713.47960552
     363    717.42791151
     364    721.38710941
     365    725.35720250
     366    729.33818556
     367    733.33006605
     368    737.33283422
     369    741.34650221
     370    745.37105518
     371    749.40651104
     372    753.45284873
     373    757.51009259
     374    761.57821460
     375    765.65724693
     376    769.74715311
     377    773.84797410
     378    777.95966392
     379    782.08227415
     380    786.21574740
     381    790.36014713
     382    794.51540310
     383    798.68159309
     384    802.85863148
     385    807.04661205
     386    811.24543193
     387    815.45520409
     388    819.67580502
     389    823.90736922
     390    828.14974998
     391    832.40310751
     392    836.66726748
     393    840.94241897
     394    845.22835657
     395    849.52530368
     396    853.83301803
     397    858.15176164
     398    862.48125068
     399    866.82179296
     400    871.17305546
     401    875.53539762
     402    879.90843090
     403    884.29257575
     404    888.68737814
     405    893.09332736
     406    897.50989535
     407    901.93765259
     408    906.37598389
     409    910.82555146
     410    915.28564147
     411    919.75702417
     412    924.23886978
     413    928.73207076
     414    933.23566596
     415    937.75069149
     416    942.27603205
     417    946.81288643
     418    951.35996447
     419    955.91865594
     420    960.48746575
     421    965.06800015
     422    969.65853140
     423    974.26091954
     424    978.87316451
     425    983.49741433
     426    988.13135948
     427    992.77748516
     428    997.43312009
     429   1002.10113239
     430   1006.77843932
     431   1011.46835689
     432   1016.16732185
     433   1020.87915918
     434   1025.59975883
     435   1030.33354047
     436   1035.07575607
     437   1039.83150149
     438   1044.59530242
     439   1049.37304386
     440   1054.15840510
     441   1058.95816867
     442   1063.76505003
     443   1068.58687805
     444   1073.41524622
     445   1078.25917352
     446   1083.10897593
     447   1087.97505789
     448   1092.84625038
     449   1097.73453323
     450   1102.62704722
     451   1107.53760320
     452   1112.45138053
     453   1117.38427055
     454   1122.31922224
     455   1127.27453987
     456   1132.23059005
     457   1137.20841475
     458   1142.18544887
     459   1147.18590075
     460   1152.18382113
     461   1157.20700228
     462   1162.22566337
     463   1167.27172568
     464   1172.31100421
     465   1177.38007591
     466   1182.43979072
     467   1187.53205933
     468   1192.61205983
     469   1197.72768060
     470   1202.82774885
     471   1207.96694413
     472   1213.08690621
     473   1218.24985203
     474   1223.38946145
     475   1228.57640236
     476   1233.73547950
     477   1238.94658958
     478   1244.12488908
     479   1249.36039603
     480   1254.55777986
     481   1259.81779751
     482   1265.03409719
     483   1270.31874171
     484   1275.55396903
     485   1280.86316350
     486   1286.11739455
     487   1291.45094010
     488   1296.72456007
     489   1302.08192533
     490   1307.37558730
     491   1312.75586816
     492   1318.07073648
     493   1323.47248788
     494   1328.81035032
     495   1334.23135156
     496   1339.59470730
     497   1345.03204696
     498   1350.42442447
     499   1355.87406380
     500   1361.29943686
     501   1366.75718266
     502   1372.22037897
     503   1377.68153053
     504   1383.18562890
     505   1388.64823026
     506   1394.19471400
     507   1399.66017644
     508   1405.24170075
     509   1410.72172197
     510   1416.31993849
     511   1421.84576053
     512   1427.46279469
 ---------------------------------------
 
SCF converged! Final Ground-State Energy (Eh):              -8.9720348432289416
