 
     Two-Electron DVR    
 ------------------------
 x0     =      15.00000000
 m      =       1.00000000
 Z      =       1.00000000
 n      =               32
 dx     =       0.96774194
 
Soft-Coulomb Parameters:
 alpha  =       0.10000000
 beta   =       0.10000000
 
 
                       Hartree-Fock                      
 --------------------------------------------------------
 no. of orbitals        =               32
 no. of electrons       =                2
 scf_damping_switch     =        T
 scf_diis_switch        =        F
 damping_factor         =   0.50000000
 e_tolerance            = 0.0000000000100000
 maximum scf-iterations =              200
 
 
                       SCF iterations                      
 ----------------------------------------------------------
    S.No    Energy (hartree)        dE (hartree)
 ----------------------------------------------------------
       0     -2.678582668056
       1     -0.939913223247      1.738669444808
       2     -0.756825413207      0.183087810041
       3     -1.006408059882      0.249582646676
       4     -1.084990456758      0.078582396876
       5     -1.121790823496      0.036800366738
       6     -1.142179199059      0.020388375563
       7     -1.153521412207      0.011342213148
       8     -1.159654443043      0.006133030836
       9     -1.162895691250      0.003241248207
      10     -1.164583453160      0.001687761911
      11     -1.165454167266      0.000870714105
      12     -1.165900768101      0.000446600835
      13     -1.166129012127      0.000228244025
      14     -1.166245406721      0.000116394594
      15     -1.166304689744      0.000059283023
      16     -1.166334866652      0.000030176908
      17     -1.166350225852      0.000015359200
      18     -1.166358045075      0.000007819223
      19     -1.166362027785      0.000003982709
      20     -1.166364057853      0.000002030069
      21     -1.166365093574      0.000001035721
      22     -1.166365622563      0.000000528989
      23     -1.166365893076      0.000000270513
      24     -1.166366031601      0.000000138525
      25     -1.166366102644      0.000000071043
      26     -1.166366139137      0.000000036494
      27     -1.166366157916      0.000000018779
      28     -1.166366167597      0.000000009681
      29     -1.166366172597      0.000000005000
      30     -1.166366175185      0.000000002588
      31     -1.166366176527      0.000000001342
      32     -1.166366177225      0.000000000698
      33     -1.166366177588      0.000000000363
      34     -1.166366177778      0.000000000190
      35     -1.166366177877      0.000000000099
      36     -1.166366177929      0.000000000052
      37     -1.166366177956      0.000000000027
      38     -1.166366177971      0.000000000014
      39     -1.166366177978      0.000000000008
 ----------------------------------------------------------
  
 
 
 ---------------------------------------
     Molecular Orbital Energies (Eh)    
 ---------------------------------------
       1     -0.00216757
       2      0.14601437
       3      0.14790655
       4      0.25805491
       5      0.26387503
       6      0.39744526
       7      0.41099911
       8      0.56434203
       9      0.59200800
      10      0.75806854
      11      0.80827780
      12      0.97994890
      13      1.06069443
      14      1.23398042
      15      1.34997742
      16      1.52477977
      17      1.67673239
      18      1.85441724
      19      2.04147665
      20      2.22414518
      21      2.44451211
      22      2.63371512
      23      2.88587928
      24      3.08424016
      25      3.36516866
      26      3.57654675
      27      3.87958586
      28      4.11349766
      29      4.42129387
      30      4.71489775
      31      4.93328147
      32      5.51359132
 ---------------------------------------
 
SCF converged! Final Ground-State Energy (Eh):              -1.1663661779784753
