 
     Two-Electron DVR    
 ------------------------
 x0     =      15.00000000
 m      =       1.00000000
 Z      =       6.00000000
 n      =             2048
 dx     =       0.01465559
 
Soft-Coulomb Parameters:
 alpha  =       1.00000000
 beta   =       0.10000000
 
 
                       Hartree-Fock                      
 --------------------------------------------------------
 no. of orbitals        =             2048
 no. of electrons       =                2
 scf_damping_switch     =        F
 scf_diis_switch        =        F
 damping_factor         =   0.00000000
 e_tolerance            = 0.0000000000100000
 maximum scf-iterations =              200
 
 
                       SCF iterations                      
 ----------------------------------------------------------
    S.No    Energy (hartree)        dE (hartree)
 ----------------------------------------------------------
       0     -9.988194935462
       1     -8.211890222479      1.776304712983
       2     -8.286106556468      0.074216333989
       3     -8.287168194481      0.001061638014
       4     -8.287185115290      0.000016920808
       5     -8.287185470105      0.000000354816
       6     -8.287185478735      0.000000008630
       7     -8.287185478955      0.000000000220
       8     -8.287185478961      0.000000000006
 ----------------------------------------------------------
  
 
 
 ---------------------------------------
     Molecular Orbital Energies (Eh)    
 ---------------------------------------
       1     -3.33283366
       2     -1.53472561
       3     -1.08110033
       4     -0.78753057
       5     -0.59787839
       6     -0.46589983
       7     -0.37232704
       8     -0.29611770
       9     -0.22151296
      10     -0.13516443
      11     -0.03560364
      12      0.07884008
      13      0.20551666
      14      0.34594768
      15      0.49773975
      16      0.66257986
      17      0.83837293
      18      1.02673235
      19      1.22586746
      20      1.43720480
      21      1.65925858
      22      1.89322688
      23      2.13791170
      24      2.39428148
      25      2.66139476
      26      2.94001103
      27      3.22940689
      28      3.53016337
      29      3.84173536
      30      4.16455827
      31      4.49822814
      32      4.84306562
      33      5.19877566
      34      5.56559093
      35      5.94329857
      36      6.33206527
      37      6.73173910
      38      7.14243820
      39      7.56405512
      40      7.99667280
      41      8.44021584
      42      8.89474204
      43      9.36019884
      44      9.83662622
      45     10.32398779
      46     10.82231103
      47     11.33157089
      48     11.85178618
      49     12.38293972
      50     12.92504435
      51     13.47808834
      52     14.04208044
      53     14.61701267
      54     15.20289098
      55     15.79971001
      56     16.40747377
      57     17.02617868
      58     17.65582747
      59     18.29641776
      60     18.94795144
      61     19.61042692
      62     20.28384551
      63     20.96820619
      64     21.66350988
      65     22.36975593
      66     23.08694499
      67     23.81507668
      68     24.55415147
      69     25.30416914
      70     26.06513004
      71     26.83703408
      72     27.61988153
      73     28.41367236
      74     29.21840679
      75     30.03408484
      76     30.86070669
      77     31.69827238
      78     32.54678209
      79     33.40623586
      80     34.27663385
      81     35.15797612
      82     36.05026281
      83     36.95349398
      84     37.86766976
      85     38.79279023
      86     39.72885548
      87     40.67586561
      88     41.63382070
      89     42.60272084
      90     43.58256612
      91     44.57335660
      92     45.57509238
      93     46.58777353
      94     47.61140012
      95     48.64597222
      96     49.69148990
      97     50.74795324
      98     51.81536229
      99     52.89371711
     100     53.98301778
     101     55.08326434
     102     56.19445685
     103     57.31659537
     104     58.44967996
     105     59.59371065
     106     60.74868750
     107     61.91461056
     108     63.09147988
     109     64.27929549
     110     65.47805745
     111     66.68776578
     112     67.90842054
     113     69.14002176
     114     70.38256947
     115     71.63606371
     116     72.90050453
     117     74.17589193
     118     75.46222597
     119     76.75950667
     120     78.06773406
     121     79.38690816
     122     80.71702901
     123     82.05809663
     124     83.41011106
     125     84.77307229
     126     86.14698038
     127     87.53183533
     128     88.92763717
     129     90.33438592
     130     91.75208160
     131     93.18072422
     132     94.62031382
     133     96.07085040
     134     97.53233398
     135     99.00476458
     136    100.48814222
     137    101.98246690
     138    103.48773865
     139    105.00395747
     140    106.53112340
     141    108.06923642
     142    109.61829657
     143    111.17830383
     144    112.74925826
     145    114.33115982
     146    115.92400855
     147    117.52780445
     148    119.14254755
     149    120.76823782
     150    122.40487532
     151    124.05246001
     152    125.71099193
     153    127.38047107
     154    129.06089745
     155    130.75227107
     156    132.45459195
     157    134.16786008
     158    135.89207548
     159    137.62723814
     160    139.37334809
     161    141.13040531
     162    142.89840983
     163    144.67736163
     164    146.46726074
     165    148.26810715
     166    150.07990088
     167    151.90264191
     168    153.73633027
     169    155.58096593
     170    157.43654894
     171    159.30307927
     172    161.18055694
     173    163.06898194
     174    164.96835430
     175    166.87867398
     176    168.79994103
     177    170.73215541
     178    172.67531717
     179    174.62942626
     180    176.59448273
     181    178.57048655
     182    180.55743775
     183    182.55533630
     184    184.56418223
     185    186.58397552
     186    188.61471620
     187    190.65640425
     188    192.70903968
     189    194.77262248
     190    196.84715268
     191    198.93263025
     192    201.02905521
     193    203.13642755
     194    205.25474729
     195    207.38401441
     196    209.52422894
     197    211.67539083
     198    213.83750015
     199    216.01055683
     200    218.19456094
     201    220.38951242
     202    222.59541132
     203    224.81225760
     204    227.04005130
     205    229.27879239
     206    231.52848089
     207    233.78911678
     208    236.06070009
     209    238.34323079
     210    240.63670892
     211    242.94113443
     212    245.25650737
     213    247.58282769
     214    249.92009545
     215    252.26831060
     216    254.62747317
     217    256.99758314
     218    259.37864054
     219    261.77064532
     220    264.17359755
     221    266.58749716
     222    269.01234421
     223    271.44813865
     224    273.89488053
     225    276.35256979
     226    278.82120650
     227    281.30079060
     228    283.79132214
     229    286.29280106
     230    288.80522744
     231    291.32860120
     232    293.86292240
     233    296.40819100
     234    298.96440704
     235    301.53157047
     236    304.10968134
     237    306.69873961
     238    309.29874532
     239    311.90969842
     240    314.53159898
     241    317.16444692
     242    319.80824231
     243    322.46298509
     244    325.12867532
     245    327.80531294
     246    330.49289801
     247    333.19143047
     248    335.90091038
     249    338.62133768
     250    341.35271243
     251    344.09503458
     252    346.84830417
     253    349.61252116
     254    352.38768560
     255    355.17379742
     256    357.97085671
     257    360.77886338
     258    363.59781750
     259    366.42771902
     260    369.26856799
     261    372.12036435
     262    374.98310817
     263    377.85679937
     264    380.74143803
     265    383.63702408
     266    386.54355759
     267    389.46103848
     268    392.38946683
     269    395.32884257
     270    398.27916577
     271    401.24043636
     272    404.21265441
     273    407.19581984
     274    410.18993273
     275    413.19499301
     276    416.21100076
     277    419.23795588
     278    422.27585847
     279    425.32470845
     280    428.38450589
     281    431.45525071
     282    434.53694300
     283    437.62958267
     284    440.73316981
     285    443.84770433
     286    446.97318631
     287    450.10961568
     288    453.25699252
     289    456.41531674
     290    459.58458843
     291    462.76480749
     292    465.95597403
     293    469.15808795
     294    472.37114934
     295    475.59515811
     296    478.83011435
     297    482.07601797
     298    485.33286906
     299    488.60066753
     300    491.87941347
     301    495.16910680
     302    498.46974759
     303    501.78133577
     304    505.10387142
     305    508.43735444
     306    511.78178495
     307    515.13716282
     308    518.50348818
     309    521.88076091
     310    525.26898112
     311    528.66814871
     312    532.07826378
     313    535.49932622
     314    538.93133614
     315    542.37429343
     316    545.82819820
     317    549.29305035
     318    552.76884999
     319    556.25559699
     320    559.75329148
     321    563.26193334
     322    566.78152268
     323    570.31205940
     324    573.85354360
     325    577.40597517
     326    580.96935423
     327    584.54368066
     328    588.12895458
     329    591.72517586
     330    595.33234464
     331    598.95046078
     332    602.57952442
     333    606.21953542
     334    609.87049391
     335    613.53239978
     336    617.20525313
     337    620.88905385
     338    624.58380207
     339    628.28949765
     340    632.00614073
     341    635.73373117
     342    639.47226911
     343    643.22175441
     344    646.98218721
     345    650.75356737
     346    654.53589504
     347    658.32917006
     348    662.13339259
     349    665.94856248
     350    669.77467987
     351    673.61174462
     352    677.45975688
     353    681.31871649
     354    685.18862361
     355    689.06947809
     356    692.96128008
     357    696.86402943
     358    700.77772627
     359    704.70237049
     360    708.63796220
     361    712.58450128
     362    716.54198787
     363    720.51042182
     364    724.48980327
     365    728.48013208
     366    732.48140840
     367    736.49363208
     368    740.51680327
     369    744.55092183
     370    748.59598789
     371    752.65200131
     372    756.71896224
     373    760.79687053
     374    764.88572633
     375    768.98552949
     376    773.09628017
     377    777.21797820
     378    781.35062375
     379    785.49421665
     380    789.64875707
     381    793.81424485
     382    797.99068014
     383    802.17806279
     384    806.37639296
     385    810.58567049
     386    814.80589553
     387    819.03706793
     388    823.27918786
     389    827.53225513
     390    831.79626993
     391    836.07123208
     392    840.35714176
     393    844.65399879
     394    848.96180334
     395    853.28055525
     396    857.61025468
     397    861.95090147
     398    866.30249578
     399    870.66503745
     400    875.03852664
     401    879.42296319
     402    883.81834727
     403    888.22467869
     404    892.64195765
     405    897.07018396
     406    901.50935780
     407    905.95947899
     408    910.42054772
     409    914.89256379
     410    919.37552740
     411    923.86943836
     412    928.37429685
     413    932.89010270
     414    937.41685608
     415    941.95455681
     416    946.50320508
     417    951.06280069
     418    955.63334385
     419    960.21483435
     420    964.80727240
     421    969.41065779
     422    974.02499072
     423    978.65027100
     424    983.28649883
     425    987.93367400
     426    992.59179672
     427    997.26086678
     428   1001.94088439
     429   1006.63184934
     430   1011.33376184
     431   1016.04662169
     432   1020.77042908
     433   1025.50518382
     434   1030.25088611
     435   1035.00753575
     436   1039.77513293
     437   1044.55367746
     438   1049.34316954
     439   1054.14360897
     440   1058.95499595
     441   1063.77733027
     442   1068.61061215
     443   1073.45484137
     444   1078.31001815
     445   1083.17614226
     446   1088.05321394
     447   1092.94123296
     448   1097.84019954
     449   1102.75011346
     450   1107.67097494
     451   1112.60278376
     452   1117.54554014
     453   1122.49924387
     454   1127.46389515
     455   1132.43949378
     456   1137.42603997
     457   1142.42353350
     458   1147.43197460
     459   1152.45136304
     460   1157.48169904
     461   1162.52298239
     462   1167.57521330
     463   1172.63839155
     464   1177.71251737
     465   1182.79759053
     466   1187.89361126
     467   1193.00057933
     468   1198.11849497
     469   1203.24735795
     470   1208.38716850
     471   1213.53792639
     472   1218.69963186
     473   1223.87228466
     474   1229.05588504
     475   1234.25043275
     476   1239.45592805
     477   1244.67237068
     478   1249.89976089
     479   1255.13809843
     480   1260.38738356
     481   1265.64761602
     482   1270.91879607
     483   1276.20092344
     484   1281.49399841
     485   1286.79802070
     486   1292.11299059
     487   1297.43890780
     488   1302.77577261
     489   1308.12358474
     490   1313.48234447
     491   1318.85205152
     492   1324.23270618
     493   1329.62430815
     494   1335.02685773
     495   1340.44035463
     496   1345.86479913
     497   1351.30019096
     498   1356.74653038
     499   1362.20381713
     500   1367.67205149
     501   1373.15123317
     502   1378.64136245
     503   1384.14243905
     504   1389.65446327
     505   1395.17743480
     506   1400.71135395
     507   1406.25622041
     508   1411.81203448
     509   1417.37879588
     510   1422.95650489
     511   1428.54516121
     512   1434.14476516
     513   1439.75531641
     514   1445.37681529
     515   1451.00926149
     516   1456.65265530
     517   1462.30699643
     518   1467.97228518
     519   1473.64852124
     520   1479.33570493
     521   1485.03383594
     522   1490.74291457
     523   1496.46294051
     524   1502.19391408
     525   1507.93583496
     526   1513.68870347
     527   1519.45251929
     528   1525.22728275
     529   1531.01299351
     530   1536.80965191
     531   1542.61725762
     532   1548.43581097
     533   1554.26531162
     534   1560.10575991
     535   1565.95715551
     536   1571.81949875
     537   1577.69278929
     538   1583.57702748
     539   1589.47221297
     540   1595.37834611
     541   1601.29542655
     542   1607.22345464
     543   1613.16243003
     544   1619.11235308
     545   1625.07322342
     546   1631.04504141
     547   1637.02780671
     548   1643.02151966
     549   1649.02617991
     550   1655.04178782
     551   1661.06834302
     552   1667.10584589
     553   1673.15429605
     554   1679.21369387
     555   1685.28403899
     556   1691.36533177
     557   1697.45757185
     558   1703.56075960
     559   1709.67489463
     560   1715.79997734
     561   1721.93600734
     562   1728.08298501
     563   1734.24090997
     564   1740.40978260
     565   1746.58960253
     566   1752.78037013
     567   1758.98208502
     568   1765.19474759
     569   1771.41835744
     570   1777.65291498
     571   1783.89841980
     572   1790.15487231
     573   1796.42227210
     574   1802.70061958
     575   1808.98991434
     576   1815.29015679
     577   1821.60134652
     578   1827.92348394
     579   1834.25656865
     580   1840.60060105
     581   1846.95558073
     582   1853.32150810
     583   1859.69838276
     584   1866.08620511
     585   1872.48497474
     586   1878.89469207
     587   1885.31535668
     588   1891.74696899
     589   1898.18952858
     590   1904.64303587
     591   1911.10749044
     592   1917.58289271
     593   1924.06924226
     594   1930.56653952
     595   1937.07478406
     596   1943.59397630
     597   1950.12411582
     598   1956.66520304
     599   1963.21723755
     600   1969.78021977
     601   1976.35414926
     602   1982.93902646
     603   1989.53485095
     604   1996.14162314
     605   2002.75934261
     606   2009.38800980
     607   2016.02762426
     608   2022.67818644
     609   2029.33969590
     610   2036.01215307
     611   2042.69555752
     612   2049.38990969
     613   2056.09520914
     614   2062.81145631
     615   2069.53865075
     616   2076.27679292
     617   2083.02588235
     618   2089.78591952
     619   2096.55690396
     620   2103.33883613
     621   2110.13171557
     622   2116.93554274
     623   2123.75031718
     624   2130.57603936
     625   2137.41270880
     626   2144.26032598
     627   2151.11889043
     628   2157.98840262
     629   2164.86886208
     630   2171.76026928
     631   2178.66262374
     632   2185.57592595
     633   2192.50017542
     634   2199.43537264
     635   2206.38151712
     636   2213.33860936
     637   2220.30664885
     638   2227.28563610
     639   2234.27557060
     640   2241.27645287
     641   2248.28828239
     642   2255.31105967
     643   2262.34478421
     644   2269.38945651
     645   2276.44507607
     646   2283.51164339
     647   2290.58915796
     648   2297.67762031
     649   2304.77702990
     650   2311.88738727
     651   2319.00869188
     652   2326.14094427
     653   2333.28414391
     654   2340.43829133
     655   2347.60338599
     656   2354.77942844
     657   2361.96641813
     658   2369.16435560
     659   2376.37324032
     660   2383.59307283
     661   2390.82385257
     662   2398.06558011
     663   2405.31825489
     664   2412.58187746
     665   2419.85644727
     666   2427.14196488
     667   2434.43842972
     668   2441.74584236
     669   2449.06420224
     670   2456.39350992
     671   2463.73376484
     672   2471.08496756
     673   2478.44711752
     674   2485.82021528
     675   2493.20426027
     676   2500.59925308
     677   2508.00519311
     678   2515.42208096
     679   2522.84991604
     680   2530.28869894
     681   2537.73842906
     682   2545.19910700
     683   2552.67073217
     684   2560.15330516
     685   2567.64682538
     686   2575.15129342
     687   2582.66670868
     688   2590.19307178
     689   2597.73038209
     690   2605.27864024
     691   2612.83784561
     692   2620.40799881
     693   2627.98909923
     694   2635.58114749
     695   2643.18414297
     696   2650.79808629
     697   2658.42297682
     698   2666.05881520
     699   2673.70560079
     700   2681.36333423
     701   2689.03201489
     702   2696.71164339
     703   2704.40221910
     704   2712.10374267
     705   2719.81621345
     706   2727.53963208
     707   2735.27399792
     708   2743.01931162
     709   2750.77557253
     710   2758.54278130
     711   2766.32093728
     712   2774.11004112
     713   2781.91009217
     714   2789.72109109
     715   2797.54303720
     716   2805.37593119
     717   2813.21977238
     718   2821.07456145
     719   2828.94029772
     720   2836.81698186
     721   2844.70461320
     722   2852.60319242
     723   2860.51271884
     724   2868.43319315
     725   2876.36461465
     726   2884.30698403
     727   2892.26030061
     728   2900.22456508
     729   2908.19977675
     730   2916.18593630
     731   2924.18304305
     732   2932.19109769
     733   2940.21009953
     734   2948.24004926
     735   2956.28094618
     736   2964.33279101
     737   2972.39558302
     738   2980.46932294
     739   2988.55401004
     740   2996.64964505
     741   3004.75622725
     742   3012.87375735
     743   3021.00223464
     744   3029.14165985
     745   3037.29203223
     746   3045.45335254
     747   3053.62562002
     748   3061.80883543
     749   3070.00299801
     750   3078.20810852
     751   3086.42416621
     752   3094.65117182
     753   3102.88912461
     754   3111.13802533
     755   3119.39787322
     756   3127.66866905
     757   3135.95041205
     758   3144.24310299
     759   3152.54674110
     760   3160.86132715
     761   3169.18686036
     762   3177.52334153
     763   3185.87076986
     764   3194.22914613
     765   3202.59846958
     766   3210.97874097
     767   3219.36995953
     768   3227.77212604
     769   3236.18523972
     770   3244.60930135
     771   3253.04431015
     772   3261.49026690
     773   3269.94717082
     774   3278.41502270
     775   3286.89382173
     776   3295.38356874
     777   3303.88426290
     778   3312.39590504
     779   3320.91849432
     780   3329.45203158
     781   3337.99651600
     782   3346.55194839
     783   3355.11832793
     784   3363.69565546
     785   3372.28393014
     786   3380.88315280
     787   3389.49332260
     788   3398.11444040
     789   3406.74650535
     790   3415.38951828
     791   3424.04347836
     792   3432.70838644
     793   3441.38424165
     794   3450.07104488
     795   3458.76879523
     796   3467.47749360
     797   3476.19713909
     798   3484.92773260
     799   3493.66927324
     800   3502.42176190
     801   3511.18519769
     802   3519.95958150
     803   3528.74491243
     804   3537.54119139
     805   3546.34841747
     806   3555.16659159
     807   3563.99571282
     808   3572.83578209
     809   3581.68679847
     810   3590.54876290
     811   3599.42167444
     812   3608.30553402
     813   3617.20034072
     814   3626.10609547
     815   3635.02279732
     816   3643.95044723
     817   3652.88904425
     818   3661.83858932
     819   3670.79908150
     820   3679.77052174
     821   3688.75290908
     822   3697.74624449
     823   3706.75052700
     824   3715.76575757
     825   3724.79193525
     826   3733.82906100
     827   3742.87713385
     828   3751.93615477
     829   3761.00612279
     830   3770.08703888
     831   3779.17890208
     832   3788.28171335
     833   3797.39547172
     834   3806.52017818
     835   3815.65583172
     836   3824.80243336
     837   3833.95998209
     838   3843.12847891
     839   3852.30792281
     840   3861.49831482
     841   3870.69965391
     842   3879.91194110
     843   3889.13517538
     844   3898.36935776
     845   3907.61448723
     846   3916.87056480
     847   3926.13758945
     848   3935.41556222
     849   3944.70448206
     850   3954.00435003
     851   3963.31516506
     852   3972.63692822
     853   3981.96963845
     854   3991.31329681
     855   4000.66790224
     856   4010.03345580
     857   4019.40995643
     858   4028.79740519
     859   4038.19580102
     860   4047.60514499
     861   4057.02543602
     862   4066.45667520
     863   4075.89886143
     864   4085.35199582
     865   4094.81607726
     866   4104.29110686
     867   4113.77708351
     868   4123.27400832
     869   4132.78188018
     870   4142.30070021
     871   4151.83046728
     872   4161.37118252
     873   4170.92284481
     874   4180.48545527
     875   4190.05901278
     876   4199.64351846
     877   4209.23897119
     878   4218.84537210
     879   4228.46272004
     880   4238.09101617
     881   4247.73025934
     882   4257.38045070
     883   4267.04158909
     884   4276.71367568
     885   4286.39670930
     886   4296.09069113
     887   4305.79561997
     888   4315.51149703
     889   4325.23832111
     890   4334.97609340
     891   4344.72481271
     892   4354.48448024
     893   4364.25509479
     894   4374.03665756
     895   4383.82916734
     896   4393.63262535
     897   4403.44703038
     898   4413.27238363
     899   4423.10868390
     900   4432.95593240
     901   4442.81412791
     902   4452.68327166
     903   4462.56336241
     904   4472.45440141
     905   4482.35638741
     906   4492.26932166
     907   4502.19320291
     908   4512.12803242
     909   4522.07380892
     910   4532.03053369
     911   4541.99820544
     912   4551.97682546
     913   4561.96639247
     914   4571.96690776
     915   4581.97837003
     916   4592.00078057
     917   4602.03413810
     918   4612.07844392
     919   4622.13369671
     920   4632.19989779
     921   4642.27704584
     922   4652.36514219
     923   4662.46418551
     924   4672.57417713
     925   4682.69511572
     926   4692.82700262
     927   4702.96983648
     928   4713.12361865
     929   4723.28834778
     930   4733.46402523
     931   4743.65064964
     932   4753.84822237
     933   4764.05674205
     934   4774.27621006
     935   4784.50662503
     936   4794.74798832
     937   4805.00029857
     938   4815.26355715
     939   4825.53776268
     940   4835.82291655
     941   4846.11901737
     942   4856.42606653
     943   4866.74406263
     944   4877.07300709
     945   4887.41289848
     946   4897.76373823
     947   4908.12552492
     948   4918.49825997
     949   4928.88194195
     950   4939.27657230
     951   4949.68214957
     952   4960.09867522
     953   4970.52614780
     954   4980.96456875
     955   4991.41393663
     956   5001.87425289
     957   5012.34551607
     958   5022.82772764
     959   5033.32088612
     960   5043.82499301
     961   5054.34004680
     962   5064.86604899
     963   5075.40299809
     964   5085.95089561
     965   5096.50974002
     966   5107.07953285
     967   5117.66027257
     968   5128.25196072
     969   5138.85459577
     970   5149.46817924
     971   5160.09270960
     972   5170.72818839
     973   5181.37461408
     974   5192.03198820
     975   5202.70030920
     976   5213.37957866
     977   5224.06979499
     978   5234.77095977
     979   5245.48307143
     980   5256.20613154
     981   5266.94013853
     982   5277.68509398
     983   5288.44099630
     984   5299.20784710
     985   5309.98564475
     986   5320.77439088
     987   5331.57408387
     988   5342.38472534
     989   5353.20631367
     990   5364.03885049
     991   5374.88233416
     992   5385.73676633
     993   5396.60214534
     994   5407.47847286
     995   5418.36574722
     996   5429.26397009
     997   5440.17313979
     998   5451.09325802
     999   5462.02432307
    1000   5472.96633665
    1001   5483.91929706
    1002   5494.88320600
    1003   5505.85806176
    1004   5516.84386606
    1005   5527.84061718
    1006   5538.84831685
    1007   5549.86696333
    1008   5560.89655836
    1009   5571.93710020
    1010   5582.98859059
    1011   5594.05102780
    1012   5605.12441357
    1013   5616.20874614
    1014   5627.30402728
    1015   5638.41025522
    1016   5649.52743174
    1017   5660.65555505
    1018   5671.79462694
    1019   5682.94464563
    1020   5694.10561290
    1021   5705.27752696
    1022   5716.46038961
    1023   5727.65419905
    1024   5738.85895709
    1025   5750.07466191
    1026   5761.30131534
    1027   5772.53891554
    1028   5783.78746436
    1029   5795.04695994
    1030   5806.31740415
    1031   5817.59879512
    1032   5828.89113473
    1033   5840.19442109
    1034   5851.50865609
    1035   5862.83383784
    1036   5874.16996824
    1037   5885.51704539
    1038   5896.87507119
    1039   5908.24404373
    1040   5919.62396494
    1041   5931.01483288
    1042   5942.41664949
    1043   5953.82941284
    1044   5965.25312485
    1045   5976.68778360
    1046   5988.13339103
    1047   5999.58994519
    1048   6011.05744803
    1049   6022.53589759
    1050   6034.02529585
    1051   6045.52564083
    1052   6057.03693450
    1053   6068.55917489
    1054   6080.09236399
    1055   6091.63649979
    1056   6103.19158431
    1057   6114.75761553
    1058   6126.33459548
    1059   6137.92252212
    1060   6149.52139749
    1061   6161.13121956
    1062   6172.75199036
    1063   6184.38370785
    1064   6196.02637409
    1065   6207.67998701
    1066   6219.34454868
    1067   6231.02005703
    1068   6242.70651414
    1069   6254.40391792
    1070   6266.11227047
    1071   6277.83156968
    1072   6289.56181767
    1073   6301.30301232
    1074   6313.05515576
    1075   6324.81824585
    1076   6336.59228474
    1077   6348.37727027
    1078   6360.17320461
    1079   6371.98008558
    1080   6383.79791537
    1081   6395.62669180
    1082   6407.46641704
    1083   6419.31708891
    1084   6431.17870962
    1085   6443.05127694
    1086   6454.93479310
    1087   6466.82925588
    1088   6478.73466750
    1089   6490.65102574
    1090   6502.57833283
    1091   6514.51658652
    1092   6526.46578908
    1093   6538.42593823
    1094   6550.39703626
    1095   6562.37908088
    1096   6574.37207438
    1097   6586.37601446
    1098   6598.39090344
    1099   6610.41673899
    1100   6622.45352344
    1101   6634.50125447
    1102   6646.55993440
    1103   6658.62956090
    1104   6670.71013631
    1105   6682.80165829
    1106   6694.90412919
    1107   6707.01754664
    1108   6719.14191303
    1109   6731.27722596
    1110   6743.42348784
    1111   6755.58069626
    1112   6767.74885362
    1113   6779.92795753
    1114   6792.11801039
    1115   6804.31900979
    1116   6816.53095815
    1117   6828.75385303
    1118   6840.98769689
    1119   6853.23248727
    1120   6865.48822663
    1121   6877.75491251
    1122   6890.03254738
    1123   6902.32112875
    1124   6914.62065912
    1125   6926.93113600
    1126   6939.25256188
    1127   6951.58493426
    1128   6963.92825566
    1129   6976.28252354
    1130   6988.64774045
    1131   7001.02390384
    1132   7013.41101628
    1133   7025.80907518
    1134   7038.21808313
    1135   7050.63803754
    1136   7063.06894102
    1137   7075.51079095
    1138   7087.96358995
    1139   7100.42733540
    1140   7112.90202993
    1141   7125.38767090
    1142   7137.88426096
    1143   7150.39179745
    1144   7162.91028304
    1145   7175.43971506
    1146   7187.98009619
    1147   7200.53142373
    1148   7213.09370040
    1149   7225.66692348
    1150   7238.25109568
    1151   7250.84621429
    1152   7263.45228204
    1153   7276.06929619
    1154   7288.69725949
    1155   7301.33616917
    1156   7313.98602802
    1157   7326.64683324
    1158   7339.31858764
    1159   7352.00128841
    1160   7364.69493836
    1161   7377.39953467
    1162   7390.11508018
    1163   7402.84157204
    1164   7415.57901310
    1165   7428.32740052
    1166   7441.08673714
    1167   7453.85702011
    1168   7466.63825230
    1169   7479.43043082
    1170   7492.23355858
    1171   7505.04763266
    1172   7517.87265598
    1173   7530.70862563
    1174   7543.55554452
    1175   7556.41340973
    1176   7569.28222420
    1177   7582.16198497
    1178   7595.05269502
    1179   7607.95435136
    1180   7620.86695698
    1181   7633.79050889
    1182   7646.72501010
    1183   7659.67045759
    1184   7672.62685438
    1185   7685.59419744
    1186   7698.57248982
    1187   7711.56172846
    1188   7724.56191643
    1189   7737.57305065
    1190   7750.59513421
    1191   7763.62816402
    1192   7776.67214317
    1193   7789.72706856
    1194   7802.79294332
    1195   7815.86976430
    1196   7828.95753465
    1197   7842.05625122
    1198   7855.16591718
    1199   7868.28652934
    1200   7881.41809090
    1201   7894.56059866
    1202   7907.71405583
    1203   7920.87845919
    1204   7934.05381197
    1205   7947.24011093
    1206   7960.43735932
    1207   7973.64555388
    1208   7986.86469790
    1209   8000.09478806
    1210   8013.33582769
    1211   8026.58781347
    1212   8039.85074872
    1213   8053.12463010
    1214   8066.40946098
    1215   8079.70523798
    1216   8093.01196448
    1217   8106.32963709
    1218   8119.65825922
    1219   8132.99782746
    1220   8146.34834522
    1221   8159.70980907
    1222   8173.08222247
    1223   8186.46558195
    1224   8199.85989097
    1225   8213.26514608
    1226   8226.68135075
    1227   8240.10850148
    1228   8253.54660179
    1229   8266.99564816
    1230   8280.45564411
    1231   8293.92658611
    1232   8307.40847771
    1233   8320.90131535
    1234   8334.40510260
    1235   8347.91983587
    1236   8361.44551878
    1237   8374.98214769
    1238   8388.52972625
    1239   8402.08825081
    1240   8415.65772502
    1241   8429.23814523
    1242   8442.82951510
    1243   8456.43183095
    1244   8470.04509649
    1245   8483.66930800
    1246   8497.30446920
    1247   8510.95057635
    1248   8524.60763322
    1249   8538.27563604
    1250   8551.95458857
    1251   8565.64448705
    1252   8579.34533526
    1253   8593.05712939
    1254   8606.77987328
    1255   8620.51356307
    1256   8634.25820264
    1257   8648.01378810
    1258   8661.78032334
    1259   8675.55780448
    1260   8689.34623540
    1261   8703.14561220
    1262   8716.95593882
    1263   8730.77721129
    1264   8744.60943359
    1265   8758.45260174
    1266   8772.30671973
    1267   8786.17178356
    1268   8800.04779725
    1269   8813.93475676
    1270   8827.83266614
    1271   8841.74152133
    1272   8855.66132641
    1273   8869.59207728
    1274   8883.53377806
    1275   8897.48642463
    1276   8911.45002111
    1277   8925.42456337
    1278   8939.41005555
    1279   8953.40649350
    1280   8967.41388140
    1281   8981.43221504
    1282   8995.46149865
    1283   9009.50172799
    1284   9023.55290731
    1285   9037.61503235
    1286   9051.68810739
    1287   9065.77212813
    1288   9079.86709889
    1289   9093.97301534
    1290   9108.08988181
    1291   9122.21769397
    1292   9136.35645617
    1293   9150.50616403
    1294   9164.66682196
    1295   9178.83842554
    1296   9193.02097919
    1297   9207.21447848
    1298   9221.41892786
    1299   9235.63432287
    1300   9249.86066799
    1301   9264.09795872
    1302   9278.34619957
    1303   9292.60538602
    1304   9306.87552261
    1305   9321.15660479
    1306   9335.44863712
    1307   9349.75161502
    1308   9364.06554309
    1309   9378.39041672
    1310   9392.72624054
    1311   9407.07300990
    1312   9421.43072947
    1313   9435.79939456
    1314   9450.17900988
    1315   9464.56957071
    1316   9478.97108178
    1317   9493.38353835
    1318   9507.80694518
    1319   9522.24129748
    1320   9536.68660007
    1321   9551.14284812
    1322   9565.61004646
    1323   9580.08819026
    1324   9594.57728437
    1325   9609.07732390
    1326   9623.58831378
    1327   9638.11024907
    1328   9652.64313471
    1329   9667.18696575
    1330   9681.74174716
    1331   9696.30747396
    1332   9710.88415114
    1333   9725.47177369
    1334   9740.07034665
    1335   9754.67986496
    1336   9769.30033370
    1337   9783.93174776
    1338   9798.57411228
    1339   9813.22742211
    1340   9827.89168241
    1341   9842.56688800
    1342   9857.25304409
    1343   9871.95014545
    1344   9886.65819732
    1345   9901.37719445
    1346   9916.10714211
    1347   9930.84803501
    1348   9945.59987846
    1349   9960.36266713
    1350   9975.13640638
    1351   9989.92109083
    1352  10004.71672587
    1353  10019.52330610
    1354  10034.34083694
    1355  10049.16931294
    1356  10064.00873958
    1357  10078.85911137
    1358  10093.72043381
    1359  10108.59270139
    1360  10123.47591963
    1361  10138.37008299
    1362  10153.27519705
    1363  10168.19125619
    1364  10183.11826606
    1365  10198.05622099
    1366  10213.00512667
    1367  10227.96497740
    1368  10242.93577889
    1369  10257.91752541
    1370  10272.91022272
    1371  10287.91386504
    1372  10302.92845816
    1373  10317.95399628
    1374  10332.99048523
    1375  10348.03791914
    1376  10363.09630391
    1377  10378.16563363
    1378  10393.24591423
    1379  10408.33713975
    1380  10423.43931617
    1381  10438.55243750
    1382  10453.67650975
    1383  10468.81152689
    1384  10483.95749497
    1385  10499.11440791
    1386  10514.28227183
    1387  10529.46108059
    1388  10544.65084034
    1389  10559.85154491
    1390  10575.06320050
    1391  10590.28580089
    1392  10605.51935232
    1393  10620.76384852
    1394  10636.01929579
    1395  10651.28568781
    1396  10666.56303093
    1397  10681.85131877
    1398  10697.15055773
    1399  10712.46074140
    1400  10727.78187621
    1401  10743.11395570
    1402  10758.45698636
    1403  10773.81096167
    1404  10789.17588818
    1405  10804.55175933
    1406  10819.93858169
    1407  10835.33634867
    1408  10850.74506689
    1409  10866.16472969
    1410  10881.59534377
    1411  10897.03690241
    1412  10912.48941234
    1413  10927.95286682
    1414  10943.42727262
    1415  10958.91262292
    1416  10974.40892459
    1417  10989.91617073
    1418  11005.43436826
    1419  11020.96351025
    1420  11036.50360364
    1421  11052.05464147
    1422  11067.61663073
    1423  11083.18956440
    1424  11098.77344953
    1425  11114.36827905
    1426  11129.97406005
    1427  11145.59078541
    1428  11161.21846229
    1429  11176.85708350
    1430  11192.50665625
    1431  11208.16717331
    1432  11223.83864194
    1433  11239.52105484
    1434  11255.21441935
    1435  11270.91872811
    1436  11286.63398850
    1437  11302.36019311
    1438  11318.09734939
    1439  11333.84544985
    1440  11349.60450201
    1441  11365.37449832
    1442  11381.15544637
    1443  11396.94733854
    1444  11412.75018247
    1445  11428.56397051
    1446  11444.38871033
    1447  11460.22439422
    1448  11476.07102993
    1449  11491.92860968
    1450  11507.79714128
    1451  11523.67661689
    1452  11539.56704439
    1453  11555.46841586
    1454  11571.38073925
    1455  11587.30400659
    1456  11603.23822588
    1457  11619.18338908
    1458  11635.13950427
    1459  11651.10656333
    1460  11667.08457442
    1461  11683.07352935
    1462  11699.07343633
    1463  11715.08428713
    1464  11731.10609002
    1465  11747.13883669
    1466  11763.18253548
    1467  11779.23717802
    1468  11795.30277271
    1469  11811.37931112
    1470  11827.46680172
    1471  11843.56523600
    1472  11859.67462250
    1473  11875.79495266
    1474  11891.92623507
    1475  11908.06846109
    1476  11924.22163941
    1477  11940.38576131
    1478  11956.56083554
    1479  11972.74685331
    1480  11988.94382346
    1481  12005.15173710
    1482  12021.37060316
    1483  12037.60041268
    1484  12053.84117465
    1485  12070.09288004
    1486  12086.35553792
    1487  12102.62913920
    1488  12118.91369299
    1489  12135.20919015
    1490  12151.51563986
    1491  12167.83303289
    1492  12184.16137851
    1493  12200.50066742
    1494  12216.85090896
    1495  12233.21209375
    1496  12249.58423121
    1497  12265.96731187
    1498  12282.36134526
    1499  12298.76632180
    1500  12315.18225110
    1501  12331.60912352
    1502  12348.04694874
    1503  12364.49571704
    1504  12380.95543818
    1505  12397.42610236
    1506  12413.90771943
    1507  12430.40027948
    1508  12446.90379247
    1509  12463.41824841
    1510  12479.94365731
    1511  12496.48000913
    1512  12513.02731396
    1513  12529.58556166
    1514  12546.15476241
    1515  12562.73490598
    1516  12579.32600266
    1517  12595.92804212
    1518  12612.54103472
    1519  12629.16497005
    1520  12645.79985858
    1521  12662.44568979
    1522  12679.10247424
    1523  12695.77020132
    1524  12712.44888170
    1525  12729.13850466
    1526  12745.83908096
    1527  12762.55059981
    1528  12779.27307203
    1529  12796.00648675
    1530  12812.75085490
    1531  12829.50616550
    1532  12846.27242957
    1533  12863.04963604
    1534  12879.83779604
    1535  12896.63689838
    1536  12913.44695431
    1537  12930.26795253
    1538  12947.09990437
    1539  12963.94279847
    1540  12980.79664624
    1541  12997.66143620
    1542  13014.53717990
    1543  13031.42386573
    1544  13048.32150535
    1545  13065.23008706
    1546  13082.14962260
    1547  13099.08010017
    1548  13116.02153164
    1549  13132.97390508
    1550  13149.93723247
    1551  13166.91150178
    1552  13183.89672508
    1553  13200.89289026
    1554  13217.90000949
    1555  13234.91807053
    1556  13251.94708567
    1557  13268.98704258
    1558  13286.03795364
    1559  13303.09980640
    1560  13320.17261339
    1561  13337.25636201
    1562  13354.35106491
    1563  13371.45670939
    1564  13388.57330821
    1565  13405.70084855
    1566  13422.83934328
    1567  13439.98877947
    1568  13457.14917012
    1569  13474.32050216
    1570  13491.50278872
    1571  13508.69601661
    1572  13525.90019909
    1573  13543.11532282
    1574  13560.34140121
    1575  13577.57842079
    1576  13594.82639508
    1577  13612.08531051
    1578  13629.35518071
    1579  13646.63599198
    1580  13663.92775808
    1581  13681.23046519
    1582  13698.54412720
    1583  13715.86873014
    1584  13733.20428806
    1585  13750.55078683
    1586  13767.90824064
    1587  13785.27663525
    1588  13802.65598496
    1589  13820.04627540
    1590  13837.44752100
    1591  13854.85970726
    1592  13872.28284876
    1593  13889.71693084
    1594  13907.16196824
    1595  13924.61794614
    1596  13942.08487942
    1597  13959.56275313
    1598  13977.05158231
    1599  13994.55135183
    1600  14012.06207689
    1601  14029.58374222
    1602  14047.11636316
    1603  14064.65992430
    1604  14082.21444112
    1605  14099.77989805
    1606  14117.35631075
    1607  14134.94366349
    1608  14152.54197206
    1609  14170.15122058
    1610  14187.77142503
    1611  14205.40256934
    1612  14223.04466965
    1613  14240.69770975
    1614  14258.36170593
    1615  14276.03664181
    1616  14293.72253385
    1617  14311.41936550
    1618  14329.12715340
    1619  14346.84588083
    1620  14364.57556458
    1621  14382.31618777
    1622  14400.06776738
    1623  14417.83028633
    1624  14435.60376178
    1625  14453.38817649
    1626  14471.18354778
    1627  14488.98985825
    1628  14506.80712538
    1629  14524.63533159
    1630  14542.47449456
    1631  14560.32459650
    1632  14578.18565531
    1633  14596.05765299
    1634  14613.94060762
    1635  14631.83450103
    1636  14649.73935148
    1637  14667.65514061
    1638  14685.58188688
    1639  14703.51957173
    1640  14721.46821381
    1641  14739.42779437
    1642  14757.39833226
    1643  14775.37980853
    1644  14793.37224222
    1645  14811.37561418
    1646  14829.38994368
    1647  14847.41521133
    1648  14865.45143661
    1649  14883.49859995
    1650  14901.55672102
    1651  14919.62578003
    1652  14937.70579689
    1653  14955.79675157
    1654  14973.89866420
    1655  14992.01151454
    1656  15010.13532294
    1657  15028.27006894
    1658  15046.41577311
    1659  15064.57241474
    1660  15082.74001467
    1661  15100.91855195
    1662  15119.10804763
    1663  15137.30848053
    1664  15155.51987196
    1665  15173.74220048
    1666  15191.97548764
    1667  15210.21971178
    1668  15228.47489468
    1669  15246.74101442
    1670  15265.01809303
    1671  15283.30610837
    1672  15301.60508270
    1673  15319.91499362
    1674  15338.23586367
    1675  15356.56767016
    1676  15374.91043591
    1677  15393.26413797
    1678  15411.62879941
    1679  15430.00439702
    1680  15448.39095415
    1681  15466.78844731
    1682  15485.19690011
    1683  15503.61628880
    1684  15522.04663728
    1685  15540.48792149
    1686  15558.94016563
    1687  15577.40334535
    1688  15595.87748514
    1689  15614.36256037
    1690  15632.85859580
    1691  15651.36556651
    1692  15669.88349758
    1693  15688.41236377
    1694  15706.95219046
    1695  15725.50295211
    1696  15744.06467442
    1697  15762.63733152
    1698  15781.22094943
    1699  15799.81550198
    1700  15818.42101548
    1701  15837.03746345
    1702  15855.66487254
    1703  15874.30321592
    1704  15892.95252058
    1705  15911.61275937
    1706  15930.28395959
    1707  15948.96609375
    1708  15967.65918953
    1709  15986.36321907
    1710  16005.07821038
    1711  16023.80413527
    1712  16042.54102211
    1713  16061.28884234
    1714  16080.04762470
    1715  16098.81734026
    1716  16117.59801812
    1717  16136.38962899
    1718  16155.19220234
    1719  16174.00570850
    1720  16192.83017733
    1721  16211.66557876
    1722  16230.51194306
    1723  16249.36923975
    1724  16268.23749950
    1725  16287.11669143
    1726  16306.00684662
    1727  16324.90793378
    1728  16343.81998439
    1729  16362.74296675
    1730  16381.67691277
    1731  16400.62179032
    1732  16419.57763174
    1733  16438.54440446
    1734  16457.52214125
    1735  16476.51080912
    1736  16495.51044127
    1737  16514.52100427
    1738  16533.54253178
    1739  16552.57498988
    1740  16571.61841272
    1741  16590.67276591
    1742  16609.73808407
    1743  16628.81433233
    1744  16647.90154578
    1745  16666.99968908
    1746  16686.10879782
    1747  16705.22883614
    1748  16724.35984014
    1749  16743.50177347
    1750  16762.65467271
    1751  16781.81850101
    1752  16800.99329548
    1753  16820.17901873
    1754  16839.37570841
    1755  16858.58332659
    1756  16877.80191146
    1757  16897.03142454
    1758  16916.27190458
    1759  16935.52331254
    1760  16954.78568773
    1761  16974.05899053
    1762  16993.34326085
    1763  17012.63845848
    1764  17031.94462390
    1765  17051.26171633
    1766  17070.58977684
    1767  17089.92876403
    1768  17109.27871961
    1769  17128.63960154
    1770  17148.01145215
    1771  17167.39422879
    1772  17186.78797443
    1773  17206.19264574
    1774  17225.60828637
    1775  17245.03485234
    1776  17264.47238794
    1777  17283.92084852
    1778  17303.38027907
    1779  17322.85063423
    1780  17342.33195970
    1781  17361.82420941
    1782  17381.32742977
    1783  17400.84157399
    1784  17420.36668923
    1785  17439.90272793
    1786  17459.44973801
    1787  17479.00767116
    1788  17498.57657605
    1789  17518.15640360
    1790  17537.74720328
    1791  17557.34892521
    1792  17576.96161964
    1793  17596.58523590
    1794  17616.21982506
    1795  17635.86533561
    1796  17655.52181947
    1797  17675.18922427
    1798  17694.86760280
    1799  17714.55690181
    1800  17734.25717498
    1801  17753.96836815
    1802  17773.69053592
    1803  17793.42362321
    1804  17813.16768556
    1805  17832.92266693
    1806  17852.68862381
    1807  17872.46549922
    1808  17892.25335060
    1809  17912.05211999
    1810  17931.86186584
    1811  17951.68252917
    1812  17971.51416945
    1813  17991.35672666
    1814  18011.21026134
    1815  18031.07471239
    1816  18050.95014142
    1817  18070.83648626
    1818  18090.73380961
    1819  18110.64204817
    1820  18130.56126581
    1821  18150.49139805
    1822  18170.43250992
    1823  18190.38453578
    1824  18210.34754185
    1825  18230.32146126
    1826  18250.30636149
    1827  18270.30217441
    1828  18290.30896875
    1829  18310.32667511
    1830  18330.35536351
    1831  18350.39496325
    1832  18370.44554568
    1833  18390.50703873
    1834  18410.57951514
    1835  18430.66290144
    1836  18450.75727177
    1837  18470.86255125
    1838  18490.97881546
    1839  18511.10598805
    1840  18531.24414610
    1841  18551.39321172
    1842  18571.55326355
    1843  18591.72422213
    1844  18611.90616769
    1845  18632.09901916
    1846  18652.30285839
    1847  18672.51760267
    1848  18692.74333553
    1849  18712.97997254
    1850  18733.22759895
    1851  18753.48612861
    1852  18773.75564854
    1853  18794.03607075
    1854  18814.32748413
    1855  18834.62979881
    1856  18854.94310558
    1857  18875.26731265
    1858  18895.60251274
    1859  18915.94861210
    1860  18936.30570546
    1861  18956.67369702
    1862  18977.05268358
    1863  18997.44256723
    1864  19017.84344692
    1865  19038.25522257
    1866  19058.67799533
    1867  19079.11166286
    1868  19099.55632863
    1869  19120.01188794
    1870  19140.47844663
    1871  19160.95589761
    1872  19181.44434916
    1873  19201.94369169
    1874  19222.45403602
    1875  19242.97526999
    1876  19263.50750703
    1877  19284.05063230
    1878  19304.60476197
    1879  19325.16977843
    1880  19345.74580065
    1881  19366.33270816
    1882  19386.93062285
    1883  19407.53942128
    1884  19428.15922835
    1885  19448.78991756
    1886  19469.43161693
    1887  19490.08419677
    1888  19510.74778835
    1889  19531.42225868
    1890  19552.10774238
    1891  19572.80410303
    1892  19593.51147876
    1893  19614.22972958
    1894  19634.95899725
    1895  19655.69913807
    1896  19676.45029758
    1897  19697.21232823
    1898  19717.98537947
    1899  19738.76929977
    1900  19759.56424266
    1901  19780.37005242
    1902  19801.18688684
    1903  19822.01458587
    1904  19842.85331172
    1905  19863.70289983
    1906  19884.56351700
    1907  19905.43499397
    1908  19926.31750235
    1909  19947.21086797
    1910  19968.11526744
    1911  19989.03052149
    1912  20009.95681194
    1913  20030.89395418
    1914  20051.84213549
    1915  20072.80116567
    1916  20093.77123772
    1917  20114.75215560
    1918  20135.74411826
    1919  20156.74692357
    1920  20177.76077672
    1921  20198.78546918
    1922  20219.82121268
    1923  20240.86779201
    1924  20261.92542574
    1925  20282.99389163
    1926  20304.07341544
    1927  20325.16376759
    1928  20346.26518135
    1929  20367.37741942
    1930  20388.50072299
    1931  20409.63484664
    1932  20430.78003987
    1933  20451.93604874
    1934  20473.10313149
    1935  20494.28102519
    1936  20515.46999731
    1937  20536.66977546
    1938  20557.88063679
    1939  20579.10229897
    1940  20600.33504936
    1941  20621.57859512
    1942  20642.83323443
    1943  20664.09866331
    1944  20685.37519137
    1945  20706.66250289
    1946  20727.96091954
    1947  20749.27011318
    1948  20770.59041826
    1949  20791.92149348
    1950  20813.26368684
    1951  20834.61664305
    1952  20855.98072453
    1953  20877.35556114
    1954  20898.74153057
    1955  20920.13824692
    1956  20941.54610415
    1957  20962.96469956
    1958  20984.39444443
    1959  21005.83491817
    1960  21027.28655054
    1961  21048.74890182
    1962  21070.22242153
    1963  21091.70664953
    1964  21113.20205646
    1965  21134.70816027
    1966  21156.22545427
    1967  21177.75343296
    1968  21199.29261392
    1969  21220.84246645
    1970  21242.40353426
    1971  21263.97525954
    1972  21285.55821412
    1973  21307.15181095
    1974  21328.75665220
    1975  21350.37211933
    1976  21371.99884724
    1977  21393.63618323
    1978  21415.28479774
    1979  21436.94400116
    1980  21458.61450233
    1981  21480.29557147
    1982  21501.98795929
    1983  21523.69089246
    1984  21545.40516711
    1985  21567.12996227
    1986  21588.86612379
    1987  21610.61277897
    1988  21632.37082770
    1989  21654.13934042
    1990  21675.91927642
    1991  21697.70964444
    1992  21719.51146826
    1993  21741.32368854
    1994  21763.14740018
    1995  21784.98147026
    1996  21806.82707049
    1997  21828.68298670
    1998  21850.55047525
    1999  21872.42823511
    2000  21894.31761285
    2001  21916.21721215
    2002  21938.12847792
    2003  21960.04991479
    2004  21981.98306912
    2005  22003.92633929
    2006  22025.88137871
    2007  22047.84648255
    2008  22069.82340575
    2009  22091.81034063
    2010  22113.80913858
    2011  22135.81791088
    2012  22157.83857661
    2013  22179.86918988
    2014  22201.91170159
    2015  22223.96417644
    2016  22246.02851279
    2017  22268.10286917
    2018  22290.18898130
    2019  22312.28526996
    2020  22334.39310513
    2021  22356.51138122
    2022  22378.64084084
    2023  22400.78120747
    2024  22422.93218644
    2025  22445.09475109
    2026  22467.26708957
    2027  22489.45200404
    2028  22511.64556851
    2029  22533.85293450
    2030  22556.06760686
    2031  22578.29745649
    2032  22600.53332730
    2033  22622.78539273
    2034  22645.04284423
    2035  22667.31648158
    2036  22689.59650762
    2037  22711.89036202
    2038  22734.19419196
    2039  22756.50722382
    2040  22778.83590205
    2041  22801.16802277
    2042  22823.51675214
    2043  22845.87906601
    2044  22868.23395930
    2045  22890.64977976
    2046  22912.94270348
    2047  22935.52653313
    2048  22957.87812934
 ---------------------------------------
 
SCF converged! Final Ground-State Energy (Eh):              -8.2871854789612556
