 
     Two-Electron DVR    
 ------------------------
 x0     =      15.00000000
 m      =       1.00000000
 Z      =       4.00000000
 n      =               32
 dx     =       0.96774194
 
Soft-Coulomb Parameters:
 alpha  =       0.01000000
 beta   =       0.01000000
 
 
                       Hartree-Fock                      
 --------------------------------------------------------
 no. of orbitals        =               32
 no. of electrons       =                2
 scf_damping_switch     =        F
 scf_diis_switch        =        F
 damping_factor         =   0.00000000
 e_tolerance            = 0.0000000000100000
 maximum scf-iterations =              200
 
 
                       SCF iterations                      
 ----------------------------------------------------------
    S.No    Energy (hartree)        dE (hartree)
 ----------------------------------------------------------
       0    -15.014707998585
       1     -9.643943240772      5.370764757812
       2     -9.874716029642      0.230772788870
       3     -9.880047670098      0.005331640455
       4     -9.880369740716      0.000322070618
       5     -9.880388335191      0.000018594476
       6     -9.880389423810      0.000001088618
       7     -9.880389487347      0.000000063537
       8     -9.880389491058      0.000000003711
       9     -9.880389491275      0.000000000217
      10     -9.880389491288      0.000000000013
      11     -9.880389491288      0.000000000001
 ----------------------------------------------------------
  
 
 
 ---------------------------------------
     Molecular Orbital Energies (Eh)    
 ---------------------------------------
       1     -2.60063582
       2     -0.74492923
       3     -0.44367839
       4     -0.31661895
       5     -0.20576722
       6     -0.16142183
       7     -0.09456433
       8     -0.05083472
       9      0.04274039
      10      0.10198992
      11      0.22876904
      12      0.30155696
      13      0.45998918
      14      0.54515189
      15      0.73404063
      16      0.83212412
      17      1.04925600
      18      1.16102575
      19      1.40445739
      20      1.53200951
      21      1.79893984
      22      1.94238343
      23      2.23339111
      24      2.39259648
      25      2.70971270
      26      2.87633826
      27      3.23351893
      28      3.40075719
      29      3.81080844
      30      3.95705834
      31      4.47232066
      32      4.62683013
 ---------------------------------------
 
SCF converged! Final Ground-State Energy (Eh):              -9.8803894912882555
