 
     Two-Electron DVR    
 ------------------------
 x0     =      15.00000000
 m      =       1.00000000
 Z      =       1.00000000
 n      =              128
 dx     =       0.23622047
 
Soft-Coulomb Parameters:
 alpha  =       0.10000000
 beta   =       0.01000000
 
 
                       Hartree-Fock                      
 --------------------------------------------------------
 no. of orbitals        =              128
 no. of electrons       =                2
 scf_damping_switch     =        T
 scf_diis_switch        =        F
 damping_factor         =   0.60000000
 e_tolerance            = 0.0000000000100000
 maximum scf-iterations =              200
 
 
                       SCF iterations                      
 ----------------------------------------------------------
    S.No    Energy (hartree)        dE (hartree)
 ----------------------------------------------------------
       0     -3.353117041424
       1     -0.356255941767      2.996861099657
       2     -0.789941635501      0.433685693734
       3     -0.924193168067      0.134251532566
       4     -0.999011035607      0.074817867541
       5     -1.045048718589      0.046037682982
       6     -1.074046330528      0.028997611939
       7     -1.092393923141      0.018347592613
       8     -1.103768632683      0.011374709542
       9     -1.110873838234      0.007105205551
      10     -1.115235581738      0.004361743503
      11     -1.117945540476      0.002709958739
      12     -1.119608056605      0.001662516129
      13     -1.120638986206      0.001030929601
      14     -1.121272714433      0.000633728227
      15     -1.121665462416      0.000392747983
      16     -1.121907472515      0.000242010099
      17     -1.122057479608      0.000150007093
      18     -1.122150124020      0.000092644412
      19     -1.122207583833      0.000057459813
      20     -1.122243144243      0.000035560410
      21     -1.122265219347      0.000022075104
      22     -1.122278906604      0.000013687257
      23     -1.122287412453      0.000008505849
      24     -1.122292695365      0.000005282912
      25     -1.122295982219      0.000003286854
      26     -1.122298026882      0.000002044663
      27     -1.122299300538      0.000001273656
      28     -1.122300094010      0.000000793472
      29     -1.122300588877      0.000000494866
      30     -1.122300897596      0.000000308720
      31     -1.122301090366      0.000000192770
      32     -1.122301210779      0.000000120413
      33     -1.122301286054      0.000000075275
      34     -1.122301333131      0.000000047077
      35     -1.122301362594      0.000000029463
      36     -1.122301381041      0.000000018447
      37     -1.122301392597      0.000000011557
      38     -1.122301399841      0.000000007244
      39     -1.122301404384      0.000000004543
      40     -1.122301407234      0.000000002850
      41     -1.122301409023      0.000000001789
      42     -1.122301410146      0.000000001123
      43     -1.122301410852      0.000000000706
      44     -1.122301411295      0.000000000444
      45     -1.122301411574      0.000000000279
      46     -1.122301411750      0.000000000175
      47     -1.122301411860      0.000000000110
      48     -1.122301411930      0.000000000069
      49     -1.122301411973      0.000000000044
      50     -1.122301412001      0.000000000028
      51     -1.122301412018      0.000000000017
      52     -1.122301412029      0.000000000011
      53     -1.122301412036      0.000000000007
 ----------------------------------------------------------
  
 
 
 ---------------------------------------
     Molecular Orbital Energies (Eh)    
 ---------------------------------------
       1      0.07473167
       2      0.19540923
       3      0.20428232
       4      0.32095862
       5      0.33306650
       6      0.47105198
       7      0.49084354
       8      0.65150082
       9      0.68469426
      10      0.86476804
      11      0.91696932
      12      1.11276970
      13      1.18880261
      14      1.39802294
      15      1.50092019
      16      1.72281908
      17      1.85382056
      18      2.08878462
      19      2.24787263
      20      2.49681300
      21      2.68335523
      22      2.94732282
      23      3.16048517
      24      3.44047390
      25      3.67943277
      26      3.97631175
      27      4.24033393
      28      4.55483527
      29      4.84329793
      30      5.17602844
      31      5.48841373
      32      5.83987371
      33      6.17575423
      34      6.54635499
      35      6.90537983
      36      7.29546102
      37      7.67734086
      38      8.08718235
      39      8.49167974
      40      8.92151428
      41      9.34843232
      42      9.79845212
      43     10.24762934
      44     10.71799555
      45     11.18929709
      46     11.68014240
      47     12.17345854
      48     12.68489506
      49     13.20013355
      50     13.73225239
      51     14.26933979
      52     14.82221852
      53     15.38109272
      54     15.95479231
      55     16.53540639
      56     17.12997919
      57     17.73229318
      58     18.34777728
      59     18.97176471
      60     19.60819316
      61     20.25383125
      62     20.91122356
      63     21.57850276
      64     22.25687628
      65     22.94578812
      66     23.64514608
      67     24.35569634
      68     25.07604227
      69     25.80823529
      70     26.54955673
      71     27.30341352
      72     28.06570071
      73     28.84123851
      74     29.62446226
      75     30.42171883
      76     31.22585520
      77     32.04486188
      78     32.86986243
      79     33.71067667
      80     34.55650132
      81     35.41917090
      82     36.28574787
      83     37.17035440
      84     38.05762435
      85     38.96423547
      86     39.87209759
      87     40.80082512
      88     41.72919680
      89     42.68013247
      90     43.62887664
      91     44.60216982
      92     45.57117635
      93     46.56694700
      94     47.55603496
      95     48.57447705
      96     49.58350653
      97     50.62476961
      98     51.65351113
      99     52.71783602
     100     53.76612547
     101     54.85368256
     102     55.92125011
     103     57.03231135
     104     58.11899778
     105     59.25371607
     106     60.35925970
     107     61.51786791
     108     62.64220854
     109     63.82472136
     110     64.96777259
     111     66.17415328
     112     67.33622792
     113     68.56599946
     114     69.74770767
     115     70.99984239
     116     72.20266580
     117     73.47513726
     118     74.70206199
     119     75.99043968
     120     77.24659120
     121     78.54379310
     122     79.84092536
     123     81.12926481
     124     82.48557526
     125     83.73924601
     126     85.22324030
     127     86.34344994
     128     88.06757421
 ---------------------------------------
 
SCF converged! Final Ground-State Energy (Eh):              -1.1223014120362018
