 
     Two-Electron DVR    
 ------------------------
 x0     =      15.00000000
 m      =       1.00000000
 Z      =       3.00000000
 n      =              128
 dx     =       0.23622047
 
Soft-Coulomb Parameters:
 alpha  =       0.01000000
 beta   =       0.10000000
 
 
                       Hartree-Fock                      
 --------------------------------------------------------
 no. of orbitals        =              128
 no. of electrons       =                2
 scf_damping_switch     =        F
 scf_diis_switch        =        F
 damping_factor         =   0.00000000
 e_tolerance            = 0.0000000000100000
 maximum scf-iterations =              200
 
 
                       SCF iterations                      
 ----------------------------------------------------------
    S.No    Energy (hartree)        dE (hartree)
 ----------------------------------------------------------
       0    -27.950198209151
       1    -25.402674205875      2.547524003276
       2    -25.411632691647      0.008958485772
       3    -25.411701419415      0.000068727768
       4    -25.411701961215      0.000000541800
       5    -25.411701965549      0.000000004335
       6    -25.411701965584      0.000000000035
       7    -25.411701965585      0.000000000000
 ----------------------------------------------------------
  
 
 
 ---------------------------------------
     Molecular Orbital Energies (Eh)    
 ---------------------------------------
       1    -11.44131565
       2     -0.86926111
       3     -0.30127505
       4     -0.15708416
       5     -0.09290297
       6     -0.04880250
       7      0.00215906
       8      0.06549394
       9      0.14189426
      10      0.23075457
      11      0.33077189
      12      0.44402392
      13      0.56639258
      14      0.70347372
      15      0.84762986
      16      1.00809235
      17      1.17386578
      18      1.35724131
      19      1.54471060
      20      1.75052021
      21      1.95989049
      22      2.18762922
      23      2.41919828
      24      2.66837947
      25      2.92246743
      26      3.19259507
      27      3.46955997
      28      3.76017769
      29      4.06035734
      30      4.37100247
      31      4.69475749
      32      5.02501858
      33      5.37266993
      34      5.72212353
      35      6.09401599
      36      6.46229729
      37      6.85872481
      38      7.24544649
      39      7.66673517
      40      8.07157498
      41      8.51799134
      42      8.94059098
      43      9.41244606
      44      9.85251945
      45     10.35005579
      46     10.80726484
      47     11.33078479
      48     11.80487254
      49     12.35459953
      50     12.84523872
      51     13.42147387
      52     13.92842989
      53     14.53138255
      54     15.05432959
      55     15.68430759
      56     16.22302734
      57     16.88023052
      58     17.43438954
      59     18.11914033
      60     18.68853176
      61     19.40102418
      62     19.98529831
      63     20.72587710
      64     21.32483518
      65     22.09369087
      66     22.70695885
      67     23.50446587
      68     24.13185173
      69     24.95819764
      70     25.59929556
      71     26.45489136
      72     27.10951717
      73     27.99454564
      74     28.66225502
      75     29.57717007
      76     30.25779100
      77     31.20276560
      78     31.89580933
      79     32.87134599
      80     33.57666125
      81     34.58291376
      82     35.29996242
      83     36.33748660
      84     37.06615263
      85     38.13506770
      86     38.87475960
      87     39.97567850
      88     40.72633805
      89     41.85932165
      90     42.62030062
      91     43.78602222
      92     44.55735381
      93     45.75578077
      94     46.53675563
      95     47.76862622
      96     48.55941730
      97     49.82455522
      98     50.62438218
      99     51.92360185
     100     52.73284538
     101     54.06575720
     102     54.88354014
     103     56.25106476
     104     57.07807069
     105     58.47950996
     106     59.31470030
     107     60.75115744
     108     61.59565640
     109     63.06599151
     110     63.91844595
     111     65.42412863
     112     66.28632525
     113     67.82556920
     114     68.69548185
     115     70.27056364
     116     71.15108294
     117     72.75918157
     118     73.64671797
     119     75.29206301
     120     76.19181370
     121     77.86953411
     122     78.77367433
     123     80.49376019
     124     81.41498926
     125     83.16635937
     126     84.07953934
     127     85.90372567
     128     86.91005371
 ---------------------------------------
 
SCF converged! Final Ground-State Energy (Eh):             -25.4117019655846654
