 
     Two-Electron DVR    
 ------------------------
 x0     =      15.00000000
 m      =       1.00000000
 Z      =       2.00000000
 n      =              128
 dx     =       0.23622047
 
Soft-Coulomb Parameters:
 alpha  =       0.10000000
 beta   =       1.00000000
 
 
                       Hartree-Fock                      
 --------------------------------------------------------
 no. of orbitals        =              128
 no. of electrons       =                2
 scf_damping_switch     =        F
 scf_diis_switch        =        F
 damping_factor         =   0.00000000
 e_tolerance            = 0.0000000000100000
 maximum scf-iterations =              200
 
 
                       SCF iterations                      
 ----------------------------------------------------------
    S.No    Energy (hartree)        dE (hartree)
 ----------------------------------------------------------
       0     -7.797806150694
       1     -6.906693560655      0.891112590039
       2     -6.908632285026      0.001938724371
       3     -6.908675467820      0.000043182794
       4     -6.908676449864      0.000000982044
       5     -6.908676472426      0.000000022563
       6     -6.908676472947      0.000000000521
       7     -6.908676472959      0.000000000012
       8     -6.908676472960      0.000000000000
 ----------------------------------------------------------
  
 
 
 ---------------------------------------
     Molecular Orbital Energies (Eh)    
 ---------------------------------------
       1     -3.01081548
       2     -0.07351508
       3      0.01810331
       4      0.03227715
       5      0.08060084
       6      0.12106269
       7      0.18963792
       8      0.25777884
       9      0.34490641
      10      0.44001858
      11      0.54589116
      12      0.66687970
      13      0.79208292
      14      0.93786204
      15      1.08301871
      16      1.25262856
      17      1.41829445
      18      1.61093296
      19      1.79756822
      20      2.01259210
      21      2.22055773
      22      2.45746689
      23      2.68703481
      24      2.94545359
      25      3.19681790
      26      3.47647166
      27      3.74976465
      28      4.05046141
      29      4.34576440
      30      4.66737412
      31      4.98473210
      32      5.32717433
      33      5.66660257
      34      6.02983030
      35      6.39132647
      36      6.77532016
      37      7.15886625
      38      7.56362125
      39      7.96919393
      40      8.39471990
      41      8.82228835
      42      9.26859821
      43      9.71813410
      44     10.18524801
      45     10.65671960
      46     11.14465373
      47     11.63803692
      48     12.14681135
      49     12.66208013
      50     13.19170601
      51     13.72884586
      52     14.27933727
      53     14.83833163
      54     15.40968966
      55     15.99053702
      56     16.58276620
      57     17.18546182
      58     17.79854954
      59     18.42310779
      60     19.05704637
      61     19.70347635
      62     20.35823603
      63     21.02657114
      64     21.70212944
      65     22.39239500
      66     23.08870083
      67     23.80095347
      68     24.51796631
      69     25.25225080
      70     25.98989265
      71     26.74629476
      72     27.50450258
      73     28.28309124
      74     29.06175223
      75     29.86265080
      76     30.66167314
      77     31.48498137
      78     32.30420626
      79     33.15009721
      80     33.98939522
      81     34.85800897
      82     35.71715931
      83     36.60873596
      84     37.48755920
      85     38.40229245
      86     39.30048297
      87     40.23870485
      88     41.15601602
      89     42.11799245
      90     43.05400083
      91     44.04019173
      92     44.99455977
      93     46.00532904
      94     46.97746766
      95     48.01345540
      96     49.00290401
      97     50.06460713
      98     51.07054145
      99     52.15885652
     100     53.18065162
     101     54.29625379
     102     55.33274980
     103     56.47690220
     104     57.52726437
     105     58.70087010
     106     59.76346398
     107     60.96830390
     108     62.04206241
     109     63.27928999
     110     64.36193448
     111     65.63402661
     112     66.72435748
     113     68.03259616
     114     69.12755440
     115     70.47523025
     116     71.57401124
     117     72.96191039
     118     74.06074406
     119     75.49278993
     120     76.59307276
     121     78.06743743
     122     79.16504321
     123     80.68554429
     124     81.79014526
     125     83.34513951
     126     84.45038428
     127     86.04216169
     128     87.22927874
 ---------------------------------------
 
SCF converged! Final Ground-State Energy (Eh):              -6.9086764729595398
