 
     Two-Electron DVR    
 ------------------------
 x0     =      15.00000000
 m      =       1.00000000
 Z      =       5.00000000
 n      =             1024
 dx     =       0.02932551
 
Soft-Coulomb Parameters:
 alpha  =       0.10000000
 beta   =       0.10000000
 
 
                       Hartree-Fock                      
 --------------------------------------------------------
 no. of orbitals        =             1024
 no. of electrons       =                2
 scf_damping_switch     =        F
 scf_diis_switch        =        F
 damping_factor         =   0.00000000
 e_tolerance            = 0.0000000000100000
 maximum scf-iterations =              200
 
 
                       SCF iterations                      
 ----------------------------------------------------------
    S.No    Energy (hartree)        dE (hartree)
 ----------------------------------------------------------
       0    -22.722705332420
       1    -20.391256888984      2.331448443436
       2    -20.410849206460      0.019592317476
       3    -20.411076746386      0.000227539927
       4    -20.411079419242      0.000002672856
       5    -20.411079451112      0.000000031870
       6    -20.411079451496      0.000000000383
       7    -20.411079451500      0.000000000004
 ----------------------------------------------------------
  
 
 
 ---------------------------------------
     Molecular Orbital Energies (Eh)    
 ---------------------------------------
       1     -9.06015263
       2     -2.63413269
       3     -1.38741765
       4     -0.85388168
       5     -0.57929843
       6     -0.41606500
       7     -0.31409169
       8     -0.23947798
       9     -0.17263761
      10     -0.09512099
      11     -0.00514385
      12      0.10120321
      13      0.21863828
      14      0.35197868
      15      0.49476471
      16      0.65351868
      17      0.82049010
      18      1.00375528
      19      1.19423260
      20      1.40142406
      21      1.61498371
      22      1.84568212
      23      2.08205088
      24      2.33593354
      25      2.59493227
      26      2.87173931
      27      3.15324940
      28      3.45276603
      29      3.75670806
      30      4.07875458
      31      4.40507426
      32      4.74949989
      33      5.09815862
      34      5.46483721
      35      5.83580595
      36      6.22463261
      37      6.61788775
      38      7.02877612
      39      7.44429692
      40      7.87717664
      41      8.31494366
      42      8.76975815
      43      9.22975240
      44      9.70645686
      45     10.18865929
      46     10.68721892
      47     11.19161030
      48     11.71199862
      49     12.23855959
      50     12.78075705
      51     13.32946818
      52     13.89346094
      53     14.46430291
      54     15.05008170
      55     15.64303551
      56     16.25059475
      57     16.86564183
      58     17.49497885
      59     18.13210124
      60     18.78321561
      61     19.44239606
      62     20.11528906
      63     20.79651116
      64     21.49118532
      65     22.19443351
      66     22.91089227
      67     23.63615194
      68     24.37439933
      69     25.12165681
      70     25.88169723
      71     26.65093978
      72     27.43277784
      73     28.22399368
      74     29.02763402
      75     29.84081225
      76     30.66625948
      77     31.50139011
      78     32.34864868
      79     33.20572253
      80     34.07479671
      81     34.95380540
      82     35.84469924
      83     36.74563515
      84     37.65835245
      85     38.58120863
      86     39.51575291
      87     40.46052308
      88     41.41689762
      89     42.38357607
      90     43.36178387
      91     44.35036546
      92     45.35040926
      93     46.36088935
      94     47.38277166
      95     48.41514606
      96     49.45886915
      97     50.51313409
      98     51.57870001
      99     52.65485212
     100     53.74226270
     101     54.84029895
     102     55.94955586
     103     57.06947352
     104     58.20057822
     105     59.34237486
     106     60.49532869
     107     61.65900211
     108     62.83380624
     109     64.01935449
     110     65.21600997
     111     66.42343130
     112     67.64193904
     113     68.87123189
     114     70.11159272
     115     71.36275569
     116     72.62497032
     117     73.89800215
     118     75.18207122
     119     76.47697081
     120     77.78289486
     121     79.09966120
     122     80.42744073
     123     81.76607293
     124     83.11570835
     125     84.47620561
     126     85.84769730
     127     87.23005890
     128     88.62340718
     129     90.02763249
     130     91.44283762
     131     92.86892607
     132     94.30598830
     133     95.75393938
     134     97.21285890
     135     98.68267215
     136    100.16344915
     137    101.65512415
     138    103.15775877
     139    104.67129517
     140    106.19578752
     141    107.73118498
     142    109.27753519
     143    110.83479341
     144    112.40300155
     145    113.98212027
     146    115.57218641
     147    117.17316540
     148    118.78508960
     149    120.40792863
     150    122.04171094
     151    123.68640981
     152    125.34205027
     153    127.00860881
     154    128.68610745
     155    130.37452550
     156    132.07388233
     157    133.78415975
     158    135.50537479
     159    137.23751145
     160    138.98058470
     161    140.73458048
     162    142.49951195
     163    144.27536674
     164    146.06215643
     165    147.85987013
     166    149.66851803
     167    151.48809056
     168    153.31859667
     169    155.16002794
     170    157.01239226
     171    158.87568218
     172    160.74990470
     173    162.63505322
     174    164.53113391
     175    166.43814097
     176    168.35607982
     177    170.28494536
     178    172.22474237
     179    174.17546632
     180    176.13712147
     181    178.10970379
     182    180.09321706
     183    182.08765771
     184    184.09302909
     185    186.10932802
     186    188.13655749
     187    190.17471467
     188    192.22380221
     189    194.28381760
     190    196.35476321
     191    198.43663677
     192    200.52944041
     193    202.63317212
     194    204.74783379
     195    206.87342362
     196    209.00994330
     197    211.15739121
     198    213.31576889
     199    215.48507486
     200    217.66531053
     201    219.85647453
     202    222.05856817
     203    224.27159019
     204    226.49554178
     205    228.73042179
     206    230.97623132
     207    233.23296931
     208    235.50063677
     209    237.77923271
     210    240.06875808
     211    242.36921197
     212    244.68059524
     213    247.00290705
     214    249.33614822
     215    251.68031793
     216    254.03541698
     217    256.40144459
     218    258.77840150
     219    261.16628699
     220    263.56510177
     221    265.97484512
     222    268.39551774
     223    270.82711896
     224    273.26964942
     225    275.72310847
     226    278.18749677
     227    280.66281366
     228    283.14905977
     229    285.64623448
     230    288.15433841
     231    290.67337094
     232    293.20333267
     233    295.74422301
     234    298.29604254
     235    300.85879068
     236    303.43246800
     237    306.01707392
     238    308.61260904
     239    311.21907274
     240    313.83646563
     241    316.46478712
     242    319.10403778
     243    321.75421703
     244    324.41532547
     245    327.08736248
     246    329.77032868
     247    332.46422346
     248    335.16904741
     249    337.88479994
     250    340.61148165
     251    343.34909194
     252    346.09763140
     253    348.85709942
     254    351.62749663
     255    354.40882240
     256    357.20107735
     257    360.00426086
     258    362.81837355
     259    365.64341479
     260    368.47938521
     261    371.32628419
     262    374.18411235
     263    377.05286905
     264    379.93255495
     265    382.82316938
     266    385.72471300
     267    388.63718516
     268    391.56058651
     269    394.49491639
     270    397.44017547
     271    400.39636307
     272    403.36347988
     273    406.34152520
     274    409.33049973
     275    412.33040277
     276    415.34123503
     277    418.36299579
     278    421.39568577
     279    424.43930424
     280    427.49385195
     281    430.55932814
     282    433.63573357
     283    436.72306748
     284    439.82133063
     285    442.93052226
     286    446.05064313
     287    449.18169247
     288    452.32367107
     289    455.47657814
     290    458.64041446
     291    461.81517924
     292    465.00087329
     293    468.19749579
     294    471.40504756
     295    474.62352778
     296    477.85293728
     297    481.09327522
     298    484.34454245
     299    487.60673812
     300    490.87986308
     301    494.16391646
     302    497.45889916
     303    500.76481027
     304    504.08165069
     305    507.40941954
     306    510.74811770
     307    514.09774427
     308    517.45830017
     309    520.82978447
     310    524.21219811
     311    527.60554014
     312    531.00981152
     313    534.42501129
     314    537.85114042
     315    541.28819793
     316    544.73618480
     317    548.19510005
     318    551.66494467
     319    555.14571767
     320    558.63742004
     321    562.14005079
     322    565.65361091
     323    569.17809941
     324    572.71351730
     325    576.25986354
     326    579.81713919
     327    583.38534319
     328    586.96447661
     329    590.55453837
     330    594.15552955
     331    597.76744908
     332    601.39029803
     333    605.02407533
     334    608.66878206
     335    612.32441712
     336    615.99098163
     337    619.66847447
     338    623.35689676
     339    627.05624737
     340    630.76652746
     341    634.48773585
     342    638.21987373
     343    641.96293991
     344    645.71693558
     345    649.48185955
     346    653.25771302
     347    657.04449479
     348    660.84220606
     349    664.65084563
     350    668.47041471
     351    672.30091208
     352    676.14233898
     353    679.99469415
     354    683.85797887
     355    687.73219185
     356    691.61733440
     357    695.51340520
     358    699.42040557
     359    703.33833419
     360    707.26719240
     361    711.20697884
     362    715.15769489
     363    719.11933917
     364    723.09191305
     365    727.07541517
     366    731.06984690
     367    735.07520686
     368    739.09149645
     369    743.11871425
     370    747.15686170
     371    751.20593736
     372    755.26594267
     373    759.33687618
     374    763.41873936
     375    767.51153074
     376    771.61525180
     377    775.72990104
     378    779.85547998
     379    783.99198709
     380    788.13942392
     381    792.29778891
     382    796.46708363
     383    800.64730651
     384    804.83845913
     385    809.04053990
     386    813.25355042
     387    817.47748909
     388    821.71235752
     389    825.95815409
     390    830.21488044
     391    834.48253492
     392    838.76111919
     393    843.05063158
     394    847.35107378
     395    851.66244410
     396    855.98474423
     397    860.31797247
     398    864.66213055
     399    869.01721672
     400    873.38323275
     401    877.76017686
     402    882.14805084
     403    886.54685290
     404    890.95658483
     405    895.37724484
     406    899.80883475
     407    904.25135272
     408    908.70480060
     409    913.16917653
     410    917.64448240
     411    922.13071630
     412    926.62788015
     413    931.13597203
     414    935.65499388
     415    940.18494374
     416    944.72582359
     417    949.27763145
     418    953.84036930
     419    958.41403516
     420    962.99863103
     421    967.59415489
     422    972.20060878
     423    976.81799066
     424    981.44630258
     425    986.08554247
     426    990.73571243
     427    995.39681035
     428   1000.06883835
     429   1004.75179431
     430   1009.44568035
     431   1014.15049435
     432   1018.86623846
     433   1023.59291050
     434   1028.33051268
     435   1033.07904278
     436   1037.83850303
     437   1042.60889119
     438   1047.39020952
     439   1052.18245575
     440   1056.98563216
     441   1061.79973647
     442   1066.62477098
     443   1071.46073338
     444   1076.30762599
     445   1081.16544648
     446   1086.03419721
     447   1090.91387579
     448   1095.80448464
     449   1100.70602133
     450   1105.61848830
     451   1110.54188311
     452   1115.47620822
     453   1120.42146115
     454   1125.37764440
     455   1130.34475546
     456   1135.32279686
     457   1140.31176606
     458   1145.31166562
     459   1150.32249297
     460   1155.34425069
     461   1160.37693619
     462   1165.42055209
     463   1170.47509575
     464   1175.54056984
     465   1180.61697167
     466   1185.70430394
     467   1190.80256395
     468   1195.91175442
     469   1201.03187262
     470   1206.16292130
     471   1211.30489769
     472   1216.45780459
     473   1221.62163918
     474   1226.79640430
     475   1231.98209711
     476   1237.17872046
     477   1242.38627148
     478   1247.60475308
     479   1252.83416233
     480   1258.07450217
     481   1263.32576966
     482   1268.58796776
     483   1273.86109349
     484   1279.14514986
     485   1284.44013384
     486   1289.74604848
     487   1295.06289073
     488   1300.39066366
     489   1305.72936417
     490   1311.07899539
     491   1316.43955418
     492   1321.81104370
     493   1327.19346078
     494   1332.58680862
     495   1337.99108398
     496   1343.40629014
     497   1348.83242381
     498   1354.26948830
     499   1359.71748028
     500   1365.17640311
     501   1370.64625341
     502   1376.12703458
     503   1381.61874322
     504   1387.12138274
     505   1392.63494972
     506   1398.15944760
     507   1403.69487293
     508   1409.24122919
     509   1414.79851287
     510   1420.36672751
     511   1425.94586956
     512   1431.53594259
     513   1437.13694301
     514   1442.74887445
     515   1448.37173325
     516   1454.00552310
     517   1459.65024029
     518   1465.30588856
     519   1470.97246416
     520   1476.64997086
     521   1482.33840486
     522   1488.03777000
     523   1493.74806242
     524   1499.46928601
     525   1505.20143686
     526   1510.94451890
     527   1516.69852819
     528   1522.46346870
     529   1528.23933644
     530   1534.02613543
     531   1539.82386162
     532   1545.63251909
     533   1551.45210375
     534   1557.28261972
     535   1563.12406285
     536   1568.97643733
     537   1574.83973894
     538   1580.71397193
     539   1586.59913204
     540   1592.49522356
     541   1598.40224217
     542   1604.32019222
     543   1610.24906934
     544   1616.18887794
     545   1622.13961358
     546   1628.10128073
     547   1634.07387490
     548   1640.05740062
     549   1646.05185333
     550   1652.05723762
     551   1658.07354888
     552   1664.10079175
     553   1670.13896158
     554   1676.18806304
     555   1682.24809143
     556   1688.31905150
     557   1694.40093847
     558   1700.49375716
     559   1706.59750271
     560   1712.71218002
     561   1718.83778418
     562   1724.97432012
     563   1731.12178288
     564   1737.28017746
     565   1743.44949884
     566   1749.62975208
     567   1755.82093208
     568   1762.02304399
     569   1768.23608262
     570   1774.46005320
     571   1780.69495049
     572   1786.94077975
     573   1793.19753569
     574   1799.46522364
     575   1805.74383825
     576   1812.03338491
     577   1818.33385819
     578   1824.64526356
     579   1830.96759553
     580   1837.30085963
     581   1843.64505029
     582   1850.00017312
     583   1856.36622248
     584   1862.74320406
     585   1869.13111214
     586   1875.52995247
     587   1881.93971927
     588   1888.36041837
     589   1894.79204391
     590   1901.23460179
     591   1907.68808606
     592   1914.15250272
     593   1920.62784575
     594   1927.11412121
     595   1933.61132300
     596   1940.11945727
     597   1946.63851783
     598   1953.16851092
     599   1959.70943026
     600   1966.26128218
     601   1972.82406031
     602   1979.39777107
     603   1985.98240800
     604   1992.57797761
     605   1999.18447335
     606   2005.80190181
     607   2012.43025638
     608   2019.06954371
     609   2025.71975711
     610   2032.38090332
     611   2039.05297556
     612   2045.73598066
     613   2052.42991175
     614   2059.13477575
     615   2065.85056570
     616   2072.57728861
     617   2079.31493743
     618   2086.06351926
     619   2092.82302696
     620   2099.59346773
     621   2106.37483431
     622   2113.16713402
     623   2119.97035950
     624   2126.78451817
     625   2133.60960256
     626   2140.44562018
     627   2147.29256349
     628   2154.15044009
     629   2161.01924232
     630   2167.89897790
     631   2174.78963907
     632   2181.69123365
     633   2188.60375377
     634   2195.52720735
     635   2202.46158642
     636   2209.40689902
     637   2216.36313705
     638   2223.33030867
     639   2230.30840568
     640   2237.29743634
     641   2244.29739233
     642   2251.30828204
     643   2258.33009702
     644   2265.36284578
     645   2272.40651977
     646   2279.46112759
     647   2286.52666059
     648   2293.60312749
     649   2300.69051951
     650   2307.78884550
     651   2314.89809655
     652   2322.01828163
     653   2329.14939172
     654   2336.29143591
     655   2343.44440505
     656   2350.60830835
     657   2357.78313654
     658   2364.96889898
     659   2372.16558623
     660   2379.37320780
     661   2386.59175413
     662   2393.82123485
     663   2401.06164026
     664   2408.31298013
     665   2415.57524464
     666   2422.84844368
     667   2430.13256728
     668   2437.42762550
     669   2444.73360821
     670   2452.05052561
     671   2459.37836744
     672   2466.71714404
     673   2474.06684499
     674   2481.42748079
     675   2488.79904088
     676   2496.18153590
     677   2503.57495513
     678   2510.97930936
     679   2518.39458775
     680   2525.82080122
     681   2533.25793876
     682   2540.70601147
     683   2548.16500817
     684   2555.63494014
     685   2563.11579601
     686   2570.60758724
     687   2578.11030230
     688   2585.62395279
     689   2593.14852704
     690   2600.68403681
     691   2608.23047026
     692   2615.78783932
     693   2623.35613196
     694   2630.93536032
     695   2638.52551217
     696   2646.12659984
     697   2653.73861091
     698   2661.36155789
     699   2668.99542818
     700   2676.64023448
     701   2684.29596401
     702   2691.96262964
     703   2699.64021840
     704   2707.32874337
     705   2715.02819137
     706   2722.73857569
     707   2730.45988294
     708   2738.19212661
     709   2745.93529312
     710   2753.68939615
     711   2761.45442192
     712   2769.23038433
     713   2777.01726936
     714   2784.81509114
     715   2792.62383545
     716   2800.44351662
     717   2808.27412020
     718   2816.11566076
     719   2823.96812363
     720   2831.83152359
     721   2839.70584574
     722   2847.59110511
     723   2855.48728655
     724   2863.39440533
     725   2871.31244607
     726   2879.24142427
     727   2887.18132430
     728   2895.13216193
     729   2903.09392127
     730   2911.06661833
     731   2919.05023697
     732   2927.04479348
     733   2935.05027143
     734   2943.06668737
     735   2951.09402464
     736   2959.13230003
     737   2967.18149661
     738   2975.24163146
     739   2983.31268736
     740   2991.39468167
     741   2999.48759689
     742   3007.59145067
     743   3015.70622520
     744   3023.83193845
     745   3031.96857231
     746   3040.11614503
     747   3048.27463821
     748   3056.44407041
     749   3064.62442291
     750   3072.81571460
     751   3081.01792642
     752   3089.23107760
     753   3097.45514874
     754   3105.69015940
     755   3113.93608988
     756   3122.19296003
     757   3130.46074982
     758   3138.73947947
     759   3147.02912858
     760   3155.32971773
     761   3163.64122616
     762   3171.96367480
     763   3180.29704255
     764   3188.64135069
     765   3196.99657775
     766   3205.36274540
     767   3213.73983177
     768   3222.12785891
     769   3230.52680459
     770   3238.93669124
     771   3247.35749622
     772   3255.78924237
     773   3264.23190664
     774   3272.68551230
     775   3281.15003586
     776   3289.62550102
     777   3298.11188387
     778   3306.60920852
     779   3315.11745065
     780   3323.63663480
     781   3332.16673620
     782   3340.70777985
     783   3349.25974051
     784   3357.82264365
     785   3366.39646357
     786   3374.98122619
     787   3383.57690536
     788   3392.18352747
     789   3400.80106587
     790   3409.42954746
     791   3418.06894509
     792   3426.71928615
     793   3435.38054299
     794   3444.05274351
     795   3452.73585956
     796   3461.42991955
     797   3470.13489479
     798   3478.85081422
     799   3487.57764864
     800   3496.31542752
     801   3505.06412109
     802   3513.82375940
     803   3522.59431213
     804   3531.37580987
     805   3540.16822172
     806   3548.97157887
     807   3557.78584984
     808   3566.61106639
     809   3575.44719646
     810   3584.29427239
     811   3593.15226154
     812   3602.02119685
     813   3610.90104506
     814   3619.79183971
     815   3628.69354697
     816   3637.60620097
     817   3646.52976724
     818   3655.46428055
     819   3664.40970583
     820   3673.36607845
     821   3682.33336270
     822   3691.31159458
     823   3700.30073780
     824   3709.30082894
     825   3718.31183108
     826   3727.33378144
     827   3736.36664250
     828   3745.41045207
     829   3754.46517201
     830   3763.53084073
     831   3772.60741954
     832   3781.69494741
     833   3790.79338504
     834   3799.90277200
     835   3809.02306846
     836   3818.15431448
     837   3827.29646972
     838   3836.44957475
     839   3845.61358877
     840   3854.78855277
     841   3863.97442552
     842   3873.17124843
     843   3882.37897992
     844   3891.59766170
     845   3900.82725188
     846   3910.06779243
     847   3919.31924131
     848   3928.58164062
     849   3937.85494815
     850   3947.13920608
     851   3956.43437230
     852   3965.74048883
     853   3975.05751366
     854   3984.38548864
     855   3993.72437215
     856   4003.07420554
     857   4012.43494767
     858   4021.80663928
     859   4031.18924010
     860   4040.58278989
     861   4049.98724934
     862   4059.40265709
     863   4068.82897529
     864   4078.26624093
     865   4087.71441782
     866   4097.17354107
     867   4106.64357681
     868   4116.12455760
     869   4125.61645212
     870   4135.11929011
     871   4144.63304365
     872   4154.15773871
     873   4163.69335123
     874   4173.23990295
     875   4182.79737474
     876   4192.36578298
     877   4201.94511403
     878   4211.53537823
     879   4221.13656894
     880   4230.74868893
     881   4240.37173932
     882   4250.00571441
     883   4259.65062502
     884   4269.30645495
     885   4278.97322584
     886   4288.65090976
     887   4298.33954165
     888   4308.03907920
     889   4317.74957224
     890   4327.47096235
     891   4337.20331747
     892   4346.94655963
     893   4356.70077711
     894   4366.46586996
     895   4376.24195103
     896   4386.02889390
     897   4395.82683899
     898   4405.63563011
     899   4415.45544085
     900   4425.28607933
     901   4435.12775636
     902   4444.98023993
     903   4454.84378541
     904   4464.71811284
     905   4474.60352774
     906   4484.49969611
     907   4494.40698325
     908   4504.32499088
     909   4514.25415167
     910   4524.19399478
     911   4534.14503294
     912   4544.10670928
     913   4554.07962680
     914   4564.06313143
     915   4574.05793323
     916   4584.06326311
     917   4594.07995199
     918   4604.10710069
     919   4614.14568313
     920   4624.19464651
     921   4634.25512644
     922   4644.32589610
     923   4654.40828208
     924   4664.50085242
     925   4674.60514988
     926   4684.71950989
     927   4694.84573015
     928   4704.98187224
     929   4715.13002282
     930   4725.28793251
     931   4735.45802839
     932   4745.63769541
     933   4755.82974690
     934   4766.03115218
     935   4776.24517917
     936   4786.46830880
     937   4796.70432541
     938   4806.94915420
     939   4817.20718684
     940   4827.47369594
     941   4837.75376394
     942   4848.04192001
     943   4858.34405846
     944   4868.65383598
     945   4878.97807129
     946   4889.30942600
     947   4899.65580493
     948   4910.00870226
     949   4920.37726079
     950   4930.75164187
     951   4941.14244243
     952   4951.53826043
     953   4961.95135200
     954   4972.36852843
     955   4982.80399447
     956   4993.24246591
     957   5003.70037307
     958   5014.16003464
     959   5024.64049466
     960   5035.12126049
     961   5045.62436394
     962   5056.12609364
     963   5066.65199038
     964   5077.17456773
     965   5087.72338065
     966   5098.26661746
     967   5108.83854773
     968   5119.40228697
     969   5129.99750099
     970   5140.58149008
     971   5151.20025809
     972   5161.80428539
     973   5172.44683194
     974   5183.07055840
     975   5193.73724643
     976   5204.38038799
     977   5215.07151903
     978   5225.73362089
     979   5236.44968175
     980   5247.13036509
     981   5257.87175772
     982   5268.57041376
     983   5279.33778940
     984   5290.05391775
     985   5300.84780656
     986   5311.58059499
     987   5322.40186494
     988   5333.15066134
     989   5344.00000156
     990   5354.76372660
     991   5365.64228914
     992   5376.42010787
     993   5387.32877218
     994   5398.11925390
     995   5409.05954637
     996   5419.86164363
     997   5430.83466460
     998   5441.64647267
     999   5452.65425885
    1000   5463.47448592
    1001   5474.51839651
    1002   5485.34445020
    1003   5496.42728078
    1004   5507.25756437
    1005   5518.38101869
    1006   5529.21179772
    1007   5540.37998000
    1008   5551.20917827
    1009   5562.42439064
    1010   5573.24601931
    1011   5584.51505154
    1012   5595.32606913
    1013   5606.65253119
    1014   5617.44167576
    1015   5628.83886999
    1016   5639.60106608
    1017   5651.07564252
    1018   5661.78457420
    1019   5673.36946312
    1020   5684.01822433
    1021   5695.72525864
    1022   5706.22053567
    1023   5718.18318433
    1024   5728.73001401
 ---------------------------------------
 
SCF converged! Final Ground-State Energy (Eh):             -20.4110794515001430
