 
     Two-Electron DVR    
 ------------------------
 x0     =      15.00000000
 m      =       1.00000000
 Z      =       6.00000000
 n      =              512
 dx     =       0.05870841
 
Soft-Coulomb Parameters:
 alpha  =       0.10000000
 beta   =       0.10000000
 
 
                       Hartree-Fock                      
 --------------------------------------------------------
 no. of orbitals        =              512
 no. of electrons       =                2
 scf_damping_switch     =        F
 scf_diis_switch        =        F
 damping_factor         =   0.00000000
 e_tolerance            = 0.0000000000100000
 maximum scf-iterations =              200
 
 
                       SCF iterations                      
 ----------------------------------------------------------
    S.No    Energy (hartree)        dE (hartree)
 ----------------------------------------------------------
       0    -27.953493991552
       1    -25.568250930939      2.385243060613
       2    -25.583942959860      0.015692028921
       3    -25.584101043604      0.000158083745
       4    -25.584102649329      0.000001605725
       5    -25.584102665805      0.000000016476
       6    -25.584102665975      0.000000000170
       7    -25.584102665977      0.000000000002
 ----------------------------------------------------------
  
 
 
 ---------------------------------------
     Molecular Orbital Energies (Eh)    
 ---------------------------------------
       1    -11.61562648
       2     -4.08282616
       3     -2.23161453
       4     -1.40864830
       5     -0.96736209
       6     -0.70295404
       7     -0.53446158
       8     -0.41873918
       9     -0.33418410
      10     -0.25893798
      11     -0.17796254
      12     -0.08220817
      13      0.02726148
      14      0.15207860
      15      0.28896055
      16      0.44048785
      17      0.60287668
      18      0.77969783
      19      0.96650725
      20      1.16777435
      21      1.37832919
      22      1.60348002
      23      1.83733104
      24      2.08596276
      25      2.34279807
      26      2.61460493
      27      2.89420208
      28      3.18894200
      29      3.49113933
      30      3.80861490
      31      4.13329305
      32      4.47334011
      33      4.82040955
      34      5.18289002
      35      5.55228233
      36      5.93707942
      37      6.32874111
      38      6.73575590
      39      7.14964403
      40      7.57879288
      41      8.01487191
      42      8.46608437
      43      8.92432398
      44      9.39754099
      45      9.87791457
      46     10.37308696
      47     10.87557050
      48     11.39265764
      49     11.91722908
      50     12.45619763
      51     13.00283638
      52     13.56365927
      53     14.13234592
      54     14.71500138
      55     15.30571754
      56     15.91018828
      57     16.52291645
      58     17.14918891
      59     17.78391245
      60     18.43197619
      61     19.08867931
      62     19.75852642
      63     20.43719414
      64     21.12881884
      65     21.82943701
      66     22.54283517
      67     23.26539046
      68     24.00055931
      69     24.74503921
      70     25.50197706
      71     26.26836985
      72     27.04707584
      73     27.83537060
      74     28.63584450
      75     29.44603109
      76     30.26827315
      77     31.10034214
      78     31.94435296
      79     32.79829567
      80     33.66407610
      81     34.53988450
      82     35.42743555
      83     36.32510227
      84     37.23442504
      85     38.15394332
      86     39.08503898
      87     40.02640262
      88     40.97927232
      89     41.94247565
      90     42.91712054
      91     43.90215841
      92     44.89857958
      93     45.90544727
      94     46.92364577
      95     47.95233901
      96     48.99231582
      97     50.04283071
      98     51.10458674
      99     52.17691975
     100     53.26045583
     101     54.35460376
     102     55.45992064
     103     56.57588059
     104     57.70297896
     105     58.84074830
     106     59.98962877
     107     61.14920513
     108     62.31986825
     109     63.50124949
     110     64.69369573
     111     65.89687989
     112     67.11110968
     113     68.33609503
     114     69.57210873
     115     70.81889367
     116     72.07669160
     117     73.34527471
     118     74.62485714
     119     75.91523713
     120     77.21660429
     121     78.52877999
     122     79.85193207
     123     81.18590242
     124     82.53083959
     125     83.88660365
     126     85.25332603
     127     86.63088294
     128     88.01939064
     129     89.41873961
     130     90.82903271
     131     92.25017306
     132     93.68225162
     133     95.12518270
     134     96.57904677
     135     98.04376801
     136     99.51941761
     137    101.00592850
     138    102.50336365
     139    104.01166371
     140    105.53088441
     141    107.06097322
     142    108.60197947
     143    110.15385664
     144    111.71664843
     145    113.29031361
     146    114.87489092
     147    116.47034380
     148    118.07670660
     149    119.69394689
     150    121.32209515
     151    122.96112258
     152    124.61105628
     153    126.27187062
     154    127.94358971
     155    129.62619075
     156    131.31969521
     157    133.02408274
     158    134.73937252
     159    136.46554636
     160    138.20262143
     161    139.95058143
     162    141.70944175
     163    143.47918775
     164    145.25983328
     165    147.05136516
     166    148.85379586
     167    150.66711348
     168    152.49132931
     169    154.32643257
     170    156.17243351
     171    158.02932230
     172    159.89710830
     173    161.77578253
     174    163.66535356
     175    165.56581315
     176    167.47716918
     177    169.39941405
     178    171.33255505
     179    173.27658512
     180    175.23151106
     181    177.19732628
     182    179.17403714
     183    181.16163744
     184    183.16013319
     185    185.16951853
     186    187.18979914
     187    189.22096947
     188    191.26303492
     189    193.31599020
     190    195.37984047
     191    197.45458066
     192    199.54021574
     193    201.63674080
     194    203.74416067
     195    205.86247057
     196    207.99167522
     197    210.13176993
     198    212.28275934
     199    214.44463885
     200    216.61741302
     201    218.80107730
     202    220.99563620
     203    223.20108524
     204    225.41742888
     205    227.64466265
     206    229.88279102
     207    232.13180952
     208    234.39172262
     209    236.66252584
     210    238.94422366
     211    241.23681158
     212    243.54029413
     213    245.85466675
     214    248.17993402
     215    250.51609134
     216    252.86314333
     217    255.22108535
     218    257.58992207
     219    259.96964878
     220    262.36027023
     221    264.76178164
     222    267.17418783
     223    269.59748394
     224    272.03167487
     225    274.47675569
     226    276.93273138
     227    279.39959690
     228    281.87735735
     229    284.36600759
     230    286.86555282
     231    289.37598779
     232    291.89731781
     233    294.42953751
     234    296.97265232
     235    299.52665677
     236    302.09155640
     237    304.66734561
     238    307.25403007
     239    309.85160406
     240    312.46007336
     241    315.07943213
     242    317.70968630
     243    320.35082987
     244    323.00286892
     245    325.66579732
     246    328.33962127
     247    331.02433450
     248    333.71994337
     249    336.42644146
     250    339.14383527
     251    341.87211823
     252    344.61129701
     253    347.36136487
     254    350.12232863
     255    352.89418140
     256    355.67693018
     257    358.47056789
     258    361.27510170
     259    364.09052437
     260    366.91684323
     261    369.75405089
     262    372.60215484
     263    375.46114750
     264    378.33103656
     265    381.21181426
     266    384.10348846
     267    387.00605121
     268    389.91951058
     269    392.84385841
     270    395.77910297
     271    398.72523592
     272    401.68226570
     273    404.65018378
     274    407.62899881
     275    410.61870207
     276    413.61930238
     277    416.63079082
     278    419.65317644
     279    422.68645012
     280    425.73062108
     281    428.78568000
     282    431.85163634
     283    434.92848055
     284    438.01622228
     285    441.11485181
     286    444.22437897
     287    447.34479385
     288    450.47610648
     289    453.61830673
     290    456.77140486
     291    459.93539053
     292    463.11027419
     293    466.29604529
     294    469.49271452
     295    472.70027110
     296    475.91872592
     297    479.14806802
     298    482.38830846
     299    485.63943611
     300    488.90146221
     301    492.17437544
     302    495.45818722
     303    498.75288608
     304    502.05848358
     305    505.37496809
     306    508.70235134
     307    512.04062156
     308    515.38979059
     309    518.74984654
     310    522.12080137
     311    525.50264311
     312    528.89538378
     313    532.29901133
     314    535.71353785
     315    539.13895128
     316    542.57526369
     317    546.02246302
     318    549.48056133
     319    552.94954663
     320    556.42943088
     321    559.92020218
     322    563.42187235
     323    566.93442973
     324    570.45788589
     325    573.99222936
     326    577.53747147
     327    581.09360114
     328    584.66062924
     329    588.23854513
     330    591.82735920
     331    595.42706142
     332    599.03766148
     333    602.65915005
     334    606.29153606
     335    609.93481111
     336    613.58898311
     337    617.25404466
     338    620.93000256
     339    624.61685078
     340    628.31459462
     341    632.02322952
     342    635.74275918
     343    639.47318097
     344    643.21449648
     345    646.96670517
     346    650.72980637
     347    654.50380220
     348    658.28868911
     349    662.08447213
     350    665.89114453
     351    669.70871502
     352    673.53717292
     353    677.37653093
     354    681.22677404
     355    685.08791993
     356    688.95994823
     357    692.84288208
     358    696.73669520
     359    700.64141745
     360    704.55701534
     361    708.48352609
     362    712.42090826
     363    716.36920808
     364    720.32837442
     365    724.29846347
     366    728.27941336
     367    732.27129233
     368    736.27402559
     369    740.28769472
     370    744.31221054
     371    748.34767071
     372    752.39396882
     373    756.45122035
     374    760.51929970
     375    764.59834374
     376    768.68820393
     377    772.78904092
     378    776.90068058
     379    781.02331199
     380    785.15673055
     381    789.30115700
     382    793.45635268
     383    797.62257607
     384    801.79954807
     385    805.98756925
     386    810.18631526
     387    814.39613669
     388    818.61665557
     389    822.84827844
     390    827.09056721
     391    831.34399469
     392    835.60805175
     393    839.88328550
     394    844.16910698
     395    848.46615111
     396    852.77373481
     397    857.09259161
     398    861.42193248
     399    865.76260729
     400    870.11370232
     401    874.47619828
     402    878.84904088
     403    883.23336498
     404    887.62795103
     405    892.03410753
     406    896.45042842
     407    900.87842649
     408    905.31647662
     409    909.76632206
     410    914.22609016
     411    918.69779496
     412    923.17927341
     413    927.67284551
     414    932.17601953
     415    936.69147465
     416    941.21633393
     417    945.75368285
     418    950.30020795
     419    954.85947137
     420    959.42764833
     421    964.00884086
     422    968.59864412
     423    973.20179303
     424    977.81320369
     425    982.43832880
     426    987.07131315
     427    991.71845046
     428    996.37298298
     429   1001.04215932
     430   1005.71819546
     431   1010.40945844
     432   1015.10696376
     433   1019.82034969
     434   1024.53926519
     435   1029.27483714
     436   1034.01511639
     437   1038.77292345
     438   1043.53448818
     439   1048.31461406
     440   1053.09740167
     441   1057.89991265
     442   1062.70381918
     443   1067.52882656
     444   1072.35376765
     445   1077.20136087
     446   1082.04719820
     447   1086.91752542
     448   1091.78414543
     449   1096.67732719
     450   1101.56454558
     451   1106.48077936
     452   1111.38844353
     453   1116.32789147
     454   1121.25575559
     455   1126.21868116
     456   1131.16654057
     457   1136.15316132
     458   1141.12068794
     459   1146.13135552
     460   1151.11827576
     461   1156.15328101
     462   1161.15915702
     463   1166.21896915
     464   1171.24343685
     465   1176.32844276
     466   1181.37091816
     467   1186.48174346
     468   1191.54174506
     469   1196.67890094
     470   1201.75565071
     471   1206.91997034
     472   1212.01283670
     473   1217.20498973
     474   1222.31293715
     475   1227.53403220
     476   1232.65624055
     477   1237.90714606
     478   1243.04223642
     479   1248.32442932
     480   1253.47134795
     481   1258.78594342
     482   1263.94284527
     483   1269.29182387
     484   1274.45736609
     485   1279.84215185
     486   1285.01382997
     487   1290.43712636
     488   1295.61322790
     489   1301.07686526
     490   1306.25388161
     491   1311.76168963
     492   1316.93739393
     493   1322.49179749
     494   1327.66098458
     495   1333.26777132
     496   1338.42740708
     497   1344.08999835
     498   1349.23164752
     499   1354.95967918
     500   1360.07893438
     501   1365.87767543
     502   1370.95909108
     503   1376.84688474
     504   1381.88394247
     505   1387.86955030
     506   1392.82842931
     507   1398.95497641
     508   1403.83014469
     509   1410.11144833
     510   1414.79438331
     511   1421.40674771
     512   1426.09672567
 ---------------------------------------
 
SCF converged! Final Ground-State Energy (Eh):             -25.5841026659767792
