 
     Two-Electron DVR    
 ------------------------
 x0     =      15.00000000
 m      =       1.00000000
 Z      =       2.00000000
 n      =             1024
 dx     =       0.02932551
 
Soft-Coulomb Parameters:
 alpha  =       1.00000000
 beta   =       0.01000000
 
 
                       Hartree-Fock                      
 --------------------------------------------------------
 no. of orbitals        =             1024
 no. of electrons       =                2
 scf_damping_switch     =        T
 scf_diis_switch        =        F
 damping_factor         =   0.60000000
 e_tolerance            = 0.0000000000100000
 maximum scf-iterations =              200
 
 
                       SCF iterations                      
 ----------------------------------------------------------
    S.No    Energy (hartree)        dE (hartree)
 ----------------------------------------------------------
       0     -2.966871954641
       1     -0.714602153485      2.252269801157
       2     -0.944807571086      0.230205417601
       3     -1.091020093193      0.146212522107
       4     -1.169717688739      0.078697595547
       5     -1.216429558071      0.046711869332
       6     -1.245250399516      0.028820841444
       7     -1.263162572258      0.017912172742
       8     -1.274247303676      0.011084731418
       9     -1.281060156704      0.006812853029
      10     -1.285221359587      0.004161202883
      11     -1.287750557301      0.002529197714
      12     -1.289282293417      0.001531736116
      13     -1.290207565981      0.000925272564
      14     -1.290765482521      0.000557916540
      15     -1.291101464774      0.000335982253
      16     -1.291303614870      0.000202150096
      17     -1.291425164822      0.000121549952
      18     -1.291498217591      0.000073052769
      19     -1.291542108394      0.000043890803
      20     -1.291568471882      0.000026363487
      21     -1.291584304438      0.000015832557
      22     -1.291593811293      0.000009506855
      23     -1.291599519159      0.000005707866
      24     -1.291602945824      0.000003426665
      25     -1.291605002840      0.000002057016
      26     -1.291606237586      0.000001234746
      27     -1.291606978717      0.000000741132
      28     -1.291607423548      0.000000444831
      29     -1.291607690528      0.000000266979
      30     -1.291607850759      0.000000160232
      31     -1.291607946921      0.000000096162
      32     -1.291608004631      0.000000057710
      33     -1.291608039264      0.000000034633
      34     -1.291608060047      0.000000020783
      35     -1.291608072519      0.000000012472
      36     -1.291608080004      0.000000007484
      37     -1.291608084495      0.000000004491
      38     -1.291608087190      0.000000002695
      39     -1.291608088807      0.000000001617
      40     -1.291608089778      0.000000000970
      41     -1.291608090360      0.000000000582
      42     -1.291608090709      0.000000000349
      43     -1.291608090919      0.000000000210
      44     -1.291608091045      0.000000000126
      45     -1.291608091120      0.000000000076
      46     -1.291608091166      0.000000000045
      47     -1.291608091193      0.000000000027
      48     -1.291608091209      0.000000000017
      49     -1.291608091219      0.000000000010
 ----------------------------------------------------------
  
 
 
 ---------------------------------------
     Molecular Orbital Energies (Eh)    
 ---------------------------------------
       1     -0.09386520
       2      0.07267918
       3      0.07953114
       4      0.18359750
       5      0.20375225
       6      0.32375856
       7      0.36446357
       8      0.49489474
       9      0.56281672
      10      0.70253604
      11      0.80009734
      12      0.95113089
      13      1.07737303
      14      1.24258717
      15      1.39553481
      16      1.57735596
      17      1.75528645
      18      1.95546422
      19      2.15716128
      20      2.37687520
      21      2.60154956
      22      2.84157351
      23      3.08873215
      24      3.34956813
      25      3.61891017
      26      3.90088351
      27      4.19222850
      28      4.49555102
      29      4.80879290
      30      5.13360382
      31      5.46868193
      32      5.81507399
      33      6.17195515
      34      6.53999117
      35      6.91865864
      36      7.30838205
      37      7.70882884
      38      8.12027035
      39      8.54249508
      40      8.97567694
      41      9.41968138
      42      9.87462018
      43     10.34040776
      44     10.81711619
      45     11.30469110
      46     11.80317914
      47     12.31254582
      48     12.83282149
      49     13.36398436
      50     13.90605428
      51     14.45901756
      52     15.02288728
      53     15.59765491
      54     16.18332918
      55     16.77990483
      56     17.38738776
      57     18.00577479
      58     18.63506996
      59     19.27527145
      60     19.92638206
      61     20.58840081
      62     21.26132970
      63     21.94516828
      64     22.63991801
      65     23.34557876
      66     24.06215164
      67     24.78963670
      68     25.52803482
      69     26.27734616
      70     27.03757143
      71     27.80871085
      72     28.59076503
      73     29.38373419
      74     30.18761887
      75     31.00241931
      76     31.82813596
      77     32.66476909
      78     33.51231909
      79     34.37078620
      80     35.24017081
      81     36.12047312
      82     37.01169350
      83     37.91383215
      84     38.82688939
      85     39.75086541
      86     40.68576053
      87     41.63157490
      88     42.58830884
      89     43.55596248
      90     44.53453611
      91     45.52402987
      92     46.52444402
      93     47.53577869
      94     48.55803415
      95     49.59121048
      96     50.63530796
      97     51.69032666
      98     52.75626684
      99     53.83312858
     100     54.92091210
     101     56.01961749
     102     57.12924496
     103     58.24979458
     104     59.38126658
     105     60.52366100
     106     61.67697805
     107     62.84121778
     108     64.01638041
     109     65.20246595
     110     66.39947462
     111     67.60740644
     112     68.82626162
     113     70.05604016
     114     71.29674228
     115     72.54836797
     116     73.81091743
     117     75.08439066
     118     76.36878787
     119     77.66410902
     120     78.97035433
     121     80.28752377
     122     81.61561754
     123     82.95463561
     124     84.30457818
     125     85.66544520
     126     87.03723688
     127     88.41995317
     128     89.81359428
     129     91.21816013
     130     92.63365095
     131     94.06006665
     132     95.49740746
     133     96.94567328
     134     98.40486434
     135     99.87498054
     136    101.35602211
     137    102.84798893
     138    104.35088125
     139    105.86469894
     140    107.38944223
     141    108.92511102
     142    110.47170552
     143    112.02922561
     144    113.59767152
     145    115.17704313
     146    116.76734066
     147    118.36856398
     148    119.98071333
     149    121.60378856
     150    123.23778991
     151    124.88271723
     152    126.53857076
     153    128.20535035
     154    129.88305624
     155    131.57168826
     156    133.27124667
     157    134.98173129
     158    136.70314238
     159    138.43547976
     160    140.17874369
     161    141.93293398
     162    143.69805089
     163    145.47409422
     164    147.26106426
     165    149.05896079
     166    150.86778408
     167    152.68753394
     168    154.51821063
     169    156.35981394
     170    158.21234415
     171    160.07580104
     172    161.95018489
     173    163.83549548
     174    165.73173310
     175    167.63889751
     176    169.55698900
     177    171.48600733
     178    173.42595281
     179    175.37682518
     180    177.33862475
     181    179.31135126
     182    181.29500502
     183    183.28958578
     184    185.29509383
     185    187.31152892
     186    189.33889137
     187    191.37718089
     188    193.42639782
     189    195.48654186
     190    197.55761336
     191    199.63961202
     192    201.73253817
     193    203.83639152
     194    205.95117242
     195    208.07688055
     196    210.21351627
     197    212.36107926
     198    214.51956987
     199    216.68898780
     200    218.86933339
     201    221.06060633
     202    223.26280697
     203    225.47593498
     204    227.69999075
     205    229.93497392
     206    232.18088487
     207    234.43772326
     208    236.70548947
     209    238.98418314
     210    241.27380468
     211    243.57435370
     212    245.88583062
     213    248.20823505
     214    250.54156741
     215    252.88582732
     216    255.24101518
     217    257.60713062
     218    259.98417405
     219    262.37214507
     220    264.77104412
     221    267.18087078
     222    269.60162550
     223    272.03330786
     224    274.47591830
     225    276.92945641
     226    279.39392263
     227    281.86931653
     228    284.35563858
     229    286.85288832
     230    289.36106624
     231    291.88017188
     232    294.41020573
     233    296.95116731
     234    299.50305712
     235    302.06587468
     236    304.63962050
     237    307.22429410
     238    309.81989597
     239    312.42642564
     240    315.04388361
     241    317.67226939
     242    320.31158350
     243    322.96182543
     244    325.62299572
     245    328.29509384
     246    330.97812035
     247    333.67207470
     248    336.37695746
     249    339.09276809
     250    341.81950714
     251    344.55717407
     252    347.30576945
     253    350.06529272
     254    352.83574446
     255    355.61712410
     256    358.40943225
     257    361.21266830
     258    364.02683287
     259    366.85192536
     260    369.68794640
     261    372.53489537
     262    375.39277290
     263    378.26157837
     264    381.14131243
     265    384.03197444
     266    386.93356506
     267    389.84608363
     268    392.76953084
     269    395.70390601
     270    398.64920982
     271    401.60544162
     272    404.57260208
     273    407.55069053
     274    410.53970766
     275    413.53965279
     276    416.55052662
     277    419.57232845
     278    422.60505901
     279    425.64871758
     280    428.70330488
     281    431.76882021
     282    434.84526429
     283    437.93263640
     284    441.03093729
     285    444.14016620
     286    447.26032391
     287    450.39140966
     288    453.53342422
     289    456.68636682
     290    459.85023826
     291    463.02503773
     292    466.21076607
     293    469.40742245
     294    472.61500770
     295    475.83352100
     296    479.06296319
     297    482.30333344
     298    485.55463259
     299    488.81685980
     300    492.09001594
     301    495.37410014
     302    498.66911328
     303    501.97505448
     304    505.29192465
     305    508.61972288
     306    511.95845009
     307    515.30810537
     308    518.66868965
     309    522.04020199
     310    525.42264335
     311    528.81601279
     312    532.22031124
     313    535.63553778
     314    539.06169336
     315    542.49877702
     316    545.94678974
     317    549.40573055
     318    552.87560042
     319    556.35639839
     320    559.84812544
     321    563.35078058
     322    566.86436482
     323    570.38887716
     324    573.92431861
     325    577.47068815
     326    581.02798684
     327    584.59621361
     328    588.17536953
     329    591.76545355
     330    595.36646673
     331    598.97840801
     332    602.60127847
     333    606.23507702
     334    609.87980478
     335    613.53546062
     336    617.20204568
     337    620.87955883
     338    624.56800122
     339    628.26737169
     340    631.97767142
     341    635.69889923
     342    639.43105631
     343    643.17414148
     344    646.92815592
     345    650.69309846
     346    654.46897029
     347    658.25577020
     348    662.05349943
     349    665.86215675
     350    669.68174339
     351    673.51225811
     352    677.35370218
     353    681.20607433
     354    685.06937584
     355    688.94360543
     356    692.82876440
     357    696.72485144
     358    700.63186787
     359    704.54981238
     360    708.47868629
     361    712.41848828
     362    716.36921969
     363    720.33087917
     364    724.30346809
     365    728.28698508
     366    732.28143152
     367    736.28680602
     368    740.30311000
     369    744.33034204
     370    748.36850357
     371    752.41759315
     372    756.47761224
     373    760.54855937
     374    764.63043604
     375    768.72324074
     376    772.82697499
     377    776.94163728
     378    781.06722913
     379    785.20374902
     380    789.35119848
     381    793.50957597
     382    797.67888305
     383    801.85911816
     384    806.05028288
     385    810.25237562
     386    814.46539799
     387    818.68934838
     388    822.92422840
     389    827.17003644
     390    831.42677414
     391    835.69443985
     392    839.97303523
     393    844.26255862
     394    848.56301169
     395    852.87439277
     396    857.19670355
     397    861.52994233
     398    865.87411084
     399    870.22920733
     400    874.59523356
     401    878.97218778
     402    883.36007175
     403    887.75888370
     404    892.16862543
     405    896.58929513
     406    901.02089463
     407    905.46342208
     408    909.91687935
     409    914.38126458
     410    918.85657964
     411    923.34282264
     412    927.83999550
     413    932.34809630
     414    936.86712696
     415    941.39708556
     416    945.93797405
     417    950.48979047
     418    955.05253679
     419    959.62621102
     420    964.21081519
     421    968.80634726
     422    973.41280928
     423    978.03019920
     424    982.65851908
     425    987.29776686
     426    991.94794461
     427    996.60905026
     428   1001.28108590
     429   1005.96404943
     430   1010.65794297
     431   1015.36276438
     432   1020.07851583
     433   1024.80519514
     434   1029.54280451
     435   1034.29134174
     436   1039.05080904
     437   1043.82120418
     438   1048.60252942
     439   1053.39478249
     440   1058.19796568
     441   1063.01207670
     442   1067.83711786
     443   1072.67308682
     444   1077.51998595
     445   1082.37781288
     446   1087.24656999
     447   1092.12625490
     448   1097.01687000
     449   1101.91841289
     450   1106.83088600
     451   1111.75428688
     452   1116.68861801
     453   1121.63387690
     454   1126.59006605
     455   1131.55718295
     456   1136.53523013
     457   1141.52420506
     458   1146.52411030
     459   1151.53494326
     460   1156.55670655
     461   1161.58939756
     462   1166.63301892
     463   1171.68756799
     464   1176.75304742
     465   1181.82945456
     466   1186.91679208
     467   1192.01505729
     468   1197.12425292
     469   1202.24437621
     470   1207.37542995
     471   1212.51741134
     472   1217.67032320
     473   1222.83416270
     474   1228.00893269
     475   1233.19463031
     476   1238.39125844
     477   1243.59881419
     478   1248.81730047
     479   1254.04671436
     480   1259.28705880
     481   1264.53833084
     482   1269.80053345
     483   1275.07366365
     484   1280.35772444
     485   1285.65271281
     486   1290.95863180
     487   1296.27547835
     488   1301.60325554
     489   1306.94196028
     490   1312.29159569
     491   1317.65215863
     492   1323.02365226
     493   1328.40607341
     494   1333.79942528
     495   1339.20370465
     496   1344.61891477
     497   1350.04505236
     498   1355.48212074
     499   1360.93011658
     500   1366.38904322
     501   1371.85889731
     502   1377.33968223
     503   1382.83139458
     504   1388.33403779
     505   1393.84760841
     506   1399.37210992
     507   1404.90753883
     508   1410.45389864
     509   1416.01118584
     510   1421.57940398
     511   1427.15854948
     512   1432.74862594
     513   1438.34962976
     514   1443.96156457
     515   1449.58442670
     516   1455.21821986
     517   1460.86294033
     518   1466.51859185
     519   1472.18517067
     520   1477.86268056
     521   1483.55111773
     522   1489.25048601
     523   1494.96078154
     524   1500.68200821
     525   1506.41416211
     526   1512.15724719
     527   1517.91125948
     528   1523.67620297
     529   1529.45207366
     530   1535.23887557
     531   1541.03660467
     532   1546.84526502
     533   1552.66485253
     534   1558.49537133
     535   1564.33681726
     536   1570.18919452
     537   1576.05249889
     538   1581.92673461
     539   1587.81189743
     540   1593.70799163
     541   1599.61501291
     542   1605.53296560
     543   1611.46184534
     544   1617.40165654
     545   1623.35239475
     546   1629.31406446
     547   1635.28666117
     548   1641.27018939
     549   1647.26464460
     550   1653.27003136
     551   1659.28634507
     552   1665.31359038
     553   1671.35176261
     554   1677.40086647
     555   1683.46089723
     556   1689.53185965
     557   1695.61374895
     558   1701.70656995
     559   1707.81031780
     560   1713.92499738
     561   1720.05060379
     562   1726.18714197
     563   1732.33460696
     564   1738.49300374
     565   1744.66232731
     566   1750.84258272
     567   1757.03376487
     568   1763.23587891
     569   1769.44891966
     570   1775.67289234
     571   1781.90779171
     572   1788.15362304
     573   1794.41038103
     574   1800.67807102
     575   1806.95668764
     576   1813.24623630
     577   1819.54671157
     578   1825.85811892
     579   1832.18045284
     580   1838.51371888
     581   1844.85791146
     582   1851.21303621
     583   1857.57908747
     584   1863.95607093
     585   1870.34398087
     586   1876.74282306
     587   1883.15259170
     588   1889.57329262
     589   1896.00491997
     590   1902.44747964
     591   1908.90096570
     592   1915.36538414
     593   1921.84072892
     594   1928.32700613
     595   1934.82420964
     596   1941.33234563
     597   1947.85140790
     598   1954.38140268
     599   1960.92232370
     600   1967.47417728
     601   1974.03695707
     602   1980.61066947
     603   1987.19530803
     604   1993.79087925
     605   2000.39737660
     606   2007.01480666
     607   2013.64316281
     608   2020.28245171
     609   2026.93266667
     610   2033.59381443
     611   2040.26588821
     612   2046.94889484
     613   2053.64282744
     614   2060.34769295
     615   2067.06348438
     616   2073.79020878
     617   2080.52785907
     618   2087.27644237
     619   2094.03595151
     620   2100.80639373
     621   2107.58776174
     622   2114.38006287
     623   2121.18328976
     624   2127.99744983
     625   2134.82253561
     626   2141.65855462
     627   2148.50549929
     628   2155.36337726
     629   2162.23218084
     630   2169.11191777
     631   2176.00258027
     632   2182.90417618
     633   2189.81669761
     634   2196.74015250
     635   2203.67453287
     636   2210.61984675
     637   2217.57608607
     638   2224.54325896
     639   2231.52135724
     640   2238.51038915
     641   2245.51034639
     642   2252.52123733
     643   2259.54305354
     644   2266.57580353
     645   2273.61947873
     646   2280.67408776
     647   2287.73962195
     648   2294.81609004
     649   2301.90348324
     650   2309.00181041
     651   2316.11106262
     652   2323.23124886
     653   2330.36236010
     654   2337.50440544
     655   2344.65737571
     656   2351.82128014
     657   2358.99610946
     658   2366.18187300
     659   2373.37856137
     660   2380.58618404
     661   2387.80473146
     662   2395.03421326
     663   2402.27461976
     664   2409.52596070
     665   2416.78822627
     666   2424.06142637
     667   2431.34555102
     668   2438.64061029
     669   2445.94659404
     670   2453.26351247
     671   2460.59135533
     672   2467.93013294
     673   2475.27983491
     674   2482.64047172
     675   2490.01203281
     676   2497.39452882
     677   2504.78794904
     678   2512.19230426
     679   2519.60758361
     680   2527.03379806
     681   2534.47093656
     682   2541.91901023
     683   2549.37800789
     684   2556.84794080
     685   2564.32879762
     686   2571.82058978
     687   2579.32330577
     688   2586.83695719
     689   2594.36153235
     690   2601.89704304
     691   2609.44347739
     692   2617.00084736
     693   2624.56914090
     694   2632.14837015
     695   2639.73852289
     696   2647.33961144
     697   2654.95162338
     698   2662.57457124
     699   2670.20844239
     700   2677.85324956
     701   2685.50897994
     702   2693.17564642
     703   2700.85323603
     704   2708.54176184
     705   2716.24121068
     706   2723.95159583
     707   2731.67290391
     708   2739.40514840
     709   2747.14831573
     710   2754.90241958
     711   2762.66744615
     712   2770.44340936
     713   2778.23029519
     714   2786.02811777
     715   2793.83686287
     716   2801.65654483
     717   2809.48714919
     718   2817.32869053
     719   2825.18115416
     720   2833.04455490
     721   2840.91887781
     722   2848.80413794
     723   2856.70032013
     724   2864.60743967
     725   2872.52548115
     726   2880.45446010
     727   2888.39436087
     728   2896.34519924
     729   2904.30695930
     730   2912.27965710
     731   2920.26327646
     732   2928.25783368
     733   2936.26331235
     734   2944.27972901
     735   2952.30706698
     736   2960.34534308
     737   2968.39454035
     738   2976.45467591
     739   2984.52573249
     740   2992.60772750
     741   3000.70064339
     742   3008.80449786
     743   3016.91927306
     744   3025.04498699
     745   3033.18162151
     746   3041.32919491
     747   3049.48768875
     748   3057.65712162
     749   3065.83747477
     750   3074.02876711
     751   3082.23097958
     752   3090.44413140
     753   3098.66820319
     754   3106.90321449
     755   3115.14914559
     756   3123.40601639
     757   3131.67380680
     758   3139.95253708
     759   3148.24218681
     760   3156.54277658
     761   3164.85428562
     762   3173.17673488
     763   3181.51010323
     764   3189.85441199
     765   3198.20963964
     766   3206.57580790
     767   3214.95289485
     768   3223.34092260
     769   3231.73986886
     770   3240.14975611
     771   3248.57056165
     772   3257.00230840
     773   3265.44497324
     774   3273.89857948
     775   3282.36310360
     776   3290.83856935
     777   3299.32495274
     778   3307.82227798
     779   3316.33052065
     780   3324.84970538
     781   3333.37980731
     782   3341.92085153
     783   3350.47281271
     784   3359.03571643
     785   3367.60953686
     786   3376.19430005
     787   3384.78997972
     788   3393.39660240
     789   3402.01414129
     790   3410.64262345
     791   3419.28202156
     792   3427.93236319
     793   3436.59362050
     794   3445.26582160
     795   3453.94893809
     796   3462.64299866
     797   3471.34797433
     798   3480.06389435
     799   3488.79072918
     800   3497.52850865
     801   3506.27720263
     802   3515.03684154
     803   3523.80739464
     804   3532.58889298
     805   3541.38130520
     806   3550.18466296
     807   3558.99893428
     808   3567.82415145
     809   3576.66028184
     810   3585.50735841
     811   3594.36534785
     812   3603.23428381
     813   3612.11413228
     814   3621.00492762
     815   3629.90663510
     816   3638.81928980
     817   3647.74285626
     818   3656.67737031
     819   3665.62279573
     820   3674.57916911
     821   3683.54645346
     822   3692.52468616
     823   3701.51382941
     824   3710.51392141
     825   3719.52492353
     826   3728.54687481
     827   3737.57973577
     828   3746.62354632
     829   3755.67826608
     830   3764.74393587
     831   3773.82051440
     832   3782.90804341
     833   3792.00648067
     834   3801.11586888
     835   3810.23616484
     836   3819.36741222
     837   3828.50956684
     838   3837.66267337
     839   3846.82668659
     840   3856.00165225
     841   3865.18752404
     842   3874.38434879
     843   3883.59207910
     844   3892.81076291
     845   3902.04035169
     846   3911.28089454
     847   3920.53234174
     848   3929.79474359
     849   3939.06804915
     850   3948.35230997
     851   3957.64747384
     852   3966.95359359
     853   3976.27061572
     854   3985.59859436
     855   3994.93747467
     856   4004.28731216
     857   4013.64805060
     858   4023.01974691
     859   4032.40234340
     860   4041.79589848
     861   4051.20035296
     862   4060.61576676
     863   4070.04207914
     864   4079.47935163
     865   4088.92752184
     866   4098.38665295
     867   4107.85668092
     868   4117.33767061
     869   4126.82955624
     870   4136.33240445
     871   4145.84614765
     872   4155.37085433
     873   4164.90645501
     874   4174.45302010
     875   4184.01047816
     876   4193.57890160
     877   4203.15821693
     878   4212.74849866
     879   4222.34967116
     880   4231.96181110
     881   4241.58484065
     882   4251.21883875
     883   4260.86372523
     884   4270.51958140
     885   4280.18632470
     886   4289.86403886
     887   4299.55263883
     888   4309.25221092
     889   4318.96266743
     890   4328.68409735
     891   4338.41641026
     892   4348.15969794
     893   4357.91386709
     894   4367.67901242
     895   4377.45503765
     896   4387.24204056
     897   4397.03992170
     898   4406.84878208
     899   4416.66851896
     900   4426.49923670
     901   4436.34082914
     902   4446.19340414
     903   4456.05685193
     904   4465.93128409
     905   4475.81658703
     906   4485.71287622
     907   4495.62003409
     908   4505.53818021
     909   4515.46719278
     910   4525.40719569
     911   4535.35806272
     912   4545.31992229
     913   4555.29264353
     914   4565.27635963
     915   4575.27093481
     916   4585.27650729
     917   4595.29293612
     918   4605.32036485
     919   4615.35864702
     920   4625.40793184
     921   4635.46806705
     922   4645.53920779
     923   4655.62119570
     924   4665.71419221
     925   4675.81803245
     926   4685.93288455
     927   4696.05857674
     928   4706.19528427
     929   4716.34282801
     930   4726.50139077
     931   4736.67078563
     932   4746.85120343
     933   4757.04244895
     934   4767.24472159
     935   4777.45781729
     936   4787.68194457
     937   4797.91688992
     938   4808.16287163
     939   4818.41966607
     940   4828.68750200
     941   4838.96614493
     942   4849.25583484
     943   4859.55632563
     944   4869.86786929
     945   4880.19020726
     946   4890.52360443
     947   4900.86778882
     948   4911.22303927
     949   4921.58906930
     950   4931.96617276
     951   4942.35404756
     952   4952.75300381
     953   4963.16272245
     954   4973.58353120
     955   4984.01509268
     956   4994.45775370
     957   5004.91115691
     958   5015.37566991
     959   5025.85091369
     960   5036.33727845
     961   5046.83436146
     962   5057.34257768
     963   5067.86149855
     964   5078.39156604
     965   5088.93232317
     966   5099.48424159
     967   5110.04683337
     968   5120.62060259
     969   5131.20502705
     970   5141.80064669
     971   5152.40690197
     972   5163.02437194
     973   5173.65245562
     974   5184.29177545
     975   5194.94168542
     976   5205.60285505
     977   5216.27458839
     978   5226.95760704
     979   5237.65116151
     980   5248.35602906
     981   5259.07140125
     982   5269.79811618
     983   5280.53530413
     984   5291.28386586
     985   5302.04286601
     986   5312.81327119
     987   5323.59408298
     988   5334.38632948
     989   5345.18895030
     990   5356.00303047
     991   5366.82746389
     992   5377.66337127
     993   5388.50961869
     994   5399.36733589
     995   5410.23541106
     996   5421.11492090
     997   5432.00483641
     998   5442.90610075
     999   5453.81789226
    1000   5464.74087062
    1001   5475.67457567
    1002   5486.61919167
    1003   5497.57488346
    1004   5508.54105707
    1005   5519.51881150
    1006   5530.50642422
    1007   5541.50633414
    1008   5552.51529379
    1009   5563.53741083
    1010   5574.56771861
    1011   5585.61185756
    1012   5596.66378702
    1013   5607.72936930
    1014   5618.80426138
    1015   5629.88883427
    1016   5640.98979300
    1017   5652.08833468
    1018   5663.22571245
    1019   5674.32099252
    1020   5685.51580563
    1021   5696.57376983
    1022   5707.90986446
    1023   5718.76877495
    1024   5730.46752880
 ---------------------------------------
 
SCF converged! Final Ground-State Energy (Eh):              -1.2916080912189032
