 
     Two-Electron DVR    
 ------------------------
 x0     =      15.00000000
 m      =       1.00000000
 Z      =       2.00000000
 n      =               32
 dx     =       0.96774194
 
Soft-Coulomb Parameters:
 alpha  =       0.10000000
 beta   =       0.10000000
 
 
                       Hartree-Fock                      
 --------------------------------------------------------
 no. of orbitals        =               32
 no. of electrons       =                2
 scf_damping_switch     =        F
 scf_diis_switch        =        F
 damping_factor         =   0.00000000
 e_tolerance            = 0.0000000000100000
 maximum scf-iterations =              200
 
 
                       SCF iterations                      
 ----------------------------------------------------------
    S.No    Energy (hartree)        dE (hartree)
 ----------------------------------------------------------
       0     -5.941443825390
       1     -4.023795253610      1.917648571780
       2     -4.098089811633      0.074294558023
       3     -4.099325230478      0.001235418845
       4     -4.099347006834      0.000021776356
       5     -4.099347676638      0.000000669805
       6     -4.099347701991      0.000000025353
       7     -4.099347703005      0.000000001014
       8     -4.099347703047      0.000000000041
       9     -4.099347703049      0.000000000002
 ----------------------------------------------------------
  
 
 
 ---------------------------------------
     Molecular Orbital Energies (Eh)    
 ---------------------------------------
       1     -1.17854726
       2      0.02529948
       3      0.02692532
       4      0.09101171
       5      0.09997377
       6      0.19037383
       7      0.21676367
       8      0.32072854
       9      0.37610198
      10      0.48564721
      11      0.57707797
      12      0.69069668
      13      0.81899561
      14      0.93743858
      15      1.10136703
      16      1.22619364
      17      1.42382334
      18      1.55586508
      19      1.78601805
      20      1.92708247
      21      2.18744832
      22      2.33921957
      23      2.62708586
      24      2.79397657
      25      3.10325453
      26      3.29083970
      27      3.61307333
      28      3.83157738
      29      4.15484287
      30      4.41405840
      31      4.72908423
      32      5.03722601
 ---------------------------------------
 
SCF converged! Final Ground-State Energy (Eh):              -4.0993477030485526
