 
     Two-Electron DVR    
 ------------------------
 x0     =      15.00000000
 m      =       1.00000000
 Z      =       1.00000000
 n      =             2048
 dx     =       0.01465559
 
Soft-Coulomb Parameters:
 alpha  =       1.00000000
 beta   =       1.00000000
 
 
                       Hartree-Fock                      
 --------------------------------------------------------
 no. of orbitals        =             2048
 no. of electrons       =                2
 scf_damping_switch     =        F
 scf_diis_switch        =        F
 damping_factor         =   0.00000000
 e_tolerance            = 0.0000000000100000
 maximum scf-iterations =              200
 
 
                       SCF iterations                      
 ----------------------------------------------------------
    S.No    Energy (hartree)        dE (hartree)
 ----------------------------------------------------------
       0     -1.339554276426
       1     -0.648577718643      0.690976557783
       2     -0.687157278765      0.038579560122
       3     -0.691515624688      0.004358345923
       4     -0.691958961932      0.000443337244
       5     -0.692012848487      0.000053886556
       6     -0.692021432971      0.000008584484
       7     -0.692023089465      0.000001656494
       8     -0.692023443006      0.000000353541
       9     -0.692023522284      0.000000079279
      10     -0.692023540504      0.000000018220
      11     -0.692023544745      0.000000004241
      12     -0.692023545739      0.000000000994
      13     -0.692023545971      0.000000000232
      14     -0.692023546027      0.000000000056
      15     -0.692023546038      0.000000000011
      16     -0.692023546041      0.000000000003
 ----------------------------------------------------------
  
 
 
 ---------------------------------------
     Molecular Orbital Energies (Eh)    
 ---------------------------------------
       1     -0.05385660
       2      0.15194777
       3      0.15349088
       4      0.26654022
       5      0.27672398
       6      0.40127549
       7      0.43413648
       8      0.56020247
       9      0.62769210
      10      0.75759985
      11      0.85922922
      12      1.00003084
      13      1.13050706
      14      1.28714314
      15      1.44288597
      16      1.61803674
      17      1.79728120
      18      1.99235798
      19      2.19427759
      20      2.41004981
      21      2.63424916
      22      2.87115855
      23      3.11744091
      24      3.37575326
      25      3.64401760
      26      3.92389887
      27      4.21409261
      28      4.51564920
      29      4.82774533
      30      5.15104684
      31      5.48503215
      32      5.83012487
      33      6.18599363
      34      6.55290875
      35      6.93065924
      36      7.31941804
      37      7.71905058
      38      8.12966776
      39      8.55118362
      40      8.98366943
      41      9.42707024
      42      9.88143193
      43     10.34671933
      44     10.82296207
      45     11.31013760
      46     11.80826509
      47     12.31733010
      48     12.83734503
      49     13.36830065
      50     13.91020500
      51     14.46305217
      52     15.02684739
      53     15.60158687
      54     16.18727403
      55     16.78390645
      56     17.39148634
      57     18.01001217
      58     18.63948540
      59     19.27990503
      60     19.93127203
      61     20.59358576
      62     21.26684686
      63     21.95105492
      64     22.64621036
      65     23.35231293
      66     24.06936291
      67     24.79736012
      68     25.53630475
      69     26.28619671
      70     27.04703610
      71     27.81882287
      72     28.60155710
      73     29.39523874
      74     30.19986785
      75     31.01544440
      76     31.84196843
      77     32.67943991
      78     33.52785888
      79     34.38722531
      80     35.25753923
      81     36.13880063
      82     37.03100951
      83     37.93416587
      84     38.84826972
      85     39.77332105
      86     40.70931986
      87     41.65626615
      88     42.61415992
      89     43.58300117
      90     44.56278990
      91     45.55352610
      92     46.55520979
      93     47.56784094
      94     48.59141956
      95     49.62594565
      96     50.67141922
      97     51.72784024
      98     52.79520873
      99     53.87352468
     100     54.96278810
     101     56.06299897
     102     57.17415730
     103     58.29626308
     104     59.42931632
     105     60.57331701
     106     61.72826515
     107     62.89416073
     108     64.07100377
     109     65.25879425
     110     66.45753218
     111     67.66721754
     112     68.88785036
     113     70.11943060
     114     71.36195830
     115     72.61543342
     116     73.87985599
     117     75.15522598
     118     76.44154342
     119     77.73880828
     120     79.04702058
     121     80.36618030
     122     81.69628747
     123     83.03734205
     124     84.38934407
     125     85.75229351
     126     87.12619039
     127     88.51103468
     128     89.90682640
     129     91.31356555
     130     92.73125212
     131     94.15988611
     132     95.59946753
     133     97.04999636
     134     98.51147262
     135     99.98389630
     136    101.46726740
     137    102.96158591
     138    104.46685186
     139    105.98306521
     140    107.51022598
     141    109.04833417
     142    110.59738978
     143    112.15739280
     144    113.72834325
     145    115.31024110
     146    116.90308638
     147    118.50687906
     148    120.12161917
     149    121.74730668
     150    123.38394161
     151    125.03152395
     152    126.69005372
     153    128.35953088
     154    130.03995547
     155    131.73132746
     156    133.43364688
     157    135.14691369
     158    136.87112793
     159    138.60628957
     160    140.35239864
     161    142.10945510
     162    143.87745899
     163    145.65641027
     164    147.44630898
     165    149.24715509
     166    151.05894862
     167    152.88168955
     168    154.71537790
     169    156.56001365
     170    158.41559682
     171    160.28212739
     172    162.15960538
     173    164.04803077
     174    165.94740359
     175    167.85772379
     176    169.77899142
     177    171.71120645
     178    173.65436890
     179    175.60847875
     180    177.57353602
     181    179.54954068
     182    181.53649277
     183    183.53439225
     184    185.54323916
     185    187.56303346
     186    189.59377518
     187    191.63546430
     188    193.68810084
     189    195.75168478
     190    197.82621614
     191    199.91169489
     192    202.00812107
     193    204.11549464
     194    206.23381564
     195    208.36308403
     196    210.50329985
     197    212.65446305
     198    214.81657369
     199    216.98963171
     200    219.17363716
     201    221.36859000
     202    223.57449027
     203    225.79133793
     204    228.01913302
     205    230.25787550
     206    232.50756540
     207    234.76820270
     208    237.03978742
     209    239.32231954
     210    241.61579908
     211    243.92022601
     212    246.23560037
     213    248.56192212
     214    250.89919131
     215    253.24740787
     216    255.60657188
     217    257.97668326
     218    260.35774209
     219    262.74974829
     220    265.15270193
     221    267.56660296
     222    269.99145142
     223    272.42724726
     224    274.87399055
     225    277.33168121
     226    279.80031931
     227    282.27990480
     228    284.77043772
     229    287.27191803
     230    289.78434577
     231    292.30772090
     232    294.84204346
     233    297.38731341
     234    299.94353080
     235    302.51069557
     236    305.08880778
     237    307.67786737
     238    310.27787440
     239    312.88882881
     240    315.51073067
     241    318.14357990
     242    320.78737658
     243    323.44212064
     244    326.10781214
     245    328.78445102
     246    331.47203735
     247    334.17057106
     248    336.88005221
     249    339.60048074
     250    342.33185671
     251    345.07418007
     252    347.82745087
     253    350.59166905
     254    353.36683467
     255    356.15294768
     256    358.95000813
     257    361.75801596
     258    364.57697124
     259    367.40687390
     260    370.24772401
     261    373.09952149
     262    375.96226642
     263    378.83595873
     264    381.72059850
     265    384.61618564
     266    387.52272023
     267    390.44020219
     268    393.36863161
     269    396.30800841
     270    399.25833266
     271    402.21960429
     272    405.19182337
     273    408.17498982
     274    411.16910373
     275    414.17416502
     276    417.19017376
     277    420.21712987
     278    423.25503345
     279    426.30388440
     280    429.36368280
     281    432.43442858
     282    435.51612182
     283    438.60876243
     284    441.71235050
     285    444.82688595
     286    447.95236885
     287    451.08879913
     288    454.23617687
     289    457.39450198
     290    460.56377456
     291    463.74399451
     292    466.93516192
     293    470.13727670
     294    473.35033895
     295    476.57434856
     296    479.80930565
     297    483.05521010
     298    486.31206202
     299    489.57986132
     300    492.85860807
     301    496.14830220
     302    499.44894380
     303    502.76053277
     304    506.08306921
     305    509.41655301
     306    512.76098429
     307    516.11636294
     308    519.48268905
     309    522.85996254
     310    526.24818350
     311    529.64735183
     312    533.05746763
     313    536.47853079
     314    539.91054144
     315    543.35349945
     316    546.80740493
     317    550.27225779
     318    553.74805812
     319    557.23480581
     320    560.73250099
     321    564.24114353
     322    567.76073355
     323    571.29127093
     324    574.83275580
     325    578.38518803
     326    581.94856774
     327    585.52289482
     328    589.10816937
     329    592.70439130
     330    596.31156070
     331    599.92967748
     332    603.55874173
     333    607.19875335
     334    610.84971245
     335    614.51161892
     336    618.18447288
     337    621.86827419
     338    625.56302300
     339    629.26871917
     340    632.98536282
     341    636.71295384
     342    640.45149235
     343    644.20097822
     344    647.96141158
     345    651.73279230
     346    655.51512052
     347    659.30839609
     348    663.11261916
     349    666.92778959
     350    670.75390751
     351    674.59097280
     352    678.43898558
     353    682.29794572
     354    686.16785335
     355    690.04870835
     356    693.94051084
     357    697.84326070
     358    701.75695805
     359    705.68160276
     360    709.61719497
     361    713.56373454
     362    717.52122161
     363    721.48965604
     364    725.46903797
     365    729.45936726
     366    733.46064405
     367    737.47286820
     368    741.49603985
     369    745.53015886
     370    749.57522538
     371    753.63123925
     372    757.69820063
     373    761.77610937
     374    765.86496561
     375    769.96476921
     376    774.07552032
     377    778.19721879
     378    782.32986476
     379    786.47345809
     380    790.62799893
     381    794.79348713
     382    798.96992284
     383    803.15730591
     384    807.35563648
     385    811.56491442
     386    815.78513986
     387    820.01631267
     388    824.25843298
     389    828.51150065
     390    832.77551584
     391    837.05047839
     392    841.33638845
     393    845.63324586
     394    849.94105079
     395    854.25980308
     396    858.58950289
     397    862.93015004
     398    867.28174473
     399    871.64428676
     400    876.01777632
     401    880.40221322
     402    884.79759766
     403    889.20392944
     404    893.62120875
     405    898.04943541
     406    902.48860960
     407    906.93873114
     408    911.39980020
     409    915.87181662
     410    920.35478057
     411    924.84869186
     412    929.35355069
     413    933.86935686
     414    938.39611057
     415    942.93381163
     416    947.48246022
     417    952.04205616
     418    956.61259964
     419    961.19409046
     420    965.78652882
     421    970.38991452
     422    975.00424777
     423    979.62952836
     424    984.26575649
     425    988.91293196
     426    993.57105498
     427    998.24012534
     428   1002.92014325
     429   1007.61110850
     430   1012.31302130
     431   1017.02588143
     432   1021.74968912
     433   1026.48444415
     434   1031.23014672
     435   1035.98679664
     436   1040.75439411
     437   1045.53293892
     438   1050.32243128
     439   1055.12287098
     440   1059.93425824
     441   1064.75659283
     442   1069.58987498
     443   1074.43410447
     444   1079.28928152
     445   1084.15540590
     446   1089.03247784
     447   1093.92049712
     448   1098.81946396
     449   1103.72937814
     450   1108.65023988
     451   1113.58204896
     452   1118.52480560
     453   1123.47850957
     454   1128.44316111
     455   1133.41875998
     456   1138.40530643
     457   1143.40280020
     458   1148.41124155
     459   1153.43063022
     460   1158.46096647
     461   1163.50225005
     462   1168.55448121
     463   1173.61765969
     464   1178.69178575
     465   1183.77685914
     466   1188.87288011
     467   1193.97984840
     468   1199.09776428
     469   1204.22662748
     470   1209.36643826
     471   1214.51719637
     472   1219.67890207
     473   1224.85155509
     474   1230.03515569
     475   1235.22970362
     476   1240.43519914
     477   1245.65164198
     478   1250.87903241
     479   1256.11737017
     480   1261.36665551
     481   1266.62688818
     482   1271.89806844
     483   1277.18019602
     484   1282.47327120
     485   1287.77729370
     486   1293.09226379
     487   1298.41818121
     488   1303.75504622
     489   1309.10285855
     490   1314.46161848
     491   1319.83132573
     492   1325.21198059
     493   1330.60358276
     494   1336.00613253
     495   1341.41962963
     496   1346.84407432
     497   1352.27946634
     498   1357.72580596
     499   1363.18309290
     500   1368.65132744
     501   1374.13050931
     502   1379.62063878
     503   1385.12171557
     504   1390.63373997
     505   1396.15671168
     506   1401.69063101
     507   1407.23549766
     508   1412.79131191
     509   1418.35807349
     510   1423.93578267
     511   1429.52443918
     512   1435.12404330
     513   1440.73459473
     514   1446.35609378
     515   1451.98854015
     516   1457.63193414
     517   1463.28627544
     518   1468.95156436
     519   1474.62780059
     520   1480.31498445
     521   1486.01311562
     522   1491.72219442
     523   1497.44222053
     524   1503.17319426
     525   1508.91511531
     526   1514.66798398
     527   1520.43179997
     528   1526.20656358
     529   1531.99227451
     530   1537.78893307
     531   1543.59653894
     532   1549.41509244
     533   1555.24459325
     534   1561.08504170
     535   1566.93643745
     536   1572.79878084
     537   1578.67207154
     538   1584.55630988
     539   1590.45149553
     540   1596.35762882
     541   1602.27470941
     542   1608.20273765
     543   1614.14171319
     544   1620.09163638
     545   1626.05250687
     546   1632.02432501
     547   1638.00709046
     548   1644.00080355
     549   1650.00546395
     550   1656.02107200
     551   1662.04762734
     552   1668.08513035
     553   1674.13358065
     554   1680.19297862
     555   1686.26332388
     556   1692.34461680
     557   1698.43685701
     558   1704.54004489
     559   1710.65418007
     560   1716.77926291
     561   1722.91529305
     562   1729.06227085
     563   1735.22019595
     564   1741.38906871
     565   1747.56888877
     566   1753.75965650
     567   1759.96137153
     568   1766.17403422
     569   1772.39764421
     570   1778.63220188
     571   1784.87770683
     572   1791.13415946
     573   1797.40155938
     574   1803.67990699
     575   1809.96920188
     576   1816.26944445
     577   1822.58063431
     578   1828.90277186
     579   1835.23585669
     580   1841.57988921
     581   1847.93486901
     582   1854.30079651
     583   1860.67767128
     584   1867.06549375
     585   1873.46426351
     586   1879.87398096
     587   1886.29464569
     588   1892.72625811
     589   1899.16881782
     590   1905.62232523
     591   1912.08677992
     592   1918.56218231
     593   1925.04853197
     594   1931.54582934
     595   1938.05407400
     596   1944.57326635
     597   1951.10340598
     598   1957.64449333
     599   1964.19652794
     600   1970.75951027
     601   1977.33343988
     602   1983.91831719
     603   1990.51414178
     604   1997.12091409
     605   2003.73863367
     606   2010.36730097
     607   2017.00691554
     608   2023.65747783
     609   2030.31898739
     610   2036.99144467
     611   2043.67484923
     612   2050.36920150
     613   2057.07450105
     614   2063.79074833
     615   2070.51794287
     616   2077.25608514
     617   2084.00517468
     618   2090.76521196
     619   2097.53619650
     620   2104.31812877
     621   2111.11100831
     622   2117.91483558
     623   2124.72961012
     624   2131.55533240
     625   2138.39200194
     626   2145.23961923
     627   2152.09818377
     628   2158.96769607
     629   2165.84815562
     630   2172.73956292
     631   2179.64191747
     632   2186.55521978
     633   2193.47946935
     634   2200.41466667
     635   2207.36081124
     636   2214.31790357
     637   2221.28594316
     638   2228.26493050
     639   2235.25486510
     640   2242.25574746
     641   2249.26757707
     642   2256.29035445
     643   2263.32407908
     644   2270.36875147
     645   2277.42437112
     646   2284.49093853
     647   2291.56845320
     648   2298.65691563
     649   2305.75632531
     650   2312.86668277
     651   2319.98798747
     652   2327.12023996
     653   2334.26343968
     654   2341.41758719
     655   2348.58268194
     656   2355.75872447
     657   2362.94571425
     658   2370.14365181
     659   2377.35253662
     660   2384.57236921
     661   2391.80314904
     662   2399.04487666
     663   2406.29755153
     664   2413.56117418
     665   2420.83574408
     666   2428.12126177
     667   2435.41772669
     668   2442.72513942
     669   2450.04349938
     670   2457.37280714
     671   2464.71306214
     672   2472.06426495
     673   2479.42641498
     674   2486.79951282
     675   2494.18355790
     676   2501.57855078
     677   2508.98449090
     678   2516.40137883
     679   2523.82921399
     680   2531.26799696
     681   2538.71772716
     682   2546.17840518
     683   2553.65003043
     684   2561.13260350
     685   2568.62612380
     686   2576.13059191
     687   2583.64600726
     688   2591.17237043
     689   2598.70968082
     690   2606.25793904
     691   2613.81714449
     692   2621.38729777
     693   2628.96839826
     694   2636.56044660
     695   2644.16344215
     696   2651.77738554
     697   2659.40227615
     698   2667.03811460
     699   2674.68490027
     700   2682.34263378
     701   2690.01131451
     702   2697.69094308
     703   2705.38151887
     704   2713.08304251
     705   2720.79551336
     706   2728.51893206
     707   2736.25329798
     708   2743.99861175
     709   2751.75487273
     710   2759.52208157
     711   2767.30023762
     712   2775.08934153
     713   2782.88939265
     714   2790.70039163
     715   2798.52233782
     716   2806.35523188
     717   2814.19907314
     718   2822.05386227
     719   2829.91959860
     720   2837.79628281
     721   2845.68391422
     722   2853.58249351
     723   2861.49202000
     724   2869.41249437
     725   2877.34391594
     726   2885.28628539
     727   2893.23960204
     728   2901.20386657
     729   2909.17907830
     730   2917.16523792
     731   2925.16234474
     732   2933.17039945
     733   2941.18940134
     734   2949.21935114
     735   2957.26024813
     736   2965.31209302
     737   2973.37488509
     738   2981.44862507
     739   2989.53331224
     740   2997.62894731
     741   3005.73552957
     742   3013.85305974
     743   3021.98153710
     744   3030.12096236
     745   3038.27133481
     746   3046.43265518
     747   3054.60492272
     748   3062.78813819
     749   3070.98230084
     750   3079.18741141
     751   3087.40346915
     752   3095.63047483
     753   3103.86842768
     754   3112.11732846
     755   3120.37717641
     756   3128.64797230
     757   3136.92971536
     758   3145.22240635
     759   3153.52604452
     760   3161.84063063
     761   3170.16616391
     762   3178.50264513
     763   3186.85007352
     764   3195.20844985
     765   3203.57777335
     766   3211.95804481
     767   3220.34926342
     768   3228.75142999
     769   3237.16454372
     770   3245.58860542
     771   3254.02361427
     772   3262.46957108
     773   3270.92647505
     774   3279.39432699
     775   3287.87312608
     776   3296.36287314
     777   3304.86356736
     778   3313.37520955
     779   3321.89779889
     780   3330.43133621
     781   3338.97582068
     782   3347.53125313
     783   3356.09763272
     784   3364.67496031
     785   3373.26323503
     786   3381.86245775
     787   3390.47262761
     788   3399.09374546
     789   3407.72581046
     790   3416.36882345
     791   3425.02278358
     792   3433.68769171
     793   3442.36354698
     794   3451.05035025
     795   3459.74810066
     796   3468.45679908
     797   3477.17644463
     798   3485.90703819
     799   3494.64857888
     800   3503.40106759
     801   3512.16450343
     802   3520.93888729
     803   3529.72421828
     804   3538.52049729
     805   3547.32772342
     806   3556.14589759
     807   3564.97501887
     808   3573.81508819
     809   3582.66610463
     810   3591.52806910
     811   3600.40098069
     812   3609.28484033
     813   3618.17964707
     814   3627.08540187
     815   3636.00210378
     816   3644.92975373
     817   3653.86835080
     818   3662.81789592
     819   3671.77838815
     820   3680.74982843
     821   3689.73221583
     822   3698.72555128
     823   3707.72983384
     824   3716.74506446
     825   3725.77124219
     826   3734.80836798
     827   3743.85644088
     828   3752.91546185
     829   3761.98542992
     830   3771.06634606
     831   3780.15820930
     832   3789.26102063
     833   3798.37477904
     834   3807.49948554
     835   3816.63513914
     836   3825.78174082
     837   3834.93928959
     838   3844.10778646
     839   3853.28723041
     840   3862.47762246
     841   3871.67896160
     842   3880.89124884
     843   3890.11448316
     844   3899.34866559
     845   3908.59379510
     846   3917.84987272
     847   3927.11689742
     848   3936.39487023
     849   3945.68379012
     850   3954.98365812
     851   3964.29447320
     852   3973.61623641
     853   3982.94894668
     854   3992.29260509
     855   4001.64721056
     856   4011.01276417
     857   4020.38926484
     858   4029.77671364
     859   4039.17510951
     860   4048.58445353
     861   4058.00474460
     862   4067.43598382
     863   4076.87817010
     864   4086.33130453
     865   4095.79538601
     866   4105.27041565
     867   4114.75639235
     868   4124.25331720
     869   4133.76118910
     870   4143.28000917
     871   4152.80977629
     872   4162.35049158
     873   4171.90215391
     874   4181.46476441
     875   4191.03832196
     876   4200.62282768
     877   4210.21828045
     878   4219.82468140
     879   4229.44202938
     880   4239.07032556
     881   4248.70956877
     882   4258.35976017
     883   4268.02089860
     884   4277.69298523
     885   4287.37601889
     886   4297.07000076
     887   4306.77492965
     888   4316.49080674
     889   4326.21763086
     890   4335.95540319
     891   4345.70412255
     892   4355.46379012
     893   4365.23440470
     894   4375.01596751
     895   4384.80847734
     896   4394.61193539
     897   4404.42634045
     898   4414.25169374
     899   4424.08799405
     900   4433.93524259
     901   4443.79343814
     902   4453.66258193
     903   4463.54267272
     904   4473.43371176
     905   4483.33569780
     906   4493.24863209
     907   4503.17251338
     908   4513.10734292
     909   4523.05311946
     910   4533.00984426
     911   4542.97751606
     912   4552.95613612
     913   4562.94570317
     914   4572.94621849
     915   4582.95768080
     916   4592.98009138
     917   4603.01344895
     918   4613.05775480
     919   4623.11300763
     920   4633.17920874
     921   4643.25635684
     922   4653.34445322
     923   4663.44349658
     924   4673.55348824
     925   4683.67442687
     926   4693.80631380
     927   4703.94914770
     928   4714.10292990
     929   4724.26765907
     930   4734.44333656
     931   4744.62996100
     932   4754.82753377
     933   4765.03605349
     934   4775.25552154
     935   4785.48593654
     936   4795.72729987
     937   4805.97961015
     938   4816.24286877
     939   4826.51707433
     940   4836.80222824
     941   4847.09832909
     942   4857.40537829
     943   4867.72337443
     944   4878.05231892
     945   4888.39221035
     946   4898.74305014
     947   4909.10483686
     948   4919.47757194
     949   4929.86125395
     950   4940.25588434
     951   4950.66146165
     952   4961.07798734
     953   4971.50545994
     954   4981.94388093
     955   4992.39324884
     956   5002.85356514
     957   5013.32482835
     958   5023.80703996
     959   5034.30019848
     960   5044.80430539
     961   5055.31935922
     962   5065.84536145
     963   5076.38231058
     964   5086.93020813
     965   5097.48905258
     966   5108.05884544
     967   5118.63958520
     968   5129.23127338
     969   5139.83390846
     970   5150.44749196
     971   5161.07202236
     972   5171.70750119
     973   5182.35392690
     974   5193.01130106
     975   5203.67962210
     976   5214.35889158
     977   5225.04910795
     978   5235.75027276
     979   5246.46238445
     980   5257.18544460
     981   5267.91945162
     982   5278.66440711
     983   5289.42030946
     984   5300.18716028
     985   5310.96495797
     986   5321.75370413
     987   5332.55339716
     988   5343.36403866
     989   5354.18562702
     990   5365.01816388
     991   5375.86164758
     992   5386.71607978
     993   5397.58145882
     994   5408.45778637
     995   5419.34506076
     996   5430.24328366
     997   5441.15245340
     998   5452.07257165
     999   5463.00363674
    1000   5473.94565035
    1001   5484.89861079
    1002   5495.86251976
    1003   5506.83737556
    1004   5517.82317989
    1005   5528.81993104
    1006   5539.82763074
    1007   5550.84627725
    1008   5561.87587231
    1009   5572.91641418
    1010   5583.96790461
    1011   5595.03034184
    1012   5606.10372764
    1013   5617.18806025
    1014   5628.28334142
    1015   5639.38956939
    1016   5650.50674593
    1017   5661.63486928
    1018   5672.77394120
    1019   5683.92395992
    1020   5695.08492722
    1021   5706.25684131
    1022   5717.43970400
    1023   5728.63351346
    1024   5739.83827153
    1025   5751.05397638
    1026   5762.28062984
    1027   5773.51823007
    1028   5784.76677892
    1029   5796.02627453
    1030   5807.29671877
    1031   5818.57810977
    1032   5829.87044941
    1033   5841.17373580
    1034   5852.48797083
    1035   5863.81315261
    1036   5875.14928304
    1037   5886.49636022
    1038   5897.85438605
    1039   5909.22335862
    1040   5920.60327985
    1041   5931.99414783
    1042   5943.39596447
    1043   5954.80872784
    1044   5966.23243989
    1045   5977.66709867
    1046   5989.11270613
    1047   6000.56926031
    1048   6012.03676318
    1049   6023.51521277
    1050   6035.00461106
    1051   6046.50495606
    1052   6058.01624977
    1053   6069.53849018
    1054   6081.07167931
    1055   6092.61581514
    1056   6104.17089969
    1057   6115.73693094
    1058   6127.31391092
    1059   6138.90183759
    1060   6150.50071299
    1061   6162.11053508
    1062   6173.73130591
    1063   6185.36302343
    1064   6197.00568970
    1065   6208.65930264
    1066   6220.32386434
    1067   6231.99937272
    1068   6243.68582986
    1069   6255.38323366
    1070   6267.09158624
    1071   6278.81088548
    1072   6290.54113350
    1073   6302.28232818
    1074   6314.03447165
    1075   6325.79756177
    1076   6337.57160068
    1077   6349.35658624
    1078   6361.15252061
    1079   6372.95940161
    1080   6384.77723143
    1081   6396.60600788
    1082   6408.44573315
    1083   6420.29640505
    1084   6432.15802578
    1085   6444.03059313
    1086   6455.91410932
    1087   6467.80857212
    1088   6479.71398377
    1089   6491.63034204
    1090   6503.55764915
    1091   6515.49590287
    1092   6527.44510546
    1093   6539.40525464
    1094   6551.37635269
    1095   6563.35839734
    1096   6575.35139086
    1097   6587.35533098
    1098   6599.37021998
    1099   6611.39605556
    1100   6623.43284004
    1101   6635.48057109
    1102   6647.53925105
    1103   6659.60887757
    1104   6671.68945301
    1105   6683.78097501
    1106   6695.88344594
    1107   6707.99686342
    1108   6720.12122983
    1109   6732.25654279
    1110   6744.40280470
    1111   6756.56001314
    1112   6768.72817053
    1113   6780.90727447
    1114   6793.09732736
    1115   6805.29832677
    1116   6817.51027516
    1117   6829.73317007
    1118   6841.96701396
    1119   6854.21180436
    1120   6866.46754375
    1121   6878.73422965
    1122   6891.01186454
    1123   6903.30044594
    1124   6915.59997634
    1125   6927.91045324
    1126   6940.23187916
    1127   6952.56425156
    1128   6964.90757298
    1129   6977.26184089
    1130   6989.62705783
    1131   7002.00322124
    1132   7014.39033370
    1133   7026.78839263
    1134   7039.19740061
    1135   7051.61735505
    1136   7064.04825855
    1137   7076.49010850
    1138   7088.94290753
    1139   7101.40665300
    1140   7113.88134756
    1141   7126.36698855
    1142   7138.86357863
    1143   7151.37111515
    1144   7163.88960077
    1145   7176.41903281
    1146   7188.95941397
    1147   7201.51074154
    1148   7214.07301823
    1149   7226.64624133
    1150   7239.23041356
    1151   7251.82553220
    1152   7264.43159997
    1153   7277.04861414
    1154   7289.67657747
    1155   7302.31548717
    1156   7314.96534604
    1157   7327.62615129
    1158   7340.29790571
    1159   7352.98060651
    1160   7365.67425648
    1161   7378.37885282
    1162   7391.09439835
    1163   7403.82089024
    1164   7416.55833133
    1165   7429.30671876
    1166   7442.06605541
    1167   7454.83633841
    1168   7467.61757062
    1169   7480.40974917
    1170   7493.21287695
    1171   7506.02695105
    1172   7518.85197440
    1173   7531.68794407
    1174   7544.53486299
    1175   7557.39272822
    1176   7570.26154271
    1177   7583.14130351
    1178   7596.03201358
    1179   7608.93366994
    1180   7621.84627559
    1181   7634.76982753
    1182   7647.70432876
    1183   7660.64977627
    1184   7673.60617309
    1185   7686.57351617
    1186   7699.55180858
    1187   7712.54104724
    1188   7725.54123523
    1189   7738.55236947
    1190   7751.57445306
    1191   7764.60748289
    1192   7777.65146207
    1193   7790.70638748
    1194   7803.77226226
    1195   7816.84908326
    1196   7829.93685364
    1197   7843.03557023
    1198   7856.14523621
    1199   7869.26584840
    1200   7882.39740999
    1201   7895.53991777
    1202   7908.69337496
    1203   7921.85777834
    1204   7935.03313115
    1205   7948.21943013
    1206   7961.41667855
    1207   7974.62487313
    1208   7987.84401716
    1209   8001.07410735
    1210   8014.31514701
    1211   8027.56713281
    1212   8040.83006808
    1213   8054.10394949
    1214   8067.38878038
    1215   8080.68455741
    1216   8093.99128393
    1217   8107.30895657
    1218   8120.63757872
    1219   8133.97714698
    1220   8147.32766476
    1221   8160.68912864
    1222   8174.06154206
    1223   8187.44490156
    1224   8200.83921061
    1225   8214.24446574
    1226   8227.66067043
    1227   8241.08782119
    1228   8254.52592152
    1229   8267.97496791
    1230   8281.43496389
    1231   8294.90590591
    1232   8308.38779753
    1233   8321.88063519
    1234   8335.38442246
    1235   8348.89915576
    1236   8362.42483868
    1237   8375.96146762
    1238   8389.50904620
    1239   8403.06757078
    1240   8416.63704502
    1241   8430.21746525
    1242   8443.80883514
    1243   8457.41115102
    1244   8471.02441658
    1245   8484.64862810
    1246   8498.28378933
    1247   8511.92989651
    1248   8525.58695340
    1249   8539.25495623
    1250   8552.93390879
    1251   8566.62380729
    1252   8580.32465552
    1253   8594.03644968
    1254   8607.75919358
    1255   8621.49288340
    1256   8635.23752299
    1257   8648.99310847
    1258   8662.75964374
    1259   8676.53712489
    1260   8690.32555584
    1261   8704.12493267
    1262   8717.93525930
    1263   8731.75653180
    1264   8745.58875412
    1265   8759.43192229
    1266   8773.28604030
    1267   8787.15110415
    1268   8801.02711786
    1269   8814.91407739
    1270   8828.81198679
    1271   8842.72084201
    1272   8856.64064711
    1273   8870.57139801
    1274   8884.51309881
    1275   8898.46574539
    1276   8912.42934190
    1277   8926.40388417
    1278   8940.38937638
    1279   8954.38581435
    1280   8968.39320227
    1281   8982.41153594
    1282   8996.44081956
    1283   9010.48104893
    1284   9024.53222827
    1285   9038.59435333
    1286   9052.66742839
    1287   9066.75144916
    1288   9080.84641993
    1289   9094.95233640
    1290   9109.06920290
    1291   9123.19701508
    1292   9137.33577730
    1293   9151.48548518
    1294   9165.64614313
    1295   9179.81774673
    1296   9194.00030040
    1297   9208.19379971
    1298   9222.39824912
    1299   9236.61364415
    1300   9250.83998929
    1301   9265.07728004
    1302   9279.32552091
    1303   9293.58470738
    1304   9307.85484399
    1305   9322.13592619
    1306   9336.42795854
    1307   9350.73093646
    1308   9365.04486456
    1309   9379.36973821
    1310   9393.70556205
    1311   9408.05233143
    1312   9422.41005102
    1313   9436.77871613
    1314   9451.15833147
    1315   9465.54889232
    1316   9479.95040341
    1317   9494.36286000
    1318   9508.78626685
    1319   9523.22061917
    1320   9537.66592178
    1321   9552.12216985
    1322   9566.58936822
    1323   9581.06751203
    1324   9595.55660616
    1325   9610.05664572
    1326   9624.56763562
    1327   9639.08957092
    1328   9653.62245659
    1329   9668.16628765
    1330   9682.72106908
    1331   9697.28679589
    1332   9711.86347310
    1333   9726.45109567
    1334   9741.04966865
    1335   9755.65918698
    1336   9770.27965574
    1337   9784.91106982
    1338   9799.55343436
    1339   9814.20674421
    1340   9828.87100453
    1341   9843.54621014
    1342   9858.23236625
    1343   9872.92946763
    1344   9887.63751952
    1345   9902.35651667
    1346   9917.08646435
    1347   9931.82735727
    1348   9946.57920074
    1349   9961.34198944
    1350   9976.11572870
    1351   9990.90041317
    1352  10005.69604823
    1353  10020.50262848
    1354  10035.32015934
    1355  10050.14863536
    1356  10064.98806202
    1357  10079.83843383
    1358  10094.69975629
    1359  10109.57202389
    1360  10124.45524215
    1361  10139.34940553
    1362  10154.25451961
    1363  10169.17057877
    1364  10184.09758866
    1365  10199.03554361
    1366  10213.98444931
    1367  10228.94430006
    1368  10243.91510157
    1369  10258.89684811
    1370  10273.88954544
    1371  10288.89318777
    1372  10303.90778092
    1373  10318.93331906
    1374  10333.96980802
    1375  10349.01724196
    1376  10364.07562675
    1377  10379.14495648
    1378  10394.22523710
    1379  10409.31646264
    1380  10424.41863908
    1381  10439.53176043
    1382  10454.65583270
    1383  10469.79084986
    1384  10484.93681796
    1385  10500.09373092
    1386  10515.26159486
    1387  10530.44040363
    1388  10545.63016341
    1389  10560.83086800
    1390  10576.04252360
    1391  10591.26512401
    1392  10606.49867546
    1393  10621.74317168
    1394  10636.99861897
    1395  10652.26501101
    1396  10667.54235415
    1397  10682.83064201
    1398  10698.12988099
    1399  10713.44006467
    1400  10728.76119950
    1401  10744.09327901
    1402  10759.43630969
    1403  10774.79028502
    1404  10790.15521155
    1405  10805.53108272
    1406  10820.91790510
    1407  10836.31567209
    1408  10851.72439033
    1409  10867.14405316
    1410  10882.57466725
    1411  10898.01622591
    1412  10913.46873587
    1413  10928.93219036
    1414  10944.40659617
    1415  10959.89194650
    1416  10975.38824818
    1417  10990.89549435
    1418  11006.41369189
    1419  11021.94283390
    1420  11037.48292731
    1421  11053.03396516
    1422  11068.59595444
    1423  11084.16888812
    1424  11099.75277328
    1425  11115.34760281
    1426  11130.95338383
    1427  11146.57010921
    1428  11162.19778611
    1429  11177.83640733
    1430  11193.48598011
    1431  11209.14649718
    1432  11224.81796583
    1433  11240.50037875
    1434  11256.19374328
    1435  11271.89805206
    1436  11287.61331247
    1437  11303.33951709
    1438  11319.07667339
    1439  11334.82477387
    1440  11350.58382604
    1441  11366.35382238
    1442  11382.13477044
    1443  11397.92666263
    1444  11413.72950658
    1445  11429.54329463
    1446  11445.36803447
    1447  11461.20371838
    1448  11477.05035411
    1449  11492.90793388
    1450  11508.77646550
    1451  11524.65594113
    1452  11540.54636864
    1453  11556.44774013
    1454  11572.36006354
    1455  11588.28333090
    1456  11604.21755020
    1457  11620.16271342
    1458  11636.11882862
    1459  11652.08588771
    1460  11668.06389881
    1461  11684.05285376
    1462  11700.05276076
    1463  11716.06361158
    1464  11732.08541449
    1465  11748.11816117
    1466  11764.16185998
    1467  11780.21650253
    1468  11796.28209724
    1469  11812.35863567
    1470  11828.44612629
    1471  11844.54456058
    1472  11860.65394711
    1473  11876.77427728
    1474  11892.90555971
    1475  11909.04778575
    1476  11925.20096409
    1477  11941.36508600
    1478  11957.54016025
    1479  11973.72617804
    1480  11989.92314820
    1481  12006.13106186
    1482  12022.34992793
    1483  12038.57973747
    1484  12054.82049945
    1485  12071.07220487
    1486  12087.33486277
    1487  12103.60846406
    1488  12119.89301787
    1489  12136.18851504
    1490  12152.49496477
    1491  12168.81235781
    1492  12185.14070346
    1493  12201.47999238
    1494  12217.83023394
    1495  12234.19141874
    1496  12250.56355622
    1497  12266.94663690
    1498  12283.34067030
    1499  12299.74564686
    1500  12316.16157618
    1501  12332.58844861
    1502  12349.02627385
    1503  12365.47504217
    1504  12381.93476333
    1505  12398.40542752
    1506  12414.88704460
    1507  12431.37960467
    1508  12447.88311768
    1509  12464.39757363
    1510  12480.92298255
    1511  12497.45933439
    1512  12514.00663923
    1513  12530.56488695
    1514  12547.13408772
    1515  12563.71423131
    1516  12580.30532800
    1517  12596.90736747
    1518  12613.52036009
    1519  12630.14429544
    1520  12646.77918398
    1521  12663.42501520
    1522  12680.08179967
    1523  12696.74952677
    1524  12713.42820716
    1525  12730.11783015
    1526  12746.81840646
    1527  12763.52992532
    1528  12780.25239756
    1529  12796.98581229
    1530  12813.73018046
    1531  12830.48549107
    1532  12847.25175516
    1533  12864.02896165
    1534  12880.81712166
    1535  12897.61622402
    1536  12914.42627996
    1537  12931.24727819
    1538  12948.07923006
    1539  12964.92212416
    1540  12981.77597195
    1541  12998.64076193
    1542  13015.51650564
    1543  13032.40319149
    1544  13049.30083113
    1545  13066.20941285
    1546  13083.12894840
    1547  13100.05942599
    1548  13117.00085747
    1549  13133.95323093
    1550  13150.91655833
    1551  13167.89082766
    1552  13184.87605098
    1553  13201.87221617
    1554  13218.87933541
    1555  13235.89739646
    1556  13252.92641163
    1557  13269.96636854
    1558  13287.01727962
    1559  13304.07913240
    1560  13321.15193940
    1561  13338.23568804
    1562  13355.33039095
    1563  13372.43603545
    1564  13389.55263428
    1565  13406.68017463
    1566  13423.81866938
    1567  13440.96810558
    1568  13458.12849624
    1569  13475.29982830
    1570  13492.48211488
    1571  13509.67534278
    1572  13526.87952527
    1573  13544.09464902
    1574  13561.32072742
    1575  13578.55774702
    1576  13595.80572132
    1577  13613.06463676
    1578  13630.33450698
    1579  13647.61531826
    1580  13664.90708438
    1581  13682.20979150
    1582  13699.52345352
    1583  13716.84805648
    1584  13734.18361440
    1585  13751.53011319
    1586  13768.88756702
    1587  13786.25596164
    1588  13803.63531136
    1589  13821.02560181
    1590  13838.42684743
    1591  13855.83903370
    1592  13873.26217522
    1593  13890.69625731
    1594  13908.14129472
    1595  13925.59727263
    1596  13943.06420592
    1597  13960.54207965
    1598  13978.03090884
    1599  13995.53067837
    1600  14013.04140344
    1601  14030.56306879
    1602  14048.09568974
    1603  14065.63925089
    1604  14083.19376772
    1605  14100.75922467
    1606  14118.33563738
    1607  14135.92299013
    1608  14153.52129871
    1609  14171.13054725
    1610  14188.75075171
    1611  14206.38189603
    1612  14224.02399636
    1613  14241.67703647
    1614  14259.34103266
    1615  14277.01596855
    1616  14294.70186060
    1617  14312.39869227
    1618  14330.10648018
    1619  14347.82520761
    1620  14365.55489138
    1621  14383.29551458
    1622  14401.04709420
    1623  14418.80961316
    1624  14436.58308862
    1625  14454.36750334
    1626  14472.16287465
    1627  14489.96918512
    1628  14507.78645227
    1629  14525.61465849
    1630  14543.45382147
    1631  14561.30392342
    1632  14579.16498224
    1633  14597.03697993
    1634  14614.91993457
    1635  14632.81382799
    1636  14650.71867845
    1637  14668.63446759
    1638  14686.56121388
    1639  14704.49889873
    1640  14722.44754083
    1641  14740.40712140
    1642  14758.37765930
    1643  14776.35913557
    1644  14794.35156928
    1645  14812.35494125
    1646  14830.36927075
    1647  14848.39453841
    1648  14866.43076371
    1649  14884.47792705
    1650  14902.53604814
    1651  14920.60510715
    1652  14938.68512402
    1653  14956.77607871
    1654  14974.87799135
    1655  14992.99084170
    1656  15011.11465011
    1657  15029.24939612
    1658  15047.39510029
    1659  15065.55174194
    1660  15083.71934188
    1661  15101.89787916
    1662  15120.08737485
    1663  15138.28780776
    1664  15156.49919920
    1665  15174.72152773
    1666  15192.95481490
    1667  15211.19903904
    1668  15229.45422195
    1669  15247.72034170
    1670  15265.99742032
    1671  15284.28543566
    1672  15302.58441001
    1673  15320.89432093
    1674  15339.21519099
    1675  15357.54699749
    1676  15375.88976324
    1677  15394.24346531
    1678  15412.60812676
    1679  15430.98372438
    1680  15449.37028151
    1681  15467.76777467
    1682  15486.17622749
    1683  15504.59561618
    1684  15523.02596467
    1685  15541.46724889
    1686  15559.91949303
    1687  15578.38267276
    1688  15596.85681256
    1689  15615.34188779
    1690  15633.83792323
    1691  15652.34489394
    1692  15670.86282502
    1693  15689.39169121
    1694  15707.93151791
    1695  15726.48227957
    1696  15745.04400188
    1697  15763.61665899
    1698  15782.20027691
    1699  15800.79482945
    1700  15819.40034296
    1701  15838.01679094
    1702  15856.64420003
    1703  15875.28254342
    1704  15893.93184809
    1705  15912.59208687
    1706  15931.26328710
    1707  15949.94542127
    1708  15968.63851705
    1709  15987.34254659
    1710  16006.05753791
    1711  16024.78346280
    1712  16043.52034965
    1713  16062.26816988
    1714  16081.02695224
    1715  16099.79666780
    1716  16118.57734567
    1717  16137.36895653
    1718  16156.17152989
    1719  16174.98503605
    1720  16193.80950488
    1721  16212.64490632
    1722  16231.49127062
    1723  16250.34856731
    1724  16269.21682706
    1725  16288.09601900
    1726  16306.98617419
    1727  16325.88726135
    1728  16344.79931196
    1729  16363.72229432
    1730  16382.65624034
    1731  16401.60111790
    1732  16420.55695931
    1733  16439.52373203
    1734  16458.50146883
    1735  16477.49013669
    1736  16496.48976885
    1737  16515.50033185
    1738  16534.52185935
    1739  16553.55431746
    1740  16572.59774030
    1741  16591.65209349
    1742  16610.71741164
    1743  16629.79365990
    1744  16648.88087335
    1745  16667.97901665
    1746  16687.08812539
    1747  16706.20816371
    1748  16725.33916771
    1749  16744.48110103
    1750  16763.63400027
    1751  16782.79782857
    1752  16801.97262304
    1753  16821.15834629
    1754  16840.35503597
    1755  16859.56265414
    1756  16878.78123901
    1757  16898.01075208
    1758  16917.25123212
    1759  16936.50264007
    1760  16955.76501526
    1761  16975.03831806
    1762  16994.32258837
    1763  17013.61778600
    1764  17032.92395142
    1765  17052.24104384
    1766  17071.56910435
    1767  17090.90809153
    1768  17110.25804710
    1769  17129.61892902
    1770  17148.99077964
    1771  17168.37355627
    1772  17187.76730190
    1773  17207.17197321
    1774  17226.58761383
    1775  17246.01417979
    1776  17265.45171538
    1777  17284.90017595
    1778  17304.35960649
    1779  17323.82996164
    1780  17343.31128711
    1781  17362.80353681
    1782  17382.30675717
    1783  17401.82090138
    1784  17421.34601661
    1785  17440.88205530
    1786  17460.42906537
    1787  17479.98699850
    1788  17499.55590339
    1789  17519.13573093
    1790  17538.72653060
    1791  17558.32825251
    1792  17577.94094694
    1793  17597.56456318
    1794  17617.19915234
    1795  17636.84466287
    1796  17656.50114672
    1797  17676.16855150
    1798  17695.84693003
    1799  17715.53622902
    1800  17735.23650217
    1801  17754.94769533
    1802  17774.66986309
    1803  17794.40295037
    1804  17814.14701270
    1805  17833.90199405
    1806  17853.66795092
    1807  17873.44482631
    1808  17893.23267768
    1809  17913.03144705
    1810  17932.84119289
    1811  17952.66185619
    1812  17972.49349646
    1813  17992.33605365
    1814  18012.18958832
    1815  18032.05403935
    1816  18051.92946837
    1817  18071.81581318
    1818  18091.71313652
    1819  18111.62137506
    1820  18131.54059267
    1821  18151.47072489
    1822  18171.41183674
    1823  18191.36386258
    1824  18211.32686863
    1825  18231.30078802
    1826  18251.28568823
    1827  18271.28150112
    1828  18291.28829544
    1829  18311.30600178
    1830  18331.33469016
    1831  18351.37428987
    1832  18371.42487228
    1833  18391.48636530
    1834  18411.55884169
    1835  18431.64222796
    1836  18451.73659827
    1837  18471.84187771
    1838  18491.95814191
    1839  18512.08531446
    1840  18532.22347249
    1841  18552.37253808
    1842  18572.53258988
    1843  18592.70354843
    1844  18612.88549396
    1845  18633.07834540
    1846  18653.28218461
    1847  18673.49692885
    1848  18693.72266168
    1849  18713.95929865
    1850  18734.20692504
    1851  18754.46545466
    1852  18774.73497456
    1853  18795.01539673
    1854  18815.30681008
    1855  18835.60912472
    1856  18855.92243146
    1857  18876.24663849
    1858  18896.58183855
    1859  18916.92793787
    1860  18937.28503120
    1861  18957.65302270
    1862  18978.03200923
    1863  18998.42189283
    1864  19018.82277250
    1865  19039.23454809
    1866  19059.65732082
    1867  19080.09098830
    1868  19100.53565403
    1869  19120.99121329
    1870  19141.45777195
    1871  19161.93522287
    1872  19182.42367439
    1873  19202.92301686
    1874  19223.43336116
    1875  19243.95459506
    1876  19264.48683207
    1877  19285.02995728
    1878  19305.58408691
    1879  19326.14910331
    1880  19346.72512549
    1881  19367.31203294
    1882  19387.90994758
    1883  19408.51874595
    1884  19429.13855298
    1885  19449.76924212
    1886  19470.41094144
    1887  19491.06352122
    1888  19511.72711275
    1889  19532.40158300
    1890  19553.08706666
    1891  19573.78342724
    1892  19594.49080292
    1893  19615.20905367
    1894  19635.93832129
    1895  19656.67846203
    1896  19677.42962148
    1897  19698.19165205
    1898  19718.96470325
    1899  19739.74862346
    1900  19760.54356629
    1901  19781.34937597
    1902  19802.16621034
    1903  19822.99390928
    1904  19843.83263507
    1905  19864.68222309
    1906  19885.54284020
    1907  19906.41431708
    1908  19927.29682540
    1909  19948.19019092
    1910  19969.09459033
    1911  19990.00984428
    1912  20010.93613467
    1913  20031.87327680
    1914  20052.82145805
    1915  20073.78048812
    1916  20094.75056010
    1917  20115.73147787
    1918  20136.72344046
    1919  20157.72624565
    1920  20178.74009873
    1921  20199.76479108
    1922  20220.80053451
    1923  20241.84711371
    1924  20262.90474737
    1925  20283.97321313
    1926  20305.05273687
    1927  20326.14308888
    1928  20347.24450257
    1929  20368.35674050
    1930  20389.48004399
    1931  20410.61416750
    1932  20431.75936065
    1933  20452.91536937
    1934  20474.08245203
    1935  20495.26034558
    1936  20516.44931762
    1937  20537.64909561
    1938  20558.85995686
    1939  20580.08161886
    1940  20601.31436917
    1941  20622.55791476
    1942  20643.81255398
    1943  20665.07798268
    1944  20686.35451065
    1945  20707.64182198
    1946  20728.94023854
    1947  20750.24943198
    1948  20771.56973697
    1949  20792.90081198
    1950  20814.24300524
    1951  20835.59596125
    1952  20856.96004263
    1953  20878.33487901
    1954  20899.72084834
    1955  20921.11756446
    1956  20942.52542159
    1957  20963.94401676
    1958  20985.37376153
    1959  21006.81423501
    1960  21028.26586728
    1961  21049.72821829
    1962  21071.20173790
    1963  21092.68596562
    1964  21114.18137244
    1965  21135.68747596
    1966  21157.20476986
    1967  21178.73274824
    1968  21200.27192909
    1969  21221.82178130
    1970  21243.38284900
    1971  21264.95457393
    1972  21286.53752841
    1973  21308.13112487
    1974  21329.73596604
    1975  21351.35143275
    1976  21372.97816059
    1977  21394.61549614
    1978  21416.26411062
    1979  21437.92331352
    1980  21459.59381468
    1981  21481.27488325
    1982  21502.96727115
    1983  21524.67020362
    1984  21546.38447841
    1985  21568.10927276
    1986  21589.84543462
    1987  21611.59208872
    1988  21633.35013796
    1989  21655.11864937
    1990  21676.89858631
    1991  21698.68895243
    1992  21720.49077762
    1993  21742.30299545
    1994  21764.12670945
    1995  21785.96077580
    1996  21807.80637948
    1997  21829.66229058
    1998  21851.52978480
    1999  21873.40753674
    2000  21895.29692287
    2001  21917.19651084
    2002  21939.10779009
    2003  21961.02920927
    2004  21982.96238368
    2005  22004.90562792
    2006  22026.86069908
    2007  22048.82576254
    2008  22070.80273335
    2009  22092.78960812
    2010  22114.78848030
    2011  22136.79715968
    2012  22158.81793706
    2013  22180.84841114
    2014  22202.89109461
    2015  22224.94335686
    2016  22247.00795057
    2017  22269.08198947
    2018  22291.16849054
    2019  22313.26430318
    2020  22335.37271349
    2021  22357.49028957
    2022  22379.62059406
    2023  22401.75994447
    2024  22423.91213429
    2025  22446.07325976
    2026  22468.24728502
    2027  22490.43023797
    2028  22512.62605487
    2029  22534.83087611
    2030  22557.04834139
    2031  22579.27519528
    2032  22601.51416901
    2033  22623.76320801
    2034  22646.02332220
    2035  22668.29496319
    2036  22690.57588990
    2037  22712.87046412
    2038  22735.17153657
    2039  22757.48956124
    2040  22779.81087376
    2041  22802.15150712
    2042  22824.49514944
    2043  22846.85232883
    2044  22869.23087974
    2045  22891.57912161
    2046  22914.05416643
    2047  22936.25264120
    2048  22959.17116738
 ---------------------------------------
 
SCF converged! Final Ground-State Energy (Eh):              -0.6920235460413456
