 
     Two-Electron DVR    
 ------------------------
 x0     =      15.00000000
 m      =       1.00000000
 Z      =       6.00000000
 n      =              256
 dx     =       0.11764706
 
Soft-Coulomb Parameters:
 alpha  =       0.01000000
 beta   =       0.01000000
 
 
                       Hartree-Fock                      
 --------------------------------------------------------
 no. of orbitals        =              256
 no. of electrons       =                2
 scf_damping_switch     =        F
 scf_diis_switch        =        F
 damping_factor         =   0.00000000
 e_tolerance            = 0.0000000000100000
 maximum scf-iterations =              200
 
 
                       SCF iterations                      
 ----------------------------------------------------------
    S.No    Energy (hartree)        dE (hartree)
 ----------------------------------------------------------
       0    -72.563145020403
       1    -66.238024499528      6.325120520875
       2    -66.297728618559      0.059704119031
       3    -66.297874918560      0.000146300001
       4    -66.297875314175      0.000000395615
       5    -66.297875315326      0.000000001151
       6    -66.297875315329      0.000000000003
 ----------------------------------------------------------
  
 
 
 ---------------------------------------
     Molecular Orbital Energies (Eh)    
 ---------------------------------------
       1    -30.04736040
       2     -6.18386066
       3     -3.15068801
       4     -1.76789119
       5     -1.19311367
       6     -0.81962960
       7     -0.62139697
       8     -0.47055457
       9     -0.37909653
      10     -0.29586384
      11     -0.22518394
      12     -0.13189067
      13     -0.03710501
      14      0.08736225
      15      0.20852265
      16      0.36184880
      17      0.50739942
      18      0.68776627
      19      0.85660130
      20      1.06292622
      21      1.25439756
      22      1.48595933
      23      1.69966383
      24      1.95593823
      25      2.19161811
      26      2.47219542
      27      2.72968967
      28      3.03423326
      29      3.31344659
      30      3.64166536
      31      3.94255265
      32      4.29418879
      33      4.61673995
      34      4.99155652
      35      5.33579085
      36      5.73356966
      37      6.09952545
      38      6.52005964
      39      6.90779293
      40      7.35088925
      41      7.76046511
      42      8.22593784
      43      8.65743191
      44      9.14510741
      45      9.59859776
      46     10.10830820
      47     10.58387907
      48     11.11546843
      49     11.61320202
      50     12.16651904
      51     12.68650120
      52     13.26140647
      53     13.80371810
      54     14.40007595
      55     14.96480036
      56     15.58248707
      57     16.16970068
      58     16.80859507
      59     17.41837648
      60     18.07836935
      61     18.71078898
      62     19.39177228
      63     20.04690313
      64     20.74878080
      65     21.42668683
      66     22.14936240
      67     22.85011100
      68     23.59350000
      69     24.31714889
      70     25.08116472
      71     25.82777626
      72     26.61234439
      73     27.38197069
      74     28.18701267
      75     28.97971192
      76     29.80516151
      77     30.62098115
      78     31.46676630
      79     32.30576141
      80     33.17182256
      81     34.03403691
      82     34.92030670
      83     35.80579347
      84     36.71221749
      85     37.62101783
      86     38.54753179
      87     39.47969818
      88     40.42625134
      89     41.38182340
      90     42.34835299
      91     43.32738370
      92     44.31384132
      93     45.31636981
      94     46.32269273
      95     47.34877367
      96     48.37491455
      97     49.42458758
      98     50.47048234
      99     51.54380502
     100     52.60940619
     101     53.70641961
     102     54.79166044
     103     55.91242617
     104     57.01725799
     105     58.16181949
     106     59.28617157
     107     60.45459556
     108     61.59841705
     109     62.79075020
     110     63.95396512
     111     65.17028043
     112     66.35283478
     113     67.59318297
     114     68.79499434
     115     70.05945575
     116     71.28046611
     117     72.56909630
     118     73.80921558
     119     75.12210340
     120     76.38126872
     121     77.71847528
     122     78.99658768
     123     80.35821147
     124     81.65520243
     125     83.04131084
     126     84.35707133
     127     85.76777365
     128     87.10222877
     129     88.53759932
     130     89.89062869
     131     91.35078878
     132     92.72231043
     133     94.20734197
     134     95.59722291
     135     97.10726047
     136     98.51541100
     137    100.05054468
     138    101.47681786
     139    103.03719678
     140    104.48149461
     141    106.06721764
     142    107.52937784
     143    109.14061004
     144    110.62052575
     145    112.25737523
     146    113.75486739
     147    115.41751662
     148    116.93246905
     149    118.62103581
     150    120.15325113
     151    121.86793684
     152    123.41728922
     153    125.15822166
     154    126.72449375
     155    128.49189491
     156    130.07495103
     157    131.86895888
     158    133.46856001
     159    135.28941885
     160    136.90541941
     161    138.75327740
     162    140.38541490
     163    142.26054050
     164    143.90865962
     165    145.81121097
     166    147.47502384
     167    149.40529550
     168    151.08463755
     169    153.04279717
     170    154.73735304
     171    156.72372342
     172    158.43332010
     173    160.44807754
     174    162.17236991
     175    164.21586783
     176    165.95467566
     177    168.02709775
     178    169.78004358
     179    171.88177659
     180    173.64867465
     181    175.77990796
     182    177.56034535
     183    179.72150229
     184    181.51528994
     185    183.70656337
     186    185.51324911
     187    187.73510306
     188    189.55449721
     189    191.80712535
     190    193.63873149
     191    195.92264391
     192    197.76627494
     193    200.08166309
     194    201.93677149
     195    204.28419898
     196    206.15060375
     197    208.53025653
     198    210.40734942
     199    212.81985519
     200    214.70746491
     201    217.15300096
     202    219.05044461
     203    221.52971804
     204    223.43683752
     205    225.95001425
     206    227.86603163
     207    230.41392069
     208    232.33869398
     209    234.92144823
     210    236.85407461
     211    239.47263806
     212    241.41299380
     213    244.06750602
     214    246.01451960
     215    248.70610830
     216    250.65967583
     217    253.38846862
     218    255.34728558
     219    258.11466566
     220    260.07865036
     221    262.88473543
     222    264.85225587
     223    267.69879094
     224    269.66979479
     225    272.55688718
     226    274.52927477
     227    277.45919075
     228    279.43296091
     229    282.40578638
     230    284.37815925
     231    287.39692750
     232    289.36801225
     233    292.43274693
     234    294.39874805
     235    297.51364753
     236    299.47493419
     237    302.63984509
     238    304.59103940
     239    307.81202403
     240    309.75412933
     241    313.03056047
     242    314.95554974
     243    318.29674614
     244    320.20724493
     245    323.61132717
     246    325.49429264
     247    328.97721064
     248    330.83992890
     249    334.39627343
     250    336.21387124
     251    339.87762499
     252    341.67533022
     253    345.42890518
     254    347.13764065
     255    351.11937709
     256    352.97435887
 ---------------------------------------
 
SCF converged! Final Ground-State Energy (Eh):             -66.2978753153291933
