 
     Two-Electron DVR    
 ------------------------
 x0     =      15.00000000
 m      =       1.00000000
 Z      =       2.00000000
 n      =               64
 dx     =       0.47619048
 
Soft-Coulomb Parameters:
 alpha  =       0.10000000
 beta   =       0.10000000
 
 
                       Hartree-Fock                      
 --------------------------------------------------------
 no. of orbitals        =               64
 no. of electrons       =                2
 scf_damping_switch     =        F
 scf_diis_switch        =        F
 damping_factor         =   0.00000000
 e_tolerance            = 0.0000000000100000
 maximum scf-iterations =              200
 
 
                       SCF iterations                      
 ----------------------------------------------------------
    S.No    Energy (hartree)        dE (hartree)
 ----------------------------------------------------------
       0     -7.552756062744
       1     -5.543388640322      2.009367422422
       2     -5.605571939245      0.062183298922
       3     -5.606763839006      0.001191899762
       4     -5.606789599875      0.000025760868
       5     -5.606790268691      0.000000668817
       6     -5.606790288043      0.000000019351
       7     -5.606790288632      0.000000000590
       8     -5.606790288651      0.000000000018
       9     -5.606790288651      0.000000000001
 ----------------------------------------------------------
  
 
 
 ---------------------------------------
     Molecular Orbital Energies (Eh)    
 ---------------------------------------
       1     -1.86656688
       2      0.02447208
       3      0.02588733
       4      0.09173528
       5      0.09864026
       6      0.19831654
       7      0.21656692
       8      0.34271889
       9      0.37885926
      10      0.52534673
      11      0.58487314
      12      0.74786738
      13      0.83406518
      14      1.01184700
      15      1.12599055
      16      1.31815916
      17      1.46029639
      18      1.66699064
      19      1.83671729
      20      2.05828724
      21      2.25505674
      22      2.49179290
      23      2.71518129
      24      2.96736361
      25      3.21699915
      26      3.48473568
      27      3.76046106
      28      4.04385697
      29      4.34553873
      30      4.64449028
      31      4.97223369
      32      5.28668389
      33      5.64055381
      34      5.97019664
      35      6.35052801
      36      6.69518239
      37      7.10217866
      38      7.46137299
      39      7.89553834
      40      8.26906032
      41      8.73061818
      42      9.11794246
      43      9.60741784
      44     10.00851636
      45     10.52589023
      46     10.94046036
      47     11.48592171
      48     11.91458533
      49     12.48730173
      50     12.93057237
      51     13.52963319
      52     13.98965888
      53     14.61236838
      54     15.09144474
      55     15.73463051
      56     16.23753370
      57     16.89560935
      58     17.42691289
      59     18.09437775
      60     18.66105473
      61     19.33132270
      62     19.93683666
      63     20.60650481
      64     21.26105158
 ---------------------------------------
 
SCF converged! Final Ground-State Energy (Eh):              -5.6067902886513341
