 
     Two-Electron DVR    
 ------------------------
 x0     =      15.00000000
 m      =       1.00000000
 Z      =       3.00000000
 n      =             1024
 dx     =       0.02932551
 
Soft-Coulomb Parameters:
 alpha  =       0.10000000
 beta   =       0.10000000
 
 
                       Hartree-Fock                      
 --------------------------------------------------------
 no. of orbitals        =             1024
 no. of electrons       =                2
 scf_damping_switch     =        F
 scf_diis_switch        =        F
 damping_factor         =   0.00000000
 e_tolerance            = 0.0000000000100000
 maximum scf-iterations =              200
 
 
                       SCF iterations                      
 ----------------------------------------------------------
    S.No    Energy (hartree)        dE (hartree)
 ----------------------------------------------------------
       0    -12.596227286459
       1    -10.429000543187      2.167226743272
       2    -10.465300480521      0.036299937334
       3    -10.465903740163      0.000603259641
       4    -10.465914076862      0.000010336700
       5    -10.465914262912      0.000000186050
       6    -10.465914266371      0.000000003459
       7    -10.465914266436      0.000000000065
       8    -10.465914266437      0.000000000002
 ----------------------------------------------------------
  
 
 
 ---------------------------------------
     Molecular Orbital Energies (Eh)    
 ---------------------------------------
       1     -4.18786037
       2     -0.39554698
       3     -0.21170448
       4     -0.11224250
       5     -0.07095426
       6     -0.01753549
       7      0.03310288
       8      0.11404318
       9      0.18755850
      10      0.29567922
      11      0.39129220
      12      0.52470347
      13      0.64240645
      14      0.79988285
      15      0.93990766
      16      1.12057414
      17      1.28316409
      18      1.48638243
      19      1.67172503
      20      1.89703092
      21      2.10524867
      22      2.35230812
      23      2.58346770
      24      2.85204488
      25      3.10616998
      26      3.39610321
      27      3.67318619
      28      3.98436985
      29      4.28438104
      30      4.61675185
      31      4.93964660
      32      5.29317308
      33      5.63889699
      34      6.01357139
      35      6.38206418
      36      6.77789611
      37      7.16909450
      38      7.58610602
      39      7.99994583
      40      8.43816764
      41      8.87458533
      42      9.33405372
      43      9.79298756
      44     10.27374215
      45     10.75513298
      46     11.25721495
      47     11.76100673
      48     12.28445749
      49     12.81059764
      50     13.35545787
      51     13.90389745
      52     14.47020641
      53     15.04090020
      54     15.62869525
      55     16.22160168
      56     16.83091799
      57     17.44599908
      58     18.07686944
      59     18.71409064
      60     19.36654539
      61     20.02587539
      62     20.69994245
      63     21.38135299
      64     22.07705789
      65     22.78052354
      66     23.49788952
      67     24.22338748
      68     24.96243561
      69     25.70994546
      70     26.47069479
      71     27.24019832
      72     28.02266600
      73     28.81414699
      74     29.61834843
      75     30.43179246
      76     31.25774147
      77     32.09313575
      78     32.94084469
      79     33.79817788
      80     34.66765779
      81     35.54691986
      82     36.43818057
      83     37.33936268
      84     38.25241294
      85     39.17550727
      86     40.11035487
      87     41.05535455
      88     42.01200639
      89     42.97890536
      90     43.95736759
      91     44.94616053
      92     45.94643857
      93     46.95712081
      94     47.97921947
      95     49.01178691
      96     50.05571046
      97     51.11015950
      98     52.17591172
      99     53.25223921
     100     54.33982342
     101     55.43802661
     102     56.54744577
     103     57.66752223
     104     58.79877894
     105     59.94072659
     106     61.09382315
     107     62.25764013
     108     63.43257857
     109     64.61826330
     110     65.81504541
     111     67.02259647
     112     68.24122385
     113     69.47064003
     114     70.71111406
     115     71.96239430
     116     73.22471622
     117     74.49785960
     118     75.78203050
     119     77.07703622
     120     78.38305706
     121     79.69992442
     122     81.02779606
     123     82.36652444
     124     83.71624763
     125     85.07683653
     126     86.44841192
     127     87.83086088
     128     89.22428906
     129     90.62859768
     130     92.04387918
     131     93.47004712
     132     94.90718239
     133     96.35520936
     134     97.81419880
     135     99.28408455
     136    100.76492852
     137    102.25667284
     138    103.75937165
     139    105.27297434
     140    106.79752829
     141    108.33298919
     142    109.87939851
     143    111.43671749
     144    113.00498240
     145    114.58415934
     146    116.17428004
     147    117.77531483
     148    119.38729150
     149    121.01018406
     150    122.64401685
     151    124.28876711
     152    125.94445615
     153    127.61106405
     154    129.28860946
     155    130.97707494
     156    132.67647683
     157    134.38679986
     158    136.10805833
     159    137.84023886
     160    139.58335400
     161    141.33739200
     162    143.10236387
     163    144.87825933
     164    146.66508801
     165    148.46284089
     166    150.27152644
     167    152.09113673
     168    153.92167920
     169    155.76314689
     170    157.61554634
     171    159.47887142
     172    161.35312787
     173    163.23831033
     174    165.13442384
     175    167.04146367
     176    168.95943428
     177    170.88833147
     178    172.82815920
     179    174.77891376
     180    176.74059863
     181    178.71321055
     182    180.69675261
     183    182.69122189
     184    184.69662115
     185    186.71294779
     186    188.74020427
     187    190.77838828
     188    192.82750199
     189    194.88754337
     190    196.95851434
     191    199.04041308
     192    201.13324133
     193    203.23699744
     194    205.35168298
     195    207.47729646
     196    209.61383930
     197    211.76131015
     198    213.91971031
     199    216.08903854
     200    218.26929603
     201    220.46048164
     202    222.66259647
     203    224.87563946
     204    227.09961163
     205    229.33451202
     206    231.58034155
     207    233.83709933
     208    236.10478622
     209    238.38340140
     210    240.67294566
     211    242.97341824
     212    245.28481989
     213    247.60714987
     214    249.94040890
     215    252.28459629
     216    254.63971272
     217    257.00575753
     218    259.38273136
     219    261.77063358
     220    264.16946482
     221    266.57922445
     222    268.99991311
     223    271.43153017
     224    273.87407625
     225    276.32755074
     226    278.79195424
     227    281.26728616
     228    283.75354709
     229    286.25073645
     230    288.75885482
     231    291.27790162
     232    293.80787743
     233    296.34878167
     234    298.90061493
     235    301.46337662
     236    304.03706732
     237    306.62168647
     238    309.21723463
     239    311.82371123
     240    314.44111685
     241    317.06945091
     242    319.70871400
     243    322.35890553
     244    325.02002608
     245    327.69207508
     246    330.37505311
     247    333.06895958
     248    335.77379508
     249    338.48955903
     250    341.21625202
     251    343.95387345
     252    346.70242392
     253    349.46190284
     254    352.23231080
     255    355.01364721
     256    357.80591267
     257    360.60910657
     258    363.42322953
     259    366.24828093
     260    369.08426140
     261    371.93117030
     262    374.78900827
     263    377.65777468
     264    380.53747017
     265    383.42809409
     266    386.32964709
     267    389.24212853
     268    392.16553906
     269    395.09987801
     270    398.04514607
     271    401.00134254
     272    403.96846813
     273    406.94652214
     274    409.93550526
     275    412.93541680
     276    415.94625747
     277    418.96802654
     278    422.00072475
     279    425.04435137
     280    428.09890713
     281    431.16439129
     282    434.24080461
     283    437.32814632
     284    440.42641720
     285    443.53561647
     286    446.65574491
     287    449.78680174
     288    452.92878774
     289    456.08170214
     290    459.24554572
     291    462.42031769
     292    465.60601885
     293    468.80264839
     294    472.01020713
     295    475.22869425
     296    478.45811058
     297    481.69845528
     298    484.94972921
     299    488.21193150
     300    491.48506302
     301    494.76912291
     302    498.06411204
     303    501.37002952
     304    504.68687626
     305    508.01465135
     306    511.35335570
     307    514.70298840
     308    518.06355036
     309    521.43504068
     310    524.81746027
     311    528.21080820
     312    531.61508542
     313    535.03029098
     314    538.45642584
     315    541.89348902
     316    545.34148152
     317    548.80040234
     318    552.27025248
     319    555.75103095
     320    559.24273874
     321    562.74537485
     322    566.25894030
     323    569.78343406
     324    573.31885717
     325    576.86520859
     326    580.42248937
     327    583.99069845
     328    587.56983690
     329    591.15990365
     330    594.76089978
     331    598.37282420
     332    601.99567802
     333    605.62946012
     334    609.27417162
     335    612.92981141
     336    616.59638061
     337    620.27387809
     338    623.96230499
     339    627.66166017
     340    631.37194478
     341    635.09315766
     342    638.82529998
     343    642.56837057
     344    646.32237062
     345    650.08729892
     346    653.86315669
     347    657.64994271
     348    661.44765821
     349    665.25630196
     350    669.07587520
     351    672.90637668
     352    676.74780766
     353    680.60016688
     354    684.46345562
     355    688.33767258
     356    692.22281907
     357    696.11889379
     358    700.02589804
     359    703.94383051
     360    707.87269254
     361    711.81248277
     362    715.76320257
     363    719.72485058
     364    723.69742816
     365    727.68093394
     366    731.67536931
     367    735.68073288
     368    739.69702604
     369    743.72424739
     370    747.76239836
     371    751.81147751
     372    755.87148629
     373    759.94242324
     374    764.02428983
     375    768.11708459
     376    772.22080900
     377    776.33546157
     378    780.46104382
     379    784.59755421
     380    788.74499429
     381    792.90336251
     382    797.07266044
     383    801.25288649
     384    805.44404226
     385    809.64612616
     386    813.85913979
     387    818.08308154
     388    822.31795303
     389    826.56375264
     390    830.82048200
     391    835.08813946
     392    839.36672670
     393    843.65624204
     394    847.95668716
     395    852.26806037
     396    856.59036339
     397    860.92359449
     398    865.26775540
     399    869.62284439
     400    873.98886321
     401    878.36581009
     402    882.75368682
     403    887.15249161
     404    891.56222627
     405    895.98288897
     406    900.41448155
     407    904.85700217
     408    909.31045269
     409    913.77483124
     410    918.25013970
     411    922.73637618
     412    927.23354259
     413    931.74163701
     414    936.26066138
     415    940.79061376
     416    945.33149609
     417    949.88330642
     418    954.44604672
     419    959.01971502
     420    963.60431330
     421    968.19983957
     422    972.80629585
     423    977.42368009
     424    982.05199436
     425    986.69123659
     426    991.34140887
     427    996.00250909
     428   1000.67453938
     429   1005.35749761
     430   1010.05138591
     431   1014.75620215
     432   1019.47194848
     433   1024.19862274
     434   1028.93622711
     435   1033.68475939
     436   1038.44422180
     437   1043.21461212
     438   1047.99593258
     439   1052.78818094
     440   1057.59135946
     441   1062.40546586
     442   1067.23050245
     443   1072.06646692
     444   1076.91336158
     445   1081.77118411
     446   1086.63993686
     447   1091.51961746
     448   1096.41022830
     449   1101.31176698
     450   1106.22423593
     451   1111.14763270
     452   1116.08195975
     453   1121.02721462
     454   1125.98339979
     455   1130.95051276
     456   1135.92855606
     457   1140.91752714
     458   1145.91742858
     459   1150.92825778
     460   1155.95001736
     461   1160.98270470
     462   1166.02632242
     463   1171.08086790
     464   1176.14634378
     465   1181.22274741
     466   1186.31008146
     467   1191.40834324
     468   1196.51753547
     469   1201.63765541
     470   1206.76870583
     471   1211.91068395
     472   1217.06359256
     473   1222.22742885
     474   1227.40219567
     475   1232.58789015
     476   1237.78451518
     477   1242.99206787
     478   1248.21055111
     479   1253.43996200
     480   1258.68030348
     481   1263.93157259
     482   1269.19377230
     483   1274.46689963
     484   1279.75095760
     485   1285.04594316
     486   1290.35185938
     487   1295.66870319
     488   1300.99647767
     489   1306.33517973
     490   1311.68481249
     491   1317.04537280
     492   1322.41686385
     493   1327.79928243
     494   1333.19263177
     495   1338.59690863
     496   1344.01211627
     497   1349.43825141
     498   1354.87531736
     499   1360.32331080
     500   1365.78223507
     501   1371.25208682
     502   1376.73286942
     503   1382.22457948
     504   1387.72722042
     505   1393.24078880
     506   1398.76528809
     507   1404.30071480
     508   1409.84707244
     509   1415.40435749
     510   1420.97257351
     511   1426.55171691
     512   1432.14179130
     513   1437.74279306
     514   1443.35472583
     515   1448.97758596
     516   1454.61137713
     517   1460.25609564
     518   1465.91174521
     519   1471.57832211
     520   1477.25583010
     521   1482.94426538
     522   1488.64363180
     523   1494.35392549
     524   1500.07515034
     525   1505.80730245
     526   1511.55038574
     527   1517.30439627
     528   1523.06933802
     529   1528.84520698
     530   1534.63200719
     531   1540.42973460
     532   1546.23839328
     533   1552.05797914
     534   1557.88849631
     535   1563.72994063
     536   1569.58231628
     537   1575.44561907
     538   1581.31985324
     539   1587.20501451
     540   1593.10110718
     541   1599.00812694
     542   1604.92607814
     543   1610.85495640
     544   1616.79476613
     545   1622.74550290
     546   1628.70717117
     547   1634.67976645
     548   1640.66329328
     549   1646.65774709
     550   1652.66313248
     551   1658.67944483
     552   1664.70668879
     553   1670.74485969
     554   1676.79396224
     555   1682.85399169
     556   1688.92495283
     557   1695.00684085
     558   1701.09966059
     559   1707.20340719
     560   1713.31808554
     561   1719.44369073
     562   1725.58022770
     563   1731.72769149
     564   1737.88608710
     565   1744.05540949
     566   1750.23566374
     567   1756.42684474
     568   1762.62895765
     569   1768.84199728
     570   1775.06596885
     571   1781.30086712
     572   1787.54669736
     573   1793.80345427
     574   1800.07114320
     575   1806.34975877
     576   1812.63930639
     577   1818.93978062
     578   1825.25118695
     579   1831.57351986
     580   1837.90678490
     581   1844.25097649
     582   1850.60610026
     583   1856.97215055
     584   1863.34913305
     585   1869.73704204
     586   1876.13588329
     587   1882.54565100
     588   1888.96635101
     589   1895.39797744
     590   1901.84053622
     591   1908.29402138
     592   1914.75843893
     593   1921.23378284
     594   1927.72005918
     595   1934.21726185
     596   1940.72539699
     597   1947.24445841
     598   1953.77445236
     599   1960.31537256
     600   1966.86722533
     601   1973.43000432
     602   1980.00371592
     603   1986.58835369
     604   1993.18392413
     605   1999.79042071
     606   2006.40785001
     607   2013.03620540
     608   2019.67549355
     609   2026.32570777
     610   2032.98685479
     611   2039.65892784
     612   2046.34193375
     613   2053.03586564
     614   2059.74073044
     615   2066.45652119
     616   2073.18324489
     617   2079.92089450
     618   2086.66947712
     619   2093.42898559
     620   2100.19942714
     621   2106.98079449
     622   2113.77309497
     623   2120.57632122
     624   2127.39048065
     625   2134.21556580
     626   2141.05158418
     627   2147.89852824
     628   2154.75640559
     629   2161.62520857
     630   2168.50494489
     631   2175.39560680
     632   2182.29720211
     633   2189.20972296
     634   2196.13317727
     635   2203.06755707
     636   2210.01287039
     637   2216.96910915
     638   2223.93628148
     639   2230.91437921
     640   2237.90341057
     641   2244.90336727
     642   2251.91425768
     643   2258.93607337
     644   2265.96882282
     645   2273.01249751
     646   2280.06710602
     647   2287.13263971
     648   2294.20910729
     649   2301.29650000
     650   2308.39482666
     651   2315.50407839
     652   2322.62426415
     653   2329.75537490
     654   2336.89741976
     655   2344.05038956
     656   2351.21429353
     657   2358.38912238
     658   2365.57488547
     659   2372.77157338
     660   2379.97919560
     661   2387.19774258
     662   2394.42722394
     663   2401.66762999
     664   2408.91897051
     665   2416.18123565
     666   2423.45443532
     667   2430.73855956
     668   2438.03361840
     669   2445.33960174
     670   2452.65651976
     671   2459.98436221
     672   2467.32313943
     673   2474.67284100
     674   2482.03347741
     675   2489.40503811
     676   2496.78753373
     677   2504.18095357
     678   2511.58530841
     679   2519.00058739
     680   2526.42680146
     681   2533.86393959
     682   2541.31201290
     683   2548.77101019
     684   2556.24094274
     685   2563.72179921
     686   2571.21359101
     687   2578.71630665
     688   2586.22995773
     689   2593.75453255
     690   2601.29004290
     691   2608.83647691
     692   2616.39384654
     693   2623.96213975
     694   2631.54136867
     695   2639.13152109
     696   2646.73260931
     697   2654.34462094
     698   2661.96756847
     699   2669.60143932
     700   2677.24624617
     701   2684.90197624
     702   2692.56864242
     703   2700.24623172
     704   2707.93475723
     705   2715.63420578
     706   2723.34459063
     707   2731.06589842
     708   2738.79814262
     709   2746.54130966
     710   2754.29541322
     711   2762.06043952
     712   2769.83640245
     713   2777.62328800
     714   2785.42111031
     715   2793.22985513
     716   2801.04953682
     717   2808.88014091
     718   2816.72168199
     719   2824.57414536
     720   2832.43754583
     721   2840.31186848
     722   2848.19712836
     723   2856.09331030
     724   2864.00042958
     725   2871.91847081
     726   2879.84744951
     727   2887.78735004
     728   2895.73818816
     729   2903.69994799
     730   2911.67264554
     731   2919.65626467
     732   2927.65082165
     733   2935.65630008
     734   2943.67271651
     735   2951.70005425
     736   2959.73833013
     737   2967.78752718
     738   2975.84766251
     739   2983.91871887
     740   2992.00071366
     741   3000.09362933
     742   3008.19748358
     743   3016.31225858
     744   3024.43797229
     745   3032.57460660
     746   3040.72217979
     747   3048.88067342
     748   3057.05010608
     749   3065.23045903
     750   3073.42175117
     751   3081.62396344
     752   3089.83711506
     753   3098.06118665
     754   3106.29619776
     755   3114.54212867
     756   3122.79899927
     757   3131.06678950
     758   3139.34551958
     759   3147.63516913
     760   3155.93575871
     761   3164.24726757
     762   3172.56971665
     763   3180.90308482
     764   3189.24739339
     765   3197.60262087
     766   3205.96878895
     767   3214.34587573
     768   3222.73390330
     769   3231.13284939
     770   3239.54273646
     771   3247.96354185
     772   3256.39528842
     773   3264.83795310
     774   3273.29155917
     775   3281.75608314
     776   3290.23154871
     777   3298.71793196
     778   3307.21525702
     779   3315.72349955
     780   3324.24268411
     781   3332.77278590
     782   3341.31382995
     783   3349.86579100
     784   3358.42869454
     785   3367.00251484
     786   3375.58727787
     787   3384.18295741
     788   3392.78957992
     789   3401.40711869
     790   3410.03560068
     791   3418.67499867
     792   3427.32534014
     793   3435.98659734
     794   3444.65879827
     795   3453.34191466
     796   3462.03597505
     797   3470.74095063
     798   3479.45687047
     799   3488.18370522
     800   3496.92148451
     801   3505.67017841
     802   3514.42981713
     803   3523.20037018
     804   3531.98186832
     805   3540.77428049
     806   3549.57763805
     807   3558.39190932
     808   3567.21712629
     809   3576.05325665
     810   3584.90033300
     811   3593.75832243
     812   3602.62725817
     813   3611.50710664
     814   3620.39790174
     815   3629.29960924
     816   3638.21226369
     817   3647.13583019
     818   3656.07034397
     819   3665.01576945
     820   3673.97214254
     821   3682.93942698
     822   3691.91765937
     823   3700.90680274
     824   3709.90689440
     825   3718.91789667
     826   3727.93984758
     827   3736.97270873
     828   3746.01651887
     829   3755.07123887
     830   3764.13690820
     831   3773.21348703
     832   3782.30101553
     833   3791.39945315
     834   3800.50884079
     835   3809.62913717
     836   3818.76038392
     837   3827.90253903
     838   3837.05564484
     839   3846.21965866
     840   3855.39462352
     841   3864.58049599
     842   3873.77731983
     843   3882.98505095
     844   3892.20373374
     845   3901.43332346
     846   3910.67386513
     847   3919.92531343
     848   3929.18771397
     849   3938.46102079
     850   3947.74528010
     851   3957.04044544
     852   3966.34656349
     853   3975.66358729
     854   3984.99156398
     855   3994.33044625
     856   4003.68028154
     857   4013.04102221
     858   4022.41271597
     859   4031.79531507
     860   4041.18886726
     861   4050.59332471
     862   4060.00873519
     863   4069.43505102
     864   4078.87231973
     865   4088.32049388
     866   4097.77962064
     867   4107.24965317
     868   4116.73063790
     869   4126.22252874
     870   4135.72537124
     871   4145.23912048
     872   4154.76382065
     873   4164.29942822
     874   4173.84598580
     875   4183.40345183
     876   4192.97186670
     877   4202.55119115
     878   4212.14146298
     879   4221.74264602
     880   4231.35477467
     881   4240.97781627
     882   4250.61180133
     883   4260.25670173
     884   4269.91254301
     885   4279.57930222
     886   4289.25699920
     887   4298.94561756
     888   4308.64517001
     889   4318.35564754
     890   4328.07705479
     891   4337.80939199
     892   4347.55265373
     893   4357.30685066
     894   4367.07196607
     895   4376.84802339
     896   4386.63499203
     897   4396.43290992
     898   4406.24173074
     899   4416.06151005
     900   4425.89218250
     901   4435.73382352
     902   4445.58634624
     903   4455.44985013
     904   4465.32422239
     905   4475.20958961
     906   4485.10580965
     907   4495.01304175
     908   4504.93110858
     909   4514.86020625
     910   4524.80011763
     911   4534.75108292
     912   4544.71283750
     913   4554.68567145
     914   4564.66926633
     915   4574.66397165
     916   4584.66940503
     917   4594.68598321
     918   4604.71325131
     919   4614.75170597
     920   4624.80080636
     921   4634.86113960
     922   4644.93206735
     923   4655.01428399
     924   4665.10703583
     925   4675.21113882
     926   4685.32570830
     927   4695.45170404
     928   4705.58808674
     929   4715.73597935
     930   4725.89416681
     931   4736.06396480
     932   4746.24395104
     933   4756.43566013
     934   4766.63743402
     935   4776.85106552
     936   4787.07461899
     937   4797.31018080
     938   4807.55549915
     939   4817.81300635
     940   4828.08007864
     941   4838.35954210
     942   4848.64834889
     943   4858.94978873
     944   4869.26031521
     945   4879.58374633
     946   4889.91596670
     947   4900.26141600
     948   4910.61531020
     949   4920.98279809
     950   4931.35833176
     951   4941.74789425
     952   4952.14504020
     953   4962.55670523
     954   4972.97541761
     955   4983.40923343
     956   4993.84947536
     957   5004.30548018
     958   5014.76719031
     959   5025.24544895
     960   5035.72857721
     961   5046.22914186
     962   5056.73360595
     963   5067.25656384
     964   5077.78229579
     965   5088.32771813
     966   5098.87460733
     967   5109.44261166
     968   5120.01056583
     969   5130.60124924
     970   5141.19011947
     971   5151.80364049
     972   5162.41330169
     973   5173.04979232
     974   5183.68004386
     975   5194.33971793
     976   5204.99039076
     977   5215.67342702
     978   5226.34425111
     979   5237.05093739
     980   5247.74168564
     981   5258.47226218
     982   5269.18257241
     983   5279.93742485
     984   5290.66699539
     985   5301.44644234
     986   5312.19479116
     987   5322.99934432
     988   5333.76607867
     989   5344.59615085
     990   5355.38063853
     991   5366.23689693
     992   5377.03864450
     993   5387.92160239
     994   5398.73980176
     995   5409.65030315
     996   5420.48437331
     997   5431.42301005
     998   5442.27196148
     999   5453.23974908
    1000   5464.10297903
    1001   5475.10050440
    1002   5485.97688012
    1003   5497.00527361
    1004   5507.89433198
    1005   5518.95398826
    1006   5529.85454201
    1007   5540.94660339
    1008   5551.85860881
    1009   5562.98298572
    1010   5573.90522184
    1011   5585.06309650
    1012   5595.99622649
    1013   5607.18681628
    1014   5618.12896261
    1015   5629.35440373
    1016   5640.30683729
    1017   5651.56606485
    1018   5662.52295516
    1019   5673.82337770
    1020   5684.78676064
    1021   5696.12662575
    1022   5707.07204334
    1023   5718.47672079
    1024   5729.55528493
 ---------------------------------------
 
SCF converged! Final Ground-State Energy (Eh):             -10.4659142664373697
