 
     Two-Electron DVR    
 ------------------------
 x0     =      15.00000000
 m      =       1.00000000
 Z      =       3.00000000
 n      =              128
 dx     =       0.23622047
 
Soft-Coulomb Parameters:
 alpha  =       1.00000000
 beta   =       1.00000000
 
 
                       Hartree-Fock                      
 --------------------------------------------------------
 no. of orbitals        =              128
 no. of electrons       =                2
 scf_damping_switch     =        F
 scf_diis_switch        =        F
 damping_factor         =   0.00000000
 e_tolerance            = 0.0000000000100000
 maximum scf-iterations =              200
 
 
                       SCF iterations                      
 ----------------------------------------------------------
    S.No    Energy (hartree)        dE (hartree)
 ----------------------------------------------------------
       0     -4.671397010514
       1     -3.877961637571      0.793435372944
       2     -3.887038902500      0.009077264930
       3     -3.887526731850      0.000487829350
       4     -3.887552868707      0.000026136857
       5     -3.887554278751      0.000001410044
       6     -3.887554355272      0.000000076521
       7     -3.887554359439      0.000000004168
       8     -3.887554359667      0.000000000227
       9     -3.887554359679      0.000000000012
      10     -3.887554359680      0.000000000001
 ----------------------------------------------------------
  
 
 
 ---------------------------------------
     Molecular Orbital Energies (Eh)    
 ---------------------------------------
       1     -1.55712999
       2     -0.30139750
       3     -0.15003805
       4     -0.09318396
       5     -0.04815922
       6     -0.00054992
       7      0.06276692
       8      0.13561158
       9      0.22303409
      10      0.32013453
      11      0.43013633
      12      0.55046678
      13      0.68244202
      14      0.82529637
      15      0.97898994
      16      1.14388051
      17      1.31917171
      18      1.50577836
      19      1.70259941
      20      1.91072500
      21      2.12902985
      22      2.35856136
      23      2.59831458
      24      2.84919263
      25      3.11036579
      26      3.38256300
      27      3.66513355
      28      3.95864032
      29      4.26259092
      30      4.57740673
      31      4.90272453
      32      5.23885293
      33      5.58552877
      34      5.94297469
      35      6.31100228
      36      6.68977072
      37      7.07914593
      38      7.47924136
      39      7.88996160
      40      8.31138782
      41      8.74345157
      42      9.18621167
      43      9.63961817
      44     10.10371466
      45     10.57846362
      46     11.06389851
      47     11.55998996
      48     12.06676490
      49     12.58419904
      50     13.11231535
      51     13.65109255
      52     14.20055136
      53     14.76067200
      54     15.33147426
      55     15.91293881
      56     16.50508537
      57     17.10789429
      58     17.72138588
      59     18.34553969
      60     18.98037705
      61     19.62587620
      62     20.28205994
      63     20.94890500
      64     21.62643582
      65     22.31462724
      66     23.01350566
      67     23.72304410
      68     24.44327081
      69     25.17415671
      70     25.91573210
      71     26.66796630
      72     27.43089107
      73     28.20447399
      74     28.98874829
      75     29.78368112
      76     30.58930559
      77     31.40558884
      78     32.23256306
      79     33.07019862
      80     33.91852300
      81     34.77751165
      82     35.64718452
      83     36.52752971
      84     37.41855069
      85     38.32025407
      86     39.23261869
      87     40.15568716
      88     41.08939289
      89     42.03383053
      90     42.98886652
      91     43.95468804
      92     44.93104613
      93     45.91826218
      94     46.91591695
      95     47.92456013
      96     48.94348905
      97     49.97358706
      98     51.01373089
      99     52.06535797
     100     53.12665825
     101     54.19988536
     102     55.28220359
     103     56.37720264
     104     57.48039149
     105     58.59734120
     106     59.72107592
     107     60.86037699
     108     62.00429588
     109     63.16638640
     110     64.32973420
     111     65.51553683
     112     66.69746862
     113     67.90799310
     114     69.10682608
     115     70.34408091
     116     71.55807713
     117     72.82405106
     118     74.04988484
     119     75.34836823
     120     76.58348518
     121     77.91711538
     122     79.15592075
     123     80.53114623
     124     81.77187093
     125     83.19131406
     126     84.41491460
     127     85.91295544
     128     87.13629802
 ---------------------------------------
 
SCF converged! Final Ground-State Energy (Eh):              -3.8875543596799709
