 
     Two-Electron DVR    
 ------------------------
 x0     =      15.00000000
 m      =       1.00000000
 Z      =       6.00000000
 n      =               64
 dx     =       0.47619048
 
Soft-Coulomb Parameters:
 alpha  =       0.10000000
 beta   =       0.01000000
 
 
                       Hartree-Fock                      
 --------------------------------------------------------
 no. of orbitals        =               64
 no. of electrons       =                2
 scf_damping_switch     =        F
 scf_diis_switch        =        F
 damping_factor         =   0.00000000
 e_tolerance            = 0.0000000000100000
 maximum scf-iterations =              200
 
 
                       SCF iterations                      
 ----------------------------------------------------------
    S.No    Energy (hartree)        dE (hartree)
 ----------------------------------------------------------
       0    -26.442058263774
       1    -21.037216347428      5.404841916345
       2    -21.269657671725      0.232441324297
       3    -21.269831279625      0.000173607900
       4    -21.269832079117      0.000000799491
       5    -21.269832084315      0.000000005199
       6    -21.269832084355      0.000000000039
       7    -21.269832084355      0.000000000000
 ----------------------------------------------------------
  
 
 
 ---------------------------------------
     Molecular Orbital Energies (Eh)    
 ---------------------------------------
       1     -8.18766008
       2     -3.14831287
       3     -1.81566396
       4     -1.24937324
       5     -0.84434774
       6     -0.64934787
       7     -0.48299360
       8     -0.39438075
       9     -0.30582814
      10     -0.24363469
      11     -0.15211932
      12     -0.07109894
      13      0.05213784
      14      0.15603651
      15      0.30960718
      16      0.43415196
      17      0.61643696
      18      0.76009171
      19      0.97041194
      20      1.13216404
      21      1.37016560
      22      1.54907852
      23      1.81479772
      24      2.01022168
      25      2.30366264
      26      2.51480431
      27      2.83630518
      28      3.06267301
      29      3.41236565
      30      3.65316360
      31      4.03160110
      32      4.28642346
      33      4.69380051
      34      4.96172575
      35      5.39886165
      36      5.67949811
      37      6.14667911
      38      6.43878120
      39      6.93729290
      40      7.24035513
      41      7.77071187
      42      8.08280453
      43      8.64718428
      44      8.96748620
      45      9.56688761
      46      9.89219931
      47     10.53043262
      48     10.85947307
      49     11.53826745
      50     11.86582520
      51     12.59169014
      52     12.91650297
      53     13.69160345
      54     14.00583166
      55     14.84087496
      56     15.14572841
      57     16.04143759
      58     16.32558778
      59     17.30165169
      60     17.57637950
      61     18.62836106
      62     18.87155670
      63     20.08208978
      64     20.37496690
 ---------------------------------------
 
SCF converged! Final Ground-State Energy (Eh):             -21.2698320843548423
