 
     Two-Electron DVR    
 ------------------------
 x0     =      15.00000000
 m      =       1.00000000
 Z      =       6.00000000
 n      =              512
 dx     =       0.05870841
 
Soft-Coulomb Parameters:
 alpha  =       0.10000000
 beta   =       1.00000000
 
 
                       Hartree-Fock                      
 --------------------------------------------------------
 no. of orbitals        =              512
 no. of electrons       =                2
 scf_damping_switch     =        F
 scf_diis_switch        =        F
 damping_factor         =   0.00000000
 e_tolerance            = 0.0000000000100000
 maximum scf-iterations =              200
 
 
                       SCF iterations                      
 ----------------------------------------------------------
    S.No    Energy (hartree)        dE (hartree)
 ----------------------------------------------------------
       0    -27.953493991552
       1    -27.008461220120      0.945032771432
       2    -27.008692721341      0.000231501221
       3    -27.008693897541      0.000001176200
       4    -27.008693903595      0.000000006053
       5    -27.008693903626      0.000000000032
       6    -27.008693903627      0.000000000000
 ----------------------------------------------------------
  
 
 
 ---------------------------------------
     Molecular Orbital Energies (Eh)    
 ---------------------------------------
       1    -13.03206455
       2     -5.48913922
       3     -2.87342178
       4     -1.70160924
       5     -1.12618461
       6     -0.79557852
       7     -0.59436897
       8     -0.45913938
       9     -0.36501865
      10     -0.28756262
      11     -0.21020675
      12     -0.11928383
      13     -0.01482267
      14      0.10578293
      15      0.23842783
      16      0.38635237
      17      0.54507307
      18      0.71867786
      19      0.90227523
      20      1.10058852
      21      1.30832409
      22      1.53070920
      23      1.76208868
      24      2.00809670
      25      2.26276991
      26      2.53206732
      27      2.80977628
      28      3.10210544
      29      3.40265474
      30      3.71781071
      31      4.04104917
      32      4.37886526
      33      4.72467390
      34      5.08501234
      35      5.45329599
      36      5.83604160
      37      6.22672299
      38      6.63177879
      39      7.04479419
      40      7.47207813
      41      7.90737415
      42      8.35681672
      43      8.81434787
      44      9.28589014
      45      9.76561711
      46     10.25920916
      47     10.76109746
      48     11.27669709
      49     11.80071605
      50     12.33828766
      51     12.88440972
      52     13.44392337
      53     14.01212353
      54     14.59355411
      55     15.18380952
      56     15.78713602
      57     16.39942568
      58     17.02463059
      59     17.65893511
      60     18.30600389
      61     18.96230535
      62     19.63122593
      63     20.30950770
      64     21.00027012
      65     21.70051680
      66     22.41311283
      67     23.13531013
      68     23.86973301
      69     24.61386767
      70     25.37011185
      71     26.13617159
      72     26.91423251
      73     27.70220595
      74     28.50207988
      75     29.31195650
      76     30.13364038
      77     30.96541048
      78     31.80890179
      79     32.66255638
      80     33.52785306
      81     34.40338389
      82     35.29048422
      83     36.18788368
      84     37.09678625
      85     38.01604733
      86     38.94675095
      87     39.88786723
      88     40.84037089
      89     41.80333647
      90     42.77763930
      91     43.76244877
      92     44.75855004
      93     45.76519843
      94     46.78309749
      95     47.81158026
      96     48.85127652
      97     49.90158952
      98     50.96308244
      99     52.03522187
     100     53.11851098
     101     54.21247335
     102     55.31755819
     103     56.43334033
     104     57.56022048
     105     58.69781949
     106     59.84649454
     107     61.00590775
     108     62.17637731
     109     63.35760232
     110     64.54986601
     111     65.75290059
     112     66.96695806
     113     68.19180019
     114     69.42765107
     115     70.67429890
     116     71.93194285
     117     73.20039470
     118     74.47983138
     119     75.77008569
     120     77.07131477
     121     78.38337015
     122     79.70639131
     123     81.04024646
     124     82.38505938
     125     83.74071311
     126     85.10731749
     127     86.48476873
     128     87.87316426
     129     89.27241202
     130     90.68259841
     131     92.10364178
     132     93.53561876
     133     94.97845691
     134     96.43222419
     135     97.89685635
     136     99.37241368
     137    100.85883916
     138    102.35618627
     139    103.86440442
     140    105.38354107
     141    106.91355130
     142    108.45447725
     143    110.00627901
     144    111.56899403
     145    113.14258683
     146    114.72709069
     147    116.32247407
     148    117.92876656
     149    119.54594009
     150    121.17402101
     151    122.81298430
     152    124.46285345
     153    126.12360614
     154    127.79526334
     155    129.47780509
     156    131.17125015
     157    132.87558067
     158    134.59081342
     159    136.31693241
     160    138.05395270
     161    139.80185989
     162    141.56066756
     163    143.33036272
     164    145.11095762
     165    146.90244051
     166    148.70482250
     167    150.51809293
     168    152.34226188
     169    154.17731964
     170    156.02327542
     171    157.88012033
     172    159.74786282
     173    161.62649473
     174    163.51602382
     175    165.41644256
     176    167.32775814
     177    169.24996357
     178    171.18306555
     179    173.12705754
     180    175.08194581
     181    177.04772423
     182    179.02439871
     183    181.01196346
     184    183.01042405
     185    185.01977502
     186    187.04002166
     187    189.07115874
     188    191.11319135
     189    193.16611445
     190    195.22993296
     191    197.30464201
     192    199.39024635
     193    201.48674127
     194    203.59413138
     195    205.71241209
     196    207.84158792
     197    209.98165435
     198    212.13261585
     199    214.29446795
     200    216.46721506
     201    218.65085276
     202    220.84538545
     203    223.05080871
     204    225.26712692
     205    227.49433569
     206    229.73243940
     207    231.98143364
     208    234.24132280
     209    236.51210246
     210    238.79377705
     211    241.08634210
     212    243.38980208
     213    245.70415249
     214    248.02939784
     215    250.36553358
     216    252.71256428
     217    255.07048532
     218    257.43930135
     219    259.81900767
     220    262.20960900
     221    264.61110058
     222    267.02348721
     223    269.44676403
     224    271.88093593
     225    274.32599798
     226    276.78195515
     227    279.24880241
     228    281.72654484
     229    284.21517730
     230    286.71470498
     231    289.22512264
     232    291.74643556
     233    294.27863841
     234    296.82173658
     235    299.37572460
     236    301.94060801
     237    304.51638122
     238    307.10304987
     239    309.70060825
     240    312.30906215
     241    314.92840571
     242    317.55864485
     243    320.19977360
     244    322.85179800
     245    325.51471192
     246    328.18852158
     247    330.87322070
     248    333.56881563
     249    336.27529994
     250    338.99268014
     251    341.72094966
     252    344.46011516
     253    347.21016989
     254    349.97112068
     255    352.74296064
     256    355.52569675
     257    358.31932195
     258    361.12384338
     259    363.93925383
     260    366.76556061
     261    369.60275632
     262    372.45084846
     263    375.30982945
     264    378.17970697
     265    381.06047326
     266    383.95213618
     267    386.85468778
     268    389.76813611
     269    392.69247304
     270    395.62770681
     271    398.57382910
     272    401.53084832
     273    404.49875598
     274    407.47756068
     275    410.46725373
     276    413.46784394
     277    416.47932241
     278    419.50169814
     279    422.53496204
     280    425.57912333
     281    428.63417269
     282    431.70011955
     283    434.77695440
     284    437.86468686
     285    440.96330722
     286    444.07282531
     287    447.19323121
     288    450.32453494
     289    453.46672640
     290    456.61981582
     291    459.78379287
     292    462.95866800
     293    466.14443067
     294    469.34109152
     295    472.54863985
     296    475.76708646
     297    478.99642046
     298    482.23665285
     299    485.48777257
     300    488.74979078
     301    492.02269624
     302    495.30650028
     303    498.60119153
     304    501.90678144
     305    505.22325849
     306    508.55063429
     307    511.88889719
     308    515.23805891
     309    518.59810769
     310    521.96905534
     311    525.35089005
     312    528.74362367
     313    532.14724433
     314    535.56176393
     315    538.98717060
     316    542.42347622
     317    545.87066893
     318    549.32876055
     319    552.79773937
     320    556.27761704
     321    559.76838198
     322    563.27004570
     323    566.78259685
     324    570.30604664
     325    573.84038402
     326    577.38561986
     327    580.94174356
     328    584.50876550
     329    588.08667554
     330    591.67548353
     331    595.27518002
     332    598.88577410
     333    602.50725707
     334    606.13963717
     335    609.78290675
     336    613.43707292
     337    617.10212912
     338    620.77808126
     339    624.46492425
     340    628.16266239
     341    631.87129220
     342    635.59081621
     343    639.32123304
     344    643.06254295
     345    646.81474682
     346    650.57784246
     347    654.35183361
     348    658.13671500
     349    661.93249348
     350    665.73916038
     351    669.55672648
     352    673.38517889
     353    677.22453267
     354    681.07477029
     355    684.93591212
     356    688.80793492
     357    692.69086488
     358    696.58467247
     359    700.48939103
     360    704.40498334
     361    708.33149061
     362    712.26886713
     363    716.21716370
     364    720.17632431
     365    724.14641033
     366    728.12735437
     367    732.11923060
     368    736.12195788
     369    740.13562454
     370    744.16013421
     371    748.19559225
     372    752.24188401
     373    756.29913376
     374    760.36720650
     375    764.44624916
     376    768.53610246
     377    772.63693851
     378    776.74857092
     379    780.87120191
     380    785.00461282
     381    789.14903939
     382    793.30422695
     383    797.47045110
     384    801.64741443
     385    805.83543707
     386    810.03417376
     387    814.24399748
     388    818.46450631
     389    822.69613236
     390    826.93841019
     391    831.19184192
     392    835.45588707
     393    839.73112622
     394    844.01693461
     395    848.31398552
     396    852.62155483
     397    856.94041990
     398    861.26974481
     399    865.61042969
     400    869.96150703
     401    874.32401501
     402    878.69683783
     403    883.08117629
     404    887.47574027
     405    891.88191369
     406    896.29820975
     407    900.72622779
     408    905.16425004
     409    909.61411883
     410    914.07385538
     411    918.54558755
     412    923.02703041
     413    927.52063431
     414    932.02376787
     415    936.53926012
     416    941.06407354
     417    945.60146545
     418    950.14793824
     419    954.70725168
     420    959.27536915
     421    963.85661950
     422    968.44635462
     423    973.04957073
     424    977.66090367
     425    982.28610636
     426    986.91900141
     427    991.56622884
     428    996.22065920
     429   1000.88993958
     430   1005.56585798
     431   1010.25724187
     432   1014.95461209
     433   1019.66813770
     434   1024.38689701
     435   1029.12263151
     436   1033.86273097
     437   1038.62072609
     438   1043.38208221
     439   1048.16242745
     440   1052.94497409
     441   1057.74773949
     442   1062.55136523
     443   1067.37667034
     444   1072.20128572
     445   1077.04922545
     446   1081.89468131
     447   1086.76541589
     448   1091.63159111
     449   1096.52524923
     450   1101.41194344
     451   1106.32874055
     452   1111.23578959
     453   1116.17590041
     454   1121.10303410
     455   1126.06674945
     456   1131.01374489
     457   1136.00130234
     458   1140.96779371
     459   1145.97958752
     460   1150.96527156
     461   1156.00162538
     462   1161.00600434
     463   1166.06745531
     464   1171.09011570
     465   1176.17710577
     466   1181.21736647
     467   1186.33063165
     468   1191.38792739
     469   1196.52807283
     470   1201.60146549
     471   1206.76950655
     472   1211.85822103
     473   1217.05498892
     474   1222.15772318
     475   1227.38462979
     476   1232.50031770
     477   1237.75850863
     478   1242.88532663
     479   1248.17678382
     480   1253.31326140
     481   1258.63956883
     482   1263.78312445
     483   1269.14709588
     484   1274.29569836
     485   1279.69952842
     486   1284.84947628
     487   1290.29721447
     488   1295.44570800
     489   1300.94039202
     490   1306.08204125
     491   1311.62959843
     492   1316.76058401
     493   1322.36518554
     494   1327.47750006
     495   1333.14802240
     496   1338.23660678
     497   1343.97864515
     498   1349.03123901
     499   1354.85857998
     500   1359.86900532
     501   1365.78871260
     502   1370.73708268
     503   1376.77219789
     504   1381.65297310
     505   1387.81086926
     506   1392.58695404
     507   1398.91394286
     508   1403.59195253
     509   1410.08799246
     510   1414.56290963
     511   1421.39947666
     512   1425.94155725
 ---------------------------------------
 
SCF converged! Final Ground-State Energy (Eh):             -27.0086939036265861
