 
     Two-Electron DVR    
 ------------------------
 x0     =      15.00000000
 m      =       1.00000000
 Z      =       2.00000000
 n      =              128
 dx     =       0.23622047
 
Soft-Coulomb Parameters:
 alpha  =       1.00000000
 beta   =       0.10000000
 
 
                       Hartree-Fock                      
 --------------------------------------------------------
 no. of orbitals        =              128
 no. of electrons       =                2
 scf_damping_switch     =        F
 scf_diis_switch        =        F
 damping_factor         =   0.00000000
 e_tolerance            = 0.0000000000100000
 maximum scf-iterations =              200
 
 
                       SCF iterations                      
 ----------------------------------------------------------
    S.No    Energy (hartree)        dE (hartree)
 ----------------------------------------------------------
       0     -2.966871954618
       1     -1.509355285577      1.457516669042
       2     -1.683903514370      0.174548228793
       3     -1.685962164696      0.002058650327
       4     -1.686027171391      0.000065006694
       5     -1.686029831924      0.000002660533
       6     -1.686030023959      0.000000192035
       7     -1.686030043952      0.000000019993
       8     -1.686030046306      0.000000002353
       9     -1.686030046591      0.000000000285
      10     -1.686030046625      0.000000000035
      11     -1.686030046630      0.000000000004
 ----------------------------------------------------------
  
 
 
 ---------------------------------------
     Molecular Orbital Energies (Eh)    
 ---------------------------------------
       1     -0.30447889
       2      0.04154933
       3      0.04381704
       4      0.13039407
       5      0.14290418
       6      0.25474598
       7      0.28810447
       8      0.41355215
       9      0.47558385
      10      0.61116574
      11      0.70385785
      12      0.85087011
      13      0.97255022
      14      1.13351432
      15      1.28178648
      16      1.45895294
      17      1.63188080
      18      1.82691748
      19      2.02317661
      20      2.23723190
      21      2.45597775
      22      2.68981555
      23      2.93052910
      24      3.18464972
      25      3.44701970
      26      3.72174951
      27      4.00559317
      28      4.30114598
      29      4.60635861
      30      4.92287599
      31      5.24939971
      32      5.58697682
      33      5.93478154
      34      6.29348361
      35      6.66255558
      36      7.04242831
      37      7.43276318
      38      7.83383942
      39      8.24543811
      40      8.66774208
      41      9.10060834
      42      9.54415840
      43      9.99829737
      44     10.46310780
      45     10.93852515
      46     11.42460733
      47     11.92130879
      48     12.42867203
      49     12.94666316
      50     13.47531519
      51     14.01460122
      52     14.56454864
      53     15.12513441
      54     15.69638289
      55     16.27827288
      56     16.87082739
      57     17.47402569
      58     18.08789061
      59     18.71240099
      60     19.34758027
      61     19.99340613
      62     20.64990329
      63     21.31704782
      64     21.99486610
      65     22.68333215
      66     23.38247446
      67     24.09226477
      68     24.81273384
      69     25.54385082
      70     26.28564908
      71     27.03809511
      72     27.80122496
      73     28.57500209
      74     29.35946548
      75     30.15457594
      76     30.96037498
      77     31.77682052
      78     32.60395666
      79     33.44173955
      80     34.29021458
      81     35.14933642
      82     36.01915104
      83     36.89961452
      84     37.79077001
      85     38.69257685
      86     39.60507251
      87     40.52822668
      88     41.46206269
      89     42.40656672
      90     43.36173946
      91     44.32760044
      92     45.30410747
      93     46.29133057
      94     47.28916179
      95     48.29776149
      96     49.31690797
      97     50.34689665
      98     51.38733375
      99     52.43874292
     100     53.50044588
     101     54.57330631
     102     55.65621788
     103     56.75059941
     104     57.85465760
     105     58.97063490
     106     60.09571186
     107     61.23343644
     108     62.37938877
     109     63.53903000
     110     64.70559265
     111     65.88745040
     112     67.07433579
     113     68.27873292
     114     69.48550466
     115     70.71285417
     116     71.93917262
     117     73.18972881
     118     74.43560788
     119     75.70868005
     120     76.97537466
     121     78.26831899
     122     79.56247326
     123     80.86241202
     124     82.20105510
     125     83.47871005
     126     84.92727131
     127     86.09362643
     128     87.69641025
 ---------------------------------------
 
SCF converged! Final Ground-State Energy (Eh):              -1.6860300466295994
