 
     Two-Electron DVR    
 ------------------------
 x0     =      15.00000000
 m      =       1.00000000
 Z      =       5.00000000
 n      =               32
 dx     =       0.96774194
 
Soft-Coulomb Parameters:
 alpha  =       0.10000000
 beta   =       1.00000000
 
 
                       Hartree-Fock                      
 --------------------------------------------------------
 no. of orbitals        =               32
 no. of electrons       =                2
 scf_damping_switch     =        F
 scf_diis_switch        =        F
 damping_factor         =   0.00000000
 e_tolerance            = 0.0000000000100000
 maximum scf-iterations =              200
 
 
                       SCF iterations                      
 ----------------------------------------------------------
    S.No    Energy (hartree)        dE (hartree)
 ----------------------------------------------------------
       0    -16.125264064555
       1    -15.274335963427      0.850928101129
       2    -15.274687243781      0.000351280355
       3    -15.274689965779      0.000002721998
       4    -15.274689987345      0.000000021566
       5    -15.274689987517      0.000000000172
       6    -15.274689987518      0.000000000001
 ----------------------------------------------------------
  
 
 
 ---------------------------------------
     Molecular Orbital Energies (Eh)    
 ---------------------------------------
       1     -7.21224227
       2     -4.67586464
       3     -1.20577687
       4     -1.05994202
       5     -0.51012167
       6     -0.47125832
       7     -0.28284187
       8     -0.26612835
       9     -0.15339250
      10     -0.13751145
      11      0.00668488
      12      0.02877205
      13      0.21941103
      14      0.24693532
      15      0.48145807
      16      0.51460592
      17      0.79067448
      18      0.82833445
      19      1.14646079
      20      1.18978685
      21      1.54831732
      22      1.59549010
      23      1.99741634
      24      2.05114992
      25      2.49424488
      26      2.55091921
      27      3.04396861
      28      3.11045607
      29      3.65042874
      30      3.71717858
      31      4.35404827
      32      4.45901951
 ---------------------------------------
 
SCF converged! Final Ground-State Energy (Eh):             -15.2746899875183448
