 
     Two-Electron DVR    
 ------------------------
 x0     =      15.00000000
 m      =       1.00000000
 Z      =       2.00000000
 n      =              512
 dx     =       0.05870841
 
Soft-Coulomb Parameters:
 alpha  =       0.01000000
 beta   =       1.00000000
 
 
                       Hartree-Fock                      
 --------------------------------------------------------
 no. of orbitals        =              512
 no. of electrons       =                2
 scf_damping_switch     =        F
 scf_diis_switch        =        F
 damping_factor         =   0.00000000
 e_tolerance            = 0.0000000000100000
 maximum scf-iterations =              200
 
 
                       SCF iterations                      
 ----------------------------------------------------------
    S.No    Energy (hartree)        dE (hartree)
 ----------------------------------------------------------
       0    -18.840842176935
       1    -17.885092782755      0.955749394179
       2    -17.885286310236      0.000193527481
       3    -17.885287341524      0.000001031288
       4    -17.885287347214      0.000000005690
       5    -17.885287347246      0.000000000032
       6    -17.885287347246      0.000000000000
 ----------------------------------------------------------
  
 
 
 ---------------------------------------
     Molecular Orbital Energies (Eh)    
 ---------------------------------------
       1     -8.46496492
       2     -0.29601986
       3      0.00644658
       4      0.02508625
       5      0.06091919
       6      0.10493155
       7      0.16391765
       8      0.23600798
       9      0.31419215
      10      0.41529209
      11      0.51105533
      12      0.64109904
      13      0.75404430
      14      0.91250515
      15      1.04280977
      16      1.22897393
      17      1.37707002
      18      1.59016954
      19      1.75658857
      20      1.99586651
      21      2.18116201
      22      2.44590431
      23      2.65061289
      24      2.94016326
      25      3.16478523
      26      3.47855084
      27      3.72354139
      28      4.06099353
      29      4.32675979
      30      4.68743167
      31      4.97433305
      32      5.35781605
      33      5.66616639
      34      6.07210550
      35      6.40217629
      36      6.83026525
      37      7.18228921
      38      7.63226563
      39      8.00644050
      40      8.47808113
      41      8.87457336
      42      9.36768963
      43      9.78663792
      44     10.30107184
      45     10.74259041
      46     11.27821080
      47     11.74239245
      48     12.29909154
      49     12.78601033
      50     13.36370073
      51     13.87341449
      52     14.47202646
      53     15.00457896
      54     15.62405802
      55     16.17948094
      56     16.81978575
      57     17.39810038
      58     18.05920086
      59     18.66041963
      60     19.34229538
      61     19.96642316
      62     20.66906198
      63     21.31609728
      64     22.03949398
      65     22.70942993
      66     23.45358519
      67     24.14641044
      68     24.91132995
      69     25.62702939
      70     26.41272297
      71     27.15127847
      72     27.95775939
      73     28.71915030
      74     29.54643467
      75     30.33063836
      76     31.17874460
      77     31.98573686
      78     32.85468527
      79     33.68444068
      80     34.57425301
      81     35.42674526
      82     36.33744439
      83     37.21264656
      84     38.14425624
      85     39.04214099
      86     39.99468554
      87     40.91522536
      88     41.88872951
      89     42.83189684
      90     43.82638550
      91     44.79215292
      92     45.80765107
      93     46.79599134
      94     47.83252388
      95     48.84341011
      96     49.90100178
      97     50.93440747
      98     52.01308270
      99     53.06898185
     100     54.16876474
     101     55.24713184
     102     56.36804606
     103     57.46885620
     104     58.61092498
     105     59.73415383
     106     60.89739987
     107     62.04302375
     108     63.22746925
     109     64.39546510
     110     65.60113166
     111     66.79147710
     112     68.01838577
     113     69.23105909
     114     70.47923030
     115     71.71421046
     116     72.98366406
     117     74.24093068
     118     75.53168591
     119     76.81121930
     120     78.12329479
     121     79.42507590
     122     80.75848967
     123     82.08250013
     124     83.43726963
     125     84.78349168
     126     86.15963372
     127     87.52805029
     128     88.92558114
     129     90.31617571
     130     91.73511103
     131     93.14786776
     132     94.58822268
     133     96.02312625
     134     97.48491532
     135     98.94195106
     136    100.42518832
     137    101.90434206
     138    103.40904097
     139    104.91029914
     140    106.43647272
     141    107.95982225
     142    109.50748295
     143    111.05291130
     144    112.62207115
     145    114.18956625
     146    115.78023676
     147    117.36978708
     148    118.98197934
     149    120.59357376
     150    122.22729837
     151    123.86092628
     152    125.51619347
     153    127.17184464
     154    128.84866417
     155    130.52632885
     156    132.22471015
     157    133.92437892
     158    135.64433095
     159    137.36599489
     160    139.10752630
     161    140.85117677
     162    142.61429580
     163    144.37992461
     164    146.16463922
     165    147.95223845
     166    149.75855616
     167    151.56811833
     168    153.39604645
     169    155.22756430
     170    157.07710972
     171    158.93057642
     172    160.80174583
     173    162.67715473
     174    164.56995443
     175    166.46729931
     176    168.38173541
     177    170.30101020
     178    172.23708845
     179    174.17828749
     180    176.13601347
     181    178.09913122
     182    180.07851017
     183    182.06354147
     184    184.06457848
     185    186.07151831
     186    188.09421813
     187    190.12306182
     188    192.16742909
     189    194.21817206
     190    196.28421107
     191    198.35684911
     192    200.44456409
     193    202.53909304
     194    204.64848785
     195    206.76490394
     196    208.89598242
     197    211.03428187
     198    213.18704750
     199    215.34722693
     200    217.52168317
     201    219.70373918
     202    221.89988915
     203    224.10381871
     204    226.32166553
     205    228.54746560
     206    230.78701204
     207    233.03467994
     208    235.29592880
     209    237.56546180
     210    239.84841552
     211    242.13981128
     212    244.44447236
     213    246.75772845
     214    249.08409903
     215    251.41921340
     216    253.76729571
     217    256.12426622
     218    258.49406209
     219    260.87288700
     220    263.26439839
     221    265.66507583
     222    268.07830429
     223    270.50083279
     224    272.93578004
     225    275.38015798
     226    277.83682530
     227    280.30305149
     228    282.78144036
     229    285.26951341
     230    287.76962484
     231    290.27954383
     232    292.80137908
     233    295.33314285
     234    297.87670268
     235    300.43031057
     236    302.99559601
     237    305.57104707
     238    308.15805864
     239    310.75535247
     240    313.36409097
     241    315.98322685
     242    318.61369257
     243    321.25467033
     244    323.90686386
     245    326.56968300
     246    329.24360437
     247    331.92826496
     248    334.62391457
     249    337.33041632
     250    340.04779395
     251    342.77613720
     252    345.51524304
     253    348.26542768
     254    351.02626127
     255    353.79828790
     256    356.58084922
     257    359.37471794
     258    362.17900628
     259    364.99471795
     260    367.82073307
     261    370.65828801
     262    373.50602894
     263    376.36542827
     264    379.23489457
     265    382.11613882
     266    385.00732925
     267    387.91041980
     268    390.82333371
     269    393.74827133
     270    396.68290718
     271    399.62969354
     272    402.58605045
     273    405.55468655
     274    408.53276269
     275    411.52325050
     276    414.52304477
     277    417.53538552
     278    420.55689577
     279    423.59109175
     280    426.63431662
     281    429.69036932
     282    432.75530634
     283    435.83321840
     284    438.91986594
     285    442.01963910
     286    445.12799433
     287    448.24963160
     288    451.37969263
     289    454.52319603
     290    457.67495963
     291    460.84033257
     292    464.01379656
     293    467.20104136
     294    470.39620209
     295    473.60532258
     296    476.82217757
     297    480.05317639
     298    483.29172152
     299    486.54460297
     300    489.80483542
     301    493.07960249
     302    496.36151766
     303    499.65817514
     304    502.96176984
     305    506.28032110
     306    509.60559020
     307    512.94604058
     308    516.29298047
     309    519.65533376
     310    523.02393874
     311    526.40820086
     312    529.79846688
     313    533.20464206
     314    536.61656280
     315    540.04465762
     316    543.47822854
     317    546.92824773
     318    550.38346180
     319    553.85541265
     320    557.33226481
     321    560.82615258
     322    564.32463503
     323    567.84046780
     324    571.36057493
     325    574.89835853
     326    578.44008168
     327    581.99982508
     328    585.56315800
     329    589.14486767
     330    592.72980077
     331    596.33348662
     332    599.94001297
     333    603.56568218
     334    607.19379115
     335    610.84145470
     336    614.49113859
     337    618.16080443
     338    621.83205149
     339    625.52373176
     340    629.21653344
     341    632.93023697
     342    636.64458024
     343    640.38032045
     344    644.11619584
     345    647.87398251
     346    651.63137561
     347    655.41122359
     348    659.19012388
     349    662.99204401
     350    666.79243553
     351    670.61644425
     352    674.43831535
     353    678.28442465
     354    682.12775764
     355    685.99598574
     356    689.86076771
     357    693.75112789
     358    697.63733922
     359    701.54985166
     360    705.45747804
     361    709.39215746
     362    713.32117715
     363    717.27804592
     364    721.22844304
     365    725.20751745
     366    729.17926788
     367    733.18057276
     368    737.17365890
     369    741.19721231
     370    745.21160735
     371    749.25743687
     372    753.29312130
     373    757.36124692
     374    761.41819096
     375    765.50864332
     376    769.58682532
     377    773.69962661
     378    777.79901342
     379    781.93419772
     380    786.05476533
     381    790.21235725
     382    794.35406877
     383    798.53410624
     384    802.69693497
     385    806.89944533
     386    811.08335016
     387    815.30837567
     388    819.51332697
     389    823.76089798
     390    827.98684986
     391    832.25701354
     392    836.50393305
     393    840.79672313
     394    845.06455902
     395    849.38002820
     396    853.66874381
     397    858.00692960
     398    862.31646760
     399    866.67742895
     400    871.00774852
     401    875.39152720
     402    879.74256412
     403    884.14922616
     404    888.52093497
     405    892.95052690
     406    897.34283552
     407    901.79543145
     408    906.20828918
     409    910.68394100
     410    915.11726684
     411    919.61605786
     412    924.06979522
     413    928.59178337
     414    933.06584101
     415    937.61112013
     416    942.10543483
     417    946.67406964
     418    951.18853845
     419    955.78063489
     420    960.31518707
     421    964.93081756
     422    969.48533665
     423    974.12462107
     424    978.69902786
     425    983.36204733
     426    987.95620973
     427    992.64310027
     428    997.25692945
     429   1001.96778207
     430   1006.60112779
     431   1011.33609727
     432   1015.98885976
     433   1020.74804836
     434   1025.42005619
     435   1030.20364062
     436   1034.89478157
     437   1039.70287693
     438   1044.41295468
     439   1049.24576346
     440   1053.97465154
     441   1058.83230354
     442   1063.57977624
     443   1068.46250446
     444   1073.22841897
     445   1078.13637010
     446   1082.92046569
     447   1087.85390912
     448   1092.65602421
     449   1097.61512606
     450   1102.43495793
     451   1107.42003135
     452   1112.25739673
     453   1117.26863037
     454   1122.12317561
     455   1127.16093575
     456   1132.03245251
     457   1137.09695392
     458   1141.98502621
     459   1147.07670043
     460   1151.98109070
     461   1157.10018305
     462   1162.02039802
     463   1167.16742110
     464   1172.10318920
     465   1177.27842419
     466   1182.22915492
     467   1187.43321669
     468   1192.39859867
     469   1197.63181061
     470   1202.61112915
     471   1207.87423730
     472   1212.86713451
     473   1218.16051200
     474   1223.16611158
     475   1228.49067575
     476   1233.50856608
     477   1238.86474830
     478   1243.89383850
     479   1249.28278436
     480   1254.32260265
     481   1259.74480982
     482   1264.79397452
     483   1270.25089890
     484   1275.30887718
     485   1280.80108539
     486   1285.86609348
     487   1291.39547116
     488   1296.46693371
     489   1302.03409848
     490   1307.10966635
     491   1312.71710674
     492   1317.79624038
     493   1323.44454129
     494   1328.52408773
     495   1334.21658678
     496   1339.29629653
     497   1345.03326488
     498   1350.10883251
     499   1355.89479491
     500   1360.96704268
     501   1366.80107784
     502   1371.86399389
     503   1377.75227658
     504   1382.81028756
     505   1388.74781157
     506   1393.79188770
     507   1399.78725603
     508   1404.83605631
     509   1410.86736185
     510   1415.90167729
     511   1421.97660039
     512   1427.19778989
 ---------------------------------------
 
SCF converged! Final Ground-State Energy (Eh):             -17.8852873472459848
