 
     Two-Electron DVR    
 ------------------------
 x0     =      15.00000000
 m      =       1.00000000
 Z      =       1.00000000
 n      =              128
 dx     =       0.23622047
 
Soft-Coulomb Parameters:
 alpha  =       1.00000000
 beta   =       1.00000000
 
 
                       Hartree-Fock                      
 --------------------------------------------------------
 no. of orbitals        =              128
 no. of electrons       =                2
 scf_damping_switch     =        F
 scf_diis_switch        =        F
 damping_factor         =   0.00000000
 e_tolerance            = 0.0000000000100000
 maximum scf-iterations =              200
 
 
                       SCF iterations                      
 ----------------------------------------------------------
    S.No    Energy (hartree)        dE (hartree)
 ----------------------------------------------------------
       0     -1.339554276422
       1     -0.648577718644      0.690976557778
       2     -0.687157780712      0.038580062068
       3     -0.691516522792      0.004358742080
       4     -0.691960028748      0.000443505956
       5     -0.692013992250      0.000053963502
       6     -0.692022610262      0.000008618012
       7     -0.692024279954      0.000001669692
       8     -0.692024638224      0.000000358270
       9     -0.692024719074      0.000000080849
      10     -0.692024737785      0.000000018711
      11     -0.692024742172      0.000000004387
      12     -0.692024743207      0.000000001035
      13     -0.692024743453      0.000000000245
      14     -0.692024743511      0.000000000058
      15     -0.692024743525      0.000000000014
      16     -0.692024743528      0.000000000003
 ----------------------------------------------------------
  
 
 
 ---------------------------------------
     Molecular Orbital Energies (Eh)    
 ---------------------------------------
       1     -0.05386803
       2      0.14934410
       3      0.15076937
       4      0.26171541
       5      0.27121219
       6      0.39404646
       7      0.42499731
       8      0.54955186
       9      0.61400674
      10      0.74188509
      11      0.83998010
      12      0.97800240
      13      1.10461067
      14      1.25775354
      15      1.40923051
      16      1.58023353
      17      1.75474702
      18      1.94506062
      19      2.14174418
      20      2.35216020
      21      2.57059682
      22      2.80156981
      23      3.04155095
      24      3.29335446
      25      3.55477237
      26      3.82757736
      27      4.11037546
      28      4.40429178
      29      4.70844061
      30      5.02354034
      31      5.34902521
      32      5.68535644
      33      6.03217075
      34      6.38976608
      35      6.75790764
      36      7.13678944
      37      7.52625840
      38      7.92644225
      39      8.33723989
      40      8.75873682
      41      9.19086488
      42      9.63368280
      43     10.08714318
      44     10.55128785
      45     11.02608237
      46     11.51155808
      47     12.00768843
      48     12.51449844
      49     13.03196612
      50     13.56011294
      51     14.09891932
      52     14.64840494
      53     15.20855122
      54     15.77937726
      55     16.36086450
      56     16.95303233
      57     17.55586148
      58     18.16937226
      59     18.79354420
      60     19.42839897
      61     20.07391448
      62     20.73011417
      63     21.39697401
      64     22.07451950
      65     22.76272435
      66     23.46161645
      67     24.17116700
      68     24.89140652
      69     25.62230339
      70     26.36389105
      71     27.11613492
      72     27.87907153
      73     28.65266295
      74     29.43694915
      75     30.23188884
      76     31.03752543
      77     31.85381392
      78     32.68080140
      79     33.51843954
      80     34.36677868
      81     35.22576697
      82     36.09545797
      83     36.97579760
      84     37.86684106
      85     38.76853262
      86     39.68092804
      87     40.60397350
      88     41.53772099
      89     42.48212134
      90     43.43721877
      91     44.40297783
      92     45.37942396
      93     46.36654406
      94     47.36433290
      95     48.37282229
      96     49.39194903
      97     50.42181389
      98     51.46226344
      99     52.51352281
     100     53.57528105
     101     54.64795160
     102     55.73098157
     103     56.82510871
     104     57.92937239
     105     59.04500082
     106     60.17040775
     107     61.30764810
     108     62.45409885
     109     63.61306954
     110     64.78034153
     111     65.96131447
     112     67.14915296
     113     68.35243487
     114     69.56029768
     115     70.78654028
     116     72.01381597
     117     73.26374186
     118     74.50925600
     119     75.78412677
     120     77.04692225
     121     78.34752919
     122     79.62713427
     123     80.95172389
     124     82.25339145
     125     83.58962794
     126     84.94780139
     127     86.21751980
     128     87.73865426
 ---------------------------------------
 
SCF converged! Final Ground-State Energy (Eh):              -0.6920247435279584
