 
     Two-Electron DVR    
 ------------------------
 x0     =      15.00000000
 m      =       1.00000000
 Z      =       6.00000000
 n      =               32
 dx     =       0.96774194
 
Soft-Coulomb Parameters:
 alpha  =       0.01000000
 beta   =       0.10000000
 
 
                       Hartree-Fock                      
 --------------------------------------------------------
 no. of orbitals        =               32
 no. of electrons       =                2
 scf_damping_switch     =        F
 scf_diis_switch        =        F
 damping_factor         =   0.00000000
 e_tolerance            = 0.0000000000100000
 maximum scf-iterations =              200
 
 
                       SCF iterations                      
 ----------------------------------------------------------
    S.No    Energy (hartree)        dE (hartree)
 ----------------------------------------------------------
       0    -23.052185296678
       1    -21.000258941980      2.051926354698
       2    -21.003556795068      0.003297853087
       3    -21.003579482313      0.000022687246
       4    -21.003579640032      0.000000157719
       5    -21.003579641134      0.000000001102
       6    -21.003579641142      0.000000000008
 ----------------------------------------------------------
  
 
 
 ---------------------------------------
     Molecular Orbital Energies (Eh)    
 ---------------------------------------
       1     -9.47941113
       2     -6.60102282
       3     -1.61328469
       4     -1.47903040
       5     -0.75695220
       6     -0.71311737
       7     -0.44067083
       8     -0.42095836
       9     -0.27991006
      10     -0.26647232
      11     -0.12698106
      12     -0.10924840
      13      0.07770823
      14      0.10056034
      15      0.33449329
      16      0.36266256
      17      0.64025792
      18      0.67267428
      19      0.99402428
      20      1.03184331
      21      1.39514143
      22      1.43646072
      23      1.84509723
      24      1.89255735
      25      2.34466674
      26      2.39434759
      27      2.90048820
      28      2.95910496
      29      3.51770975
      30      3.57532094
      31      4.24674495
      32      4.34024910
 ---------------------------------------
 
SCF converged! Final Ground-State Energy (Eh):             -21.0035796411415348
