 
     Two-Electron DVR    
 ------------------------
 x0     =      15.00000000
 m      =       1.00000000
 Z      =       2.00000000
 n      =              256
 dx     =       0.11764706
 
Soft-Coulomb Parameters:
 alpha  =       1.00000000
 beta   =       0.01000000
 
 
                       Hartree-Fock                      
 --------------------------------------------------------
 no. of orbitals        =              256
 no. of electrons       =                2
 scf_damping_switch     =        T
 scf_diis_switch        =        F
 damping_factor         =   0.60000000
 e_tolerance            = 0.0000000000100000
 maximum scf-iterations =              200
 
 
                       SCF iterations                      
 ----------------------------------------------------------
    S.No    Energy (hartree)        dE (hartree)
 ----------------------------------------------------------
       0     -2.966871954641
       1     -0.710943682207      2.255928272434
       2     -0.943542960085      0.232599277879
       3     -1.089787701325      0.146244741240
       4     -1.168432281225      0.078644579900
       5     -1.215097286423      0.046665005198
       6     -1.243888522655      0.028791236231
       7     -1.261783552427      0.017895029772
       8     -1.272858557907      0.011075005480
       9     -1.279665889365      0.006807331458
      10     -1.283823939407      0.004158050042
      11     -1.286351326390      0.002527386983
      12     -1.287882017686      0.001530691295
      13     -1.288806685147      0.000924667461
      14     -1.289364250204      0.000557565057
      15     -1.289700027791      0.000335777588
      16     -1.289902058461      0.000202030670
      17     -1.290023538598      0.000121480137
      18     -1.290096550491      0.000073011893
      19     -1.290140417327      0.000043866836
      20     -1.290166766745      0.000026349418
      21     -1.290182591033      0.000015824288
      22     -1.290192093023      0.000009501991
      23     -1.290197798025      0.000005705002
      24     -1.290201223002      0.000003424977
      25     -1.290203279023      0.000002056021
      26     -1.290204513181      0.000001234158
      27     -1.290205253966      0.000000740785
      28     -1.290205698592      0.000000444626
      29     -1.290205965450      0.000000266858
      30     -1.290206125610      0.000000160160
      31     -1.290206221729      0.000000096120
      32     -1.290206279414      0.000000057685
      33     -1.290206314032      0.000000034618
      34     -1.290206334807      0.000000020775
      35     -1.290206347273      0.000000012467
      36     -1.290206354755      0.000000007481
      37     -1.290206359244      0.000000004489
      38     -1.290206361938      0.000000002694
      39     -1.290206363554      0.000000001617
      40     -1.290206364525      0.000000000970
      41     -1.290206365107      0.000000000582
      42     -1.290206365456      0.000000000349
      43     -1.290206365665      0.000000000210
      44     -1.290206365791      0.000000000126
      45     -1.290206365867      0.000000000075
      46     -1.290206365912      0.000000000045
      47     -1.290206365939      0.000000000027
      48     -1.290206365955      0.000000000016
      49     -1.290206365965      0.000000000010
 ----------------------------------------------------------
  
 
 
 ---------------------------------------
     Molecular Orbital Energies (Eh)    
 ---------------------------------------
       1     -0.09337824
       2      0.07206037
       3      0.07881054
       4      0.18205520
       5      0.20189054
       6      0.32103124
       7      0.36108153
       8      0.49062439
       9      0.55752101
      10      0.69624833
      11      0.79247899
      12      0.94233290
      13      1.06700911
      14      1.23081265
      15      1.38199170
      16      1.56215689
      17      1.73812363
      18      1.93639876
      19      2.13593434
      20      2.35350224
      21      2.57581214
      22      2.81345104
      23      3.05803709
      24      3.31625293
      25      3.58280998
      26      3.86193132
      27      4.15027566
      28      4.45051672
      29      4.76053992
      30      5.08204170
      31      5.41368136
      32      5.75653785
      33      6.10975958
      34      6.47403450
      35      6.84882073
      36      7.23455810
      37      7.63090125
      38      8.03813220
      39      8.45603050
      40      8.88477759
      41      9.32423255
      42      9.77451257
      43     10.23552742
      44     10.70735322
      45     11.18993204
      46     11.68331370
      47     12.18746087
      48     12.70240650
      49     13.22812640
      50     13.76464268
      51     14.31193952
      52     14.87003206
      53     15.43890980
      54     16.01858341
      55     16.60904572
      56     17.21030454
      57     17.82235481
      58     18.44520251
      59     19.07884384
      60     19.72328366
      61     20.37851891
      62     21.04455374
      63     21.72138551
      64     22.40901798
      65     23.10744867
      66     23.81668113
      67     24.53671294
      68     25.26754755
      69     26.00918250
      70     26.76162124
      71     27.52486120
      72     28.29890589
      73     29.08375257
      74     29.87940489
      75     30.68585990
      76     31.50312139
      77     32.33118621
      78     33.17005831
      79     34.01973433
      80     34.88021838
      81     35.75150688
      82     36.63360414
      83     37.52650632
      84     38.43021797
      85     39.34473497
      86     40.27006209
      87     41.20619496
      88     42.15313860
      89     43.11088835
      90     44.07944949
      91     45.05881705
      92     46.04899660
      93     47.04998288
      94     48.06178171
      95     49.08438754
      96     50.11780649
      97     51.16203267
      98     52.21707252
      99     53.28291981
     100     54.35958132
     101     55.44705045
     102     56.54533433
     103     57.65442598
     104     58.77433292
     105     59.90504776
     106     61.04657840
     107     62.19891706
     108     63.36207204
     109     64.53603513
     110     65.72081505
     111     66.91640314
     112     68.12280858
     113     69.34002224
     114     70.56805376
     115     71.80689353
     116     73.05655167
     117     74.31701806
     118     75.58830334
     119     76.87039685
     120     78.16330979
     121     79.46703091
     122     80.78157198
     123     82.10692118
     124     83.44309087
     125     84.79006860
     126     86.14786736
     127     87.51647406
     128     88.89590235
     129     90.28613845
     130     91.68719670
     131     93.09906261
     132     94.52175126
     133     95.95524738
     134     97.39956684
     135     98.85469357
     136    100.32064424
     137    101.79740196
     138    103.28498425
     139    104.78337333
     140    106.29258763
     141    107.81260843
     142    109.34345511
     143    110.88510799
     144    112.43758744
     145    114.00087274
     146    115.57498532
     147    117.15990337
     148    118.75564945
     149    120.36220057
     150    121.97958050
     151    123.60776502
     152    125.24677915
     153    126.89659737
     154    128.55724604
     155    130.22869826
     156    131.91098181
     157    133.60406832
     158    135.30798709
     159    137.02270816
     160    138.74826247
     161    140.48461839
     162    142.23180856
     163    143.98979958
     164    145.75862592
     165    147.53825229
     166    149.32871512
     167    151.12997708
     168    152.94207670
     169    154.76497447
     170    156.59871117
     171    158.44324497
     172    160.29861906
     173    162.16478908
     174    164.04180083
     175    165.92960726
     176    167.82825695
     177    169.73769996
     178    171.65798786
     179    173.58906760
     180    175.53099397
     181    177.48371056
     182    179.44727566
     183    181.42162921
     184    183.40683328
     185    185.40282386
     186    187.40966712
     187    189.42729480
     188    191.45577749
     189    193.49504227
     190    195.54516457
     191    197.60606647
     192    199.67782860
     193    201.76036752
     194    203.85376961
     195    205.95794552
     196    208.07298775
     197    210.19880045
     198    212.33548288
     199    214.48293228
     200    216.64125505
     201    218.81034083
     202    220.99030383
     203    223.18102587
     204    225.38262919
     205    227.59498701
     206    229.81823026
     207    232.05222385
     208    234.29710693
     209    236.55273569
     210    238.81925768
     211    241.09652192
     212    243.38468234
     213    245.68358152
     214    247.99337828
     215    250.31391366
     216    252.64534533
     217    254.98751699
     218    257.34057901
     219    259.70439059
     220    262.07907918
     221    264.46453285
     222    266.86083808
     223    269.26794313
     224    271.68585559
     225    274.11462001
     226    276.55411815
     227    279.00456391
     228    281.46562529
     229    283.93777469
     230    286.42035340
     231    288.91425519
     232    291.41830062
     233    293.93400842
     234    296.45942792
     235    298.99703965
     236    301.54373052
     237    304.10335507
     238    306.67115734
     239    309.25294766
     240    311.84170525
     241    314.44580319
     242    317.05538543
     243    319.68179546
     244    322.31225266
     245    324.96071248
     246    327.61288462
     247    330.28166433
     248    332.95774899
     249    335.64311975
     250    338.35127974
     251    341.03917620
     252    343.79619284
     253    346.45903776
     254    349.33635997
     255    351.83828070
     256    354.98343931
 ---------------------------------------
 
SCF converged! Final Ground-State Energy (Eh):              -1.2902063659651766
