 
     Two-Electron DVR    
 ------------------------
 x0     =      15.00000000
 m      =       1.00000000
 Z      =       3.00000000
 n      =              256
 dx     =       0.11764706
 
Soft-Coulomb Parameters:
 alpha  =       0.10000000
 beta   =       0.01000000
 
 
                       Hartree-Fock                      
 --------------------------------------------------------
 no. of orbitals        =              256
 no. of electrons       =                2
 scf_damping_switch     =        F
 scf_diis_switch        =        F
 damping_factor         =   0.00000000
 e_tolerance            = 0.0000000000100000
 maximum scf-iterations =              200
 
 
                       SCF iterations                      
 ----------------------------------------------------------
    S.No    Energy (hartree)        dE (hartree)
 ----------------------------------------------------------
       0    -12.596226310938
       1     -8.684815429996      3.911410880943
       2     -8.964339482210      0.279524052215
       3     -8.965271864855      0.000932382645
       4     -8.965279032831      0.000007167975
       5     -8.965279112164      0.000000079333
       6     -8.965279113403      0.000000001239
       7     -8.965279113426      0.000000000023
       8     -8.965279113427      0.000000000000
 ----------------------------------------------------------
  
 
 
 ---------------------------------------
     Molecular Orbital Energies (Eh)    
 ---------------------------------------
       1     -2.81889407
       2     -0.24105057
       3     -0.17973893
       4     -0.08277875
       5     -0.05992365
       6      0.01321361
       7      0.04827093
       8      0.15463644
       9      0.20720789
      10      0.34283059
      11      0.41472483
      12      0.57599489
      13      0.66903938
      14      0.85346919
      15      0.96912513
      16      1.17500439
      17      1.31429055
      18      1.54049110
      19      1.70403497
      20      1.94985849
      21      2.13798515
      22      2.40304101
      23      2.61586010
      24      2.89997148
      25      3.13744818
      26      3.44058263
      27      3.70259066
      28      4.02481021
      29      4.31116940
      30      4.65259521
      31      4.96309734
      32      5.32388503
      33      5.65831118
      34      6.03863383
      35      6.39676565
      36      6.79680224
      37      7.17842916
      38      7.59835685
      39      8.00328035
      40      8.44326951
      41      8.87130549
      42      9.33151670
      43      9.78249648
      44     10.26307887
      45     10.73684934
      46     11.23793983
      47     11.73436306
      48     12.25608628
      49     12.77503869
      50     13.31750731
      51     13.85887873
      52     14.42219405
      53     14.98588666
      54     15.57013934
      55     16.15606653
      56     16.76133743
      57     17.36942274
      58     17.99578376
      59     18.62595986
      60     19.27347479
      61     19.92568246
      62     20.59440776
      63     21.26859506
      64     21.95858064
      65     22.65470203
      66     23.36599195
      67     24.08400759
      68     24.81664070
      69     25.55651575
      70     26.31052625
      71     27.07223031
      72     27.84764836
      73     28.63115487
      74     29.42800697
      75     30.23329282
      76     31.05160231
      77     31.87864735
      78     32.71843472
      79     33.56722145
      80     34.42850476
      81     35.29901793
      82     36.18181301
      83     37.07403944
      84     37.97836025
      85     38.89228844
      86     39.81814721
      87     40.75376728
      88     41.70117482
      89     42.65847814
      90     43.62744390
      91     44.60642309
      92     45.59695545
      93     46.59760407
      94     47.60971032
      95     48.63202292
      96     49.66570958
      97     50.70968139
      98     51.76495409
      99     52.83058112
     100     53.90744492
     101     54.99472368
     102     56.09318292
     103     57.20211055
     104     58.32216919
     105     59.45274316
     106     60.59440451
     107     61.74662286
     108     62.90989002
     109     64.08375094
     110     65.26862643
     111     66.46412865
     112     67.67061488
     113     68.88775717
     114     70.11585603
     115     71.35463767
     116     72.60435101
     117     73.86477124
     118     75.13610041
     119     76.41815897
     120     77.71110538
     121     79.01480187
     122     80.32936641
     123     81.65470097
     124     82.99088469
     125     84.33785723
     126     85.69566057
     127     87.06427163
     128     88.44369531
     129     89.83394508
     130     91.23498911
     131     92.64687851
     132     94.06954331
     133     95.50307280
     134     96.94735793
     135     98.40252887
     136     99.86843441
     137    101.34524755
     138    102.83277257
     139    104.33122974
     140    105.84037396
     141    107.36047627
     142    108.89123818
     143    110.43298804
     144    111.98536691
     145    113.54876586
     146    115.12275945
     147    116.70781065
     148    118.30341771
     149    119.91012320
     150    121.52734060
     151    123.15570448
     152    124.79453028
     153    126.44455531
     154    128.10498521
     155    129.77667668
     156    131.45870786
     157    133.15206944
     158    134.85569612
     159    136.57073469
     160    138.29595286
     161    140.03267330
     162    141.77947525
     163    143.53788648
     164    145.30626665
     165    147.08637520
     166    148.87632332
     167    150.67814080
     168    152.48964927
     169    154.31318435
     170    156.14623958
     171    157.99150741
     172    159.84609905
     173    161.71311120
     174    163.58922132
     175    165.47799755
     176    167.37561214
     177    169.28616789
     178    171.20526332
     179    173.13762440
     180    175.07818182
     181    177.03236879
     182    178.99435711
     183    180.97040372
     184    182.95379769
     185    184.95173127
     186    186.95649005
     187    188.97635467
     188    191.00244461
     189    193.04427652
     190    195.09164410
     191    197.15550080
     192    199.22410138
     193    201.31003072
     194    203.39979444
     195    205.50787118
     196    207.61873922
     197    209.74902617
     198    211.88090779
     199    214.03350168
     200    216.18632006
     201    218.36130260
     202    220.53494076
     203    222.73243607
     204    224.92679497
     205    227.14690795
     206    229.36183858
     207    231.60472640
     208    233.84010346
     209    236.10589810
     210    238.36153529
     211    240.65043156
     212    242.92617505
     213    245.23833354
     214    247.53395758
     215    249.86961125
     216    252.18493639
     217    254.54426950
     218    256.87903692
     219    259.26231017
     220    261.61633060
     221    264.02373146
     222    266.39673948
     223    268.82852121
     224    271.22036181
     225    273.67666064
     226    276.08713216
     227    278.56810541
     228    280.99719010
     229    283.50279823
     230    285.95051735
     231    288.48062755
     232    290.94731652
     233    293.50145748
     234    295.98768037
     235    298.56505093
     236    301.07189294
     237    303.67113765
     238    306.20024734
     239    308.81929779
     240    311.37306045
     241    314.00912432
     242    316.59086296
     243    319.24011654
     244    321.85366774
     245    324.51206050
     246    327.16195913
     247    329.82511982
     248    332.51430126
     249    335.18049130
     250    337.90985788
     251    340.58129104
     252    343.34293044
     253    346.03251573
     254    348.80404825
     255    351.55164671
     256    354.30571444
 ---------------------------------------
 
SCF converged! Final Ground-State Energy (Eh):              -8.9652791134266021
