 
     Two-Electron DVR    
 ------------------------
 x0     =      15.00000000
 m      =       1.00000000
 Z      =       1.00000000
 n      =              128
 dx     =       0.23622047
 
Soft-Coulomb Parameters:
 alpha  =       0.10000000
 beta   =       1.00000000
 
 
                       Hartree-Fock                      
 --------------------------------------------------------
 no. of orbitals        =              128
 no. of electrons       =                2
 scf_damping_switch     =        F
 scf_diis_switch        =        F
 damping_factor         =   0.00000000
 e_tolerance            = 0.0000000000100000
 maximum scf-iterations =              200
 
 
                       SCF iterations                      
 ----------------------------------------------------------
    S.No    Energy (hartree)        dE (hartree)
 ----------------------------------------------------------
       0     -3.353117041424
       1     -2.517447199727      0.835669841697
       2     -2.524567334645      0.007120134918
       3     -2.524949651316      0.000382316672
       4     -2.524970909308      0.000021257992
       5     -2.524972121993      0.000001212685
       6     -2.524972192276      0.000000070283
       7     -2.524972196387      0.000000004111
       8     -2.524972196628      0.000000000242
       9     -2.524972196643      0.000000000014
      10     -2.524972196643      0.000000000001
 ----------------------------------------------------------
  
 
 
 ---------------------------------------
     Molecular Orbital Energies (Eh)    
 ---------------------------------------
       1     -0.85270527
       2      0.14134679
       3      0.14140211
       4      0.24731867
       5      0.24848986
       6      0.37965279
       7      0.38740566
       8      0.53639590
       9      0.56317091
      10      0.72079907
      11      0.77894911
      12      0.94424134
      13      1.03645823
      14      1.21342645
      15      1.33642443
      16      1.52854219
      17      1.67906792
      18      1.88833674
      19      2.06440770
      20      2.29189913
      21      2.49240458
      22      2.73872181
      23      2.96301610
      24      3.22854041
      25      3.47621258
      26      3.76121872
      27      4.03197871
      28      4.33668773
      29      4.63031031
      30      4.95491111
      31      5.27121087
      32      5.61587081
      33      5.95468829
      34      6.31955584
      35      6.68075287
      36      7.06596118
      37      7.44941567
      38      7.85508183
      39      8.26068783
      40      8.68691613
      41      9.11457980
      42      9.56146018
      43     10.01110144
      44     10.47871348
      45     10.95026153
      46     11.43867199
      47     11.93206822
      48     12.44133603
      49     12.95652863
      50     13.48670105
      51     14.02364943
      52     14.57476832
      53     15.13343641
      54     15.70553252
      55     16.28589519
      56     16.87899606
      57     17.48103064
      58     18.09515254
      59     18.71884776
      60     19.35400578
      61     19.99935083
      62     20.65554777
      63     21.32254465
      64     21.99978407
      65     22.68843327
      66     23.38670438
      67     24.09702163
      68     24.81631648
      69     25.54831383
      70     26.28860672
      71     27.04231535
      72     27.80358580
      73     28.57903065
      74     29.36123529
      75     30.15846618
      76     30.96156977
      77     31.78062708
      78     32.60456401
      79     33.44552128
      80     34.29023790
      81     35.15315504
      82     36.01855641
      83     36.90353850
      84     37.78954693
      85     38.69667950
      86     39.60316020
      87     40.53259144
      88     41.45943445
      89     42.41128449
      90     43.35829942
      91     44.33277679
      92     45.29980946
      93     46.29708191
      94     47.28386284
      95     48.30422497
      96     49.31053860
      97     50.35422451
      98     51.37968684
      99     52.44711606
     100     53.49142584
     101     54.58292549
     102     55.64553060
     103     56.76170355
     104     57.84218482
     105     58.98348637
     106     60.08104510
     107     61.24834493
     108     62.36241228
     109     63.55632571
     110     64.68575976
     111     65.90751424
     112     67.05162304
     113     68.30194292
     114     69.45922315
     115     70.73963485
     116     71.90964417
     117     73.22044823
     118     74.40191408
     119     75.74390162
     120     76.93857260
     121     78.30889827
     122     79.51919952
     123     80.91226790
     124     82.15019501
     125     83.54848051
     126     84.83894618
     127     86.19121811
     128     87.61543343
 ---------------------------------------
 
SCF converged! Final Ground-State Energy (Eh):              -2.5249721966434135
