 
     Two-Electron DVR    
 ------------------------
 x0     =      15.00000000
 m      =       1.00000000
 Z      =       5.00000000
 n      =              128
 dx     =       0.23622047
 
Soft-Coulomb Parameters:
 alpha  =       1.00000000
 beta   =       1.00000000
 
 
                       Hartree-Fock                      
 --------------------------------------------------------
 no. of orbitals        =              128
 no. of electrons       =                2
 scf_damping_switch     =        F
 scf_diis_switch        =        F
 damping_factor         =   0.00000000
 e_tolerance            = 0.0000000000100000
 maximum scf-iterations =              200
 
 
                       SCF iterations                      
 ----------------------------------------------------------
    S.No    Energy (hartree)        dE (hartree)
 ----------------------------------------------------------
       0     -8.193126433315
       1     -7.361960181512      0.831166251802
       2     -7.366712559555      0.004752378042
       3     -7.366881703596      0.000169144041
       4     -7.366887717151      0.000006013555
       5     -7.366887931448      0.000000214297
       6     -7.366887939097      0.000000007649
       7     -7.366887939370      0.000000000273
       8     -7.366887939380      0.000000000010
 ----------------------------------------------------------
  
 
 
 ---------------------------------------
     Molecular Orbital Energies (Eh)    
 ---------------------------------------
       1     -3.27293446
       2     -1.43079306
       3     -0.87038172
       4     -0.59621349
       5     -0.42957661
       6     -0.32432829
       7     -0.24926835
       8     -0.18463907
       9     -0.11287436
      10     -0.02853560
      11      0.07003234
      12      0.18110945
      13      0.30518156
      14      0.44095663
      15      0.58891740
      16      0.74822504
      17      0.91919956
      18      1.10135275
      19      1.29482497
      20      1.49938225
      21      1.71502593
      22      1.94168953
      23      2.17928744
      24      2.42785132
      25      2.68725285
      26      2.95757234
      27      3.23866974
      28      3.53064220
      29      3.83335650
      30      4.14690840
      31      4.47118070
      32      4.80625882
      33      5.15204459
      34      5.50860993
      35      5.87587515
      36      6.25389875
      37      6.64261723
      38      7.04207730
      39      7.45222872
      40      7.87310861
      41      8.30467710
      42      8.74696393
      43      9.19993701
      44      9.66362070
      45     10.13798849
      46     10.62306105
      47     11.11881570
      48     11.62527076
      49     12.14240597
      50     12.67023836
      51     13.20874910
      52     13.75795469
      53     14.31783684
      54     14.88841219
      55     15.46966250
      56     16.06160491
      57     16.66422063
      58     17.27752778
      59     17.90150684
      60     18.53617697
      61     19.18151754
      62     19.83754904
      63     20.50424988
      64     21.18164166
      65     21.86970154
      66     22.56845238
      67     23.27787080
      68     23.99798008
      69     24.72875622
      70     25.47022282
      71     26.22235693
      72     26.98518050
      73     27.75867216
      74     28.54285123
      75     29.33770174
      76     30.14323597
      77     30.95944539
      78     31.78633219
      79     32.62390371
      80     33.47214216
      81     34.33107687
      82     35.20066161
      83     36.08096644
      84     36.97189463
      85     37.87357319
      86     38.78583320
      87     39.70890041
      88     40.64248419
      89     41.58694997
      90     42.54183179
      91     43.50772867
      92     44.48388724
      93     45.47124102
      94     46.46861874
      95     47.47750140
      96     48.49604445
      97     49.52652092
      98     50.56609918
      99     51.61833090
     100     52.67881200
     101     53.75295863
     102     54.83404667
     103     55.93047349
     104     57.03185011
     105     58.15094069
     106     59.27193208
     107     60.41451378
     108     61.55437503
     109     62.72134070
     110     63.87855007
     111     65.07175499
     112     66.24464356
     113     67.46606829
     114     68.65126257
     115     69.90499715
     116     71.09898952
     117     72.38917032
     118     73.58452788
     119     74.92029979
     120     76.11007039
     121     77.49995399
     122     78.66618773
     123     80.13423227
     124     81.26373650
     125     82.83024114
     126     83.86553988
     127     85.63994856
     128     86.63234125
 ---------------------------------------
 
SCF converged! Final Ground-State Energy (Eh):              -7.3668879393801099
