 
     Two-Electron DVR    
 ------------------------
 x0     =      15.00000000
 m      =       1.00000000
 Z      =       1.00000000
 n      =              256
 dx     =       0.11764706
 
Soft-Coulomb Parameters:
 alpha  =       1.00000000
 beta   =       1.00000000
 
 
                       Hartree-Fock                      
 --------------------------------------------------------
 no. of orbitals        =              256
 no. of electrons       =                2
 scf_damping_switch     =        F
 scf_diis_switch        =        F
 damping_factor         =   0.00000000
 e_tolerance            = 0.0000000000100000
 maximum scf-iterations =              200
 
 
                       SCF iterations                      
 ----------------------------------------------------------
    S.No    Energy (hartree)        dE (hartree)
 ----------------------------------------------------------
       0     -1.339554276427
       1     -0.648577718647      0.690976557781
       2     -0.687157520425      0.038579801779
       3     -0.691516057185      0.004358536760
       4     -0.691959475606      0.000443418420
       5     -0.692013399041      0.000053923436
       6     -0.692021999526      0.000008600484
       7     -0.692023662292      0.000001662766
       8     -0.692024018072      0.000000355780
       9     -0.692024098091      0.000000080020
      10     -0.692024116543      0.000000018451
      11     -0.692024120852      0.000000004309
      12     -0.692024121864      0.000000001013
      13     -0.692024122103      0.000000000239
      14     -0.692024122160      0.000000000056
      15     -0.692024122173      0.000000000013
      16     -0.692024122176      0.000000000003
 ----------------------------------------------------------
  
 
 
 ---------------------------------------
     Molecular Orbital Energies (Eh)    
 ---------------------------------------
       1     -0.05386207
       2      0.15072754
       3      0.15221463
       4      0.26428043
       5      0.27413838
       6      0.39788955
       7      0.42984849
       8      0.55520562
       9      0.62126976
      10      0.75022145
      11      0.85019395
      12      0.98968719
      13      1.11834946
      14      1.27334257
      15      1.42708348
      16      1.60028436
      17      1.77730759
      18      1.97014566
      19      2.16960619
      20      2.38286116
      21      2.60435355
      22      2.83847302
      23      3.08179505
      24      3.33704833
      25      3.60209580
      26      3.87865109
      27      4.16536950
      28      4.46333471
      29      4.77169585
      30      5.09114166
      31      5.42113156
      32      5.76210499
      33      6.11371743
      34      6.47625023
      35      6.84948319
      36      7.23359702
      37      7.62845065
      38      8.03416052
      39      8.45063598
      40      8.87795238
      41      9.31605125
      42      9.76498161
      43     10.22470554
      44     10.69525515
      45     11.17660569
      46     11.66877841
      47     12.17175693
      48     12.68555554
      49     13.21016323
      50     13.74558981
      51     14.29182766
      52     14.84888374
      53     15.41675256
      54     15.99543930
      55     16.58493979
      56     17.18525806
      57     17.79639075
      58     18.41834122
      59     19.05110658
      60     19.69468977
      61     20.34908815
      62     21.01430448
      63     21.69033618
      64     22.37718596
      65     23.07485125
      66     23.78333474
      67     24.50263381
      68     25.23275123
      69     25.97368427
      70     26.72543580
      71     27.48800294
      72     28.26138873
      73     29.04559013
      74     29.84061032
      75     30.64644608
      76     31.46310079
      77     32.29057103
      78     33.12886037
      79     33.97796519
      80     34.83788927
      81     35.70862877
      82     36.59018769
      83     37.48256195
      84     38.38575582
      85     39.29976495
      86     40.22459385
      87     41.16023793
      88     42.10670197
      89     43.06398110
      90     44.03208037
      91     45.01099465
      92     46.00072925
      93     47.00127876
      94     48.01264881
      95     49.03483365
      96     50.06783924
      97     51.11165951
      98     52.16630075
      99     53.23175655
     100     54.30803354
     101     55.39512498
     102     56.49303785
     103     57.60176502
     104     58.72131387
     105     59.85167689
     106     60.99286185
     107     62.14486082
     108     63.30768200
     109     64.48131705
     110     65.66577457
     111     66.86104580
     112     68.06713980
     113     69.28404734
     114     70.51177794
     115     71.75032189
     116     72.99968923
     117     74.25986973
     118     75.53087394
     119     76.81269111
     120     78.10533234
     121     79.40878630
     122     80.72306467
     123     82.04815556
     124     83.38407123
     125     84.73079918
     126     86.08835229
     127     87.45671743
     128     88.83590814
     129     90.22591059
     130     91.62673905
     131     93.03837896
     132     94.46084532
     133     95.89412283
     134     97.33822725
     135     98.79314249
     136    100.25888513
     137    101.73543825
     138    103.22281928
     139    104.72101041
     140    106.23002999
     141    107.74985928
     142    109.28051758
     143    110.82198517
     144    112.37428235
     145    113.93738839
     146    115.51132463
     147    117.09606925
     148    118.69164473
     149    120.29802807
     150    121.91524296
     151    123.54326517
     152    125.18211965
     153    126.83178087
     154    128.49227511
     155    130.16357547
     156    131.84570967
     157    133.53864931
     158    135.24242363
     159    136.95700269
     160    138.68241732
     161    140.41863592
     162    142.16569105
     163    143.92354932
     164    145.69224512
     165    147.47174318
     166    149.26207984
     167    151.06321780
     168    152.87519551
     169    154.69797348
     170    156.53159241
     171    158.37601050
     172    160.23127083
     173    162.09732911
     174    163.97423103
     175    165.86192959
     176    167.76047326
     177    169.66981217
     178    171.58999778
     179    173.52097709
     180    175.46280479
     181    177.41542453
     182    179.37889449
     183    181.35315469
     184    183.33826708
     185    185.33416771
     186    187.34092267
     187    189.35846373
     188    191.38686140
     189    193.42604281
     190    195.47608333
     191    197.53690501
     192    199.60858851
     193    201.69105033
     194    203.78437688
     195    205.88847869
     196    208.00344843
     197    210.12918998
     198    212.26580293
     199    214.41318401
     200    216.57144026
     201    218.74046049
     202    220.92035996
     203    223.11101907
     204    225.31256180
     205    227.52485925
     206    229.74804498
     207    231.98198046
     208    234.22680915
     209    236.48238192
     210    238.74885294
     211    241.02606282
     212    243.31417592
     213    245.61302202
     214    247.92277582
     215    250.24325845
     216    252.57465214
     217    254.91677049
     218    257.26980105
     219    259.63355688
     220    262.00822215
     221    264.39361552
     222    266.78990867
     223    269.19694522
     224    271.61486061
     225    274.04354358
     226    276.48306544
     227    278.93341043
     228    281.39452406
     229    283.86654384
     230    286.34921196
     231    288.84294739
     232    291.34713177
     233    293.86262238
     234    296.38823270
     235    298.92558321
     236    301.47252018
     237    304.03184257
     238    306.59988357
     239    309.18144329
     240    311.77033283
     241    314.37443032
     242    316.98362351
     243    319.61090534
     244    322.23978778
     245    324.89096798
     246    327.53836832
     247    330.21467409
     248    332.87968708
     249    335.58177165
     250    338.26418534
     251    340.98973488
     252    343.69575715
     253    346.43079827
     254    349.19802848
     255    351.85952375
     256    354.80394713
 ---------------------------------------
 
SCF converged! Final Ground-State Energy (Eh):              -0.6920241221763761
