 
     Two-Electron DVR    
 ------------------------
 x0     =      15.00000000
 m      =       1.00000000
 Z      =       1.00000000
 n      =              512
 dx     =       0.05870841
 
Soft-Coulomb Parameters:
 alpha  =       1.00000000
 beta   =       0.10000000
 
 
                       Hartree-Fock                      
 --------------------------------------------------------
 no. of orbitals        =              512
 no. of electrons       =                2
 scf_damping_switch     =        T
 scf_diis_switch        =        F
 damping_factor         =   0.50000000
 e_tolerance            = 0.0000000000100000
 maximum scf-iterations =              200
 
 
                       SCF iterations                      
 ----------------------------------------------------------
    S.No    Energy (hartree)        dE (hartree)
 ----------------------------------------------------------
       0     -1.339554276427
       1     -0.089673702719      1.249880573708
       2     -0.206239442652      0.116565739933
       3     -0.299125623816      0.092886181164
       4     -0.347932985068      0.048807361252
       5     -0.377064630260      0.029131645193
       6     -0.393197004339      0.016132374078
       7     -0.401725976633      0.008528972295
       8     -0.406120479746      0.004394503113
       9     -0.408353443979      0.002232964232
      10     -0.409479600000      0.001126156021
      11     -0.410045279364      0.000565679364
      12     -0.410328815858      0.000283536494
      13     -0.410470770624      0.000141954766
      14     -0.410541798031      0.000071027407
      15     -0.410577325214      0.000035527183
      16     -0.410595092464      0.000017767250
      17     -0.410603977093      0.000008884629
      18     -0.410608419686      0.000004442593
      19     -0.410610641061      0.000002221375
      20     -0.410611751771      0.000001110710
      21     -0.410612307133      0.000000555362
      22     -0.410612584816      0.000000277683
      23     -0.410612723658      0.000000138842
      24     -0.410612793079      0.000000069421
      25     -0.410612827790      0.000000034711
      26     -0.410612845145      0.000000017355
      27     -0.410612853823      0.000000008678
      28     -0.410612858162      0.000000004339
      29     -0.410612860331      0.000000002169
      30     -0.410612861416      0.000000001085
      31     -0.410612861958      0.000000000542
      32     -0.410612862230      0.000000000271
      33     -0.410612862365      0.000000000136
      34     -0.410612862433      0.000000000068
      35     -0.410612862467      0.000000000034
      36     -0.410612862484      0.000000000017
      37     -0.410612862492      0.000000000009
 ----------------------------------------------------------
  
 
 
 ---------------------------------------
     Molecular Orbital Energies (Eh)    
 ---------------------------------------
       1      0.08173973
       2      0.20212551
       3      0.21854138
       4      0.32667160
       5      0.35278973
       6      0.46742871
       7      0.51433776
       8      0.63524429
       9      0.71063079
      10      0.84033807
      11      0.94478643
      12      1.08726159
      13      1.21859122
      14      1.37712805
      15      1.53325044
      16      1.70999514
      17      1.88956009
      18      2.08583363
      19      2.28804933
      20      2.50465017
      21      2.72907025
      22      2.96648694
      23      3.21286266
      24      3.47139859
      25      3.73959384
      26      4.01944189
      27      4.30938410
      28      4.61066970
      29      4.92232241
      30      5.24512933
      31      5.57847645
      32      5.92286208
      33      6.27789887
      34      6.64390369
      35      7.02063162
      36      7.40828496
      37      7.80670865
      38      8.21603240
      39      8.63615796
      40      9.06716887
      41      9.50900289
      42      9.96171412
      43     10.42526318
      44     10.89968530
      45     11.38495564
      46     11.88109732
      47     12.38809474
      48     12.90596321
      49     13.43469301
      50     13.97429439
      51     14.52476137
      52     15.08610091
      53     15.65830938
      54     16.24139162
      55     16.83534547
      56     17.44017438
      57     18.05587709
      58     18.68245615
      59     19.31991085
      60     19.96824313
      61     20.62745263
      62     21.29754087
      63     21.97850769
      64     22.67035433
      65     23.37308073
      66     24.08668795
      67     24.81117597
      68     25.54654572
      69     26.29279720
      70     27.04993126
      71     27.81794786
      72     28.59684780
      73     29.38663103
      74     30.18729829
      75     30.99884951
      76     31.82128539
      77     32.65460582
      78     33.49881150
      79     34.35390227
      80     35.21987883
      81     36.09674096
      82     36.98448935
      83     37.88312377
      84     38.79264489
      85     39.71305244
      86     40.64434710
      87     41.58652855
      88     42.53959749
      89     43.50355355
      90     44.47839743
      91     45.46412875
      92     46.46074820
      93     47.46825536
      94     48.48665095
      95     49.51593450
      96     50.55610674
      97     51.60716717
      98     52.66911654
      99     53.74195431
     100     54.82568125
     101     55.92029677
     102     57.02580168
     103     58.14219535
     104     59.26947860
     105     60.40765077
     106     61.55671271
     107     62.71666370
     108     63.88750463
     109     65.06923476
     110     66.26185498
     111     67.46536452
     112     68.67976430
     113     69.90505351
     114     71.14123309
     115     72.38830221
     116     73.64626183
     117     74.91511107
     118     76.19485095
     119     77.48548053
     120     78.78700086
     121     80.09941096
     122     81.42271193
     123     82.75690273
     124     84.10198451
     125     85.45795618
     126     86.82481892
     127     88.20257162
     128     89.59121547
     129     90.99074934
     130     92.40117445
     131     93.82248961
     132     95.25469611
     133     96.69779270
     134     98.15178071
     135     99.61665884
     136    101.09242847
     137    102.57908826
     138    104.07663962
     139    105.58508116
     140    107.10441435
     141    108.63463775
     142    110.17575286
     143    111.72775821
     144    113.29065534
     145    114.86444272
     146    116.44912195
     147    118.04469145
     148    119.65115286
     149    121.26850455
     150    122.89674821
     151    124.53588217
     152    126.18590816
     153    127.84682445
     154    129.51863285
     155    131.20133154
     156    132.89492240
     157    134.59940356
     158    136.31477694
     159    138.04104063
     160    139.77819660
     161    141.52624288
     162    143.28518149
     163    145.05501041
     164    146.83573172
     165    148.62734333
     166    150.42984739
     167    152.24324175
     168    154.06752862
     169    155.90270578
     170    157.74877550
     171    159.60573550
     172    161.47358812
     173    163.35233101
     174    165.24196659
     175    167.14249242
     176    169.05391099
     177    170.97621980
     178    172.90942140
     179    174.85351324
     180    176.80849793
     181    178.77437283
     182    180.75114065
     183    182.73879866
     184    184.73734964
     185    186.74679080
     186    188.76712498
     187    190.79834933
     188    192.84046677
     189    194.89347434
     190    196.95737506
     191    199.03216590
     192    201.11784995
     193    203.21442409
     194    205.32189150
     195    207.44024899
     196    209.56949980
     197    211.70964066
     198    213.86067492
     199    216.02259919
     200    218.19541692
     201    220.37912465
     202    222.57372590
     203    224.77921711
     204    226.99560191
     205    229.22287664
     206    231.46104503
     207    233.71010332
     208    235.97005534
     209    238.24089722
     210    240.52263290
     211    242.81525841
     212    245.11877779
     213    247.43318696
     214    249.75849007
     215    252.09468295
     216    254.44176983
     217    256.79974644
     218    259.16861713
     219    261.54837750
     220    263.93903204
     221    266.34057622
     222    268.75301464
     223    271.17634266
     224    273.61056499
     225    276.05567688
     226    278.51168317
     227    280.97857897
     228    283.45636925
     229    285.94504900
     230    288.44462330
     231    290.95508703
     232    293.47644540
     233    296.00869314
     234    298.55183561
     235    301.10586741
     236    303.67079402
     237    306.24660990
     238    308.83332068
     239    311.43092069
     240    314.03941568
     241    316.65879985
     242    319.28907909
     243    321.93024745
     244    324.58231099
     245    327.24526357
     246    329.91911144
     247    332.60384829
     248    335.29948052
     249    338.00600168
     250    340.72341831
     251    343.45172381
     252    346.19092488
     253    348.94101476
     254    351.70200031
     255    354.47387460
     256    357.25664467
     257    360.05030341
     258    362.85485805
     259    365.67030127
     260    368.49664050
     261    371.33386825
     262    374.18199213
     263    377.04100444
     264    379.91091299
     265    382.79170990
     266    385.68340317
     267    388.58598472
     268    391.49946275
     269    394.42382897
     270    397.35909180
     271    400.30524273
     272    403.26229041
     273    406.23022609
     274    409.20905864
     275    412.19877912
     276    415.19939659
     277    418.21090189
     278    421.23330433
     279    424.26659450
     280    427.31078194
     281    430.36585701
     282    433.43182950
     283    436.50868951
     284    439.59644710
     285    442.69509209
     286    445.80463480
     287    448.92506481
     288    452.05639270
     289    455.19860776
     290    458.35172087
     291    461.51572103
     292    464.69061939
     293    467.87640469
     294    471.07308835
     295    474.28065882
     296    477.49912783
     297    480.72848351
     298    483.96873790
     299    487.21987883
     300    490.48191866
     301    493.75484488
     302    497.03867017
     303    500.33338172
     304    503.63899253
     305    506.95548944
     306    510.28288581
     307    513.62116812
     308    516.97035010
     309    520.33041785
     310    523.70138548
     311    527.08323870
     312    530.47599202
     313    533.87963076
     314    537.29416980
     315    540.71959409
     316    544.15591892
     317    547.60312880
     318    551.06123944
     319    554.53023494
     320    558.01013145
     321    561.50091261
     322    565.00259502
     323    568.51516189
     324    572.03863024
     325    575.57298284
     326    579.11823719
     327    582.67437554
     328    586.24141593
     329    589.81934009
     330    593.40816655
     331    597.00787654
     332    600.61848911
     333    604.23998497
     334    607.87238371
     335    611.51566546
     336    615.16985040
     337    618.83491809
     338    622.51088927
     339    626.19774291
     340    629.89550038
     341    633.60414001
     342    637.32368380
     343    641.05410945
     344    644.79543960
     345    648.54765130
     346    652.31076785
     347    656.08476562
     348    659.86966861
     349    663.66545247
     350    667.47214195
     351    671.28971193
     352    675.11818792
     353    678.95754405
     354    682.80780659
     355    686.66894888
     356    690.54099800
     357    694.42392648
     358    698.31776223
     359    702.22247690
     360    706.13809931
     361    710.06460019
     362    714.00200929
     363    717.95029640
     364    721.90949222
     365    725.87956557
     366    729.86054814
     367    733.85240773
     368    737.85517708
     369    741.86882293
     370    745.89337909
     371    749.92881120
     372    753.97515419
     373    758.03237255
     374    762.10050240
     375    766.17950702
     376    770.26942374
     377    774.37021461
     378    778.48191824
     379    782.60449534
     380    786.73798589
     381    790.88234922
     382    795.03762670
     383    799.20377623
     384    803.38084067
     385    807.56877639
     386    811.76762779
     387    815.97734966
     388    820.19798803
     389    824.42949602
     390    828.67192137
     391    832.92521545
     392    837.18942778
     393    841.46450790
     394    845.75050721
     395    850.04737333
     396    854.35515961
     397    858.67381166
     398    863.00338492
     399    867.34382283
     400    871.69518305
     401    876.05740676
     402    880.43055392
     403    884.81456334
     404    889.20949743
     405    893.61529247
     406    898.03201346
     407    902.45959402
     408    906.89810188
     409    911.34746785
     410    915.80776254
     411    920.27891380
     412    924.76099529
     413    929.25393169
     414    933.75779992
     415    938.27252132
     416    942.79817625
     417    947.33468248
     418    951.88212404
     419    956.44041492
     420    961.00964304
     421    965.58971836
     422    970.18073298
     423    974.78259252
     424    979.39539354
     425    984.01903707
     426    988.65362440
     427    993.29905164
     428    997.95542519
     429   1002.62263585
     430   1007.30079549
     431   1011.98978926
     432   1016.68973488
     433   1021.40051139
     434   1026.12224285
     435   1030.85480173
     436   1035.59831889
     437   1040.35265970
     438   1045.11796239
     439   1049.89408469
     440   1054.68117274
     441   1059.47907599
     442   1064.28794922
     443   1069.10763288
     444   1073.93829109
     445   1078.77975451
     446   1083.63219747
     447   1088.49543999
     448   1093.36966748
     449   1098.25468832
     450   1103.15070007
     451   1108.05749843
     452   1112.97529418
     453   1117.90386909
     454   1122.84344853
     455   1127.79379902
     456   1132.75516185
     457   1137.72728673
     458   1142.71043255
     459   1147.70433066
     460   1152.70925915
     461   1157.72492900
     462   1162.75163958
     463   1167.78907985
     464   1172.83757216
     465   1177.89678100
     466   1182.96705417
     467   1188.04803014
     468   1193.14008366
     469   1198.24282454
     470   1203.35665693
     471   1208.48116145
     472   1213.61677181
     473   1218.76303750
     474   1223.92042296
     475   1229.08844948
     476   1234.26760806
     477   1239.45739333
     478   1244.65831892
     479   1249.86986554
     480   1255.09255318
     481   1260.32586141
     482   1265.57029743
     483   1270.82537780
     484   1276.09154937
     485   1281.36841001
     486   1286.65628538
     487   1291.95495700
     488   1297.26450333
     489   1302.58501603
     490   1307.91615927
     491   1313.25859203
     492   1318.61125099
     493   1323.97568861
     494   1329.34969571
     495   1334.73632130
     496   1340.13149338
     497   1345.54050229
     498   1350.95650545
     499   1356.38823375
     500   1361.82476783
     501   1367.27947240
     502   1372.73621926
     503   1378.21388892
     504   1383.69122655
     505   1389.19065940
     506   1394.69147327
     507   1400.20608530
     508   1405.74007920
     509   1411.25209512
     510   1416.86667052
     511   1422.29090288
     512   1428.13453018
 ---------------------------------------
 
SCF converged! Final Ground-State Energy (Eh):              -0.4106128624923523
