 
     Two-Electron DVR    
 ------------------------
 x0     =      15.00000000
 m      =       1.00000000
 Z      =       5.00000000
 n      =              512
 dx     =       0.05870841
 
Soft-Coulomb Parameters:
 alpha  =       0.01000000
 beta   =       0.10000000
 
 
                       Hartree-Fock                      
 --------------------------------------------------------
 no. of orbitals        =              512
 no. of electrons       =                2
 scf_damping_switch     =        F
 scf_diis_switch        =        F
 damping_factor         =   0.00000000
 e_tolerance            = 0.0000000000100000
 maximum scf-iterations =              200
 
 
                       SCF iterations                      
 ----------------------------------------------------------
    S.No    Energy (hartree)        dE (hartree)
 ----------------------------------------------------------
       0    -58.807619474481
       1    -56.042072866069      2.765546608412
       2    -56.045039724111      0.002966858042
       3    -56.045050233640      0.000010509529
       4    -56.045050271560      0.000000037920
       5    -56.045050271698      0.000000000138
       6    -56.045050271699      0.000000000001
 ----------------------------------------------------------
  
 
 
 ---------------------------------------
     Molecular Orbital Energies (Eh)    
 ---------------------------------------
       1    -26.64275966
       2     -5.08580466
       3     -2.21042436
       4     -1.17194139
       5     -0.76077801
       6     -0.51263843
       7     -0.38165015
       8     -0.28501189
       9     -0.21967153
      10     -0.14595313
      11     -0.06948065
      12      0.03225927
      13      0.13564158
      14      0.26666999
      15      0.39485018
      16      0.55314189
      17      0.70474789
      18      0.88919400
      19      1.06342711
      20      1.27335869
      21      1.46970655
      22      1.70467701
      23      1.92279272
      24      2.18247655
      25      2.42212175
      26      2.70626157
      27      2.96727586
      28      3.27565299
      29      3.55793518
      30      3.89035291
      31      4.19384807
      32      4.55012227
      33      4.87481185
      34      5.25476605
      35      5.60065996
      36      6.00412302
      37      6.37125311
      38      6.79805843
      39      7.18647301
      40      7.63645856
      41      8.04621785
      42      8.51922663
      43      8.95039906
      44      9.44627974
      45      9.89893879
      46     10.41754630
      47     10.89176807
      48     11.43296422
      49     11.92882539
      50     12.49247927
      51     13.01005558
      52     13.59604390
      53     14.13540890
      54     14.74361618
      55     15.30484034
      56     15.93515901
      57     16.51830905
      58     17.17063940
      59     17.77577784
      60     18.45002794
      61     19.07721277
      62     19.77329825
      63     20.42258284
      64     21.14042669
      65     21.81185966
      66     22.55139190
      67     23.24501720
      68     24.00617461
      69     24.72203161
      70     25.50475733
      71     26.24288097
      72     27.04712421
      73     27.80754511
      74     28.63326073
      75     29.41600553
      76     30.26315373
      77     31.06824517
      78     31.93679107
      79     32.76424834
      80     33.65416169
      81     34.50400060
      82     35.41525536
      83     36.28748862
      84     37.22006273
      85     38.11470014
      86     39.06857509
      87     39.98562384
      88     40.96078448
      89     41.90024929
      90     42.89668344
      91     43.85856686
      92     44.87626513
      93     45.86056767
      94     46.89952311
      95     47.90624351
      96     48.96645151
      97     49.99558682
      98     51.07704472
      99     52.12859059
     100     53.23129764
     101     54.30524836
     102     55.42920537
     103     56.52555415
     104     57.67076348
     105     58.78950246
     106     59.95596767
     107     61.09708816
     108     62.28481405
     109     63.44830652
     110     64.65729882
     111     65.84315319
     112     67.07341858
     113     68.28162411
     114     69.53316994
     115     70.76371554
     116     72.03654992
     117     73.28942399
     118     74.58355549
     119     75.85874626
     120     77.17418402
     121     78.47167936
     122     79.80843280
     123     81.12822054
     124     82.48629950
     125     83.82836722
     126     85.20778168
     127     86.57211703
     128     87.97287728
     129     89.35946776
     130     90.78158410
     131     92.19041737
     132     93.63390031
     133     95.06496395
     134     96.52982390
     135     97.98310574
     136     99.46935326
     137    100.94484109
     138    102.45248656
     139    103.95016849
     140    105.47922238
     141    106.99908650
     142    108.54955904
     143    110.09159382
     144    111.66349527
     145    113.22768922
     146    114.82102954
     147    116.40737155
     148    118.02216073
     149    119.63063976
     150    121.26688743
     151    122.89749285
     152    124.55520864
     153    126.20792992
     154    127.88712306
     155    129.56195010
     156    131.26262983
     157    132.95955259
     158    134.68172771
     159    136.40073666
     160    138.14441598
     161    139.88550160
     162    141.65069346
     163    143.41384680
     164    145.20055952
     165    146.98577163
     166    148.79401308
     167    150.60127554
     168    152.43105360
     169    154.26035802
     170    156.11168003
     171    157.96301858
     172    159.83589195
     173    161.70925677
     174    163.60368834
     175    165.49907217
     176    167.41506887
     177    169.33246440
     178    171.27003257
     179    173.20943310
     180    175.16857917
     181    177.12997792
     182    179.11070774
     183    181.09409856
     184    183.09641810
     185    185.10179472
     186    187.12570932
     187    189.15306615
     188    191.19858131
     189    193.24791259
     190    195.31503316
     191    197.38633382
     192    199.47506484
     193    201.56832962
     194    203.67867546
     195    205.79389980
     196    207.92586507
     197    210.06304419
     198    212.21663275
     199    214.37576262
     200    216.55097865
     201    218.73205493
     202    220.92890184
     203    223.13192101
     204    225.35040254
     205    227.57536072
     206    229.81547980
     207    232.06237396
     208    234.32413392
     209    236.59296062
     210    238.87636395
     211    241.16712063
     212    243.47217023
     213    245.78485390
     214    248.11155179
     215    250.44616036
     216    252.79450907
     217    255.15103997
     218    257.52104105
     219    259.89949267
     220    262.29114825
     221    264.69151842
     222    267.10482961
     223    269.52711721
     224    271.96208573
     225    274.40628900
     226    276.86291550
     227    279.32903378
     228    281.80731962
     229    284.29535156
     230    286.79529691
     231    289.30524233
     232    291.82684815
     233    294.35870610
     234    296.90197211
     235    299.45574291
     236    302.02066967
     237    304.59635276
     238    307.18293951
     239    309.78053571
     240    312.38878261
     241    315.00829177
     242    317.63819759
     243    320.27962102
     244    322.93118551
     245    325.59452349
     246    328.26774490
     247    330.95299927
     248    333.64787695
     249    336.35504840
     250    339.07158007
     251    341.80067098
     252    344.53885558
     253    347.28986708
     254    350.04970177
     255    352.82263681
     256    355.60412008
     257    358.39898024
     258    361.20210867
     259    364.01889751
     260    366.84366915
     261    369.68238870
     262    372.52879952
     263    375.38945396
     264    378.25750152
     265    381.14009340
     266    384.02977301
     267    386.93430717
     268    389.84561590
     269    392.77209539
     270    395.70502787
     271    398.65345825
     272    401.60801100
     273    404.57839587
     274    407.55456278
     275    410.54690846
     276    413.54468548
     277    416.55899616
     278    419.57837639
     279    422.61465920
     280    425.65563798
     281    428.71389773
     282    431.77646729
     283    434.85671200
     284    437.94086704
     285    441.04310219
     286    444.14883400
     287    447.27306857
     288    450.40037114
     289    453.54661132
     290    456.69547495
     291    459.86373075
     292    463.03414867
     293    466.22442706
     294    469.41638847
     295    472.62870059
     296    475.84219789
     297    479.07655155
     298    482.31157275
     299    485.56798031
     300    488.82451691
     301    492.10298711
     302    495.38102583
     303    498.68157235
     304    501.98110370
     305    505.30373628
     306    508.62474556
     307    511.96947936
     308    515.31195602
     309    518.67880185
     310    522.04272963
     311    525.43170425
     312    528.81707142
     313    532.22818685
     314    535.63497545
     315    539.06825018
     316    542.49644722
     317    545.95189459
     318    549.40148019
     319    552.87912063
     320    556.35008042
     321    559.84992868
     322    563.34224073
     323    566.86431936
     324    570.37796775
     325    573.92229308
     326    577.45725360
     327    581.02385051
     328    584.58010555
     329    588.16899210
     330    591.74651494
     331    595.35771859
     332    598.95648977
     333    602.59003047
     334    606.21002050
     335    609.86592855
     336    613.50711591
     337    617.18541336
     338    620.84776550
     339    624.54848579
     340    628.23197894
     341    631.95514643
     342    635.65974465
     343    639.40539625
     344    643.13107329
     345    646.89923590
     346    650.64595206
     347    654.43666643
     348    658.20439272
     349    662.01768857
     350    665.80638112
     351    669.64230348
     352    673.45193027
     353    677.31051194
     354    681.14102450
     355    685.02231524
     356    688.87367819
     357    692.77771424
     358    696.64987398
     359    700.57671036
     360    704.46962780
     361    708.41930455
     362    712.33292039
     363    716.30549838
     364    720.23976941
     365    724.23529287
     366    728.19015346
     367    732.20868978
     368    736.18409218
     369    740.22569024
     370    744.22156172
     371    748.28629619
     372    752.30258396
     373    756.39050888
     374    760.42713231
     375    764.53833045
     376    768.59523117
     377    772.72976229
     378    776.80685084
     379    780.96480679
     380    785.06201859
     381    789.24346547
     382    793.36070117
     383    797.56574100
     384    801.70292912
     385    805.93163506
     386    810.08866519
     387    814.34115063
     388    818.51794363
     389    822.79428957
     390    826.99072258
     391    831.29105521
     392    835.50704058
     393    839.83144963
     394    844.06685051
     395    848.41547655
     396    852.67019580
     397    857.04313827
     398    861.31702330
     399    865.71443898
     400    870.00738209
     401    874.42938125
     402    878.74121207
     403    883.18796976
     404    887.51856885
     405    891.99020741
     406    896.33938429
     407    900.83609947
     408    905.20372159
     409    909.72564917
     410    914.11150329
     411    918.65886248
     412    923.06280144
     413    927.63574300
     414    932.05752771
     415    936.65629750
     416    941.09576454
     417    945.72053003
     418    950.17741088
     419    954.82844827
     420    959.30256139
     421    963.98005676
     422    968.47110009
     423    973.17536427
     424    977.68313609
     425    982.41437590
     426    986.93853580
     427    991.69710165
     428    996.23742552
     429   1001.02354729
     430   1005.57965077
     431   1010.39372426
     432   1014.96535841
     433   1019.80763908
     434   1024.39436907
     435   1029.26530489
     436   1033.86685440
     437   1038.76672905
     438   1043.38260510
     439   1048.31192670
     440   1052.94182296
     441   1057.90090615
     442   1062.54426251
     443   1067.53368491
     444   1072.19016243
     445   1077.21027235
     446   1081.87923319
     447   1086.93068881
     448   1091.61175907
     449   1096.69494482
     450   1101.38739638
     451   1106.50306410
     452   1111.20648630
     453   1116.35505848
     454   1121.06861799
     455   1126.25095572
     456   1130.97420436
     457   1136.19076910
     458   1140.92275033
     459   1146.17453131
     460   1150.91476046
     461   1156.20225718
     462   1160.94963252
     463   1166.27398556
     464   1171.02798976
     465   1176.38973299
     466   1181.14909163
     467   1186.54954614
     468   1191.31371747
     469   1196.75344351
     470   1201.52094478
     471   1207.00148214
     472   1211.77176210
     473   1217.29368293
     474   1222.06500221
     475   1227.63011726
     476   1232.40194008
     477   1238.01080938
     478   1242.78107063
     479   1248.43585171
     480   1253.20407144
     481   1258.90527386
     482   1263.66895573
     483   1269.41920108
     484   1274.17798602
     485   1279.97767273
     486   1284.72846115
     487   1290.58086891
     488   1295.32353039
     489   1301.22884835
     490   1305.95937916
     491   1311.92189001
     492   1316.64057915
     493   1322.66009376
     494   1327.36146449
     495   1333.44393408
     496   1338.12907346
     497   1344.27360524
     498   1348.93437495
     499   1355.15002019
     500   1359.78919831
     501   1366.07361782
     502   1370.67753036
     503   1377.04650425
     504   1381.62234656
     505   1388.06990427
     506   1392.58956975
     507   1399.15051524
     508   1403.63870053
     509   1410.29331190
     510   1414.66099935
     511   1421.54654415
     512   1426.09081006
 ---------------------------------------
 
SCF converged! Final Ground-State Energy (Eh):             -56.0450502716992105
