 
     Two-Electron DVR    
 ------------------------
 x0     =      15.00000000
 m      =       1.00000000
 Z      =       2.00000000
 n      =               32
 dx     =       0.96774194
 
Soft-Coulomb Parameters:
 alpha  =       0.01000000
 beta   =       1.00000000
 
 
                       Hartree-Fock                      
 --------------------------------------------------------
 no. of orbitals        =               32
 no. of electrons       =                2
 scf_damping_switch     =        F
 scf_diis_switch        =        F
 damping_factor         =   0.00000000
 e_tolerance            = 0.0000000000100000
 maximum scf-iterations =              200
 
 
                       SCF iterations                      
 ----------------------------------------------------------
    S.No    Energy (hartree)        dE (hartree)
 ----------------------------------------------------------
       0     -7.058602901236
       1     -6.222805684037      0.835797217199
       2     -6.224480998919      0.001675314882
       3     -6.224517288462      0.000036289543
       4     -6.224518093597      0.000000805134
       5     -6.224518111655      0.000000018058
       6     -6.224518112061      0.000000000407
       7     -6.224518112071      0.000000000009
 ----------------------------------------------------------
  
 
 
 ---------------------------------------
     Molecular Orbital Energies (Eh)    
 ---------------------------------------
       1     -2.69613561
       2     -0.56737403
       3      0.01903795
       4      0.02224801
       5      0.08007724
       6      0.09099785
       7      0.18431962
       8      0.20538814
       9      0.33170620
      10      0.36372461
      11      0.52197488
      12      0.56518646
      13      0.75478700
      14      0.80841182
      15      1.02988045
      16      1.09378395
      17      1.34695679
      18      1.41995999
      19      1.70587410
      20      1.78857838
      21      2.10635374
      22      2.19767340
      23      2.54830765
      24      2.65071568
      25      3.03123308
      26      3.14393740
      27      3.55479103
      28      3.68513863
      29      4.11742938
      30      4.26439393
      31      4.71701081
      32      4.92049599
 ---------------------------------------
 
SCF converged! Final Ground-State Energy (Eh):              -6.2245181120706770
