nohup: ignoring input
 
     Two-electron DVR    
 ------------------------
x0     =      10.00000000
n      =               32
ndim   =             1024
dx     =       0.64516129
 
Soft-Coulomb Parameters:
alpha  =       0.10000000
beta   =       0.10000000
 
 Generating Hamiltonian Matrix......
 
 Diagonalising the Hamiltonian......
 
 Completed Diagonalisation!
 Ground state Energy:   -5.25496329734528     
 
 Using Imaginary time propagation (ITP) to get ground state......
 
 Completed Imaginary time propagation (ITP).
 
 ITP Summary:
 ------------
 dt      =   1.000000000000000E-002
 nstep   =          443
 E_conv  =   9.999999717180685E-010
 Ei      =   -5.25496326577672     
 
