 
     Two-Electron DVR    
 ------------------------
 x0     =      15.00000000
 m      =       1.00000000
 Z      =       5.00000000
 n      =              256
 dx     =       0.11764706
 
Soft-Coulomb Parameters:
 alpha  =       1.00000000
 beta   =       1.00000000
 
 
                       Hartree-Fock                      
 --------------------------------------------------------
 no. of orbitals        =              256
 no. of electrons       =                2
 scf_damping_switch     =        F
 scf_diis_switch        =        F
 damping_factor         =   0.00000000
 e_tolerance            = 0.0000000000100000
 maximum scf-iterations =              200
 
 
                       SCF iterations                      
 ----------------------------------------------------------
    S.No    Energy (hartree)        dE (hartree)
 ----------------------------------------------------------
       0     -8.193126433536
       1     -7.361960181701      0.831166251836
       2     -7.366712559745      0.004752378045
       3     -7.366881703787      0.000169144042
       4     -7.366887717341      0.000006013555
       5     -7.366887931639      0.000000214297
       6     -7.366887939288      0.000000007649
       7     -7.366887939561      0.000000000273
       8     -7.366887939571      0.000000000010
 ----------------------------------------------------------
  
 
 
 ---------------------------------------
     Molecular Orbital Energies (Eh)    
 ---------------------------------------
       1     -3.27293446
       2     -1.43079306
       3     -0.87038172
       4     -0.59621349
       5     -0.42957561
       6     -0.32429666
       7     -0.24899202
       8     -0.18364800
       9     -0.11071022
      10     -0.02495832
      11      0.07518817
      12      0.18798913
      13      0.31393377
      14      0.45172987
      15      0.60185681
      16      0.76348115
      17      0.93691551
      18      1.12167933
      19      1.31790494
      20      1.52536559
      21      1.74405612
      22      1.97391526
      23      2.21485338
      24      2.46690483
      25      2.72993986
      26      3.00403904
      27      3.28906313
      28      3.58510757
      29      3.89204170
      30      4.20995805
      31      4.53874325
      32      4.87847838
      33      5.22907004
      34      5.59058499
      35      5.96294901
      36      6.34621479
      37      6.74032485
      38      7.14531955
      39      7.56115520
      40      7.98786201
      41      8.42540720
      42      8.87381303
      43      9.33305509
      44      9.80314958
      45     10.28407840
      46     10.77585328
      47     11.27846073
      48     11.79190929
      49     12.31618880
      50     12.85130553
      51     13.39725173
      52     13.95403209
      53     14.52164055
      54     15.10008075
      55     15.68934779
      56     16.28944464
      57     16.90036720
      58     17.52211802
      59     18.15469351
      60     18.79809601
      61     19.45232225
      62     20.11737448
      63     20.79324961
      64     21.47994989
      65     22.17747232
      66     22.88581922
      67     23.60498758
      68     24.33497985
      69     25.07579297
      70     25.82742954
      71     26.58988641
      72     27.36316634
      73     28.14726608
      74     28.94218857
      75     29.74793041
      76     30.56449476
      77     31.39187805
      78     32.23008364
      79     33.07910780
      80     33.93895411
      81     34.80961864
      82     35.69110521
      83     36.58340968
      84     37.48653612
      85     38.40048015
      86     39.32524612
      87     40.26082938
      88     41.20723458
      89     42.16445681
      90     43.13250098
      91     44.11136194
      92     45.10104488
      93     46.10154436
      94     47.11286588
      95     48.13500371
      96     49.16796367
      97     50.21173971
      98     51.26633798
      99     52.33175211
     100     53.40798861
     101     54.49504074
     102     55.59291537
     103     56.70160543
     104     57.82111816
     105     58.95144608
     106     60.09259686
     107     61.24456262
     108     62.40735143
     109     63.58095501
     110     64.76538185
     111     65.96062323
     112     67.16668811
     113     68.38356731
     114     69.61127024
     115     70.84978727
     116     72.09912830
     117     73.35928319
     118     74.63026236
     119     75.91205514
     120     77.20467251
     121     78.50810324
     122     79.82235887
     123     81.14742759
     124     82.48332156
     125     83.83002835
     126     85.18756074
     127     86.55590566
     128     87.93507656
     129     89.32505969
     130     90.72586919
     131     92.13749062
     132     93.55993883
     133     94.99319864
     134     96.43728567
     135     97.89218395
     136     99.35790992
     137    100.83444678
     138    102.32181181
     139    103.81998734
     140    105.32899156
     141    106.84880587
     142    108.37944940
     143    109.92090260
     144    111.47318559
     145    113.03627779
     146    114.61020038
     147    116.19493169
     148    117.79049402
     149    119.39686455
     150    121.01406678
     151    122.64207665
     152    124.28091892
     153    125.93056825
     154    127.59105072
     155    129.26233962
     156    130.94446245
     157    132.63739104
     158    134.34115439
     159    136.05572278
     160    137.78112681
     161    139.51733511
     162    141.26437998
     163    143.02222831
     164    144.79091420
     165    146.57040264
     166    148.36072971
     167    150.16185839
     168    151.97382680
     169    153.79659580
     170    155.63020572
     171    157.47461513
     172    159.32986674
     173    161.19591662
     174    163.07281007
     175    164.96050052
     176    166.85903598
     177    168.76836704
     178    170.68854466
     179    172.61951639
     180    174.56133635
     181    176.51394875
     182    178.47741116
     183    180.45166430
     184    182.43676934
     185    184.43266316
     186    186.43941092
     187    188.45694546
     188    190.48533612
     189    192.52451126
     190    194.57454483
     191    196.63536061
     192    198.70703728
     193    200.78949350
     194    202.88281314
     195    204.98690990
     196    207.10187269
     197    209.22760965
     198    211.36421526
     199    213.51159268
     200    215.66984122
     201    217.83885866
     202    220.01874931
     203    222.20940744
     204    224.41094017
     205    226.62323850
     206    228.84641152
     207    231.08035171
     208    233.32516451
     209    235.58074633
     210    237.84719502
     211    240.12442245
     212    242.41250520
     213    244.71137918
     214    247.02108749
     215    249.34161738
     216    251.67294586
     217    254.01513634
     218    256.36806606
     219    258.73193900
     220    261.10645530
     221    263.49202594
     222    265.88808590
     223    268.29540539
     224    270.71297059
     225    273.14208222
     226    275.58105367
     227    278.03207774
     228    280.49235697
     229    282.96540906
     230    285.44676454
     231    287.94212902
     232    290.44431305
     233    292.96228660
     234    295.48475327
     235    298.02600912
     236    300.56814944
     237    303.13342170
     238    305.69395081
     239    308.28482139
     240    310.86229736
     241    313.48049727
     242    316.07193520
     243    318.72112501
     244    321.32329777
     245    324.00732604
     246    326.61330782
     247    329.34076072
     248    331.94361020
     249    334.72300038
     250    337.30471693
     251    340.16005943
     252    342.70446341
     253    345.65916179
     254    348.09509972
     255    351.27286806
     256    353.63366192
 ---------------------------------------
 
SCF converged! Final Ground-State Energy (Eh):              -7.3668879395705780
