nohup: ignoring input
 
     Two-electron DVR    
 ------------------------
x0     =      10.00000000
n      =              128
ndim   =            16384
dx     =       0.15748031
 
Soft-Coulomb Parameters:
alpha  =       1.00000000
beta   =       1.00000000
 
 Generating Hamiltonian Matrix......
 
 Diagonalising the Hamiltonian......
 
 Completed Diagonalisation!
 Ground state Energy:   -2.23825781908407     
 
 Using Imaginary time propagation (ITP) to get ground state......
 
 Completed Imaginary time propagation (ITP).
 
 ITP Summary:
 ------------
 dt      =   1.000000000000000E-003
 nstep   =         7604
 E_conv  =   9.999999717180685E-010
 Ei      =   -2.23825702998576     
 
