 
     Two-Electron DVR    
 ------------------------
 x0     =      15.00000000
 m      =       1.00000000
 Z      =       1.00000000
 n      =              512
 dx     =       0.05870841
 
Soft-Coulomb Parameters:
 alpha  =       0.10000000
 beta   =       0.01000000
 
 
                       Hartree-Fock                      
 --------------------------------------------------------
 no. of orbitals        =              512
 no. of electrons       =                2
 scf_damping_switch     =        T
 scf_diis_switch        =        F
 damping_factor         =   0.55000000
 e_tolerance            = 0.0000000000100000
 maximum scf-iterations =              200
 
 
                       SCF iterations                      
 ----------------------------------------------------------
    S.No    Energy (hartree)        dE (hartree)
 ----------------------------------------------------------
       0     -3.353996955137
       1     -0.471136695814      2.882860259323
       2     -0.809105633481      0.337968937667
       3     -0.975052894781      0.165947261300
       4     -1.053866976480      0.078814081699
       5     -1.099160912506      0.045293936026
       6     -1.125919833090      0.026758920584
       7     -1.141494802957      0.015574969867
       8     -1.150392950919      0.008898147962
       9     -1.155406197320      0.005013246401
      10     -1.158205061657      0.002798864337
      11     -1.159758737474      0.001553675818
      12     -1.160618199702      0.000859462228
      13     -1.161092631206      0.000474431504
      14     -1.161354193101      0.000261561895
      15     -1.161498288139      0.000144095038
      16     -1.161577636969      0.000079348830
      17     -1.161621321834      0.000043684865
      18     -1.161645369981      0.000024048148
      19     -1.161658608120      0.000013238139
      20     -1.161665895997      0.000007287877
      21     -1.161669908582      0.000004012585
      22     -1.161672118238      0.000002209656
      23     -1.161673335326      0.000001217088
      24     -1.161674005901      0.000000670575
      25     -1.161674375496      0.000000369595
      26     -1.161674579294      0.000000203798
      27     -1.161674691731      0.000000112436
      28     -1.161674753803      0.000000062073
      29     -1.161674788099      0.000000034296
      30     -1.161674807066      0.000000018967
      31     -1.161674817568      0.000000010502
      32     -1.161674823391      0.000000005823
      33     -1.161674826625      0.000000003234
      34     -1.161674828424      0.000000001800
      35     -1.161674829428      0.000000001004
      36     -1.161674829990      0.000000000562
      37     -1.161674830305      0.000000000315
      38     -1.161674830483      0.000000000178
      39     -1.161674830583      0.000000000101
      40     -1.161674830641      0.000000000057
      41     -1.161674830673      0.000000000033
      42     -1.161674830692      0.000000000019
      43     -1.161674830703      0.000000000011
      44     -1.161674830710      0.000000000006
 ----------------------------------------------------------
  
 
 
 ---------------------------------------
     Molecular Orbital Energies (Eh)    
 ---------------------------------------
       1      0.06635491
       2      0.19093828
       3      0.19901203
       4      0.31832798
       5      0.32994328
       6      0.47144857
       7      0.49096075
       8      0.65568826
       9      0.68887350
      10      0.87336256
      11      0.92601617
      12      1.12640950
      13      1.20353647
      14      1.41743065
      15      1.52217300
      16      1.74882209
      17      1.88243587
      18      2.12227741
      19      2.28470359
      20      2.53871709
      21      2.72926290
      22      2.99856287
      23      3.21633682
      24      3.50196877
      25      3.74610052
      26      4.04897340
      27      4.31869352
      28      4.63956916
      29      4.93422786
      30      5.27373579
      31      5.59279442
      32      5.95145177
      33      6.29446750
      34      6.67269918
      35      7.03930834
      36      7.43746417
      37      7.82736781
      38      8.24573689
      39      8.65868846
      40      9.09751055
      41      9.53330611
      42      9.99278094
      43     10.45125112
      44     10.93154565
      45     11.41254938
      46     11.91380371
      47     12.41722307
      48     12.93955515
      49     13.46529130
      50     14.00880076
      51     14.55677063
      52     15.12154183
      53     15.69167545
      54     16.27778005
      55     16.87001836
      56     17.47751734
      57     18.09181040
      58     18.72075577
      59     19.35706130
      60     20.00749754
      61     20.66577967
      62     21.33774487
      63     22.01797315
      64     22.71149999
      65     23.41364855
      66     24.12876511
      67     24.85281197
      68     25.58954243
      69     26.33546887
      70     27.09383407
      71     27.86162416
      72     28.64164210
      73     29.43128230
      74     30.23296853
      75     31.04444729
      76     31.86781530
      77     32.70112280
      78     33.54618426
      79     34.40131215
      80     35.26807722
      81     36.14501839
      82     37.03349588
      83     37.93224429
      84     38.84244190
      85     39.76299242
      86     40.69491685
      87     41.63726513
      88     42.59092223
      89     43.55506459
      90     44.53045949
      91     45.51639282
      92     46.51353001
      93     47.52125168
      94     48.54013509
      95     49.56964290
      96     50.61027599
      97     51.66156809
      98     52.72395392
      99     53.79702876
     100     54.88117002
     101     55.97602631
     102     57.08192538
     103     58.19856207
     104     59.32622105
     105     60.46463726
     106     61.61405803
     107     62.77425305
     108     63.94543728
     109     65.12741054
     110     66.32035970
     111     67.52411075
     112     68.73882617
     113     69.96435465
     114     71.20083754
     115     72.44814318
     116     73.70639458
     117     74.97547719
     118     76.25549808
     119     77.54635752
     120     78.84814877
     121     80.16078496
     122     81.48434734
     123     82.81876024
     124     84.16409448
     125     85.52028408
     126     86.88739083
     127     88.26535716
     128     89.65423700
     129     91.05398012
     130     92.46463361
     131     93.88615357
     132     95.31858121
     133     96.76187812
     134     98.21608036
     135     99.68115432
     136    101.15713159
     137    102.64398271
     138    104.14173540
     139    105.65036382
     140    107.16989230
     141    108.70029813
     142    110.24160274
     143    111.79378613
     144    113.35686719
     145    114.93082827
     146    116.51568608
     147    118.11142500
     148    119.71805984
     149    121.33557675
     150    122.96398888
     151    124.60328391
     152    126.25347358
     153    127.91454689
     154    129.58651434
     155    131.26936607
     156    132.96311152
     157    134.66774182
     158    136.38326548
     159    138.10967449
     160    139.84697656
     161    141.59516442
     162    143.35424510
     163    145.12421195
     164    146.90507143
     165    148.69681741
     166    150.49945585
     167    152.31298109
     168    154.13739868
     169    155.97270332
     170    157.81890020
     171    159.67598437
     172    161.54396071
     173    163.42282454
     174    165.31258049
     175    167.21322411
     176    169.12475981
     177    171.04718334
     178    172.98049893
     179    174.92470249
     180    176.87979811
     181    178.84578183
     182    180.82265761
     183    182.81042159
     184    184.80907766
     185    186.81862202
     186    188.83905851
     187    190.87038336
     188    192.91260038
     189    194.96570584
     190    197.02970351
     191    199.10458968
     192    201.19036811
     193    203.28703511
     194    205.39459441
     195    207.51304232
     196    209.64238261
     197    211.78261155
     198    213.93373293
     199    216.09574299
     200    218.26864556
     201    220.45243684
     202    222.64712070
     203    224.85269329
     204    227.06915855
     205    229.29651255
     206    231.53475930
     207    233.78389480
     208    236.04392313
     209    238.31484023
     210    240.59665023
     211    242.88934901
     212    245.19294078
     213    247.50742133
     214    249.83279496
     215    252.16905737
     216    254.51621294
     217    256.87425728
     218    259.24319488
     219    261.62302125
     220    264.01374097
     221    266.41534944
     222    268.82785135
     223    271.25124201
     224    273.68552621
     225    276.13069913
     226    278.58676569
     227    281.05372095
     228    283.53156995
     229    286.02030764
     230    288.51993916
     231    291.03045934
     232    293.55187346
     233    296.08417621
     234    298.62737300
     235    301.18145840
     236    303.74643794
     237    306.32230605
     238    308.90906841
     239    311.50671932
     240    314.11526458
     241    316.73469835
     242    319.36502658
     243    322.00624328
     244    324.65835455
     245    327.32135426
     246    329.99524864
     247    332.68003141
     248    335.37570898
     249    338.08227489
     250    340.79973571
     251    343.52808483
     252    346.26732897
     253    349.01746136
     254    351.77848889
     255    354.55040462
     256    357.33321561
     257    360.12691474
     258    362.93150925
     259    365.74699185
     260    368.57336996
     261    371.41063609
     262    374.25879785
     263    377.11784757
     264    379.98779306
     265    382.86862645
     266    385.76035572
     267    388.66297282
     268    391.57648595
     269    394.50088684
     270    397.43618388
     271    400.38236861
     272    403.33944964
     273    406.30741827
     274    409.28628334
     275    412.27603593
     276    415.27668511
     277    418.28822172
     278    421.31065507
     279    424.34397577
     280    427.38819334
     281    430.44329818
     282    433.50930005
     283    436.58618909
     284    439.67397531
     285    442.77264860
     286    445.88221924
     287    449.00267684
     288    452.13403195
     289    455.27627393
     290    458.42941358
     291    461.59343998
     292    464.76836422
     293    467.95417510
     294    471.15088400
     295    474.35847942
     296    477.57697302
     297    480.80635304
     298    484.04663141
     299    487.29779608
     300    490.55985928
     301    493.83280865
     302    497.11665673
     303    500.41139086
     304    503.71702389
     305    507.03354282
     306    510.36096085
     307    513.69926464
     308    517.04846773
     309    520.40855644
     310    523.77954463
     311    527.16141831
     312    530.55419167
     313    533.95785037
     314    537.37240895
     315    540.79785271
     316    544.23419657
     317    547.68142545
     318    551.13955464
     319    554.60856869
     320    558.08848326
     321    561.57928254
     322    565.08098254
     323    568.59356708
     324    572.11705257
     325    575.65142243
     326    579.19669345
     327    582.75284868
     328    586.31990529
     329    589.89784594
     330    593.48668817
     331    597.08641429
     332    600.69704220
     333    604.31855383
     334    607.95096747
     335    611.59426466
     336    615.24846407
     337    618.91354686
     338    622.58953208
     339    626.27640053
     340    629.97417161
     341    633.68282576
     342    637.40238273
     343    641.13282264
     344    644.87416554
     345    648.62639124
     346    652.38952010
     347    656.16353166
     348    659.94844651
     349    663.74424396
     350    667.55094483
     351    671.36852824
     352    675.19701517
     353    679.03638456
     354    682.88665755
     355    686.74781300
     356    690.61987209
     357    694.50281364
     358    698.39665880
     359    702.30138653
     360    706.21701781
     361    710.14353174
     362    714.08094912
     363    718.02924935
     364    721.98845283
     365    725.95853939
     366    729.93952893
     367    733.93140194
     368    737.93417755
     369    741.94783704
     370    745.97239864
     371    750.00784474
     372    754.05419233
     373    758.11142508
     374    762.17955854
     375    766.25857810
     376    770.34849741
     377    774.44930384
     378    778.56100884
     379    782.68360233
     380    786.81709298
     381    790.96147359
     382    795.11674966
     383    799.28291764
     384    803.45997906
     385    807.64793450
     386    811.84678097
     387    816.05652419
     388    820.27715557
     389    824.50868669
     390    828.75110260
     391    833.00442202
     392    837.26862225
     393    841.54373015
     394    845.82971420
     395    850.12661109
     396    854.43437867
     397    858.75306480
     398    863.08261523
     399    867.42309127
     400    871.77442415
     401    876.13669045
     402    880.50980488
     403    884.89386231
     404    889.28875775
     405    893.69460680
     406    898.11128205
     407    902.53892387
     408    906.97737819
     409    911.42681345
     410    915.88704527
     411    920.35827550
     412    924.84028380
     413    929.33330992
     414    933.83709264
     415    938.35191667
     416    942.87747240
     417    947.41409563
     418    951.96142168
     419    956.51984678
     420    961.08894122
     421    965.66916996
     422    970.26002925
     423    974.86206517
     424    979.47468671
     425    984.09853226
     426    988.73291135
     427    993.37857124
     428    998.03470437
     429   1002.70218195
     430   1007.38006291
     431   1012.06936445
     432   1016.76898849
     433   1021.48011860
     434   1026.20147749
     435   1030.93444451
     436   1035.67753184
     437   1040.43234208
     438   1045.19714691
     439   1049.97381152
     440   1054.76032519
     441   1059.55885277
     442   1064.36706075
     443   1069.18746620
     444   1074.01735679
     445   1078.85965184
     446   1083.71120569
     447   1088.57541028
     448   1093.44861159
     449   1098.33474168
     450   1103.22956467
     451   1108.13764695
     452   1113.05407029
     453   1117.98412643
     454   1122.92211573
     455   1127.87418147
     456   1132.83370801
     457   1137.80781270
     458   1142.78883058
     459   1147.78502203
     460   1152.78749267
     461   1157.80581048
     462   1162.82967272
     463   1167.87018067
     464   1172.91538297
     465   1177.97813414
     466   1183.04459524
     467   1188.12967435
     468   1193.21732596
     469   1198.32480340
     470   1203.43353836
     471   1208.56352559
     472   1213.69325475
     473   1218.84584346
     474   1223.99642747
     475   1229.17176170
     476   1234.34308730
     477   1239.54128269
     478   1244.73317351
     479   1249.95440988
     480   1255.16672947
     481   1260.41114352
     482   1265.64368075
     483   1270.91148129
     484   1276.16409017
     485   1281.45541583
     486   1286.72787484
     487   1292.04292692
     488   1297.33512901
     489   1302.67398516
     490   1307.98578483
     491   1313.34852034
     492   1318.67998978
     493   1324.06644272
     494   1329.41776972
     495   1334.82754477
     496   1340.19936545
     497   1345.63157059
     498   1351.02514922
     499   1356.47792108
     500   1361.89552005
     501   1367.36585945
     502   1372.81206921
     503   1378.29355245
     504   1383.77535608
     505   1389.25869095
     506   1394.79193336
     507   1400.25455927
     508   1405.86128635
     509   1411.27242971
     510   1417.02998828
     511   1422.27509171
     512   1428.29694759
 ---------------------------------------
 
SCF converged! Final Ground-State Energy (Eh):              -1.1616748307096842
