 
     Two-Electron DVR    
 ------------------------
 x0     =      15.00000000
 m      =       1.00000000
 Z      =       4.00000000
 n      =             2048
 dx     =       0.01465559
 
Soft-Coulomb Parameters:
 alpha  =       1.00000000
 beta   =       0.01000000
 
 
                       Hartree-Fock                      
 --------------------------------------------------------
 no. of orbitals        =             2048
 no. of electrons       =                2
 scf_damping_switch     =        F
 scf_diis_switch        =        F
 damping_factor         =   0.00000000
 e_tolerance            = 0.0000000000100000
 maximum scf-iterations =              200
 
 
                       SCF iterations                      
 ----------------------------------------------------------
    S.No    Energy (hartree)        dE (hartree)
 ----------------------------------------------------------
       0     -6.418296506144
       1     -3.753351650482      2.664944855662
       2     -4.066452200858      0.313100550377
       3     -4.144080963524      0.077628762666
       4     -4.159714606296      0.015633642772
       5     -4.163109920260      0.003395313964
       6     -4.163810217859      0.000700297600
       7     -4.163957457104      0.000147239244
       8     -4.163988116396      0.000030659292
       9     -4.163994527709      0.000006411313
      10     -4.163995865770      0.000001338061
      11     -4.163996145279      0.000000279509
      12     -4.163996203642      0.000000058363
      13     -4.163996215830      0.000000012188
      14     -4.163996218377      0.000000002547
      15     -4.163996218907      0.000000000530
      16     -4.163996219018      0.000000000111
      17     -4.163996219043      0.000000000024
      18     -4.163996219047      0.000000000004
 ----------------------------------------------------------
  
 
 
 ---------------------------------------
     Molecular Orbital Energies (Eh)    
 ---------------------------------------
       1     -1.15025469
       2     -0.35917666
       3     -0.28755610
       4     -0.18861956
       5     -0.14705183
       6     -0.07730886
       7     -0.02307538
       8      0.07101016
       9      0.15036709
      10      0.26793449
      11      0.37261784
      12      0.51119347
      13      0.64091510
      14      0.79960915
      15      0.95385520
      16      1.13253791
      17      1.31072149
      18      1.50959089
      19      1.71116403
      20      1.93052447
      21      2.15503113
      22      2.39518679
      23      2.64227505
      24      2.90348664
      25      3.17289923
      26      3.45537320
      27      3.74692969
      28      4.05082212
      29      4.36440028
      30      4.68982595
      31      5.02534558
      32      5.37238766
      33      5.72979785
      34      6.09851622
      35      6.47778593
      36      6.86822380
      37      7.26933517
      38      7.68152393
      39      8.10446765
      40      8.53843045
      41      8.98320263
      42      9.43895681
      43      9.90555690
      44     10.38311573
      45     10.87154519
      46     11.37091908
      47     11.88118047
      48     12.40237773
      49     12.93447420
      50     13.47750166
      51     14.03143659
      52     14.59629995
      53     15.17207673
      54     15.75878082
      55     16.35640275
      56     16.96495179
      57     17.58442201
      58     18.21481966
      59     18.85614110
      60     19.50839061
      61     20.17156602
      62     20.84567030
      63     21.53070222
      64     22.22666387
      65     22.93355463
      66     23.65137603
      67     24.38012779
      68     25.11981107
      69     25.87042584
      70     26.63197297
      71     27.40445257
      72     28.18786535
      73     28.98221149
      74     29.78749156
      75     30.60370581
      76     31.43085470
      77     32.26893850
      78     33.11795762
      79     33.97791233
      80     34.84880298
      81     35.73062983
      82     36.62339322
      83     37.52709339
      84     38.44173064
      85     39.36730520
      86     40.30381736
      87     41.25126733
      88     42.20965537
      89     43.17898169
      90     44.15924652
      91     45.15045007
      92     46.15259255
      93     47.16567415
      94     48.18969508
      95     49.22465551
      96     50.27055563
      97     51.32739562
      98     52.39517564
      99     53.47389586
     100     54.56355644
     101     55.66415754
     102     56.77569932
     103     57.89818190
     104     59.03160545
     105     60.17597009
     106     61.33127596
     107     62.49752320
     108     63.67471193
     109     64.86284227
     110     66.06191435
     111     67.27192827
     112     68.49288417
     113     69.72478214
     114     70.96762231
     115     72.22140475
     116     73.48612960
     117     74.76179693
     118     76.04840687
     119     77.34595948
     120     78.65445487
     121     79.97389313
     122     81.30427435
     123     82.64559861
     124     83.99786600
     125     85.36107659
     126     86.73523048
     127     88.12032773
     128     89.51636842
     129     90.92335263
     130     92.34128043
     131     93.77015188
     132     95.20996706
     133     96.66072604
     134     98.12242888
     135     99.59507565
     136    101.07866641
     137    102.57320121
     138    104.07868013
     139    105.59510322
     140    107.12247054
     141    108.66078214
     142    110.21003808
     143    111.77023841
     144    113.34138320
     145    114.92347247
     146    116.51650631
     147    118.12048472
     148    119.73540780
     149    121.36127556
     150    122.99808807
     151    124.64584536
     152    126.30454748
     153    127.97419447
     154    129.65478639
     155    131.34632326
     156    133.04880513
     157    134.76223204
     158    136.48660403
     159    138.22192113
     160    139.96818340
     161    141.72539085
     162    143.49354354
     163    145.27264149
     164    147.06268475
     165    148.86367332
     166    150.67560728
     167    152.49848663
     168    154.33231142
     169    156.17708167
     170    158.03279742
     171    159.89945869
     172    161.77706553
     173    163.66561794
     174    165.56511598
     175    167.47555965
     176    169.39694901
     177    171.32928405
     178    173.27256483
     179    175.22679135
     180    177.19196366
     181    179.16808175
     182    181.15514570
     183    183.15315548
     184    185.16211115
     185    187.18201270
     186    189.21286020
     187    191.25465362
     188    193.30739304
     189    195.37107842
     190    197.44570984
     191    199.53128727
     192    201.62781077
     193    203.73528033
     194    205.85369600
     195    207.98305777
     196    210.12336569
     197    212.27461975
     198    214.43682000
     199    216.60996642
     200    218.79405907
     201    220.98909793
     202    223.19508305
     203    225.41201441
     204    227.63989208
     205    229.87871601
     206    232.12848628
     207    234.38920286
     208    236.66086581
     209    238.94347509
     210    241.23703077
     211    243.54153281
     212    245.85698129
     213    248.18337616
     214    250.52071749
     215    252.86900524
     216    255.22823948
     217    257.59842017
     218    259.97954738
     219    262.37162106
     220    264.77464129
     221    267.18860802
     222    269.61352131
     223    272.04938114
     224    274.49618756
     225    276.95394053
     226    279.42264011
     227    281.90228627
     228    284.39287907
     229    286.89441847
     230    289.40690454
     231    291.93033722
     232    294.46471659
     233    297.01004260
     234    299.56631531
     235    302.13353469
     236    304.71170080
     237    307.30081358
     238    309.90087312
     239    312.51187935
     240    315.13383235
     241    317.76673208
     242    320.41057858
     243    323.06537183
     244    325.73111188
     245    328.40779869
     246    331.09543232
     247    333.79401272
     248    336.50353996
     249    339.22401399
     250    341.95543488
     251    344.69780257
     252    347.45111714
     253    350.21537853
     254    352.99058681
     255    355.77674192
     256    358.57384394
     257    361.38189281
     258    364.20088860
     259    367.03083125
     260    369.87172084
     261    372.72355731
     262    375.58634072
     263    378.46007103
     264    381.34474830
     265    384.24037248
     266    387.14694363
     267    390.06446170
     268    392.99292677
     269    395.93233875
     270    398.88269775
     271    401.84400368
     272    404.81625663
     273    407.79945653
     274    410.79360347
     275    413.79869736
     276    416.81473829
     277    419.84172620
     278    422.87966116
     279    425.92854310
     280    428.98837211
     281    432.05914811
     282    435.14087119
     283    438.23354127
     284    441.33715844
     285    444.45172262
     286    447.57723390
     287    450.71369219
     288    453.86109760
     289    457.01945004
     290    460.18874959
     291    463.36899618
     292    466.56018990
     293    469.76233067
     294    472.97541858
     295    476.19945354
     296    479.43443564
     297    482.68036481
     298    485.93724114
     299    489.20506454
     300    492.48383510
     301    495.77355274
     302    499.07421755
     303    502.38582945
     304    505.70838853
     305    509.04189471
     306    512.38634807
     307    515.74174853
     308    519.10809620
     309    522.48539096
     310    525.87363294
     311    529.27282203
     312    532.68295833
     313    536.10404175
     314    539.53607239
     315    542.97905015
     316    546.43297515
     317    549.89784727
     318    553.37366664
     319    556.86043314
     320    560.35814688
     321    563.86680776
     322    567.38641590
     323    570.91697118
     324    574.45847372
     325    578.01092341
     326    581.57432036
     327    585.14866447
     328    588.73395586
     329    592.33019440
     330    595.93738022
     331    599.55551321
     332    603.18459349
     333    606.82462093
     334    610.47559566
     335    614.13751757
     336    617.81038678
     337    621.49420316
     338    625.18896685
     339    628.89467771
     340    632.61133589
     341    636.33894126
     342    640.07749394
     343    643.82699381
     344    647.58744100
     345    651.35883538
     346    655.14117709
     347    658.93446600
     348    662.73870224
     349    666.55388568
     350    670.38001646
     351    674.21709444
     352    678.06511977
     353    681.92409230
     354    685.79401218
     355    689.67487927
     356    693.56669371
     357    697.46945537
     358    701.38316438
     359    705.30782062
     360    709.24342421
     361    713.18997502
     362    717.14747320
     363    721.11591861
     364    725.09531138
     365    729.08565138
     366    733.08693876
     367    737.09917337
     368    741.12235535
     369    745.15648457
     370    749.20156117
     371    753.25758500
     372    757.32455623
     373    761.40247469
     374    765.49134054
     375    769.59115364
     376    773.70191413
     377    777.82362186
     378    781.95627699
     379    786.09987937
     380    790.25442915
     381    794.41992618
     382    798.59637061
     383    802.78376230
     384    806.98210140
     385    811.19138774
     386    815.41162151
     387    819.64280253
     388    823.88493096
     389    828.13800666
     390    832.40202977
     391    836.67700014
     392    840.96291794
     393    845.25978300
     394    849.56759549
     395    853.88635524
     396    858.21606242
     397    862.55671687
     398    866.90831875
     399    871.27086790
     400    875.64436449
     401    880.02880834
     402    884.42419964
     403    888.83053821
     404    893.24782422
     405    897.67605750
     406    902.11523823
     407    906.56536624
     408    911.02644170
     409    915.49846442
     410    919.98143461
     411    924.47535207
     412    928.98021699
     413    933.49602918
     414    938.02278884
     415    942.56049578
     416    947.10915018
     417    951.66875186
     418    956.23930100
     419    960.82079743
     420    965.41324133
     421    970.01663250
     422    974.63097116
     423    979.25625709
     424    983.89249050
     425    988.53967120
     426    993.19779937
     427    997.86687483
     428   1002.54689777
     429   1007.23786800
     430   1011.93978571
     431   1016.65265071
     432   1021.37646320
     433   1026.11122297
     434   1030.85693024
     435   1035.61358479
     436   1040.38118684
     437   1045.15973617
     438   1049.94923301
     439   1054.74967713
     440   1059.56106875
     441   1064.38340766
     442   1069.21669408
     443   1074.06092778
     444   1078.91610899
     445   1083.78223749
     446   1088.65931351
     447   1093.54733681
     448   1098.44630762
     449   1103.35622572
     450   1108.27709134
     451   1113.20890425
     452   1118.15166468
     453   1123.10537240
     454   1128.07002765
     455   1133.04563018
     456   1138.03218024
     457   1143.02967758
     458   1148.03812246
     459   1153.05751463
     460   1158.08785432
     461   1163.12914131
     462   1168.18137583
     463   1173.24455765
     464   1178.31868700
     465   1183.40376364
     466   1188.49978782
     467   1193.60675929
     468   1198.72467830
     469   1203.85354461
     470   1208.99335846
     471   1214.14411960
     472   1219.30582828
     473   1224.47848426
     474   1229.66208779
     475   1234.85663861
     476   1240.06213699
     477   1245.27858265
     478   1250.50597587
     479   1255.74431639
     480   1260.99360445
     481   1266.25383982
     482   1271.52502274
     483   1276.80715295
     484   1282.10023073
     485   1287.40425580
     486   1292.71922843
     487   1298.04514836
     488   1303.38201585
     489   1308.72983064
     490   1314.08859299
     491   1319.45830264
     492   1324.83895986
     493   1330.23056437
     494   1335.63311645
     495   1341.04661583
     496   1346.47106279
     497   1351.90645704
     498   1357.35279886
     499   1362.81008799
     500   1368.27832469
     501   1373.75750868
     502   1379.24764026
     503   1384.74871913
     504   1390.26074558
     505   1395.78371933
     506   1401.31764067
     507   1406.86250930
     508   1412.41832552
     509   1417.98508903
     510   1423.56280014
     511   1429.15145854
     512   1434.75106453
     513   1440.36161781
     514   1445.98311870
     515   1451.61556687
     516   1457.25896265
     517   1462.91330571
     518   1468.57859638
     519   1474.25483434
     520   1479.94201991
     521   1485.64015276
     522   1491.34923322
     523   1497.06926098
     524   1502.80023634
     525   1508.54215900
     526   1514.29502926
     527   1520.05884682
     528   1525.83361199
     529   1531.61932445
     530   1537.41598453
     531   1543.22359189
     532   1549.04214688
     533   1554.87164915
     534   1560.71209905
     535   1566.56349624
     536   1572.42584104
     537   1578.29913314
     538   1584.18337286
     539   1590.07855988
     540   1595.98469452
     541   1601.90177644
     542   1607.82980600
     543   1613.76878285
     544   1619.71870733
     545   1625.67957909
     546   1631.65139849
     547   1637.63416518
     548   1643.62787951
     549   1649.63254112
     550   1655.64815037
     551   1661.67470690
     552   1667.71221108
     553   1673.76066255
     554   1679.82006166
     555   1685.89040805
     556   1691.97170209
     557   1698.06394342
     558   1704.16713239
     559   1710.28126865
     560   1716.40635256
     561   1722.54238375
     562   1728.68936260
     563   1734.84728873
     564   1741.01616252
     565   1747.19598359
     566   1753.38675232
     567   1759.58846833
     568   1765.80113200
     569   1772.02474295
     570   1778.25930156
     571   1784.50480746
     572   1790.76126102
     573   1797.02866186
     574   1803.30701037
     575   1809.59630616
     576   1815.89654962
     577   1822.20774036
     578   1828.52987877
     579   1834.86296446
     580   1841.20699783
     581   1847.56197847
     582   1853.92790679
     583   1860.30478239
     584   1866.69260567
     585   1873.09137622
     586   1879.50109446
     587   1885.92175997
     588   1892.35337317
     589   1898.79593364
     590   1905.24944180
     591   1911.71389723
     592   1918.18930036
     593   1924.67565076
     594   1931.17294885
     595   1937.68119421
     596   1944.20038727
     597   1950.73052760
     598   1957.27161562
     599   1963.82365092
     600   1970.38663392
     601   1976.96056419
     602   1983.54544216
     603   1990.14126740
     604   1996.74804035
     605   2003.36576056
     606   2009.99442848
     607   2016.63404367
     608   2023.28460657
     609   2029.94611674
     610   2036.61857462
     611   2043.30197976
     612   2049.99633262
     613   2056.70163275
     614   2063.41788059
     615   2070.14507570
     616   2076.88321853
     617   2083.63230862
     618   2090.39234644
     619   2097.16333152
     620   2103.94526432
     621   2110.73814438
     622   2117.54197218
     623   2124.35674723
     624   2131.18247002
     625   2138.01914006
     626   2144.86675784
     627   2151.72532288
     628   2158.59483565
     629   2165.47529568
     630   2172.36670345
     631   2179.26905848
     632   2186.18236125
     633   2193.10661127
     634   2200.04180904
     635   2206.98795406
     636   2213.94504683
     637   2220.91308686
     638   2227.89207463
     639   2234.88200966
     640   2241.88289244
     641   2248.89472247
     642   2255.91750025
     643   2262.95122529
     644   2269.99589808
     645   2277.05151812
     646   2284.11808593
     647   2291.19560098
     648   2298.28406380
     649   2305.38347386
     650   2312.49383169
     651   2319.61513677
     652   2326.74738961
     653   2333.89058970
     654   2341.04473756
     655   2348.20983267
     656   2355.38587555
     657   2362.57286567
     658   2369.77080357
     659   2376.97968871
     660   2384.19952164
     661   2391.43030180
     662   2398.67202975
     663   2405.92470493
     664   2413.18832791
     665   2420.46289811
     666   2427.74841611
     667   2435.04488135
     668   2442.35229438
     669   2449.67065464
     670   2456.99996270
     671   2464.34021799
     672   2471.69142108
     673   2479.05357140
     674   2486.42666953
     675   2493.81071488
     676   2501.20570804
     677   2508.61164843
     678   2516.02853663
     679   2523.45637205
     680   2530.89515529
     681   2538.34488575
     682   2545.80556403
     683   2553.27718953
     684   2560.75976285
     685   2568.25328339
     686   2575.75775176
     687   2583.27316734
     688   2590.79953075
     689   2598.33684138
     690   2605.88509984
     691   2613.44430551
     692   2621.01445902
     693   2628.59555974
     694   2636.18760830
     695   2643.79060407
     696   2651.40454768
     697   2659.02943850
     698   2666.66527717
     699   2674.31206304
     700   2681.96979676
     701   2689.63847770
     702   2697.31810647
     703   2705.00868246
     704   2712.71020630
     705   2720.42267734
     706   2728.14609624
     707   2735.88046235
     708   2743.62577631
     709   2751.38203747
     710   2759.14924650
     711   2766.92740273
     712   2774.71650682
     713   2782.51655811
     714   2790.32755727
     715   2798.14950364
     716   2805.98239786
     717   2813.82623929
     718   2821.68102860
     719   2829.54676510
     720   2837.42344947
     721   2845.31108104
     722   2853.20966049
     723   2861.11918713
     724   2869.03966166
     725   2876.97108338
     726   2884.91345299
     727   2892.86676978
     728   2900.83103447
     729   2908.80624634
     730   2916.79240611
     731   2924.78951307
     732   2932.79756792
     733   2940.81656996
     734   2948.84651989
     735   2956.88741701
     736   2964.93926204
     737   2973.00205425
     738   2981.07579436
     739   2989.16048165
     740   2997.25611686
     741   3005.36269924
     742   3013.48022954
     743   3021.60870702
     744   3029.74813241
     745   3037.89850497
     746   3046.05982546
     747   3054.23209312
     748   3062.41530871
     749   3070.60947147
     750   3078.81458215
     751   3087.03064001
     752   3095.25764580
     753   3103.49559875
     754   3111.74449964
     755   3120.00434770
     756   3128.27514370
     757   3136.55688686
     758   3144.84957796
     759   3153.15321623
     760   3161.46780244
     761   3169.79333582
     762   3178.12981714
     763   3186.47724562
     764   3194.83562205
     765   3203.20494565
     766   3211.58521720
     767   3219.97643590
     768   3228.37860257
     769   3236.79171639
     770   3245.21577817
     771   3253.65078711
     772   3262.09674401
     773   3270.55364806
     774   3279.02150008
     775   3287.50029926
     776   3295.99004641
     777   3304.49074070
     778   3313.00238297
     779   3321.52497239
     780   3330.05850979
     781   3338.60299434
     782   3347.15842686
     783   3355.72480654
     784   3364.30213419
     785   3372.89040899
     786   3381.48963178
     787   3390.09980172
     788   3398.72091964
     789   3407.35298470
     790   3415.99599777
     791   3424.64995796
     792   3433.31486616
     793   3441.99072150
     794   3450.67752484
     795   3459.37527531
     796   3468.08397379
     797   3476.80361941
     798   3485.53421303
     799   3494.27575379
     800   3503.02824256
     801   3511.79167846
     802   3520.56606237
     803   3529.35139342
     804   3538.14767249
     805   3546.95489868
     806   3555.77307290
     807   3564.60219424
     808   3573.44226361
     809   3582.29328010
     810   3591.15524463
     811   3600.02815628
     812   3608.91201596
     813   3617.80682276
     814   3626.71257761
     815   3635.62927956
     816   3644.55692957
     817   3653.49552668
     818   3662.44507185
     819   3671.40556413
     820   3680.37700446
     821   3689.35939190
     822   3698.35272740
     823   3707.35701001
     824   3716.37224067
     825   3725.39841844
     826   3734.43554428
     827   3743.48361722
     828   3752.54263823
     829   3761.61260634
     830   3770.69352253
     831   3779.78538581
     832   3788.88819717
     833   3798.00195563
     834   3807.12666217
     835   3816.26231580
     836   3825.40891752
     837   3834.56646633
     838   3843.73496324
     839   3852.91440723
     840   3862.10479931
     841   3871.30613849
     842   3880.51842576
     843   3889.74166012
     844   3898.97584258
     845   3908.22097212
     846   3917.47704977
     847   3926.74407450
     848   3936.02204735
     849   3945.31096727
     850   3954.61083531
     851   3963.92165042
     852   3973.24341365
     853   3982.57612396
     854   3991.91978239
     855   4001.27438789
     856   4010.63994153
     857   4020.01644223
     858   4029.40389106
     859   4038.80228696
     860   4048.21163100
     861   4057.63192210
     862   4067.06316135
     863   4076.50534765
     864   4085.95848211
     865   4095.42256362
     866   4104.89759328
     867   4114.38357000
     868   4123.88049488
     869   4133.38836680
     870   4142.90718690
     871   4152.43695404
     872   4161.97766934
     873   4171.52933170
     874   4181.09194222
     875   4190.66549979
     876   4200.25000554
     877   4209.84545833
     878   4219.45185930
     879   4229.06920730
     880   4238.69750350
     881   4248.33674673
     882   4257.98693815
     883   4267.64807660
     884   4277.32016325
     885   4287.00319693
     886   4296.69717881
     887   4306.40210772
     888   4316.11798483
     889   4325.84480897
     890   4335.58258132
     891   4345.33130069
     892   4355.09096827
     893   4364.86158288
     894   4374.64314570
     895   4384.43565554
     896   4394.23911361
     897   4404.05351869
     898   4413.87887200
     899   4423.71517232
     900   4433.56242087
     901   4443.42061643
     902   4453.28976024
     903   4463.16985104
     904   4473.06089010
     905   4482.96287615
     906   4492.87581045
     907   4502.79969175
     908   4512.73452131
     909   4522.68029787
     910   4532.63702268
     911   4542.60469449
     912   4552.58331456
     913   4562.57288162
     914   4572.57339695
     915   4582.58485927
     916   4592.60726987
     917   4602.64062744
     918   4612.68493330
     919   4622.74018614
     920   4632.80638727
     921   4642.88353537
     922   4652.97163177
     923   4663.07067514
     924   4673.18066681
     925   4683.30160544
     926   4693.43349238
     927   4703.57632629
     928   4713.73010851
     929   4723.89483768
     930   4734.07051518
     931   4744.25713963
     932   4754.45471240
     933   4764.66323213
     934   4774.88270019
     935   4785.11311520
     936   4795.35447854
     937   4805.60678883
     938   4815.87004745
     939   4826.14425302
     940   4836.42940694
     941   4846.72550779
     942   4857.03255700
     943   4867.35055314
     944   4877.67949764
     945   4888.01938908
     946   4898.37022887
     947   4908.73201559
     948   4919.10475068
     949   4929.48843270
     950   4939.88306309
     951   4950.28864041
     952   4960.70516610
     953   4971.13263871
     954   4981.57105971
     955   4992.02042762
     956   5002.48074393
     957   5012.95200714
     958   5023.43421875
     959   5033.92737728
     960   5044.43148420
     961   5054.94653803
     962   5065.47254026
     963   5076.00948940
     964   5086.55738695
     965   5097.11623140
     966   5107.68602426
     967   5118.26676403
     968   5128.85845221
     969   5139.46108729
     970   5150.07467080
     971   5160.69920120
     972   5171.33468003
     973   5181.98110575
     974   5192.63847991
     975   5203.30680095
     976   5213.98607043
     977   5224.67628680
     978   5235.37745162
     979   5246.08956331
     980   5256.81262346
     981   5267.54663048
     982   5278.29158597
     983   5289.04748833
     984   5299.81433915
     985   5310.59213684
     986   5321.38088300
     987   5332.18057603
     988   5342.99121754
     989   5353.81280590
     990   5364.64534275
     991   5375.48882645
     992   5386.34325865
     993   5397.20863770
     994   5408.08496525
     995   5418.97223964
     996   5429.87046254
     997   5440.77963228
     998   5451.69975053
     999   5462.63081562
    1000   5473.57282923
    1001   5484.52578967
    1002   5495.48969864
    1003   5506.46455444
    1004   5517.45035877
    1005   5528.44710992
    1006   5539.45480962
    1007   5550.47345613
    1008   5561.50305119
    1009   5572.54359306
    1010   5583.59508349
    1011   5594.65752072
    1012   5605.73090652
    1013   5616.81523912
    1014   5627.91052029
    1015   5639.01674826
    1016   5650.13392481
    1017   5661.26204815
    1018   5672.40112007
    1019   5683.55113879
    1020   5694.71210609
    1021   5705.88402018
    1022   5717.06688287
    1023   5728.26069233
    1024   5739.46545040
    1025   5750.68115525
    1026   5761.90780870
    1027   5773.14540893
    1028   5784.39395778
    1029   5795.65345339
    1030   5806.92389763
    1031   5818.20528863
    1032   5829.49762826
    1033   5840.80091465
    1034   5852.11514968
    1035   5863.44033146
    1036   5874.77646189
    1037   5886.12353906
    1038   5897.48156489
    1039   5908.85053746
    1040   5920.23045869
    1041   5931.62132666
    1042   5943.02314330
    1043   5954.43590667
    1044   5965.85961872
    1045   5977.29427749
    1046   5988.73988495
    1047   6000.19643913
    1048   6011.66394200
    1049   6023.14239159
    1050   6034.63178988
    1051   6046.13213488
    1052   6057.64342858
    1053   6069.16566899
    1054   6080.69885812
    1055   6092.24299395
    1056   6103.79807849
    1057   6115.36410974
    1058   6126.94108971
    1059   6138.52901638
    1060   6150.12789178
    1061   6161.73771387
    1062   6173.35848470
    1063   6184.99020221
    1064   6196.63286847
    1065   6208.28648142
    1066   6219.95104311
    1067   6231.62655149
    1068   6243.31300862
    1069   6255.01041242
    1070   6266.71876500
    1071   6278.43806424
    1072   6290.16831226
    1073   6301.90950693
    1074   6313.66165040
    1075   6325.42474051
    1076   6337.19877942
    1077   6348.98376498
    1078   6360.77969934
    1079   6372.58658034
    1080   6384.40441015
    1081   6396.23318660
    1082   6408.07291187
    1083   6419.92358376
    1084   6431.78520449
    1085   6443.65777184
    1086   6455.54128802
    1087   6467.43575082
    1088   6479.34116247
    1089   6491.25752073
    1090   6503.18482784
    1091   6515.12308156
    1092   6527.07228414
    1093   6539.03243332
    1094   6551.00353137
    1095   6562.98557601
    1096   6574.97856953
    1097   6586.98250964
    1098   6598.99739864
    1099   6611.02323421
    1100   6623.06001869
    1101   6635.10774974
    1102   6647.16642969
    1103   6659.23605621
    1104   6671.31663165
    1105   6683.40815365
    1106   6695.51062457
    1107   6707.62404204
    1108   6719.74840845
    1109   6731.88372141
    1110   6744.02998331
    1111   6756.18719175
    1112   6768.35534914
    1113   6780.53445306
    1114   6792.72450595
    1115   6804.92550536
    1116   6817.13745375
    1117   6829.36034865
    1118   6841.59419254
    1119   6853.83898293
    1120   6866.09472232
    1121   6878.36140821
    1122   6890.63904310
    1123   6902.92762450
    1124   6915.22715490
    1125   6927.53763179
    1126   6939.85905770
    1127   6952.19143009
    1128   6964.53475151
    1129   6976.88901942
    1130   6989.25423635
    1131   7001.63039976
    1132   7014.01751222
    1133   7026.41557114
    1134   7038.82457911
    1135   7051.24453355
    1136   7063.67543704
    1137   7076.11728700
    1138   7088.57008602
    1139   7101.03383149
    1140   7113.50852604
    1141   7125.99416703
    1142   7138.49075711
    1143   7150.99829362
    1144   7163.51677923
    1145   7176.04621127
    1146   7188.58659242
    1147   7201.13791998
    1148   7213.70019667
    1149   7226.27341977
    1150   7238.85759200
    1151   7251.45271063
    1152   7264.05877840
    1153   7276.67579256
    1154   7289.30375588
    1155   7301.94266558
    1156   7314.59252445
    1157   7327.25332969
    1158   7339.92508411
    1159   7352.60778490
    1160   7365.30143487
    1161   7378.00603120
    1162   7390.72157673
    1163   7403.44806861
    1164   7416.18550969
    1165   7428.93389713
    1166   7441.69323377
    1167   7454.46351676
    1168   7467.24474897
    1169   7480.03692751
    1170   7492.84005529
    1171   7505.65412939
    1172   7518.47915273
    1173   7531.31512239
    1174   7544.16204131
    1175   7557.01990653
    1176   7569.88872102
    1177   7582.76848181
    1178   7595.65919188
    1179   7608.56084824
    1180   7621.47345388
    1181   7634.39700581
    1182   7647.33150704
    1183   7660.27695455
    1184   7673.23335136
    1185   7686.20069444
    1186   7699.17898684
    1187   7712.16822549
    1188   7725.16841348
    1189   7738.17954772
    1190   7751.20163130
    1191   7764.23466112
    1192   7777.27864030
    1193   7790.33356571
    1194   7803.39944048
    1195   7816.47626148
    1196   7829.56403185
    1197   7842.66274844
    1198   7855.77241442
    1199   7868.89302660
    1200   7882.02458818
    1201   7895.16709595
    1202   7908.32055314
    1203   7921.48495652
    1204   7934.66030932
    1205   7947.84660829
    1206   7961.04385671
    1207   7974.25205129
    1208   7987.47119532
    1209   8000.70128550
    1210   8013.94232515
    1211   8027.19431094
    1212   8040.45724621
    1213   8053.73112762
    1214   8067.01595851
    1215   8080.31173552
    1216   8093.61846204
    1217   8106.93613468
    1218   8120.26475682
    1219   8133.60432508
    1220   8146.95484285
    1221   8160.31630673
    1222   8173.68872014
    1223   8187.07207964
    1224   8200.46638868
    1225   8213.87164381
    1226   8227.28784849
    1227   8240.71499924
    1228   8254.15309957
    1229   8267.60214596
    1230   8281.06214193
    1231   8294.53308394
    1232   8308.01497556
    1233   8321.50781322
    1234   8335.01160048
    1235   8348.52633378
    1236   8362.05201670
    1237   8375.58864563
    1238   8389.13622420
    1239   8402.69474878
    1240   8416.26422301
    1241   8429.84464323
    1242   8443.43601312
    1243   8457.03832899
    1244   8470.65159455
    1245   8484.27580607
    1246   8497.91096729
    1247   8511.55707446
    1248   8525.21413135
    1249   8538.88213418
    1250   8552.56108673
    1251   8566.25098522
    1252   8579.95183345
    1253   8593.66362760
    1254   8607.38637150
    1255   8621.12006132
    1256   8634.86470090
    1257   8648.62028638
    1258   8662.38682164
    1259   8676.16430279
    1260   8689.95273373
    1261   8703.75211055
    1262   8717.56243718
    1263   8731.38370967
    1264   8745.21593199
    1265   8759.05910016
    1266   8772.91321816
    1267   8786.77828201
    1268   8800.65429571
    1269   8814.54125524
    1270   8828.43916463
    1271   8842.34801984
    1272   8856.26782494
    1273   8870.19857583
    1274   8884.14027663
    1275   8898.09292321
    1276   8912.05651971
    1277   8926.03106198
    1278   8940.01655418
    1279   8954.01299215
    1280   8968.02038006
    1281   8982.03871372
    1282   8996.06799734
    1283   9010.10822670
    1284   9024.15940604
    1285   9038.22153110
    1286   9052.29460615
    1287   9066.37862691
    1288   9080.47359768
    1289   9094.57951415
    1290   9108.69638064
    1291   9122.82419281
    1292   9136.96295502
    1293   9151.11266291
    1294   9165.27332085
    1295   9179.44492444
    1296   9193.62747811
    1297   9207.82097742
    1298   9222.02542682
    1299   9236.24082184
    1300   9250.46716698
    1301   9264.70445772
    1302   9278.95269859
    1303   9293.21188505
    1304   9307.48202166
    1305   9321.76310385
    1306   9336.05513620
    1307   9350.35811411
    1308   9364.67204221
    1309   9378.99691585
    1310   9393.33273969
    1311   9407.67950906
    1312   9422.03722865
    1313   9436.40589375
    1314   9450.78550909
    1315   9465.17606993
    1316   9479.57758102
    1317   9493.99003760
    1318   9508.41344445
    1319   9522.84779677
    1320   9537.29309937
    1321   9551.74934743
    1322   9566.21654580
    1323   9580.69468960
    1324   9595.18378373
    1325   9609.68382328
    1326   9624.19481318
    1327   9638.71674848
    1328   9653.24963414
    1329   9667.79346519
    1330   9682.34824662
    1331   9696.91397343
    1332   9711.49065063
    1333   9726.07827319
    1334   9740.67684617
    1335   9755.28636449
    1336   9769.90683325
    1337   9784.53824733
    1338   9799.18061186
    1339   9813.83392170
    1340   9828.49818202
    1341   9843.17338763
    1342   9857.85954373
    1343   9872.55664510
    1344   9887.26469699
    1345   9901.98369413
    1346   9916.71364181
    1347   9931.45453473
    1348   9946.20637819
    1349   9960.96916688
    1350   9975.74290614
    1351   9990.52759061
    1352  10005.32322566
    1353  10020.12980590
    1354  10034.94733676
    1355  10049.77581278
    1356  10064.61523944
    1357  10079.46561124
    1358  10094.32693370
    1359  10109.19920128
    1360  10124.08241955
    1361  10138.97658292
    1362  10153.88169699
    1363  10168.79775615
    1364  10183.72476603
    1365  10198.66272098
    1366  10213.61162667
    1367  10228.57147741
    1368  10243.54227892
    1369  10258.52402546
    1370  10273.51672278
    1371  10288.52036511
    1372  10303.53495825
    1373  10318.56049638
    1374  10333.59698535
    1375  10348.64441928
    1376  10363.70280406
    1377  10378.77213379
    1378  10393.85241440
    1379  10408.94363994
    1380  10424.04581638
    1381  10439.15893772
    1382  10454.28300999
    1383  10469.41802714
    1384  10484.56399523
    1385  10499.72090819
    1386  10514.88877212
    1387  10530.06758090
    1388  10545.25734066
    1389  10560.45804525
    1390  10575.66970085
    1391  10590.89230125
    1392  10606.12585270
    1393  10621.37034891
    1394  10636.62579620
    1395  10651.89218824
    1396  10667.16953137
    1397  10682.45781922
    1398  10697.75705820
    1399  10713.06724188
    1400  10728.38837670
    1401  10743.72045621
    1402  10759.06348688
    1403  10774.41746221
    1404  10789.78238874
    1405  10805.15825989
    1406  10820.54508227
    1407  10835.94284926
    1408  10851.35156749
    1409  10866.77123031
    1410  10882.20184441
    1411  10897.64340306
    1412  10913.09591301
    1413  10928.55936750
    1414  10944.03377331
    1415  10959.51912363
    1416  10975.01542531
    1417  10990.52267147
    1418  11006.04086901
    1419  11021.57001101
    1420  11037.11010442
    1421  11052.66114226
    1422  11068.22313153
    1423  11083.79606522
    1424  11099.37995036
    1425  11114.97477989
    1426  11130.58056091
    1427  11146.19728628
    1428  11161.82496318
    1429  11177.46358440
    1430  11193.11315717
    1431  11208.77367423
    1432  11224.44514288
    1433  11240.12755580
    1434  11255.82092032
    1435  11271.52522909
    1436  11287.24048950
    1437  11302.96669412
    1438  11318.70385041
    1439  11334.45195088
    1440  11350.21100306
    1441  11365.98099939
    1442  11381.76194745
    1443  11397.55383963
    1444  11413.35668358
    1445  11429.17047162
    1446  11444.99521146
    1447  11460.83089536
    1448  11476.67753109
    1449  11492.53511085
    1450  11508.40364247
    1451  11524.28311809
    1452  11540.17354560
    1453  11556.07491709
    1454  11571.98724049
    1455  11587.91050784
    1456  11603.84472714
    1457  11619.78989036
    1458  11635.74600556
    1459  11651.71306464
    1460  11667.69107573
    1461  11683.68003068
    1462  11699.67993768
    1463  11715.69078849
    1464  11731.71259139
    1465  11747.74533807
    1466  11763.78903688
    1467  11779.84367943
    1468  11795.90927413
    1469  11811.98581256
    1470  11828.07330317
    1471  11844.17173746
    1472  11860.28112398
    1473  11876.40145414
    1474  11892.53273657
    1475  11908.67496261
    1476  11924.82814094
    1477  11940.99226285
    1478  11957.16733710
    1479  11973.35335488
    1480  11989.55032503
    1481  12005.75823869
    1482  12021.97710476
    1483  12038.20691430
    1484  12054.44767627
    1485  12070.69938169
    1486  12086.96203958
    1487  12103.23564087
    1488  12119.52019467
    1489  12135.81569184
    1490  12152.12214156
    1491  12168.43953460
    1492  12184.76788024
    1493  12201.10716916
    1494  12217.45741072
    1495  12233.81859552
    1496  12250.19073299
    1497  12266.57381367
    1498  12282.96784706
    1499  12299.37282361
    1500  12315.78875293
    1501  12332.21562536
    1502  12348.65345059
    1503  12365.10221891
    1504  12381.56194006
    1505  12398.03260425
    1506  12414.51422133
    1507  12431.00678140
    1508  12447.51029440
    1509  12464.02475034
    1510  12480.55015927
    1511  12497.08651109
    1512  12513.63381594
    1513  12530.19206364
    1514  12546.76126441
    1515  12563.34140800
    1516  12579.93250469
    1517  12596.53454415
    1518  12613.14753677
    1519  12629.77147211
    1520  12646.40636065
    1521  12663.05219187
    1522  12679.70897633
    1523  12696.37670343
    1524  12713.05538382
    1525  12729.74500680
    1526  12746.44558311
    1527  12763.15710196
    1528  12779.87957420
    1529  12796.61298893
    1530  12813.35735709
    1531  12830.11266770
    1532  12846.87893178
    1533  12863.65613826
    1534  12880.44429827
    1535  12897.24340063
    1536  12914.05345657
    1537  12930.87445480
    1538  12947.70640666
    1539  12964.54930076
    1540  12981.40314854
    1541  12998.26793852
    1542  13015.14368223
    1543  13032.03036807
    1544  13048.92800770
    1545  13065.83658942
    1546  13082.75612497
    1547  13099.68660256
    1548  13116.62803403
    1549  13133.58040749
    1550  13150.54373488
    1551  13167.51800421
    1552  13184.50322752
    1553  13201.49939271
    1554  13218.50651195
    1555  13235.52457300
    1556  13252.55358816
    1557  13269.59354507
    1558  13286.64445615
    1559  13303.70630892
    1560  13320.77911592
    1561  13337.86286455
    1562  13354.95756746
    1563  13372.06321195
    1564  13389.17981078
    1565  13406.30735113
    1566  13423.44584587
    1567  13440.59528207
    1568  13457.75567273
    1569  13474.92700478
    1570  13492.10929135
    1571  13509.30251926
    1572  13526.50670174
    1573  13543.72182549
    1574  13560.94790388
    1575  13578.18492348
    1576  13595.43289778
    1577  13612.69181322
    1578  13629.96168343
    1579  13647.24249471
    1580  13664.53426082
    1581  13681.83696794
    1582  13699.15062996
    1583  13716.47523291
    1584  13733.81079083
    1585  13751.15728962
    1586  13768.51474344
    1587  13785.88313806
    1588  13803.26248778
    1589  13820.65277822
    1590  13838.05402384
    1591  13855.46621011
    1592  13872.88935162
    1593  13890.32343371
    1594  13907.76847111
    1595  13925.22444902
    1596  13942.69138232
    1597  13960.16925604
    1598  13977.65808522
    1599  13995.15785475
    1600  14012.66857982
    1601  14030.19024516
    1602  14047.72286611
    1603  14065.26642726
    1604  14082.82094409
    1605  14100.38640103
    1606  14117.96281374
    1607  14135.55016648
    1608  14153.14847506
    1609  14170.75772360
    1610  14188.37792805
    1611  14206.00907238
    1612  14223.65117270
    1613  14241.30421281
    1614  14258.96820899
    1615  14276.64314488
    1616  14294.32903693
    1617  14312.02586859
    1618  14329.73365650
    1619  14347.45238393
    1620  14365.18206769
    1621  14382.92269089
    1622  14400.67427051
    1623  14418.43678947
    1624  14436.21026493
    1625  14453.99467965
    1626  14471.79005095
    1627  14489.59636142
    1628  14507.41362856
    1629  14525.24183478
    1630  14543.08099776
    1631  14560.93109971
    1632  14578.79215852
    1633  14596.66415621
    1634  14614.54711085
    1635  14632.44100426
    1636  14650.34585472
    1637  14668.26164386
    1638  14686.18839014
    1639  14704.12607500
    1640  14722.07471709
    1641  14740.03429766
    1642  14758.00483556
    1643  14775.98631183
    1644  14793.97874553
    1645  14811.98211750
    1646  14829.99644700
    1647  14848.02171465
    1648  14866.05793995
    1649  14884.10510329
    1650  14902.16322437
    1651  14920.23228339
    1652  14938.31230025
    1653  14956.40325494
    1654  14974.50516758
    1655  14992.61801793
    1656  15010.74182634
    1657  15028.87657234
    1658  15047.02227651
    1659  15065.17891816
    1660  15083.34651809
    1661  15101.52505537
    1662  15119.71455106
    1663  15137.91498397
    1664  15156.12637540
    1665  15174.34870393
    1666  15192.58199110
    1667  15210.82621524
    1668  15229.08139815
    1669  15247.34751789
    1670  15265.62459652
    1671  15283.91261185
    1672  15302.21158620
    1673  15320.52149712
    1674  15338.84236717
    1675  15357.17417367
    1676  15375.51693942
    1677  15393.87064149
    1678  15412.23530294
    1679  15430.61090055
    1680  15448.99745769
    1681  15467.39495085
    1682  15485.80340366
    1683  15504.22279235
    1684  15522.65314084
    1685  15541.09442505
    1686  15559.54666920
    1687  15578.00984892
    1688  15596.48398872
    1689  15614.96906395
    1690  15633.46509939
    1691  15651.97207010
    1692  15670.49000117
    1693  15689.01886737
    1694  15707.55869406
    1695  15726.10945572
    1696  15744.67117803
    1697  15763.24383514
    1698  15781.82745305
    1699  15800.42200560
    1700  15819.02751911
    1701  15837.64396708
    1702  15856.27137618
    1703  15874.90971956
    1704  15893.55902423
    1705  15912.21926301
    1706  15930.89046324
    1707  15949.57259741
    1708  15968.26569319
    1709  15986.96972272
    1710  16005.68471404
    1711  16024.41063893
    1712  16043.14752578
    1713  16061.89534601
    1714  16080.65412838
    1715  16099.42384393
    1716  16118.20452180
    1717  16136.99613266
    1718  16155.79870602
    1719  16174.61221218
    1720  16193.43668101
    1721  16212.27208245
    1722  16231.11844675
    1723  16249.97574344
    1724  16268.84400319
    1725  16287.72319513
    1726  16306.61335031
    1727  16325.51443747
    1728  16344.42648809
    1729  16363.34947045
    1730  16382.28341647
    1731  16401.22829402
    1732  16420.18413544
    1733  16439.15090816
    1734  16458.12864495
    1735  16477.11731282
    1736  16496.11694498
    1737  16515.12750797
    1738  16534.14903548
    1739  16553.18149359
    1740  16572.22491642
    1741  16591.27926962
    1742  16610.34458777
    1743  16629.42083603
    1744  16648.50804948
    1745  16667.60619278
    1746  16686.71530152
    1747  16705.83533984
    1748  16724.96634384
    1749  16744.10827716
    1750  16763.26117640
    1751  16782.42500470
    1752  16801.59979917
    1753  16820.78552242
    1754  16839.98221210
    1755  16859.18983028
    1756  16878.40841514
    1757  16897.63792822
    1758  16916.87840826
    1759  16936.12981621
    1760  16955.39219140
    1761  16974.66549420
    1762  16993.94976452
    1763  17013.24496214
    1764  17032.55112757
    1765  17051.86821999
    1766  17071.19628049
    1767  17090.53526768
    1768  17109.88522325
    1769  17129.24610518
    1770  17148.61795579
    1771  17168.00073242
    1772  17187.39447806
    1773  17206.79914937
    1774  17226.21478999
    1775  17245.64135595
    1776  17265.07889155
    1777  17284.52735212
    1778  17303.98678267
    1779  17323.45713782
    1780  17342.93846328
    1781  17362.43071299
    1782  17381.93393335
    1783  17401.44807756
    1784  17420.97319279
    1785  17440.50923149
    1786  17460.05624156
    1787  17479.61417470
    1788  17499.18307958
    1789  17518.76290713
    1790  17538.35370680
    1791  17557.95542872
    1792  17577.56812315
    1793  17597.19173939
    1794  17616.82632855
    1795  17636.47183909
    1796  17656.12832294
    1797  17675.79572773
    1798  17695.47410625
    1799  17715.16340525
    1800  17734.86367841
    1801  17754.57487157
    1802  17774.29703933
    1803  17794.03012662
    1804  17813.77418895
    1805  17833.52917031
    1806  17853.29512718
    1807  17873.07200257
    1808  17892.85985395
    1809  17912.65862332
    1810  17932.46836916
    1811  17952.28903248
    1812  17972.12067275
    1813  17991.96322995
    1814  18011.81676461
    1815  18031.68121565
    1816  18051.55664467
    1817  18071.44298949
    1818  18091.34031283
    1819  18111.24855138
    1820  18131.16776900
    1821  18151.09790122
    1822  18171.03901308
    1823  18190.99103892
    1824  18210.95404498
    1825  18230.92796438
    1826  18250.91286459
    1827  18270.90867749
    1828  18290.91547182
    1829  18310.93317816
    1830  18330.96186655
    1831  18351.00146627
    1832  18371.05204868
    1833  18391.11354171
    1834  18411.18601810
    1835  18431.26940438
    1836  18451.36377470
    1837  18471.46905415
    1838  18491.58531835
    1839  18511.71249091
    1840  18531.85064894
    1841  18551.99971454
    1842  18572.15976635
    1843  18592.33072491
    1844  18612.51267045
    1845  18632.70552190
    1846  18652.90936111
    1847  18673.12410537
    1848  18693.34983820
    1849  18713.58647518
    1850  18733.83410158
    1851  18754.09263121
    1852  18774.36215111
    1853  18794.64257330
    1854  18814.93398666
    1855  18835.23630131
    1856  18855.54960806
    1857  18875.87381510
    1858  18896.20901517
    1859  18916.55511450
    1860  18936.91220783
    1861  18957.28019935
    1862  18977.65918589
    1863  18998.04906950
    1864  19018.44994918
    1865  19038.86172478
    1866  19059.28449753
    1867  19079.71816502
    1868  19100.16283076
    1869  19120.61839003
    1870  19141.08494870
    1871  19161.56239963
    1872  19182.05085116
    1873  19202.55019365
    1874  19223.06053796
    1875  19243.58177188
    1876  19264.11400889
    1877  19284.65713412
    1878  19305.21126376
    1879  19325.77628018
    1880  19346.35230237
    1881  19366.93920983
    1882  19387.53712449
    1883  19408.14592287
    1884  19428.76572991
    1885  19449.39641907
    1886  19470.03811841
    1887  19490.69069820
    1888  19511.35428975
    1889  19532.02876002
    1890  19552.71424369
    1891  19573.41060429
    1892  19594.11797998
    1893  19614.83623075
    1894  19635.56549838
    1895  19656.30563914
    1896  19677.05679861
    1897  19697.81882920
    1898  19718.59188041
    1899  19739.37580065
    1900  19760.17074349
    1901  19780.97655320
    1902  19801.79338758
    1903  19822.62108655
    1904  19843.45981235
    1905  19864.30940039
    1906  19885.17001752
    1907  19906.04149442
    1908  19926.92400276
    1909  19947.81736831
    1910  19968.72176774
    1911  19989.63702171
    1912  20010.56331211
    1913  20031.50045427
    1914  20052.44863554
    1915  20073.40766564
    1916  20094.37773764
    1917  20115.35865544
    1918  20136.35061805
    1919  20157.35342327
    1920  20178.36727637
    1921  20199.39196875
    1922  20220.42771220
    1923  20241.47429144
    1924  20262.53192511
    1925  20283.60039091
    1926  20304.67991467
    1927  20325.77026672
    1928  20346.87168042
    1929  20367.98391839
    1930  20389.10722190
    1931  20410.24134545
    1932  20431.38653862
    1933  20452.54254738
    1934  20473.70963007
    1935  20494.88752366
    1936  20516.07649572
    1937  20537.27627375
    1938  20558.48713502
    1939  20579.70879707
    1940  20600.94154741
    1941  20622.18509304
    1942  20643.43973228
    1943  20664.70516103
    1944  20685.98168902
    1945  20707.26900040
    1946  20728.56741699
    1947  20749.87661048
    1948  20771.19691550
    1949  20792.52799056
    1950  20813.87018386
    1951  20835.22313992
    1952  20856.58722132
    1953  20877.96205776
    1954  20899.34802712
    1955  20920.74474331
    1956  20942.15260046
    1957  20963.57119569
    1958  20985.00094049
    1959  21006.44141404
    1960  21027.89304634
    1961  21049.35539742
    1962  21070.82891706
    1963  21092.31314485
    1964  21113.80855170
    1965  21135.31465530
    1966  21156.83194923
    1967  21178.35992769
    1968  21199.89910857
    1969  21221.44896087
    1970  21243.01002860
    1971  21264.58175363
    1972  21286.16470813
    1973  21307.75830469
    1974  21329.36314588
    1975  21350.97861271
    1976  21372.60534055
    1977  21394.24267624
    1978  21415.89129071
    1979  21437.55049377
    1980  21459.22099491
    1981  21480.90206367
    1982  21502.59445150
    1983  21524.29738421
    1984  21546.01165890
    1985  21567.73645356
    1986  21589.47261521
    1987  21611.21926975
    1988  21632.97731868
    1989  21654.74583065
    1990  21676.52576706
    1991  21698.31613404
    1992  21720.11795846
    1993  21741.93017744
    1994  21763.75389017
    1995  21785.58795831
    1996  21807.43356013
    1997  21829.28947376
    1998  21851.15696500
    1999  21873.03472085
    2000  21894.92410258
    2001  21916.82369624
    2002  21938.73496858
    2003  21960.65639654
    2004  21982.58956069
    2005  22004.53281786
    2006  22026.48787316
    2007  22048.45295639
    2008  22070.42990360
    2009  22092.41680768
    2010  22114.41564397
    2011  22136.42436758
    2012  22158.44509165
    2013  22180.47563126
    2014  22202.51823508
    2015  22224.57059437
    2016  22246.63507095
    2017  22268.70925217
    2018  22290.79558266
    2019  22312.89160008
    2020  22334.99976496
    2021  22357.11763393
    2022  22379.24759648
    2023  22401.38734642
    2024  22423.53906751
    2025  22445.70073210
    2026  22467.87416459
    2027  22490.05776517
    2028  22512.25287045
    2029  22534.45842151
    2030  22556.67525204
    2031  22578.90258032
    2032  22601.14129196
    2033  22623.39009557
    2034  22645.65149160
    2035  22667.92037372
    2036  22690.20600416
    2037  22712.49246306
    2038  22734.80759895
    2039  22757.10328952
    2040  22779.45790163
    2041  22801.74790010
    2042  22824.16837090
    2043  22846.41750049
    2044  22868.93648003
    2045  22891.11001890
    2046  22913.77821286
    2047  22935.83855205
    2048  22958.75391775
 ---------------------------------------
 
SCF converged! Final Ground-State Energy (Eh):              -4.1639962190468669
